Started by user [8mha:////4L2jTPWu9zIb56dnp8RqVObesKKV2DVGI0jJXlam1DqAAAAAlx+LCAAAAAAAAP9b85aBtbiIQTGjNKU4P08vOT+vOD8nVc83PyU1x6OyILUoJzMv2y+/JJUBAhiZGBgqihhk0NSjKDWzXb3RdlLBUSYGJk8GtpzUvPSSDB8G5tKinBIGIZ+sxLJE/ZzEvHT94JKizLx0a6BxUmjGOUNodHsLgAzWEgZu/dLi1CL9xJTczDwAj6GcLcAAAAA=[0madmin
Building in workspace /var/lib/jenkins/workspace/OpenCOG_DebStab_AtomSpace
[OpenCOG_DebStab_AtomSpace] $ /bin/sh -xe /tmp/jenkins1181278989969060748.sh
+ COGDIR=../OpenCOG_DebStab
+ . ../OpenCOG_DebStab/build.docker/docker.env
+ CID=92857d7f56bfd84336b8467a644a225667ec6a37563e521222ecdaa3b906287a
+ DKRUNROOT=docker exec --user root   92857d7f56bfd84336b8467a644a225667ec6a37563e521222ecdaa3b906287a
+ DKRUNUSER=docker exec --user jenkins  92857d7f56bfd84336b8467a644a225667ec6a37563e521222ecdaa3b906287a
+ UID=125
+ GID=132
+ LOGFILE=/var/lib/jenkins/jobs/OpenCOG_DebStab_AtomSpace/builds/230/log
+ cat


**********************************************************
**********************************************************
**********************************************************
**********************************************************
*****                                                *****
*****                  Atomspace TEST                *****
*****                                                *****
**********************************************************
**********************************************************
**********************************************************
**********************************************************


+ echo GIT_COMMIT=
GIT_COMMIT=
+ echo GIT_BRANCH=
GIT_BRANCH=
+ echo GIT_URL=
GIT_URL=
+ WDIR=atomspace
+ JOBDIR=../OpenCOG_DebStab/dependencies
+ cat
+ chmod +x ../OpenCOG_DebStab/dependencies/job1
+ docker exec --user jenkins 92857d7f56bfd84336b8467a644a225667ec6a37563e521222ecdaa3b906287a bash dependencies/job1
+ cd atomspace
+ cd build
+ make -j8 test
[  0%] Built target opencog_atom_types
[  1%] Built target logger_cython
[  1%] Built target py_atomspace_header
[  3%] Built target atomproto
[  5%] Built target truthvalue
[  6%] Built target atombase
[  8%] Built target atomutils
[ 13%] Built target atomcore
[ 16%] Built target clearbox
[ 16%] Built target atomspace
[ 16%] Generating TVMergeUTest.cpp
[ 16%] Generating SimpleTruthValueUTest.cpp
[ 17%] Generating BetaReduceUTest.cpp
[ 17%] Generating VariablesUTest.cpp
[ 17%] Generating EvidenceCountTruthValueUTest.cpp
[ 17%] Generating DefineLinkUTest.cpp
[ 18%] Built target atomspaceutils
[ 19%] Built target lambda
[ 19%] Generating RemoveUTest.cpp
[ 19%] Generating ThreadSafeHandleMapUTest.cpp
Scanning dependencies of target SimpleTruthValueUTest
Scanning dependencies of target TVMergeUTest
Scanning dependencies of target EvidenceCountTruthValueUTest
Scanning dependencies of target VariablesUTest
Scanning dependencies of target BetaReduceUTest
Scanning dependencies of target DefineLinkUTest
[ 19%] Building CXX object tests/truthvalue/CMakeFiles/SimpleTruthValueUTest.dir/SimpleTruthValueUTest.cpp.o
[ 19%] Building CXX object tests/truthvalue/CMakeFiles/TVMergeUTest.dir/TVMergeUTest.cpp.o
[ 19%] Building CXX object tests/atoms/CMakeFiles/DefineLinkUTest.dir/DefineLinkUTest.cpp.o
[ 19%] Building CXX object tests/atoms/CMakeFiles/BetaReduceUTest.dir/BetaReduceUTest.cpp.o
[ 19%] Building CXX object tests/truthvalue/CMakeFiles/EvidenceCountTruthValueUTest.dir/EvidenceCountTruthValueUTest.cpp.o
[ 19%] Building CXX object tests/atoms/CMakeFiles/VariablesUTest.dir/VariablesUTest.cpp.o
Scanning dependencies of target RemoveUTest
Scanning dependencies of target ThreadSafeHandleMapUTest
[ 20%] Building CXX object tests/atomspace/CMakeFiles/ThreadSafeHandleMapUTest.dir/ThreadSafeHandleMapUTest.cpp.o
[ 20%] Building CXX object tests/atomspace/CMakeFiles/RemoveUTest.dir/RemoveUTest.cpp.o
[ 20%] Linking CXX executable EvidenceCountTruthValueUTest
[ 20%] Built target EvidenceCountTruthValueUTest
[ 20%] Generating NodeUTest.cpp
[ 20%] Linking CXX executable SimpleTruthValueUTest
Scanning dependencies of target NodeUTest
[ 20%] Building CXX object tests/atomspace/CMakeFiles/NodeUTest.dir/NodeUTest.cpp.o
[ 20%] Built target SimpleTruthValueUTest
[ 22%] Generating AtomUTest.cpp
Scanning dependencies of target AtomUTest
[ 22%] Building CXX object tests/atomspace/CMakeFiles/AtomUTest.dir/AtomUTest.cpp.o
[ 23%] Linking CXX executable TVMergeUTest
[ 23%] Built target TVMergeUTest
[ 24%] Generating UseCountUTest.cpp
Scanning dependencies of target UseCountUTest
[ 24%] Building CXX object tests/atomspace/CMakeFiles/UseCountUTest.dir/UseCountUTest.cpp.o
[ 24%] Linking CXX executable DefineLinkUTest
[ 24%] Built target DefineLinkUTest
[ 24%] Generating COWSpaceUTest.cpp
Scanning dependencies of target COWSpaceUTest
[ 24%] Building CXX object tests/atomspace/CMakeFiles/COWSpaceUTest.dir/COWSpaceUTest.cpp.o
[ 24%] Linking CXX executable VariablesUTest
[ 24%] Linking CXX executable BetaReduceUTest
[ 24%] Built target VariablesUTest
[ 24%] Built target BetaReduceUTest
[ 25%] Generating AtomSpaceUTest.cpp
[ 25%] Generating AtomSpaceAsyncUTest.cpp
[ 25%] Linking CXX executable ThreadSafeHandleMapUTest
Scanning dependencies of target AtomSpaceAsyncUTest
Scanning dependencies of target AtomSpaceUTest
[ 25%] Building CXX object tests/atomspace/CMakeFiles/AtomSpaceAsyncUTest.dir/AtomSpaceAsyncUTest.cpp.o
[ 25%] Building CXX object tests/atomspace/CMakeFiles/AtomSpaceUTest.dir/AtomSpaceUTest.cpp.o
[ 25%] Built target ThreadSafeHandleMapUTest
[ 26%] Generating ClassServerUTest.cpp
Scanning dependencies of target ClassServerUTest
[ 26%] Building CXX object tests/atomspace/CMakeFiles/ClassServerUTest.dir/ClassServerUTest.cpp.o
[ 26%] Linking CXX executable NodeUTest
[ 26%] Built target NodeUTest
[ 26%] Generating LinkUTest.cpp
Scanning dependencies of target LinkUTest
[ 26%] Building CXX object tests/atomspace/CMakeFiles/LinkUTest.dir/LinkUTest.cpp.o
[ 26%] Linking CXX executable RemoveUTest
[ 26%] Built target RemoveUTest
[ 26%] Generating TLBUTest.cpp
Scanning dependencies of target TLBUTest
[ 26%] Building CXX object tests/atomspace/CMakeFiles/TLBUTest.dir/TLBUTest.cpp.o
[ 26%] Linking CXX executable AtomUTest
[ 26%] Built target AtomUTest
[ 27%] Generating MultiSpaceUTest.cpp
Scanning dependencies of target MultiSpaceUTest
[ 27%] Building CXX object tests/atomspace/CMakeFiles/MultiSpaceUTest.dir/MultiSpaceUTest.cpp.o
[ 27%] Linking CXX executable UseCountUTest
[ 27%] Built target UseCountUTest
[ 29%] Generating AtomSpaceUtilsUTest.cpp
[ 29%] Linking CXX executable ClassServerUTest
Scanning dependencies of target AtomSpaceUtilsUTest
[ 29%] Building CXX object tests/atomspaceutils/CMakeFiles/AtomSpaceUtilsUTest.dir/AtomSpaceUtilsUTest.cpp.o
[ 29%] Built target ClassServerUTest
[ 31%] Built target smob
[ 32%] Built target unify
[ 32%] Generating AtomTableUTest.cpp
Scanning dependencies of target AtomTableUTest
[ 32%] Building CXX object tests/atomspace/CMakeFiles/AtomTableUTest.dir/AtomTableUTest.cpp.o
[ 33%] Linking CXX executable COWSpaceUTest
[ 33%] Built target COWSpaceUTest
[ 33%] Generating RewriteLinkUTest.cpp
Scanning dependencies of target RewriteLinkUTest
[ 33%] Building CXX object tests/atoms/CMakeFiles/RewriteLinkUTest.dir/RewriteLinkUTest.cpp.o
[ 33%] Linking CXX executable LinkUTest
[ 33%] Built target LinkUTest
[ 33%] Generating FreeLinkUTest.cpp
[ 33%] Linking CXX executable TLBUTest
Scanning dependencies of target FreeLinkUTest
[ 34%] Building CXX object tests/atoms/CMakeFiles/FreeLinkUTest.dir/FreeLinkUTest.cpp.o
[ 34%] Built target TLBUTest
[ 34%] Generating HashUTest.cpp
Scanning dependencies of target HashUTest
[ 34%] Building CXX object tests/atoms/CMakeFiles/HashUTest.dir/HashUTest.cpp.o
[ 34%] Linking CXX executable AtomSpaceAsyncUTest
[ 34%] Built target AtomSpaceAsyncUTest
[ 34%] Generating ScopeLinkUTest.cpp
Scanning dependencies of target ScopeLinkUTest
[ 36%] Building CXX object tests/atoms/CMakeFiles/ScopeLinkUTest.dir/ScopeLinkUTest.cpp.o
[ 36%] Linking CXX executable AtomSpaceUtilsUTest
[ 36%] Built target AtomSpaceUtilsUTest
[ 37%] Generating NeighborUTest.cpp
Scanning dependencies of target NeighborUTest
[ 37%] Building CXX object tests/atomutils/CMakeFiles/NeighborUTest.dir/NeighborUTest.cpp.o
[ 37%] Linking CXX executable AtomSpaceUTest
[ 37%] Built target AtomSpaceUTest
[ 37%] Linking CXX executable AtomTableUTest
[ 37%] Generating FuzzyUTest.cpp
Scanning dependencies of target FuzzyUTest
[ 37%] Building CXX object tests/atomutils/CMakeFiles/FuzzyUTest.dir/FuzzyUTest.cpp.o
[ 37%] Built target AtomTableUTest
[ 37%] Generating FindUtilsUTest.cpp
Scanning dependencies of target FindUtilsUTest
[ 38%] Building CXX object tests/atomutils/CMakeFiles/FindUtilsUTest.dir/FindUtilsUTest.cpp.o
[ 38%] Linking CXX executable MultiSpaceUTest
[ 38%] Built target MultiSpaceUTest
[ 38%] Generating AtomUtilsUTest.cpp
Scanning dependencies of target AtomUtilsUTest
[ 38%] Building CXX object tests/atomutils/CMakeFiles/AtomUtilsUTest.dir/AtomUtilsUTest.cpp.o
[ 38%] Linking CXX executable RewriteLinkUTest
[ 38%] Linking CXX executable FreeLinkUTest
[ 39%] Linking CXX executable HashUTest
[ 39%] Built target RewriteLinkUTest
[ 39%] Built target FreeLinkUTest
[ 39%] Generating UnifyUTest.cpp
[ 39%] Generating GearmanUTest.cpp
[ 39%] Built target HashUTest
[ 40%] Built target PythonEval
Scanning dependencies of target GearmanUTest
[ 40%] Building CXX object tests/persist/gearman/CMakeFiles/GearmanUTest.dir/GearmanUTest.cpp.o
[ 41%] Built target query
Scanning dependencies of target UnifyUTest
[ 41%] Building CXX object tests/unify/CMakeFiles/UnifyUTest.dir/UnifyUTest.cpp.o
[ 44%] Built target execution
[ 46%] Built target ruleengine
[ 48%] Built target attentionbank
[ 48%] Generating ReductUTest.cpp
Scanning dependencies of target ReductUTest
[ 48%] Building CXX object tests/atoms/CMakeFiles/ReductUTest.dir/ReductUTest.cpp.o
[ 48%] Linking CXX executable NeighborUTest
[ 48%] Linking CXX executable ScopeLinkUTest
[ 48%] Built target NeighborUTest
[ 48%] Generating QuotationUTest.cpp
[ 48%] Built target ScopeLinkUTest
[ 50%] Generating AlphaConvertUTest.cpp
Scanning dependencies of target QuotationUTest
[ 50%] Building CXX object tests/atoms/CMakeFiles/QuotationUTest.dir/QuotationUTest.cpp.o
Scanning dependencies of target AlphaConvertUTest
[ 50%] Building CXX object tests/atoms/CMakeFiles/AlphaConvertUTest.dir/AlphaConvertUTest.cpp.o
[ 50%] Linking CXX executable FuzzyUTest
[ 50%] Built target FuzzyUTest
[ 50%] Generating StateLinkUTest.cpp
Scanning dependencies of target StateLinkUTest
[ 50%] Building CXX object tests/atoms/CMakeFiles/StateLinkUTest.dir/StateLinkUTest.cpp.o
[ 50%] Linking CXX executable FindUtilsUTest
[ 50%] Built target FindUtilsUTest
[ 50%] Generating MapLinkUTest.cpp
Scanning dependencies of target MapLinkUTest
[ 50%] Building CXX object tests/atoms/CMakeFiles/MapLinkUTest.dir/MapLinkUTest.cpp.o
[ 50%] Linking CXX executable AtomUtilsUTest
[ 51%] Linking CXX executable GearmanUTest
[ 51%] Built target AtomUtilsUTest
[ 52%] Generating DeleteLinkUTest.cpp
Scanning dependencies of target DeleteLinkUTest
[ 52%] Building CXX object tests/atoms/CMakeFiles/DeleteLinkUTest.dir/DeleteLinkUTest.cpp.o
[ 52%] Built target GearmanUTest
[ 52%] Generating IdenticalLinkUTest.cpp
Scanning dependencies of target IdenticalLinkUTest
[ 52%] Building CXX object tests/atoms/CMakeFiles/IdenticalLinkUTest.dir/IdenticalLinkUTest.cpp.o
[ 52%] Linking CXX executable ReductUTest
[ 52%] Built target ReductUTest
[ 52%] Generating RandomUTest.cpp
Scanning dependencies of target RandomUTest
[ 52%] Building CXX object tests/atoms/CMakeFiles/RandomUTest.dir/RandomUTest.cpp.o
[ 52%] Linking CXX executable QuotationUTest
[ 52%] Linking CXX executable AlphaConvertUTest
[ 52%] Built target QuotationUTest
[ 53%] Generating EqualLinkUTest.cpp
Scanning dependencies of target EqualLinkUTest
[ 53%] Building CXX object tests/atoms/CMakeFiles/EqualLinkUTest.dir/EqualLinkUTest.cpp.o
[ 53%] Built target AlphaConvertUTest
[ 53%] Generating StreamUTest.cpp
Scanning dependencies of target StreamUTest
[ 53%] Building CXX object tests/atoms/CMakeFiles/StreamUTest.dir/StreamUTest.cpp.o
[ 53%] Linking CXX executable IdenticalLinkUTest
[ 53%] Linking CXX executable MapLinkUTest
[ 53%] Built target IdenticalLinkUTest
[ 53%] Generating PutLinkUTest.cpp
Scanning dependencies of target PutLinkUTest
[ 53%] Building CXX object tests/atoms/CMakeFiles/PutLinkUTest.dir/PutLinkUTest.cpp.o
[ 53%] Built target MapLinkUTest
[ 53%] Generating GroundedSchemaLocalUTest.cpp
Scanning dependencies of target GroundedSchemaLocalUTest
[ 53%] Building CXX object tests/atoms/CMakeFiles/GroundedSchemaLocalUTest.dir/GroundedSchemaLocalUTest.cpp.o
[ 53%] Linking CXX executable DeleteLinkUTest
[ 53%] Linking CXX executable StateLinkUTest
[ 53%] Built target DeleteLinkUTest
[ 53%] Generating ExistsLinkUTest.cpp
Scanning dependencies of target ExistsLinkUTest
[ 53%] Building CXX object tests/atoms/CMakeFiles/ExistsLinkUTest.dir/ExistsLinkUTest.cpp.o
[ 53%] Built target StateLinkUTest
[ 53%] Generating ParallelUTest.cpp
Scanning dependencies of target ParallelUTest
[ 53%] Building CXX object tests/atoms/CMakeFiles/ParallelUTest.dir/ParallelUTest.cpp.o
[ 53%] Linking CXX executable RandomUTest
[ 53%] Built target RandomUTest
[ 53%] Generating ValueOfUTest.cpp
Scanning dependencies of target ValueOfUTest
[ 53%] Building CXX object tests/atoms/CMakeFiles/ValueOfUTest.dir/ValueOfUTest.cpp.o
[ 53%] Linking CXX executable EqualLinkUTest
[ 53%] Built target EqualLinkUTest
[ 53%] Generating BankImplUTest.cpp
Scanning dependencies of target BankImplUTest
[ 54%] Building CXX object tests/attentionbank/CMakeFiles/BankImplUTest.dir/BankImplUTest.cpp.o
[ 55%] Linking CXX executable StreamUTest
[ 55%] Linking CXX executable GroundedSchemaLocalUTest
[ 55%] Built target StreamUTest
[ 56%] Generating AttentionUTest.cpp
[ 56%] Linking CXX executable ExistsLinkUTest
[ 56%] Built target GroundedSchemaLocalUTest
[ 56%] Generating BankAsyncUTest.cpp
Scanning dependencies of target AttentionUTest
[ 56%] Linking CXX executable ParallelUTest
[ 56%] Building CXX object tests/attentionbank/CMakeFiles/AttentionUTest.dir/AttentionUTest.cpp.o
Scanning dependencies of target BankAsyncUTest
[ 56%] Building CXX object tests/attentionbank/CMakeFiles/BankAsyncUTest.dir/BankAsyncUTest.cpp.o
[ 56%] Built target ExistsLinkUTest
[ 56%] Generating AttentionValueUTest.cpp
Scanning dependencies of target AttentionValueUTest
[ 56%] Built target ParallelUTest
[ 56%] Building CXX object tests/attentionbank/CMakeFiles/AttentionValueUTest.dir/AttentionValueUTest.cpp.o
[ 56%] Generating AttentionalFocusCBUTest.cpp
Scanning dependencies of target AttentionalFocusCBUTest
[ 58%] Building CXX object tests/attentionbank/CMakeFiles/AttentionalFocusCBUTest.dir/AttentionalFocusCBUTest.cpp.o
[ 58%] Linking CXX executable UnifyUTest
[ 58%] Built target UnifyUTest
[ 58%] Generating MultiAtomSpaceUTest.cpp
Scanning dependencies of target MultiAtomSpaceUTest
[ 58%] Building CXX object tests/scm/CMakeFiles/MultiAtomSpaceUTest.dir/MultiAtomSpaceUTest.cpp.o
[ 58%] Linking CXX executable ValueOfUTest
[ 58%] Built target ValueOfUTest
[ 58%] Generating MultiThreadUTest.cpp
Scanning dependencies of target MultiThreadUTest
[ 58%] Building CXX object tests/scm/CMakeFiles/MultiThreadUTest.dir/MultiThreadUTest.cpp.o
[ 58%] Linking CXX executable AttentionUTest
[ 58%] Built target AttentionUTest
[ 58%] Generating SCMPrimitiveUTest.cpp
[ 58%] Linking CXX executable BankAsyncUTest
Scanning dependencies of target SCMPrimitiveUTest
[ 59%] Building CXX object tests/scm/CMakeFiles/SCMPrimitiveUTest.dir/SCMPrimitiveUTest.cpp.o
[ 59%] Linking CXX executable AttentionalFocusCBUTest
[ 59%] Built target BankAsyncUTest
[ 59%] Generating BasicSCMUTest.cpp
Scanning dependencies of target BasicSCMUTest
[ 59%] Building CXX object tests/scm/CMakeFiles/BasicSCMUTest.dir/BasicSCMUTest.cpp.o
[ 59%] Built target AttentionalFocusCBUTest
[ 59%] Generating SCMUtilsUTest.cpp
Scanning dependencies of target SCMUtilsUTest
[ 59%] Building CXX object tests/scm/CMakeFiles/SCMUtilsUTest.dir/SCMUtilsUTest.cpp.o
[ 59%] Linking CXX executable AttentionValueUTest
[ 59%] Built target AttentionValueUTest
[ 59%] Generating SCMExecutionOutputUTest.cpp
[ 59%] Linking CXX executable PutLinkUTest
Scanning dependencies of target SCMExecutionOutputUTest
[ 59%] Building CXX object tests/scm/CMakeFiles/SCMExecutionOutputUTest.dir/SCMExecutionOutputUTest.cpp.o
[ 59%] Built target PutLinkUTest
[ 60%] Generating VectorAPIUTest.cpp
Scanning dependencies of target VectorAPIUTest
[ 60%] Building CXX object tests/matrix/CMakeFiles/VectorAPIUTest.dir/VectorAPIUTest.cpp.o
[ 60%] Linking CXX executable BankImplUTest
[ 60%] Built target BankImplUTest
[ 61%] Generating NoExceptionUTest.cpp
Scanning dependencies of target NoExceptionUTest
[ 61%] Building CXX object tests/query/CMakeFiles/NoExceptionUTest.dir/NoExceptionUTest.cpp.o
[ 61%] Linking CXX executable MultiThreadUTest
[ 61%] Built target MultiThreadUTest
[ 61%] Generating SudokuUTest.cpp
Scanning dependencies of target SudokuUTest
[ 61%] Building CXX object tests/query/CMakeFiles/SudokuUTest.dir/SudokuUTest.cpp.o
[ 61%] Linking CXX executable MultiAtomSpaceUTest
[ 61%] Built target MultiAtomSpaceUTest
[ 61%] Generating FirstNUTest.cpp
Scanning dependencies of target FirstNUTest
[ 62%] Building CXX object tests/query/CMakeFiles/FirstNUTest.dir/FirstNUTest.cpp.o
[ 62%] Linking CXX executable SCMPrimitiveUTest
[ 62%] Built target SCMPrimitiveUTest
[ 62%] Generating NestedPutUTest.cpp
Scanning dependencies of target NestedPutUTest
[ 62%] Building CXX object tests/query/CMakeFiles/NestedPutUTest.dir/NestedPutUTest.cpp.o
[ 62%] Linking CXX executable SCMUtilsUTest
[ 62%] Built target SCMUtilsUTest
[ 62%] Generating EvalLinkDefaultTVUTest.cpp
Scanning dependencies of target EvalLinkDefaultTVUTest
[ 62%] Building CXX object tests/query/CMakeFiles/EvalLinkDefaultTVUTest.dir/EvalLinkDefaultTVUTest.cpp.o
[ 62%] Linking CXX executable NoExceptionUTest
[ 62%] Built target NoExceptionUTest
[ 63%] Generating UnorderedUTest.cpp
Scanning dependencies of target UnorderedUTest
[ 63%] Building CXX object tests/query/CMakeFiles/UnorderedUTest.dir/UnorderedUTest.cpp.o
[ 63%] Linking CXX executable SCMExecutionOutputUTest
[ 63%] Built target SCMExecutionOutputUTest
[ 63%] Generating ConstantClausesUTest.cpp
[ 63%] Linking CXX executable BasicSCMUTest
Scanning dependencies of target ConstantClausesUTest
[ 63%] Building CXX object tests/query/CMakeFiles/ConstantClausesUTest.dir/ConstantClausesUTest.cpp.o
[ 63%] Built target BasicSCMUTest
[ 65%] Generating VarTypeNotUTest.cpp
Scanning dependencies of target VarTypeNotUTest
[ 65%] Building CXX object tests/query/CMakeFiles/VarTypeNotUTest.dir/VarTypeNotUTest.cpp.o
[ 66%] Linking CXX executable SudokuUTest
[ 66%] Built target SudokuUTest
[ 66%] Generating BindTVUTest.cpp
Scanning dependencies of target BindTVUTest
[ 67%] Building CXX object tests/query/CMakeFiles/BindTVUTest.dir/BindTVUTest.cpp.o
[ 67%] Linking CXX executable FirstNUTest
[ 67%] Built target FirstNUTest
[ 67%] Generating ExecutionOutputUTest.cpp
Scanning dependencies of target ExecutionOutputUTest
[ 68%] Building CXX object tests/query/CMakeFiles/ExecutionOutputUTest.dir/ExecutionOutputUTest.cpp.o
[ 68%] Linking CXX executable EvalLinkDefaultTVUTest
[ 68%] Built target EvalLinkDefaultTVUTest
[ 68%] Generating ScopeUTest.cpp
[ 68%] Linking CXX executable NestedPutUTest
Scanning dependencies of target ScopeUTest
[ 68%] Building CXX object tests/query/CMakeFiles/ScopeUTest.dir/ScopeUTest.cpp.o
[ 68%] Built target NestedPutUTest
[ 68%] Generating StackUTest.cpp
Scanning dependencies of target StackUTest
[ 68%] Building CXX object tests/query/CMakeFiles/StackUTest.dir/StackUTest.cpp.o
[ 68%] Linking CXX executable UnorderedUTest
[ 68%] Built target UnorderedUTest
[ 68%] Generating FiniteStateMachineUTest.cpp
Scanning dependencies of target FiniteStateMachineUTest
[ 68%] Building CXX object tests/query/CMakeFiles/FiniteStateMachineUTest.dir/FiniteStateMachineUTest.cpp.o
[ 68%] Linking CXX executable VarTypeNotUTest
[ 68%] Built target VarTypeNotUTest
[ 68%] Generating BigPatternUTest.cpp
Scanning dependencies of target BigPatternUTest
[ 69%] Building CXX object tests/query/CMakeFiles/BigPatternUTest.dir/BigPatternUTest.cpp.o
[ 69%] Linking CXX executable BindTVUTest
[ 69%] Linking CXX executable ConstantClausesUTest
[ 69%] Built target BindTVUTest
[ 69%] Generating ImplicationUTest.cpp
[ 69%] Built target ConstantClausesUTest
[ 69%] Generating BuggyLinkUTest.cpp
Scanning dependencies of target ImplicationUTest
[ 69%] Building CXX object tests/query/CMakeFiles/ImplicationUTest.dir/ImplicationUTest.cpp.o
Scanning dependencies of target BuggyLinkUTest
[ 69%] Building CXX object tests/query/CMakeFiles/BuggyLinkUTest.dir/BuggyLinkUTest.cpp.o
[ 69%] Linking CXX executable VectorAPIUTest
[ 69%] Built target VectorAPIUTest
[ 70%] Generating LoopPatternUTest.cpp
Scanning dependencies of target LoopPatternUTest
[ 70%] Building CXX object tests/query/CMakeFiles/LoopPatternUTest.dir/LoopPatternUTest.cpp.o
[ 70%] Linking CXX executable ExecutionOutputUTest
[ 70%] Linking CXX executable ScopeUTest
[ 70%] Built target ExecutionOutputUTest
[ 70%] Generating GreaterComputeUTest.cpp
Scanning dependencies of target GreaterComputeUTest
[ 70%] Building CXX object tests/query/CMakeFiles/GreaterComputeUTest.dir/GreaterComputeUTest.cpp.o
[ 70%] Built target ScopeUTest
[ 70%] Generating PatternUTest.cpp
[ 72%] Linking CXX executable StackUTest
Scanning dependencies of target PatternUTest
[ 72%] Building CXX object tests/query/CMakeFiles/PatternUTest.dir/PatternUTest.cpp.o
[ 72%] Built target StackUTest
[ 72%] Generating BooleanUTest.cpp
Scanning dependencies of target BooleanUTest
[ 72%] Building CXX object tests/query/CMakeFiles/BooleanUTest.dir/BooleanUTest.cpp.o
[ 72%] Linking CXX executable FiniteStateMachineUTest
[ 72%] Built target FiniteStateMachineUTest
[ 73%] Generating RecognizerUTest.cpp
Scanning dependencies of target RecognizerUTest
[ 73%] Building CXX object tests/query/CMakeFiles/RecognizerUTest.dir/RecognizerUTest.cpp.o
[ 73%] Linking CXX executable BuggyLinkUTest
[ 73%] Built target BuggyLinkUTest
[ 73%] Generating BuggyStackUTest.cpp
Scanning dependencies of target BuggyStackUTest
[ 73%] Building CXX object tests/query/CMakeFiles/BuggyStackUTest.dir/BuggyStackUTest.cpp.o
[ 73%] Linking CXX executable BigPatternUTest
[ 73%] Built target BigPatternUTest
[ 73%] Generating GetStateUTest.cpp
Scanning dependencies of target GetStateUTest
[ 73%] Building CXX object tests/query/CMakeFiles/GetStateUTest.dir/GetStateUTest.cpp.o
[ 74%] Linking CXX executable ImplicationUTest
[ 74%] Built target ImplicationUTest
[ 74%] Generating UnquoteUTest.cpp
Scanning dependencies of target UnquoteUTest
[ 74%] Building CXX object tests/query/CMakeFiles/UnquoteUTest.dir/UnquoteUTest.cpp.o
[ 74%] Linking CXX executable LoopPatternUTest
[ 74%] Linking CXX executable GreaterComputeUTest
[ 74%] Built target LoopPatternUTest
[ 74%] Generating StackMoreUTest.cpp
Scanning dependencies of target StackMoreUTest
[ 74%] Built target GreaterComputeUTest
[ 74%] Building CXX object tests/query/CMakeFiles/StackMoreUTest.dir/StackMoreUTest.cpp.o
[ 74%] Generating DefineUTest.cpp
Scanning dependencies of target DefineUTest
[ 74%] Building CXX object tests/query/CMakeFiles/DefineUTest.dir/DefineUTest.cpp.o
[ 75%] Linking CXX executable BooleanUTest
[ 75%] Linking CXX executable RecognizerUTest
[ 75%] Built target BooleanUTest
[ 75%] Generating BuggyNotUTest.cpp
Scanning dependencies of target BuggyNotUTest
[ 75%] Building CXX object tests/query/CMakeFiles/BuggyNotUTest.dir/BuggyNotUTest.cpp.o
[ 75%] Built target RecognizerUTest
[ 75%] Generating DisconnectedUTest.cpp
Scanning dependencies of target DisconnectedUTest
[ 75%] Building CXX object tests/query/CMakeFiles/DisconnectedUTest.dir/DisconnectedUTest.cpp.o
[ 75%] Linking CXX executable PatternUTest
[ 75%] Built target PatternUTest
[ 75%] Generating DeepTypeUTest.cpp
Scanning dependencies of target DeepTypeUTest
[ 75%] Building CXX object tests/query/CMakeFiles/DeepTypeUTest.dir/DeepTypeUTest.cpp.o
[ 75%] Linking CXX executable BuggyStackUTest
[ 75%] Built target BuggyStackUTest
[ 75%] Generating EinsteinUTest.cpp
Scanning dependencies of target EinsteinUTest
[ 75%] Building CXX object tests/query/CMakeFiles/EinsteinUTest.dir/EinsteinUTest.cpp.o
[ 76%] Linking CXX executable GetStateUTest
[ 76%] Built target GetStateUTest
[ 77%] Generating MatchLinkUTest.cpp
Scanning dependencies of target MatchLinkUTest
[ 77%] Building CXX object tests/query/CMakeFiles/MatchLinkUTest.dir/MatchLinkUTest.cpp.o
[ 77%] Linking CXX executable DefineUTest
[ 77%] Linking CXX executable UnquoteUTest
[ 77%] Linking CXX executable StackMoreUTest
[ 77%] Built target DefineUTest
[ 77%] Generating BiggerPatternUTest.cpp
[ 77%] Built target UnquoteUTest
[ 77%] Generating ArcanaUTest.cpp
[ 77%] Built target StackMoreUTest
[ 77%] Generating SubstitutionUTest.cpp
Scanning dependencies of target BiggerPatternUTest
[ 77%] Building CXX object tests/query/CMakeFiles/BiggerPatternUTest.dir/BiggerPatternUTest.cpp.o
Scanning dependencies of target ArcanaUTest
[ 77%] Building CXX object tests/query/CMakeFiles/ArcanaUTest.dir/ArcanaUTest.cpp.o
Scanning dependencies of target SubstitutionUTest
[ 77%] Building CXX object tests/query/CMakeFiles/SubstitutionUTest.dir/SubstitutionUTest.cpp.o
[ 79%] Linking CXX executable BuggyNotUTest
[ 79%] Built target BuggyNotUTest
[ 79%] Generating GetLinkUTest.cpp
Scanning dependencies of target GetLinkUTest
[ 79%] Building CXX object tests/query/CMakeFiles/GetLinkUTest.dir/GetLinkUTest.cpp.o
[ 79%] Linking CXX executable DisconnectedUTest
[ 79%] Linking CXX executable DeepTypeUTest
[ 79%] Built target DisconnectedUTest
[ 79%] Generating NotLinkUTest.cpp
Scanning dependencies of target NotLinkUTest
[ 80%] Building CXX object tests/query/CMakeFiles/NotLinkUTest.dir/NotLinkUTest.cpp.o
[ 80%] Built target DeepTypeUTest
[ 80%] Generating GreaterThanUTest.cpp
Scanning dependencies of target GreaterThanUTest
[ 80%] Building CXX object tests/query/CMakeFiles/GreaterThanUTest.dir/GreaterThanUTest.cpp.o
[ 80%] Linking CXX executable EinsteinUTest
[ 80%] Built target EinsteinUTest
[ 80%] Generating Boolean2NotUTest.cpp
Scanning dependencies of target Boolean2NotUTest
[ 80%] Building CXX object tests/query/CMakeFiles/Boolean2NotUTest.dir/Boolean2NotUTest.cpp.o
[ 80%] Linking CXX executable MatchLinkUTest
[ 80%] Built target MatchLinkUTest
[ 80%] Generating SequenceUTest.cpp
Scanning dependencies of target SequenceUTest
[ 81%] Building CXX object tests/query/CMakeFiles/SequenceUTest.dir/SequenceUTest.cpp.o
[ 81%] Linking CXX executable SubstitutionUTest
[ 81%] Linking CXX executable ArcanaUTest
[ 81%] Built target SubstitutionUTest
[ 81%] Generating EvaluationUTest.cpp
[ 81%] Built target ArcanaUTest
Scanning dependencies of target EvaluationUTest
[ 82%] Generating DontExecUTest.cpp
[ 83%] Building CXX object tests/query/CMakeFiles/EvaluationUTest.dir/EvaluationUTest.cpp.o
Scanning dependencies of target DontExecUTest
[ 83%] Building CXX object tests/query/CMakeFiles/DontExecUTest.dir/DontExecUTest.cpp.o
[ 83%] Linking CXX executable BiggerPatternUTest
[ 83%] Built target BiggerPatternUTest
[ 83%] Generating TypeChoiceUTest.cpp
Scanning dependencies of target TypeChoiceUTest
[ 83%] Building CXX object tests/query/CMakeFiles/TypeChoiceUTest.dir/TypeChoiceUTest.cpp.o
[ 83%] Linking CXX executable GetLinkUTest
[ 83%] Built target GetLinkUTest
[ 83%] Generating GlobUTest.cpp
[ 84%] Linking CXX executable GreaterThanUTest
Scanning dependencies of target GlobUTest
[ 84%] Building CXX object tests/query/CMakeFiles/GlobUTest.dir/GlobUTest.cpp.o
[ 84%] Linking CXX executable NotLinkUTest
[ 84%] Built target GreaterThanUTest
[ 84%] Generating BuggyQuoteUTest.cpp
[ 84%] Built target NotLinkUTest
[ 84%] Generating PatternCrashUTest.cpp
Scanning dependencies of target BuggyQuoteUTest
[ 84%] Building CXX object tests/query/CMakeFiles/BuggyQuoteUTest.dir/BuggyQuoteUTest.cpp.o
Scanning dependencies of target PatternCrashUTest
[ 86%] Building CXX object tests/query/CMakeFiles/PatternCrashUTest.dir/PatternCrashUTest.cpp.o
[ 86%] Linking CXX executable SequenceUTest
[ 86%] Linking CXX executable Boolean2NotUTest
[ 86%] Built target SequenceUTest
[ 86%] Generating AbsentUTest.cpp
Scanning dependencies of target AbsentUTest
[ 86%] Building CXX object tests/query/CMakeFiles/AbsentUTest.dir/AbsentUTest.cpp.o
[ 86%] Linking CXX executable EvaluationUTest
[ 86%] Built target Boolean2NotUTest
[ 87%] Generating QuoteUTest.cpp
Scanning dependencies of target QuoteUTest
[ 87%] Building CXX object tests/query/CMakeFiles/QuoteUTest.dir/QuoteUTest.cpp.o
[ 87%] Built target EvaluationUTest
[ 87%] Generating LocalQuoteUTest.cpp
Scanning dependencies of target LocalQuoteUTest
[ 87%] Building CXX object tests/query/CMakeFiles/LocalQuoteUTest.dir/LocalQuoteUTest.cpp.o
[ 87%] Linking CXX executable DontExecUTest
[ 87%] Built target DontExecUTest
[ 87%] Generating BuggyEqualUTest.cpp
Scanning dependencies of target BuggyEqualUTest
[ 87%] Building CXX object tests/query/CMakeFiles/BuggyEqualUTest.dir/BuggyEqualUTest.cpp.o
[ 87%] Linking CXX executable BuggyQuoteUTest
[ 88%] Linking CXX executable TypeChoiceUTest
[ 88%] Built target BuggyQuoteUTest
[ 88%] Generating BuggySelfGroundUTest.cpp
[ 88%] Built target TypeChoiceUTest
[ 88%] Generating BuggyBindLinkUTest.cpp
Scanning dependencies of target BuggySelfGroundUTest
Scanning dependencies of target BuggyBindLinkUTest
[ 88%] Building CXX object tests/query/CMakeFiles/BuggySelfGroundUTest.dir/BuggySelfGroundUTest.cpp.o
[ 88%] Building CXX object tests/query/CMakeFiles/BuggyBindLinkUTest.dir/BuggyBindLinkUTest.cpp.o
[ 88%] Linking CXX executable GlobUTest
[ 88%] Built target GlobUTest
[ 88%] Generating ChoiceLinkUTest.cpp
[ 88%] Linking CXX executable PatternCrashUTest
Scanning dependencies of target ChoiceLinkUTest
[ 88%] Building CXX object tests/query/CMakeFiles/ChoiceLinkUTest.dir/ChoiceLinkUTest.cpp.o
[ 88%] Built target PatternCrashUTest
[ 88%] Generating SingleUTest.cpp
Scanning dependencies of target SingleUTest
[ 89%] Building CXX object tests/query/CMakeFiles/SingleUTest.dir/SingleUTest.cpp.o
[ 90%] Linking CXX executable BuggyEqualUTest
[ 90%] Built target BuggyEqualUTest
[ 90%] Generating RuleUTest.cpp
Scanning dependencies of target RuleUTest
[ 91%] Building CXX object tests/rule-engine/CMakeFiles/RuleUTest.dir/RuleUTest.cpp.o
[ 91%] Linking CXX executable AbsentUTest
[ 91%] Linking CXX executable QuoteUTest
[ 91%] Built target AbsentUTest
[ 91%] Generating ChainerUtilsUTest.cpp
[ 91%] Linking CXX executable LocalQuoteUTest
Scanning dependencies of target ChainerUtilsUTest
[ 91%] Building CXX object tests/rule-engine/CMakeFiles/ChainerUtilsUTest.dir/ChainerUtilsUTest.cpp.o
[ 91%] Built target QuoteUTest
[ 91%] Generating UREConfigUTest.cpp
[ 91%] Built target LocalQuoteUTest
[ 91%] Generating ForwardChainerUTest.cpp
Scanning dependencies of target UREConfigUTest
[ 91%] Building CXX object tests/rule-engine/CMakeFiles/UREConfigUTest.dir/UREConfigUTest.cpp.o
Scanning dependencies of target ForwardChainerUTest
[ 91%] Building CXX object tests/rule-engine/forwardchainer/CMakeFiles/ForwardChainerUTest.dir/ForwardChainerUTest.cpp.o
[ 93%] Linking CXX executable BuggySelfGroundUTest
[ 93%] Built target BuggySelfGroundUTest
[ 93%] Linking CXX executable BuggyBindLinkUTest
[ 94%] Generating ControlPolicyUTest.cpp
Scanning dependencies of target ControlPolicyUTest
[ 94%] Building CXX object tests/rule-engine/backwardchainer/CMakeFiles/ControlPolicyUTest.dir/ControlPolicyUTest.cpp.o
[ 94%] Built target BuggyBindLinkUTest
[ 94%] Generating ActionSelectionUTest.cpp
Scanning dependencies of target ActionSelectionUTest
[ 94%] Building CXX object tests/rule-engine/backwardchainer/CMakeFiles/ActionSelectionUTest.dir/ActionSelectionUTest.cpp.o
[ 94%] Linking CXX executable SingleUTest
[ 94%] Built target SingleUTest
[ 94%] Generating BackwardChainerUTest.cpp
[ 94%] Linking CXX executable ChoiceLinkUTest
Scanning dependencies of target BackwardChainerUTest
[ 95%] Building CXX object tests/rule-engine/backwardchainer/CMakeFiles/BackwardChainerUTest.dir/BackwardChainerUTest.cpp.o
[ 95%] Built target ChoiceLinkUTest
[ 95%] Generating BITUTest.cpp
Scanning dependencies of target BITUTest
[ 95%] Building CXX object tests/rule-engine/backwardchainer/CMakeFiles/BITUTest.dir/BITUTest.cpp.o
[ 95%] Linking CXX executable UREConfigUTest
[ 95%] Linking CXX executable ChainerUtilsUTest
[ 95%] Built target UREConfigUTest
[ 95%] Generating GradientUTest.cpp
[ 95%] Built target ChainerUtilsUTest
[ 95%] Generating BetaDistributionUTest.cpp
Scanning dependencies of target GradientUTest
[ 95%] Building CXX object tests/rule-engine/backwardchainer/CMakeFiles/GradientUTest.dir/GradientUTest.cpp.o
Scanning dependencies of target BetaDistributionUTest
[ 96%] Building CXX object tests/rule-engine/backwardchainer/CMakeFiles/BetaDistributionUTest.dir/BetaDistributionUTest.cpp.o
[ 96%] Linking CXX executable RuleUTest
[ 96%] Built target RuleUTest
[ 96%] Built target atomspace_cython
[ 97%] Built target bindlink_cython
[ 98%] Built target scheme_wrapper
[ 98%] Linking CXX executable ForwardChainerUTest
[ 98%] Built target ForwardChainerUTest
[ 98%] Linking CXX executable ControlPolicyUTest
[ 98%] Built target ControlPolicyUTest
[ 98%] Linking CXX executable ActionSelectionUTest
[ 98%] Linking CXX executable BITUTest
[ 98%] Built target ActionSelectionUTest
[ 98%] Linking CXX executable BackwardChainerUTest
[ 98%] Built target BITUTest
[ 98%] Built target BackwardChainerUTest
[100%] Linking CXX executable GradientUTest
[100%] Built target GradientUTest
[100%] Linking CXX executable BetaDistributionUTest
[100%] Built target BetaDistributionUTest
Scanning dependencies of target tests
[100%] Built target tests
Scanning dependencies of target test
[100%] Running tests...
Test project /home/opencog/atomspace/build/tests
        Start   1: SimpleTruthValueUTest
  1/122 Test   #1: SimpleTruthValueUTest ............   Passed    0.00 sec
        Start   2: EvidenceCountTruthValueUTest
  2/122 Test   #2: EvidenceCountTruthValueUTest .....   Passed    0.00 sec
        Start   3: TVMergeUTest
  3/122 Test   #3: TVMergeUTest .....................   Passed    0.00 sec
        Start   4: AtomTableUTest
  4/122 Test   #4: AtomTableUTest ...................   Passed    6.70 sec
        Start   5: ClassServerUTest
  5/122 Test   #5: ClassServerUTest .................   Passed    0.00 sec
        Start   6: AtomUTest
  6/122 Test   #6: AtomUTest ........................   Passed    0.00 sec
        Start   7: NodeUTest
  7/122 Test   #7: NodeUTest ........................   Passed    0.00 sec
        Start   8: LinkUTest
  8/122 Test   #8: LinkUTest ........................   Passed    0.00 sec
        Start   9: TLBUTest
  9/122 Test   #9: TLBUTest .........................   Passed    0.00 sec
        Start  10: AtomSpaceUTest
 10/122 Test  #10: AtomSpaceUTest ...................   Passed    0.02 sec
        Start  11: AtomSpaceAsyncUTest
 11/122 Test  #11: AtomSpaceAsyncUTest ..............   Passed    7.56 sec
        Start  12: UseCountUTest
 12/122 Test  #12: UseCountUTest ....................   Passed    7.25 sec
        Start  13: MultiSpaceUTest
 13/122 Test  #13: MultiSpaceUTest ..................   Passed    0.00 sec
        Start  14: COWSpaceUTest
 14/122 Test  #14: COWSpaceUTest ....................   Passed    0.00 sec
        Start  15: RemoveUTest
 15/122 Test  #15: RemoveUTest ......................   Passed    0.02 sec
        Start  16: ThreadSafeHandleMapUTest
 16/122 Test  #16: ThreadSafeHandleMapUTest .........   Passed    0.34 sec
        Start  17: FreeLinkUTest
 17/122 Test  #17: FreeLinkUTest ....................   Passed    0.19 sec
        Start  18: MapLinkUTest
 18/122 Test  #18: MapLinkUTest .....................   Passed    1.25 sec
        Start  19: ParallelUTest
 19/122 Test  #19: ParallelUTest ....................   Passed   11.29 sec
        Start  20: RandomUTest
 20/122 Test  #20: RandomUTest ......................   Passed    0.74 sec
        Start  21: ReductUTest
 21/122 Test  #21: ReductUTest ......................   Passed    0.20 sec
        Start  22: RewriteLinkUTest
 22/122 Test  #22: RewriteLinkUTest .................   Passed    0.33 sec
        Start  23: ScopeLinkUTest
 23/122 Test  #23: ScopeLinkUTest ...................   Passed    0.18 sec
        Start  24: PutLinkUTest
 24/122 Test  #24: PutLinkUTest .....................   Passed    1.00 sec
        Start  25: QuotationUTest
 25/122 Test  #25: QuotationUTest ...................   Passed    0.20 sec
        Start  26: HashUTest
 26/122 Test  #26: HashUTest ........................   Passed    1.27 sec
        Start  27: AlphaConvertUTest
 27/122 Test  #27: AlphaConvertUTest ................   Passed    0.01 sec
        Start  28: BetaReduceUTest
 28/122 Test  #28: BetaReduceUTest ..................   Passed    0.01 sec
        Start  29: DefineLinkUTest
 29/122 Test  #29: DefineLinkUTest ..................   Passed    0.06 sec
        Start  30: DeleteLinkUTest
 30/122 Test  #30: DeleteLinkUTest ..................   Passed    0.01 sec
        Start  31: EqualLinkUTest
 31/122 Test  #31: EqualLinkUTest ...................   Passed    0.01 sec
        Start  32: GroundedSchemaLocalUTest
 32/122 Test  #32: GroundedSchemaLocalUTest .........   Passed    0.01 sec
        Start  33: StateLinkUTest
 33/122 Test  #33: StateLinkUTest ...................   Passed    0.01 sec
        Start  34: VariablesUTest
 34/122 Test  #34: VariablesUTest ...................   Passed    0.00 sec
        Start  35: ExistsLinkUTest
 35/122 Test  #35: ExistsLinkUTest ..................   Passed    0.02 sec
        Start  36: ValueOfUTest
 36/122 Test  #36: ValueOfUTest .....................   Passed    0.01 sec
        Start  37: StreamUTest
 37/122 Test  #37: StreamUTest ......................   Passed    0.30 sec
        Start  38: IdenticalLinkUTest
 38/122 Test  #38: IdenticalLinkUTest ...............   Passed    0.01 sec
        Start  39: AtomUtilsUTest
 39/122 Test  #39: AtomUtilsUTest ...................   Passed    0.01 sec
        Start  40: FindUtilsUTest
 40/122 Test  #40: FindUtilsUTest ...................   Passed    0.01 sec
        Start  41: FuzzyUTest
 41/122 Test  #41: FuzzyUTest .......................   Passed    0.01 sec
        Start  42: NeighborUTest
 42/122 Test  #42: NeighborUTest ....................   Passed    0.00 sec
        Start  43: UnifyUTest
 43/122 Test  #43: UnifyUTest .......................   Passed    8.52 sec
        Start  44: AtomSpaceUtilsUTest
 44/122 Test  #44: AtomSpaceUtilsUTest ..............   Passed    0.00 sec
        Start  45: AttentionValueUTest
 45/122 Test  #45: AttentionValueUTest ..............   Passed    0.02 sec
        Start  46: AttentionUTest
 46/122 Test  #46: AttentionUTest ...................   Passed    0.06 sec
        Start  47: BankImplUTest
 47/122 Test  #47: BankImplUTest ....................   Passed    0.01 sec
        Start  48: BankAsyncUTest
 48/122 Test  #48: BankAsyncUTest ...................   Passed    0.02 sec
        Start  49: AttentionalFocusCBUTest
 49/122 Test  #49: AttentionalFocusCBUTest ..........   Passed    0.45 sec
        Start  50: GearmanUTest
 50/122 Test  #50: GearmanUTest .....................   Passed    2.25 sec
        Start  51: BasicSCMUTest
 51/122 Test  #51: BasicSCMUTest ....................   Passed    0.92 sec
        Start  52: SCMPrimitiveUTest
 52/122 Test  #52: SCMPrimitiveUTest ................   Passed    0.47 sec
        Start  53: MultiAtomSpaceUTest
 53/122 Test  #53: MultiAtomSpaceUTest ..............   Passed    1.03 sec
        Start  54: MultiThreadUTest
 54/122 Test  #54: MultiThreadUTest .................   Passed    3.97 sec
        Start  55: SCMUtilsUTest
 55/122 Test  #55: SCMUtilsUTest ....................   Passed    0.46 sec
        Start  56: SCMExecutionOutputUTest
 56/122 Test  #56: SCMExecutionOutputUTest ..........   Passed    0.27 sec
        Start  57: SCMOpenogTestRunnerPass
 57/122 Test  #57: SCMOpenogTestRunnerPass ..........   Passed    0.10 sec
        Start  58: SCMOpenogTestRunnerFail
 58/122 Test  #58: SCMOpenogTestRunnerFail ..........   Passed    0.06 sec
        Start  59: VectorAPIUTest
 59/122 Test  #59: VectorAPIUTest ...................***Failed    5.25 sec
Running cxxtest tests (6 tests);;; note: auto-compilation is enabled, set GUILE_AUTO_COMPILE=0
;;;       or pass the --no-auto-compile argument to disable.
;;; compiling ../../../tests/matrix/basic-api.scm
;;; compiling /home/opencog/atomspace/opencog/scm/opencog/persist.scm
;;; compiled /home/jenkins/.cache/guile/ccache/2.2-LE-8-3.A/home/opencog/atomspace/opencog/scm/opencog/persist.scm.go
;;; compiling /home/opencog/atomspace/build/opencog/scm/opencog/matrix.scm
;;; compiled /home/jenkins/.cache/guile/ccache/2.2-LE-8-3.A/home/opencog/atomspace/build/opencog/scm/opencog/matrix.scm.go
;;; compiling /home/opencog/atomspace/build/opencog/scm/opencog/matrix/object-api.scm
;;; compiled /home/jenkins/.cache/guile/ccache/2.2-LE-8-3.A/home/opencog/atomspace/build/opencog/scm/opencog/matrix/object-api.scm.go
;;; compiling /home/opencog/atomspace/build/opencog/scm/opencog/matrix/dynamic.scm
;;; compiled /home/jenkins/.cache/guile/ccache/2.2-LE-8-3.A/home/opencog/atomspace/build/opencog/scm/opencog/matrix/dynamic.scm.go
;;; compiling /home/opencog/atomspace/build/opencog/scm/opencog/matrix/support.scm
;;; compiled /home/jenkins/.cache/guile/ccache/2.2-LE-8-3.A/home/opencog/atomspace/build/opencog/scm/opencog/matrix/support.scm.go
;;; compiling /home/opencog/atomspace/build/opencog/scm/opencog/matrix/transpose.scm
;;; compiled /home/jenkins/.cache/guile/ccache/2.2-LE-8-3.A/home/opencog/atomspace/build/opencog/scm/opencog/matrix/transpose.scm.go
;;; compiling /home/opencog/atomspace/build/opencog/scm/opencog/matrix/report-api.scm
;;; compiled /home/jenkins/.cache/guile/ccache/2.2-LE-8-3.A/home/opencog/atomspace/build/opencog/scm/opencog/matrix/report-api.scm.go
;;; compiling /home/opencog/atomspace/build/opencog/scm/opencog/matrix/fold-api.scm
;;; compiled /home/jenkins/.cache/guile/ccache/2.2-LE-8-3.A/home/opencog/atomspace/build/opencog/scm/opencog/matrix/fold-api.scm.go
;;; compiling /home/opencog/atomspace/build/opencog/scm/opencog/matrix/loop-api.scm
;;; compiled /home/jenkins/.cache/guile/ccache/2.2-LE-8-3.A/home/opencog/atomspace/build/opencog/scm/opencog/matrix/loop-api.scm.go
;;; compiling /home/opencog/atomspace/build/opencog/scm/opencog/matrix/bin-count.scm
;;; compiled /home/jenkins/.cache/guile/ccache/2.2-LE-8-3.A/home/opencog/atomspace/build/opencog/scm/opencog/matrix/bin-count.scm.go
;;; compiling /home/opencog/atomspace/build/opencog/scm/opencog/matrix/symmetric-mi.scm
;;; compiled /home/jenkins/.cache/guile/ccache/2.2-LE-8-3.A/home/opencog/atomspace/build/opencog/scm/opencog/matrix/symmetric-mi.scm.go
;;; compiling /home/opencog/atomspace/build/opencog/scm/opencog/matrix/cosine.scm
;;; compiled /home/jenkins/.cache/guile/ccache/2.2-LE-8-3.A/home/opencog/atomspace/build/opencog/scm/opencog/matrix/cosine.scm.go
;;; compiling /home/opencog/atomspace/build/opencog/scm/opencog/matrix/entropy.scm
;;; compiled /home/jenkins/.cache/guile/ccache/2.2-LE-8-3.A/home/opencog/atomspace/build/opencog/scm/opencog/matrix/entropy.scm.go
;;; compiling /home/opencog/atomspace/build/opencog/scm/opencog/matrix/compute-mi.scm
;;; compiled /home/jenkins/.cache/guile/ccache/2.2-LE-8-3.A/home/opencog/atomspace/build/opencog/scm/opencog/matrix/compute-mi.scm.go
;;; compiling /home/opencog/atomspace/build/opencog/scm/opencog/matrix/trans-batch.scm
;;; compiled /home/jenkins/.cache/guile/ccache/2.2-LE-8-3.A/home/opencog/atomspace/build/opencog/scm/opencog/matrix/trans-batch.scm.go
;;; compiling /home/opencog/atomspace/build/opencog/scm/opencog/matrix/filter.scm
;;; opencog/matrix/filter.scm:129:28: warning: possibly unbound variable `PAIR'
;;; compiled /home/jenkins/.cache/guile/ccache/2.2-LE-8-3.A/home/opencog/atomspace/build/opencog/scm/opencog/matrix/filter.scm.go
;;; compiling /home/opencog/atomspace/build/opencog/scm/opencog/matrix/similarity-api.scm
;;; compiled /home/jenkins/.cache/guile/ccache/2.2-LE-8-3.A/home/opencog/atomspace/build/opencog/scm/opencog/matrix/similarity-api.scm.go
;;; compiling /home/opencog/atomspace/build/opencog/scm/opencog/matrix/thresh-pca.scm
;;; compiled [2018-11-08 06:29:24:116] [DEBUG] BEGIN TEST: test_basic
Load of data >>>
Got >>>#t
Got >>>#t
[2018-11-08 06:29:24:162] [DEBUG] END TEST: test_basic
.[2018-11-08 06:29:24:165] [DEBUG] BEGIN TEST: test_marginals
Load of data >>>
[2018-11-08 06:29:24:204] [ERROR] Cannot connect to database: could not connect to server: No such file or directory
	Is the server running locally and accepting
	connections on Unix domain socket "/var/run/postgresql/.s.PGSQL.5432"?
 (/home/opencog/atomspace/opencog/persist/sql/multi-driver/ll-pg-cxx.cc:54)
	Stack Trace:
	2: Logger.cc:512	  opencog::Logger::logva(opencog::Logger::Level, char const*, __va_list_tag*)
	3: Logger.cc:524	  opencog::Logger::Error::operator()(char const*, ...)
	4: exceptions.cc:55	  opencog::StandardException::parse_error_message(char const*, __va_list_tag*, bool)
	5: exceptions.cc:82	  opencog::StandardException::parse_error_message(char const*, char const*, __va_list_tag*, bool)
	6: exceptions.cc:142	  opencog::RuntimeException::RuntimeException(char const*, char const*, ...)
	7: ll-pg-cxx.cc:55	  LLPGConnection::LLPGConnection(char const*)
	8: SQLAtomStorage.cc:106	  opencog::SQLAtomStorage::init(char const*)
	9: SQLAtomStorage.cc:161	  opencog::SQLAtomStorage::SQLAtomStorage(std::__cxx11::basic_string<char, std::char_traits<char>, std::allocator<char> >)
	10: SQLPersistSCM.cc:98	  opencog::SQLPersistSCM::do_open(std::__cxx11::basic_string<char, std::char_traits<char>, std::allocator<char> > const&)
	11: SchemePrimitive.h:315	  void opencog::SchemePrimitiveBase<void, opencog::SQLPersistSCM, std::__cxx11::basic_string<char, std::char_traits<char>, std::allocator<char> > const&>::conv_call_method<0ul>(scm_unused_struct*, std::integer_sequence<unsigned long, 0ul>)
	12: SchemePrimitive.cc:162	  opencog::PrimitiveEnviron::do_call(scm_unused_struct*, scm_unused_struct*)
	13: vm-engine.c:787	vm_regular_engine()
	14: vm.c:1258	scm_call_n()
	15: eval.c:502	scm_call_3()
	16: vm-engine.c:787	vm_regular_engine()
	17: vm.c:1258	scm_call_n()
	18: throw.c:139	catch()
	19: SchemeEval.cc:590	  opencog::SchemeEval::do_eval(std::__cxx11::basic_string<char, std::char_traits<char>, std::allocator<char> > const&)
	20: SchemeEval.cc:509	  opencog::SchemeEval::c_wrap_eval(void*)
	21: continuations.c:422	c_body()
	22: vm-engine.c:787	vm_regular_engine()
	23: vm.c:1258	scm_call_n()
	24: throw.c:139	catch()
	25: continuations.c:367	scm_i_with_continuation_barrier()
	26: continuations.c:461	scm_c_with_continuation_barrier()
	27: [0x21097] ??() ??:0
	28: threads.c:690	with_guile()
	29: [0x1b3c2] ??() ??:0
	30: threads.c:711	scm_with_guile()
	31: SchemeEval.cc:480	  opencog::SchemeEval::eval_expr(std::__cxx11::basic_string<char, std::char_traits<char>, std::allocator<char> > const&)
	32: SchemeEval.h:161	  opencog::SchemeEval::eval(std::__cxx11::basic_string<char, std::char_traits<char>, std::allocator<char> > const&)
	33: VectorAPIUTest.cxxtest:175	  VectorAPIUTest::test_marginals()
	34: RealDescriptions.cpp:125	  CxxTest::RealTestDescription::run()
	35: TestRunner.h:104	  CxxTest::TestRunner::runTest(CxxTest::TestDescription&)
	36: VectorAPIUTest.cpp:20	main()
	37: [0x202e1] ??() ??:0
	38: [0xdfea] ??() ??:0


In VectorAPIUTest::test_marginals:
/home/opencog/atomspace/build/tests/matrix/../../../tests/matrix/VectorAPIUTest.cxxtest:176: Error: Test failed: Caught scm error during eval
/home/opencog/atomspace/build/tests/matrix/../../../tests/matrix/VectorAPIUTest.cxxtest:176: Error: Assertion failed: (false == eval->eval_error())
[2018-11-08 06:29:24:377] [ERROR] No backing store (/home/opencog/atomspace/opencog/atomspace/AtomSpace.cc:335)
	Stack Trace:
	2: Logger.cc:512	  opencog::Logger::logva(opencog::Logger::Level, char const*, __va_list_tag*)
	3: Logger.cc:524	  opencog::Logger::Error::operator()(char const*, ...)
	4: exceptions.cc:55	  opencog::StandardException::parse_error_message(char const*, __va_list_tag*, bool)
	5: exceptions.cc:82	  opencog::StandardException::parse_error_message(char const*, char const*, __va_list_tag*, bool)
	6: exceptions.cc:142	  opencog::RuntimeException::RuntimeException(char const*, char const*, ...)
	7: AtomSpace.cc:338	  opencog::AtomSpace::store_atom(opencog::Handle const&)
	8: shared_ptr_base.h:926	  std::__shared_ptr<opencog::Atom, (__gnu_cxx::_Lock_policy)2>::__shared_ptr(std::__shared_ptr<opencog::Atom, (__gnu_cxx::_Lock_policy)2> const&)
	9: shared_ptr_base.h:661	  std::__shared_count<(__gnu_cxx::_Lock_policy)2>::~__shared_count()
	10: SchemePrimitive.cc:162	  opencog::PrimitiveEnviron::do_call(scm_unused_struct*, scm_unused_struct*)
	11: vm-engine.c:787	vm_regular_engine()
	12: vm.c:1258	scm_call_n()
	13: eval.c:502	scm_call_3()
	14: vm-engine.c:787	vm_regular_engine()
	15: vm.c:1258	scm_call_n()
	16: throw.c:139	catch()
	17: SchemeEval.cc:590	  opencog::SchemeEval::do_eval(std::__cxx11::basic_string<char, std::char_traits<char>, std::allocator<char> > const&)
	18: SchemeEval.cc:509	  opencog::SchemeEval::c_wrap_eval(void*)
	19: continuations.c:422	c_body()
	20: vm-engine.c:787	vm_regular_engine()
	21: vm.c:1258	scm_call_n()
	22: throw.c:139	catch()
	23: continuations.c:367	scm_i_with_continuation_barrier()
	24: continuations.c:461	scm_c_with_continuation_barrier()
	25: [0x21097] ??() ??:0
	26: threads.c:690	with_guile()
	27: [0x1b3c2] ??() ??:0
	28: threads.c:711	scm_with_guile()
	29: SchemeEval.cc:480	  opencog::SchemeEval::eval_expr(std::__cxx11::basic_string<char, std::char_traits<char>, std::allocator<char> > const&)
	30: SchemeEval.h:161	  opencog::SchemeEval::eval(std::__cxx11::basic_string<char, std::char_traits<char>, std::allocator<char> > const&)
	31: VectorAPIUTest.cxxtest:179	  VectorAPIUTest::test_marginals()
	32: RealDescriptions.cpp:125	  CxxTest::RealTestDescription::run()
	33: TestRunner.h:104	  CxxTest::TestRunner::runTest(CxxTest::TestDescription&)
	34: VectorAPIUTest.cpp:20	main()
	35: [0x202e1] ??() ??:0
	36: [0xdfea] ??() ??:0

Batch >>>Start computing the basis
Support: found num left= 3 num right= 4 in 0 secs
Finished left norm marginals in 0 secs
Finished left totals in 0 secs
Finished right norm marginals in 0 secs
Finished right totals in 0 secs
Done with wild-card count N(x,*) and N(*,y) in 0 secs
Total count N(*,*) = 22.0 = 22.0
Finished column (left) norm averages in 0 secs
Finished row (right) norm averages in 0 secs
Going to do individual pair frequencies
Done computing 7 pairs in 0 secs
Start computing log P(*,y)
Done computing 4 left-wilds in 0 secs
Done with -log P(*,y), start -log P(x,*)
Done computing 3 right-wilds in 0 secs
Backtrace:
           8 (apply-smob/1 #<catch-closure 559d05cc3c20>)
           7 (apply-smob/1 #<catch-closure 559d05cc3b20>)
In ice-9/boot-9.scm:
   2312:4  6 (save-module-excursion #<procedure 559d05cc8f20 at ice-…>)
In ice-9/eval-string.scm:
     38:6  5 (read-and-eval #<input: string 559d05ebb850> #:lang _)
In opencog/matrix/compute-mi.scm:
    577:8  4 (batch-all-pair-mi _)
   427:24  3 (_ _ . _)
In unknown file:
           2 (opencog-extension store-atom (#))
In ice-9/boot-9.scm:
   751:25  1 (dispatch-exception 0 C++-EXCEPTION ("store-atom" "No…"))
In unknown file:
           0 (apply-smob/1 #<catch-closure 559d05cc3ae0> # "store-a…" …)

ERROR: In procedure apply-smob/1:
In procedure store-atom: No backing store (/home/opencog/atomspace/opencog/atomspace/AtomSpace.cc:335)
Function args:
((EvaluationLink (ctv 0 0 22)
   (PredicateNode "foo")
   (ListLink
      (AnyNode "left-wild")
      (AnyNode "right-wild")
   )
)
)
ABORT: C++-EXCEPTION
/home/opencog/atomspace/build/tests/matrix/../../../tests/matrix/VectorAPIUTest.cxxtest:181: Error: Test failed: Caught scm error during eval
/home/opencog/atomspace/build/tests/matrix/../../../tests/matrix/VectorAPIUTest.cxxtest:181: Error: Assertion failed: (false == eval->eval_error())
[2018-11-08 06:29:24:475] [ERROR] sql-close: Error: Database not open (/home/opencog/atomspace/opencog/persist/sql/multi-driver/SQLPersistSCM.cc:118)
	Stack Trace:
	2: Logger.cc:512	  opencog::Logger::logva(opencog::Logger::Level, char const*, __va_list_tag*)
	3: Logger.cc:524	  opencog::Logger::Error::operator()(char const*, ...)
	4: exceptions.cc:55	  opencog::StandardException::parse_error_message(char const*, __va_list_tag*, bool)
	5: exceptions.cc:82	  opencog::StandardException::parse_error_message(char const*, char const*, __va_list_tag*, bool)
	6: exceptions.cc:142	  opencog::RuntimeException::RuntimeException(char const*, char const*, ...)
	7: SQLPersistSCM.cc:119	  opencog::SQLPersistSCM::do_close()
	8: SchemePrimitive.h:433	  opencog::SchemePrimitive<void, opencog::SQLPersistSCM>::invoke(scm_unused_struct*)
	9: SchemePrimitive.cc:162	  opencog::PrimitiveEnviron::do_call(scm_unused_struct*, scm_unused_struct*)
	10: vm-engine.c:787	vm_regular_engine()
	11: vm.c:1258	scm_call_n()
	12: eval.c:502	scm_call_3()
	13: vm-engine.c:787	vm_regular_engine()
	14: vm.c:1258	scm_call_n()
	15: throw.c:139	catch()
	16: SchemeEval.cc:590	  opencog::SchemeEval::do_eval(std::__cxx11::basic_string<char, std::char_traits<char>, std::allocator<char> > const&)
	17: SchemeEval.cc:509	  opencog::SchemeEval::c_wrap_eval(void*)
	18: continuations.c:422	c_body()
	19: vm-engine.c:787	vm_regular_engine()
	20: vm.c:1258	scm_call_n()
	21: throw.c:139	catch()
	22: continuations.c:367	scm_i_with_continuation_barrier()
	23: continuations.c:461	scm_c_with_continuation_barrier()
	24: [0x21097] ??() ??:0
	25: threads.c:690	with_guile()
	26: [0x1b3c2] ??() ??:0
	27: threads.c:711	scm_with_guile()
	28: SchemeEval.cc:480	  opencog::SchemeEval::eval_expr(std::__cxx11::basic_string<char, std::char_traits<char>, std::allocator<char> > const&)
	29: SchemeEval.h:161	  opencog::SchemeEval::eval(std::__cxx11::basic_string<char, std::char_traits<char>, std::allocator<char> > const&)
	30: VectorAPIUTest.cxxtest:183	  VectorAPIUTest::test_marginals()
	31: RealDescriptions.cpp:125	  CxxTest::RealTestDescription::run()
	32: TestRunner.h:104	  CxxTest::TestRunner::runTest(CxxTest::TestDescription&)
	33: VectorAPIUTest.cpp:20	main()
	34: [0x202e1] ??() ??:0
	35: [0xdfea] ??() ??:0

/home/opencog/atomspace/build/tests/matrix/../../../tests/matrix/VectorAPIUTest.cxxtest:184: Error: Test failed: Caught scm error during eval
/home/opencog/atomspace/build/tests/matrix/../../../tests/matrix/VectorAPIUTest.cxxtest:184: Error: Assertion failed: (false == eval->eval_error())
---------------------------------------------------------
Expect Left size=3 got=3
Expect Right size=4 got=4
Expect Wild-wild count=22 got=22.0
Expect chicken stars=3 got=3
Expect dog stars=3 got=3
Expect table stars=1 got=1
Expect legs stars=3 got=3
Expect eyes stars=2 got=2
Expect wings stars=1 got=1
Expect snouts stars=1 got=1
---------------------------------------------------------
Expect chicken support=3 got=3.0
Expect dog support=3 got=3.0
Expect table support=1 got=1.0
Expect legs support=3 got=3.0
Expect eyes support=2 got=2.0
Expect wings support=1 got=1.0
Expect snouts support=1 got=1.0
---------------------------------------------------------
Expect chicken count=11 got=11.0
Expect dog count=7 got=7.0
Expect table count=4 got=4.0
Expect legs count=11 got=11.0
Expect eyes count=4 got=4.0
Expect wings count=6 got=6.0
Expect snouts count=1 got=1.0
---------------------------------------------------------
Expect chicken support set size=3 got=3
Expect chicken support=3 got=3
Expect dog support=3 got=3
Expect table support=1 got=1
Expect legs stars=3 got=3
Expect wings stars=1 got=1
Expect eyes stars=2 got=2
Expect snouts stars=1 got=1
Expect total support left=7 got=7.0
Expect total support right=7 got=7.0
Expect total count left=22 got=22.0
Expect total count right=22 got=22.0
---------------------------------------------------------
Expect chicken wild-freq=0.500000 got=0.5
Expect dog wild-freq=0.318182 got=0.3181818181818182
Expect table wild-freq=0.181818 got=0.18181818181818182
---------------------------------------------------------
Expect total right support=2.636364 got=2.6363636363636362
Expect total left support=2.181818 got=2.1818181818181817
Expect total right count=8.454545 got=8.454545454545455
Expect total left count=7.909091 got=7.909090909090909
---------------------------------------------------------
Expect left dimension=3 got=3
Expect right dimension=4 got=4
Expect num-pairs=7 got=7
Expect total-count=22 got=22.0
Expect report right support=2.636364 got=2.6363636363636362
Expect report left support=2.181818 got=2.1818181818181817
Expect report right count=8.454545 got=8.454545454545455
Expect report left count=7.909091 got=7.909090909090909
---------------------------------------------------------
Expect chicken wild-mi=0.153481 got=Backtrace:
           6 (apply-smob/1 #<catch-closure 559d059effc0>)
           5 (apply-smob/1 #<catch-closure 559d059efec0>)
In ice-9/boot-9.scm:
   2312:4  4 (save-module-excursion #<procedure 559d059ba340 at ice-…>)
In ice-9/eval-string.scm:
     38:6  3 (read-and-eval #<input: string 559d060f83f0> #:lang _)
In unknown file:
           2 (scm-error misc-error #f "~A ~S" ("No such value! D…" …) …)
In ice-9/boot-9.scm:
   751:25  1 (dispatch-exception 0 misc-error (#f "~A ~S" ("No…" …) …))
In unknown file:
           0 (apply-smob/1 #<catch-closure 559d059efe80> misc-error # …)

ERROR: In procedure apply-smob/1:
No such value! Did you forget to compute frequencies?
 (EvaluationLink
   (PredicateNode "foo")
   (ListLink
      (WordNode "chicken")
      (AnyNode "right-wild")
   )
)

ABORT: misc-error
/home/opencog/atomspace/build/tests/matrix/../../../tests/matrix/VectorAPIUTest.cxxtest:373: Error: Test failed: Caught scm error during eval
/home/opencog/atomspace/build/tests/matrix/../../../tests/matrix/VectorAPIUTest.cxxtest:373: Error: Assertion failed: (false == eval->eval_error())
/home/opencog/atomspace/build/tests/matrix/../../../tests/matrix/VectorAPIUTest.cxxtest:373: Error: Test failed: chicken wild-mi
/home/opencog/atomspace/build/tests/matrix/../../../tests/matrix/VectorAPIUTest.cxxtest:373: Error: Expected (chmi-1.0e-9 < atof(num.c_str())), found (0.1534 >= 0.0000)
Expect dog wild-mi=0.169400 got=Backtrace:
           6 (apply-smob/1 #<catch-closure 559d057acb40>)
           5 (apply-smob/1 #<catch-closure 559d057aca40>)
In ice-9/boot-9.scm:
   2312:4  4 (save-module-excursion #<procedure 559d056de0a0 at ice-…>)
In ice-9/eval-string.scm:
     38:6  3 (read-and-eval #<input: string 559d05795460> #:lang _)
In unknown file:
           2 (scm-error misc-error #f "~A ~S" ("No such value! D…" …) …)
In ice-9/boot-9.scm:
   751:25  1 (dispatch-exception 0 misc-error (#f "~A ~S" ("No…" …) …))
In unknown file:
           0 (apply-smob/1 #<catch-closure 559d057aca00> misc-error # …)

ERROR: In procedure apply-smob/1:
No such value! Did you forget to compute frequencies?
 (EvaluationLink
   (PredicateNode "foo")
   (ListLink
      (WordNode "dog")
      (AnyNode "right-wild")
   )
)

ABORT: misc-error
/home/opencog/atomspace/build/tests/matrix/../../../tests/matrix/VectorAPIUTest.cxxtest:383: Error: Test failed: Caught scm error during eval
/home/opencog/atomspace/build/tests/matrix/../../../tests/matrix/VectorAPIUTest.cxxtest:383: Error: Assertion failed: (false == eval->eval_error())
/home/opencog/atomspace/build/tests/matrix/../../../tests/matrix/VectorAPIUTest.cxxtest:383: Error: Test failed: dog wild-mi
/home/opencog/atomspace/build/tests/matrix/../../../tests/matrix/VectorAPIUTest.cxxtest:383: Error: Expected (domi-1.0e-9 < atof(num.c_str())), found (0.1694 >= 0.0000)
Expect table wild-mi=0.181818 got=Backtrace:
           6 (apply-smob/1 #<catch-closure 559d055c5720>)
           5 (apply-smob/1 #<catch-closure 559d055c5620>)
In ice-9/boot-9.scm:
   2312:4  4 (save-module-excursion #<procedure 559d055c6920 at ice-…>)
In ice-9/eval-string.scm:
     38:6  3 (read-and-eval #<input: string 559d058034d0> #:lang _)
In unknown file:
           2 (scm-error misc-error #f "~A ~S" ("No such value! D…" …) …)
In ice-9/boot-9.scm:
   751:25  1 (dispatch-exception 0 misc-error (#f "~A ~S" ("No…" …) …))
In unknown file:
           0 (apply-smob/1 #<catch-closure 559d055c55e0> misc-error # …)

ERROR: In procedure apply-smob/1:
No such value! Did you forget to compute frequencies?
 (EvaluationLink
   (PredicateNode "foo")
   (ListLink
      (WordNode "table")
      (AnyNode "right-wild")
   )
)

ABORT: misc-error
/home/opencog/atomspace/build/tests/matrix/../../../tests/matrix/VectorAPIUTest.cxxtest:393: Error: Test failed: Caught scm error during eval
/home/opencog/atomspace/build/tests/matrix/../../../tests/matrix/VectorAPIUTest.cxxtest:393: Error: Assertion failed: (false == eval->eval_error())
/home/opencog/atomspace/build/tests/matrix/../../../tests/matrix/VectorAPIUTest.cxxtest:393: Error: Test failed: table wild-mi
/home/opencog/atomspace/build/tests/matrix/../../../tests/matrix/VectorAPIUTest.cxxtest:393: Error: Expected (tami-1.0e-9 < atof(num.c_str())), found (0.1818 >= 0.0000)
Expect report total mi=0.504700 got=Backtrace:
           6 (apply-smob/1 #<catch-closure 559d05e03320>)
           5 (apply-smob/1 #<catch-closure 559d05e03220>)
In ice-9/boot-9.scm:
   2312:4  4 (save-module-excursion #<procedure 559d056652a0 at ice-…>)
In ice-9/eval-string.scm:
     38:6  3 (read-and-eval #<input: string 559d05683540> #:lang _)
In unknown file:
           2 (cog-value-ref () 0)
In ice-9/boot-9.scm:
   751:25  1 (dispatch-exception 0 wrong-type-arg ("cog-value-ref" …))
In unknown file:
           0 (apply-smob/1 #<catch-closure 559d05e031e0> # "cog-val…" …)

ERROR: In procedure apply-smob/1:
In procedure cog-value-ref: Wrong type argument in position 1 (expecting opencog value): ()
ABORT: wrong-type-arg
/home/opencog/atomspace/build/tests/matrix/../../../tests/matrix/VectorAPIUTest.cxxtest:396: Error: Test failed: Caught scm error during eval
/home/opencog/atomspace/build/tests/matrix/../../../tests/matrix/VectorAPIUTest.cxxtest:396: Error: Assertion failed: (false == eval->eval_error())
/home/opencog/atomspace/build/tests/matrix/../../../tests/matrix/VectorAPIUTest.cxxtest:396: Error: Test failed: report total mi
/home/opencog/atomspace/build/tests/matrix/../../../tests/matrix/VectorAPIUTest.cxxtest:396: Error: Expected (chmi+domi+tami-1.0e-9 < atof(num.c_str())), found (0.5047 >= 0.0000)
[2018-11-08 06:29:24:592] [DEBUG] END TEST: test_marginals
[2018-11-08 06:29:24:595] [DEBUG] BEGIN TEST: test_cosines
Load of data >>>
Expect product (table,dog)=16.000000 got=16.0
Expect cosine (table,dog)=0.872872 got=0.8728715609439696
Expect product (chicken,table)=12.000000 got=12.0
Expect cosine (chicken,table)=0.428571 got=0.42857142857142855
Expect product (chicken,dog)=16.000000 got=16.0
Expect cosine (chicken,dog)=0.498784 got=0.4987837491108398
[2018-11-08 06:29:24:597] [DEBUG] END TEST: test_cosines
.[2018-11-08 06:29:24:600] [DEBUG] BEGIN TEST: test_fold
Load of data >>>
Expect length (table - dog)=2.236068 got=2.23606797749979
Expect length (chicken - dog)=6.164414 got=6.164414002968976
[2018-11-08 06:29:24:601] [DEBUG] END TEST: test_fold
.[2018-11-08 06:29:24:603] [DEBUG] BEGIN TEST: test_transpose
Load of data >>>
Support compute >>>Finished left norm marginals in 0 secs
Finished left totals in 0 secs
Finished right norm marginals in 0 secs
Finished right totals in 0 secs
#t
Transpose compute >>>Finished mmt norm marginals in 0 secs
Finished mmt totals in 0 secs
Finished mtm norm marginals in 0 secs
Finished mtm totals in 0 secs
#t
Expect mmt chicken =77.000000 got=77.0
Expect mmt dog =53.000000 got=53.0
Expect mmt table =44.000000 got=44.0
Expect mtm legs =77.000000 got=77.0
Expect mtm eyes =36.000000 got=36.0
Expect mtm wings =66.000000 got=66.0
Expect mtm snouts =7.000000 got=7.0
Expect api mmt chicken =77.000000 got=77.0
Expect api mmt dog =53.000000 got=53.0
Expect api mmt table =44.000000 got=44.0
Expect api mtm legs =77.000000 got=77.0
Expect api mtm eyes =36.000000 got=36.0
Expect api mtm wings =66.000000 got=66.0
Expect api mtm snouts =7.000000 got=7.0
Expect total-mmt =174.000000 got=174.0
Expect total-mtm =186.000000 got=186.0
Expect total-mmt =174.000000 got=174.0
Expect total-mtm =186.000000 got=186.0
[2018-11-08 06:29:24:607] [DEBUG] END TEST: test_transpose
.[2018-11-08 06:29:24:611] [DEBUG] BEGIN TEST: test_symmetric_mi
Load of data >>>
Support compute >>>Finished left norm marginals in 0 secs
Finished left totals in 0 secs
Finished right norm marginals in 0 secs
Finished right totals in 0 secs
#t
Transpose compute >>>Finished mmt norm marginals in 0 secs
Finished mmt totals in 0 secs
Finished mtm norm marginals in 0 secs
Finished mtm totals in 0 secs
#t
Expect chicken-dog fmi=-0.551763 got=-0.5517634994093722
Expect chicken-dog fmi again=-0.551763 got=-0.5517634994093722
Expect chicken-table fmi=-0.698312 got=-0.6983121627623141
Expect dog-table fmi=0.255591 got=0.25559142264823176
Expect chicken-chicken fmi=0.524080 got=0.5240802585741339
Expect dog-dog fmi=0.379420 got=0.3794200095010901
Expect table-table fmi=0.524080 got=0.5240802585741339
Expect wings-eyes fmi=-0.090198 got=-0.09019780897157814
Expect eyes-wings=-0.090198 got=-0.09019780897157814
Expect wings-eyes fmi=-0.090198 got=-0.09019780897157814
Expect eyes-legs fmi=-0.090198 got=-0.09019780897157814
Expect eyes-snouts fmi=0.561879 got=0.561878887608115
Expect wings-wings fmi=0.620296 got=0.6202955738334369
Expect wings-legs fmi=-0.602097 got=-0.6020968475030112
Expect legs-legs fmi=0.363138 got=0.36313773433631225
Expect legs-snouts fmi=0.465017 got=0.465017348355526
Expect snouts-snouts fmi=1.924449 got=1.9244489669928233
[2018-11-08 06:29:24:622] [DEBUG] END TEST: test_symmetric_mi
.
Failed 1 and Skipped 0 of 6 tests
Success rate: 83%
/home/jenkins/.cache/guile/ccache/2.2-LE-8-3.A/home/opencog/atomspace/build/opencog/scm/opencog/matrix/thresh-pca.scm.go
;;; compiled /home/jenkins/.cache/guile/ccache/2.2-LE-8-3.A/home/opencog/atomspace/tests/matrix/basic-api.scm.go
;;; compiling ../../../tests/matrix/basic-data.scm
;;; compiled /home/jenkins/.cache/guile/ccache/2.2-LE-8-3.A/home/opencog/atomspace/tests/matrix/basic-data.scm.go
;;; compiling /home/opencog/atomspace/opencog/scm/opencog/persist-sql.scm
;;; compiled /home/jenkins/.cache/guile/ccache/2.2-LE-8-3.A/home/opencog/atomspace/opencog/scm/opencog/persist-sql.scm.go

        Start  60: PatternUTest
 60/122 Test  #60: PatternUTest .....................   Passed    0.01 sec
        Start  61: StackUTest
 61/122 Test  #61: StackUTest .......................   Passed    0.03 sec
        Start  62: BigPatternUTest
 62/122 Test  #62: BigPatternUTest ..................   Passed    0.02 sec
        Start  63: BiggerPatternUTest
 63/122 Test  #63: BiggerPatternUTest ...............   Passed    0.02 sec
        Start  64: LoopPatternUTest
 64/122 Test  #64: LoopPatternUTest .................   Passed    0.01 sec
        Start  65: BooleanUTest
 65/122 Test  #65: BooleanUTest .....................   Passed    0.01 sec
        Start  66: Boolean2NotUTest
 66/122 Test  #66: Boolean2NotUTest .................   Passed    0.04 sec
        Start  67: ConstantClausesUTest
 67/122 Test  #67: ConstantClausesUTest .............   Passed    0.39 sec
        Start  68: PatternCrashUTest
 68/122 Test  #68: PatternCrashUTest ................   Passed    0.19 sec
        Start  69: DisconnectedUTest
 69/122 Test  #69: DisconnectedUTest ................   Passed    0.61 sec
        Start  70: ImplicationUTest
 70/122 Test  #70: ImplicationUTest .................   Passed    0.19 sec
        Start  71: ExecutionOutputUTest
 71/122 Test  #71: ExecutionOutputUTest .............   Passed    0.21 sec
        Start  72: BindTVUTest
 72/122 Test  #72: BindTVUTest ......................   Passed    0.22 sec
        Start  73: EvalLinkDefaultTVUTest
 73/122 Test  #73: EvalLinkDefaultTVUTest ...........   Passed    0.24 sec
        Start  74: BuggyStackUTest
 74/122 Test  #74: BuggyStackUTest ..................   Passed    0.34 sec
        Start  75: VarTypeNotUTest
 75/122 Test  #75: VarTypeNotUTest ..................   Passed    0.31 sec
        Start  76: BuggyNotUTest
 76/122 Test  #76: BuggyNotUTest ....................   Passed    0.30 sec
        Start  77: MatchLinkUTest
 77/122 Test  #77: MatchLinkUTest ...................   Passed    0.41 sec
        Start  78: UnorderedUTest
 78/122 Test  #78: UnorderedUTest ...................   Passed    0.69 sec
        Start  79: StackMoreUTest
 79/122 Test  #79: StackMoreUTest ...................   Passed    2.27 sec
        Start  80: GlobUTest
 80/122 Test  #80: GlobUTest ........................   Passed    1.14 sec
        Start  81: RecognizerUTest
 81/122 Test  #81: RecognizerUTest ..................   Passed    0.36 sec
        Start  82: ArcanaUTest
 82/122 Test  #82: ArcanaUTest ......................   Passed    4.59 sec
        Start  83: SubstitutionUTest
 83/122 Test  #83: SubstitutionUTest ................   Passed    0.30 sec
        Start  84: GetLinkUTest
 84/122 Test  #84: GetLinkUTest .....................   Passed    0.36 sec
        Start  85: NotLinkUTest
 85/122 Test  #85: NotLinkUTest .....................   Passed    0.19 sec
        Start  86: GetStateUTest
 86/122 Test  #86: GetStateUTest ....................   Passed    1.11 sec
        Start  87: DeepTypeUTest
 87/122 Test  #87: DeepTypeUTest ....................   Passed    0.31 sec
        Start  88: GreaterThanUTest
 88/122 Test  #88: GreaterThanUTest .................   Passed    0.37 sec
        Start  89: GreaterComputeUTest
 89/122 Test  #89: GreaterComputeUTest ..............   Passed    0.28 sec
        Start  90: SequenceUTest
 90/122 Test  #90: SequenceUTest ....................   Passed    0.46 sec
        Start  91: EvaluationUTest
 91/122 Test  #91: EvaluationUTest ..................   Passed    0.52 sec
        Start  92: DontExecUTest
 92/122 Test  #92: DontExecUTest ....................   Passed    0.34 sec
        Start  93: QuoteUTest
 93/122 Test  #93: QuoteUTest .......................   Passed    0.61 sec
        Start  94: UnquoteUTest
 94/122 Test  #94: UnquoteUTest .....................   Passed    0.01 sec
        Start  95: LocalQuoteUTest
 95/122 Test  #95: LocalQuoteUTest ..................   Passed    0.02 sec
        Start  96: BuggyLinkUTest
 96/122 Test  #96: BuggyLinkUTest ...................   Passed    0.26 sec
        Start  97: BuggyQuoteUTest
 97/122 Test  #97: BuggyQuoteUTest ..................   Passed    0.26 sec
        Start  98: BuggyEqualUTest
 98/122 Test  #98: BuggyEqualUTest ..................   Passed    0.32 sec
        Start  99: BuggySelfGroundUTest
 99/122 Test  #99: BuggySelfGroundUTest .............   Passed    0.22 sec
        Start 100: BuggyBindLinkUTest
100/122 Test #100: BuggyBindLinkUTest ...............   Passed    0.27 sec
        Start 101: ChoiceLinkUTest
101/122 Test #101: ChoiceLinkUTest ..................   Passed    0.93 sec
        Start 102: DefineUTest
102/122 Test #102: DefineUTest ......................   Passed    0.32 sec
        Start 103: FiniteStateMachineUTest
103/122 Test #103: FiniteStateMachineUTest ..........   Passed    0.25 sec
        Start 104: AbsentUTest
104/122 Test #104: AbsentUTest ......................   Passed    0.51 sec
        Start 105: SingleUTest
105/122 Test #105: SingleUTest ......................   Passed    0.23 sec
        Start 106: ScopeUTest
106/122 Test #106: ScopeUTest .......................   Passed    0.69 sec
        Start 107: NestedPutUTest
107/122 Test #107: NestedPutUTest ...................   Passed    0.23 sec
        Start 108: FirstNUTest
108/122 Test #108: FirstNUTest ......................   Passed    0.32 sec
        Start 109: SudokuUTest
109/122 Test #109: SudokuUTest ......................   Passed    0.45 sec
        Start 110: EinsteinUTest
110/122 Test #110: EinsteinUTest ....................   Passed    5.02 sec
        Start 111: TypeChoiceUTest
111/122 Test #111: TypeChoiceUTest ..................   Passed    0.02 sec
        Start 112: NoExceptionUTest
112/122 Test #112: NoExceptionUTest .................   Passed    0.27 sec
        Start 113: ChainerUtilsUTest
113/122 Test #113: ChainerUtilsUTest ................   Passed    0.18 sec
        Start 114: UREConfigUTest
114/122 Test #114: UREConfigUTest ...................   Passed    0.38 sec
        Start 115: RuleUTest
115/122 Test #115: RuleUTest ........................   Passed    0.71 sec
        Start 116: ForwardChainerUTest
116/122 Test #116: ForwardChainerUTest ..............   Passed    1.52 sec
        Start 117: BetaDistributionUTest
117/122 Test #117: BetaDistributionUTest ............   Passed    0.01 sec
        Start 118: BackwardChainerUTest
118/122 Test #118: BackwardChainerUTest .............***Exception: Other  3.45 sec
Running cxxtest tests (15 tests)[DEBUG] BEGIN TEST: test_select_rule_1
.[DEBUG] BEGIN TEST: test_select_rule_2
.[DEBUG] BEGIN TEST: test_select_rule_3
.[DEBUG] BEGIN TEST: test_deduction
[DEBUG] results = (SetLink
  (InheritanceLink (stv 1.000000 1.000000)
    (ConceptNode "B") ; [241345268797062522][1]
    (ConceptNode "D") ; [246130398640501600][1]
  ) ; [11118980331531632186][1]
  (InheritanceLink (stv 1.000000 1.000000)
    (ConceptNode "A") ; [6977224428786678108][1]
    (ConceptNode "D") ; [246130398640501600][1]
  ) ; [14142523488490167708][1]
  (InheritanceLink (stv 1.000000 1.000000)
    (ConceptNode "C") ; [4439042848862476880][1]
    (ConceptNode "D") ; [246130398640501600][1]
  ) ; [16693285750825899664][1]
) ; [17783572405546803178][1]

[DEBUG] expected = (SetLink
  (InheritanceLink (stv 1.000000 1.000000)
    (ConceptNode "B") ; [241345268797062522][1]
    (ConceptNode "D") ; [246130398640501600][1]
  ) ; [11118980331531632186][1]
  (InheritanceLink (stv 1.000000 1.000000)
    (ConceptNode "A") ; [6977224428786678108][1]
    (ConceptNode "D") ; [246130398640501600][1]
  ) ; [14142523488490167708][1]
  (InheritanceLink (stv 1.000000 1.000000)
    (ConceptNode "C") ; [4439042848862476880][1]
    (ConceptNode "D") ; [246130398640501600][1]
  ) ; [16693285750825899664][1]
) ; [17783572405546803178][1]

[DEBUG] END TEST: test_deduction
.[DEBUG] BEGIN TEST: test_deduction_tv_query
[DEBUG] END TEST: test_deduction_tv_query
.[DEBUG] BEGIN TEST: test_modus_ponens_tv_query
[DEBUG] END TEST: test_modus_ponens_tv_query
.[DEBUG] BEGIN TEST: test_conjunction_fuzzy_evaluation_tv_query
[DEBUG] result = (EvaluationLink (stv 0 1)
   (PredicateNode "URE:attention-allocation")
   (ConceptNode "URE")
)


[DEBUG] END TEST: test_conjunction_fuzzy_evaluation_tv_query
.[DEBUG] BEGIN TEST: test_conditional_instantiation_1
[DEBUG] result = (EvaluationLink (stv 0 1)
   (PredicateNode "URE:attention-allocation")
   (ConceptNode "URE")
)


[DEBUG] results = (SetLink
  (EvaluationLink (stv 1.000000 1.000000)
    (PredicateNode "are-friends") ; [2199882683901451657][1]
    (ListLink
      (ConceptNode "Edward") ; [2559340566898358165][1]
      (ConceptNode "John") ; [8815078930634943817][1]
    ) ; [10189011490095734793][1]
  ) ; [10270840786424636655][1]
  (EvaluationLink (stv 1.000000 1.000000)
    (PredicateNode "are-friends") ; [2199882683901451657][1]
    (ListLink
      (ConceptNode "Mary") ; [7604758089677418971][1]
      (ConceptNode "John") ; [8815078930634943817][1]
    ) ; [9436512771719518799][1]
  ) ; [12750807087996407413][1]
  (EvaluationLink (stv 1.000000 1.000000)
    (PredicateNode "are-friends") ; [2199882683901451657][1]
    (ListLink
      (ConceptNode "Cyril") ; [6575896565129604864][1]
      (ConceptNode "John") ; [8815078930634943817][1]
    ) ; [13442407723922391156][1]
  ) ; [14502538869485377402][1]
) ; [12304567234310414146][1]

[DEBUG] expected = (SetLink
  (EvaluationLink (stv 1.000000 1.000000)
    (PredicateNode "are-friends") ; [2199882683901451657][1]
    (ListLink
      (ConceptNode "Edward") ; [2559340566898358165][1]
      (ConceptNode "John") ; [8815078930634943817][1]
    ) ; [10189011490095734793][1]
  ) ; [10270840786424636655][1]
  (EvaluationLink (stv 1.000000 1.000000)
    (PredicateNode "are-friends") ; [2199882683901451657][1]
    (ListLink
      (ConceptNode "Mary") ; [7604758089677418971][1]
      (ConceptNode "John") ; [8815078930634943817][1]
    ) ; [9436512771719518799][1]
  ) ; [12750807087996407413][1]
  (EvaluationLink (stv 1.000000 1.000000)
    (PredicateNode "are-friends") ; [2199882683901451657][1]
    (ListLink
      (ConceptNode "Cyril") ; [6575896565129604864][1]
      (ConceptNode "John") ; [8815078930634943817][1]
    ) ; [13442407723922391156][1]
  ) ; [14502538869485377402][1]
) ; [12304567234310414146][1]

[DEBUG] END TEST: test_conditional_instantiation_1
.[DEBUG] BEGIN TEST: test_conditional_instantiation_2
[DEBUG] result = (EvaluationLink (stv 0 1)
   (PredicateNode "URE:attention-allocation")
   (ConceptNode "URE")
)


[DEBUG] results = (SetLink
  (InheritanceLink (stv 1.000000 1.000000)
    (ConceptNode "Fritz") ; [2320507187041863641][1]
    (ConceptNode "green") ; [471650000201148624][1]
  ) ; [16422590036270253321][1]
) ; [14106787550298505389][1]

[DEBUG] expected = (SetLink
  (InheritanceLink (stv 1.000000 1.000000)
    (ConceptNode "Fritz") ; [2320507187041863641][1]
    (ConceptNode "green") ; [471650000201148624][1]
  ) ; [16422590036270253321][1]
) ; [14106787550298505389][1]

[DEBUG] END TEST: test_conditional_instantiation_2
.[DEBUG] BEGIN TEST: test_conditional_instantiation_tv_query
[DEBUG] END TEST: test_conditional_instantiation_tv_query
.[DEBUG] BEGIN TEST: test_conditional_partial_instantiation
[DEBUG] result = (EvaluationLink (stv 0 1)
   (PredicateNode "URE:attention-allocation")
   (ConceptNode "URE")
)


[DEBUG] END TEST: test_conditional_partial_instantiation
.[DEBUG] BEGIN TEST: test_impossible_criminal
;;; note: auto-compilation is enabled, set GUILE_AUTO_COMPILE=0
;;;       or pass the --no-auto-compile argument to disable.
;;; compiling /home/opencog/atomspace/tests/rule-engine/backwardchainer/scm/bc-deduction-config.scm
;;; compiled /home/jenkins/.cache/guile/ccache/2.2-LE-8-3.A/home/opencog/atomspace/tests/rule-engine/backwardchainer/scm/bc-deduction-config.scm.go
;;; compiling /home/opencog/atomspace/tests/rule-engine/backwardchainer/scm/bc-transitive-closure.scm
;;; compiled /home/jenkins/.cache/guile/ccache/2.2-LE-8-3.A/home/opencog/atomspace/tests/rule-engine/backwardchainer/scm/bc-transitive-closure.scm.go
;;; compiling /home/opencog/atomspace/tests/rule-engine/backwardchainer/scm/bc-modus-ponens-config.scm
;;; compiled /home/jenkins/.cache/guile/ccache/2.2-LE-8-3.A/home/opencog/atomspace/tests/rule-engine/backwardchainer/scm/bc-modus-ponens-config.scm.go
;;; compiling /home/opencog/atomspace/tests/rule-engine/backwardchainer/scm/modus-ponens-example.scm
;;; compiled /home/jenkins/.cache/guile/ccache/2.2-LE-8-3.A/home/opencog/atomspace/tests/rule-engine/backwardchainer/scm/modus-ponens-example.scm.go
;;; compiling /home/opencog/atomspace/tests/rule-engine/backwardchainer/scm/fuzzy-conjunction-introduction-config.scm
;;; fuzzy-conjunction-introduction-config.scm:13:0: warning: possibly unbound variable `fuzzy-conjunction-introduction-1ary-rule-name'
;;; fuzzy-conjunction-introduction-config.scm:17:0: warning: possibly unbound variable `fuzzy-conjunction-introduction-2ary-rule-name'
;;; fuzzy-conjunction-introduction-config.scm:21:0: warning: possibly unbound variable `fuzzy-conjunction-introduction-3ary-rule-name'
;;; fuzzy-conjunction-introduction-config.scm:25:0: warning: possibly unbound variable `fuzzy-conjunction-introduction-4ary-rule-name'
;;; fuzzy-conjunction-introduction-config.scm:29:0: warning: possibly unbound variable `fuzzy-conjunction-introduction-5ary-rule-name'
;;; compiled /home/jenkins/.cache/guile/ccache/2.2-LE-8-3.A/home/opencog/atomspace/tests/rule-engine/backwardchainer/scm/fuzzy-conjunction-introduction-config.scm.go
;;; compiling /home/opencog/atomspace/tests/rule-engine/backwardchainer/scm/simple-conjunction.scm
;;; compiled /home/jenkins/.cache/guile/ccache/2.2-LE-8-3.A/home/opencog/atomspace/tests/rule-engine/backwardchainer/scm/simple-conjunction.scm.go
;;; compiling /home/opencog/atomspace/tests/rule-engine/backwardchainer/scm/conditional-instantiation-config.scm
;;; conditional-instantiation-config.scm:14:0: warning: possibly unbound variable `conditional-full-instantiation-meta-rule-name'
;;; compiled /home/jenkins/.cache/guile/ccache/2.2-LE-8-3.A/home/opencog/atomspace/tests/rule-engine/backwardchainer/scm/conditional-instantiation-config.scm.go
;;; compiling /home/opencog/atomspace/tests/rule-engine/backwardchainer/scm/friends.scm
;;; compiled /home/jenkins/.cache/guile/ccache/2.2-LE-8-3.A/home/opencog/atomspace/tests/rule-engine/backwardchainer/scm/friends.scm.go
;;; compiling /home/opencog/atomspace/tests/rule-engine/backwardchainer/scm/animals.scm
;;; compiled /home/jenkins/.cache/guile/ccache/2.2-LE-8-3.A/home/opencog/atomspace/tests/rule-engine/backwardchainer/scm/animals.scm.go
;;; compiling /home/opencog/atomspace/tests/rule-engine/backwardchainer/scm/conditional-partial-instantiation-config.scm
;;; conditional-partial-instantiation-config.scm:13:0: warning: possibly unbound variable `conditional-partial-instantiation-meta-rule-name'
;;; compiled /home/jenkins/.cache/guile/ccache/2.2-LE-8-3.A/home/opencog/atomspace/tests/rule-engine/backwardchainer/scm/conditional-partial-instantiation-config.scm.go
;;; compiling /home/opencog/atomspace/tests/rule-engine/meta-rules/conditional-partial-instantiation-meta-rule.scm
;;; compiled /home/jenkins/.cache/guile/ccache/2.2-LE-8-3.A/home/opencog/atomspace/tests/rule-engine/meta-rules/conditional-partial-instantiation-meta-rule.scm.go
;;; compiling /home/opencog/atomspace/tests/rule-engine/backwardchainer/scm/bc-criminal-without-deduction-config.scm
;;; compiled [DEBUG] results = (SetLink
) ; [9223864618064008900][1]

[DEBUG] expected = (SetLink
) ; [9223864618064008900][1]

[DEBUG] END TEST: test_impossible_criminal
.[DEBUG] BEGIN TEST: test_criminal
[DEBUG] results = (SetLink
  (InheritanceLink (stv 1.000000 1.000000)
    (ConceptNode "West") ; [4624028067055164206][1]
    (ConceptNode "criminal") ; [4346854301892254798][1]
  ) ; [11827457067129824668][1]
) ; [15365737764365146976][1]

[DEBUG] expected = (SetLink
  (InheritanceLink (stv 1.000000 1.000000)
    (ConceptNode "West") ; [4624028067055164206][1]
    (ConceptNode "criminal") ; [4346854301892254798][1]
  ) ; [11827457067129824668][1]
) ; [15365737764365146976][1]

[DEBUG] Traces:
size = 2
trace[0] = 16584895981917898575 13803501244366566392 9277640668601215585 12104339264888383610 16983852115712529973 11708591640499961520 15955249134296928459
trace[1] = 16584895981917898575 13803501244366566392 9277640668601215585 12104339264888383610 16983852115712529973 13483564711618353034
[DEBUG] results = (SetLink
  (InheritanceLink (stv 1.000000 1.000000)
    (ConceptNode "West") ; [4624028067055164206][1]
    (ConceptNode "criminal") ; [4346854301892254798][1]
  ) ; [11827457067129824668][1]
) ; [15365737764365146976][1]

[DEBUG] expected = (SetLink
  (InheritanceLink (stv 1.000000 1.000000)
    (ConceptNode "West") ; [4624028067055164206][1]
    (ConceptNode "criminal") ; [4346854301892254798][1]
  ) ; [11827457067129824668][1]
) ; [15365737764365146976][1]

[DEBUG] END TEST: test_criminal
.[DEBUG] BEGIN TEST: test_induction
[DEBUG] END TEST: test_induction
.[DEBUG] BEGIN TEST: test_focus_set
[DEBUG] END TEST: test_focus_set
.OK!
/home/jenkins/.cache/guile/ccache/2.2-LE-8-3.A/home/opencog/atomspace/tests/rule-engine/backwardchainer/scm/bc-criminal-without-deduction-config.scm.go
;;; compiling /home/opencog/atomspace/tests/rule-engine/backwardchainer/scm/criminal.scm
;;; compiled /home/jenkins/.cache/guile/ccache/2.2-LE-8-3.A/home/opencog/atomspace/tests/rule-engine/backwardchainer/scm/criminal.scm.go
;;; compiling /home/opencog/atomspace/tests/rule-engine/backwardchainer/scm/bc-criminal-config.scm
;;; compiled /home/jenkins/.cache/guile/ccache/2.2-LE-8-3.A/home/opencog/atomspace/tests/rule-engine/backwardchainer/scm/bc-criminal-config.scm.go
;;; compiling /home/opencog/atomspace/tests/rule-engine/backwardchainer/scm/bc-induction-config.scm
;;; bc-induction-config.scm:14:0: warning: possibly unbound variable `implication-scope-direct-evaluation-rule-name'
;;; compiled /home/jenkins/.cache/guile/ccache/2.2-LE-8-3.A/home/opencog/atomspace/tests/rule-engine/backwardchainer/scm/bc-induction-config.scm.go
;;; compiling /home/opencog/atomspace/tests/rule-engine/./rules/implication-scope-direct-evaluation-rule.scm
;;; compiled /home/jenkins/.cache/guile/ccache/2.2-LE-8-3.A/home/opencog/atomspace/tests/rule-engine/rules/implication-scope-direct-evaluation-rule.scm.go
;;; compiling /home/opencog/atomspace/tests/rule-engine/backwardchainer/scm/bc-induction.scm
;;; compiled /home/jenkins/.cache/guile/ccache/2.2-LE-8-3.A/home/opencog/atomspace/tests/rule-engine/backwardchainer/scm/bc-induction.scm.go
*** Error in `/home/opencog/atomspace/build/tests/rule-engine/backwardchainer/BackwardChainerUTest': double free or corruption (fasttop): 0x0000562aec87efc0 ***
======= Backtrace: =========
/lib/x86_64-linux-gnu/libc.so.6(+0x70bfb)[0x7f372222bbfb]
/lib/x86_64-linux-gnu/libc.so.6(+0x76fc6)[0x7f3722231fc6]
/lib/x86_64-linux-gnu/libc.so.6(+0x7780e)[0x7f372223280e]
/lib/x86_64-linux-gnu/libc.so.6(__cxa_finalize+0x8f)[0x7f37221f0caf]
/home/opencog/atomspace/build/opencog/rule-engine/libruleengine.so(+0x34db3)[0x7f3726160db3]
======= Memory map: ========
562aea6a4000-562aea6d4000 r-xp 00000000 00:4b 61953                      /home/opencog/atomspace/build/tests/rule-engine/backwardchainer/BackwardChainerUTest
562aea8d3000-562aea8d5000 r--p 0002f000 00:4b 61953                      /home/opencog/atomspace/build/tests/rule-engine/backwardchainer/BackwardChainerUTest
562aea8d5000-562aea8d6000 rw-p 00031000 00:4b 61953                      /home/opencog/atomspace/build/tests/rule-engine/backwardchainer/BackwardChainerUTest
562aec84d000-562af0613000 rw-p 00000000 00:00 0                          [heap]
7f3704000000-7f3704021000 rw-p 00000000 00:00 0 
7f3704021000-7f3708000000 ---p 00000000 00:00 0 
7f370c000000-7f370c021000 rw-p 00000000 00:00 0 
7f370c021000-7f3710000000 ---p 00000000 00:00 0 
7f3713225000-7f3713235000 r--p 00000000 00:4b 62184                      /home/jenkins/.cache/guile/ccache/2.2-LE-8-3.A/home/opencog/atomspace/tests/rule-engine/backwardchainer/scm/animals.scm.go
7f3713235000-7f3713236000 rw-p 00010000 00:4b 62184                      /home/jenkins/.cache/guile/ccache/2.2-LE-8-3.A/home/opencog/atomspace/tests/rule-engine/backwardchainer/scm/animals.scm.go
7f3713236000-7f3713246000 r--p 00000000 00:4b 62170                      /home/jenkins/.cache/guile/ccache/2.2-LE-8-3.A/home/opencog/atomspace/tests/rule-engine/rules/fuzzy-conjunction-introduction-rule.scm.go
7f3713246000-7f3713247000 rw-p 00010000 00:4b 62170                      /home/jenkins/.cache/guile/ccache/2.2-LE-8-3.A/home/opencog/atomspace/tests/rule-engine/rules/fuzzy-conjunction-introduction-rule.scm.go
7f3713247000-7f3713248000 r--p 00011000 00:4b 62170                      /home/jenkins/.cache/guile/ccache/2.2-LE-8-3.A/home/opencog/atomspace/tests/rule-engine/rules/fuzzy-conjunction-introduction-rule.scm.go
7f3713248000-7f3713258000 r--p 00000000 00:4b 62169                      /home/jenkins/.cache/guile/ccache/2.2-LE-8-3.A/home/opencog/atomspace/tests/rule-engine/meta-rules/conditional-full-instantiation-meta-rule.scm.go
7f3713258000-7f3713259000 rw-p 00010000 00:4b 62169                      /home/jenkins/.cache/guile/ccache/2.2-LE-8-3.A/home/opencog/atomspace/tests/rule-engine/meta-rules/conditional-full-instantiation-meta-rule.scm.go
7f3713259000-7f371325a000 r--p 00011000 00:4b 62169                      /home/jenkins/.cache/guile/ccache/2.2-LE-8-3.A/home/opencog/atomspace/tests/rule-engine/meta-rules/conditional-full-instantiation-meta-rule.scm.go
7f371325a000-7f371326a000 r--p 00000000 00:4b 62182                      /home/jenkins/.cache/guile/ccache/2.2-LE-8-3.A/home/opencog/atomspace/tests/rule-engine/backwardchainer/scm/conditional-instantiation-config.scm.go
7f371326a000-7f371326b000 rw-p 00010000 00:4b 62182                      /home/jenkins/.cache/guile/ccache/2.2-LE-8-3.A/home/opencog/atomspace/tests/rule-engine/backwardchainer/scm/conditional-instantiation-config.scm.go
7f371326b000-7f371327b000 r--p 00000000 00:4b 62192                      /home/jenkins/.cache/guile/ccache/2.2-LE-8-3.A/home/opencog/atomspace/tests/rule-engine/backwardchainer/scm/bc-induction.scm.go
7f371327b000-7f371327c000 rw-p 00010000 00:4b 62192                      /home/jenkins/.cache/guile/ccache/2.2-LE-8-3.A/home/opencog/atomspace/tests/rule-engine/backwardchainer/scm/bc-induction.scm.go
7f371327c000-7f371328c000 r--p 00000000 00:4b 62169                      /home/jenkins/.cache/guile/ccache/2.2-LE-8-3.A/home/opencog/atomspace/tests/rule-engine/meta-rules/conditional-full-instantiation-meta-rule.scm.go
7f371328c000-7f371328d000 rw-p 00010000 00:4b 62169                      /home/jenkins/.cache/guile/ccache/2.2-LE-8-3.A/home/opencog/atomspace/tests/rule-engine/meta-rules/conditional-full-instantiation-meta-rule.scm.go
7f371328d000-7f371328e000 r--p 00011000 00:4b 62169                      /home/jenkins/.cache/guile/ccache/2.2-LE-8-3.A/home/opencog/atomspace/tests/rule-engine/meta-rules/conditional-full-instantiation-meta-rule.scm.go
7f371328e000-7f371329e000 r--p 00000000 00:4b 62191                      /home/jenkins/.cache/guile/ccache/2.2-LE-8-3.A/home/opencog/atomspace/tests/rule-engine/rules/implication-scope-direct-evaluation-rule.scm.go
7f371329e000-7f371329f000 rw-p 00010000 00:4b 62191                      /home/jenkins/.cache/guile/ccache/2.2-LE-8-3.A/home/opencog/atomspace/tests/rule-engine/rules/implication-scope-direct-evaluation-rule.scm.go
7f371329f000-7f37132a0000 r--p 00011000 00:4b 62191                      /home/jenkins/.cache/guile/ccache/2.2-LE-8-3.A/home/opencog/atomspace/tests/rule-engine/rules/implication-scope-direct-evaluation-rule.scm.go
7f37132a0000-7f37132b0000 r--p 00000000 00:4b 62190                      /home/jenkins/.cache/guile/ccache/2.2-LE-8-3.A/home/opencog/atomspace/tests/rule-engine/backwardchainer/scm/bc-induction-config.scm.go
7f37132b0000-7f37132b1000 rw-p 00010000 00:4b 62190                      /home/jenkins/.cache/guile/ccache/2.2-LE-8-3.A/home/opencog/atomspace/tests/rule-engine/backwardchainer/scm/bc-induction-config.scm.go
7f37132b1000-7f37132c1000 r--p 00000000 00:4b 62188                      /home/jenkins/.cache/guile/ccache/2.2-LE-8-3.A/home/opencog/atomspace/tests/rule-engine/backwardchainer/scm/criminal.scm.go
7f37132c1000-7f37132c2000 rw-p 00010000 00:4b 62188                      /home/jenkins/.cache/guile/ccache/2.2-LE-8-3.A/home/opencog/atomspace/tests/rule-engine/backwardchainer/scm/criminal.scm.go
7f37132c2000-7f37132c3000 r--p 00011000 00:4b 62188                      /home/jenkins/.cache/guile/ccache/2.2-LE-8-3.A/home/opencog/atomspace/tests/rule-engine/backwardchainer/scm/criminal.scm.go
7f37132c3000-7f37132d3000 r--p 00000000 00:4b 62170                      /home/jenkins/.cache/guile/ccache/2.2-LE-8-3.A/home/opencog/atomspace/tests/rule-engine/rules/fuzzy-conjunction-introduction-rule.scm.go
7f37132d3000-7f37132d4000 rw-p 00010000 00:4b 62170                      /home/jenkins/.cache/guile/ccache/2.2-LE-8-3.A/home/opencog/atomspace/tests/rule-engine/rules/fuzzy-conjunction-introduction-rule.scm.go
7f37132d4000-7f37132d5000 r--p 00011000 00:4b 62170                      /home/jenkins/.cache/guile/ccache/2.2-LE-8-3.A/home/opencog/atomspace/tests/rule-engine/rules/fuzzy-conjunction-introduction-rule.scm.go
7f37132d5000-7f37132e5000 r--p 00000000 00:4b 62160                      /home/jenkins/.cache/guile/ccache/2.2-LE-8-3.A/home/opencog/atomspace/tests/rule-engine/rules/bc-deduction-rule.scm.go
7f37132e5000-7f37132e6000 rw-p 00010000 00:4b 62160                      /home/jenkins/.cache/guile/ccache/2.2-LE-8-3.A/home/opencog/atomspace/tests/rule-engine/rules/bc-deduction-rule.scm.go
7f37132e6000-7f37132e7000 r--p 00011000 00:4b 62160                      /home/jenkins/.cache/guile/ccache/2.2-LE-8-3.A/home/opencog/atomspace/tests/rule-engine/rules/bc-deduction-rule.scm.go
7f37132e7000-7f37132f7000 r--p 00000000 00:4b 62169                      /home/jenkins/.cache/guile/ccache/2.2-LE-8-3.A/home/opencog/atomspace/tests/rule-engine/meta-rules/conditional-full-instantiation-meta-rule.scm.go
7f37132f7000-7f37132f8000 rw-p 00010000 00:4b 62169                      /home/jenkins/.cache/guile/ccache/2.2-LE-8-3.A/home/opencog/atomspace/tests/rule-engine/meta-rules/conditional-full-instantiation-meta-rule.scm.go
7f37132f8000-7f37132f9000 r--p 00011000 00:4b 62169                      /home/jenkins/.cache/guile/ccache/2.2-LE-8-3.A/home/opencog/atomspace/tests/rule-engine/meta-rules/conditional-full-instantiation-meta-rule.scm.go
7f37132f9000-7f3713309000 r--p 00000000 00:4b 62189                      /home/jenkins/.cache/guile/ccache/2.2-LE-8-3.A/home/opencog/atomspace/tests/rule-engine/backwardchainer/scm/bc-criminal-config.scm.go
7f3713309000-7f371330a000 rw-p 00010000 00:4b 62189                      /home/jenkins/.cache/guile/ccache/2.2-LE-8-3.A/home/opencog/atomspace/tests/rule-engine/backwardchainer/scm/bc-criminal-config.scm.go
7f371330a000-7f371331a000 r--p 00000000 00:4b 62188                      /home/jenkins/.cache/guile/ccache/2.2-LE-8-3.A/home/opencog/atomspace/tests/rule-engine/backwardchainer/scm/criminal.scm.go
7f371331a000-7f371331b000 rw-p 00010000 00:4b 62188                      /home/jenkins/.cache/guile/ccache/2.2-LE-8-3.A/home/opencog/atomspace/tests/rule-engine/backwardchainer/scm/criminal.scm.go
7f371331b000-7f371331c000 r--p 00011000 00:4b 62188                      /home/jenkins/.cache/guile/ccache/2.2-LE-8-3.A/home/opencog/atomspace/tests/rule-engine/backwardchainer/scm/criminal.scm.go
7f371331c000-7f371332c000 r--p 00000000 00:4b 62170                      /home/jenkins/.cache/guile/ccache/2.2-LE-8-3.A/home/opencog/atomspace/tests/rule-engine/rules/fuzzy-conjunction-introduction-rule.scm.go
7f371332c000-7f371332d000 rw-p 00010000 00:4b 62170                      /home/jenkins/.cache/guile/ccache/2.2-LE-8-3.A/home/opencog/atomspace/tests/rule-engine/rules/fuzzy-conjunction-introduction-rule.scm.go
7f371332d000-7f371332e000 r--p 00011000 00:4b 62170                      /home/jenkins/.cache/guile/ccache/2.2-LE-8-3.A/home/opencog/atomspace/tests/rule-engine/rules/fuzzy-conjunction-introduction-rule.scm.go
7f371332e000-7f371333e000 r--p 00000000 00:4b 62160                      /home/jenkins/.cache/guile/ccache/2.2-LE-8-3.A/home/opencog/atomspace/tests/rule-engine/rules/bc-deduction-rule.scm.go
7f371333e000-7f371333f000 rw-p 00010000 00:4b 62160                      /home/jenkins/.cache/guile/ccache/2.2-LE-8-3.A/home/opencog/atomspace/tests/rule-engine/rules/bc-deduction-rule.scm.go
7f371333f000-7f3713340000 r--p 00011000 00:4b 62160                      /home/jenkins/.cache/guile/ccache/2.2-LE-8-3.A/home/opencog/atomspace/tests/rule-engine/rules/bc-deduction-rule.scm.go
7f3713340000-7f3713350000 r--p 00000000 00:4b 62169                      /home/jenkins/.cache/guile/ccache/2.2-LE-8-3.A/home/opencog/atomspace/tests/rule-engine/meta-rules/conditional-full-instantiation-meta-rule.scm.go
7f3713350000-7f3713351000 rw-p 00010000 00:4b 62169                      /home/jenkins/.cache/guile/ccache/2.2-LE-8-3.A/home/opencog/atomspace/tests/rule-engine/meta-rules/conditional-full-instantiation-meta-rule.scm.go
7f3713351000-7f3713352000 r--p 00011000 00:4b 62169                      /home/jenkins/.cache/guile/ccache/2.2-LE-8-3.A/home/opencog/atomspace/tests/rule-engine/meta-rules/conditional-full-instantiation-meta-rule.scm.go
7f3713352000-7f3713362000 r--p 00000000 00:4b 62189                      /home/jenkins/.cache/guile/ccache/2.2-LE-8-3.A/home/opencog/atomspace/tests/rule-engine/backwardchainer/scm/bc-criminal-config.scm.go
7f3713362000-7f3713363000 rw-p 00010000 00:4b 62189                      /home/jenkins/.cache/guile/ccache/2.2-LE-8-3.A/home/opencog/atomspace/tests/rule-engine/backwardchainer/scm/bc-criminal-config.scm.go
7f3713363000-7f3713373000 r--p 00000000 00:4b 62188                      /home/jenkins/.cache/guile/ccache/2.2-LE-8-3.A/home/opencog/atomspace/tests/rule-engine/backwardchainer/scm/criminal.scm.go
7f3713373000-7f3713374000 rw-p 00010000 00:4b 62188                      /home/jenkins/.cache/guile/ccache/2.2-LE-8-3.A/home/opencog/atomspace/tests/rule-engine/backwardchainer/scm/criminal.scm.go
7f3713374000-7f3713375000 r--p 00011000 00:4b 62188                      /home/jenkins/.cache/guile/ccache/2.2-LE-8-3.A/home/opencog/atomspace/tests/rule-engine/backwardchainer/scm/criminal.scm.go
7f3713375000-7f3713385000 r--p 00000000 00:4b 62170                      /home/jenkins/.cache/guile/ccache/2.2-LE-8-3.A/home/opencog/atomspace/tests/rule-engine/rules/fuzzy-conjunction-introduction-rule.scm.go
7f3713385000-7f3713386000 rw-p 00010000 00:4b 62170                      /home/jenkins/.cache/guile/ccache/2.2-LE-8-3.A/home/opencog/atomspace/tests/rule-engine/rules/fuzzy-conjunction-introduction-rule.scm.go
7f3713386000-7f3713387000 r--p 00011000 00:4b 62170                      /home/jenkins/.cache/guile/ccache/2.2-LE-8-3.A/home/opencog/atomspace/tests/rule-engine/rules/fuzzy-conjunction-introduction-rule.scm.go
7f3713387000-7f3713397000 r--p 00000000 00:4b 62169                      /home/jenkins/.cache/guile/ccache/2.2-LE-8-3.A/home/opencog/atomspace/tests/rule-engine/meta-rules/conditional-full-instantiation-meta-rule.scm.go
7f3713397000-7f3713398000 rw-p 00010000 00:4b 62169                      /home/jenkins/.cache/guile/ccache/2.2-LE-8-3.A/home/opencog/atomspace/tests/rule-engine/meta-rules/conditional-full-instantiation-meta-rule.scm.go
7f3713398000-7f3713399000 r--p 00011000 00:4b 62169                      /home/jenkins/.cache/guile/ccache/2.2-LE-8-3.A/home/opencog/atomspace/tests/rule-engine/meta-rules/conditional-full-instantiation-meta-rule.scm.go
7f3713399000-7f37133a9000 r--p 00000000 00:4b 62187                      /home/jenkins/.cache/guile/ccache/2.2-LE-8-3.A/home/opencog/atomspace/tests/rule-engine/backwardchainer/scm/bc-criminal-without-deduction-config.scm.go
7f37133a9000-7f37133aa000 rw-p 00010000 00:4b 62187                      /home/jenkins/.cache/guile/ccache/2.2-LE-8-3.A/home/opencog/atomspace/tests/rule-engine/backwardchainer/scm/bc-criminal-without-deduction-config.scm.go
7f37133aa000-7f37133ba000 r--p 00000000 00:4b 62183                      /home/jenkins/.cache/guile/ccache/2.2-LE-8-3.A/home/opencog/atomspace/tests/rule-engine/backwardchainer/scm/friends.scm.go
7f37133ba000-7f37133bb000 rw-p 00010000 00:4b 62183                      /home/jenkins/.cache/guile/ccache/2.2-LE-8-3.A/home/opencog/atomspace/tests/rule-engine/backwardchainer/scm/friends.scm.go
7f37133bb000-7f37133bc000 r--p 00011000 00:4b 62183                      /home/jenkins/.cache/guile/ccache/2.2-LE-8-3.A/home/opencog/atomspace/tests/rule-engine/backwardchainer/scm/friends.scm.go
7f37133bc000-7f37133cc000 r--p 00000000 00:4b 62186                      /home/jenkins/.cache/guile/ccache/2.2-LE-8-3.A/home/opencog/atomspace/tests/rule-engine/meta-rules/conditional-partial-instantiation-meta-rule.scm.go
7f37133cc000-7f37133cd000 rw-p 00010000 00:4b 62186                      /home/jenkins/.cache/guile/ccache/2.2-LE-8-3.A/home/opencog/atomspace/tests/rule-engine/meta-rules/conditional-partial-instantiation-meta-rule.scm.go
7f37133cd000-7f37133ce000 r--p 00011000 00:4b 62186                      /home/jenkins/.cache/guile/ccache/2.2-LE-8-3.A/home/opencog/atomspace/tests/rule-engine/meta-rules/conditional-partial-instantiation-meta-rule.scm.go
7f37133ce000-7f37133de000 r--p 00000000 00:4b 62185                      /home/jenkins/.cache/guile/ccache/2.2-LE-8-3.A/home/opencog/atomspace/tests/rule-engine/backwardchainer/scm/conditional-partial-instantiation-config.scm.go
7f37133de000-7f37133df000 rw-p 00010000 00:4b 62185                      /home/jenkins/.cache/guile/ccache/2.2-LE-8-3.A/home/opencog/atomspace/tests/rule-engine/backwardchainer/scm/conditional-partial-instantiation-config.scm.go
7f37133df000-7f37133ef000 r--p 00000000 00:4b 62184                      /home/jenkins/.cache/guile/ccache/2.2-LE-8-3.A/home/opencog/atomspace/tests/rule-engine/backwardchainer/scm/animals.scm.go
7f37133ef000-7f37133f0000 rw-p 00010000 00:4b 62184                      /home/jenkins/.cache/guile/ccache/2.2-LE-8-3.A/home/opencog/atomspace/tests/rule-engine/backwardchainer/scm/animals.scm.go
7f37133f0000-7f3713400000 r--p 00000000 00:4b 62170                      /home/jenkins/.cache/guile/ccache/2.2-LE-8-3.A/home/opencog/atomspace/tests/rule-engine/rules/fuzzy-conjunction-introduction-rule.scm.go
7f3713400000-7f3713401000 rw-p 00010000 00:4b 62170                      /home/jenkins/.cache/guile/ccache/2.2-LE-8-3.A/home/opencog/atomspace/tests/rule-engine/rules/fuzzy-conjunction-introduction-rule.scm.go
7f3713401000-7f3713402000 r--p 00011000 00:4b 62170                      /home/jenkins/.cache/guile/ccache/2.2-LE-8-3.A/home/opencog/atomspace/tests/rule-engine/rules/fuzzy-conjunction-introduction-rule.scm.go
7f3713402000-7f3713412000 r--p 00000000 00:4b 62169                      /home/jenkins/.cache/guile/ccache/2.2-LE-8-3.A/home/opencog/atomspace/tests/rule-engine/meta-rules/conditional-full-instantiation-meta-rule.scm.go
7f3713412000-7f3713413000 rw-p 00010000 00:4b 62169                      /home/jenkins/.cache/guile/ccache/2.2-LE-8-3.A/home/opencog/atomspace/tests/rule-engine/meta-rules/conditional-full-instantiation-meta-rule.scm.go
7f3713413000-7f3713414000 r--p 00011000 00:4b 62169                      /home/jenkins/.cache/guile/ccache/2.2-LE-8-3.A/home/opencog/atomspace/tests/rule-engine/meta-rules/conditional-full-instantiation-meta-rule.scm.go
7f3713414000-7f3713424000 r--p 00000000 00:4b 62182                      /home/jenkins/.cache/guile/ccache/2.2-LE-8-3.A/home/opencog/atomspace/tests/rule-engine/backwardchainer/scm/conditional-instantiation-config.scm.go
7f3713424000-7f3713425000 rw-p 00010000 00:4b 62182                      /home/jenkins/.cache/guile/ccache/2.2-LE-8-3.A/home/opencog/atomspace/tests/rule-engine/backwardchainer/scm/conditional-instantiation-config.scm.go
7f3713425000-7f3713435000 r--p 00000000 00:4b 62184                      /home/jenkins/.cache/guile/ccache/2.2-LE-8-3.A/home/opencog/atomspace/tests/rule-engine/backwardchainer/scm/animals.scm.go
7f3713435000-7f3713436000 rw-p 00010000 00:4b 62184                      /home/jenkins/.cache/guile/ccache/2.2-LE-8-3.A/home/opencog/atomspace/tests/rule-engine/backwardchainer/scm/animals.scm.go
7f3713436000-7f3713446000 r--p 00000000 00:4b 62170                      /home/jenkins/.cache/guile/ccache/2.2-LE-8-3.A/home/opencog/atomspace/tests/rule-engine/rules/fuzzy-conjunction-introduction-rule.scm.go
7f3713446000-7f3713447000 rw-p 00010000 00:4b 62170                      /home/jenkins/.cache/guile/ccache/2.2-LE-8-3.A/home/opencog/atomspace/tests/rule-engine/rules/fuzzy-conjunction-introduction-rule.scm.go
7f3713447000-7f3713448000 r--p 00011000 00:4b 62170                      /home/jenkins/.cache/guile/ccache/2.2-LE-8-3.A/home/opencog/atomspace/tests/rule-engine/rules/fuzzy-conjunction-introduction-rule.scm.go
7f3713448000-7f3713458000 r--p 00000000 00:4b 62169                      /home/jenkins/.cache/guile/ccache/2.2-LE-8-3.A/home/opencog/atomspace/tests/rule-engine/meta-rules/conditional-full-instantiation-meta-rule.scm.go
7f3713458000-7f3713459000 rw-p 00010000 00:4b 62169                      /home/jenkins/.cache/guile/ccache/2.2-LE-8-3.A/home/opencog/atomspace/tests/rule-engine/meta-rules/conditional-full-instantiation-meta-rule.scm.go
7f3713459000-7f371345a000 r--p 00011000 00:4b 62169                      /home/jenkins/.cache/guile/ccache/2.2-LE-8-3.A/home/opencog/atomspace/tests/rule-engine/meta-rules/conditional-full-instantiation-meta-rule.scm.go
7f371345a000-7f371346a000 r--p 00000000 00:4b 62182                      /home/jenkins/.cache/guile/ccache/2.2-LE-8-3.A/home/opencog/atomspace/tests/rule-engine/backwardchainer/scm/conditional-instantiation-config.scm.go
7f371346a000-7f371346b000 rw-p 00010000 00:4b 62182                      /home/jenkins/.cache/guile/ccache/2.2-LE-8-3.A/home/opencog/atomspace/tests/rule-engine/backwardchainer/scm/conditional-instantiation-config.scm.go
7f371346b000-7f371347b000 r--p 00000000 00:4b 62183                      /home/jenkins/.cache/guile/ccache/2.2-LE-8-3.A/home/opencog/atomspace/tests/rule-engine/backwardchainer/scm/friends.scm.go
7f371347b000-7f371347c000 rw-p 00010000 00:4b 62183                      /home/jenkins/.cache/guile/ccache/2.2-LE-8-3.A/home/opencog/atomspace/tests/rule-engine/backwardchainer/scm/friends.scm.go
7f371347c000-7f371347d000 r--p 00011000 00:4b 62183                      /home/jenkins/.cache/guile/ccache/2.2-LE-8-3.A/home/opencog/atomspace/tests/rule-engine/backwardchainer/scm/friends.scm.go
7f371347d000-7f371349d000 rw-p 00000000 00:00 0 
7f37134ad000-7f37134bd000 r--p 00000000 00:4b 62170                      /home/jenkins/.cache/guile/ccache/2.2-LE-8-3.A/home/opencog/atomspace/tests/rule-engine/rules/fuzzy-conjunction-introduction-rule.scm.go
7f37134bd000-7f37134be000 rw-p 00010000 00:4b 62170                      /home/jenkins/.cache/guile/ccache/2.2-LE-8-3.A/home/opencog/atomspace/tests/rule-engine/rules/fuzzy-conjunction-introduction-rule.scm.go
7f37134be000-7f37134bf000 r--p 00011000 00:4b 62170                      /home/jenkins/.cache/guile/ccache/2.2-LE-8-3.A/home/opencog/atomspace/tests/rule-engine/rules/fuzzy-conjunction-introduction-rule.scm.go
7f37134bf000-7f37134cf000 r--p 00000000 00:4b 62169                      /home/jenkins/.cache/guile/ccache/2.2-LE-8-3.A/home/opencog/atomspace/tests/rule-engine/meta-rules/conditional-full-instantiation-meta-rule.scm.go
7f37134cf000-7f37134d0000 rw-p 00010000 00:4b 62169                      /home/jenkins/.cache/guile/ccache/2.2-LE-8-3.A/home/opencog/atomspace/tests/rule-engine/meta-rules/conditional-full-instantiation-meta-rule.scm.go
7f37134d0000-7f37134d1000 r--p 00011000 00:4b 62169                      /home/jenkins/.cache/guile/ccache/2.2-LE-8-3.A/home/opencog/atomspace/tests/rule-engine/meta-rules/conditional-full-instantiation-meta-rule.scm.go
7f37134d1000-7f37134e1000 r--p 00000000 00:4b 62182                      /home/jenkins/.cache/guile/ccache/2.2-LE-8-3.A/home/opencog/atomspace/tests/rule-engine/backwardchainer/scm/conditional-instantiation-config.scm.go
7f37134e1000-7f37134e2000 rw-p 00010000 00:4b 62182                      /home/jenkins/.cache/guile/ccache/2.2-LE-8-3.A/home/opencog/atomspace/tests/rule-engine/backwardchainer/scm/conditional-instantiation-config.scm.go
7f37134e2000-7f37134f2000 r--p 00000000 00:4b 62181                      /home/jenkins/.cache/guile/ccache/2.2-LE-8-3.A/home/opencog/atomspace/tests/rule-engine/backwardchainer/scm/simple-conjunction.scm.go
7f37134f2000-7f37134f3000 rw-p 00010000 00:4b 62181                      /home/jenkins/.cache/guile/ccache/2.2-LE-8-3.A/home/opencog/atomspace/tests/rule-engine/backwardchainer/scm/simple-conjunction.scm.go
7f37134f3000-7f3713503000 r--p 00000000 00:4b 62170                      /home/jenkins/.cache/guile/ccache/2.2-LE-8-3.A/home/opencog/atomspace/tests/rule-engine/rules/fuzzy-conjunction-introduction-rule.scm.go
7f3713503000-7f3713504000 rw-p 00010000 00:4b 62170                      /home/jenkins/.cache/guile/ccache/2.2-LE-8-3.A/home/opencog/atomspace/tests/rule-engine/rules/fuzzy-conjunction-introduction-rule.scm.go
7f3713504000-7f3713505000 r--p 00011000 00:4b 62170                      /home/jenkins/.cache/guile/ccache/2.2-LE-8-3.A/home/opencog/atomspace/tests/rule-engine/rules/fuzzy-conjunction-introduction-rule.scm.go
7f3713505000-7f3713515000 r--p 00000000 00:4b 62180                      /home/jenkins/.cache/guile/ccache/2.2-LE-8-3.A/home/opencog/atomspace/tests/rule-engine/backwardchainer/scm/fuzzy-conjunction-introduction-config.scm.go
7f3713515000-7f3713516000 rw-p 00010000 00:4b 62180                      /home/jenkins/.cache/guile/ccache/2.2-LE-8-3.A/home/opencog/atomspace/tests/rule-engine/backwardchainer/scm/fuzzy-conjunction-introduction-config.scm.go
7f3713516000-7f3713526000 r--p 00000000 00:4b 62179                      /home/jenkins/.cache/guile/ccache/2.2-LE-8-3.A/home/opencog/atomspace/tests/rule-engine/backwardchainer/scm/modus-ponens-example.scm.go
7f3713526000-7f3713527000 rw-p 00010000 00:4b 62179                      /home/jenkins/.cache/guile/ccache/2.2-LE-8-3.A/home/opencog/atomspace/tests/rule-engine/backwardchainer/scm/modus-ponens-example.scm.go
7f3713527000-7f3713537000 r--p 00000000 00:4b 62155                      /home/jenkins/.cache/guile/ccache/2.2-LE-8-3.A/home/opencog/atomspace/tests/rule-engine/rules/crisp-modus-ponens-rule.scm.go
7f3713537000-7f3713538000 rw-p 00010000 00:4b 62155                      /home/jenkins/.cache/guile/ccache/2.2-LE-8-3.A/home/opencog/atomspace/tests/rule-engine/rules/crisp-modus-ponens-rule.scm.go
7f3713538000-7f3713539000 r--p 00011000 00:4b 62155                      /home/jenkins/.cache/guile/ccache/2.2-LE-8-3.A/home/opencog/atomspace/tests/rule-engine/rules/crisp-modus-ponens-rule.scm.go
7f3713539000-7f3713549000 r--p 00000000 00:4b 62178                      /home/jenkins/.cache/guile/ccache/2.2-LE-8-3.A/home/opencog/atomspace/tests/rule-engine/backwardchainer/scm/bc-modus-ponens-config.scm.go
7f3713549000-7f371354a000 rw-p 00010000 00:4b 62178                      /home/jenkins/.cache/guile/ccache/2.2-LE-8-3.A/home/opencog/atomspace/tests/rule-engine/backwardchainer/scm/bc-modus-ponens-config.scm.go
7f371354a000-7f371355a000 r--p 00000000 00:4b 62177                      /home/jenkins/.cache/guile/ccache/2.2-LE-8-3.A/home/opencog/atomspace/tests/rule-engine/backwardchainer/scm/bc-transitive-closure.scm.go
7f371355a000-7f371355b000 rw-p 00010000 00:4b 62177                      /home/jenkins/.cache/guile/ccache/2.2-LE-8-3.A/home/opencog/atomspace/tests/rule-engine/backwardchainer/scm/bc-transitive-closure.scm.go
7f371355b000-7f371356b000 r--p 00000000 00:4b 62160                      /home/jenkins/.cache/guile/ccache/2.2-LE-8-3.A/home/opencog/atomspace/tests/rule-engine/rules/bc-deduction-rule.scm.go
7f371356b000-7f371356c000 rw-p 00010000 00:4b 62160                      /home/jenkins/.cache/guile/ccache/2.2-LE-8-3.A/home/opencog/atomspace/tests/rule-engine/rules/bc-deduction-rule.scm.go
7f371356c000-7f371356d000 r--p 00011000 00:4b 62160                      /home/jenkins/.cache/guile/ccache/2.2-LE-8-3.A/home/opencog/atomspace/tests/rule-engine/rules/bc-deduction-rule.scm.go
7f371356d000-7f371357d000 r--p 00000000 00:4b 62176                      /home/jenkins/.cache/guile/ccache/2.2-LE-8-3.A/home/opencog/atomspace/tests/rule-engine/backwardchainer/scm/bc-deduction-config.scm.go
7f371357d000-7f371357e000 rw-p 00010000 00:4b 62176                      /home/jenkins/.cache/guile/ccache/2.2-LE-8-3.A/home/opencog/atomspace/tests/rule-engine/backwardchainer/scm/bc-deduction-config.scm.go
7f371357e000-7f371358e000 r--p 00000000 00:4b 62177                      /home/jenkins/.cache/guile/ccache/2.2-LE-8-3.A/home/opencog/atomspace/tests/rule-engine/backwardchainer/scm/bc-transitive-closure.scm.go
7f371358e000-7f371358f000 rw-p 00010000 00:4b 62177                      /home/jenkins/.cache/guile/ccache/2.2-LE-8-3.A/home/opencog/atomspace/tests/rule-engine/backwardchainer/scm/bc-transitive-closure.scm.go
7f371358f000-7f371359f000 r--p 00000000 00:4b 62160                      /home/jenkins/.cache/guile/ccache/2.2-LE-8-3.A/home/opencog/atomspace/tests/rule-engine/rules/bc-deduction-rule.scm.go
7f371359f000-7f37135a0000 rw-p 00010000 00:4b 62160                      /home/jenkins/.cache/guile/ccache/2.2-LE-8-3.A/home/opencog/atomspace/tests/rule-engine/rules/bc-deduction-rule.scm.go
7f37135a0000-7f37135a1000 r--p 00011000 00:4b 62160                      /home/jenkins/.cache/guile/ccache/2.2-LE-8-3.A/home/opencog/atomspace/tests/rule-engine/rules/bc-deduction-rule.scm.go
7f37135a1000-7f37135b1000 r--p 00000000 00:4b 62176                      /home/jenkins/.cache/guile/ccache/2.2-LE-8-3.A/home/opencog/atomspace/tests/rule-engine/backwardchainer/scm/bc-deduction-config.scm.go
7f37135b1000-7f37135b2000 rw-p 00010000 00:4b 62176                      /home/jenkins/.cache/guile/ccache/2.2-LE-8-3.A/home/opencog/atomspace/tests/rule-engine/backwardchainer/scm/bc-deduction-config.scm.go
7f37135b2000-7f37135c2000 r--p 00000000 00:4b 62160                      /home/jenkins/.cache/guile/ccache/2.2-LE-8-3.A/home/opencog/atomspace/tests/rule-engine/rules/bc-deduction-rule.scm.go
7f37135c2000-7f37135c3000 rw-p 00010000 00:4b 62160                      /home/jenkins/.cache/guile/ccache/2.2-LE-8-3.A/home/opencog/atomspace/tests/rule-engine/rules/bc-deduction-rule.scm.go
7f37135c3000-7f37135c4000 r--p 00011000 00:4b 62160                      /home/jenkins/.cache/guile/ccache/2.2-LE-8-3.A/home/opencog/atomspace/tests/rule-engine/rules/bc-deduction-rule.scm.go
7f37135c4000-7f37135d4000 r--p 00000000 00:4b 62155                      /home/jenkins/.cache/guile/ccache/2.2-LE-8-3.A/home/opencog/atomspace/tests/rule-engine/rules/crisp-modus-ponens-rule.scm.go
7f37135d4000-7f37135d5000 rw-p 00010000 00:4b 62155                      /home/jenkins/.cache/guile/ccache/2.2-LE-8-3.A/home/opencog/atomspace/tests/rule-engine/rules/crisp-modus-ponens-rule.scm.go
7f37135d5000-7f37135d6000 r--p 00011000 00:4b 62155                      /home/jenkins/.cache/guile/ccache/2.2-LE-8-3.A/home/opencog/atomspace/tests/rule-engine/rules/crisp-modus-ponens-rule.scm.go
7f37135d6000-7f37135e6000 r--p 00000000 00:4b 62159                      /home/jenkins/.cache/guile/ccache/2.2-LE-8-3.A/home/opencog/atomspace/tests/rule-engine/backwardchainer/scm/bc-config.scm.go
7f37135e6000-7f37135e7000 rw-p 00010000 00:4b 62159                      /home/jenkins/.cache/guile/ccache/2.2-LE-8-3.A/home/opencog/atomspace/tests/rule-engine/backwardchainer/scm/bc-config.scm.go
7f37135e7000-7f37135f7000 r--p 00000000 00:4b 62160                      /home/jenkins/.cache/guile/ccache/2.2-LE-8-3.A/home/opencog/atomspace/tests/rule-engine/rules/bc-deduction-rule.scm.go
7f37135f7000-7f37135f8000 rw-p 00010000 00:4b 62160                      /home/jenkins/.cache/guile/ccache/2.2-LE-8-3.A/home/opencog/atomspace/tests/rule-engine/rules/bc-deduction-rule.scm.go
7f37135f8000-7f37135f9000 r--p 00011000 00:4b 62160                      /home/jenkins/.cache/guile/ccache/2.2-LE-8-3.A/home/opencog/atomspace/tests/rule-engine/rules/bc-deduction-rule.scm.go
7f37135f9000-7f3713609000 r--p 00000000 00:4b 62155                      /home/jenkins/.cache/guile/ccache/2.2-LE-8-3.A/home/opencog/atomspace/tests/rule-engine/rules/crisp-modus-ponens-rule.scm.go
7f3713609000-7f371360a000 rw-p 00010000 00:4b 62155                      /home/jenkins/.cache/guile/ccache/2.2-LE-8-3.A/home/opencog/atomspace/tests/rule-engine/rules/crisp-modus-ponens-rule.scm.go
7f371360a000-7f371360b000 r--p 00011000 00:4b 62155                      /home/jenkins/.cache/guile/ccache/2.2-LE-8-3.A/home/opencog/atomspace/tests/rule-engine/rules/crisp-modus-ponens-rule.scm.go
7f371360b000-7f371361b000 r--p 00000000 00:4b 62159                      /home/jenkins/.cache/guile/ccache/2.2-LE-8-3.A/home/opencog/atomspace/tests/rule-engine/backwardchainer/scm/bc-config.scm.go
7f371361b000-7f371361c000 rw-p 00010000 00:4b 62159                      /home/jenkins/.cache/guile/ccache/2.2-LE-8-3.A/home/opencog/atomspace/tests/rule-engine/backwardchainer/scm/bc-config.scm.go
7f371361c000-7f371362c000 r--p 00000000 00:4b 62160                      /home/jenkins/.cache/guile/ccache/2.2-LE-8-3.A/home/opencog/atomspace/tests/rule-engine/rules/bc-deduction-rule.scm.go
7f371362c000-7f371362d000 rw-p 00010000 00:4b 62160                      /home/jenkins/.cache/guile/ccache/2.2-LE-8-3.A/home/opencog/atomspace/tests/rule-engine/rules/bc-deduction-rule.scm.go
7f371362d000-7f371362e000 r--p 00011000 00:4b 62160                      /home/jenkins/.cache/guile/ccache/2.2-LE-8-3.A/home/opencog/atomspace/tests/rule-engine/rules/bc-deduction-rule.scm.go
7f371362e000-7f371363e000 r--p 00000000 00:4b 62155                      /home/jenkins/.cache/guile/ccache/2.2-LE-8-3.A/home/opencog/atomspace/tests/rule-engine/rules/crisp-modus-ponens-rule.scm.go
7f371363e000-7f371363f000 rw-p 00010000 00:4b 62155                      /home/jenkins/.cache/guile/ccache/2.2-LE-8-3.A/home/opencog/atomspace/tests/rule-engine/rules/crisp-modus-ponens-rule.scm.go
7f371363f000-7f3713640000 r--p 00011000 00:4b 62155                      /home/jenkins/.cache/guile/ccache/2.2-LE-8-3.A/home/opencog/atomspace/tests/rule-engine/rules/crisp-modus-ponens-rule.scm.go
7f3713640000-7f3713650000 r--p 00000000 00:4b 62159                      /home/jenkins/.cache/guile/ccache/2.2-LE-8-3.A/home/opencog/atomspace/tests/rule-engine/backwardchainer/scm/bc-config.scm.go
7f3713650000-7f3713651000 rw-p 00010000 00:4b 62159                      /home/jenkins/.cache/guile/ccache/2.2-LE-8-3.A/home/opencog/atomspace/tests/rule-engine/backwardchainer/scm/bc-config.scm.go
7f3713651000-7f371365c000 r-xp 00000000 00:4b 55949                      /usr/local/lib/opencog/liblogger.so
7f371365c000-7f371385b000 ---p 0000b000 00:4b 55949                      /usr/local/lib/opencog/liblogger.so
7f371385b000-7f371385c000 r--p 0000a000 00:4b 55949                      /usr/local/lib/opencog/liblogger.so
7f371385c000-7f371385d000 rw-p 0000b000 00:4b 55949                      /usr/local/lib/opencog/liblogger.so
7f371385d000-7f371386d000 r--p 00000000 00:4b 62017                      /home/jenkins/.cache/guile/ccache/2.2-LE-8-3.A/home/opencog/atomspace/opencog/scm/opencog/logger.scm.go
7f371386d000-7f371386f000 rw-p 00010000 00:4b 62017                      /home/jenkins/.cache/guile/ccache/2.2-LE-8-3.A/home/opencog/atomspace/opencog/scm/opencog/logger.scm.go
7f371386f000-7f3713872000 r--p 00012000 00:4b 62017                      /home/jenkins/.cache/guile/ccache/2.2-LE-8-3.A/home/opencog/atomspace/opencog/scm/opencog/logger.scm.go
7f3713872000-7f37138ac000 r-xp 00000000 00:4b 55832                      /usr/local/lib/opencog/libexecution.so
7f37138ac000-7f3713aab000 ---p 0003a000 00:4b 55832                      /usr/local/lib/opencog/libexecution.so
7f3713aab000-7f3713aad000 r--p 00039000 00:4b 55832                      /usr/local/lib/opencog/libexecution.so
7f3713aad000-7f3713aae000 rw-p 0003b000 00:4b 55832                      /usr/local/lib/opencog/libexecution.so
7f3713aae000-7f3713abe000 r--p 00000000 00:4b 61993                      /home/jenkins/.cache/guile/ccache/2.2-LE-8-3.A/home/opencog/atomspace/opencog/scm/opencog/exec.scm.go
7f3713abe000-7f3713abf000 rw-p 00010000 00:4b 61993                      /home/jenkins/.cache/guile/ccache/2.2-LE-8-3.A/home/opencog/atomspace/opencog/scm/opencog/exec.scm.go
7f3713abf000-7f3713acf000 r--p 00000000 00:4b 62020                      /home/jenkins/.cache/guile/ccache/2.2-LE-8-3.A/home/opencog/atomspace/opencog/scm/opencog/rule-engine/rule-engine-utils.scm.go
7f3713acf000-7f3713ad2000 rw-p 00010000 00:4b 62020                      /home/jenkins/.cache/guile/ccache/2.2-LE-8-3.A/home/opencog/atomspace/opencog/scm/opencog/rule-engine/rule-engine-utils.scm.go
7f3713ad2000-7f3713ad6000 r--p 00013000 00:4b 62020                      /home/jenkins/.cache/guile/ccache/2.2-LE-8-3.A/home/opencog/atomspace/opencog/scm/opencog/rule-engine/rule-engine-utils.scm.go
7f3713ad6000-7f3713b88000 r-xp 00000000 00:4b 55916                      /usr/local/lib/opencog/libruleengine.so
7f3713b88000-7f3713d88000 ---p 000b2000 00:4b 55916                      /usr/local/lib/opencog/libruleengine.so
7f3713d88000-7f3713d8c000 r--p 000b2000 00:4b 55916                      /usr/local/lib/opencog/libruleengine.so
7f3713d8c000-7f3713d8e000 rw-p 000b6000 00:4b 55916                      /usr/local/lib/opencog/libruleengine.so
7f3713d8e000-7f3713d90000 rw-p 00000000 00:00 0 
7f3713d90000-7f3713da0000 r--p 00000000 00:4b 62018                      /home/jenkins/.cache/guile/ccache/2.2-LE-8-3.A/home/opencog/atomspace/opencog/scm/opencog/rule-engine.scm.go
7f3713da0000-7f3713da1000 rw-p 00010000 00:4b 62018                      /home/jenkins/.cache/guile/ccache/2.2-LE-8-3.A/home/opencog/atomspace/opencog/scm/opencog/rule-engine.scm.go
7f3713da1000-7f3713da2000 ---p 00000000 00:00 0 
7f3713da2000-7f37145a2000 rw-p 00000000 00:00 0 
7f37145a2000-7f37145b2000 r--p 00000000 00:4b 61988                      /home/jenkins/.cache/guile/ccache/2.2-LE-8-3.A/home/opencog/atomspace/opencog/scm/opencog/base/debug-trace.scm.go
7f37145b2000-7f37145b3000 rw-p 00010000 00:4b 61988                      /home/jenkins/.cache/guile/ccache/2.2-LE-8-3.A/home/opencog/atomspace/opencog/scm/opencog/base/debug-trace.scm.go
7f37145b3000-7f37145b4000 r--p 00011000 00:4b 61988                      /home/jenkins/.cache/guile/ccache/2.2-LE-8-3.A/home/opencog/atomspace/opencog/scm/opencog/base/debug-trace.scm.go
7f37145b4000-7f37145c4000 r--p 00000000 00:4b 15704                      /usr/local/lib/guile/2.2/ccache/srfi/srfi-8.go
7f37145c4000-7f37145c5000 rw-p 00010000 00:4b 15704                      /usr/local/lib/guile/2.2/ccache/srfi/srfi-8.go
7f37145c5000-7f37145d5000 r--p 00000000 00:4b 15656                      /usr/local/lib/guile/2.2/ccache/rnrs/files.go
7f37145d5000-7f37145d7000 rw-p 00010000 00:4b 15656                      /usr/local/lib/guile/2.2/ccache/rnrs/files.go
7f37145d7000-7f37145d8000 r--p 00012000 00:4b 15656                      /usr/local/lib/guile/2.2/ccache/rnrs/files.go
7f37145d8000-7f37145e8000 r--p 00000000 00:4b 15708                      /usr/local/lib/guile/2.2/ccache/srfi/srfi-13.go
7f37145e8000-7f37145ea000 rw-p 00010000 00:4b 15708                      /usr/local/lib/guile/2.2/ccache/srfi/srfi-13.go
7f37145ea000-7f371460a000 r--p 00000000 00:4b 15730                      /usr/local/lib/guile/2.2/ccache/srfi/srfi-69.go
7f371460a000-7f3714616000 rw-p 00020000 00:4b 15730                      /usr/local/lib/guile/2.2/ccache/srfi/srfi-69.go
7f3714616000-7f371461b000 r--p 0002c000 00:4b 15730                      /usr/local/lib/guile/2.2/ccache/srfi/srfi-69.go
7f371461b000-7f371462b000 r--p 00000000 00:4b 15657                      /usr/local/lib/guile/2.2/ccache/rnrs/hashtables.go
7f371462b000-7f371462d000 rw-p 00010000 00:4b 15657                      /usr/local/lib/guile/2.2/ccache/rnrs/hashtables.go
7f371462d000-7f371462f000 r--p 00012000 00:4b 15657                      /usr/local/lib/guile/2.2/ccache/rnrs/hashtables.go
7f371462f000-7f371463f000 r--p 00000000 00:4b 15569                      /usr/local/lib/guile/2.2/ccache/rnrs/records/syntactic.go
7f371463f000-7f3714644000 rw-p 00010000 00:4b 15569                      /usr/local/lib/guile/2.2/ccache/rnrs/records/syntactic.go
7f3714644000-7f3714647000 r--p 00015000 00:4b 15569                      /usr/local/lib/guile/2.2/ccache/rnrs/records/syntactic.go
7f3714647000-7f3714657000 r--p 00000000 00:4b 15664                      /usr/local/lib/guile/2.2/ccache/rnrs/syntax-case.go
7f3714657000-7f3714658000 rw-p 00010000 00:4b 15664                      /usr/local/lib/guile/2.2/ccache/rnrs/syntax-case.go
7f3714658000-7f3714659000 r--p 00011000 00:4b 15664                      /usr/local/lib/guile/2.2/ccache/rnrs/syntax-case.go
7f3714659000-7f3714669000 r--p 00000000 00:4b 15727                      /usr/local/lib/guile/2.2/ccache/srfi/srfi-60.go
7f3714669000-7f371466a000 rw-p 00010000 00:4b 15727                      /usr/local/lib/guile/2.2/ccache/srfi/srfi-60.go
7f371466a000-7f371466b000 r--p 00011000 00:4b 15727                      /usr/local/lib/guile/2.2/ccache/srfi/srfi-60.go
7f371466b000-7f371467b000 r--p 00000000 00:4b 15571                      /usr/local/lib/guile/2.2/ccache/rnrs/arithmetic/bitwise.go
7f371467b000-7f371467c000 rw-p 00010000 00:4b 15571                      /usr/local/lib/guile/2.2/ccache/rnrs/arithmetic/bitwise.go
7f371467c000-7f371467d000 r--p 00011000 00:4b 15571                      /usr/local/lib/guile/2.2/ccache/rnrs/arithmetic/bitwise.go
7f371467d000-7f371468d000 r--p 00000000 00:4b 15567                      /usr/local/lib/guile/2.2/ccache/rnrs/records/inspection.go
7f371468d000-7f371468e000 rw-p 00010000 00:4b 15567                      /usr/local/lib/guile/2.2/ccache/rnrs/records/inspection.go
7f371468e000-7f371468f000 r--p 00011000 00:4b 15567                      /usr/local/lib/guile/2.2/ccache/rnrs/records/inspection.go
7f371468f000-7f371469f000 r--p 00000000 00:4b 15652                      /usr/local/lib/guile/2.2/ccache/rnrs/control.go
7f371469f000-7f37146a0000 rw-p 00010000 00:4b 15652                      /usr/local/lib/guile/2.2/ccache/rnrs/control.go
7f37146a0000-7f37146b0000 r--p 00000000 00:4b 15655                      /usr/local/lib/guile/2.2/ccache/rnrs/exceptions.go
7f37146b0000-7f37146b4000 rw-p 00010000 00:4b 15655                      /usr/local/lib/guile/2.2/ccache/rnrs/exceptions.go
7f37146b4000-7f37146b6000 r--p 00014000 00:4b 15655                      /usr/local/lib/guile/2.2/ccache/rnrs/exceptions.go
7f37146b6000-7f37146c6000 r--p 00000000 00:4b 15568                      /usr/local/lib/guile/2.2/ccache/rnrs/records/procedural.go
7f37146c6000-7f37146c8000 rw-p 00010000 00:4b 15568                      /usr/local/lib/guile/2.2/ccache/rnrs/records/procedural.go
7f37146c8000-7f37146ca000 r--p 00012000 00:4b 15568                      /usr/local/lib/guile/2.2/ccache/rnrs/records/procedural.go
7f37146ca000-7f37146da000 r--p 00000000 00:4b 15658                      /usr/local/lib/guile/2.2/ccache/rnrs/lists.go
7f37146da000-7f37146db000 rw-p 00010000 00:4b 15658                      /usr/local/lib/guile/2.2/ccache/rnrs/lists.go
7f37146db000-7f37146dc000 r--p 00011000 00:4b 15658                      /usr/local/lib/guile/2.2/ccache/rnrs/lists.go
7f37146dc000-7f37146ec000 r--p 00000000 00:4b 15651                      /usr/local/lib/guile/2.2/ccache/rnrs/conditions.go
7f37146ec000-7f37146f0000 rw-p 00010000 00:4b 15651                      /usr/local/lib/guile/2.2/ccache/rnrs/conditions.go
7f37146f0000-7f37146f2000 r--p 00014000 00:4b 15651                      /usr/local/lib/guile/2.2/ccache/rnrs/conditions.go
7f37146f2000-7f3714702000 r--p 00000000 00:4b 15653                      /usr/local/lib/guile/2.2/ccache/rnrs/enums.go
7f3714702000-7f3714705000 rw-p 00010000 00:4b 15653                      /usr/local/lib/guile/2.2/ccache/rnrs/enums.go
7f3714705000-7f3714707000 r--p 00013000 00:4b 15653                      /usr/local/lib/guile/2.2/ccache/rnrs/enums.go
7f3714707000-7f3714717000 r--p 00000000 00:4b 15475                      /usr/local/lib/guile/2.2/ccache/ice-9/iconv.go
7f3714717000-7f3714718000 rw-p 00010000 00:4b 15475                      /usr/local/lib/guile/2.2/ccache/ice-9/iconv.go
7f3714718000-7f3714719000 r--p 00011000 00:4b 15475                      /usr/local/lib/guile/2.2/ccache/ice-9/iconv.go
7f3714719000-7f3714729000 r--p 00000000 00:4b 15650                      /usr/local/lib/guile/2.2/ccache/rnrs/base.go
7f3714729000-7f3714731000 rw-p 00010000 00:4b 15650                      /usr/local/lib/guile/2.2/ccache/rnrs/base.go
7f3714731000-7f3714733000 r--p 00018000 00:4b 15650                      /usr/local/lib/guile/2.2/ccache/rnrs/base.go
7f3714733000-7f3714753000 r--p 00000000 00:4b 15594                      /usr/local/lib/guile/2.2/ccache/rnrs/io/ports.go
7f3714753000-7f371475d000 rw-p 00020000 00:4b 15594                      /usr/local/lib/guile/2.2/ccache/rnrs/io/ports.go
7f371475d000-7f3714762000 r--p 0002a000 00:4b 15594                      /usr/local/lib/guile/2.2/ccache/rnrs/io/ports.go
7f3714762000-7f3714772000 r--p 00000000 00:4b 15608                      /usr/local/lib/guile/2.2/ccache/ice-9/rw.go
7f3714772000-7f3714773000 rw-p 00010000 00:4b 15608                      /usr/local/lib/guile/2.2/ccache/ice-9/rw.go
7f3714773000-7f3714783000 r--p 00000000 00:4b 15597                      /usr/local/lib/guile/2.2/ccache/ice-9/popen.go
7f3714783000-7f371478a000 rw-p 00010000 00:4b 15597                      /usr/local/lib/guile/2.2/ccache/ice-9/popen.go
7f371478a000-7f371478c000 r--p 00017000 00:4b 15597                      /usr/local/lib/guile/2.2/ccache/ice-9/popen.go
7f371478c000-7f371479c000 r--p 00000000 00:4b 15604                      /usr/local/lib/guile/2.2/ccache/ice-9/rdelim.go
7f371479c000-7f371479e000 rw-p 00010000 00:4b 15604                      /usr/local/lib/guile/2.2/ccache/ice-9/rdelim.go
7f371479e000-7f371479f000 r--p 00012000 00:4b 15604                      /usr/local/lib/guile/2.2/ccache/ice-9/rdelim.go
7f371479f000-7f37147af000 r--p 00000000 00:4b 61987                      /home/jenkins/.cache/guile/ccache/2.2-LE-8-3.A/home/opencog/atomspace/opencog/scm/opencog/base/file-utils.scm.go
7f37147af000-7f37147b0000 rw-p 00010000 00:4b 61987                      /home/jenkins/.cache/guile/ccache/2.2-LE-8-3.A/home/opencog/atomspace/opencog/scm/opencog/base/file-utils.scm.go
7f37147b0000-7f37147b2000 r--p 00011000 00:4b 61987                      /home/jenkins/.cache/guile/ccache/2.2-LE-8-3.A/home/opencog/atomspace/opencog/scm/opencog/base/file-utils.scm.go
7f37147b2000-7f37147c2000 r--p 00000000 00:4b 61986                      /home/jenkins/.cache/guile/ccache/2.2-LE-8-3.A/home/opencog/atomspace/opencog/scm/opencog/base/tv.scm.go
7f37147c2000-7f37147c3000 rw-p 00010000 00:4b 61986                      /home/jenkins/.cache/guile/ccache/2.2-LE-8-3.A/home/opencog/atomspace/opencog/scm/opencog/base/tv.scm.go
7f37147c3000-7f37147c5000 r--p 00011000 00:4b 61986                      /home/jenkins/.cache/guile/ccache/2.2-LE-8-3.A/home/opencog/atomspace/opencog/scm/opencog/base/tv.scm.go
7f37147c5000-7f37147d5000 r--p 00000000 00:4b 61985                      /home/jenkins/.cache/guile/ccache/2.2-LE-8-3.A/home/opencog/atomspace/opencog/scm/opencog/base/apply.scm.go
7f37147d5000-7f37147d6000 rw-p 00010000 00:4b 61985                      /home/jenkins/.cache/guile/ccache/2.2-LE-8-3.A/home/opencog/atomspace/opencog/scm/opencog/base/apply.scm.go
7f37147d6000-7f37147d7000 r--p 00011000 00:4b 61985                      /home/jenkins/.cache/guile/ccache/2.2-LE-8-3.A/home/opencog/atomspace/opencog/scm/opencog/base/apply.scm.go
7f37147d7000-7f37147e7000 r--p 00000000 00:4b 61984                      /home/jenkins/.cache/guile/ccache/2.2-LE-8-3.A/home/opencog/atomspace/opencog/scm/opencog/base/atom-cache.scm.go
7f37147e7000-7f37147e8000 rw-p 00010000 00:4b 61984                      /home/jenkins/.cache/guile/ccache/2.2-LE-8-3.A/home/opencog/atomspace/opencog/scm/opencog/base/atom-cache.scm.go
7f37147e8000-7f37147ea000 r--p 00011000 00:4b 61984                      /home/jenkins/.cache/guile/ccache/2.2-LE-8-3.A/home/opencog/atomspace/opencog/scm/opencog/base/atom-cache.scm.go
7f37147ea000-7f37147fa000 r--p 00000000 00:4b 15778                      /usr/local/lib/guile/2.2/ccache/language/bytecode/spec.go
7f37147fa000-7f37147fb000 rw-p 00010000 00:4b 15778                      /usr/local/lib/guile/2.2/ccache/language/bytecode/spec.go
7f37147fb000-7f37147fc000 r--p 00011000 00:4b 15778                      /usr/local/lib/guile/2.2/ccache/language/bytecode/spec.go
7f37147fc000-7f371480c000 r--p 00000000 00:4b 15450                      /usr/local/lib/guile/2.2/ccache/ice-9/binary-ports.go
7f371480c000-7f371480d000 rw-p 00010000 00:4b 15450                      /usr/local/lib/guile/2.2/ccache/ice-9/binary-ports.go
7f371480d000-7f371483d000 r--p 00000000 00:4b 15643                      /usr/local/lib/guile/2.2/ccache/system/vm/linker.go
7f371483d000-7f3714852000 rw-p 00030000 00:4b 15643                      /usr/local/lib/guile/2.2/ccache/system/vm/linker.go
7f3714852000-7f371485c000 r--p 00045000 00:4b 15643                      /usr/local/lib/guile/2.2/ccache/system/vm/linker.go
7f371485c000-7f37148ec000 r--p 00000000 00:4b 15635                      /usr/local/lib/guile/2.2/ccache/system/vm/assembler.go
7f37148ec000-7f3714928000 rw-p 00090000 00:4b 15635                      /usr/local/lib/guile/2.2/ccache/system/vm/assembler.go
7f3714928000-7f3714953000 r--p 000cc000 00:4b 15635                      /usr/local/lib/guile/2.2/ccache/system/vm/assembler.go
7f3714953000-7f3714963000 r--p 00000000 00:4b 15770                      /usr/local/lib/guile/2.2/ccache/language/cps/split-rec.go
7f3714963000-7f3714964000 rw-p 00010000 00:4b 15770                      /usr/local/lib/guile/2.2/ccache/language/cps/split-rec.go
7f3714964000-7f3714966000 r--p 00011000 00:4b 15770                      /usr/local/lib/guile/2.2/ccache/language/cps/split-rec.go
7f3714966000-7f3714976000 r--p 00000000 00:4b 15761                      /usr/local/lib/guile/2.2/ccache/language/cps/reify-primitives.go
7f3714976000-7f3714978000 rw-p 00010000 00:4b 15761                      /usr/local/lib/guile/2.2/ccache/language/cps/reify-primitives.go
7f3714978000-7f371497a000 r--p 00012000 00:4b 15761                      /usr/local/lib/guile/2.2/ccache/language/cps/reify-primitives.go
7f371497a000-7f371498a000 r--p 00000000 00:4b 15775                      /usr/local/lib/guile/2.2/ccache/language/cps/verify.go
7f371498a000-7f371498d000 rw-p 00010000 00:4b 15775                      /usr/local/lib/guile/2.2/ccache/language/cps/verify.go
7f371498d000-7f371498f000 r--p 00013000 00:4b 15775                      /usr/local/lib/guile/2.2/ccache/language/cps/verify.go
7f371498f000-7f371499f000 r--p 00000000 00:4b 15772                      /usr/local/lib/guile/2.2/ccache/language/cps/type-fold.go
7f371499f000-7f37149a4000 rw-p 00010000 00:4b 15772                      /usr/local/lib/guile/2.2/ccache/language/cps/type-fold.go
7f37149a4000-7f37149a7000 r--p 00015000 00:4b 15772                      /usr/local/lib/guile/2.2/ccache/language/cps/type-fold.go
7f37149a7000-7f37149b7000 r--p 00000000 00:4b 15769                      /usr/local/lib/guile/2.2/ccache/language/cps/specialize-numbers.go
7f37149b7000-7f37149bb000 rw-p 00010000 00:4b 15769                      /usr/local/lib/guile/2.2/ccache/language/cps/specialize-numbers.go
7f37149bb000-7f37149bf000 r--p 00014000 00:4b 15769                      /usr/local/lib/guile/2.2/ccache/language/cps/specialize-numbers.go
7f37149bf000-7f37149cf000 r--p 00000000 00:4b 15768                      /usr/local/lib/guile/2.2/ccache/language/cps/specialize-primcalls.go
7f37149cf000-7f37149d0000 rw-p 00010000 00:4b 15768                      /usr/local/lib/guile/2.2/ccache/language/cps/specialize-primcalls.go
7f37149d0000-7f37149d2000 r--p 00011000 00:4b 15768                      /usr/local/lib/guile/2.2/ccache/language/cps/specialize-primcalls.go
7f37149d2000-7f37149e2000 r--p 00000000 00:4b 15765                      /usr/local/lib/guile/2.2/ccache/language/cps/simplify.go
7f37149e2000-7f37149e4000 rw-p 00010000 00:4b 15765                      /usr/local/lib/guile/2.2/ccache/language/cps/simplify.go
7f37149e4000-7f37149e6000 r--p 00012000 00:4b 15765                      /usr/local/lib/guile/2.2/ccache/language/cps/simplify.go
7f37149e6000-7f37149f6000 r--p 00000000 00:4b 15764                      /usr/local/lib/guile/2.2/ccache/language/cps/self-references.go
7f37149f6000-7f37149f7000 rw-p 00010000 00:4b 15764                      /usr/local/lib/guile/2.2/ccache/language/cps/self-references.go
7f37149f7000-7f37149f8000 r--p 00011000 00:4b 15764                      /usr/local/lib/guile/2.2/ccache/language/cps/self-references.go
7f37149f8000-7f3714a08000 r--p 00000000 00:4b 15763                      /usr/local/lib/guile/2.2/ccache/language/cps/rotate-loops.go
7f3714a08000-7f3714a09000 rw-p 00010000 00:4b 15763                      /usr/local/lib/guile/2.2/ccache/language/cps/rotate-loops.go
7f3714a09000-7f3714a0b000 r--p 00011000 00:4b 15763                      /usr/local/lib/guile/2.2/ccache/language/cps/rotate-loops.go
7f3714a0b000-7f3714a1b000 r--p 00000000 00:4b 15759                      /usr/local/lib/guile/2.2/ccache/language/cps/prune-bailouts.go
7f3714a1b000-7f3714a1c000 rw-p 00010000 00:4b 15759                      /usr/local/lib/guile/2.2/ccache/language/cps/prune-bailouts.go
7f3714a1c000-7f3714a1d000 r--p 00011000 00:4b 15759                      /usr/local/lib/guile/2.2/ccache/language/cps/prune-bailouts.go
7f3714a1d000-7f3714a2d000 r--p 00000000 00:4b 15760                      /usr/local/lib/guile/2.2/ccache/language/cps/prune-top-level-scopes.go
7f3714a2d000-7f3714a2e000 rw-p 00010000 00:4b 15760                      /usr/local/lib/guile/2.2/ccache/language/cps/prune-top-level-scopes.go
7f3714a2e000-7f3714a2f000 r--p 00011000 00:4b 15760                      /usr/local/lib/guile/2.2/ccache/language/cps/prune-top-level-scopes.go
7f3714a2f000-7f3714a3f000 r--p 00000000 00:4b 15757                      /usr/local/lib/guile/2.2/ccache/language/cps/peel-loops.go
7f3714a3f000-7f3714a41000 rw-p 00010000 00:4b 15757                      /usr/local/lib/guile/2.2/ccache/language/cps/peel-loops.go
7f3714a41000-7f3714a43000 r--p 00012000 00:4b 15757                      /usr/local/lib/guile/2.2/ccache/language/cps/peel-loops.go
7f3714a43000-7f3714a53000 r--p 00000000 00:4b 15755                      /usr/local/lib/guile/2.2/ccache/language/cps/licm.go
7f3714a53000-7f3714a55000 rw-p 00010000 00:4b 15755                      /usr/local/lib/guile/2.2/ccache/language/cps/licm.go
7f3714a55000-7f3714a57000 r--p 00012000 00:4b 15755                      /usr/local/lib/guile/2.2/ccache/language/cps/licm.go
7f3714a57000-7f3714a67000 r--p 00000000 00:4b 15751                      /usr/local/lib/guile/2.2/ccache/language/cps/elide-values.go
7f3714a67000-7f3714a68000 rw-p 00010000 00:4b 15751                      /usr/local/lib/guile/2.2/ccache/language/cps/elide-values.go
7f3714a68000-7f3714a69000 r--p 00011000 00:4b 15751                      /usr/local/lib/guile/2.2/ccache/language/cps/elide-values.go
7f3714a69000-7f3714ad9000 r--p 00000000 00:4b 15773                      /usr/local/lib/guile/2.2/ccache/language/cps/types.go
7f3714ad9000-7f3714af7000 rw-p 00070000 00:4b 15773                      /usr/local/lib/guile/2.2/ccache/language/cps/types.go
7f3714af7000-7f3714b14000 r--p 0008e000 00:4b 15773                      /usr/local/lib/guile/2.2/ccache/language/cps/types.go
7f3714b14000-7f3714b24000 r--p 00000000 00:4b 15771                      /usr/local/lib/guile/2.2/ccache/language/cps/type-checks.go
7f3714b24000-7f3714b25000 rw-p 00010000 00:4b 15771                      /usr/local/lib/guile/2.2/ccache/language/cps/type-checks.go
7f3714b25000-7f3714b26000 r--p 00011000 00:4b 15771                      /usr/local/lib/guile/2.2/ccache/language/cps/type-checks.go
7f3714b26000-7f3714b36000 r--p 00000000 00:4b 15749                      /usr/local/lib/guile/2.2/ccache/language/cps/dce.go
7f3714b36000-7f3714b38000 rw-p 00010000 00:4b 15749                      /usr/local/lib/guile/2.2/ccache/language/cps/dce.go
7f3714b38000-7f3714b3b000 r--p 00012000 00:4b 15749                      /usr/local/lib/guile/2.2/ccache/language/cps/dce.go
7f3714b3b000-7f3714b5b000 r--p 00000000 00:4b 15750                      /usr/local/lib/guile/2.2/ccache/language/cps/effects-analysis.go
7f3714b5b000-7f3714b6a000 rw-p 00020000 00:4b 15750                      /usr/local/lib/guile/2.2/ccache/language/cps/effects-analysis.go
7f3714b6a000-7f3714b77000 r--p 0002f000 00:4b 15750                      /usr/local/lib/guile/2.2/ccache/language/cps/effects-analysis.go
7f3714b77000-7f3714b87000 r--p 00000000 00:4b 15748                      /usr/local/lib/guile/2.2/ccache/language/cps/cse.go
7f3714b87000-7f3714b8a000 rw-p 00010000 00:4b 15748                      /usr/local/lib/guile/2.2/ccache/language/cps/cse.go
7f3714b8a000-7f3714b8e000 r--p 00013000 00:4b 15748                      /usr/local/lib/guile/2.2/ccache/language/cps/cse.go
7f3714b8e000-7f3714b9e000 r--p 00000000 00:4b 15747                      /usr/local/lib/guile/2.2/ccache/language/cps/contification.go
7f3714b9e000-7f3714ba0000 rw-p 00010000 00:4b 15747                      /usr/local/lib/guile/2.2/ccache/language/cps/contification.go
7f3714ba0000-7f3714ba3000 r--p 00012000 00:4b 15747                      /usr/local/lib/guile/2.2/ccache/language/cps/contification.go
7f3714ba3000-7f3714bb3000 r--p 00000000 00:4b 15746                      /usr/local/lib/guile/2.2/ccache/language/cps/constructors.go
7f3714bb3000-7f3714bb4000 rw-p 00010000 00:4b 15746                      /usr/local/lib/guile/2.2/ccache/language/cps/constructors.go
7f3714bb4000-7f3714bb5000 r--p 00011000 00:4b 15746                      /usr/local/lib/guile/2.2/ccache/language/cps/constructors.go
7f3714bb5000-7f3714bc5000 r--p 00000000 00:4b 15756                      /usr/local/lib/guile/2.2/ccache/language/cps/optimize.go
7f3714bc5000-7f3714bc7000 rw-p 00010000 00:4b 15756                      /usr/local/lib/guile/2.2/ccache/language/cps/optimize.go
7f3714bc7000-7f3714bc8000 r--p 00012000 00:4b 15756                      /usr/local/lib/guile/2.2/ccache/language/cps/optimize.go
7f3714bc8000-7f3714bd8000 r--p 00000000 00:4b 15762                      /usr/local/lib/guile/2.2/ccache/language/cps/renumber.go
7f3714bd8000-7f3714bd9000 rw-p 00010000 00:4b 15762                      /usr/local/lib/guile/2.2/ccache/language/cps/renumber.go
7f3714bd9000-7f3714bdb000 r--p 00011000 00:4b 15762                      /usr/local/lib/guile/2.2/ccache/language/cps/renumber.go
7f3714bdb000-7f3714beb000 r--p 00000000 00:4b 15752                      /usr/local/lib/guile/2.2/ccache/language/cps/handle-interrupts.go
7f3714beb000-7f3714bec000 rw-p 00010000 00:4b 15752                      /usr/local/lib/guile/2.2/ccache/language/cps/handle-interrupts.go
7f3714bec000-7f3714bed000 r--p 00011000 00:4b 15752                      /usr/local/lib/guile/2.2/ccache/language/cps/handle-interrupts.go
7f3714bed000-7f3714bfd000 r--p 00000000 00:4b 15744                      /usr/local/lib/guile/2.2/ccache/language/cps/closure-conversion.go
7f3714bfd000-7f3714bff000 rw-p 00010000 00:4b 15744                      /usr/local/lib/guile/2.2/ccache/language/cps/closure-conversion.go
7f3714bff000-7f3714c05000 r--p 00012000 00:4b 15744                      /usr/local/lib/guile/2.2/ccache/language/cps/closure-conversion.go
7f3714c05000-7f3714c35000 r--p 00000000 00:4b 15766                      /usr/local/lib/guile/2.2/ccache/language/cps/slot-allocation.go
7f3714c35000-7f3714c46000 rw-p 00030000 00:4b 15766                      /usr/local/lib/guile/2.2/ccache/language/cps/slot-allocation.go
7f3714c46000-7f3714c50000 r--p 00041000 00:4b 15766                      /usr/local/lib/guile/2.2/ccache/language/cps/slot-allocation.go
7f3714c50000-7f3714c70000 r--p 00000000 00:4b 15745                      /usr/local/lib/guile/2.2/ccache/language/cps/compile-bytecode.go
7f3714c70000-7f3714c75000 rw-p 00020000 00:4b 15745                      /usr/local/lib/guile/2.2/ccache/language/cps/compile-bytecode.go
7f3714c75000-7f3714c7b000 r--p 00025000 00:4b 15745                      /usr/local/lib/guile/2.2/ccache/language/cps/compile-bytecode.go
7f3714c7b000-7f3714c8b000 r--p 00000000 00:4b 15767                      /usr/local/lib/guile/2.2/ccache/language/cps/spec.go
7f3714c8b000-7f3714c8c000 rw-p 00010000 00:4b 15767                      /usr/local/lib/guile/2.2/ccache/language/cps/spec.go
7f3714c8c000-7f3714c8d000 r--p 00011000 00:4b 15767                      /usr/local/lib/guile/2.2/ccache/language/cps/spec.go
7f3714c8d000-7f3714c9d000 r--p 00000000 00:4b 15533                      /usr/local/lib/guile/2.2/ccache/language/tree-il/debug.go
7f3714c9d000-7f3714c9e000 rw-p 00010000 00:4b 15533                      /usr/local/lib/guile/2.2/ccache/language/tree-il/debug.go
7f3714c9e000-7f3714ca0000 r--p 00011000 00:4b 15533                      /usr/local/lib/guile/2.2/ccache/language/tree-il/debug.go
7f3714ca0000-7f3714cb0000 r--p 00000000 00:4b 15535                      /usr/local/lib/guile/2.2/ccache/language/tree-il/fix-letrec.go
7f3714cb0000-7f3714cb2000 rw-p 00010000 00:4b 15535                      /usr/local/lib/guile/2.2/ccache/language/tree-il/fix-letrec.go
7f3714cb2000-7f3714cb4000 r--p 00012000 00:4b 15535                      /usr/local/lib/guile/2.2/ccache/language/tree-il/fix-letrec.go
7f3714cb4000-7f3714cd4000 r--p 00000000 00:4b 15534                      /usr/local/lib/guile/2.2/ccache/language/tree-il/effects.go
7f3714cd4000-7f3714ce1000 rw-p 00020000 00:4b 15534                      /usr/local/lib/guile/2.2/ccache/language/tree-il/effects.go
7f3714ce1000-7f3714ce7000 r--p 0002d000 00:4b 15534                      /usr/local/lib/guile/2.2/ccache/language/tree-il/effects.go
7f3714ce7000-7f3714d37000 r--p 00000000 00:4b 15537                      /usr/local/lib/guile/2.2/ccache/language/tree-il/peval.go
7f3714d37000-7f3714d56000 rw-p 00050000 00:4b 15537                      /usr/local/lib/guile/2.2/ccache/language/tree-il/peval.go
7f3714d56000-7f3714d67000 r--p 0006f000 00:4b 15537                      /usr/local/lib/guile/2.2/ccache/language/tree-il/peval.go
7f3714d67000-7f3714d77000 r--p 00000000 00:4b 15710                      /usr/local/lib/guile/2.2/ccache/srfi/srfi-16.go
7f3714d77000-7f3714d78000 rw-p 00010000 00:4b 15710                      /usr/local/lib/guile/2.2/ccache/srfi/srfi-16.go
7f3714d78000-7f3714d98000 r--p 00000000 00:4b 15538                      /usr/local/lib/guile/2.2/ccache/language/tree-il/primitives.go
7f3714d98000-7f3714d9e000 rw-p 00020000 00:4b 15538                      /usr/local/lib/guile/2.2/ccache/language/tree-il/primitives.go
7f3714d9e000-7f3714da4000 r--p 00026000 00:4b 15538                      /usr/local/lib/guile/2.2/ccache/language/tree-il/primitives.go
7f3714da4000-7f3714db4000 r--p 00000000 00:4b 15536                      /usr/local/lib/guile/2.2/ccache/language/tree-il/optimize.go
7f3714db4000-7f3714db5000 rw-p 00010000 00:4b 15536                      /usr/local/lib/guile/2.2/ccache/language/tree-il/optimize.go
7f3714db5000-7f3714db6000 r--p 00011000 00:4b 15536                      /usr/local/lib/guile/2.2/ccache/language/tree-il/optimize.go
7f3714db6000-7f3714df6000 r--p 00000000 00:4b 15530                      /usr/local/lib/guile/2.2/ccache/language/tree-il/analyze.go
7f3714df6000-7f3714e10000 rw-p 00040000 00:4b 15530                      /usr/local/lib/guile/2.2/ccache/language/tree-il/analyze.go
7f3714e10000-7f3714e1e000 r--p 0005a000 00:4b 15530                      /usr/local/lib/guile/2.2/ccache/language/tree-il/analyze.go
7f3714e1e000-7f3714e2e000 r--p 00000000 00:4b 15574                      /usr/local/lib/guile/2.2/ccache/language/bytecode.go
7f3714e2e000-7f3714e2f000 rw-p 00010000 00:4b 15574                      /usr/local/lib/guile/2.2/ccache/language/bytecode.go
7f3714e2f000-7f3714e30000 r--p 00011000 00:4b 15574                      /usr/local/lib/guile/2.2/ccache/language/bytecode.go
7f3714e30000-7f3714e40000 r--p 00000000 00:4b 15758                      /usr/local/lib/guile/2.2/ccache/language/cps/primitives.go
7f3714e40000-7f3714e43000 rw-p 00010000 00:4b 15758                      /usr/local/lib/guile/2.2/ccache/language/cps/primitives.go
7f3714e43000-7f3714e53000 r--p 00000000 00:4b 15776                      /usr/local/lib/guile/2.2/ccache/language/cps/with-cps.go
7f3714e53000-7f3714e56000 rw-p 00010000 00:4b 15776                      /usr/local/lib/guile/2.2/ccache/language/cps/with-cps.go
7f3714e56000-7f3714e57000 r--p 00013000 00:4b 15776                      /usr/local/lib/guile/2.2/ccache/language/cps/with-cps.go
7f3714e57000-7f3714e87000 r--p 00000000 00:4b 15753                      /usr/local/lib/guile/2.2/ccache/language/cps/intmap.go
7f3714e87000-7f3714e9c000 rw-p 00030000 00:4b 15753                      /usr/local/lib/guile/2.2/ccache/language/cps/intmap.go
7f3714e9c000-7f3714ea6000 r--p 00045000 00:4b 15753                      /usr/local/lib/guile/2.2/ccache/language/cps/intmap.go
7f3714ea6000-7f3714ed6000 r--p 00000000 00:4b 15754                      /usr/local/lib/guile/2.2/ccache/language/cps/intset.go
7f3714ed6000-7f3714eec000 rw-p 00030000 00:4b 15754                      /usr/local/lib/guile/2.2/ccache/language/cps/intset.go
7f3714eec000-7f3714ef6000 r--p 00046000 00:4b 15754                      /usr/local/lib/guile/2.2/ccache/language/cps/intset.go
7f3714ef6000-7f3714f06000 r--p 00000000 00:4b 15774                      /usr/local/lib/guile/2.2/ccache/language/cps/utils.go
7f3714f06000-7f3714f0b000 rw-p 00010000 00:4b 15774                      /usr/local/lib/guile/2.2/ccache/language/cps/utils.go
7f3714f0b000-7f3714f10000 r--p 00015000 00:4b 15774                      /usr/local/lib/guile/2.2/ccache/language/cps/utils.go
7f3714f10000-7f3714f80000 r--p 00000000 00:4b 15575                      /usr/local/lib/guile/2.2/ccache/language/cps.go
7f3714f80000-7f3714fbe000 rw-p 00070000 00:4b 15575                      /usr/local/lib/guile/2.2/ccache/language/cps.go
7f3714fbe000-7f3714fd3000 r--p 000ae000 00:4b 15575                      /usr/local/lib/guile/2.2/ccache/language/cps.go
7f3714fd3000-7f3714ff3000 r--p 00000000 00:4b 15532                      /usr/local/lib/guile/2.2/ccache/language/tree-il/compile-cps.go
7f3714ff3000-7f3714ff7000 rw-p 00020000 00:4b 15532                      /usr/local/lib/guile/2.2/ccache/language/tree-il/compile-cps.go
7f3714ff7000-7f3714ffe000 r--p 00024000 00:4b 15532                      /usr/local/lib/guile/2.2/ccache/language/tree-il/compile-cps.go
7f3714ffe000-7f371500e000 r--p 00000000 00:4b 15539                      /usr/local/lib/guile/2.2/ccache/language/tree-il/spec.go
7f371500e000-7f371500f000 rw-p 00010000 00:4b 15539                      /usr/local/lib/guile/2.2/ccache/language/tree-il/spec.go
7f371500f000-7f3715010000 r--p 00011000 00:4b 15539                      /usr/local/lib/guile/2.2/ccache/language/tree-il/spec.go
7f3715010000-7f3715020000 r--p 00000000 00:4b 15545                      /usr/local/lib/guile/2.2/ccache/language/value/spec.go
7f3715020000-7f3715021000 rw-p 00010000 00:4b 15545                      /usr/local/lib/guile/2.2/ccache/language/value/spec.go
7f3715021000-7f3715031000 r--p 00000000 00:4b 61983                      /home/jenkins/.cache/guile/ccache/2.2-LE-8-3.A/home/opencog/atomspace/opencog/scm/opencog/base/utilities.scm.go
7f3715031000-7f3715035000 rw-p 00010000 00:4b 61983                      /home/jenkins/.cache/guile/ccache/2.2-LE-8-3.A/home/opencog/atomspace/opencog/scm/opencog/base/utilities.scm.go
7f3715035000-7f371503f000 r--p 00014000 00:4b 61983                      /home/jenkins/.cache/guile/ccache/2.2-LE-8-3.A/home/opencog/atomspace/opencog/scm/opencog/base/utilities.scm.go
7f371503f000-7f371504f000 r--p 00000000 00:4b 61982                      /home/jenkins/.cache/guile/ccache/2.2-LE-8-3.A/home/opencog/atomspace/opencog/scm/opencog/base/core-docs.scm.go
7f371504f000-7f3715051000 rw-p 00010000 00:4b 61982                      /home/jenkins/.cache/guile/ccache/2.2-LE-8-3.A/home/opencog/atomspace/opencog/scm/opencog/base/core-docs.scm.go
7f3715051000-7f3715052000 r--p 00012000 00:4b 61982                      /home/jenkins/.cache/guile/ccache/2.2-LE-8-3.A/home/opencog/atomspace/opencog/scm/opencog/base/core-docs.scm.go
7f3715052000-7f3715082000 r--p 00000000 00:4b 61981                      /home/jenkins/.cache/guile/ccache/2.2-LE-8-3.A/home/opencog/atomspace/build/opencog/atoms/proto/core_types.scm.go
7f3715082000-7f371508d000 rw-p 00030000 00:4b 61981                      /home/jenkins/.cache/guile/ccache/2.2-LE-8-3.A/home/opencog/atomspace/build/opencog/atoms/proto/core_types.scm.go
7f371508d000-7f37150a1000 r--p 0003b000 00:4b 61981                      /home/jenkins/.cache/guile/ccache/2.2-LE-8-3.A/home/opencog/atomspace/build/opencog/atoms/proto/core_types.scm.go
7f37150a1000-7f37150b1000 r--p 00000000 00:4b 61976                      /home/jenkins/.cache/guile/ccache/2.2-LE-8-3.A/home/opencog/atomspace/opencog/scm/opencog/base/core_types.scm.go
7f37150b1000-7f37150b2000 rw-p 00010000 00:4b 61976                      /home/jenkins/.cache/guile/ccache/2.2-LE-8-3.A/home/opencog/atomspace/opencog/scm/opencog/base/core_types.scm.go
7f37150b2000-7f37150d2000 r--p 00000000 00:4b 15542                      /usr/local/lib/guile/2.2/ccache/language/scheme/decompile-tree-il.go
7f37150d2000-7f37150d5000 rw-p 00020000 00:4b 15542                      /usr/local/lib/guile/2.2/ccache/language/scheme/decompile-tree-il.go
7f37150d5000-7f37150dd000 r--p 00023000 00:4b 15542                      /usr/local/lib/guile/2.2/ccache/language/scheme/decompile-tree-il.go
7f37150dd000-7f37150de000 ---p 00000000 00:00 0 
7f37150de000-7f37158de000 rw-p 00000000 00:00 0 
7f37158de000-7f37158fe000 r--p 00000000 00:4b 15576                      /usr/local/lib/guile/2.2/ccache/language/tree-il.go
7f37158fe000-7f3715906000 rw-p 00020000 00:4b 15576                      /usr/local/lib/guile/2.2/ccache/language/tree-il.go
7f3715906000-7f371590e000 r--p 00028000 00:4b 15576                      /usr/local/lib/guile/2.2/ccache/language/tree-il.go
7f371590e000-7f371591e000 r--p 00000000 00:4b 15541                      /usr/local/lib/guile/2.2/ccache/language/scheme/compile-tree-il.go
7f371591e000-7f371591f000 rw-p 00010000 00:4b 15541                      /usr/local/lib/guile/2.2/ccache/language/scheme/compile-tree-il.go
7f371591f000-7f371592f000 r--p 00000000 00:4b 15543                      /usr/local/lib/guile/2.2/ccache/language/scheme/spec.go
7f371592f000-7f3715930000 rw-p 00010000 00:4b 15543                      /usr/local/lib/guile/2.2/ccache/language/scheme/spec.go
7f3715930000-7f3715931000 r--p 00011000 00:4b 15543                      /usr/local/lib/guile/2.2/ccache/language/scheme/spec.go
7f3715931000-7f3715941000 r--p 00000000 00:4b 15644                      /usr/local/lib/guile/2.2/ccache/system/vm/loader.go
7f3715941000-7f3715942000 rw-p 00010000 00:4b 15644                      /usr/local/lib/guile/2.2/ccache/system/vm/loader.go
7f3715942000-7f37159f2000 r--p 00000000 00:4b 15639                      /usr/local/lib/guile/2.2/ccache/system/vm/dwarf.go
7f37159f2000-7f3715a3a000 rw-p 000b0000 00:4b 15639                      /usr/local/lib/guile/2.2/ccache/system/vm/dwarf.go
7f3715a3a000-7f3715a59000 r--p 000f8000 00:4b 15639                      /usr/local/lib/guile/2.2/ccache/system/vm/dwarf.go
7f3715a59000-7f3715a79000 r--p 00000000 00:4b 15466                      /usr/local/lib/guile/2.2/ccache/ice-9/format.go
7f3715a79000-7f3715a7c000 rw-p 00020000 00:4b 15466                      /usr/local/lib/guile/2.2/ccache/ice-9/format.go
7f3715a7c000-7f3715a85000 r--p 00023000 00:4b 15466                      /usr/local/lib/guile/2.2/ccache/ice-9/format.go
7f3715a85000-7f3715a95000 r--p 00000000 00:4b 15714                      /usr/local/lib/guile/2.2/ccache/srfi/srfi-26.go
7f3715a95000-7f3715a97000 rw-p 00010000 00:4b 15714                      /usr/local/lib/guile/2.2/ccache/srfi/srfi-26.go
7f3715a97000-7f3715a98000 r--p 00012000 00:4b 15714                      /usr/local/lib/guile/2.2/ccache/srfi/srfi-26.go
7f3715a98000-7f3715ac8000 r--p 00000000 00:4b 15627                      /usr/local/lib/guile/2.2/ccache/ice-9/vlist.go
7f3715ac8000-7f3715ada000 rw-p 00030000 00:4b 15627                      /usr/local/lib/guile/2.2/ccache/ice-9/vlist.go
7f3715ada000-7f3715ae2000 r--p 00042000 00:4b 15627                      /usr/local/lib/guile/2.2/ccache/ice-9/vlist.go
7f3715ae2000-7f3715af2000 r--p 00000000 00:4b 15589                      /usr/local/lib/guile/2.2/ccache/system/base/target.go
7f3715af2000-7f3715af4000 rw-p 00010000 00:4b 15589                      /usr/local/lib/guile/2.2/ccache/system/base/target.go
7f3715af4000-7f3715af5000 r--p 00012000 00:4b 15589                      /usr/local/lib/guile/2.2/ccache/system/base/target.go
7f3715af5000-7f3715b05000 r--p 00000000 00:4b 15496                      /usr/local/lib/guile/2.2/ccache/system/foreign.go
7f3715b05000-7f3715b08000 rw-p 00010000 00:4b 15496                      /usr/local/lib/guile/2.2/ccache/system/foreign.go
7f3715b08000-7f3715b09000 r--p 00013000 00:4b 15496                      /usr/local/lib/guile/2.2/ccache/system/foreign.go
7f3715b09000-7f3715b79000 r--p 00000000 00:4b 15640                      /usr/local/lib/guile/2.2/ccache/system/vm/elf.go
7f3715b79000-7f3715bac000 rw-p 00070000 00:4b 15640                      /usr/local/lib/guile/2.2/ccache/system/vm/elf.go
7f3715bac000-7f3715bbf000 r--p 000a3000 00:4b 15640                      /usr/local/lib/guile/2.2/ccache/system/vm/elf.go
7f3715bbf000-7f3715bef000 r--p 00000000 00:4b 15637                      /usr/local/lib/guile/2.2/ccache/system/vm/debug.go
7f3715bef000-7f3715c06000 rw-p 00030000 00:4b 15637                      /usr/local/lib/guile/2.2/ccache/system/vm/debug.go
7f3715c06000-7f3715c11000 r--p 00047000 00:4b 15637                      /usr/local/lib/guile/2.2/ccache/system/vm/debug.go
7f3715c11000-7f3715c21000 r--p 00000000 00:4b 15645                      /usr/local/lib/guile/2.2/ccache/system/vm/program.go
7f3715c21000-7f3715c23000 rw-p 00010000 00:4b 15645                      /usr/local/lib/guile/2.2/ccache/system/vm/program.go
7f3715c23000-7f3715c26000 r--p 00012000 00:4b 15645                      /usr/local/lib/guile/2.2/ccache/system/vm/program.go
7f3715c26000-7f3715c36000 r--p 00000000 00:4b 15605                      /usr/local/lib/guile/2.2/ccache/ice-9/receive.go
7f3715c36000-7f3715c37000 rw-p 00010000 00:4b 15605                      /usr/local/lib/guile/2.2/ccache/ice-9/receive.go
7f3715c37000-7f3715c38000 r--p 00011000 00:4b 15605                      /usr/local/lib/guile/2.2/ccache/ice-9/receive.go
7f3715c38000-7f3715c48000 r--p 00000000 00:4b 15583                      /usr/local/lib/guile/2.2/ccache/system/base/pmatch.go
7f3715c48000-7f3715c4b000 rw-p 00010000 00:4b 15583                      /usr/local/lib/guile/2.2/ccache/system/base/pmatch.go
7f3715c4b000-7f3715c4c000 r--p 00013000 00:4b 15583                      /usr/local/lib/guile/2.2/ccache/system/base/pmatch.go
7f3715c4c000-7f3715c5c000 r--p 00000000 00:4b 15485                      /usr/local/lib/guile/2.2/ccache/ice-9/optargs.go
7f3715c5c000-7f3715c60000 rw-p 00010000 00:4b 15485                      /usr/local/lib/guile/2.2/ccache/ice-9/optargs.go
7f3715c60000-7f3715c63000 r--p 00014000 00:4b 15485                      /usr/local/lib/guile/2.2/ccache/ice-9/optargs.go
7f3715c63000-7f3715c73000 r--p 00000000 00:4b 15606                      /usr/local/lib/guile/2.2/ccache/ice-9/regex.go
7f3715c73000-7f3715c74000 rw-p 00010000 00:4b 15606                      /usr/local/lib/guile/2.2/ccache/ice-9/regex.go
7f3715c74000-7f3715c76000 r--p 00011000 00:4b 15606                      /usr/local/lib/guile/2.2/ccache/ice-9/regex.go
7f3715c76000-7f3715c86000 r--p 00000000 00:4b 15649                      /usr/local/lib/guile/2.2/ccache/system/vm/vm.go
7f3715c86000-7f3715c87000 rw-p 00010000 00:4b 15649                      /usr/local/lib/guile/2.2/ccache/system/vm/vm.go
7f3715c87000-7f3715c97000 r--p 00000000 00:4b 15588                      /usr/local/lib/guile/2.2/ccache/system/base/message.go
7f3715c97000-7f3715c9f000 rw-p 00010000 00:4b 15588                      /usr/local/lib/guile/2.2/ccache/system/base/message.go
7f3715c9f000-7f3715ca2000 r--p 00018000 00:4b 15588                      /usr/local/lib/guile/2.2/ccache/system/base/message.go
7f3715ca2000-7f3715cb2000 r--p 00000000 00:4b 15586                      /usr/local/lib/guile/2.2/ccache/system/base/language.go
7f3715cb2000-7f3715cb4000 rw-p 00010000 00:4b 15586                      /usr/local/lib/guile/2.2/ccache/system/base/language.go
7f3715cb4000-7f3715cb5000 r--p 00012000 00:4b 15586                      /usr/local/lib/guile/2.2/ccache/system/base/language.go
7f3715cb5000-7f3715cc5000 r--p 00000000 00:4b 15584                      /usr/local/lib/guile/2.2/ccache/system/base/syntax.go
7f3715cc5000-7f3715cc8000 rw-p 00010000 00:4b 15584                      /usr/local/lib/guile/2.2/ccache/system/base/syntax.go
7f3715cc8000-7f3715ccb000 r--p 00013000 00:4b 15584                      /usr/local/lib/guile/2.2/ccache/system/base/syntax.go
7f3715ccb000-7f3715cdb000 r--p 00000000 00:4b 15585                      /usr/local/lib/guile/2.2/ccache/system/base/compile.go
7f3715cdb000-7f3715cdd000 rw-p 00010000 00:4b 15585                      /usr/local/lib/guile/2.2/ccache/system/base/compile.go
7f3715cdd000-7f3715cdf000 r--p 00012000 00:4b 15585                      /usr/local/lib/guile/2.2/ccache/system/base/compile.go
7f3715cdf000-7f3715cef000 r--p 00000000 00:4b 15462                      /usr/local/lib/guile/2.2/ccache/ice-9/eval-string.go
7f3715cef000-7f3715cf0000 rw-p 00010000 00:4b 15462                      /usr/local/lib/guile/2.2/ccache/ice-9/eval-string.go
7f3715cf0000-7f3715cf1000 r--p 00011000 00:4b 15462                      /usr/local/lib/guile/2.2/ccache/ice-9/eval-string.go
7f3715cf1000-7f3715d01000 r--p 00000000 00:4b 15666                      /usr/local/lib/guile/2.2/ccache/rnrs/bytevectors.go
7f3715d01000-7f3715d03000 rw-p 00010000 00:4b 15666                      /usr/local/lib/guile/2.2/ccache/rnrs/bytevectors.go
7f3715d03000-7f3715d13000 r--p 00000000 00:4b 15702                      /usr/local/lib/guile/2.2/ccache/srfi/srfi-4.go
7f3715d13000-7f3715d16000 rw-p 00010000 00:4b 15702                      /usr/local/lib/guile/2.2/ccache/srfi/srfi-4.go
7f3715d16000-7f3715d1a000 r--p 00013000 00:4b 15702                      /usr/local/lib/guile/2.2/ccache/srfi/srfi-4.go
7f3715d1a000-7f3715d2a000 r--p 00000000 00:4b 15598                      /usr/local/lib/guile/2.2/ccache/ice-9/ports.go
7f3715d2a000-7f3715d30000 rw-p 00010000 00:4b 15598                      /usr/local/lib/guile/2.2/ccache/ice-9/ports.go
7f3715d30000-7f3715d34000 r--p 00016000 00:4b 15598                      /usr/local/lib/guile/2.2/ccache/ice-9/ports.go
7f3715d34000-7f3715d44000 r--p 00000000 00:4b 15602                      /usr/local/lib/guile/2.2/ccache/ice-9/q.go
7f3715d44000-7f3715d45000 rw-p 00010000 00:4b 15602                      /usr/local/lib/guile/2.2/ccache/ice-9/q.go
7f3715d45000-7f3715d46000 r--p 00011000 00:4b 15602                      /usr/local/lib/guile/2.2/ccache/ice-9/q.go
7f3715d46000-7f3715d56000 r--p 00000000 00:4b 15707                      /usr/local/lib/guile/2.2/ccache/srfi/srfi-11.go
7f3715d56000-7f3715d58000 rw-p 00010000 00:4b 15707                      /usr/local/lib/guile/2.2/ccache/srfi/srfi-11.go
7f3715d58000-7f3715d59000 r--p 00012000 00:4b 15707                      /usr/local/lib/guile/2.2/ccache/srfi/srfi-11.go
7f3715d59000-7f3715d69000 r--p 00000000 00:4b 15668                      /usr/local/lib/guile/2.2/ccache/srfi/srfi-9/gnu.go
7f3715d69000-7f3715d6d000 rw-p 00010000 00:4b 15668                      /usr/local/lib/guile/2.2/ccache/srfi/srfi-9/gnu.go
7f3715d6d000-7f3715d6e000 r--p 00014000 00:4b 15668                      /usr/local/lib/guile/2.2/ccache/srfi/srfi-9/gnu.go
7f3715d6e000-7f3715d7e000 r--p 00000000 00:4b 15591                      /usr/local/lib/guile/2.2/ccache/system/base/ck.go
7f3715d7e000-7f3715d80000 rw-p 00010000 00:4b 15591                      /usr/local/lib/guile/2.2/ccache/system/base/ck.go
7f3715d80000-7f3715d90000 r--p 00000000 00:4b 15705                      /usr/local/lib/guile/2.2/ccache/srfi/srfi-9.go
7f3715d90000-7f3715d98000 rw-p 00010000 00:4b 15705                      /usr/local/lib/guile/2.2/ccache/srfi/srfi-9.go
7f3715d98000-7f3715d9b000 r--p 00018000 00:4b 15705                      /usr/local/lib/guile/2.2/ccache/srfi/srfi-9.go
7f3715d9b000-7f3715dab000 r--p 00000000 00:4b 15700                      /usr/local/lib/guile/2.2/ccache/srfi/srfi-1.go
7f3715dab000-7f3715daf000 rw-p 00010000 00:4b 15700                      /usr/local/lib/guile/2.2/ccache/srfi/srfi-1.go
7f3715daf000-7f3715db5000 r--p 00014000 00:4b 15700                      /usr/local/lib/guile/2.2/ccache/srfi/srfi-1.go
7f3715db5000-7f3715dd5000 r--p 00000000 00:4b 15468                      /usr/local/lib/guile/2.2/ccache/ice-9/futures.go
7f3715dd5000-7f3715de1000 rw-p 00020000 00:4b 15468                      /usr/local/lib/guile/2.2/ccache/ice-9/futures.go
7f3715de1000-7f3715de5000 r--p 0002c000 00:4b 15468                      /usr/local/lib/guile/2.2/ccache/ice-9/futures.go
7f3715de5000-7f3715df5000 r--p 00000000 00:4b 15457                      /usr/local/lib/guile/2.2/ccache/ice-9/control.go
7f3715df5000-7f3715df8000 rw-p 00010000 00:4b 15457                      /usr/local/lib/guile/2.2/ccache/ice-9/control.go
7f3715df8000-7f3715df9000 r--p 00013000 00:4b 15457                      /usr/local/lib/guile/2.2/ccache/ice-9/control.go
7f3715df9000-7f3715dfb000 r-xp 00000000 00:4b 26647                      /usr/lib/x86_64-linux-gnu/gconv/ISO8859-1.so
7f3715dfb000-7f3715ffa000 ---p 00002000 00:4b 26647                      /usr/lib/x86_64-linux-gnu/gconv/ISO8859-1.so
7f3715ffa000-7f3715ffb000 r--p 00001000 00:4b 26647                      /usr/lib/x86_64-linux-gnu/gconv/ISO8859-1.so
7f3715ffb000-7f3715ffc000 rw-p 00002000 00:4b 26647                      /usr/lib/x86_64-linux-gnu/gconv/ISO8859-1.so
7f3715ffc000-7f3715ffd000 ---p 00000000 00:00 0 
7f3715ffd000-7f37167fd000 rw-p 00000000 00:00 0 
7f37167fd000-7f37167fe000 ---p 00000000 00:00 0 
7f37167fe000-7f3716ffe000 rw-p 00000000 00:00 0 
7f3716ffe000-7f3716fff000 ---p 00000000 00:00 0 
7f3716fff000-7f37177ff000 rw-p 00000000 00:00 0 
7f37177ff000-7f3717800000 ---p 00000000 00:00 0 
7f3717800000-7f3718000000 rw-p 00000000 00:00 0 
7f3718000000-7f3718022000 rw-p 00000000 00:00 0 
7f3718022000-7f371c000000 ---p 00000000 00:00 0 
7f371c00e000-7f371c00f000 ---p 00000000 00:00 0 
7f371c00f000-7f371c80f000 rw-p 00000000 00:00 0 
7f371c80f000-7f371c810000 ---p 00000000 00:00 0 
7f371c810000-7f371d010000 rw-p 00000000 00:00 0 
7f371d010000-7f371d011000 ---p 00000000 00:00 0 
7f371d011000-7f371d811000 rw-p 00000000 00:00 0 
7f371d811000-7f371d812000 ---p 00000000 00:00 0 
7f371d812000-7f371e012000 rw-p 00000000 00:00 0 
7f371e012000-7f371e1a6000 r-xp 00000000 00:4b 40203                      /usr/lib/x86_64-linux-gnu/libicuuc.so.57.1
7f371e1a6000-7f371e3a5000 ---p 00194000 00:4b 40203                      /usr/lib/x86_64-linux-gnu/libicuuc.so.57.1
7f371e3a5000-7f371e3b7000 r--p 00193000 00:4b 40203                      /usr/lib/x86_64-linux-gnu/libicuuc.so.57.1
7f371e3b7000-7f371e3b8000 rw-p 001a5000 00:4b 40203                      /usr/lib/x86_64-linux-gnu/libicuuc.so.57.1
7f371e3b8000-7f371e3ba000 rw-p 00000000 00:00 0 
7f371e3ba000-7f371e625000 r-xp 00000000 00:4b 40197                      /usr/lib/x86_64-linux-gnu/libicui18n.so.57.1
7f371e625000-7f371e824000 ---p 0026b000 00:4b 40197                      /usr/lib/x86_64-linux-gnu/libicui18n.so.57.1
7f371e824000-7f371e831000 r--p 0026a000 00:4b 40197                      /usr/lib/x86_64-linux-gnu/libicui18n.so.57.1
7f371e831000-7f371e833000 rw-p 00277000 00:4b 40197                      /usr/lib/x86_64-linux-gnu/libicui18n.so.57.1
7f371e833000-7f371e834000 rw-p 00000000 00:00 0 
7f371e834000-7f37200b0000 r-xp 00000000 00:4b 40196                      /usr/lib/x86_64-linux-gnu/libicudata.so.57.1
7f37200b0000-7f37202af000 ---p 0187c000 00:4b 40196                      /usr/lib/x86_64-linux-gnu/libicudata.so.57.1
7f37202af000-7f37202b0000 r--p 0187b000 00:4b 40196                      /usr/lib/x86_64-linux-gnu/libicudata.so.57.1
7f37202b0000-7f37202b1000 rw-p 0187c000 00:4b 40196                      /usr/lib/x86_64-linux-gnu/libicudata.so.57.1
7f37202b1000-7f37203da000 r-xp 00000000 00:4b 9005                       /usr/lib/x86_64-linux-gnu/libbfd-2.28-system.so
7f37203da000-7f37205da000 ---p 00129000 00:4b 9005                       /usr/lib/x86_64-linux-gnu/libbfd-2.28-system.so
7f37205da000-7f37205ef000 r--p 00129000 00:4b 9005                       /usr/lib/x86_64-linux-gnu/libbfd-2.28-system.so
7f37205ef000-7f37205f6000 rw-p 0013e000 00:4b 9005                       /usr/lib/x86_64-linux-gnu/libbfd-2.28-system.so
7f37205f6000-7f37205fa000 rw-p 00000000 00:00 0 
7f37205fa000-7f372070c000 r-xp 00000000 00:4b 8453                       /usr/lib/x86_64-linux-gnu/libboost_regex.so.1.62.0
7f372070c000-7f372090b000 ---p 00112000 00:4b 8453                       /usr/lib/x86_64-linux-gnu/libboost_regex.so.1.62.0
7f372090b000-7f3720910000 r--p 00111000 00:4b 8453                       /usr/lib/x86_64-linux-gnu/libboost_regex.so.1.62.0
7f3720910000-7f3720912000 rw-p 00116000 00:4b 8453                       /usr/lib/x86_64-linux-gnu/libboost_regex.so.1.62.0
7f3720912000-7f3720913000 rw-p 00000000 00:00 0 
7f3720913000-7f372091b000 r-xp 00000000 00:4b 4377                       /lib/x86_64-linux-gnu/libcrypt-2.24.so
7f372091b000-7f3720b1b000 ---p 00008000 00:4b 4377                       /lib/x86_64-linux-gnu/libcrypt-2.24.so
7f3720b1b000-7f3720b1c000 r--p 00008000 00:4b 4377                       /lib/x86_64-linux-gnu/libcrypt-2.24.so
7f3720b1c000-7f3720b1d000 rw-p 00009000 00:4b 4377                       /lib/x86_64-linux-gnu/libcrypt-2.24.so
7f3720b1d000-7f3720b4b000 rw-p 00000000 00:00 0 
7f3720b4b000-7f3720b54000 r-xp 00000000 00:4b 8655                       /usr/lib/x86_64-linux-gnu/libltdl.so.7.3.1
7f3720b54000-7f3720d53000 ---p 00009000 00:4b 8655                       /usr/lib/x86_64-linux-gnu/libltdl.so.7.3.1
7f3720d53000-7f3720d54000 r--p 00008000 00:4b 8655                       /usr/lib/x86_64-linux-gnu/libltdl.so.7.3.1
7f3720d54000-7f3720d55000 rw-p 00009000 00:4b 8655                       /usr/lib/x86_64-linux-gnu/libltdl.so.7.3.1
7f3720d55000-7f3720dd6000 r-xp 00000000 00:4b 83                         /usr/lib/x86_64-linux-gnu/libgmp.so.10.3.2
7f3720dd6000-7f3720fd6000 ---p 00081000 00:4b 83                         /usr/lib/x86_64-linux-gnu/libgmp.so.10.3.2
7f3720fd6000-7f3720fd7000 r--p 00081000 00:4b 83                         /usr/lib/x86_64-linux-gnu/libgmp.so.10.3.2
7f3720fd7000-7f3720fd8000 rw-p 00082000 00:4b 83                         /usr/lib/x86_64-linux-gnu/libgmp.so.10.3.2
7f3720fd8000-7f37210eb000 r-xp 00000000 00:4b 87                         /usr/lib/x86_64-linux-gnu/libunistring.so.0.1.2
7f37210eb000-7f37212ea000 ---p 00113000 00:4b 87                         /usr/lib/x86_64-linux-gnu/libunistring.so.0.1.2
7f37212ea000-7f37212ed000 r--p 00112000 00:4b 87                         /usr/lib/x86_64-linux-gnu/libunistring.so.0.1.2
7f37212ed000-7f37212ee000 rw-p 00115000 00:4b 87                         /usr/lib/x86_64-linux-gnu/libunistring.so.0.1.2
7f37212ee000-7f37212ef000 rw-p 00000000 00:00 0 
7f37212ef000-7f37212f6000 r-xp 00000000 00:4b 89                         /usr/lib/x86_64-linux-gnu/libffi.so.6.0.4
7f37212f6000-7f37214f6000 ---p 00007000 00:4b 89                         /usr/lib/x86_64-linux-gnu/libffi.so.6.0.4
7f37214f6000-7f37214f7000 r--p 00007000 00:4b 89                         /usr/lib/x86_64-linux-gnu/libffi.so.6.0.4
7f37214f7000-7f37214f8000 rw-p 00008000 00:4b 89                         /usr/lib/x86_64-linux-gnu/libffi.so.6.0.4
7f37214f8000-7f3721524000 r-xp 00000000 00:4b 8592                       /usr/lib/x86_64-linux-gnu/libgc.so.1.0.3
7f3721524000-7f3721724000 ---p 0002c000 00:4b 8592                       /usr/lib/x86_64-linux-gnu/libgc.so.1.0.3
7f3721724000-7f3721726000 rw-p 0002c000 00:4b 8592                       /usr/lib/x86_64-linux-gnu/libgc.so.1.0.3
7f3721726000-7f3721768000 rw-p 00000000 00:00 0 
7f3721768000-7f372176a000 r-xp 00000000 00:4b 4627                       /lib/x86_64-linux-gnu/libutil-2.24.so
7f372176a000-7f3721969000 ---p 00002000 00:4b 4627                       /lib/x86_64-linux-gnu/libutil-2.24.so
7f3721969000-7f372196a000 r--p 00001000 00:4b 4627                       /lib/x86_64-linux-gnu/libutil-2.24.so
7f372196a000-7f372196b000 rw-p 00002000 00:4b 4627                       /lib/x86_64-linux-gnu/libutil-2.24.so
7f372196b000-7f372196e000 r-xp 00000000 00:4b 4401                       /lib/x86_64-linux-gnu/libdl-2.24.so
7f372196e000-7f3721b6d000 ---p 00003000 00:4b 4401                       /lib/x86_64-linux-gnu/libdl-2.24.so
7f3721b6d000-7f3721b6e000 r--p 00002000 00:4b 4401                       /lib/x86_64-linux-gnu/libdl-2.24.so
7f3721b6e000-7f3721b6f000 rw-p 00003000 00:4b 4401                       /lib/x86_64-linux-gnu/libdl-2.24.so
7f3721b6f000-7f3721b88000 r-xp 00000000 00:4b 69                         /lib/x86_64-linux-gnu/libz.so.1.2.8
7f3721b88000-7f3721d87000 ---p 00019000 00:4b 69                         /lib/x86_64-linux-gnu/libz.so.1.2.8
7f3721d87000-7f3721d88000 r--p 00018000 00:4b 69                         /lib/x86_64-linux-gnu/libz.so.1.2.8
7f3721d88000-7f3721d89000 rw-p 00019000 00:4b 69                         /lib/x86_64-linux-gnu/libz.so.1.2.8
7f3721d89000-7f3721db0000 r-xp 00000000 00:4b 159                        /lib/x86_64-linux-gnu/libexpat.so.1.6.2
7f3721db0000-7f3721fb0000 ---p 00027000 00:4b 159                        /lib/x86_64-linux-gnu/libexpat.so.1.6.2
7f3721fb0000-7f3721fb2000 r--p 00027000 00:4b 159                        /lib/x86_64-linux-gnu/libexpat.so.1.6.2
7f3721fb2000-7f3721fb3000 rw-p 00029000 00:4b 159                        /lib/x86_64-linux-gnu/libexpat.so.1.6.2
7f3721fb3000-7f3721fba000 r-xp 00000000 00:4b 4599                       /lib/x86_64-linux-gnu/librt-2.24.so
7f3721fba000-7f37221b9000 ---p 00007000 00:4b 4599                       /lib/x86_64-linux-gnu/librt-2.24.so
7f37221b9000-7f37221ba000 r--p 00006000 00:4b 4599                       /lib/x86_64-linux-gnu/librt-2.24.so
7f37221ba000-7f37221bb000 rw-p 00007000 00:4b 4599                       /lib/x86_64-linux-gnu/librt-2.24.so
7f37221bb000-7f3722350000 r-xp 00000000 00:4b 4375                       /lib/x86_64-linux-gnu/libc-2.24.so
7f3722350000-7f3722550000 ---p 00195000 00:4b 4375                       /lib/x86_64-linux-gnu/libc-2.24.so
7f3722550000-7f3722554000 r--p 00195000 00:4b 4375                       /lib/x86_64-linux-gnu/libc-2.24.so
7f3722554000-7f3722556000 rw-p 00199000 00:4b 4375                       /lib/x86_64-linux-gnu/libc-2.24.so
7f3722556000-7f372255a000 rw-p 00000000 00:00 0 
7f372255a000-7f3722570000 r-xp 00000000 00:4b 3510                       /lib/x86_64-linux-gnu/libgcc_s.so.1
7f3722570000-7f372276f000 ---p 00016000 00:4b 3510                       /lib/x86_64-linux-gnu/libgcc_s.so.1
7f372276f000-7f3722770000 r--p 00015000 00:4b 3510                       /lib/x86_64-linux-gnu/libgcc_s.so.1
7f3722770000-7f3722771000 rw-p 00016000 00:4b 3510                       /lib/x86_64-linux-gnu/libgcc_s.so.1
7f3722771000-7f372279d000 r-xp 00000000 00:4b 23305                      /usr/lib/x86_64-linux-gnu/libgomp.so.1.0.0
7f372279d000-7f372299c000 ---p 0002c000 00:4b 23305                      /usr/lib/x86_64-linux-gnu/libgomp.so.1.0.0
7f372299c000-7f372299d000 r--p 0002b000 00:4b 23305                      /usr/lib/x86_64-linux-gnu/libgomp.so.1.0.0
7f372299d000-7f372299e000 rw-p 0002c000 00:4b 23305                      /usr/lib/x86_64-linux-gnu/libgomp.so.1.0.0
7f372299e000-7f3722aa1000 r-xp 00000000 00:4b 4404                       /lib/x86_64-linux-gnu/libm-2.24.so
7f3722aa1000-7f3722ca0000 ---p 00103000 00:4b 4404                       /lib/x86_64-linux-gnu/libm-2.24.so
7f3722ca0000-7f3722ca1000 r--p 00102000 00:4b 4404                       /lib/x86_64-linux-gnu/libm-2.24.so
7f3722ca1000-7f3722ca2000 rw-p 00103000 00:4b 4404                       /lib/x86_64-linux-gnu/libm-2.24.so
7f3722ca2000-7f3722e14000 r-xp 00000000 00:4b 26348                      /usr/lib/x86_64-linux-gnu/libstdc++.so.6.0.22
7f3722e14000-7f3723014000 ---p 00172000 00:4b 26348                      /usr/lib/x86_64-linux-gnu/libstdc++.so.6.0.22
7f3723014000-7f372301e000 r--p 00172000 00:4b 26348                      /usr/lib/x86_64-linux-gnu/libstdc++.so.6.0.22
7f372301e000-7f3723020000 rw-p 0017c000 00:4b 26348                      /usr/lib/x86_64-linux-gnu/libstdc++.so.6.0.22
7f3723020000-7f3723024000 rw-p 00000000 00:00 0 
7f3723024000-7f3723070000 r-xp 00000000 00:4b 53308                      /usr/local/lib/libcogutil.so
7f3723070000-7f372326f000 ---p 0004c000 00:4b 53308                      /usr/local/lib/libcogutil.so
7f372326f000-7f3723271000 r--p 0004b000 00:4b 53308                      /usr/local/lib/libcogutil.so
7f3723271000-7f3723272000 rw-p 0004d000 00:4b 53308                      /usr/local/lib/libcogutil.so
7f3723272000-7f3723274000 rw-p 00000000 00:00 0 
7f3723274000-7f3723384000 r-xp 00000000 00:4b 14955                      /usr/local/lib/libguile-2.2.so.1.3.0
7f3723384000-7f3723583000 ---p 00110000 00:4b 14955                      /usr/local/lib/libguile-2.2.so.1.3.0
7f3723583000-7f3723588000 r--p 0010f000 00:4b 14955                      /usr/local/lib/libguile-2.2.so.1.3.0
7f3723588000-7f3723595000 rw-p 00114000 00:4b 14955                      /usr/local/lib/libguile-2.2.so.1.3.0
7f3723595000-7f372359e000 rw-p 00000000 00:00 0 
7f372359e000-7f37235bb000 r-xp 00000000 00:4b 55306                      /home/opencog/atomspace/build/opencog/atoms/proto/libatomproto.so
7f37235bb000-7f37237bb000 ---p 0001d000 00:4b 55306                      /home/opencog/atomspace/build/opencog/atoms/proto/libatomproto.so
7f37237bb000-7f37237bc000 r--p 0001d000 00:4b 55306                      /home/opencog/atomspace/build/opencog/atoms/proto/libatomproto.so
7f37237bc000-7f37237bd000 rw-p 0001e000 00:4b 55306                      /home/opencog/atomspace/build/opencog/atoms/proto/libatomproto.so
7f37237bd000-7f37237d7000 r-xp 00000000 00:4b 55307                      /home/opencog/atomspace/build/opencog/truthvalue/libtruthvalue.so
7f37237d7000-7f37239d7000 ---p 0001a000 00:4b 55307                      /home/opencog/atomspace/build/opencog/truthvalue/libtruthvalue.so
7f37239d7000-7f37239d8000 r--p 0001a000 00:4b 55307                      /home/opencog/atomspace/build/opencog/truthvalue/libtruthvalue.so
7f37239d8000-7f37239d9000 rw-p 0001b000 00:4b 55307                      /home/opencog/atomspace/build/opencog/truthvalue/libtruthvalue.so
7f37239d9000-7f3723a00000 r-xp 00000000 00:4b 55370                      /home/opencog/atomspace/build/opencog/atoms/base/libatombase.so
7f3723a00000-7f3723c00000 ---p 00027000 00:4b 55370                      /home/opencog/atomspace/build/opencog/atoms/base/libatombase.so
7f3723c00000-7f3723c01000 r--p 00027000 00:4b 55370                      /home/opencog/atomspace/build/opencog/atoms/base/libatombase.so
7f3723c01000-7f3723c02000 rw-p 00028000 00:4b 55370                      /home/opencog/atomspace/build/opencog/atoms/base/libatombase.so
7f3723c02000-7f3723c20000 r-xp 00000000 00:4b 55386                      /home/opencog/atomspace/build/opencog/atomutils/libatomutils.so
7f3723c20000-7f3723e1f000 ---p 0001e000 00:4b 55386                      /home/opencog/atomspace/build/opencog/atomutils/libatomutils.so
7f3723e1f000-7f3723e20000 r--p 0001d000 00:4b 55386                      /home/opencog/atomspace/build/opencog/atomutils/libatomutils.so
7f3723e20000-7f3723e21000 rw-p 0001e000 00:4b 55386                      /home/opencog/atomspace/build/opencog/atomutils/libatomutils.so
7f3723e21000-7f3723ea1000 r-xp 00000000 00:4b 55423                      /home/opencog/atomspace/build/opencog/atoms/core/libatomcore.so
7f3723ea1000-7f37240a1000 ---p 00080000 00:4b 55423                      /home/opencog/atomspace/build/opencog/atoms/core/libatomcore.so
7f37240a1000-7f37240a4000 r--p 00080000 00:4b 55423                      /home/opencog/atomspace/build/opencog/atoms/core/libatomcore.so
7f37240a4000-7f37240a5000 rw-p 00083000 00:4b 55423                      /home/opencog/atomspace/build/opencog/atoms/core/libatomcore.so
7f37240a5000-7f37240a8000 rw-p 00000000 00:00 0 
7f37240a8000-7f37240ce000 r-xp 00000000 00:4b 8443                       /usr/lib/x86_64-linux-gnu/libboost_thread.so.1.62.0
7f37240ce000-7f37242cd000 ---p 00026000 00:4b 8443                       /usr/lib/x86_64-linux-gnu/libboost_thread.so.1.62.0
7f37242cd000-7f37242cf000 r--p 00025000 00:4b 8443                       /usr/lib/x86_64-linux-gnu/libboost_thread.so.1.62.0
7f37242cf000-7f37242d0000 rw-p 00027000 00:4b 8443                       /usr/lib/x86_64-linux-gnu/libboost_thread.so.1.62.0
7f37242d0000-7f37242f4000 r-xp 00000000 00:4b 55443                      /home/opencog/atomspace/build/opencog/atomspace/libatomspace.so
7f37242f4000-7f37244f3000 ---p 00024000 00:4b 55443                      /home/opencog/atomspace/build/opencog/atomspace/libatomspace.so
7f37244f3000-7f37244f4000 r--p 00023000 00:4b 55443                      /home/opencog/atomspace/build/opencog/atomspace/libatomspace.so
7f37244f4000-7f37244f5000 rw-p 00024000 00:4b 55443                      /home/opencog/atomspace/build/opencog/atomspace/libatomspace.so
7f37244f5000-7f3724522000 r-xp 00000000 00:4b 55470                      /home/opencog/atomspace/build/opencog/atoms/pattern/liblambda.so
7f3724522000-7f3724721000 ---p 0002d000 00:4b 55470                      /home/opencog/atomspace/build/opencog/atoms/pattern/liblambda.so
7f3724721000-7f3724722000 r--p 0002c000 00:4b 55470                      /home/opencog/atomspace/build/opencog/atoms/pattern/liblambda.so
7f3724722000-7f3724723000 rw-p 0002d000 00:4b 55470                      /home/opencog/atomspace/build/opencog/atoms/pattern/liblambda.so
7f3724723000-7f3724745000 r-xp 00000000 00:4b 55442                      /home/opencog/atomspace/build/opencog/atoms/reduct/libclearbox.so
7f3724745000-7f3724945000 ---p 00022000 00:4b 55442                      /home/opencog/atomspace/build/opencog/atoms/reduct/libclearbox.so
7f3724945000-7f3724946000 r--p 00022000 00:4b 55442                      /home/opencog/atomspace/build/opencog/atoms/reduct/libclearbox.so
7f3724946000-7f3724947000 rw-p 00023000 00:4b 55442                      /home/opencog/atomspace/build/opencog/atoms/reduct/libclearbox.so
7f3724947000-7f3724983000 r-xp 00000000 00:4b 55493                      /home/opencog/atomspace/build/opencog/guile/libsmob.so
7f3724983000-7f3724b82000 ---p 0003c000 00:4b 55493                      /home/opencog/atomspace/build/opencog/guile/libsmob.so
7f3724b82000-7f3724b84000 r--p 0003b000 00:4b 55493                      /home/opencog/atomspace/build/opencog/guile/libsmob.so
7f3724b84000-7f3724b85000 rw-p 0003d000 00:4b 55493                      /home/opencog/atomspace/build/opencog/guile/libsmob.so
7f3724b85000-7f3724b86000 rw-p 00000000 00:00 0 
7f3724b86000-7f3724ba8000 r-xp 00000000 00:4b 55492                      /home/opencog/atomspace/build/opencog/unify/libunify.so
7f3724ba8000-7f3724da8000 ---p 00022000 00:4b 55492                      /home/opencog/atomspace/build/opencog/unify/libunify.so
7f3724da8000-7f3724da9000 r--p 00022000 00:4b 55492                      /home/opencog/atomspace/build/opencog/unify/libunify.so
7f3724da9000-7f3724daa000 rw-p 00023000 00:4b 55492                      /home/opencog/atomspace/build/opencog/unify/libunify.so
7f3724daa000-7f3724db7000 r-xp 00000000 00:4b 55469                      /home/opencog/atomspace/build/opencog/atomspaceutils/libatomspaceutils.so
7f3724db7000-7f3724fb6000 ---p 0000d000 00:4b 55469                      /home/opencog/atomspace/build/opencog/atomspaceutils/libatomspaceutils.so
7f3724fb6000-7f3724fb7000 r--p 0000c000 00:4b 55469                      /home/opencog/atomspace/build/opencog/atomspaceutils/libatomspaceutils.so
7f3724fb7000-7f3724fb8000 rw-p 0000d000 00:4b 55469                      /home/opencog/atomspace/build/opencog/atomspaceutils/libatomspaceutils.so
7f3724fb8000-7f372537d000 r-xp 00000000 00:4b 6458                       /usr/lib/x86_64-linux-gnu/libpython3.5m.so.1.0
7f372537d000-7f372557d000 ---p 003c5000 00:4b 6458                       /usr/lib/x86_64-linux-gnu/libpython3.5m.so.1.0
7f372557d000-7f372557f000 r--p 003c5000 00:4b 6458                       /usr/lib/x86_64-linux-gnu/libpython3.5m.so.1.0
7f372557f000-7f3725616000 rw-p 003c7000 00:4b 6458                       /usr/lib/x86_64-linux-gnu/libpython3.5m.so.1.0
7f3725616000-7f3725647000 rw-p 00000000 00:00 0 
7f3725647000-7f372565f000 r-xp 00000000 00:4b 8568                       /usr/lib/x86_64-linux-gnu/libboost_filesystem.so.1.62.0
7f372565f000-7f372585e000 ---p 00018000 00:4b 8568                       /usr/lib/x86_64-linux-gnu/libboost_filesystem.so.1.62.0
7f372585e000-7f372585f000 r--p 00017000 00:4b 8568                       /usr/lib/x86_64-linux-gnu/libboost_filesystem.so.1.62.0
7f372585f000-7f3725860000 rw-p 00018000 00:4b 8568                       /usr/lib/x86_64-linux-gnu/libboost_filesystem.so.1.62.0
7f3725860000-7f372587a000 r-xp 00000000 00:4b 55607                      /home/opencog/atomspace/build/opencog/cython/libPythonEval.so
7f372587a000-7f3725a79000 ---p 0001a000 00:4b 55607                      /home/opencog/atomspace/build/opencog/cython/libPythonEval.so
7f3725a79000-7f3725a7a000 r--p 00019000 00:4b 55607                      /home/opencog/atomspace/build/opencog/cython/libPythonEval.so
7f3725a7a000-7f3725a7b000 rw-p 0001a000 00:4b 55607                      /home/opencog/atomspace/build/opencog/cython/libPythonEval.so
7f3725a7b000-7f3725a7e000 r-xp 00000000 00:4b 8389                       /usr/lib/x86_64-linux-gnu/libboost_system.so.1.62.0
7f3725a7e000-7f3725c7d000 ---p 00003000 00:4b 8389                       /usr/lib/x86_64-linux-gnu/libboost_system.so.1.62.0
7f3725c7d000-7f3725c7e000 r--p 00002000 00:4b 8389                       /usr/lib/x86_64-linux-gnu/libboost_system.so.1.62.0
7f3725c7e000-7f3725c7f000 rw-p 00003000 00:4b 8389                       /usr/lib/x86_64-linux-gnu/libboost_system.so.1.62.0
7f3725c7f000-7f3725ceb000 r-xp 00000000 00:4b 55639                      /home/opencog/atomspace/build/opencog/query/libquery.so
7f3725ceb000-7f3725eea000 ---p 0006c000 00:4b 55639                      /home/opencog/atomspace/build/opencog/query/libquery.so
7f3725eea000-7f3725eee000 r--p 0006b000 00:4b 55639                      /home/opencog/atomspace/build/opencog/query/libquery.so
7f3725eee000-7f3725eef000 rw-p 0006f000 00:4b 55639                      /home/opencog/atomspace/build/opencog/query/libquery.so
7f3725eef000-7f3725ef0000 rw-p 00000000 00:00 0 
7f3725ef0000-7f3725f2a000 r-xp 00000000 00:4b 55651                      /home/opencog/atomspace/build/opencog/atoms/execution/libexecution.so
7f3725f2a000-7f3726129000 ---p 0003a000 00:4b 55651                      /home/opencog/atomspace/build/opencog/atoms/execution/libexecution.so
7f3726129000-7f372612b000 r--p 00039000 00:4b 55651                      /home/opencog/atomspace/build/opencog/atoms/execution/libexecution.so
7f372612b000-7f372612c000 rw-p 0003b000 00:4b 55651                      /home/opencog/atomspace/build/opencog/atoms/execution/libexecution.so
7f372612c000-7f37261de000 r-xp 00000000 00:4b 55810                      /home/opencog/atomspace/build/opencog/rule-engine/libruleengine.so
7f37261de000-7f37263de000 ---p 000b2000 00:4b 55810                      /home/opencog/atomspace/build/opencog/rule-engine/libruleengine.so
7f37263de000-7f37263e2000 r--p 000b2000 00:4b 55810                      /home/opencog/atomspace/build/opencog/rule-engine/libruleengine.so
7f37263e2000-7f37263e4000 rw-p 000b6000 00:4b 55810                      /home/opencog/atomspace/build/opencog/rule-engine/libruleengine.so
7f37263e4000-7f37263e6000 rw-p 00000000 00:00 0 
7f37263e6000-7f37263fe000 r-xp 00000000 00:4b 4565                       /lib/x86_64-linux-gnu/libpthread-2.24.so
7f37263fe000-7f37265fd000 ---p 00018000 00:4b 4565                       /lib/x86_64-linux-gnu/libpthread-2.24.so
7f37265fd000-7f37265fe000 r--p 00017000 00:4b 4565                       /lib/x86_64-linux-gnu/libpthread-2.24.so
7f37265fe000-7f37265ff000 rw-p 00018000 00:4b 4565                       /lib/x86_64-linux-gnu/libpthread-2.24.so
7f37265ff000-7f3726603000 rw-p 00000000 00:00 0 
7f3726603000-7f3726626000 r-xp 00000000 00:4b 3367                       /lib/x86_64-linux-gnu/ld-2.24.so
7f372662d000-7f372665d000 r--p 00000000 00:4b 15481                      /usr/local/lib/guile/2.2/ccache/ice-9/match.go
7f372665d000-7f3726674000 rw-p 00030000 00:4b 15481                      /usr/local/lib/guile/2.2/ccache/ice-9/match.go
7f3726674000-7f372667a000 r--p 00047000 00:4b 15481                      /usr/local/lib/guile/2.2/ccache/ice-9/match.go
7f372667a000-7f372668a000 r--p 00000000 00:4b 15623                      /usr/local/lib/guile/2.2/ccache/ice-9/threads.go
7f372668a000-7f372668e000 rw-p 00010000 00:4b 15623                      /usr/local/lib/guile/2.2/ccache/ice-9/threads.go
7f372668e000-7f3726691000 r--p 00014000 00:4b 15623                      /usr/local/lib/guile/2.2/ccache/ice-9/threads.go
7f3726691000-7f37266a1000 r--p 00000000 00:4b 15460                      /usr/local/lib/guile/2.2/ccache/ice-9/deprecated.go
7f37266a1000-7f37266a9000 rw-p 00010000 00:4b 15460                      /usr/local/lib/guile/2.2/ccache/ice-9/deprecated.go
7f37266a9000-7f37266ae000 r--p 00018000 00:4b 15460                      /usr/local/lib/guile/2.2/ccache/ice-9/deprecated.go
7f37266ae000-7f37266be000 r--p 00000000 00:4b 15482                      /usr/local/lib/guile/2.2/ccache/ice-9/networking.go
7f37266be000-7f37266bf000 rw-p 00010000 00:4b 15482                      /usr/local/lib/guile/2.2/ccache/ice-9/networking.go
7f37266bf000-7f37266c1000 r--p 00011000 00:4b 15482                      /usr/local/lib/guile/2.2/ccache/ice-9/networking.go
7f37266c1000-7f37266d1000 r--p 00000000 00:4b 15599                      /usr/local/lib/guile/2.2/ccache/ice-9/posix.go
7f37266d1000-7f37266d2000 rw-p 00010000 00:4b 15599                      /usr/local/lib/guile/2.2/ccache/ice-9/posix.go
7f37266d2000-7f37266d4000 r--p 00011000 00:4b 15599                      /usr/local/lib/guile/2.2/ccache/ice-9/posix.go
7f37266d4000-7f3726724000 r--p 00000000 00:4b 15601                      /usr/local/lib/guile/2.2/ccache/ice-9/psyntax-pp.go
7f3726724000-7f3726734000 rw-p 00050000 00:4b 15601                      /usr/local/lib/guile/2.2/ccache/ice-9/psyntax-pp.go
7f3726734000-7f3726750000 r--p 00060000 00:4b 15601                      /usr/local/lib/guile/2.2/ccache/ice-9/psyntax-pp.go
7f3726750000-7f37267a0000 r--p 00000000 00:4b 15451                      /usr/local/lib/guile/2.2/ccache/ice-9/boot-9.go
7f37267a0000-7f37267c0000 rw-p 00050000 00:4b 15451                      /usr/local/lib/guile/2.2/ccache/ice-9/boot-9.go
7f37267c0000-7f37267de000 r--p 00070000 00:4b 15451                      /usr/local/lib/guile/2.2/ccache/ice-9/boot-9.go
7f37267de000-7f37267ee000 r--p 00000000 00:4b 15463                      /usr/local/lib/guile/2.2/ccache/ice-9/eval.go
7f37267ee000-7f37267ef000 rw-p 00010000 00:4b 15463                      /usr/local/lib/guile/2.2/ccache/ice-9/eval.go
7f37267ef000-7f37267f5000 r--p 00011000 00:4b 15463                      /usr/local/lib/guile/2.2/ccache/ice-9/eval.go
7f37267f5000-7f3726817000 rw-p 00000000 00:00 0 
7f3726819000-7f372681c000 rw-p 00000000 00:00 0 
7f372681c000-7f3726823000 r--s 00000000 00:4b 26756                      /usr/lib/x86_64-linux-gnu/gconv/gconv-modules.cache
7f3726823000-7f3726826000 rw-p 00000000 00:00 0 
7f3726826000-7f3726827000 r--p 00023000 00:4b 3367                       /lib/x86_64-linux-gnu/ld-2.24.so
7f3726827000-7f3726828000 rw-p 00024000 00:4b 3367                       /lib/x86_64-linux-gnu/ld-2.24.so
7f3726828000-7f3726829000 rw-p 00000000 00:00 0 
7fffa4a4d000-7fffa4a6e000 rw-p 00000000 00:00 0                          [stack]
7fffa4b68000-7fffa4b6b000 r--p 00000000 00:00 0                          [vvar]
7fffa4b6b000-7fffa4b6d000 r-xp 00000000 00:00 0                          [vdso]
ffffffffff600000-ffffffffff601000 r-xp 00000000 00:00 0                  [vsyscall]

        Start 119: ActionSelectionUTest
119/122 Test #119: ActionSelectionUTest .............   Passed    0.01 sec
        Start 120: ControlPolicyUTest
120/122 Test #120: ControlPolicyUTest ...............   Passed    0.35 sec
        Start 121: BITUTest
121/122 Test #121: BITUTest .........................   Passed    1.67 sec
        Start 122: GradientUTest
122/122 Test #122: GradientUTest ....................   Passed    0.02 sec

98% tests passed, 2 tests failed out of 122

Total Test time (real) =  99.30 sec

The following tests FAILED:
	 59 - VectorAPIUTest (Failed)
	118 - BackwardChainerUTest (OTHER_FAULT)
Errors while running CTest
CMakeFiles/test.dir/build.make:57: recipe for target 'CMakeFiles/test' failed
CMakeFiles/Makefile2:99: recipe for target 'CMakeFiles/test.dir/all' failed
make[3]: *** [CMakeFiles/test] Error 8
make[2]: *** [CMakeFiles/test.dir/all] Error 2
CMakeFiles/Makefile2:106: recipe for target 'CMakeFiles/test.dir/rule' failed
Makefile:197: recipe for target 'test' failed
make[1]: *** [CMakeFiles/test.dir/rule] Error 2
make: *** [test] Error 2
+ DSTATUS=TESTFAIL
+ /var/lib/jenkins/status/updateStatus TESTFAIL /var/lib/jenkins/jobs/OpenCOG_DebStab_AtomSpace/builds/230/log OpenCOG_DebStab_AtomSpace
Auto packing the repository in background for optimum performance.
See "git help gc" for manual housekeeping.
error: The last gc run reported the following. Please correct the root cause
and remove .git/gc.log.
Automatic cleanup will not be performed until the file is removed.

error: pack-objects died of signal 15
error: failed to run repack

Already up-to-date.
