Started by user [8mha:////4L2jTPWu9zIb56dnp8RqVObesKKV2DVGI0jJXlam1DqAAAAAlx+LCAAAAAAAAP9b85aBtbiIQTGjNKU4P08vOT+vOD8nVc83PyU1x6OyILUoJzMv2y+/JJUBAhiZGBgqihhk0NSjKDWzXb3RdlLBUSYGJk8GtpzUvPSSDB8G5tKinBIGIZ+sxLJE/ZzEvHT94JKizLx0a6BxUmjGOUNodHsLgAzWEgZu/dLi1CL9xJTczDwAj6GcLcAAAAA=[0madmin
Building in workspace /var/lib/jenkins/workspace/OpenCOG_U1604_Opencog
[OpenCOG_U1604_Opencog] $ /bin/sh -xe /tmp/jenkins3812666170994042760.sh
+ COGDIR=../OpenCOG_U1604
+ . ../OpenCOG_U1604/build.docker/docker.env
+ CID=031887e454e86c676a21cb3457ba373472d39359f0bf99432870c39fe187372c
+ DKRUNROOT=docker exec --user root   031887e454e86c676a21cb3457ba373472d39359f0bf99432870c39fe187372c
+ DKRUNUSER=docker exec --user jenkins  031887e454e86c676a21cb3457ba373472d39359f0bf99432870c39fe187372c
+ UID=125
+ GID=132
+ LOGFILE=/var/lib/jenkins/jobs/OpenCOG_U1604_Opencog/builds/46/log
+ cat


**********************************************************
**********************************************************
**********************************************************
**********************************************************
*****                                                *****
*****                  Opencog TEST                *****
*****                                                *****
**********************************************************
**********************************************************
**********************************************************
**********************************************************


+ echo GIT_COMMIT=
GIT_COMMIT=
+ echo GIT_BRANCH=
GIT_BRANCH=
+ echo GIT_URL=
GIT_URL=
+ WDIR=opencog/
+ JOBDIR=../OpenCOG_U1604/dependencies
+ cat
+ chmod +x ../OpenCOG_U1604/dependencies/job1
+ docker exec --user jenkins 031887e454e86c676a21cb3457ba373472d39359f0bf99432870c39fe187372c bash dependencies/job1
+ cd opencog/
+ cd build
+ make -j8 test
[  1%] Generating MOSESPLNSynergyUTest.cpp
[  1%] Generating PLNRulesUTest.cpp
[  1%] Built target attention_atom_types
[  3%] Built target nlp_atom_types
[  6%] Built target json_spirit
[  9%] Built target xpatternminer
[ 12%] Built target atom_octomap
[ 14%] Built target openpsi
[ 15%] Built target py-shell
[ 17%] Built target patternminer_atom_types
[ 19%] Built target agent_finder
[ 20%] Built target statistics
[ 22%] Built target dimensionalembedding
[ 22%] Built target spacetime_atom_types
[ 22%] Generating XPatternMinerUTest.cpp
[ 23%] Generating UREPatternMinerUTest.cpp
[ 25%] Built target attention-types
[ 25%] Generating AtomOcTreeUTest.cpp
[ 26%] Built target atomspacepublishermodule
[ 28%] Built target nlp-types
[ 36%] Built target patternindex
Scanning dependencies of target PLNRulesUTest
Scanning dependencies of target MOSESPLNSynergyUTest
[ 38%] Generating OpenPsiImplicatorUTest.cpp
[ 38%] Generating TimeSpaceAtomUTest.cpp
[ 39%] Generating OpenPsiSCMUTest.cpp
[ 39%] Building CXX object tests/pln/CMakeFiles/MOSESPLNSynergyUTest.dir/MOSESPLNSynergyUTest.cpp.o
[ 41%] Building CXX object tests/pln/rules/CMakeFiles/PLNRulesUTest.dir/PLNRulesUTest.cpp.o
Scanning dependencies of target AtomOcTreeUTest
Scanning dependencies of target XPatternMinerUTest
Scanning dependencies of target UREPatternMinerUTest
[ 42%] Building CXX object tests/spacetime/CMakeFiles/AtomOcTreeUTest.dir/AtomOcTreeUTest.cpp.o
[ 44%] Building CXX object tests/learning/xpattern-miner/c++-based/CMakeFiles/XPatternMinerUTest.dir/XPatternMinerUTest.cpp.o
Scanning dependencies of target TimeSpaceAtomUTest
[ 44%] Building CXX object tests/learning/xpattern-miner/ure-based/CMakeFiles/UREPatternMinerUTest.dir/UREPatternMinerUTest.cpp.o
Scanning dependencies of target OpenPsiSCMUTest
[ 44%] Building CXX object tests/spacetime/CMakeFiles/TimeSpaceAtomUTest.dir/TimeSpaceAtomUTest.cpp.o
Scanning dependencies of target OpenPsiImplicatorUTest
[ 44%] Building CXX object tests/openpsi/CMakeFiles/OpenPsiSCMUTest.dir/OpenPsiSCMUTest.cpp.o
[ 46%] Building CXX object tests/openpsi/CMakeFiles/OpenPsiImplicatorUTest.dir/OpenPsiImplicatorUTest.cpp.o
[ 47%] Linking CXX executable MOSESPLNSynergyUTest
[ 47%] Built target MOSESPLNSynergyUTest
[ 47%] Generating OpenPsiRulesUTest.cpp
[ 47%] Linking CXX executable OpenPsiImplicatorUTest
Scanning dependencies of target OpenPsiRulesUTest
[ 49%] Building CXX object tests/openpsi/CMakeFiles/OpenPsiRulesUTest.dir/OpenPsiRulesUTest.cpp.o
[ 50%] Linking CXX executable OpenPsiSCMUTest
[ 50%] Linking CXX executable AtomOcTreeUTest
[ 50%] Built target OpenPsiImplicatorUTest
[ 50%] Generating StatisticsUTest.cpp
[ 50%] Built target OpenPsiSCMUTest
[ 52%] Built target patternminer-types
[ 52%] Generating PatternIndexAPIUTest.cpp
Scanning dependencies of target StatisticsUTest
[ 53%] Building CXX object tests/learning/statistics/CMakeFiles/StatisticsUTest.dir/StatisticsUTest.cpp.o
[ 53%] Built target AtomOcTreeUTest
Scanning dependencies of target PatternIndexAPIUTest
[ 61%] Built target server
[ 63%] Building CXX object tests/learning/pattern-index/CMakeFiles/PatternIndexAPIUTest.dir/PatternIndexAPIUTest.cpp.o
[ 68%] Built target PatternMiner
[ 69%] Linking CXX executable UREPatternMinerUTest
[ 77%] Built target attention
[ 79%] Generating AtomSpacePublisherModuleUTest.cpp
Scanning dependencies of target AtomSpacePublisherModuleUTest
[ 79%] Building CXX object tests/persist/zmq/events/CMakeFiles/AtomSpacePublisherModuleUTest.dir/AtomSpacePublisherModuleUTest.cpp.o
[ 79%] Built target UREPatternMinerUTest
[ 79%] Generating ShellUTest.cpp
Scanning dependencies of target ShellUTest
[ 79%] Building CXX object tests/server/CMakeFiles/ShellUTest.dir/ShellUTest.cpp.o
[ 79%] Linking CXX executable PLNRulesUTest
[ 79%] Built target PLNRulesUTest
[ 79%] Generating CogServerUTest.cpp
Scanning dependencies of target CogServerUTest
[ 80%] Building CXX object tests/server/CMakeFiles/CogServerUTest.dir/CogServerUTest.cpp.o
[ 80%] Linking CXX executable TimeSpaceAtomUTest
[ 80%] Built target TimeSpaceAtomUTest
[ 80%] Generating AgentUTest.cpp
Scanning dependencies of target AgentUTest
[ 80%] Building CXX object tests/server/CMakeFiles/AgentUTest.dir/AgentUTest.cpp.o
[ 80%] Linking CXX executable XPatternMinerUTest
[ 80%] Built target XPatternMinerUTest
[ 84%] Built target PythonModule
[ 85%] Generating PyEvalUTest.cpp
Scanning dependencies of target PyEvalUTest
[ 85%] Building CXX object tests/cython/CMakeFiles/PyEvalUTest.dir/PyEvalUTest.cpp.o
[ 85%] Linking CXX executable StatisticsUTest
[ 85%] Built target StatisticsUTest
[ 87%] Generating DimEmbedUTest.cpp
Scanning dependencies of target DimEmbedUTest
[ 87%] Building CXX object tests/learning/dimensionalembedding/CMakeFiles/DimEmbedUTest.dir/DimEmbedUTest.cpp.o
[ 87%] Linking CXX executable OpenPsiRulesUTest
[ 87%] Linking CXX executable PatternIndexAPIUTest
[ 87%] Built target OpenPsiRulesUTest
[ 87%] Generating PatternMinerUTest.cpp
CMakeFiles/PatternIndexAPIUTest.dir/PatternIndexAPIUTest.cpp.o: In function `PatternIndexAPIUTest::PatternIndexAPIUTest()':
/home/opencog/opencog/build/tests/learning/pattern-index/../../../../tests/learning/pattern-index/PatternIndexAPIUTest.cxxtest:76: warning: the use of `tmpnam' is dangerous, better use `mkstemp'
[ 87%] Built target PatternIndexAPIUTest
[ 88%] Generating AttentionParamQueryUTest.cpp
Scanning dependencies of target PatternMinerUTest
[ 90%] Building CXX object tests/learning/PatternMiner/CMakeFiles/PatternMinerUTest.dir/PatternMinerUTest.cpp.o
Scanning dependencies of target AttentionParamQueryUTest
[ 90%] Building CXX object tests/attention/CMakeFiles/AttentionParamQueryUTest.dir/AttentionParamQueryUTest.cpp.o
[ 92%] Linking CXX executable ShellUTest
[ 92%] Built target ShellUTest
[ 93%] Generating PythonModuleUTest.cpp
Scanning dependencies of target PythonModuleUTest
[ 93%] Building CXX object tests/cython/CMakeFiles/PythonModuleUTest.dir/PythonModuleUTest.cpp.o
[ 95%] Linking CXX executable AgentUTest
[ 95%] Built target AgentUTest
[ 95%] Linking CXX executable CogServerUTest
[ 95%] Built target CogServerUTest
[ 95%] Linking CXX executable PyEvalUTest
[ 95%] Built target PyEvalUTest
[ 96%] Linking CXX executable AttentionParamQueryUTest
[ 96%] Built target AttentionParamQueryUTest
[ 96%] Linking CXX executable PatternMinerUTest
[ 98%] Linking CXX executable PythonModuleUTest
[ 98%] Built target PatternMinerUTest
[ 98%] Built target PythonModuleUTest
[ 98%] Linking CXX executable DimEmbedUTest
[ 98%] Built target DimEmbedUTest
[ 98%] Linking CXX executable AtomSpacePublisherModuleUTest
[ 98%] Built target AtomSpacePublisherModuleUTest
Scanning dependencies of target tests
[ 98%] Built target tests
Scanning dependencies of target test
[100%] Running tests...
Test project /home/opencog/opencog/build/tests
      Start  1: AttentionParamQueryUTest
 1/26 Test  #1: AttentionParamQueryUTest .........   Passed    0.01 sec
      Start  2: AtomSpacePublisherModuleUTest
 2/26 Test  #2: AtomSpacePublisherModuleUTest ....   Passed    5.09 sec
      Start  3: CogServerUTest
 3/26 Test  #3: CogServerUTest ...................   Passed    0.81 sec
      Start  4: ShellUTest
 4/26 Test  #4: ShellUTest .......................   Passed  119.10 sec
      Start  5: AgentUTest
 5/26 Test  #5: AgentUTest .......................   Passed    0.13 sec
      Start  6: AtomOcTreeUTest
 6/26 Test  #6: AtomOcTreeUTest ..................***Exception: SegFault  0.07 sec
Running cxxtest tests (1 test)
generating example map

      Start  7: TimeSpaceAtomUTest
 7/26 Test  #7: TimeSpaceAtomUTest ...............***Exception: SegFault  0.07 sec
Running cxxtest tests (1 test)
generating example map

      Start  8: AnaphoraTest
 8/26 Test  #8: AnaphoraTest .....................***Exception: Other  0.32 sec
Testing the bfs function ... ERROR
test_conjunctions (test_anaphora.AnaphoraUnitTester) ... FAIL
Testing the getWords function ... ;;; note: auto-compilation is enabled, set GUILE_AUTO_COMPILE=0
;;;       or pass the --no-auto-compile argument to disable.
;;; compiling /usr/local/share/opencog/scm/opencog/query.scm
;;; compiled /home/jenkins/.cache/guile/ccache/2.0-LE-8-2.0/usr/local/share/opencog/scm/opencog/query.scm.go
;;; compiling /usr/local/share/opencog/scm/opencog/nlp.scm
;;; compiled /home/jenkins/.cache/guile/ccache/2.0-LE-8-2.0/usr/local/share/opencog/scm/opencog/nlp.scm.go
;;; compiling /home/opencog/opencog/build/tests/nlp/../../../tests/nlp/anaphora/data/conjunction.scm
;;; /home/opencog/opencog/build/tests/nlp/../../../tests/nlp/anaphora/data/conjunction.scm:15:4: warning: possibly unbound variable `WordInstanceNode'
;;; /home/opencog/opencog/build/tests/nlp/../../../tests/nlp/anaphora/data/conjunction.scm:16:4: warning: possibly unbound variable `WordInstanceNode'
;;; /home/opencog/opencog/build/tests/nlp/../../../tests/nlp/anaphora/data/conjunction.scm:20:4: warning: possibly unbound variable `WordInstanceNode'
;;; /home/opencog/opencog/build/tests/nlp/../../../tests/nlp/anaphora/data/conjunction.scm:22:0: warning: possibly unbound variable `PartOfSpeechLink'
;;; /home/opencog/opencog/build/tests/nlp/../../../tests/nlp/anaphora/data/conjunction.scm:23:4: warning: possibly unbound variable `WordInstanceNode'
;;; /home/opencog/opencog/build/tests/nlp/../../../tests/nlp/anaphora/data/conjunction.scm:24:4: warning: possibly unbound variable `DefinedLinguisticConceptNode'
;;; /home/opencog/opencog/build/tests/nlp/../../../tests/nlp/anaphora/data/conjunction.scm:26:0: warning: possibly unbound variable `PartOfSpeechLink'
;;; /home/opencog/opencog/build/tests/nlp/../../../tests/nlp/anaphora/data/conjunction.scm:27:4: warning: possibly unbound variable `WordInstanceNode'
;;; /home/opencog/opencog/build/tests/nlp/../../../tests/nlp/anaphora/data/conjunction.scm:28:4: warning: possibly unbound variable `DefinedLinguisticConceptNode'
;;; /home/opencog/opencog/build/tests/nlp/../../../tests/nlp/anaphora/data/conjunction.scm:31:4: warning: possibly unbound variable `WordInstanceNode'
;;; /home/opencog/opencog/build/tests/nlp/../../../tests/nlp/anaphora/data/conjunction.scm:32:4: warning: possibly unbound variable `DefinedLinguisticConceptNode'
;;; /home/opencog/opencog/build/tests/nlp/../../../tests/nlp/anaphora/data/conjunction.scm:35:4: warning: possibly unbound variable `PrepositionalRelationshipNode'
;;; /home/opencog/opencog/build/tests/nlp/../../../tests/nlp/anaphora/data/conjunction.scm:37:8: warning: possibly unbound variable `WordInstanceNode'
;;; /home/opencog/opencog/build/tests/nlp/../../../tests/nlp/anaphora/data/conjunction.scm:38:8: warning: possibly unbound variable `WordInstanceNode'
;;; compiled /home/jenkins/.cache/guile/ccache/2.0-LE-8-2.0/home/opencog/opencog/tests/nlp/anaphora/data/conjunction.scm.go
;;; compiling /home/opencog/opencog/build/tests/nlp/../../../tests/nlp/anaphora/data/getWords.scm
;;; /home/opencog/opencog/build/tests/nlp/../../../tests/nlp/anaphora/data/getWords.scm:9:0: warning: possibly unbound variable `WordInstanceLink'
;;; /home/opencog/opencog/build/tests/nlp/../../../tests/nlp/anaphora/data/getWords.scm:10:4: warning: possibly unbound variable `WordInstanceNode'
;;; /home/opencog/opencog/build/tests/nlp/../../../tests/nlp/anaphora/data/getWords.scm:11:4: warning: possibly unbound variable `ParseNode'
;;; /home/opencog/opencog/build/tests/nlp/../../../tests/nlp/anaphora/data/getWords.scm:13:0: warning: possibly unbound variable `WordInstanceLink'
;;; /home/opencog/opencog/build/tests/nlp/../../../tests/nlp/anaphora/data/getWords.scm:14:4: warning: possibly unbound variable `WordInstanceNode'
;;; /home/opencog/opencog/build/tests/nlp/../../../tests/nlp/anaphora/data/getWords.scm:15:4: warning: possibly unbound variable `ParseNode'
;;; /home/opencog/opencog/build/tests/nlp/../../../tests/nlp/anaphora/data/getWords.scm:17:0: warning: possibly unbound variable `WordInstanceLink'
;;; /home/opencog/opencog/build/tests/nlp/../../../tests/nlp/anaphora/data/getWords.scm:18:4: warning: possibly unbound variable `WordInstanceNode'
;;; /home/opencog/opencog/build/tests/nlp/../../../tests/nlp/anaphora/data/getWords.scm:19:4: warning: possibly unbound variable `ParseNode'
;;; /home/opencog/opencog/build/tests/nlp/../../../tests/nlp/anaphora/data/getWords.scm:21:0: warning: possibly unbound variable `WordInstanceLink'
;;; /home/opencog/opencog/build/tests/nlp/../../../tests/nlp/anaphora/data/getWords.scm:22:4: warning: possibly unbound variable `WordInstanceNode'
;;; /home/opencog/opencog/build/tests/nlp/../../../tests/nlp/anaphora/data/getWords.scm:23:4: warning: possibly unbound variable `ParseNode'
;;; /home/opencog/opencog/build/tests/nlp/../../../tests/nlp/anaphora/data/getWords.scm:25:0: warning: possibly unbound variable `WordInstanceLink'
;;; /home/opencog/opencog/build/tests/nlp/../../../tests/nlp/anaphora/data/getWords.scm:26:4: warning: possibly unbound variable `WordInstanceNode'
;;; /home/opencog/opencog/build/tests/nlp/../../../tests/nlp/anaphora/data/getWords.scm:27:4: warning: possibly unbound variable `ParseNode'
;;; /home/opencog/opencog/build/tests/nlp/../../../tests/nlp/anaphora/data/getWords.scm:29:0: warning: possibly unbound variable `WordInstanceLink'
;;; /home/opencog/opencog/build/tests/nlp/../../../tests/nlp/anaphora/data/getWords.scm:30:4: warning: possibly unbound variable `WordInstanceNode'
;;; /home/opencog/opencog/build/tests/nlp/../../../tests/nlp/anaphora/data/getWords.scm:31:4: warning: possibly unbound variable `ParseNode'
;;; /home/opencog/opencog/build/tests/nlp/../../../tests/nlp/anaphora/data/getWords.scm:33:0: warning: possibly unbound variable `WordInstanceLink'
;;; /home/opencog/opencog/build/tests/nlp/../../../tests/nlp/anaphora/data/getWords.scm:34:4: warning: possibly unbound variable `WordInstanceNode'
;;; /home/opencog/opencog/build/tests/nlp/../../../tests/nlp/anaphora/data/getWords.scm:35:4: warning: possibly unbound variable `ParseNode'
;;; /home/opencog/opencog/build/tests/nlp/../../../tests/nlp/anaphora/data/getWords.scm:37:0: warning: possibly unbound variable `WordInstanceLink'
;;; /home/opencog/opencog/build/tests/nlp/../../../tests/nlp/anaphora/data/getWords.scm:38:4: warning: possibly unbound variable `WordInstanceNode'
;;; /home/opencog/opencog/build/tests/nlp/../../../tests/nlp/anaphora/data/getWords.scm:39:4: warning: possibly unbound variable `ParseNode'
;;; /home/opencog/opencog/build/tests/nlp/../../../tests/nlp/anaphora/data/getWords.scm:41:0: warning: possibly unbound variable `WordInstanceLink'
;;; /home/opencog/opencog/build/tests/nlp/../../../tests/nlp/anaphora/data/getWords.scm:42:4: warning: possibly unbound variable `WordInstanceNode'
;;; /home/opencog/opencog/build/tests/nlp/../../../tests/nlp/anaphora/data/getWords.scm:43:4: warning: possibly unbound variable `ParseNode'
;;; /home/opencog/opencog/build/tests/nlp/../../../tests/nlp/anaphora/data/getWords.scm:46:0: warning: possibly unbound variable `WordSequenceLink'
;;; /home/opencog/opencog/build/tests/nlp/../../../tests/nlp/anaphora/data/getWords.scm:47:4: warning: possibly unbound variable `WordInstanceNode'
;;; /home/opencog/opencog/build/tests/nlp/../../../tests/nlp/anaphora/data/getWords.scm:50:0: warning: possibly unbound variable `WordSequenceLink'
;;; /home/opencog/opencog/build/tests/nlp/../../../tests/nlp/anaphora/data/getWords.scm:51:4: warning: possibly unbound variable `WordInstanceNode'
;;; /home/opencog/opencog/build/tests/nlp/../../../tests/nlp/anaphora/data/getWords.scm:54:0: warning: possibly unbound variable `WordSequenceLink'
;;; /home/opencog/opencog/build/tests/nlp/../../../tests/nlp/anaphora/data/getWords.scm:55:4: warning: possibly unbound variable `WordInstanceNode'
;;; /home/opencog/opencog/build/tests/nlp/../../../tests/nlp/anaphora/data/getWords.scm:58:0: warning: possibly unbound variable `WordSequenceLink'
;;; /home/opencog/opencog/build/tests/nlp/../../../tests/nlp/anaphora/data/getWords.scm:59:4: warning: possibly unbound variable `WordInstanceNode'
;;; /home/opencog/opencog/build/tests/nlp/../../../tests/nlp/anaphora/data/getWords.scm:62:0: warning: possibly unbound variable `WordSequenceLink'
;;; /home/opencog/opencog/build/tests/nlp/../../../tests/nlp/anaphora/data/getWords.scm:63:4: warning: possibly unbound variable `WordInstanceNode'
;;; /home/opencog/opencog/build/tests/nlp/../../../tests/nlp/anaphora/data/getWords.scm:66:0: warning: possibly unbound variable `WordSequenceLink'
;;; /home/opencog/opencog/build/tests/nlp/../../../tests/nlp/anaphora/data/getWords.scm:67:4: warning: possibly unbound variable `WordInstanceNode'
;;; /home/opencog/opencog/build/tests/nlp/../../../tests/nlp/anaphora/data/getWords.scm:70:0: warning: possibly unbound variable `WordSequenceLink'
;;; /home/opencog/opencog/build/tests/nlp/../../../tests/nlp/anaphora/data/getWords.scm:71:4: warning: possibly unbound variable `WordInstanceNode'
;;; /home/opencog/opencog/build/tests/nlp/../../../tests/nlp/anaphora/data/getWords.scm:74:0: warning: possibly unbound variable `WordSequenceLink'
;;; /home/opencog/opencog/build/tests/nlp/../../../tests/nlp/anaphora/data/getWords.scm:75:4: warning: possibly unbound variable `WordInstanceNode'
;;; /home/opencog/opencog/build/tests/nlp/../../../tests/nlp/anaphora/data/getWords.scm:78:0: warning: possibly unbound variable `WordSequenceLink'
;;; /home/opencog/opencog/build/tests/nlp/../../../tests/nlp/anaphora/data/getWords.scm:79:4: warning: possibly unbound variable `WordInstanceNode'
;;; /home/opencog/opencog/build/tests/nlp/../../../tests/nlp/anaphora/data/getWords.scm:83:4: warning: possibly unbound variable `WordInstanceNode'
;;; /home/opencog/opencog/build/tests/nlp/../../../tests/nlp/anaphora/data/getWords.scm:84:4: warning: possibly unbound variable `DefinedLinguisticConceptNode'
;;; /home/opencog/opencog/build/tests/nlp/../../../tests/nlp/anaphora/data/getWords.scm:88:4: warning: possibly unbound variable `WordInstanceNode'
;;; /home/opencog/opencog/build/tests/nlp/../../../tests/nlp/anaphora/data/getWords.scm:89:4: warning: possibly unbound variable `DefinedLinguisticConceptNode'
;;; /home/opencog/opencog/build/tests/nlp/../../../tests/nlp/anaphora/data/getWords.scm:93:4: warning: possibly unbound variable `WordInstanceNode'
;;; /home/opencog/opencog/build/tests/nlp/../../../tests/nlp/anaphora/data/getWords.scm:94:4: warning: possibly unbound variable `DefinedLinguisticConceptNode'
;;; /home/opencog/opencog/build/tests/nlp/../../../tests/nlp/anaphora/data/getWords.scm:97:0: warning: possibly unbound variable `LemmaLink'
;;; /home/opencog/opencog/build/tests/nlp/../../../tests/nlp/anaphora/data/getWords.scm:98:4: warning: possibly unbound variable `WordInstanceNode'
;;; /home/opencog/opencog/build/tests/nlp/../../../tests/nlp/anaphora/data/getWords.scm:99:4: warning: possibly unbound variable `WordNode'
;;; /home/opencog/opencog/build/tests/nlp/../../../tests/nlp/anaphora/data/getWords.scm:103:4: warning: possibly unbound variable `WordInstanceNode'
;;; /home/opencog/opencog/build/tests/nlp/../../../tests/nlp/anaphora/data/getWords.scm:104:4: warning: possibly unbound variable `DefinedLinguisticConceptNode'
;;; /home/opencog/opencog/build/tests/nlp/../../../tests/nlp/anaphora/data/getWords.scm:108:4: warning: possibly unbound variable `WordInstanceNode'
;;; /home/opencog/opencog/build/tests/nlp/../../../tests/nlp/anaphora/data/getWords.scm:109:4: warning: possibly unbound variable `DefinedLinguisticConceptNode'
;;; /home/opencog/opencog/build/tests/nlp/../../../tests/nlp/anaphora/data/getWords.scm:113:4: warning: possibly unbound variable `WordInstanceNode'
;;; /home/opencog/opencog/build/tests/nlp/../../../tests/nlp/anaphora/data/getWords.scm:114:4: warning: possibly unbound variable `DefinedLinguisticConceptNode'
;;; /home/opencog/opencog/build/tests/nlp/../../../tests/nlp/anaphora/data/getWords.scm:118:4: warning: possibly unbound variable `WordInstanceNode'
;;; /home/opencog/opencog/build/tests/nlp/../../../tests/nlp/anaphora/data/getWords.scm:119:4: warning: possibly unbound variable `DefinedLinguisticConceptNode'
;;; /home/opencog/opencog/build/tests/nlp/../../../tests/nlp/anaphora/data/getWords.scm:122:0: warning: possibly unbound variable `LemmaLink'
;;; /home/Error: Backtrace:
In ice-9/boot-9.scm:
3065: 19 [try-module-autoload (opencog nlp) #f]
2401: 18 [save-module-excursion #<procedure 1c22450 at ice-9/boot-9.scm:3066:17 ()>]
3085: 17 [#<procedure 1c22450 at ice-9/boot-9.scm:3066:17 ()>]
In unknown file:
   ?: 16 [primitive-load-path "opencog/nlp" ...]
In opencog/nlp.scm:
   6: 15 [#<procedure 1c7f5e0 ()>]
In unknown file:
   ?: 14 [load-extension "libnlp-types" "nlp_types_init"]
In ice-9/boot-9.scm:
 157: 13 [catch #t #<catch-closure 1cb4100> ...]
In unknown file:
   ?: 12 [apply-smob/1 #<catch-closure 1cb4100>]
In ice-9/boot-9.scm:
 157: 11 [catch #t #<catch-closure 1cb7cc0> ...]
In unknown file:
   ?: 10 [apply-smob/1 #<catch-closure 1cb7cc0>]
   ?: 9 [call-with-input-string "(load \"../../../tests/nlp/anaphora/data/conjunction.scm\")" ...]
In ice-9/boot-9.scm:
2401: 8 [save-module-excursion #<procedure 1cb5bd0 at ice-9/eval-string.scm:65:9 ()>]
In ice-9/eval-string.scm:
  44: 7 [read-and-eval #<input: string 1ca85b0> #:lang ...]
  37: 6 [lp (load "../../../tests/nlp/anaphora/data/conjunction.scm")]
In ice-9/boot-9.scm:
2401: 5 [save-module-excursion #<procedure 1c83680 at ice-9/boot-9.scm:4045:3 ()>]
4052: 4 [#<procedure 1c83680 at ice-9/boot-9.scm:4045:3 ()>]
In unknown file:
   ?: 3 [load-compiled/vm "/home/jenkins/.cache/guile/ccache/2.0-LE-8-2.0/home/opencog/opencog/tests/nlp/anaphora/data/conjunction.scm.go"]
In /home/opencog/opencog/build/tests/nlp/../../../tests/nlp/anaphora/data/conjunction.scm:
  15: 2 [#<procedure 1cb0e60 ()>]
In ice-9/boot-9.scm:
 102: 1 [#<procedure 1c83740 at ice-9/boot-9.scm:97:6 (thrown-k . args)> unbound-variable ...]
In unknown file:
   ?: 0 [apply-smob/1 #<catch-closure 1cb7c80> unbound-variable ...]

ERROR: In procedure apply-smob/1:
ERROR: In procedure module-lookup: Unbound variable: WordInstanceNode
ABORT: unbound-variable

Error: Backtrace:
In ice-9/boot-9.scm:
3065: 19 [try-module-autoload (opencog nlp) #f]
2401: 18 [save-module-excursion #<procedure 1c22450 at ice-9/boot-9.scm:3066:17 ()>]
3085: 17 [#<procedure 1c22450 at ice-9/boot-9.scm:3066:17 ()>]
In unknown file:
   ?: 16 [primitive-load-path "opencog/nlp" ...]
In opencog/nlp.scm:
   6: 15 [#<procedure 1c7f5e0 ()>]
In unknown file:
   ?: 14 [load-extension "libnlp-types" "nlp_types_init"]
In ice-9/boot-9.scm:
 157: 13 [catch #t #<catch-closure 1c16c40> ...]
In unknown file:
   ?: 12 [apply-smob/1 #<catch-closure 1c16c40>]
In ice-9/boot-9.scm:
 157: 11 [catch #t #<catch-closure 1c16a00> ...]
In unknown file:
   ?: 10 [apply-smob/1 #<catch-closure 1c16a00>]
   ?: 9 [call-with-input-string "(load \"../../../..//opencog/tests/nlp/anaphora/data/conjunction.scm\")" ...]
In ice-9/boot-9.scm:
2401: 8 [save-module-excursion #<procedure 13fd390 at ice-9/eval-string.scm:65:9 ()>]
In ice-9/eval-string.scm:
  44: 7 [read-and-eval #<input: string 1c611a0> #:lang ...]
  37: 6 [lp (load "../../../..//opencog/tests/nlp/anaphora/data/conjunction.scm")]
In ice-9/boot-9.scm:
2401: 5 [save-module-excursion #<procedure 1c5f900 at ice-9/boot-9.scm:4045:3 ()>]
4052: 4 [#<procedure 1c5f900 at ice-9/boot-9.scm:4045:3 ()>]
In unknown file:
   ?: 3 [load-compiled/vm "/home/jenkins/.cache/guile/ccache/2.0-LE-8-2.0/home/opencog/opencog/tests/nlp/anaphora/data/conjunction.scm.go"]
In /home/opencog/opencog/build/tests/nlp/../../../tests/nlp/anaphora/data/conjunction.scm:
  15: 2 [#<procedure 1c1df40 ()>]
In ice-9/boot-9.scm:
 102: 1 [#<procedure 1c5f9c0 at ice-9/boot-9.scm:97:6 (thrown-k . args)> unbound-variable ...]
In unknown file:
   ?: 0 [apply-smob/1 #<catch-closure 1c169c0> unbound-variable ...]

ERROR: In procedure apply-smob/1:
ERROR: In procedure module-lookup: Unbound variable: WordInstanceNode
ABORT: unbound-variable

Error: Backtrace:
In ice-9/boot-9.scm:
3065: 19 [try-module-autoload (opencog nlp) #f]
2401: 18 [save-module-excursion #<procedure 1c22450 at ice-9/boot-9.scm:3066:17 ()>]
3085: 17 [#<procedure 1c22450 at ice-9/boot-9.scm:3066:17 ()>]
In unknown file:
   ?: 16 [primitive-load-path "opencog/nlp" ...]
In opencog/nlp.scm:
   6: 15 [#<procedure 1c7f5e0 ()>]
In unknown file:
   ?: 14 FAIL
test_pleonastic_if (test_anaphora.AnaphoraUnitTester) ... opencog/opencog/build/tests/nlp/../../../tests/nlp/anaphora/data/getWords.scm:123:4: warning: possibly unbound variable `WordInstanceNode'
;;; /home/opencog/opencog/build/tests/nlp/../../../tests/nlp/anaphora/data/getWords.scm:124:4: warning: possibly unbound variable `WordNode'
;;; /home/opencog/opencog/build/tests/nlp/../../../tests/nlp/anaphora/data/getWords.scm:128:4: warning: possibly unbound variable `PrepositionalRelationshipNode'
;;; /home/opencog/opencog/build/tests/nlp/../../../tests/nlp/anaphora/data/getWords.scm:130:8: warning: possibly unbound variable `WordInstanceNode'
;;; /home/opencog/opencog/build/tests/nlp/../../../tests/nlp/anaphora/data/getWords.scm:136:4: warning: possibly unbound variable `WordInstanceNode'
;;; /home/opencog/opencog/build/tests/nlp/../../../tests/nlp/anaphora/data/getWords.scm:137:4: warning: possibly unbound variable `DefinedLinguisticConceptNode'
;;; /home/opencog/opencog/build/tests/nlp/../../../tests/nlp/anaphora/data/getWords.scm:141:4: warning: possibly unbound variable `PrepositionalRelationshipNode'
;;; /home/opencog/opencog/build/tests/nlp/../../../tests/nlp/anaphora/data/getWords.scm:143:8: warning: possibly unbound variable `WordInstanceNode'
;;; /home/opencog/opencog/build/tests/nlp/../../../tests/nlp/anaphora/data/getWords.scm:149:4: warning: possibly unbound variable `WordInstanceNode'
;;; /home/opencog/opencog/build/tests/nlp/../../../tests/nlp/anaphora/data/getWords.scm:150:4: warning: possibly unbound variable `DefinedLinguisticConceptNode'
;;; /home/opencog/opencog/build/tests/nlp/../../../tests/nlp/anaphora/data/getWords.scm:154:4: warning: possibly unbound variable `PrepositionalRelationshipNode'
;;; /home/opencog/opencog/build/tests/nlp/../../../tests/nlp/anaphora/data/getWords.scm:156:8: warning: possibly unbound variable `WordInstanceNode'
;;; compiled /home/jenkins/.cache/guile/ccache/2.0-LE-8-2.0/home/opencog/opencog/tests/nlp/anaphora/data/getWords.scm.go
;;; compiling /home/opencog/opencog/build/tests/nlp/../../../tests/nlp/anaphora/data/pleonastic_it/data_#1.scm
;;; /home/opencog/opencog/build/tests/nlp/../../../tests/nlp/anaphora/data/pleonastic_it/data_#1.scm:8:0: warning: possibly unbound variable `LemmaLink'
;;; /home/opencog/opencog/build/tests/nlp/../../../tests/nlp/anaphora/data/pleonastic_it/data_#1.scm:9:4: warning: possibly unbound variable `WordInstanceNode'
;;; /home/opencog/opencog/build/tests/nlp/../../../tests/nlp/anaphora/data/pleonastic_it/data_#1.scm:10:4: warning: possibly unbound variable `WordNode'
;;; /home/opencog/opencog/build/tests/nlp/../../../tests/nlp/anaphora/data/pleonastic_it/data_#1.scm:12:0: warning: possibly unbound variable `LemmaLink'
;;; /home/opencog/opencog/build/tests/nlp/../../../tests/nlp/anaphora/data/pleonastic_it/data_#1.scm:13:4: warning: possibly unbound variable `WordInstanceNode'
;;; /home/opencog/opencog/build/tests/nlp/../../../tests/nlp/anaphora/data/pleonastic_it/data_#1.scm:14:4: warning: possibly unbound variable `WordNode'
;;; /home/opencog/opencog/build/tests/nlp/../../../tests/nlp/anaphora/data/pleonastic_it/data_#1.scm:17:4: warning: possibly unbound variable `DefinedLinguisticRelationshipNode'
;;; /home/opencog/opencog/build/tests/nlp/../../../tests/nlp/anaphora/data/pleonastic_it/data_#1.scm:19:8: warning: possibly unbound variable `WordInstanceNode'
;;; /home/opencog/opencog/build/tests/nlp/../../../tests/nlp/anaphora/data/pleonastic_it/data_#1.scm:20:8: warning: possibly unbound variable `WordInstanceNode'
;;; /home/opencog/opencog/build/tests/nlp/../../../tests/nlp/anaphora/data/pleonastic_it/data_#1.scm:24:4: warning: possibly unbound variable `PrepositionalRelationshipNode'
;;; /home/opencog/opencog/build/tests/nlp/../../../tests/nlp/anaphora/data/pleonastic_it/data_#1.scm:26:8: warning: possibly unbound variable `WordInstanceNode'
;;; /home/opencog/opencog/build/tests/nlp/../../../tests/nlp/anaphora/data/pleonastic_it/data_#1.scm:27:8: warning: possibly unbound variable `WordInstanceNode'
;;; compiled /home/jenkins/.cache/guile/ccache/2.0-LE-8-2.0/home/opencog/opencog/tests/nlp/anaphora/d[load-extension "libnlp-types" "nlp_types_init"]
In ice-9/boot-9.scm:
 157: 13 [catch #t #<catch-closure 1c30de0> ...]
In unknown file:
   ?: 12 [apply-smob/1 #<catch-closure 1c30de0>]
In ice-9/boot-9.scm:
 157: 11 [catch #t #<catch-closure 1c30ba0> ...]
In unknown file:
   ?: 10 [apply-smob/1 #<catch-closure 1c30ba0>]
   ?: 9 [call-with-input-string "(load \"../../../tests/nlp/anaphora/data/getWords.scm\")" ...]
In ice-9/boot-9.scm:
2401: 8 [save-module-excursion #<procedure 1c33ae0 at ice-9/eval-string.scm:65:9 ()>]
In ice-9/eval-string.scm:
  44: 7 [read-and-eval #<input: string 19a50d0> #:lang ...]
  37: 6 [lp (load "../../../tests/nlp/anaphora/data/getWords.scm")]
In ice-9/boot-9.scm:
2401: 5 [save-module-excursion #<procedure 1be6200 at ice-9/boot-9.scm:4045:3 ()>]
4052: 4 [#<procedure 1be6200 at ice-9/boot-9.scm:4045:3 ()>]
In unknown file:
   ?: 3 [load-compiled/vm "/home/jenkins/.cache/guile/ccache/2.0-LE-8-2.0/home/opencog/opencog/tests/nlp/anaphora/data/getWords.scm.go"]
In /home/opencog/opencog/build/tests/nlp/../../../tests/nlp/anaphora/data/getWords.scm:
   9: 2 [#<procedure 1ac9120 ()>]
In ice-9/boot-9.scm:
 102: 1 [#<procedure 1be62c0 at ice-9/boot-9.scm:97:6 (thrown-k . args)> unbound-variable ...]
In unknown file:
   ?: 0 [apply-smob/1 #<catch-closure 1c30b60> unbound-variable ...]

ERROR: In procedure apply-smob/1:
ERROR: In procedure module-lookup: Unbound variable: WordInstanceLink
ABORT: unbound-variable

Error: Backtrace:
In ice-9/boot-9.scm:
3065: 19 [try-module-autoload (opencog nlp) #f]
2401: 18 [save-module-excursion #<procedure 1c22450 at ice-9/boot-9.scm:3066:17 ()>]
3085: 17 [#<procedure 1c22450 at ice-9/boot-9.scm:3066:17 ()>]
In unknown file:
   ?: 16 [primitive-load-path "opencog/nlp" ...]
In opencog/nlp.scm:
   6: 15 [#<procedure 1c7f5e0 ()>]
In unknown file:
   ?: 14 [load-extension "libnlp-types" "nlp_types_init"]
In ice-9/boot-9.scm:
 157: 13 [catch #t #<catch-closure 1bd8120> ...]
In unknown file:
   ?: 12 [apply-smob/1 #<catch-closure 1bd8120>]
In ice-9/boot-9.scm:
 157: 11 [catch #t #<catch-closure 1c16ec0> ...]
In unknown file:
   ?: 10 [apply-smob/1 #<catch-closure 1c16ec0>]
   ?: 9 [call-with-input-string "(load \"../../../..//opencog/tests/nlp/anaphora/data/getWords.scm\")" ...]
In ice-9/boot-9.scm:
2401: 8 [save-module-excursion #<procedure 21be3c0 at ice-9/eval-string.scm:65:9 ()>]
In ice-9/eval-string.scm:
  44: 7 [read-and-eval #<input: string 1c18ea0> #:lang ...]
  37: 6 [lp (load "../../../..//opencog/tests/nlp/anaphora/data/getWords.scm")]
In ice-9/boot-9.scm:
2401: 5 [save-module-excursion #<procedure 21a3480 at ice-9/boot-9.scm:4045:3 ()>]
4052: 4 [#<procedure 21a3480 at ice-9/boot-9.scm:4045:3 ()>]
In unknown file:
   ?: 3 [load-compiled/vm "/home/jenkins/.cache/guile/ccache/2.0-LE-8-2.0/home/opencog/opencog/tests/nlp/anaphora/data/getWords.scm.go"]
In /home/opencog/opencog/build/tests/nlp/../../../tests/nlp/anaphora/data/getWords.scm:
   9: 2 [#<procedure 1c160a0 ()>]
In ice-9/boot-9.scm:
 102: 1 [#<procedure 21a3540 at ice-9/boot-9.scm:97:6 (thrown-k . args)> unbound-variable ...]
In unknown file:
   ?: 0 [apply-smob/1 #<catch-closure 1c16e80> unbound-variable ...]

ERROR: In procedure apply-smob/1:
ERROR: In procedure module-lookup: Unbound variable: WordInstanceLink
ABORT: unbound-variable

Error: Backtrace:
In ice-9/boot-9.scm:
3065: 19 [try-module-autoload (opencog nlp) #f]
2401: 18 [save-module-excursion #<procedure 1c22450 at ice-9/boot-9.scm:3066:17 ()>]
3085: 17 [#<procedure 1c22450 at ice-9/boot-9.scm:3066:17 ()>]
In unknown file:
   ?: 16 [primitive-load-path "opencog/nlp" ...]
In opencog/nlp.scm:
   6: 15 [#<procedure 1c7f5e0 ()>]
In unknown file:
   ?: 14 [load-extension "libnlp-types" "nlp_types_init"]
In ice-9/boot-9.scm:
 157: 13 [catch #t #<catch-closure 1c200e0> ...]
In unknown file:
   ?: 12 [apply-smob/1 #<catch-closure 1c200e0>]
In ice-9/boot-9.scm:
 157: 11 [catch #t #<catch-closure 1c30ea0> ...]
In unknown file:
   ?: 10 [apply-smob/1 #<catch-closure 1c30ea0>]
   ?: 9 [call-with-input-string "(load \"../../../tests/nlp/anaphora/data/pleonastic_FAIL
Testing the propose function ... it/data_#1.scm\")" ...]
In ice-9/boot-9.scm:
2401: 8 [save-module-excursion #<procedure 21be8d0 at ice-9/eval-string.scm:65:9 ()>]
In ice-9/eval-string.scm:
  44: 7 [read-and-eval #<input: string 19e0270> #:lang ...]
  37: 6 [lp (load "../../../tests/nlp/anaphora/data/pleonastic_it/data_#1.scm")]
In ice-9/boot-9.scm:
2401: 5 [save-module-excursion #<procedure 1be6200 at ice-9/boot-9.scm:4045:3 ()>]
4052: 4 [#<procedure 1be6200 at ice-9/boot-9.scm:4045:3 ()>]
In unknown file:
   ?: 3 [load-compiled/vm "/home/jenkins/.cache/guile/ccache/2.0-LE-8-2.0/home/opencog/opencog/tests/nlp/anaphora/data/pleonastic_it/data_#1.scm.go"]
In /home/opencog/opencog/build/tests/nlp/../../../tests/nlp/anaphora/data/pleonastic_it/data_#1.scm:
   8: 2 [#<procedure 19ad380 ()>]
In ice-9/boot-9.scm:
 102: 1 [#<procedure 1be62c0 at ice-9/boot-9.scm:97:6 (thrown-k . args)> unbound-variable ...]
In unknown file:
   ?: 0 [apply-smob/1 #<catch-closure 1c30e60> unbound-variable ...]

ERROR: In procedure apply-smob/1:
ERROR: In procedure module-lookup: Unbound variable: LemmaLink
ABORT: unbound-variable

Error: Backtrace:
In ice-9/boot-9.scm:
3065: 19 [try-module-autoload (opencog nlp) #f]
2401: 18 [save-module-excursion #<procedure 1c22450 at ice-9/boot-9.scm:3066:17 ()>]
3085: 17 [#<procedure 1c22450 at ice-9/boot-9.scm:3066:17 ()>]
In unknown file:
   ?: 16 [primitive-load-path "opencog/nlp" ...]
In opencog/nlp.scm:
   6: 15 [#<procedure 1c7f5e0 ()>]
In unknown file:
   ?: 14 [load-extension "libnlp-types" "nlp_types_init"]
In ice-9/boot-9.scm:
 157: 13 [catch #t #<catch-closure 1c16e60> ...]
In unknown file:
   ?: 12 [apply-smob/1 #<catch-closure 1c16e60>]
In ice-9/boot-9.scm:
 157: 11 [catch #t #<catch-closure 1c16be0> ...]
In unknown file:
   ?: 10 [apply-smob/1 #<catch-closure 1c16be0>]
   ?: 9 [call-with-input-string "(load \"../../../..//opencog/tests/nlp/anaphora/data/pleonastic_it/data_#1.scm\")" ...]
In ice-9/boot-9.scm:
2401: 8 [save-module-excursion #<procedure 21afed0 at ice-9/eval-string.scm:65:9 ()>]
In ice-9/eval-string.scm:
  44: 7 [read-and-eval #<input: string 1a32000> #:lang ...]
  37: 6 [lp #]
In ice-9/boot-9.scm:
2401: 5 [save-module-excursion #<procedure 1c8d680 at ice-9/boot-9.scm:4045:3 ()>]
4052: 4 [#<procedure 1c8d680 at ice-9/boot-9.scm:4045:3 ()>]
In unknown file:
   ?: 3 [load-compiled/vm "/home/jenkins/.cache/guile/ccache/2.0-LE-8-2.0/home/opencog/opencog/tests/nlp/anaphora/data/pleonastic_it/data_#1.scm.go"]
In /home/opencog/opencog/build/tests/nlp/../../../tests/nlp/anaphora/data/pleonastic_it/data_#1.scm:
   8: 2 [#<procedure 1c160e0 ()>]
In ice-9/boot-9.scm:
 102: 1 [#<procedure 1c8d740 at ice-9/boot-9.scm:97:6 (thrown-k . args)> unbound-variable ...]
In unknown file:
   ?: 0 [apply-smob/1 #<catch-closure 1c16ba0> unbound-variable ...]

ERROR: In procedure apply-smob/1:
ERROR: In procedure module-lookup: Unbound variable: LemmaLink
ABORT: unbound-variable

Testing filter #1...
Error: Backtrace:
In ice-9/boot-9.scm:
3065: 19 [try-module-autoload (opencog nlp) #f]
2401: 18 [save-module-excursion #<procedure 1c22450 at ice-9/boot-9.scm:3066:17 ()>]
3085: 17 [#<procedure 1c22450 at ice-9/boot-9.scm:3066:17 ()>]
In unknown file:
   ?: 16 [primitive-load-path "opencog/nlp" ...]
In opencog/nlp.scm:
   6: 15 [#<procedure 1c7f5e0 ()>]
In unknown file:
   ?: 14 [load-extension "libnlp-types" "nlp_types_init"]
In ice-9/boot-9.scm:
 157: 13 [catch #t #<catch-closure 1c30da0> ...]
In unknown file:
   ?: 12 [apply-smob/1 #<catch-closure 1c30da0>]
In ice-9/boot-9.scm:
 157: 11 [catch #t #<catch-closure 1c30b60> ...]
In unknown file:
   ?: 10 [apply-smob/1 #<catch-closure 1c30b60>]
   ?: 9 [call-with-input-string "(load \"../../../tests/nlp/anaphora/data/propose/filter-#1/data_#1.scm\")" ...]
In ice-9/boot-9.scm:
2401: 8 [save-module-excursion #<procedure 21b6660 at ice-9/eval-string.scm:65:9 ()>]
In ice-9/eval-string.scm:
  44: 7 [read-and-eval #<input: string 21b1b60> #:lang ...]
  37: 6 [lp (load "../../../tests/nlp/anaphora/data/propose/filter-#1/data_#1.scm")]
In ice-9/boot-9.scm:
2401: 5 [save-module-excursion #<procedure 1beFAIL

======================================================================
ERROR: Testing the bfs function
----------------------------------------------------------------------
Traceback (most recent call last):
  File "/home/opencog/opencog/tests/nlp/anaphora/test_anaphora.py", line 36, in setUp
    scheme_eval(self.atomspace, "(use-modules (opencog nlp))")
  File "opencog/scheme_wrapper.pyx", line 36, in opencog.scheme_wrapper.scheme_eval (/home/opencog/atomspace/build/opencog/cython/opencog/scheme_wrapper.cpp:971)
RuntimeError: Type "WordNode" has already been declared (170)
 (/home/opencog/atomspace/opencog/atoms/base/ClassServer.cc:80)

======================================================================
FAIL: test_conjunctions (test_anaphora.AnaphoraUnitTester)
----------------------------------------------------------------------
Traceback (most recent call last):
  File "/home/opencog/opencog/tests/nlp/anaphora/test_anaphora.py", line 427, in test_conjunctions
    self.assertTrue(load_scm(self.atomspace, "tests/nlp/anaphora/data/conjunction.scm"))
AssertionError: False is not true

======================================================================
FAIL: Testing the getWords function
----------------------------------------------------------------------
Traceback (most recent call last):
  File "/home/opencog/opencog/tests/nlp/anaphora/test_anaphora.py", line 77, in test_getWords
    self.assertTrue(load_scm(self.atomspace, "tests/nlp/anaphora/data/getWords.scm"))
AssertionError: False is not true

======================================================================
FAIL: test_pleonastic_if (test_anaphora.AnaphoraUnitTester)
----------------------------------------------------------------------
Traceback (most recent call last):
  File "/home/opencog/opencog/tests/nlp/anaphora/test_anaphora.py", line 399, in test_pleonastic_if
    self.assertTrue(load_scm(self.atomspace, "tests/nlp/anaphora/data/pleonastic_it/data_#1.scm"))
AssertionError: False is not true

======================================================================
FAIL: Testing the propose function
----------------------------------------------------------------------
Traceback (most recent call last):
  File "/home/opencog/opencog/tests/nlp/anaphora/test_anaphora.py", line 377, in test_propose
    filter_1()
  File "/home/opencog/opencog/tests/nlp/anaphora/test_anaphora.py", line 91, in filter_1
    self.assertTrue(load_scm(self.atomspace, "tests/nlp/anaphora/data/propose/filter-#1/data_#1.scm"))
AssertionError: False is not true

----------------------------------------------------------------------
Ran 5 tests in 0.161s

FAILED (errors=1, failures=4)
6200 at ice-9/boot-9.scm:4045:3 ()>]
4052: 4 [#<procedure 1be6200 at ice-9/boot-9.scm:4045:3 ()>]
In unknown file:
   ?: 3 [load-compiled/vm "/home/jenkins/.cache/guile/ccache/2.0-LE-8-2.0/home/opencog/opencog/tests/nlp/anaphora/data/propose/filter-#1/data_#1.scm.go"]
In /home/opencog/opencog/build/tests/nlp/../../../tests/nlp/anaphora/data/propose/filter-#1/data_#1.scm:
  13: 2 [#<procedure 1965360 ()>]
In ice-9/boot-9.scm:
 102: 1 [#<procedure 1be62c0 at ice-9/boot-9.scm:97:6 (thrown-k . args)> unbound-variable ...]
In unknown file:
   ?: 0 [apply-smob/1 #<catch-closure 1c30b00> unbound-variable ...]

ERROR: In procedure apply-smob/1:
ERROR: In procedure module-lookup: Unbound variable: WordInstanceNode
ABORT: unbound-variable

Error: Backtrace:
In ice-9/boot-9.scm:
3065: 19 [try-module-autoload (opencog nlp) #f]
2401: 18 [save-module-excursion #<procedure 1c22450 at ice-9/boot-9.scm:3066:17 ()>]
3085: 17 [#<procedure 1c22450 at ice-9/boot-9.scm:3066:17 ()>]
In unknown file:
   ?: 16 [primitive-load-path "opencog/nlp" ...]
In opencog/nlp.scm:
   6: 15 [#<procedure 1c7f5e0 ()>]
In unknown file:
   ?: 14 [load-extension "libnlp-types" "nlp_types_init"]
In ice-9/boot-9.scm:
 157: 13 [catch #t #<catch-closure 1c16de0> ...]
In unknown file:
   ?: 12 [apply-smob/1 #<catch-closure 1c16de0>]
In ice-9/boot-9.scm:
 157: 11 [catch #t #<catch-closure 1c16b40> ...]
In unknown file:
   ?: 10 [apply-smob/1 #<catch-closure 1c16b40>]
   ?: 9 [call-with-input-string "(load \"../../../..//opencog/tests/nlp/anaphora/data/propose/filter-#1/data_#1.scm\")" ...]
In ice-9/boot-9.scm:
2401: 8 [save-module-excursion #<procedure 1c70210 at ice-9/eval-string.scm:65:9 ()>]
In ice-9/eval-string.scm:
  44: 7 [read-and-eval #<input: string 1c5c000> #:lang ...]
  37: 6 [lp #]
In ice-9/boot-9.scm:
2401: 5 [save-module-excursion #<procedure 1bb5bc0 at ice-9/boot-9.scm:4045:3 ()>]
4052: 4 [#<procedure 1bb5bc0 at ice-9/boot-9.scm:4045:3 ()>]
In unknown file:
   ?: 3 [load-compiled/vm "/home/jenkins/.cache/guile/ccache/2.0-LE-8-2.0/home/opencog/opencog/tests/nlp/anaphora/data/propose/filter-#1/data_#1.scm.go"]
In /home/opencog/opencog/build/tests/nlp/../../../tests/nlp/anaphora/data/propose/filter-#1/data_#1.scm:
  13: 2 [#<procedure 1c160a0 ()>]
In ice-9/boot-9.scm:
 102: 1 [#<procedure 1bb5c80 at ice-9/boot-9.scm:97:6 (thrown-k . args)> unbound-variable ...]
In unknown file:
   ?: 0 [apply-smob/1 #<catch-closure 1c16b00> unbound-variable ...]

ERROR: In procedure apply-smob/1:
ERROR: In procedure module-lookup: Unbound variable: WordInstanceNode
ABORT: unbound-variable

*** longjmp causes uninitialized stack frame ***: /usr/bin/python terminated
======= Backtrace: =========
/lib/x86_64-linux-gnu/libc.so.6(+0x777e5)[0x7fce1e3ca7e5]
/lib/x86_64-linux-gnu/libc.so.6(__fortify_fail+0x5c)[0x7fce1e46c15c]
/lib/x86_64-linux-gnu/libc.so.6(+0x11905d)[0x7fce1e46c05d]
/lib/x86_64-linux-gnu/libc.so.6(__longjmp_chk+0x29)[0x7fce1e46bfb9]
/usr/lib/x86_64-linux-gnu/libguile-2.0.so.22(+0x5239c)[0x7fce187f139c]
/usr/lib/x86_64-linux-gnu/libguile-2.0.so.22(+0xd89f1)[0x7fce188779f1]
/usr/lib/x86_64-linux-gnu/libguile-2.0.so.22(+0xeb5ff)[0x7fce1888a5ff]
/usr/lib/x86_64-linux-gnu/libguile-2.0.so.22(scm_call_with_vm+0x138)[0x7fce1888f2e8]
/usr/lib/x86_64-linux-gnu/libguile-2.0.so.22(scm_error_scm+0x25)[0x7fce187f84a5]
/usr/lib/x86_64-linux-gnu/libguile-2.0.so.22(+0x5955f)[0x7fce187f855f]
/usr/lib/x86_64-linux-gnu/libguile-2.0.so.22(+0xc77a9)[0x7fce188667a9]
/usr/lib/x86_64-linux-gnu/libguile-2.0.so.22(+0xf019d)[0x7fce1888f19d]
/usr/lib/x86_64-linux-gnu/libguile-2.0.so.22(+0x58a0f)[0x7fce187f7a0f]
/usr/lib/x86_64-linux-gnu/libguile-2.0.so.22(+0x522d7)[0x7fce187f12d7]
/usr/lib/x86_64-linux-gnu/libguile-2.0.so.22(+0xd89f1)[0x7fce188779f1]
/usr/lib/x86_64-linux-gnu/libguile-2.0.so.22(+0xeb5ff)[0x7fce1888a5ff]
/usr/lib/x86_64-linux-gnu/libguile-2.0.so.22(scm_call_with_vm+0x138)[0x7fce1888f2e8]
/usr/lib/x86_64-linux-gnu/libguile-2.0.so.22(scm_error_scm+0x25)[0x7fce187f84a5]
/usr/lib/x86_64-linux-gnu/libguile-2.0.so.22(+0x5955f)[0x7fce187f855f]
/usr/lib/x86_64-linux-gnu/libguile-2.0.so.22(+0xc77a9)[0x7fce188667a9]
/usr/lib/x86_64-linux-gnu/libguile-2.0.so.22(+0xf019d)[0x7fce1888f19d]
/usr/lib/x86_64-linux-gnu/libguile-2.0.so.22(+0x58a0f)[0x7fce187f7a0f]
/usr/lib/x86_64-linux-gnu/libguile-2.0.so.22(+0x522d7)[0x7fce187f12d7]
/usr/lib/x86_64-linux-gnu/libguile-2.0.so.22(+0xd89f1)[0x7fce188779f1]
/usr/lib/x86_64-linux-gnu/libguile-2.0.so.22(+0xeb5ff)[0x7fce1888a5ff]
/usr/lib/x86_64-linux-gnu/libguile-2.0.so.22(scm_call_with_vm+0x138)[0x7fce1888f2e8]
/usr/lib/x86_64-linux-gnu/libguile-2.0.so.22(scm_error_scm+0x25)[0x7fce187f84a5]
/usr/lib/x86_64-linux-gnu/libguile-2.0.so.22(+0x5955f)[0x7fce187f855f]
/usr/lib/x86_64-linux-gnu/libguile-2.0.so.22(+0xc77a9)[0x7fce188667a9]
/usr/lib/x86_64-linux-gnu/libguile-2.0.so.22(+0xf019d)[0x7fce1888f19d]
/usr/lib/x86_64-linux-gnu/libguile-2.0.so.22(+0x58a0f)[0x7fce187f7a0f]
/usr/lib/x86_64-linux-gnu/libguile-2.0.so.22(+0x522d7)[0x7fce187f12d7]
/usr/lib/x86_64-linux-gnu/libguile-2.0.so.22(+0xd89f1)[0x7fce188779f1]
/usr/lib/x86_64-linux-gnu/libguile-2.0.so.22(+0xeb5ff)[0x7fce1888a5ff]
/usr/lib/x86_64-linux-gnu/libguile-2.0.so.22(scm_call_with_vm+0x138)[0x7fce1888f2e8]
/usr/lib/x86_64-linux-gnu/libguile-2.0.so.22(scm_error_scm+0x25)[0x7fce187f84a5]
/usr/lib/x86_64-linux-gnu/libguile-2.0.so.22(+0x5955f)[0x7fce187f855f]
/usr/lib/x86_64-linux-gnu/libguile-2.0.so.22(+0xc77a9)[0x7fce188667a9]
/usr/lib/x86_64-linux-gnu/libguile-2.0.so.22(+0xf019d)[0x7fce1888f19d]
/usr/lib/x86_64-linux-gnu/libguile-2.0.so.22(scm_call_4+0x43)[0x7fce187fb283]
/usr/lib/x86_64-linux-gnu/libguile-2.0.so.22(+0x52d21)[0x7fce187f1d21]
/usr/lib/x86_64-linux-gnu/libguile-2.0.so.22(scm_c_with_continuation_barrier+0x45)[0x7fce187f1e05]
/usr/lib/x86_64-linux-gnu/libgc.so.1(GC_call_with_stack_base+0x22)[0x7fce18548c62]
/usr/lib/x86_64-linux-gnu/libguile-2.0.so.22(scm_with_guile+0x38)[0x7fce18871fe8]
/lib/x86_64-linux-gnu/libc.so.6(+0x39ff8)[0x7fce1e38cff8]
/lib/x86_64-linux-gnu/libc.so.6(+0x3a045)[0x7fce1e38d045]
/usr/bin/python[0x51dc1f]
/usr/bin/python[0x51b1b7]
/usr/bin/python(PyErr_PrintEx+0x2d)[0x51aadd]
/usr/bin/python[0x4309d5]
/usr/bin/python(Py_Main+0x612)[0x493ae2]
/lib/x86_64-linux-gnu/libc.so.6(__libc_start_main+0xf0)[0x7fce1e373830]
/usr/bin/python(_start+0x29)[0x4933e9]
======= Memory map: ========
00400000-006de000 r-xp 00000000 00:42 660                                /usr/bin/python2.7
008dd000-008de000 r--p 002dd000 00:42 660                                /usr/bin/python2.7
008de000-00955000 rw-p 002de000 00:42 660                                /usr/bin/python2.7
00955000-00978000 rw-p 00000000 00:00 0 
00c0b000-0248f000 rw-p 00000000 00:00 0                                  [heap]
7fce04000000-7fce04021000 rw-p 00000000 00:00 0 
7fce04021000-7fce08000000 ---p 00000000 00:00 0 
7fce08000000-7fce08024000 rw-p 00000000 00:00 0 
7fce08024000-7fce0c000000 ---p 00000000 00:00 0 
7fce0cb99000-7fce0cb9a000 rw-p 00000000 00:00 0 
7fce0cb9a000-7fce0cb9b000 r--p 00000000 00:42 32363                      /home/jenkins/.cache/guile/ccache/2.0-LE-8-2.0/home/opencog/opencog/tests/nlp/anaphora/data/propose/filter-#1/data_#1.scm.go
7fce0cb9b000-7fce0cb9c000 r--p 00000000 00:42 32363                      /home/jenkins/.cache/guile/ccache/2.0-LE-8-2.0/home/opencog/opencog/tests/nlp/anaphora/data/propose/filter-#1/data_#1.scm.go
7fce0cb9c000-7fce0cb9d000 r--p 00000000 00:42 32360                      /home/jenkins/.cache/guile/ccache/2.0-LE-8-2.0/home/opencog/opencog/tests/nlp/anaphora/data/pleonastic_it/data_#1.scm.go
7fce0cb9d000-7fce0cb9e000 r--p 00000000 00:42 32360                      /home/jenkins/.cache/guile/ccache/2.0-LE-8-2.0/home/opencog/opencog/tests/nlp/anaphora/data/pleonastic_it/data_#1.scm.go
7fce0cb9e000-7fce0cba0000 r--p 00000000 00:42 32358                      /home/jenkins/.cache/guile/ccache/2.0-LE-8-2.0/home/opencog/opencog/tests/nlp/anaphora/data/getWords.scm.go
7fce0cba0000-7fce0cba2000 r--p 00000000 00:42 32358                      /home/jenkins/.cache/guile/ccache/2.0-LE-8-2.0/home/opencog/opencog/tests/nlp/anaphora/data/getWords.scm.go
7fce0cba2000-7fce0cba3000 r--p 00000000 00:42 32357                      /home/jenkins/.cache/guile/ccache/2.0-LE-8-2.0/home/opencog/opencog/tests/nlp/anaphora/data/conjunction.scm.go
7fce0cba3000-7fce0cba5000 r--p 00000000 00:42 31714                      /usr/lib/x86_64-linux-gnu/guile/2.0/ccache/system/vm/frame.go
7fce0cba5000-7fce0cba6000 r--p 00000000 00:42 32357                      /home/jenkins/.cache/guile/ccache/2.0-LE-8-2.0/home/opencog/opencog/tests/nlp/anaphora/data/conjunction.scm.go
7fce0cba6000-7fce0cbab000 r-xp 00000000 00:42 30479                      /usr/local/lib/opencog/libnlp-types.so
7fce0cbab000-7fce0cdaa000 ---p 00005000 00:42 30479                      /usr/local/lib/opencog/libnlp-types.so
7fce0cdaa000-7fce0cdab000 r--p 00004000 00:42 30479                      /usr/local/lib/opencog/libnlp-types.so
7fce0cdab000-7fce0cdac000 rw-p 00005000 00:42 30479                      /usr/local/lib/opencog/libnlp-types.so
7fce0cdac000-7fce0cdad000 r--p 00000000 00:42 32350                      /home/jenkins/.cache/guile/ccache/2.0-LE-8-2.0/usr/local/share/opencog/scm/opencog/nlp.scm.go
7fce0cdad000-7fce0cdd7000 r-xp 00000000 00:42 25392                      /usr/local/lib/opencog/liblambda.so
7fce0cdd7000-7fce0cfd7000 ---p 0002a000 00:42 25392                      /usr/local/lib/opencog/liblambda.so
7fce0cfd7000-7fce0cfd8000 r--p 0002a000 00:42 25392                      /usr/local/lib/opencog/liblambda.so
7fce0cfd8000-7fce0cfd9000 rw-p 0002b000 00:42 25392                      /usr/local/lib/opencog/liblambda.so
7fce0cfd9000-7fce0d04e000 r-xp 00000000 00:42 25441                      /usr/local/lib/opencog/libquery.so
7fce0d04e000-7fce0d24d000 ---p 00075000 00:42 25441                      /usr/local/lib/opencog/libquery.so
7fce0d24d000-7fce0d253000 r--p 00074000 00:42 25441                      /usr/local/lib/opencog/libquery.so
7fce0d253000-7fce0d254000 rw-p 0007a000 00:42 25441                      /usr/local/lib/opencog/libquery.so
7fce0d254000-7fce0d28a000 r-xp 00000000 00:42 25385                      /usr/local/lib/opencog/libexecution.so
7fce0d28a000-7fce0d489000 ---p 00036000 00:42 25385                      /usr/local/lib/opencog/libexecution.so
7fce0d489000-7fce0d48b000 r--p 00035000 00:42 25385                      /usr/local/lib/opencog/libexecution.so
7fce0d48b000-7fce0d48c000 rw-p 00037000 00:42 25385                      /usr/local/lib/opencog/libexecution.so
7fce0d48c000-7fce0d48d000 r--p 00000000 00:42 32349                      /home/jenkins/.cache/guile/ccache/2.0-LE-8-2.0/usr/local/share/opencog/scm/opencog/query.scm.go
7fce0d48d000-7fce0d48e000 r--p 00000000 00:42 31696                      /home/jenkins/.cache/guile/ccache/2.0-LE-8-2.0/home/opencog/atomspace/opencog/scm/opencog/base/debug-trace.scm.go
7fce0d48e000-7fce0d48f000 r--p 00000000 00:42 31695                      /usr/lib/x86_64-linux-gnu/guile/2.0/ccache/srfi/srfi-8.go
7fce0d48f000-7fce0d491000 r--p 00000000 00:42 31693                      /usr/lib/x86_64-linux-gnu/guile/2.0/ccache/rnrs/files.go
7fce0d491000-7fce0d492000 r--p 00000000 00:42 31691                      /usr/lib/x86_64-linux-gnu/guile/2.0/ccache/srfi/srfi-13.go
7fce0d492000-7fce0d49e000 r--p 00000000 00:42 31689                      /usr/lib/x86_64-linux-gnu/guile/2.0/ccache/srfi/srfi-69.go
7fce0d49e000-7fce0d4a1000 r--p 00000000 00:42 31687                      /usr/lib/x86_64-linux-gnu/guile/2.0/ccache/rnrs/hashtables.go
7fce0d4a1000-7fce0d4a7000 r--p 00000000 00:42 31685                      /usr/lib/x86_64-linux-gnu/guile/2.0/ccache/rnrs/records/syntactic.go
7fce0d4a7000-7fce0d4a8000 r--p 00000000 00:42 31683                      /usr/lib/x86_64-linux-gnu/guile/2.0/ccache/rnrs/syntax-case.go
7fce0d4a8000-7fce0d4a9000 r--p 00000000 00:42 31681                      /usr/lib/x86_64-linux-gnu/guile/2.0/ccache/srfi/srfi-60.go
7fce0d4a9000-7fce0d4ab000 r--p 00000000 00:42 31679                      /usr/lib/x86_64-linux-gnu/guile/2.0/ccache/rnrs/arithmetic/bitwise.go
7fce0d4ab000-7fce0d4ad000 r--p 00000000 00:42 31675                      /usr/lib/x86_64-linux-gnu/guile/2.0/ccache/rnrs/records/inspection.go
7fce0d4ad000-7fce0d4ae000 r--p 00000000 00:42 31673                      /usr/lib/x86_64-linux-gnu/guile/2.0/ccache/rnrs/control.go
7fce0d4ae000-7fce0d4b2000 r--p 00000000 00:42 31671                      /usr/lib/x86_64-linux-gnu/guile/2.0/ccache/rnrs/exceptions.go
7fce0d4b2000-7fce0d4b5000 r--p 00000000 00:42 31669                      /usr/lib/x86_64-linux-gnu/guile/2.0/ccache/rnrs/records/procedural.go
7fce0d4b5000-7fce0d4b6000 r--p 00000000 00:42 31665                      /usr/lib/x86_64-linux-gnu/guile/2.0/ccache/rnrs/lists.go
7fce0d4b6000-7fce0d4b9000 r--p 00000000 00:42 31663                      /usr/lib/x86_64-linux-gnu/guile/2.0/ccache/rnrs/conditions.go
7fce0d4b9000-7fce0d4bc000 r--p 00000000 00:42 31661                      /usr/lib/x86_64-linux-gnu/guile/2.0/ccache/rnrs/enums.go
7fce0d4bc000-7fce0d4c2000 r--p 00000000 00:42 31659                      /usr/lib/x86_64-linux-gnu/guile/2.0/ccache/rnrs/base.go
7fce0d4c2000-7fce0d4c3000 r--p 00000000 00:42 31657                      /usr/lib/x86_64-linux-gnu/guile/2.0/ccache/ice-9/binary-ports.go
7fce0d4c3000-7fce0d4cd000 r--p 00000000 00:42 31655                      /usr/lib/x86_64-linux-gnu/guile/2.0/ccache/rnrs/io/ports.go
7fce0d4cd000-7fce0d4ce000 r--p 00000000 00:42 31651                      /usr/lib/x86_64-linux-gnu/guile/2.0/ccache/ice-9/rw.go
7fce0d4ce000-7fce0d4d4000 r--p 00000000 00:42 31649                      /usr/lib/x86_64-linux-gnu/guile/2.0/ccache/ice-9/popen.go
7fce0d4d4000-7fce0d4d6000 r--p 00000000 00:42 31647                      /usr/lib/x86_64-linux-gnu/guile/2.0/ccache/ice-9/rdelim.go
7fce0d4d6000-7fce0d4d8000 r--p 00000000 00:42 31645                      /home/jenkins/.cache/guile/ccache/2.0-LE-8-2.0/home/opencog/atomspace/opencog/scm/opencog/base/file-utils.scm.go
7fce0d4d8000-7fce0d4db000 r--p 00000000 00:42 31644                      /home/jenkins/.cache/guile/ccache/2.0-LE-8-2.0/home/opencog/atomspace/opencog/scm/opencog/base/av-tv.scm.go
7fce0d4db000-7fce0d4dc000 r--p 00000000 00:42 31643                      /home/jenkins/.cache/guile/ccache/2.0-LE-8-2.0/home/opencog/atomspace/opencog/scm/opencog/base/apply.scm.go
7fce0d4dc000-7fce0d4dd000 r--p 00000000 00:42 31575                      /usr/lib/x86_64-linux-gnu/guile/2.0/ccache/language/objcode/spec.go
7fce0d4dd000-7fce0d4de000 r--p 00000000 00:42 31625                      /usr/lib/x86_64-linux-gnu/guile/2.0/ccache/language/bytecode/spec.go
7fce0d4de000-7fce0d4e1000 r--p 00000000 00:42 31621                      /usr/lib/x86_64-linux-gnu/guile/2.0/ccache/language/assembly/decompile-bytecode.go
7fce0d4e1000-7fce0d4e4000 r--p 00000000 00:42 31619                      /usr/lib/x86_64-linux-gnu/guile/2.0/ccache/language/assembly/compile-bytecode.go
7fce0d4e4000-7fce0d4e5000 r--p 00000000 00:42 31617                      /usr/lib/x86_64-linux-gnu/guile/2.0/ccache/language/assembly/spec.go
7fce0d4e5000-7fce0d4e8000 r--p 00000000 00:42 31613                      /usr/lib/x86_64-linux-gnu/guile/2.0/ccache/language/assembly.go
7fce0d4e8000-7fce0d4f3000 r--p 00000000 00:42 31611                      /usr/lib/x86_64-linux-gnu/guile/2.0/ccache/language/glil/compile-assembly.go
7fce0d4f3000-7fce0d4f4000 r--p 00000000 00:42 31609                      /usr/lib/x86_64-linux-gnu/guile/2.0/ccache/language/glil/spec.go
7fce0d4f4000-7fce0d517000 r--p 00000000 00:42 31605                      /usr/lib/x86_64-linux-gnu/guile/2.0/ccache/language/tree-il/analyze.go
7fce0d517000-7fce0d519000 r--p 00000000 00:42 31603                      /usr/lib/x86_64-linux-gnu/guile/2.0/ccache/language/tree-il/canonicalize.go
7fce0d519000-7fce0d51d000 r--p 00000000 00:42 31601                      /usr/lib/x86_64-linux-gnu/guile/2.0/ccache/language/tree-il/debug.go
7fce0d51d000-7fce0d522000 r--p 00000000 00:42 31599                      /usr/lib/x86_64-linux-gnu/guile/2.0/ccache/language/tree-il/fix-letrec.go
7fce0d522000-7fce0d52d000 r--p 00000000 00:42 31597                      /usr/lib/x86_64-linux-gnu/guile/2.0/ccache/language/tree-il/cse.go
7fce0d52d000-7fce0d538000 r--p 00000000 00:42 31593                      /usr/lib/x86_64-linux-gnu/guile/2.0/ccache/language/tree-il/effects.go
7fce0d538000-7fce0d565000 r--p 00000000 00:42 31591                      /usr/lib/x86_64-linux-gnu/guile/2.0/ccache/language/tree-il/peval.go
7fce0d565000-7fce0d566000 r--p 00000000 00:42 31589                      /usr/lib/x86_64-linux-gnu/guile/2.0/ccache/srfi/srfi-16.go
7fce0d566000-7fce0d572000 r--p 00000000 00:42 31587                      /usr/lib/x86_64-linux-gnu/guile/2.0/ccache/language/tree-il/primitives.go
7fce0d572000-7fce0d573000 r--p 00000000 00:42 31585                      /usr/lib/x86_64-linux-gnu/guile/2.0/ccache/language/tree-il/optimize.go
7fce0d573000-7fce0d583000 r--p 00000000 00:42 31583                      /usr/lib/x86_64-linux-gnu/guile/2.0/ccache/language/tree-il/compile-glil.go
7fce0d583000-7fce0d588000 r--p 00000000 00:42 31581                      /usr/lib/x86_64-linux-gnu/guile/2.0/ccache/language/glil.go
7fce0d588000-7fce0d589000 r--p 00000000 00:42 31579                      /usr/lib/x86_64-linux-gnu/guile/2.0/ccache/language/tree-il/spec.go
7fce0d589000-7fce0d58a000 r--p 00000000 00:42 31642                      /usr/lib/x86_64-linux-gnu/guile/2.0/ccache/language/value/spec.go
7fce0d58a000-7fce0d58d000 r--p 00000000 00:42 31595                      /usr/lib/x86_64-linux-gnu/guile/2.0/ccache/ice-9/control.go
7fce0d58d000-7fce0d58e000 r--p 00000000 00:42 31638                      /usr/lib/x86_64-linux-gnu/guile/2.0/ccache/ice-9/q.go
7fce0d58e000-7fce0d59a000 r--p 00000000 00:42 31636                      /usr/lib/x86_64-linux-gnu/guile/2.0/ccache/ice-9/futures.go
7fce0d59a000-7fce0d59d000 r--p 00000000 00:42 31634                      /usr/lib/x86_64-linux-gnu/guile/2.0/ccache/ice-9/threads.go
7fce0d59d000-7fce0d5ac000 r--p 00000000 00:42 31632                      /home/jenkins/.cache/guile/ccache/2.0-LE-8-2.0/home/opencog/atomspace/opencog/scm/opencog/base/utilities.scm.go
7fce0d5ac000-7fce0d5cf000 r--p 00000000 00:42 31630                      /home/jenkins/.cache/guile/ccache/2.0-LE-8-2.0/home/opencog/atomspace/build/opencog/atoms/base/core_types.scm.go
7fce0d5cf000-7fce0d5e3000 r--p 00000000 00:42 31559                      /usr/lib/x86_64-linux-gnu/guile/2.0/ccache/ice-9/format.go
7fce0d5e3000-7fce0d5f8000 r--p 00000000 00:42 31557                      /usr/lib/x86_64-linux-gnu/guile/2.0/ccache/ice-9/vlist.go
7fce0d5f8000-7fce0d5fa000 r-xp 00000000 00:42 20246                      /usr/lib/x86_64-linux-gnu/gconv/ISO8859-1.so
7fce0d5fa000-7fce0d7f9000 ---p 00002000 00:42 20246                      /usr/lib/x86_64-linux-gnu/gconv/ISO8859-1.so
7fce0d7f9000-7fce0d7fa000 r--p 00001000 00:42 20246                      /usr/lib/x86_64-linux-gnu/gconv/ISO8859-1.so
7fce0d7fa000-7fce0d7fb000 rw-p 00002000 00:42 20246                      /usr/lib/x86_64-linux-gnu/gconv/ISO8859-1.so
7fce0d7fb000-7fce0d7fc000 ---p 00000000 00:00 0 
7fce0d7fc000-7fce0dffc000 rw-p 00000000 00:00 0 
7fce0dffc000-7fce0dffd000 ---p 00000000 00:00 0 
7fce0dffd000-7fce0e7fd000 rw-p 00000000 00:00 0 
7fce0e7fd000-7fce0e7fe000 ---p 00000000 00:00 0 
7fce0e7fe000-7fce0effe000 rw-p 00000000 00:00 0 
7fce0effe000-7fce0efff000 ---p 00000000 00:00 0 
7fce0efff000-7fce0f7ff000 rw-p 00000000 00:00 0 
7fce0f7ff000-7fce0f800000 ---p 00000000 00:00 0 
7fce0f800000-7fce10000000 rw-p 00000000 00:00 0 
7fce10000000-7fce10021000 rw-p 00000000 00:00 0 
7fce10021000-7fce14000000 ---p 00000000 00:00 0 
7fce14000000-7fce14008000 r--p 00000000 00:42 31631                      /home/jenkins/.cache/guile/ccache/2.0-LE-8-2.0/home/opencog/atomspace/opencog/scm/opencog/base/core-docs.scm.go
7fce14008000-7fce14009000 r--p 00000000 00:42 31571                      /home/jenkins/.cache/guile/ccache/2.0-LE-8-2.0/home/opencog/atomspace/opencog/scm/opencog/base/core_types.scm.go
7fce14009000-7fce1401a000 r--p 00000000 00:42 31555                      /usr/lib/x86_64-linux-gnu/guile/2.0/ccache/language/scheme/decompile-tree-il.go
7fce1401a000-7fce1401c000 r--p 00000000 00:42 31553                      /usr/lib/x86_64-linux-gnu/guile/2.0/ccache/srfi/srfi-11.go
7fce1401c000-7fce1402f000 r--p 00000000 00:42 31551                      /usr/lib/x86_64-linux-gnu/guile/2.0/ccache/language/tree-il.go
7fce1402f000-7fce14030000 r--p 00000000 00:42 31549                      /usr/lib/x86_64-linux-gnu/guile/2.0/ccache/language/scheme/compile-tree-il.go
7fce14030000-7fce14031000 r--p 00000000 00:42 31547                      /usr/lib/x86_64-linux-gnu/guile/2.0/ccache/language/scheme/spec.go
7fce14031000-7fce14033000 r--p 00000000 00:42 31541                      /usr/lib/x86_64-linux-gnu/guile/2.0/ccache/srfi/srfi-26.go
7fce14033000-7fce14037000 r--p 00000000 00:42 31539                      /usr/lib/x86_64-linux-gnu/guile/2.0/ccache/srfi/srfi-9/gnu.go
7fce14037000-7fce1403a000 r--p 00000000 00:42 31535                      /usr/lib/x86_64-linux-gnu/guile/2.0/ccache/system/foreign.go
7fce1403a000-7fce1403c000 r--p 00000000 00:42 31533                      /usr/lib/x86_64-linux-gnu/guile/2.0/ccache/system/base/target.go
7fce1403c000-7fce1403d000 r--p 00000000 00:42 31531                      /usr/lib/x86_64-linux-gnu/guile/2.0/ccache/system/vm/objcode.go
7fce1403d000-7fce1403e000 r--p 00000000 00:42 31529                      /usr/lib/x86_64-linux-gnu/guile/2.0/ccache/system/vm/instruction.go
7fce1403e000-7fce14042000 r--p 00000000 00:42 31527                      /usr/lib/x86_64-linux-gnu/guile/2.0/ccache/system/vm/program.go
7fce14042000-7fce14045000 r--p 00000000 00:42 31523                      /usr/lib/x86_64-linux-gnu/guile/2.0/ccache/system/base/pmatch.go
7fce14045000-7fce1404b000 r--p 00000000 00:42 31521                      /usr/lib/x86_64-linux-gnu/guile/2.0/ccache/ice-9/optargs.go
7fce1404b000-7fce1404d000 r--p 00000000 00:42 31519                      /usr/lib/x86_64-linux-gnu/guile/2.0/ccache/ice-9/regex.go
7fce1404d000-7fce14064000 r--p 00000000 00:42 31513                      /usr/lib/x86_64-linux-gnu/guile/2.0/ccache/ice-9/match.go
7fce14064000-7fce14066000 r--p 00000000 00:42 31511                      /usr/lib/x86_64-linux-gnu/guile/2.0/ccache/system/base/ck.go
7fce14066000-7fce1406e000 r--p 00000000 00:42 31509                      /usr/lib/x86_64-linux-gnu/guile/2.0/ccache/srfi/srfi-9.go
7fce1406e000-7fce140b0000 r--p 00000000 00:42 31473                      /usr/lib/x86_64-linux-gnu/guile/2.0/ccache/ice-9/boot-9.go
7fce140b0000-7fce140b1000 ---p 00000000 00:00 0 
7fce140b1000-7fce148b1000 rw-p 00000000 00:00 0 
7fce148b1000-7fce148b2000 ---p 00000000 00:00 0 
7fce148b2000-7fce150b2000 rw-p 00000000 00:00 0 
7fce150b2000-7fce150b3000 ---p 00000000 00:00 0 
7fce150b3000-7fce158b3000 rw-p 00000000 00:00 0 
7fce158b3000-7fce158b4000 ---p 00000000 00:00 0 
7fce158b4000-7fce160b4000 rw-p 00000000 00:00 0 
7fce160b4000-7fce160b5000 ---p 00000000 00:00 0 
7fce160b5000-7fce168b5000 rw-p 00000000 00:00 0 
7fce168b5000-7fce168bf000 r-xp 00000000 00:42 25579                      /usr/local/lib/python2.7/dist-packages/opencog/logger.so
7fce168bf000-7fce16abe000 ---p 0000a000 00:42 25579                      /usr/local/lib/python2.7/dist-packages/opencog/logger.so
7fce16abe000-7fce16abf000 r--p 00009000 00:42 25579                      /usr/local/lib/python2.7/dist-packages/opencog/logger.so
7fce16abf000-7fce16ac0000 rw-p 0000a000 00:42 25579                      /usr/local/lib/python2.7/dist-packages/opencog/logger.so
7fce16ac0000-7fce16afd000 r-xp 00000000 00:42 30340                      /home/opencog/opencog/build/opencog/cogserver/server/libserver.so
7fce16afd000-7fce16cfc000 ---p 0003d000 00:42 30340                      /home/opencog/opencog/build/opencog/cogserver/server/libserver.so
7fce16cfc000-7fce16cfe000 r--p 0003c000 00:42 30340                      /home/opencog/opencog/build/opencog/cogserver/server/libserver.so
7fce16cfe000-7fce16cff000 rw-p 0003e000 00:42 30340                      /home/opencog/opencog/build/opencog/cogserver/server/libserver.so
7fce16cff000-7fce16d05000 r-xp 00000000 00:42 30412                      /home/opencog/opencog/build/opencog/cython/opencog/cogserver.so
7fce16d05000-7fce16f05000 ---p 00006000 00:42 30412                      /home/opencog/opencog/build/opencog/cython/opencog/cogserver.so
7fce16f05000-7fce16f06000 r--p 00006000 00:42 30412                      /home/opencog/opencog/build/opencog/cython/opencog/cogserver.so
7fce16f06000-7fce16f07000 rw-p 00007000 00:42 30412                      /home/opencog/opencog/build/opencog/cython/opencog/cogserver.so
7fce16f07000-7fce16f09000 r-xp 00000000 00:42 30320                      /home/opencog/opencog/build/opencog/learning/PatternMiner/types/libpatternminer-types.so
7fce16f09000-7fce17108000 ---p 00002000 00:42 30320                      /home/opencog/opencog/build/opencog/learning/PatternMiner/types/libpatternminer-types.so
7fce17108000-7fce17109000 r--p 00001000 00:42 30320                      /home/opencog/opencog/build/opencog/learning/PatternMiner/types/libpatternminer-types.so
7fce17109000-7fce1710a000 rw-p 00002000 00:42 30320                      /home/opencog/opencog/build/opencog/learning/PatternMiner/types/libpatternminer-types.so
7fce1710a000-7fce1710d000 r-xp 00000000 00:42 30223                      /home/opencog/opencog/build/opencog/spacetime/atom-types/libspacetime-types.so
7fce1710d000-7fce1730c000 ---p 00003000 00:42 30223                      /home/opencog/opencog/build/opencog/spacetime/atom-types/libspacetime-types.so
7fce1730c000-7fce1730d000 r--p 00002000 00:42 30223                      /home/opencog/opencog/build/opencog/spacetime/atom-types/libspacetime-types.so
7fce1730d000-7fce1730e000 rw-p 00003000 00:42 30223                      /home/opencog/opencog/build/opencog/spacetime/atom-types/libspacetime-types.so
7fce1730e000-7fce17313000 r-xp 00000000 00:42 30186                      /home/opencog/opencog/build/opencog/nlp/types/libnlp-types.so
7fce17313000-7fce17512000 ---p 00005000 00:42 30186                      /home/opencog/opencog/build/opencog/nlp/types/libnlp-types.so
7fce17512000-7fce17513000 r--p 00004000 00:42 30186                      /home/opencog/opencog/build/opencog/nlp/types/libnlp-types.so
7fce17513000-7fce17514000 rw-p 00005000 00:42 30186                      /home/opencog/opencog/build/opencog/nlp/types/libnlp-types.so
7fce17514000-7fce17516000 r-xp 00000000 00:42 30338                      /home/opencog/opencog/build/opencog/attention/libattention-types.so
7fce17516000-7fce17715000 ---p 00002000 00:42 30338                      /home/opencog/opencog/build/opencog/attention/libattention-types.so
7fce17715000-7fce17716000 r--p 00001000 00:42 30338                      /home/opencog/opencog/build/opencog/attention/libattention-types.so
7fce17716000-7fce17717000 rw-p 00002000 00:42 30338                      /home/opencog/opencog/build/opencog/attention/libattention-types.so
7fce17717000-7fce17749000 r-xp 00000000 00:42 30366                      /home/opencog/opencog/build/opencog/cython/opencog/cogserver_type_constructors.so
7fce17749000-7fce17948000 ---p 00032000 00:42 30366                      /home/opencog/opencog/build/opencog/cython/opencog/cogserver_type_constructors.so
7fce17948000-7fce17949000 r--p 00031000 00:42 30366                      /home/opencog/opencog/build/opencog/cython/opencog/cogserver_type_constructors.so
7fce17949000-7fce1794d000 rw-p 00032000 00:42 30366                      /home/opencog/opencog/build/opencog/cython/opencog/cogserver_type_constructors.so
7fce1794d000-7fce17956000 r-xp 00000000 00:42 135                        /lib/x86_64-linux-gnu/libcrypt-2.23.so
7fce17956000-7fce17b55000 ---p 00009000 00:42 135                        /lib/x86_64-linux-gnu/libcrypt-2.23.so
7fce17b55000-7fce17b56000 r--p 00008000 00:42 135                        /lib/x86_64-linux-gnu/libcrypt-2.23.so
7fce17b56000-7fce17b57000 rw-p 00009000 00:42 135                        /lib/x86_64-linux-gnu/libcrypt-2.23.so
7fce17b57000-7fce17b85000 rw-p 00000000 00:00 0 
7fce17b85000-7fce17b8e000 r-xp 00000000 00:42 4651                       /usr/lib/x86_64-linux-gnu/libltdl.so.7.3.1
7fce17b8e000-7fce17d8d000 ---p 00009000 00:42 4651                       /usr/lib/x86_64-linux-gnu/libltdl.so.7.3.1
7fce17d8d000-7fce17d8e000 r--p 00008000 00:42 4651                       /usr/lib/x86_64-linux-gnu/libltdl.so.7.3.1
7fce17d8e000-7fce17d8f000 rw-p 00009000 00:42 4651                       /usr/lib/x86_64-linux-gnu/libltdl.so.7.3.1
7fce17d8f000-7fce17e0e000 r-xp 00000000 00:42 5006                       /usr/lib/x86_64-linux-gnu/libgmp.so.10.3.0
7fce17e0e000-7fce1800d000 ---p 0007f000 00:42 5006                       /usr/lib/x86_64-linux-gnu/libgmp.so.10.3.0
7fce1800d000-7fce1800e000 r--p 0007e000 00:42 5006                       /usr/lib/x86_64-linux-gnu/libgmp.so.10.3.0
7fce1800e000-7fce1800f000 rw-p 0007f000 00:42 5006                       /usr/lib/x86_64-linux-gnu/libgmp.so.10.3.0
7fce1800f000-7fce18120000 r-xp 00000000 00:42 4463                       /usr/lib/x86_64-linux-gnu/libunistring.so.0.1.2
7fce18120000-7fce18320000 ---p 00111000 00:42 4463                       /usr/lib/x86_64-linux-gnu/libunistring.so.0.1.2
7fce18320000-7fce18323000 r--p 00111000 00:42 4463                       /usr/lib/x86_64-linux-gnu/libunistring.so.0.1.2
7fce18323000-7fce18324000 rw-p 00114000 00:42 4463                       /usr/lib/x86_64-linux-gnu/libunistring.so.0.1.2
7fce18324000-7fce18325000 rw-p 00000000 00:00 0 
7fce18325000-7fce1832c000 r-xp 00000000 00:42 4914                       /usr/lib/x86_64-linux-gnu/libffi.so.6.0.4
7fce1832c000-7fce1852b000 ---p 00007000 00:42 4914                       /usr/lib/x86_64-linux-gnu/libffi.so.6.0.4
7fce1852b000-7fce1852c000 r--p 00006000 00:42 4914                       /usr/lib/x86_64-linux-gnu/libffi.so.6.0.4
7fce1852c000-7fce1852d000 rw-p 00007000 00:42 4914                       /usr/lib/x86_64-linux-gnu/libffi.so.6.0.4
7fce1852d000-7fce1855a000 r-xp 00000000 00:42 4587                       /usr/lib/x86_64-linux-gnu/libgc.so.1.0.3
7fce1855a000-7fce1875a000 ---p 0002d000 00:42 4587                       /usr/lib/x86_64-linux-gnu/libgc.so.1.0.3
7fce1875a000-7fce1875b000 r--p 0002d000 00:42 4587                       /usr/lib/x86_64-linux-gnu/libgc.so.1.0.3
7fce1875b000-7fce1875c000 rw-p 0002e000 00:42 4587                       /usr/lib/x86_64-linux-gnu/libgc.so.1.0.3
7fce1875c000-7fce1879f000 rw-p 00000000 00:00 0 
7fce1879f000-7fce188ed000 r-xp 00000000 00:42 4576                       /usr/lib/x86_64-linux-gnu/libguile-2.0.so.22.7.2
7fce188ed000-7fce18aec000 ---p 0014e000 00:42 4576                       /usr/lib/x86_64-linux-gnu/libguile-2.0.so.22.7.2
7fce18aec000-7fce18afe000 r--p 0014d000 00:42 4576                       /usr/lib/x86_64-linux-gnu/libguile-2.0.so.22.7.2
7fce18afe000-7fce18b1a000 rw-p 0015f000 00:42 4576                       /usr/lib/x86_64-linux-gnu/libguile-2.0.so.22.7.2
7fce18b1a000-7fce18b27000 rw-p 00000000 00:00 0 
7fce18b27000-7fce18b61000 r-xp 00000000 00:42 25507                      /usr/local/lib/opencog/libsmob.so
7fce18b61000-7fce18d60000 ---p 0003a000 00:42 25507                      /usr/local/lib/opencog/libsmob.so
7fce18d60000-7fce18d62000 r--p 00039000 00:42 25507                      /usr/local/lib/opencog/libsmob.so
7fce18d62000-7fce18d63000 rw-p 0003b000 00:42 25507                      /usr/local/lib/opencog/libsmob.so
7fce18d63000-7fce18d7d000 r-xp 00000000 00:42 25567                      /usr/local/lib/opencog/libPythonEval.so
7fce18d7d000-7fce18f7c000 ---p 0001a000 00:42 25567                      /usr/local/lib/opencog/libPythonEval.so
7fce18f7c000-7fce18f7d000 r--p 00019000 00:42 25567                      /usr/local/lib/opencog/libPythonEval.so
7fce18f7d000-7fce18f7e000 rw-p 0001a000 00:42 25567                      /usr/local/lib/opencog/libPythonEval.so
7fce18f7e000-7fce18f88000 r-xp 00000000 00:42 25582                      /usr/local/lib/python2.7/dist-packages/opencog/scheme_wrapper.so
7fce18f88000-7fce19187000 ---p 0000a000 00:42 25582                      /usr/local/lib/python2.7/dist-packages/opencog/scheme_wrapper.so
7fce19187000-7fce19188000 r--p 00009000 00:42 25582                      /usr/local/lib/python2.7/dist-packages/opencog/scheme_wrapper.so
7fce19188000-7fce19189000 rw-p 0000a000 00:42 25582                      /usr/local/lib/python2.7/dist-packages/opencog/scheme_wrapper.so
7fce19189000-7fce19190000 r-xp 00000000 00:42 4212                       /lib/x86_64-linux-gnu/librt-2.23.so
7fce19190000-7fce1938f000 ---p 00007000 00:42 4212                       /lib/x86_64-linux-gnu/librt-2.23.so
7fce1938f000-7fce19390000 r--p 00006000 00:42 4212                       /lib/x86_64-linux-gnu/librt-2.23.so
7fce19390000-7fce19391000 rw-p 00007000 00:42 4212                       /lib/x86_64-linux-gnu/librt-2.23.so
7fce19391000-7fce194b7000 r-xp 00000000 00:42 4958                       /usr/lib/x86_64-linux-gnu/libbfd-2.26.1-system.so
7fce194b7000-7fce196b6000 ---p 00126000 00:42 4958                       /usr/lib/x86_64-linux-gnu/libbfd-2.26.1-system.so
7fce196b6000-7fce196cb000 r--p 00125000 00:42 4958                       /usr/lib/x86_64-linux-gnu/libbfd-2.26.1-system.so
7fce196cb000-7fce196d1000 rw-p 0013a000 00:42 4958                       /usr/lib/x86_64-linux-gnu/libbfd-2.26.1-system.so
7fce196d1000-7fce196d6000 rw-p 00000000 00:00 0 
7fce196d6000-7fce196ed000 r-xp 00000000 00:42 4613                       /usr/lib/x86_64-linux-gnu/libboost_filesystem.so.1.58.0
7fce196ed000-7fce198ec000 ---p 00017000 00:42 4613                       /usr/lib/x86_64-linux-gnu/libboost_filesystem.so.1.58.0
7fce198ec000-7fce198ed000 r--p 00016000 00:42 4613                       /usr/lib/x86_64-linux-gnu/libboost_filesystem.so.1.58.0
7fce198ed000-7fce198ee000 rw-p 00017000 00:42 4613                       /usr/lib/x86_64-linux-gnu/libboost_filesystem.so.1.58.0
7fce198ee000-7fce19904000 r-xp 00000000 00:42 1345                       /lib/x86_64-linux-gnu/libgcc_s.so.1
7fce19904000-7fce19b03000 ---p 00016000 00:42 1345                       /lib/x86_64-linux-gnu/libgcc_s.so.1
7fce19b03000-7fce19b04000 rw-p 00015000 00:42 1345                       /lib/x86_64-linux-gnu/libgcc_s.so.1
7fce19b04000-7fce19b25000 r-xp 00000000 00:42 11201                      /usr/lib/x86_64-linux-gnu/libgomp.so.1.0.0
7fce19b25000-7fce19d24000 ---p 00021000 00:42 11201                      /usr/lib/x86_64-linux-gnu/libgomp.so.1.0.0
7fce19d24000-7fce19d25000 r--p 00020000 00:42 11201                      /usr/lib/x86_64-linux-gnu/libgomp.so.1.0.0
7fce19d25000-7fce19d26000 rw-p 00021000 00:42 11201                      /usr/lib/x86_64-linux-gnu/libgomp.so.1.0.0
7fce19d26000-7fce19e98000 r-xp 00000000 00:42 3569                       /usr/lib/x86_64-linux-gnu/libstdc++.so.6.0.21
7fce19e98000-7fce1a098000 ---p 00172000 00:42 3569                       /usr/lib/x86_64-linux-gnu/libstdc++.so.6.0.21
7fce1a098000-7fce1a0a2000 r--p 00172000 00:42 3569                       /usr/lib/x86_64-linux-gnu/libstdc++.so.6.0.21
7fce1a0a2000-7fce1a0a4000 rw-p 0017c000 00:42 3569                       /usr/lib/x86_64-linux-gnu/libstdc++.so.6.0.21
7fce1a0a4000-7fce1a0a8000 rw-p 00000000 00:00 0 
7fce1a0a8000-7fce1a0c0000 r-xp 00000000 00:42 25494                      /usr/local/lib/opencog/libtruthvalue.so
7fce1a0c0000-7fce1a2c0000 ---p 00018000 00:42 25494                      /usr/local/lib/opencog/libtruthvalue.so
7fce1a2c0000-7fce1a2c1000 r--p 00018000 00:42 25494                      /usr/local/lib/opencog/libtruthvalue.so
7fce1a2c1000-7fce1a2c2000 rw-p 00019000 00:42 25494                      /usr/local/lib/opencog/libtruthvalue.so
7fce1a2c2000-7fce1a2f3000 r-xp 00000000 00:42 24552                      /usr/local/lib/opencog/libatombase.so
7fce1a2f3000-7fce1a4f3000 ---p 00031000 00:42 24552                      /usr/local/lib/opencog/libatombase.so
7fce1a4f3000-7fce1a4f4000 r--p 00031000 00:42 24552                      /usr/local/lib/opencog/libatombase.so
7fce1a4f4000-7fce1a4f5000 rw-p 00032000 00:42 24552                      /usr/local/lib/opencog/libatombase.so
7fce1a4f5000-7fce1a512000 r-xp 00000000 00:42 25420                      /usr/local/lib/opencog/libatomutils.so
7fce1a512000-7fce1a711000 ---p 0001d000 00:42 25420                      /usr/local/lib/opencog/libatomutils.so
7fce1a711000-7fce1a712000 r--p 0001c000 00:42 25420                      /usr/local/lib/opencog/libatomutils.so
7fce1a712000-7fce1a713000 rw-p 0001d000 00:42 25420                      /usr/local/lib/opencog/libatomutils.so
7fce1a713000-7fce1a78f000 r-xp 00000000 00:42 24870                      /usr/local/lib/opencog/libatomcore.so
7fce1a78f000-7fce1a98e000 ---p 0007c000 00:42 24870                      /usr/local/lib/opencog/libatomcore.so
7fce1a98e000-7fce1a991000 r--p 0007b000 00:42 24870                      /usr/local/lib/opencog/libatomcore.so
7fce1a991000-7fce1a992000 rw-p 0007e000 00:42 24870                      /usr/local/lib/opencog/libatomcore.so
7fce1a992000-7fce1a995000 rw-p 00000000 00:00 0 
7fce1a995000-7fce1a9ab000 r-xp 00000000 00:42 25432                      /usr/local/lib/opencog/libattentionbank.so
7fce1a9ab000-7fce1abab000 ---p 00016000 00:42 25432                      /usr/local/lib/opencog/libattentionbank.so
7fce1abab000-7fce1abac000 r--p 00016000 00:42 25432                      /usr/local/lib/opencog/libattentionbank.so
7fce1abac000-7fce1abad000 rw-p 00017000 00:42 25432                      /usr/local/lib/opencog/libattentionbank.so
7fce1abad000-7fce1abb0000 r-xp 00000000 00:42 4509                       /usr/lib/x86_64-linux-gnu/libboost_system.so.1.58.0
7fce1abb0000-7fce1adaf000 ---p 00003000 00:42 4509                       /usr/lib/x86_64-linux-gnu/libboost_system.so.1.58.0
7fce1adaf000-7fce1adb0000 r--p 00002000 00:42 4509                       /usr/lib/x86_64-linux-gnu/libboost_system.so.1.58.0
7fce1adb0000-7fce1adb1000 rw-p 00003000 00:42 4509                       /usr/lib/x86_64-linux-gnu/libboost_system.so.1.58.0
7fce1adb1000-7fce1add5000 r-xp 00000000 00:42 4562                       /usr/lib/x86_64-linux-gnu/libboost_thread.so.1.58.0
7fce1add5000-7fce1afd4000 ---p 00024000 00:42 4562                       /usr/lib/x86_64-linux-gnu/libboost_thread.so.1.58.0
7fce1afd4000-7fce1afd6000 r--p 00023000 00:42 4562                       /usr/lib/x86_64-linux-gnu/libboost_thread.so.1.58.0
7fce1afd6000-7fce1afd7000 rw-p 00025000 00:42 4562                       /usr/lib/x86_64-linux-gnu/libboost_thread.so.1.58.0
7fce1afd7000-7fce1b2c9000 r-xp 00000000 00:42 4334                       /usr/lib/x86_64-linux-gnu/libpython2.7.so.1.0
7fce1b2c9000-7fce1b4c9000 ---p 002f2000 00:42 4334                       /usr/lib/x86_64-linux-gnu/libpython2.7.so.1.0
7fce1b4c9000-7fce1b4cb000 r--p 002f2000 00:42 4334                       /usr/lib/x86_64-linux-gnu/libpython2.7.so.1.0
7fce1b4cb000-7fce1b542000 rw-p 002f4000 00:42 4334                       /usr/lib/x86_64-linux-gnu/libpython2.7.so.1.0
7fce1b542000-7fce1b565000 rw-p 00000000 00:00 0 
7fce1b565000-7fce1b5b0000 r-xp 00000000 00:42 22603                      /usr/local/lib/libcogutil.so
7fce1b5b0000-7fce1b7af000 ---p 0004b000 00:42 22603                      /usr/local/lib/libcogutil.so
7fce1b7af000-7fce1b7b1000 r--p 0004a000 00:42 22603                      /usr/local/lib/libcogutil.so
7fce1b7b1000-7fce1b7b2000 rw-p 0004c000 00:42 22603                      /usr/local/lib/libcogutil.so
7fce1b7b2000-7fce1b7b5000 rw-p 00000000 00:00 0 
7fce1b7b5000-7fce1b7da000 r-xp 00000000 00:42 25408                      /usr/local/lib/opencog/libatomspace.so
7fce1b7da000-7fce1b9d9000 ---p 00025000 00:42 25408                      /usr/local/lib/opencog/libatomspace.so
7fce1b9d9000-7fce1b9da000 r--p 00024000 00:42 25408                      /usr/local/lib/opencog/libatomspace.so
7fce1b9da000-7fce1b9db000 rw-p 00025000 00:42 25408                      /usr/local/lib/opencog/libatomspace.so
7fce1b9db000-7fce1b9e7000 r-xp 00000000 00:42 25416                      /usr/local/lib/opencog/libatomspaceutils.so
7fce1b9e7000-7fce1bbe6000 ---p 0000c000 00:42 25416                      /usr/local/lib/opencog/libatomspaceutils.so
7fce1bbe6000-7fce1bbe7000 r--p 0000b000 00:42 25416                      /usr/local/lib/opencog/libatomspaceutils.so
7fce1bbe7000-7fce1bbe8000 rw-p 0000c000 00:42 25416                      /usr/local/lib/opencog/libatomspaceutils.so
7fce1bbe8000-7fce1bc04000 r-xp 00000000 00:42 25400                      /usr/local/lib/opencog/libclearbox.so
7fce1bc04000-7fce1be03000 ---p 0001c000 00:42 25400                      /usr/local/lib/opencog/libclearbox.so
7fce1be03000-7fce1be04000 r--p 0001b000 00:42 25400                      /usr/local/lib/opencog/libclearbox.so
7fce1be04000-7fce1be05000 rw-p 0001c000 00:42 25400                      /usr/local/lib/opencog/libclearbox.so
7fce1be05000-7fce1be2f000 r-xp 00000000 00:42 25577                      /usr/local/lib/python2.7/dist-packages/opencog/atomspace.so
7fce1be2f000-7fce1c02e000 ---p 0002a000 00:42 25577                      /usr/local/lib/python2.7/dist-packages/opencog/atomspace.so
7fce1c02e000-7fce1c02f000 r--p 00029000 00:42 25577                      /usr/local/lib/python2.7/dist-packages/opencog/atomspace.so
7fce1c02f000-7fce1c034000 rw-p 0002a000 00:42 25577                      /usr/local/lib/python2.7/dist-packages/opencog/atomspace.so
7fce1c034000-7fce1c174000 rw-p 00000000 00:00 0 
7fce1c174000-7fce1c187000 r-xp 00000000 00:42 5857                       /usr/lib/python2.7/lib-dynload/parser.x86_64-linux-gnu.so
7fce1c187000-7fce1c386000 ---p 00013000 00:42 5857                       /usr/lib/python2.7/lib-dynload/parser.x86_64-linux-gnu.so
7fce1c386000-7fce1c387000 r--p 00012000 00:42 5857                       /usr/lib/python2.7/lib-dynload/parser.x86_64-linux-gnu.so
7fce1c387000-7fce1c388000 rw-p 00013000 00:42 5857                       /usr/lib/python2.7/lib-dynload/parser.x86_64-linux-gnu.so
7fce1c388000-7fce1c38a000 r-xp 00000000 00:42 5861                       /usr/lib/python2.7/lib-dynload/resource.x86_64-linux-gnu.so
7fce1c38a000-7fce1c589000 ---p 00002000 00:42 5861                       /usr/lib/python2.7/lib-dynload/resource.x86_64-linux-gnu.so
7fce1c589000-7fce1c58a000 r--p 00001000 00:42 5861                       /usr/lib/python2.7/lib-dynload/resource.x86_64-linux-gnu.so
7fce1c58a000-7fce1c58b000 rw-p 00002000 00:42 5861                       /usr/lib/python2.7/lib-dynload/resource.x86_64-linux-gnu.so
7fce1c58b000-7fce1c591000 r-xp 00000000 00:42 5852                       /usr/lib/python2.7/lib-dynload/_hotshot.x86_64-linux-gnu.so
7fce1c591000-7fce1c791000 ---p 00006000 00:42 5852                       /usr/lib/python2.7/lib-dynload/_hotshot.x86_64-linux-gnu.so
7fce1c791000-7fce1c792000 r--p 00006000 00:42 5852                       /usr/lib/python2.7/lib-dynload/_hotshot.x86_64-linux-gnu.so
7fce1c792000-7fce1c794000 rw-p 00007000 00:42 5852                       /usr/lib/python2.7/lib-dynload/_hotshot.x86_64-linux-gnu.so
7fce1c794000-7fce1c854000 rw-p 00000000 00:00 0 
7fce1c854000-7fce1c85a000 r-xp 00000000 00:42 5841                       /usr/lib/python2.7/lib-dynload/_multiprocessing.x86_64-linux-gnu.so
7fce1c85a000-7fce1ca59000 ---p 00006000 00:42 5841                       /usr/lib/python2.7/lib-dynload/_multiprocessing.x86_64-linux-gnu.so
7fce1ca59000-7fce1ca5a000 r--p 00005000 00:42 5841                       /usr/lib/python2.7/lib-dynload/_multiprocessing.x86_64-linux-gnu.so
7fce1ca5a000-7fce1ca5b000 rw-p 00006000 00:42 5841                       /usr/lib/python2.7/lib-dynload/_multiprocessing.x86_64-linux-gnu.so
7fce1ca5b000-7fce1cc5b000 rw-p 00000000 00:00 0 
7fce1cc5b000-7fce1ccb9000 r-xp 00000000 00:42 62                         /lib/x86_64-linux-gnu/libssl.so.1.0.0
7fce1ccb9000-7fce1ceb9000 ---p 0005e000 00:42 62                         /lib/x86_64-linux-gnu/libssl.so.1.0.0
7fce1ceb9000-7fce1cebd000 r--p 0005e000 00:42 62                         /lib/x86_64-linux-gnu/libssl.so.1.0.0
7fce1cebd000-7fce1cec4000 rw-p 00062000 00:42 62                         /lib/x86_64-linux-gnu/libssl.so.1.0.0
7fce1cec4000-7fce1ced9000 r-xp 00000000 00:42 5348                       /usr/lib/python2.7/lib-dynload/_ssl.x86_64-linux-gnu.so
7fce1ced9000-7fce1d0d8000 ---p 00015000 00:42 5348                       /usr/lib/python2.7/lib-dynload/_ssl.x86_64-linux-gnu.so
7fce1d0d8000-7fce1d0d9000 r--p 00014000 00:42 5348                       /usr/lib/python2.7/lib-dynload/_ssl.x86_64-linux-gnu.so
7fce1d0d9000-7fce1d0dd000 rw-p 00015000 00:42 5348                       /usr/lib/python2.7/lib-dynload/_ssl.x86_64-linux-gnu.so
7fce1d0dd000-7fce1d2f7000 r-xp 00000000 00:42 63                         /lib/x86_64-linux-gnu/libcrypto.so.1.0.0
7fce1d2f7000-7fce1d4f6000 ---p 0021a000 00:42 63                         /lib/x86_64-linux-gnu/libcrypto.so.1.0.0
7fce1d4f6000-7fce1d512000 r--p 00219000 00:42 63                         /lib/x86_64-linux-gnu/libcrypto.so.1.0.0
7fce1d512000-7fce1d51e000 rw-p 00235000 00:42 63                         /lib/x86_64-linux-gnu/libcrypto.so.1.0.0
7fce1d51e000-7fce1d521000 rw-p 00000000 00:00 0 
7fce1d521000-7fce1d527000 r-xp 00000000 00:42 5373                       /usr/lib/python2.7/lib-dynload/_hashlib.x86_64-linux-gnu.so
7fce1d527000-7fce1d726000 ---p 00006000 00:42 5373                       /usr/lib/python2.7/lib-dynload/_hashlib.x86_64-linux-gnu.so
7fce1d726000-7fce1d727000 r--p 00005000 00:42 5373                       /usr/lib/python2.7/lib-dynload/_hashlib.x86_64-linux-gnu.so
7fce1d727000-7fce1d728000 rw-p 00006000 00:42 5373                       /usr/lib/python2.7/lib-dynload/_hashlib.x86_64-linux-gnu.so
7fce1d728000-7fce1da29000 rw-p 00000000 00:00 0 
7fce1da29000-7fce1db31000 r-xp 00000000 00:42 157                        /lib/x86_64-linux-gnu/libm-2.23.so
7fce1db31000-7fce1dd30000 ---p 00108000 00:42 157                        /lib/x86_64-linux-gnu/libm-2.23.so
7fce1dd30000-7fce1dd31000 r--p 00107000 00:42 157                        /lib/x86_64-linux-gnu/libm-2.23.so
7fce1dd31000-7fce1dd32000 rw-p 00108000 00:42 157                        /lib/x86_64-linux-gnu/libm-2.23.so
7fce1dd32000-7fce1dd4b000 r-xp 00000000 00:42 65                         /lib/x86_64-linux-gnu/libz.so.1.2.8
7fce1dd4b000-7fce1df4a000 ---p 00019000 00:42 65                         /lib/x86_64-linux-gnu/libz.so.1.2.8
7fce1df4a000-7fce1df4b000 r--p 00018000 00:42 65                         /lib/x86_64-linux-gnu/libz.so.1.2.8
7fce1df4b000-7fce1df4c000 rw-p 00019000 00:42 65                         /lib/x86_64-linux-gnu/libz.so.1.2.8
7fce1df4c000-7fce1df4e000 r-xp 00000000 00:42 115                        /lib/x86_64-linux-gnu/libutil-2.23.so
7fce1df4e000-7fce1e14d000 ---p 00002000 00:42 115                        /lib/x86_64-linux-gnu/libutil-2.23.so
7fce1e14d000-7fce1e14e000 r--p 00001000 00:42 115                        /lib/x86_64-linux-gnu/libutil-2.23.so
7fce1e14e000-7fce1e14f000 rw-p 00002000 00:42 115                        /lib/x86_64-linux-gnu/libutil-2.23.so
7fce1e14f000-7fce1e152000 r-xp 00000000 00:42 44                         /lib/x86_64-linux-gnu/libdl-2.23.so
7fce1e152000-7fce1e351000 ---p 00003000 00:42 44                         /lib/x86_64-linux-gnu/libdl-2.23.so
7fce1e351000-7fce1e352000 r--p 00002000 00:42 44                         /lib/x86_64-linux-gnu/libdl-2.23.so
7fce1e352000-7fce1e353000 rw-p 00003000 00:42 44                         /lib/x86_64-linux-gnu/libdl-2.23.so
7fce1e353000-7fce1e513000 r-xp 00000000 00:42 37                         /lib/x86_64-linux-gnu/libc-2.23.so
7fce1e513000-7fce1e713000 ---p 001c0000 00:42 37                         /lib/x86_64-linux-gnu/libc-2.23.so
7fce1e713000-7fce1e717000 r--p 001c0000 00:42 37                         /lib/x86_64-linux-gnu/libc-2.23.so
7fce1e717000-7fce1e719000 rw-p 001c4000 00:42 37                         /lib/x86_64-linux-gnu/libc-2.23.so
7fce1e719000-7fce1e71d000 rw-p 00000000 00:00 0 
7fce1e71d000-7fce1e735000 r-xp 00000000 00:42 71                         /lib/x86_64-linux-gnu/libpthread-2.23.so
7fce1e735000-7fce1e934000 ---p 00018000 00:42 71                         /lib/x86_64-linux-gnu/libpthread-2.23.so
7fce1e934000-7fce1e935000 r--p 00017000 00:42 71                         /lib/x86_64-linux-gnu/libpthread-2.23.so
7fce1e935000-7fce1e936000 rw-p 00018000 00:42 71                         /lib/x86_64-linux-gnu/libpthread-2.23.so
7fce1e936000-7fce1e93a000 rw-p 00000000 00:00 0 
7fce1e93a000-7fce1e960000 r-xp 00000000 00:42 34                         /lib/x86_64-linux-gnu/ld-2.23.so
7fce1e960000-7fce1e961000 r--p 00000000 00:42 31525                      /usr/lib/x86_64-linux-gnu/guile/2.0/ccache/ice-9/receive.go
7fce1e961000-7fce1e96c000 r--p 00000000 00:42 31507                      /usr/lib/x86_64-linux-gnu/guile/2.0/ccache/srfi/srfi-1.go
7fce1e96c000-7fce1e99e000 r--p 00000000 00:42 31477                      /usr/lib/x86_64-linux-gnu/guile/2.0/ccache/ice-9/psyntax-pp.go
7fce1e99e000-7fce1ea5e000 rw-p 00000000 00:00 0 
7fce1ea5e000-7fce1ea5f000 r--p 00000000 00:42 31517                      /usr/lib/x86_64-linux-gnu/guile/2.0/ccache/system/vm/vm.go
7fce1ea5f000-7fce1ea67000 r--p 00000000 00:42 31505                      /usr/lib/x86_64-linux-gnu/guile/2.0/ccache/system/base/message.go
7fce1ea67000-7fce1ea69000 r--p 00000000 00:42 31503                      /usr/lib/x86_64-linux-gnu/guile/2.0/ccache/system/base/language.go
7fce1ea69000-7fce1ea6e000 r--p 00000000 00:42 31501                      /usr/lib/x86_64-linux-gnu/guile/2.0/ccache/system/base/syntax.go
7fce1ea6e000-7fce1ea72000 r--p 00000000 00:42 31499                      /usr/lib/x86_64-linux-gnu/guile/2.0/ccache/system/base/compile.go
7fce1ea72000-7fce1ea73000 r--p 00000000 00:42 31493                      /usr/lib/x86_64-linux-gnu/guile/2.0/ccache/ice-9/eval-string.go
7fce1ea73000-7fce1ea74000 r--p 00000000 00:42 31491                      /usr/lib/x86_64-linux-gnu/guile/2.0/ccache/rnrs/bytevectors.go
7fce1ea74000-7fce1ea7a000 r--p 00000000 00:42 31487                      /usr/lib/x86_64-linux-gnu/guile/2.0/ccache/srfi/srfi-4.go
7fce1ea7a000-7fce1ea87000 r--p 00000000 00:42 31483                      /usr/lib/x86_64-linux-gnu/guile/2.0/ccache/ice-9/deprecated.go
7fce1ea87000-7fce1ea8a000 r--p 00000000 00:42 31481                      /usr/lib/x86_64-linux-gnu/guile/2.0/ccache/ice-9/networking.go
7fce1ea8a000-7fce1ea8c000 r--p 00000000 00:42 31479                      /usr/lib/x86_64-linux-gnu/guile/2.0/ccache/ice-9/posix.go
7fce1ea8c000-7fce1ea8f000 r--p 00000000 00:42 31475                      /usr/lib/x86_64-linux-gnu/guile/2.0/ccache/ice-9/r4rs.go
7fce1ea8f000-7fce1eb54000 rw-p 00000000 00:00 0 
7fce1eb54000-7fce1eb58000 r--p 00000000 00:42 31471                      /usr/lib/x86_64-linux-gnu/guile/2.0/ccache/ice-9/eval.go
7fce1eb58000-7fce1eb5f000 r--s 00000000 00:42 76                         /usr/lib/x86_64-linux-gnu/gconv/gconv-modules.cache
7fce1eb5f000-7fce1eb60000 r--p 00025000 00:42 34                         /lib/x86_64-linux-gnu/ld-2.23.so
7fce1eb60000-7fce1eb61000 rw-p 00026000 00:42 34                         /lib/x86_64-linux-gnu/ld-2.23.so
7fce1eb61000-7fce1eb62000 rw-p 00000000 00:00 0 
7ffff1eb5000-7ffff1ed6000 rw-p 00000000 00:00 0                          [stack]
7ffff1ed9000-7ffff1edc000 r--p 00000000 00:00 0                          [vvar]
7ffff1edc000-7ffff1ede000 r-xp 00000000 00:00 0                          [vdso]
ffffffffff600000-ffffffffff601000 r-xp 00000000 00:00 0                  [vsyscall]

      Start  9: MOSESPLNSynergyUTest
 9/26 Test  #9: MOSESPLNSynergyUTest .............   Passed    8.52 sec
      Start 10: PLNRulesUTest
10/26 Test #10: PLNRulesUTest ....................***Failed    0.28 sec
Running cxxtest tests (21 tests)[DEBUG] BEGIN TEST: test_deduction
[DEBUG] [PLNRulesUTest] Loaded "tests/pln/rules/simple-assertions.scm":


[DEBUG] [PLNRulesUTest] Loaded "opencog/pln/rules/term/deduction.scm":
(DefineLink
   (DefinedSchemaNode "deduction-subset-rule")
   (BindLink
      (VariableList
         (TypedVariableLink
            (VariableNode "$A")
            (TypeChoice
               (TypeNode "ConceptNode")
               (TypeNode "AndLink")
               (TypeNode "OrLink")
               (TypeNode "NotLink")
            )
         )
         (TypedVariableLink
            (VariableNode "$B")
            (TypeChoice
               (TypeNode "ConceptNode")
               (TypeNode "AndLink")
               (TypeNode "OrLink")
               (TypeNode "NotLink")
            )
         )
         (TypedVariableLink
            (VariableNode "$C")
            (TypeChoice
               (TypeNode "ConceptNode")
               (TypeNode "AndLink")
               (TypeNode "OrLink")
               (TypeNode "NotLink")
            )
         )
      )
      (AndLink
         (SubsetLink
            (VariableNode "$B")
            (VariableNode "$C")
         )
         (SubsetLink
            (VariableNode "$A")
            (VariableNode "$B")
         )
         (NotLink
            (IdenticalLink
               (VariableNode "$A")
               (VariableNode "$C")
            )
         )
      )
      (ExecutionOutputLink
         (GroundedSchemaNode "scm: deduction-formula")
         (ListLink
            (SubsetLink
               (VariableNode "$A")
               (VariableNode "$C")
            )
            (SubsetLink
               (VariableNode "$A")
               (VariableNode "$B")
            )
            (SubsetLink
               (VariableNode "$B")
               (VariableNode "$C")
            )
         )
      )
   )
)


.[DEBUG] results = (SetLink
  (ListLink
    (ConceptNode "Socrates" (stv 0.001000 0.900000)) ; [776446707161870420][1]
  ) ; [10015493381781884977][1]
  (ListLink
    (ConceptNode "Einstein" (stv 0.001000 0.900000)) ; [3001995437484464521][1]
  ) ; [12241042112104479078][1]
  (ListLink
    (ConceptNode "man" (stv 0.010000 0.900000)) ; [5017874767067754032][1]
  ) ; [14256921441687768589][1]
  (ListLink
    (ConceptNode "Peirce" (stv 0.001000 0.900000)) ; [6957451695842255768][1]
  ) ; [16196498370462270325][1]
) ; [11178058097441403215][1]

[DEBUG] BEGIN TEST: test_and_introduction
[DEBUG] [PLNRulesUTest] Loaded "tests/pln/rules/simple-predicates.scm":
(PredicateNode "Q" (stv 0.6 1))


[DEBUG] [PLNRulesUTest] Loaded "opencog/pln/rules/wip/and-introduction.scm":
(DefineLink
   (DefinedSchemaNode "and-introduction-grounded-evaluation-rule")
   (BindLink
      (VariableList
         (TypedVariableLink
            (VariableNode "$A")
            (TypeNode "EvaluationLink")
         )
         (TypedVariableLink
            (VariableNode "$B")
            (TypeNode "EvaluationLink")
         )
         (TypedVariableLink
            (VariableNode "$C")
            (TypeNode "EvaluationLink")
         )
      )
      (AndLink
         (VariableNode "$A")
         (VariableNode "$C")
         (VariableNode "$B")
         (NotLink
            (EqualLink
               (VariableNode "$A")
               (VariableNode "$C")
            )
         )
         (NotLink
            (EqualLink
               (VariableNode "$A")
               (VariableNode "$B")
            )
         )
         (EvaluationLink
            (GroundedPredicateNode "scm: fully-grounded")
            (ListLink
               (VariableNode "$A")
            )
         )
         (NotLink
            (EqualLink
               (VariableNode "$C")
               (VariableNode "$B")
            )
         )
         (EvaluationLink
            (GroundedPredicateNode "scm: fully-grounded")
            (ListLink
               (VariableNode "$C")
            )
         )
         (EvaluationLink
            (GroundedPredicateNode "scm: fully-grounded")
            (ListLink
               (VariableNode "$B")
            )
         )
      )
      (ExecutionOutputLink
         (GroundedSchemaNode "scm: and-introduction-grounded-evaluation-formula")
         (ListLink
            (VariableNode "$A")
            (VariableNode "$B")
            (VariableNode "$C")
         )
      )
   )
)


.[DEBUG] BEGIN TEST: test_or_introduction
[DEBUG] [PLNRulesUTest] Loaded "tests/pln/rules/simple-predicates.scm":
(PredicateNode "Q" (stv 0.6 1))


[DEBUG] [PLNRulesUTest] Loaded "opencog/pln/rules/wip/or-introduction.scm":
(DefineLink
   (DefinedSchemaNode "or-introduction-rule")
   (BindLink
      (VariableList
         (TypedVariableLink
            (VariableNode "$A")
            (TypeChoice
               (TypeNode "PredicateNode")
               (TypeNode "ConceptNode")
            )
         )
         (TypedVariableLink
            (VariableNode "$B")
            (TypeChoice
               (TypeNode "PredicateNode")
               (TypeNode "ConceptNode")
            )
         )
      )
      (AndLink
         (VariableNode "$A")
         (VariableNode "$B")
         (NotLink
            (EqualLink
               (VariableNode "$A")
               (VariableNode "$B")
            )
         )
      )
      (ExecutionOutputLink
         (GroundedSchemaNode "scm: or-introduction-formula")
         (ListLink
            (VariableNode "$A")
            (VariableNode "$B")
         )
      )
   )
)


.[DEBUG] BEGIN TEST: test_not_introduction
[DEBUG] [PLNRulesUTest] Loaded "tests/pln/rules/simple-predicates.scm":
(PredicateNode "Q" (stv 0.6 1))


[DEBUG] [PLNRulesUTest] Loaded "opencog/pln/rules/wip/not-introduction.scm":
(DefineLink
   (DefinedSchemaNode "not-introduction-rule")
   (BindLink
      (VariableList
         (TypedVariableLink
            (VariableNode "$A")
            (TypeChoice
               (TypeNode "PredicateNode")
               (TypeNode "ConceptNode")
            )
         )
      )
      (VariableNode "$A")
      (ExecutionOutputLink
         (GroundedSchemaNode "scm: not-introduction-formula")
         (ListLink
            (VariableNode "$A")
         )
      )
   )
)


.[DEBUG] BEGIN TEST: test_forall_full_instantiation
[DEBUG] [PLNRulesUTest] Loaded "tests/pln/rules/simple-forall.scm":
(ForAllLink (stv 1 1)
   (TypedVariableLink
      (VariableNode "$X")
      (TypeNode "ConceptNode")
   )
   (ImplicationLink
      (EvaluationLink
         (PredicateNode "P")
         (VariableNode "$X")
      )
      (EvaluationLink
         (PredicateNode "P")
         (VariableNode "$X")
      )
   )
)


[DEBUG] [PLNRulesUTest] Loaded "opencog/pln/rules/wip/forall-instantiation.scm":
(DefineLink
   (DefinedSchemaNode "forall-partial-instantiation-rule")
   (BindLink
      (VariableList
         (TypedVariableLink
            (VariableNode "$TyVs")
            (TypeNode "VariableList")
         )
         (VariableNode "$B")
      )
      (QuoteLink
         (ForAllLink
            (UnquoteLink
               (VariableNode "$TyVs")
            )
            (UnquoteLink
               (VariableNode "$B")
            )
         )
      )
      (ExecutionOutputLink
         (GroundedSchemaNode "scm: forall-partial-instantiation-formula")
         (ListLink
            (VariableNode "$TyVs")
            (VariableNode "$B")
         )
      )
   )
)


.[DEBUG] BEGIN TEST: test_forall_partial_instantiation
[DEBUG] [PLNRulesUTest] Loaded "tests/pln/rules/simple-forall.scm":
(ForAllLink (stv 1 1)
   (TypedVariableLink
      (VariableNode "$X")
      (TypeNode "ConceptNode")
   )
   (ImplicationLink
      (EvaluationLink
         (PredicateNode "P")
         (VariableNode "$X")
      )
      (EvaluationLink
         (PredicateNode "P")
         (VariableNode "$X")
      )
   )
)


[DEBUG] [PLNRulesUTest] Loaded "opencog/pln/rules/wip/forall-instantiation.scm":
(DefineLink
   (DefinedSchemaNode "forall-partial-instantiation-rule")
   (BindLink
      (VariableList
         (TypedVariableLink
            (VariableNode "$TyVs")
            (TypeNode "VariableList")
         )
         (VariableNode "$B")
      )
      (QuoteLink
         (ForAllLink
            (UnquoteLink
               (VariableNode "$TyVs")
            )
            (UnquoteLink
               (VariableNode "$B")
            )
         )
      )
      (ExecutionOutputLink
         (GroundedSchemaNode "scm: forall-partial-instantiation-formula")
         (ListLink
            (VariableNode "$TyVs")
            (VariableNode "$B")
         )
      )
   )
)


.[DEBUG] BEGIN TEST: test_forall_implication_to_higher_order
[DEBUG] [PLNRulesUTest] Loaded "tests/pln/rules/simple-forall.scm":
(ForAllLink (stv 1 1)
   (TypedVariableLink
      (VariableNode "$X")
      (TypeNode "ConceptNode")
   )
   (ImplicationLink
      (EvaluationLink
         (PredicateNode "P")
         (VariableNode "$X")
      )
      (EvaluationLink
         (PredicateNode "P")
         (VariableNode "$X")
      )
   )
)


[DEBUG] [PLNRulesUTest] Loaded "opencog/pln/rules/wip/forall-implication-to-higher-order.scm":
(DefineLink
   (DefinedSchemaNode "forall-implication-to-higher-order-rule")
   (BindLink
      (VariableList
         (TypedVariableLink
            (VariableNode "$TyVs")
            (TypeChoice
               (TypeNode "TypedVariableLink")
               (TypeNode "VariableList")
            )
         )
         (TypedVariableLink
            (VariableNode "$Impl")
            (TypeNode "ImplicationLink")
         )
      )
      (QuoteLink
         (ForAllLink
            (UnquoteLink
               (VariableNode "$TyVs")
            )
            (UnquoteLink
               (VariableNode "$Impl")
            )
         )
      )
      (ExecutionOutputLink
         (GroundedSchemaNode "scm: forall-implication-to-higher-order-formula")
         (ListLink
            (VariableNode "$TyVs")
            (VariableNode "$Impl")
         )
      )
   )
)


.[DEBUG] results = (SetLink
  (ImplicationLink (stv 1.000000 1.000000)
    (LambdaLink
      (TypedVariableLink
        (VariableNode "$X") ; [6809953386495729144][1]
        (TypeNode "ConceptNode") ; [3788696113922021255][1]
      ) ; [9225281168777978483][1]
      (EvaluationLink
        (PredicateNode "P") ; [2213889286841575705][1]
        (VariableNode "$X") ; [6809953386495729144][1]
      ) ; [17009747857858600672][1]
    ) ; [17949168881855469356][1]
    (LambdaLink
      (TypedVariableLink
        (VariableNode "$X") ; [6809953386495729144][1]
        (TypeNode "ConceptNode") ; [3788696113922021255][1]
      ) ; [9225281168777978483][1]
      (EvaluationLink
        (PredicateNode "P") ; [2213889286841575705][1]
        (VariableNode "$X") ; [6809953386495729144][1]
      ) ; [17009747857858600672][1]
    ) ; [17949168881855469356][1]
  ) ; [12304348726284166735][1]
) ; [12319442821909952197][1]

[DEBUG] expected = (SetLink
  (ImplicationLink (stv 1.000000 1.000000)
    (LambdaLink
      (TypedVariableLink
        (VariableNode "$X") ; [6809953386495729144][1]
        (TypeNode "ConceptNode") ; [3788696113922021255][1]
      ) ; [9225281168777978483][1]
      (EvaluationLink
        (PredicateNode "P") ; [2213889286841575705][1]
        (VariableNode "$X") ; [6809953386495729144][1]
      ) ; [17009747857858600672][1]
    ) ; [17949168881855469356][1]
    (LambdaLink
      (TypedVariableLink
        (VariableNode "$X") ; [6809953386495729144][1]
        (TypeNode "ConceptNode") ; [3788696113922021255][1]
      ) ; [9225281168777978483][1]
      (EvaluationLink
        (PredicateNode "P") ; [2213889286841575705][1]
        (VariableNode "$X") ; [6809953386495729144][1]
      ) ; [17009747857858600672][1]
    ) ; [17949168881855469356][1]
  ) ; [12304348726284166735][1]
) ; [12319442821909952197][1]

[DEBUG] BEGIN TEST: test_implication_full_instantiation
[DEBUG] [PLNRulesUTest] Loaded "tests/pln/rules/simple-implication.scm":
(ImplicationLink (stv 1 1)
   (PredicateNode "P")
   (PredicateNode "Q")
)


[DEBUG] [PLNRulesUTest] Loaded "opencog/pln/rules/wip/implication-instantiation.scm":
(DefineLink
   (DefinedSchemaNode "implication-partial-instantiation-rule")
   (BindLink
      (VariableList
         (TypedVariableLink
            (VariableNode "$TyVs")
            (TypeNode "VariableList")
         )
         (VariableNode "$P")
         (VariableNode "$Q")
      )
      (QuoteLink
         (ImplicationScopeLink
            (UnquoteLink
               (VariableNode "$TyVs")
            )
            (UnquoteLink
               (VariableNode "$P")
            )
            (UnquoteLink
               (VariableNode "$Q")
            )
         )
      )
      (ExecutionOutputLink
         (GroundedSchemaNode "scm: implication-partial-instantiation-formula")
         (ListLink
            (QuoteLink
               (ImplicationScopeLink
                  (UnquoteLink
                     (VariableNode "$TyVs")
                  )
                  (UnquoteLink
                     (VariableNode "$P")
                  )
                  (UnquoteLink
                     (VariableNode "$Q")
                  )
               )
            )
         )
      )
   )
)


.[DEBUG] results = (SetLink
  (EvaluationLink (stv 1.000000 0.960000)
    (PredicateNode "Q") ; [1103054420470118233][1]
    (ListLink
      (ConceptNode "B") ; [241327676611018844][1]
      (ConceptNode "A") ; [6977206836600634430][1]
    ) ; [15458283211017134999][1]
  ) ; [16670643202686237375][1]
  (EvaluationLink (stv 1.000000 0.800000)
    (PredicateNode "Q") ; [1103054420470118233][1]
    (ConceptNode "A") ; [6977206836600634430][1]
  ) ; [17412938865124512614][1]
) ; [14639947498134717755][1]

[DEBUG] expected = (SetLink
  (EvaluationLink (stv 1.000000 0.960000)
    (PredicateNode "Q") ; [1103054420470118233][1]
    (ListLink
      (ConceptNode "B") ; [241327676611018844][1]
      (ConceptNode "A") ; [6977206836600634430][1]
    ) ; [15458283211017134999][1]
  ) ; [16670643202686237375][1]
  (EvaluationLink (stv 1.000000 0.800000)
    (PredicateNode "Q") ; [1103054420470118233][1]
    (ConceptNode "A") ; [6977206836600634430][1]
  ) ; [17412938865124512614][1]
) ; [14639947498134717755][1]

[DEBUG] BEGIN TEST: test_implication_full_instantiation_extra_variables
[DEBUG] [PLNRulesUTest] Loaded "tests/pln/rules/implication-extra-variables.scm":
(EvaluationLink (stv 1 1)
   (PredicateNode "P")
   (ConceptNode "A")
)


[DEBUG] [PLNRulesUTest] Loaded "opencog/pln/rules/wip/implication-instantiation.scm":
(DefineLink
   (DefinedSchemaNode "implication-partial-instantiation-rule")
   (BindLink
      (VariableList
         (TypedVariableLink
            (VariableNode "$TyVs")
            (TypeNode "VariableList")
         )
         (VariableNode "$P")
         (VariableNode "$Q")
      )
      (QuoteLink
         (ImplicationScopeLink
            (UnquoteLink
               (VariableNode "$TyVs")
            )
            (UnquoteLink
               (VariableNode "$P")
            )
            (UnquoteLink
               (VariableNode "$Q")
            )
         )
      )
      (ExecutionOutputLink
         (GroundedSchemaNode "scm: implication-partial-instantiation-formula")
         (ListLink
            (QuoteLink
               (ImplicationScopeLink
                  (UnquoteLink
                     (VariableNode "$TyVs")
                  )
                  (UnquoteLink
                     (VariableNode "$P")
                  )
                  (UnquoteLink
                     (VariableNode "$Q")
                  )
               )
            )
         )
      )
   )
)


[DEBUG] results = (SetLink
  (EvaluationLink (stv 1.000000 0.800000)
    (PredicateNode "Q") ; [1103054420470118233][1]
    (ListLink
      (ConceptNode "A") ; [6977206836600634430][1]
      (ConceptNode "A") ; [6977206836600634430][1]
    ) ; [16381366606159829945][1]
  ) ; [17593726597828932321][1]
) ; [17608820693454717783][1]

.[DEBUG] expected = (SetLink
  (EvaluationLink (stv 1.000000 0.800000)
    (PredicateNode "Q") ; [1103054420470118233][1]
    (ListLink
      (ConceptNode "A") ; [6977206836600634430][1]
      (ConceptNode "A") ; [6977206836600634430][1]
    ) ; [16381366606159829945][1]
  ) ; [17593726597828932321][1]
) ; [17608820693454717783][1]

[DEBUG] BEGIN TEST: test_implication_partial_instantiation
[DEBUG] [PLNRulesUTest] Loaded "tests/pln/rules/simple-implication.scm":
(ImplicationLink (stv 1 1)
   (PredicateNode "P")
   (PredicateNode "Q")
)


[DEBUG] [PLNRulesUTest] Loaded "opencog/pln/rules/wip/implication-instantiation.scm":
(DefineLink
   (DefinedSchemaNode "implication-partial-instantiation-rule")
   (BindLink
      (VariableList
         (TypedVariableLink
            (VariableNode "$TyVs")
            (TypeNode "VariableList")
         )
         (VariableNode "$P")
         (VariableNode "$Q")
      )
      (QuoteLink
         (ImplicationScopeLink
            (UnquoteLink
               (VariableNode "$TyVs")
            )
            (UnquoteLink
               (VariableNode "$P")
            )
            (UnquoteLink
               (VariableNode "$Q")
            )
         )
      )
      (ExecutionOutputLink
         (GroundedSchemaNode "scm: implication-partial-instantiation-formula")
         (ListLink
            (QuoteLink
               (ImplicationScopeLink
                  (UnquoteLink
                     (VariableNode "$TyVs")
                  )
                  (UnquoteLink
                     (VariableNode "$P")
                  )
                  (UnquoteLink
                     (VariableNode "$Q")
                  )
               )
            )
         )
      )
   )
)


[DEBUG] results = (SetLink
  (ImplicationScopeLink (stv 1.000000 1.000000)
    (TypedVariableLink
      (VariableNode "$Y") ; [5319120082979945173][1]
      (TypeNode "ConceptNode") ; [3788696113922021255][1]
    ) ; [15368014373885762288][1]
    (EvaluationLink
      (PredicateNode "P") ; [2213889286841575705][1]
      (ListLink
        (ConceptNode "A") ; [6977206836600634430][1]
        (VariableNode "$Y") ; [5319120082979945173][1]
      ) ; [14723279852539140688][1]
    ) ; [15699702287047236408][1]
    (EvaluationLink
      (PredicateNode "Q") ; [1103054420470118233][1]
      (ListLink
        (VariableNode "$Y") ; [5319120082979945173][1]
        (ConceptNode "A") ; [6977206836600634430][1]
      ) ; [17004735957805739312][1]
    ) ; [18217095949474841688][1]
  ) ; [16343311253396650220][1]
) ; [16358405349022435682][1]

[DEBUG] possible_results_1 = (SetLink
  (ImplicationScopeLink
    (TypedVariableLink
      (VariableNode "$X") ; [6809953386495729144][1]
      (TypeNode "ConceptNode") ; [3788696113922021255][1]
    ) ; [9225281168777978483][1]
    (EvaluationLink
      (PredicateNode "P") ; [2213889286841575705][1]
      (ListLink
        (VariableNode "$X") ; [6809953386495729144][1]
        (ConceptNode "B") ; [241327676611018844][1]
      ) ; [13349495629563115729][1]
    ) ; [14325918064071211449][1]
    (EvaluationLink
      (PredicateNode "Q") ; [1103054420470118233][1]
      (ListLink
        (ConceptNode "B") ; [241327676611018844][1]
        (VariableNode "$X") ; [6809953386495729144][1]
      ) ; [15291029760912229713][1]
    ) ; [16503389752581332089][1]
  ) ; [17950672363692661087][1]
) ; [17965766459318446549][1]

.[DEBUG] possible_results_2 = (SetLink
  (ImplicationScopeLink (stv 1.000000 1.000000)
    (TypedVariableLink
      (VariableNode "$Y") ; [5319120082979945173][1]
      (TypeNode "ConceptNode") ; [3788696113922021255][1]
    ) ; [15368014373885762288][1]
    (EvaluationLink
      (PredicateNode "P") ; [2213889286841575705][1]
      (ListLink
        (ConceptNode "A") ; [6977206836600634430][1]
        (VariableNode "$Y") ; [5319120082979945173][1]
      ) ; [14723279852539140688][1]
    ) ; [15699702287047236408][1]
    (EvaluationLink
      (PredicateNode "Q") ; [1103054420470118233][1]
      (ListLink
        (VariableNode "$Y") ; [5319120082979945173][1]
        (ConceptNode "A") ; [6977206836600634430][1]
      ) ; [17004735957805739312][1]
    ) ; [18217095949474841688][1]
  ) ; [16343311253396650220][1]
) ; [16358405349022435682][1]

[DEBUG] BEGIN TEST: test_implication_scope_to_implication
[DEBUG] [PLNRulesUTest] Loaded "tests/pln/rules/simple-implication.scm":
(ImplicationLink (stv 1 1)
   (PredicateNode "P")
   (PredicateNode "Q")
)


[DEBUG] [PLNRulesUTest] Loaded "opencog/pln/rules/wip/implication-scope-to-implication.scm":
(DefineLink
   (DefinedSchemaNode "implication-scope-to-implication-rule")
   (BindLink
      (VariableList
         (TypedVariableLink
            (VariableNode "$TyVs")
            (TypeChoice
               (TypeNode "TypedVariableLink")
               (TypeNode "VariableList")
            )
         )
         (VariableNode "$P")
         (VariableNode "$Q")
      )
      (QuoteLink
         (ImplicationScopeLink
            (UnquoteLink
               (VariableNode "$TyVs")
            )
            (UnquoteLink
               (VariableNode "$P")
            )
            (UnquoteLink
               (VariableNode "$Q")
            )
         )
      )
      (ExecutionOutputLink
         (GroundedSchemaNode "scm: implication-scope-to-implication-formula")
         (ListLink
            (ImplicationLink
               (QuoteLink
                  (LambdaLink
                     (UnquoteLink
                        (VariableNode "$TyVs")
                     )
                     (UnquoteLink
                        (VariableNode "$P")
                     )
                  )
               )
               (QuoteLink
                  (LambdaLink
                     (UnquoteLink
                        (VariableNode "$TyVs")
                     )
                     (UnquoteLink
                        (VariableNode "$Q")
                     )
                  )
               )
            )
            (QuoteLink
               (ImplicationScopeLink
                  (UnquoteLink
                     (VariableNode "$TyVs")
                  )
                  (UnquoteLink
                     (VariableNode "$P")
                  )
                  (UnquoteLink
                     (VariableNode "$Q")
                  )
               )
            )
         )
      )
   )
)


results = (SetLink
  (ImplicationLink (stv 1.000000 1.000000)
    (LambdaLink
      (TypedVariableLink
        (VariableNode "$X") ; [6809953386495729144][1]
        (TypeNode "ConceptNode") ; [3788696113922021255][1]
      ) ; [9225281168777978483][1]
      (EvaluationLink
        (PredicateNode "dummy-implicant") ; [5139476396159911888][1]
        (VariableNode "$X") ; [6809953386495729144][1]
      ) ; [12097030059961160823][1]
    ) ; [13036451083958029036][1]
    (LambdaLink
      (TypedVariableLink
        (VariableNode "$X") ; [6809953386495729144][1]
        (TypeNode "ConceptNode") ; [3788696113922021255][1]
      ) ; [9225281168777978483][1]
      (EvaluationLink
        (PredicateNode "dummy-implicand") ; [970581742967573218][1]
        (VariableNode "$X") ; [6809953386495729144][1]
      ) ; [12874087057435621833][1]
    ) ; [13813508081432490517][1]
  ) ; [12069697258631621880][1]
  (ImplicationLink (stv 1.000000 1.000000)
    (LambdaLink
      (TypedVariableLink
        (VariableNode "$X") ; [6809953386495729144][1]
        (TypeNode "ConceptNode") ; [3788696113922021255][1]
      ) ; [9225281168777978483][1]
      (EvaluationLink (stv 0.200000 0.900000)
        (PredicateNode "P") ; [2213889286841575705][1]
        (VariableNode "$X") ; [6809953386495729144][1]
      ) ; [17009747857858600672][1]
    ) ; [17949168881855469356][1]
    (LambdaLink
      (TypedVariableLink
        (VariableNode "$X") ; [6809953386495729144][1]
        (TypeNode "ConceptNode") ; [3788696113922021255][1]
      ) ; [9225281168777978483][1]
      (EvaluationLink
        (PredicateNode "Q") ; [1103054420470118233][1]
        (VariableNode "$X") ; [6809953386495729144][1]
      ) ; [17245685415019607328][1]
    ) ; [18185106439016476012][1]
  ) ; [12540286283445173391][1]
  (ImplicationLink (stv 1.000000 1.000000)
    (LambdaLink
      (VariableList
        (TypedVariableLink
          (VariableNode "$X") ; [6809953386495729144][1]
          (TypeNode "ConceptNode") ; [3788696113922021255][1]
        ) ; [9225281168777978483][1]
        (TypedVariableLink
          (VariableNode "$Y") ; [5319120082979945173][1]
          (TypeNode "ConceptNode") ; [3788696113922021255][1]
        ) ; [15368014373885762288][1]
      ) ; [16369752366847415642][1]
      (EvaluationLink (stv 0.040000 0.600000)
        (PredicateNode "P") ; [2213889286841575705][1]
        (ListLink
          (VariableNode "$X") ; [6809953386495729144][1]
          (VariableNode "$Y") ; [5319120082979945173][1]
        ) ; [18427288035932042058][1]
      ) ; [10180338433585361970][1]
    ) ; [18102432007526708032][1]
    (LambdaLink
      (VariableList
        (TypedVariableLink
          (VariableNode "$X") ; [6809953386495729144][1]
          (TypeNode "ConceptNode") ; [3788696113922021255][1]
        ) ; [9225281168777978483][1]
        (TypedVariableLink
          (VariableNode "$Y") ; [5319120082979945173][1]
          (TypeNode "ConceptNode") ; [3788696113922021255][1]
        ) ; [15368014373885762288][1]
      ) ; [16369752366847415642][1]
      (EvaluationLink
        (PredicateNode "Q") ; [1103054420470118233][1]
        (ListLink
          (VariableNode "$Y") ; [5319120082979945173][1]
          (VariableNode "$X") ; [6809953386495729144][1]
        ) ; [16837482507700834026][1]
      ) ; [18049842499369936402][1]
    ) ; [18338369565224583136][1]
  ) ; [17751232556804156823][1]
) ; [15114826446581484788][1]
expected = (SetLink
  (ImplicationLink (stv 1.000000 1.000000)
    (LambdaLink
      (TypedVariableLink
        (VariableNode "$X") ; [6809953386495729144][1]
        (TypeNode "ConceptNode") ; [3788696113922021255][1]
      ) ; [9225281168777978483][1]
      (EvaluationLink
        (PredicateNode "dummy-implicant") ; [5139476396159911888][1]
        (VariableNode "$X") ; [6809953386495729144][1]
      ) ; [12097030059961160823][1]
    ) ; [13036451083958029036][1]
    (LambdaLink
      (TypedVariableLink
        (VariableNode "$X") ; [6809953386495729144][1]
        (TypeNode "ConceptNode") ; [3788696113922021255][1]
      ) ; [9225281168777978483][1]
      (EvaluationLink
        (PredicateNode "dummy-implicand") ; [970581742967573218][1]
        (VariableNode "$X") ; [6809953386495729144][1]
      ) ; [12874087057435621833][1]
    ) ; [13813508081432490517][1]
  ) ; [12069697258631621880][1]
  (ImplicationLink (stv 1.000000 1.000000)
    (LambdaLink
      (TypedVariableLink
        (VariableNode "$X") ; [6809953386495729144][1]
        (TypeNode "ConceptNode") ; [3788696113922021255][1]
      ) ; [9225281168777978483][1]
      (EvaluationLink (stv 0.200000 0.900000)
        (PredicateNode "P") ; [2213889286841575705][1]
        (VariableNode "$X") ; [6809953386495729144][1]
      ) ; [17009747857858600672][1]
    ) ; [17949168881855469356][1]
    (LambdaLink
      (TypedVariableLink
        (VariableNode "$X") ; [6809953386495729144][1]
        (TypeNode "ConceptNode") ; [3788696113922021255][1]
      ) ; [9225281168777978483][1]
      (EvaluationLink
        (PredicateNode "Q") ; [1103054420470118233][1]
        (VariableNode "$X") ; [6809953386495729144][1]
      ) ; [17245685415019607328][1]
    ) ; [18185106439016476012][1]
  ) ; [12540286283445173391][1]
  (ImplicationLink (stv 1.000000 1.000000)
    (LambdaLink
      (VariableList
        (TypedVariableLink
          (VariableNode "$X") ; [6809953386495729144][1]
          (TypeNode "ConceptNode") ; [3788696113922021255][1]
        ) ; [9225281168777978483][1]
        (TypedVariableLink
          (VariableNode "$Y") ; [5319120082979945173][1]
          (TypeNode "ConceptNode") ; [3788696113922021255][1]
        ) ; [15368014373885762288][1]
      ) ; [16369752366847415642][1]
      (EvaluationLink (stv 0.040000 0.600000)
        (PredicateNode "P") ; [2213889286841575705][1]
        (ListLink
          (VariableNode "$X") ; [6809953386495729144][1]
          (VariableNode "$Y") ; [5319120082979945173][1]
        ) ; [18427288035932042058][1]
      ) ; [10180338433585361970][1]
    ) ; [18102432007526708032][1]
    (LambdaLink
      (VariableList
        (TypedVariableLink
          (VariableNode "$X") ; [6809953386495729144][1]
          (TypeNode "ConceptNode") ; [3788696113922021255][1]
        ) ; [9225281168777978483][1]
        (TypedVariableLink
          (VariableNode "$Y") ; [5319120082979945173][1]
          (TypeNode "ConceptNode") ; [3788696113922021255][1]
        ) ; [15368014373885762288][1]
      ) ; [16369752366847415642][1]
      (EvaluationLink
        (PredicateNode "Q") ; [1103054420470118233][1]
        (ListLink
          (VariableNode "$Y") ; [5319120082979945173][1]
          (VariableNode "$X") ; [6809953386495729144][1]
        ) ; [16837482507700834026][1]
      ) ; [18049842499369936402][1]
    ) ; [18338369565224583136][1]
  ) ; [17751232556804156823][1]
) ; [15114826446581484788][1]
.[DEBUG] BEGIN TEST: test_and_lambda_distribution
[DEBUG] [PLNRulesUTest] Loaded "tests/pln/rules/simple-lambda.scm":
(AndLink
   (LambdaLink
      (VariableNode "$X")
      (EvaluationLink (stv 0.4 0.7)
         (PredicateNode "P")
         (ConceptNode "A")
      )
   )
   (LambdaLink (stv 0.6 0.3)
      (VariableNode "$X")
      (AndLink
         (EvaluationLink
            (PredicateNode "P")
            (VariableNode "$X")
         )
         (EvaluationLink
            (PredicateNode "Q")
            (VariableNode "$X")
         )
      )
   )
)


[DEBUG] [PLNRulesUTest] Loaded "opencog/pln/rules/wip/and-lambda-distribution.scm":
(DefineLink
   (DefinedSchemaNode "and-lambda-distribution-rule")
   (BindLink
      (VariableList
         (TypedVariableLink
            (VariableNode "$TyVs")
            (TypeChoice
               (TypeNode "TypedVariableLink")
               (TypeNode "VariableNode")
               (TypeNode "VariableList")
            )
         )
         (TypedVariableLink
            (VariableNode "$And")
            (TypeNode "AndLink")
         )
      )
      (QuoteLink
         (LambdaLink
            (UnquoteLink
               (VariableNode "$TyVs")
            )
            (UnquoteLink
               (VariableNode "$And")
            )
         )
      )
      (ExecutionOutputLink
         (GroundedSchemaNode "scm: and-lambda-distribution-formula")
         (ListLink
            (QuoteLink
               (LambdaLink
                  (UnquoteLink
                     (VariableNode "$TyVs")
                  )
                  (UnquoteLink
                     (VariableNode "$And")
                  )
               )
            )
         )
      )
   )
)


results = (SetLink
  (AndLink (stv 0.600000 0.300000)
    (LambdaLink
      (VariableNode "$X") ; [6809953386495729144][1]
      (EvaluationLink
        (PredicateNode "P") ; [2213889286841575705][1]
        (VariableNode "$X") ; [6809953386495729144][1]
      ) ; [17009747857858600672][1]
    ) ; [17949168881578691228][1]
    (LambdaLink
      (VariableNode "$X") ; [6809953386495729144][1]
      (EvaluationLink
        (PredicateNode "Q") ; [1103054420470118233][1]
        (VariableNode "$X") ; [6809953386495729144][1]
      ) ; [17245685415019607328][1]
    ) ; [18185106438739697884][1]
  ) ; [11716496978150502786][1]
) ; [11731591073776288248][1]
expected = (SetLink
  (AndLink (stv 0.600000 0.300000)
    (LambdaLink
      (VariableNode "$X") ; [6809953386495729144][1]
      (EvaluationLink
        (PredicateNode "P") ; [2213889286841575705][1]
        (VariableNode "$X") ; [6809953386495729144][1]
      ) ; [17009747857858600672][1]
    ) ; [17949168881578691228][1]
    (LambdaLink
      (VariableNode "$X") ; [6809953386495729144][1]
      (EvaluationLink
        (PredicateNode "Q") ; [1103054420470118233][1]
        (VariableNode "$X") ; [6809953386495729144][1]
      ) ; [17245685415019607328][1]
    ) ; [18185106438739697884][1]
  ) ; [11716496978150502786][1]
) ; [11731591073776288248][1]
.[DEBUG] BEGIN TEST: test_implication_implicant_distribution
[DEBUG] [PLNRulesUTest] Loaded "tests/pln/rules/simple-implication.scm":
(ImplicationLink (stv 1 1)
   (PredicateNode "P")
   (PredicateNode "Q")
)


[DEBUG] [PLNRulesUTest] Loaded "opencog/pln/rules/wip/implication-implicant-distribution.scm":
(DefineLink
   (DefinedSchemaNode "implication-implicant-distribution-rule")
   (BindLink
      (VariableList
         (TypedVariableLink
            (VariableNode "$P")
            (TypeChoice
               (TypeNode "PredicateNode")
               (TypeNode "LambdaLink")
            )
         )
         (TypedVariableLink
            (VariableNode "$Q")
            (TypeChoice
               (TypeNode "PredicateNode")
               (TypeNode "LambdaLink")
            )
         )
      )
      (AndLink
         (ImplicationLink
            (VariableNode "$P")
            (VariableNode "$Q")
         )
         (EvaluationLink
            (GroundedPredicateNode "scm: gt-zero-confidence")
            (ImplicationLink
               (VariableNode "$P")
               (VariableNode "$Q")
            )
         )
      )
      (ExecutionOutputLink
         (GroundedSchemaNode "scm: implication-implicant-distribution-formula")
         (ListLink
            (ImplicationLink
               (VariableNode "$P")
               (AndLink
                  (VariableNode "$P")
                  (VariableNode "$Q")
               )
            )
            (ImplicationLink
               (VariableNode "$P")
               (VariableNode "$Q")
            )
         )
      )
   )
)


results = (SetLink
  (ImplicationLink (stv 1.000000 1.000000)
    (PredicateNode "P") ; [2213889286841575705][1]
    (AndLink
      (PredicateNode "Q") ; [1103054420470118233][1]
      (PredicateNode "P") ; [2213889286841575705][1]
    ) ; [11672568894665571868][1]
  ) ; [12495728204357999820][1]
) ; [12510822299983785282][1]
expected = (SetLink
  (ImplicationLink (stv 1.000000 1.000000)
    (PredicateNode "P") ; [2213889286841575705][1]
    (AndLink
      (PredicateNode "Q") ; [1103054420470118233][1]
      (PredicateNode "P") ; [2213889286841575705][1]
    ) ; [11672568894665571868][1]
  ) ; [12495728204357999820][1]
) ; [12510822299983785282][1]
.[DEBUG] BEGIN TEST: test_implication_introduction
[DEBUG] [PLNRulesUTest] Loaded "tests/pln/rules/simple-predicates.scm":
(PredicateNode "Q" (stv 0.6 1))


[DEBUG] [PLNRulesUTest] Loaded "opencog/pln/rules/wip/implication-introduction.scm":
(DefineLink
   (DefinedSchemaNode "implication-introduction-rule")
   (BindLink
      (VariableList
         (TypedVariableLink
            (VariableNode "$P")
            (TypeChoice
               (TypeNode "PredicateNode")
               (TypeNode "LambdaLink")
            )
         )
         (TypedVariableLink
            (VariableNode "$Q")
            (TypeChoice
               (TypeNode "PredicateNode")
               (TypeNode "LambdaLink")
            )
         )
      )
      (AndLink
         (VariableNode "$P")
         (VariableNode "$Q")
         (NotLink
            (EqualLink
               (VariableNode "$P")
               (VariableNode "$Q")
            )
         )
         (EvaluationLink
            (GroundedPredicateNode "scm: implication-introduction-precondition")
            (ListLink
               (VariableNode "$P")
               (VariableNode "$Q")
            )
         )
      )
      (ExecutionOutputLink
         (GroundedSchemaNode "scm: implication-introduction-formula")
         (ListLink
            (ImplicationLink
               (VariableNode "$P")
               (VariableNode "$Q")
            )
            (VariableNode "$P")
            (VariableNode "$Q")
         )
      )
   )
)


results = (SetLink
  (ImplicationLink (stv 0.600000 1.000000)
    (PredicateNode "P" (stv 0.200000 1.000000)) ; [2213889286841575705][1]
    (PredicateNode "Q" (stv 0.600000 1.000000)) ; [1103054420470118233][1]
  ) ; [11149585767017321993][1]
  (ImplicationLink (stv 0.200000 1.000000)
    (PredicateNode "Q" (stv 0.600000 1.000000)) ; [1103054420470118233][1]
    (PredicateNode "P" (stv 0.200000 1.000000)) ; [2213889286841575705][1]
  ) ; [12496358190549786121][1]
) ; [11995912183581299816][1]
expected = (SetLink
  (ImplicationLink (stv 0.600000 1.000000)
    (PredicateNode "P" (stv 0.200000 1.000000)) ; [2213889286841575705][1]
    (PredicateNode "Q" (stv 0.600000 1.000000)) ; [1103054420470118233][1]
  ) ; [11149585767017321993][1]
  (ImplicationLink (stv 0.200000 1.000000)
    (PredicateNode "Q" (stv 0.600000 1.000000)) ; [1103054420470118233][1]
    (PredicateNode "P" (stv 0.200000 1.000000)) ; [2213889286841575705][1]
  ) ; [12496358190549786121][1]
) ; [11995912183581299816][1]
.[DEBUG] BEGIN TEST: test_closed_lambda_introduction
[DEBUG] [PLNRulesUTest] Loaded "tests/pln/rules/simple-lambda.scm":
(AndLink
   (LambdaLink
      (VariableNode "$X")
      (EvaluationLink (stv 0.4 0.7)
         (PredicateNode "P")
         (ConceptNode "A")
      )
   )
   (LambdaLink (stv 0.6 0.3)
      (VariableNode "$X")
      (AndLink
         (EvaluationLink
            (PredicateNode "P")
            (VariableNode "$X")
         )
         (EvaluationLink
            (PredicateNode "Q")
            (VariableNode "$X")
         )
      )
   )
)


[DEBUG] [PLNRulesUTest] Loaded "opencog/pln/rules/wip/closed-lambda-introduction.scm":
(DefineLink
   (DefinedSchemaNode "closed-lambda-introduction-rule")
   (BindLink
      (VariableList
         (TypedVariableLink
            (VariableNode "$V")
            (TypeChoice
               (TypeNode "TypedVariableLink")
               (TypeNode "VariableList")
               (TypeNode "VariableNode")
            )
         )
         (TypedVariableLink
            (VariableNode "$B")
            (TypeNode "EvaluationLink")
         )
      )
      (AndLink
         (VariableNode "$V")
         (VariableNode "$B")
         (EvaluationLink
            (GroundedPredicateNode "scm: closed-lambda-introduction-precondition")
            (VariableNode "$B")
         )
      )
      (ExecutionOutputLink
         (GroundedSchemaNode "scm: closed-lambda-introduction-formula")
         (ListLink
            (QuoteLink
               (LambdaLink
                  (UnquoteLink
                     (VariableNode "$V")
                  )
                  (UnquoteLink
                     (VariableNode "$B")
                  )
               )
            )
            (VariableNode "$B")
         )
      )
   )
)


results = (SetLink
  (LambdaLink (stv 0.400000 0.700000)
    (VariableNode "$X") ; [6809953386495729144][1]
    (EvaluationLink (stv 0.400000 0.700000)
      (PredicateNode "P") ; [2213889286841575705][1]
      (ConceptNode "A") ; [6977206836600634430][1]
    ) ; [17177001307963505958][1]
  ) ; [15703003681307772240][1]
  (LambdaLink (stv 0.400000 0.700000)
    (TypedVariableLink
      (VariableNode "$B") ; [4905990271079964112][1]
      (TypeNode "EvaluationLink") ; [9191314558674562418][1]
    ) ; [16360721062793704246][1]
    (EvaluationLink (stv 0.400000 0.700000)
      (PredicateNode "P") ; [2213889286841575705][1]
      (ConceptNode "A") ; [6977206836600634430][1]
    ) ; [17177001307963505958][1]
  ) ; [15703003682847350577][1]
  (LambdaLink (stv 0.400000 0.700000)
    (TypedVariableLink
      (VariableNode "$V") ; [4586185897468188423][1]
      (TypeChoice
        (TypeNode "TypedVariableLink") ; [1359961696412228875][1]
        (TypeNode "VariableList") ; [7312217543151217883][1]
        (TypeNode "VariableNode") ; [5990260802578042438][1]
      ) ; [13298594162570589437][1]
    ) ; [9914456337501133528][1]
    (EvaluationLink (stv 0.400000 0.700000)
      (PredicateNode "P") ; [2213889286841575705][1]
      (ConceptNode "A") ; [6977206836600634430][1]
    ) ; [17177001307963505958][1]
  ) ; [15703003684853992005][1]
  (LambdaLink (stv 0.400000 0.700000)
    (VariableList
      (TypedVariableLink
        (VariableNode "$V") ; [4586185897468188423][1]
        (TypeChoice
          (TypeNode "TypedVariableLink") ; [1359961696412228875][1]
          (TypeNode "VariableList") ; [7312217543151217883][1]
          (TypeNode "VariableNode") ; [5990260802578042438][1]
        ) ; [13298594162570589437][1]
      ) ; [9914456337501133528][1]
      (TypedVariableLink
        (VariableNode "$B") ; [4905990271079964112][1]
        (TypeNode "EvaluationLink") ; [9191314558674562418][1]
      ) ; [16360721062793704246][1]
    ) ; [12435123513055146661][1]
    (EvaluationLink (stv 0.400000 0.700000)
      (PredicateNode "P") ; [2213889286841575705][1]
      (ConceptNode "A") ; [6977206836600634430][1]
    ) ; [17177001307963505958][1]
  ) ; [15856266806782638504][1]
) ; [12291965199335687172][1]
expected = (LambdaLink (stv 0.400000 0.700000)
  (VariableNode "$X") ; [6809953386495729144][1]
  (EvaluationLink (stv 0.400000 0.700000)
    (PredicateNode "P") ; [2213889286841575705][1]
    (ConceptNode "A") ; [6977206836600634430][1]
  ) ; [17177001307963505958][1]
) ; [15703003681307772240][1]
.[DEBUG] BEGIN TEST: test_equivalence_to_implication
[DEBUG] [PLNRulesUTest] Loaded "tests/pln/rules/simple-equivalence.scm":
(EquivalenceLink (stv 0.6 0.7)
   (PredicateNode "Q" (stv 0.12 0.4))
   (PredicateNode "P" (stv 0.1 0.5))
)


[DEBUG] [PLNRulesUTest] Loaded "opencog/pln/rules/wip/equivalence-to-implication.scm":
(DefineLink
   (DefinedSchemaNode "equivalence-to-implication-rule")
   (BindLink
      (VariableList
         (VariableNode "$A")
         (VariableNode "$B")
      )
      (AndLink
         (EvaluationLink
            (GroundedPredicateNode "scm: gt-zero-confidence")
            (EquivalenceLink
               (VariableNode "$A")
               (VariableNode "$B")
            )
         )
         (EquivalenceLink
            (VariableNode "$A")
            (VariableNode "$B")
         )
      )
      (ExecutionOutputLink
         (GroundedSchemaNode "scm: equivalence-to-implication-formula")
         (ListLink
            (ImplicationLink
               (VariableNode "$A")
               (VariableNode "$B")
            )
            (EquivalenceLink
               (VariableNode "$A")
               (VariableNode "$B")
            )
         )
      )
   )
)


results = (SetLink
  (ImplicationLink (stv 0.825000 0.700000)
    (PredicateNode "P" (stv 0.100000 0.500000)) ; [2213889286841575705][1]
    (PredicateNode "Q" (stv 0.120000 0.400000)) ; [1103054420470118233][1]
  ) ; [11149585767017321993][1]
  (ImplicationLink (stv 0.687500 0.700000)
    (PredicateNode "Q" (stv 0.120000 0.400000)) ; [1103054420470118233][1]
    (PredicateNode "P" (stv 0.100000 0.500000)) ; [2213889286841575705][1]
  ) ; [12496358190549786121][1]
) ; [11995912183581299816][1]
expected = (SetLink
  (ImplicationLink (stv 0.825000 0.700000)
    (PredicateNode "P" (stv 0.100000 0.500000)) ; [2213889286841575705][1]
    (PredicateNode "Q" (stv 0.120000 0.400000)) ; [1103054420470118233][1]
  ) ; [11149585767017321993][1]
  (ImplicationLink (stv 0.687500 0.700000)
    (PredicateNode "Q" (stv 0.120000 0.400000)) ; [1103054420470118233][1]
    (PredicateNode "P" (stv 0.100000 0.500000)) ; [2213889286841575705][1]
  ) ; [12496358190549786121][1]
) ; [11995912183581299816][1]
.[DEBUG] BEGIN TEST: test_implication_and_lambda_factorization
[DEBUG] [PLNRulesUTest] Loaded "tests/pln/rules/simple-lambda.scm":
(AndLink
   (LambdaLink
      (VariableNode "$X")
      (EvaluationLink (stv 0.4 0.7)
         (PredicateNode "P")
         (ConceptNode "A")
      )
   )
   (LambdaLink (stv 0.6 0.3)
      (VariableNode "$X")
      (AndLink
         (EvaluationLink
            (PredicateNode "P")
            (VariableNode "$X")
         )
         (EvaluationLink
            (PredicateNode "Q")
            (VariableNode "$X")
         )
      )
   )
)


[DEBUG] [PLNRulesUTest] Loaded "opencog/pln/rules/wip/implication-and-lambda-factorization.scm":
(DefineLink
   (DefinedSchemaNode "implication-and-lambda-factorization-rule")
   (BindLink
      (VariableList
         (TypedVariableLink
            (VariableNode "$TyVs")
            (TypeChoice
               (TypeNode "TypedVariableLink")
               (TypeNode "VariableNode")
               (TypeNode "VariableList")
            )
         )
         (TypedVariableLink
            (VariableNode "$A1")
            (TypeNode "EvaluationLink")
         )
         (TypedVariableLink
            (VariableNode "$A2")
            (TypeNode "EvaluationLink")
         )
      )
      (LocalQuoteLink
         (AndLink
            (QuoteLink
               (LambdaLink
                  (UnquoteLink
                     (VariableNode "$TyVs")
                  )
                  (UnquoteLink
                     (VariableNode "$A2")
                  )
               )
            )
            (QuoteLink
               (LambdaLink
                  (UnquoteLink
                     (VariableNode "$TyVs")
                  )
                  (UnquoteLink
                     (VariableNode "$A1")
                  )
               )
            )
         )
      )
      (ExecutionOutputLink
         (GroundedSchemaNode "scm: implication-and-lambda-factorization-formula")
         (ImplicationLink
            (AndLink
               (QuoteLink
                  (LambdaLink
                     (UnquoteLink
                        (VariableNode "$TyVs")
                     )
                     (UnquoteLink
                        (VariableNode "$A2")
                     )
                  )
               )
               (QuoteLink
                  (LambdaLink
                     (UnquoteLink
                        (VariableNode "$TyVs")
                     )
                     (UnquoteLink
                        (VariableNode "$A1")
                     )
                  )
               )
            )
            (QuoteLink
               (LambdaLink
                  (UnquoteLink
                     (VariableNode "$TyVs")
                  )
                  (UnquoteLink
                     (AndLink
                        (VariableNode "$A2")
                        (VariableNode "$A1")
                     )
                  )
               )
            )
         )
      )
   )
)


results = (SetLink
  (ImplicationLink (stv 1.000000 1.000000)
    (AndLink
      (LambdaLink
        (VariableNode "$X") ; [6809953386495729144][1]
        (EvaluationLink
          (PredicateNode "P") ; [2213889286841575705][1]
          (VariableNode "$X") ; [6809953386495729144][1]
        ) ; [17009747857858600672][1]
      ) ; [17949168881578691228][1]
      (LambdaLink
        (VariableNode "$X") ; [6809953386495729144][1]
        (EvaluationLink
          (PredicateNode "Q") ; [1103054420470118233][1]
          (VariableNode "$X") ; [6809953386495729144][1]
        ) ; [17245685415019607328][1]
      ) ; [18185106438739697884][1]
    ) ; [11716496978150502786][1]
    (LambdaLink (stv 0.600000 0.300000)
      (VariableNode "$X") ; [6809953386495729144][1]
      (AndLink
        (EvaluationLink
          (PredicateNode "P") ; [2213889286841575705][1]
          (VariableNode "$X") ; [6809953386495729144][1]
        ) ; [17009747857858600672][1]
        (EvaluationLink
          (PredicateNode "Q") ; [1103054420470118233][1]
          (VariableNode "$X") ; [6809953386495729144][1]
        ) ; [17245685415019607328][1]
      ) ; [16669670319086527114][1]
    ) ; [17456476609709368689][1]
  ) ; [18271040479534012842][1]
) ; [18286134575159798304][1]
expected = (SetLink
  (ImplicationLink (stv 1.000000 1.000000)
    (AndLink
      (LambdaLink
        (VariableNode "$X") ; [6809953386495729144][1]
        (EvaluationLink
          (PredicateNode "P") ; [2213889286841575705][1]
          (VariableNode "$X") ; [6809953386495729144][1]
        ) ; [17009747857858600672][1]
      ) ; [17949168881578691228][1]
      (LambdaLink
        (VariableNode "$X") ; [6809953386495729144][1]
        (EvaluationLink
          (PredicateNode "Q") ; [1103054420470118233][1]
          (VariableNode "$X") ; [6809953386495729144][1]
        ) ; [17245685415019607328][1]
      ) ; [18185106438739697884][1]
    ) ; [11716496978150502786][1]
    (LambdaLink (stv 0.600000 0.300000)
      (VariableNode "$X") ; [6809953386495729144][1]
      (AndLink
        (EvaluationLink
          (PredicateNode "P") ; [2213889286841575705][1]
          (VariableNode "$X") ; [6809953386495729144][1]
        ) ; [17009747857858600672][1]
        (EvaluationLink
          (PredicateNode "Q") ; [1103054420470118233][1]
          (VariableNode "$X") ; [6809953386495729144][1]
        ) ; [17245685415019607328][1]
      ) ; [16669670319086527114][1]
    ) ; [17456476609709368689][1]
  ) ; [18271040479534012842][1]
) ; [18286134575159798304][1]
.[DEBUG] BEGIN TEST: test_implication_implicant_conjunction
[DEBUG] [PLNRulesUTest] Loaded "tests/pln/rules/simple-implication-implicant-conjunction.scm":
(ImplicationLink (stv 0.2 0.6)
   (PredicateNode "P2" (stv 0.01 0.7))
   (PredicateNode "Q" (stv 0.05 0.8))
)


[DEBUG] [PLNRulesUTest] Loaded "opencog/pln/rules/wip/implication-implicant-conjunction.scm":
(DefineLink
   (DefinedSchemaNode "implication-implicant-conjunction-rule")
   (BindLink
      (VariableList
         (TypedVariableLink
            (VariableNode "$A")
            (TypeChoice
               (TypeNode "PredicateNode")
               (TypeNode "LambdaLink")
            )
         )
         (TypedVariableLink
            (VariableNode "$B")
            (TypeChoice
               (TypeNode "PredicateNode")
               (TypeNode "LambdaLink")
            )
         )
         (TypedVariableLink
            (VariableNode "$C")
            (TypeChoice
               (TypeNode "PredicateNode")
               (TypeNode "LambdaLink")
            )
         )
      )
      (AndLink
         (ImplicationLink
            (VariableNode "$B")
            (VariableNode "$C")
         )
         (ImplicationLink
            (VariableNode "$A")
            (VariableNode "$C")
         )
         (NotLink
            (EqualLink
               (VariableNode "$A")
               (VariableNode "$B")
            )
         )
      )
      (ExecutionOutputLink
         (GroundedSchemaNode "scm: implication-implicant-conjunction-formula")
         (ListLink
            (ImplicationLink
               (AndLink
                  (VariableNode "$A")
                  (VariableNode "$B")
               )
               (VariableNode "$C")
            )
            (VariableNode "$A")
            (VariableNode "$B")
            (VariableNode "$C")
            (ImplicationLink
               (VariableNode "$A")
               (VariableNode "$C")
            )
            (ImplicationLink
               (VariableNode "$B")
               (VariableNode "$C")
            )
         )
      )
   )
)


results = (SetLink
  (ImplicationLink (stv 0.400000 0.600000)
    (AndLink (stv 0.000200 0.600000)
      (PredicateNode "P2" (stv 0.010000 0.700000)) ; [1258862597075794181][1]
      (PredicateNode "P1" (stv 0.020000 0.600000)) ; [6016309567546459597][1]
    ) ; [11393286966502986236][1]
    (PredicateNode "Q" (stv 0.050000 0.800000)) ; [1103054420470118233][1]
  ) ; [9698431979636267852][1]
) ; [9713526075262053314][1]
expected = (SetLink
  (ImplicationLink (stv 0.400000 0.600000)
    (AndLink (stv 0.000200 0.600000)
      (PredicateNode "P2" (stv 0.010000 0.700000)) ; [1258862597075794181][1]
      (PredicateNode "P1" (stv 0.020000 0.600000)) ; [6016309567546459597][1]
    ) ; [11393286966502986236][1]
    (PredicateNode "Q" (stv 0.050000 0.800000)) ; [1103054420470118233][1]
  ) ; [9698431979636267852][1]
) ; [9713526075262053314][1]
.[DEBUG] BEGIN TEST: test_implication_direct_evaluation
;;; note: auto-compilation is enabled, set GUILE_AUTO_COMPILE=0
;;;       or pass the --no-auto-compile argument to disable.
;;; compiling /home/opencog/opencog/tests/pln/rules/simple-assertions.scm
;;; compiled /home/jenkins/.cache/guile/ccache/2.0-LE-8-2.0/home/opencog/opencog/tests/pln/rules/simple-assertions.scm.go
;;; compiling /home/opencog/opencog/tests/pln/rules/simple-predicates.scm
;;; compiled /home/jenkins/.cache/guile/ccache/2.0-LE-8-2.0/home/opencog/opencog/tests/pln/rules/simple-predicates.scm.go
;;; compiling /home/opencog/opencog/opencog/pln/rules/wip/and-introduction.scm
;;; compiled /home/jenkins/.cache/guile/ccache/2.0-LE-8-2.0/home/opencog/opencog/opencog/pln/rules/wip/and-introduction.scm.go
;;; compiling /home/opencog/opencog/opencog/pln/rules/wip/or-introduction.scm
;;; compiled /home/jenkins/.cache/guile/ccache/2.0-LE-8-2.0/home/opencog/opencog/opencog/pln/rules/wip/or-introduction.scm.go
;;; compiling /home/opencog/opencog/opencog/pln/rules/wip/not-introduction.scm
;;; compiled /home/jenkins/.cache/guile/ccache/2.0-LE-8-2.0/home/opencog/opencog/opencog/pln/rules/wip/not-introduction.scm.go
;;; compiling /home/opencog/opencog/tests/pln/rules/simple-forall.scm
;;; compiled /home/jenkins/.cache/guile/ccache/2.0-LE-8-2.0/home/opencog/opencog/tests/pln/rules/simple-forall.scm.go
;;; compiling /home/opencog/opencog/opencog/pln/rules/wip/forall-instantiation.scm
;;; opencog/pln/rules/wip/forall-instantiation.scm:89:24: warning: possibly unbound variable `select-substitution-term'
;;; opencog/pln/rules/wip/forall-instantiation.scm:93:24: warning: possibly unbound variable `select-substitution-terms'
;;; opencog/pln/rules/wip/forall-instantiation.scm:146:26: warning: possibly unbound variable `select-rm-rnd-outgoing'
;;; opencog/pln/rules/wip/forall-instantiation.scm:151:16: warning: possibly unbound variable `select-substitution-term'
;;; compiled /home/jenkins/.cache/guile/ccache/2.0-LE-8-2.0/home/opencog/opencog/opencog/pln/rules/wip/forall-instantiation.scm.go
;;; compiling /home/opencog/opencog/opencog/pln/rules/wip/forall-implication-to-higher-order.scm
;;; compiled /home/jenkins/.cache/guile/ccache/2.0-LE-8-2.0/home/opencog/opencog/opencog/pln/rules/wip/forall-implication-to-higher-order.scm.go
;;; compiling /home/opencog/opencog/tests/pln/rules/simple-implication.scm
;;; compiled /home/jenkins/.cache/guile/ccache/2.0-LE-8-2.0/home/opencog/opencog/tests/pln/rules/simple-implication.scm.go
;;; compiling /home/opencog/opencog/tests/pln/rules/implication-extra-variables.scm
;;; compiled /home/jenkins/.cache/guile/ccache/2.0-LE-8-2.0/home/opencog/opencog/tests/pln/rules/implication-extra-variables.scm.go
;;; compiling /home/opencog/opencog/tests/pln/rules/simple-lambda.scm
;;; compiled /home/jenkins/.cache/guile/ccache/2.0-LE-8-2.0/home/opencog/opencog/tests/pln/rules/simple-lambda.scm.go
;;; compiling /home/opencog/opencog/opencog/pln/rules/wip/closed-lambda-introduction.scm
;;; compiled /home/jenkins/.cache/guile/ccache/2.0-LE-8-2.0/home/opencog/opencog/opencog/pln/rules/wip/closed-lambda-introduction.scm.go
;;; compiling /home/opencog/opencog/tests/pln/rules/simple-equivalence.scm
;;; compiled /home/jenkins/.cache/guile/ccache/2.0-LE-8-2.0/home/opencog/opencog/tests/pln/rules/simple-equivalence.scm.go
;;; compiling /home/opencog/opencog/tests/pln/rules/simple-implication-implicant-conjunction.scm
;;; compiled /home/jenkins/.cache/guile/ccache/2.0-LE-8-2.0/home/opencog/opencog/tests/pln/rules/simple-implication-implicant-conjunction.scm.go
;;; compiling /home/opencog/opencog/opencog/pln/rules/wip/implication-implicant-conjunction.scm
;;; compiled /home/jenkins/.cache/guile/ccache/2.0-LE-8-2.0/home/opencog/opencog/opencog/pln/rules/wip/implication-implicant-conjunction.scm.go
;;; compiling /home/opencog/opencog/opencog/pln/rules/wip/formulas.scm
;;; compiled /home/jenkins/.cache/guile/ccache/2.0-LE-8-2.0/home/opencog/opencog/opencog/pln/rules/wip/formulas.scm.go
;;; compiling /home/opencog/opencog/tests/pln/rules/implication-direct-evaluation.scm
;;; compiled /home/jenkins/.cache/guile/ccache/2.0-LE-[DEBUG] [PLNRulesUTest] Loaded "tests/pln/rules/implication-direct-evaluation.scm":
(EvaluationLink (stv 1 1)
   (PredicateNode "Q")
   (ConceptNode "E")
)


[DEBUG] [PLNRulesUTest] Loaded "opencog/pln/rules/wip/implication-direct-evaluation.scm":
(DefineLink
   (DefinedSchemaNode "implication-direct-evaluation-rule")
   (BindLink
      (VariableList
         (TypedVariableLink
            (VariableNode "$P")
            (TypeNode "PredicateNode")
         )
         (TypedVariableLink
            (VariableNode "$Q")
            (TypeNode "PredicateNode")
         )
         (TypedVariableLink
            (VariableNode "$X")
            (TypeNode "ConceptNode")
         )
      )
      (AndLink
         (EvaluationLink
            (VariableNode "$P")
            (VariableNode "$X")
         )
         (NotLink
            (EqualLink
               (VariableNode "$P")
               (VariableNode "$Q")
            )
         )
         (EvaluationLink
            (VariableNode "$Q")
            (VariableNode "$X")
         )
      )
      (ExecutionOutputLink
         (GroundedSchemaNode "scm: implication-direct-evaluation-formula")
         (ListLink
            (VariableNode "$P")
            (VariableNode "$Q")
         )
      )
   )
)


results = (SetLink
  (ImplicationLink (stv 0.666667 0.003750)
    (PredicateNode "P") ; [2213889286841575705][1]
    (PredicateNode "Q") ; [1103054420470118233][1]
  ) ; [11149585767017321993][1]
  (ImplicationLink (stv 0.500000 0.005000)
    (PredicateNode "Q") ; [1103054420470118233][1]
    (PredicateNode "P") ; [2213889286841575705][1]
  ) ; [12496358190549786121][1]
) ; [11995912183581299816][1]
expected = (SetLink
  (ImplicationLink (stv 0.666667 0.003750)
    (PredicateNode "P") ; [2213889286841575705][1]
    (PredicateNode "Q") ; [1103054420470118233][1]
  ) ; [11149585767017321993][1]
  (ImplicationLink (stv 0.500000 0.005000)
    (PredicateNode "Q") ; [1103054420470118233][1]
    (PredicateNode "P") ; [2213889286841575705][1]
  ) ; [12496358190549786121][1]
) ; [11995912183581299816][1]
.[DEBUG] BEGIN TEST: test_conditional_full_instantiation_meta_rule
[DEBUG] [PLNRulesUTest] Loaded "tests/pln/rules/simple-implication-scope.scm":
(ImplicationScopeLink (stv 1 1)
   (TypedVariableLink
      (VariableNode "$X")
      (TypeNode "ConceptNode")
   )
   (EvaluationLink
      (PredicateNode "P")
      (VariableNode "$X")
   )
   (EvaluationLink
      (PredicateNode "Q")
      (VariableNode "$X")
   )
)


[DEBUG] [PLNRulesUTest] Loaded "opencog/pln/meta-rules/predicate/conditional-full-instantiation.scm":
(DefineLink
   (DefinedSchemaNode "conditional-full-instantiation-inheritance-meta-rule")
   (BindLink
      (VariableList
         (TypedVariableLink
            (VariableNode "$A")
            (TypeNode "ConceptNode")
         )
         (TypedVariableLink
            (VariableNode "$B")
            (TypeNode "ConceptNode")
         )
      )
      (AndLink
         (EvaluationLink
            (GroundedPredicateNode "scm: gt-zero-confidence")
            (InheritanceLink
               (VariableNode "$A")
               (VariableNode "$B")
            )
         )
         (InheritanceLink
            (VariableNode "$A")
            (VariableNode "$B")
         )
      )
      (QuoteLink
         (BindLink
            (VariableNode "$X")
            (AndLink
               (EvaluationLink
                  (GroundedPredicateNode "scm: gt-zero-confidence")
                  (MemberLink
                     (VariableNode "$X")
                     (UnquoteLink
                        (VariableNode "$A")
                     )
                  )
               )
               (MemberLink
                  (VariableNode "$X")
                  (UnquoteLink
                     (VariableNode "$A")
                  )
               )
            )
            (ExecutionOutputLink
               (GroundedSchemaNode "scm: conditional-full-instantiation-formula")
               (ListLink
                  (MemberLink
                     (VariableNode "$X")
                     (UnquoteLink
                        (VariableNode "$B")
                     )
                  )
                  (MemberLink
                     (VariableNode "$X")
                     (UnquoteLink
                        (VariableNode "$A")
                     )
                  )
                  (InheritanceLink
                     (UnquoteLink
                        (VariableNode "$A")
                     )
                     (UnquoteLink
                        (VariableNode "$B")
                     )
                  )
               )
            )
         )
      )
   )
)


results = (SetLink
  (BindLink
    (TypedVariableLink
      (VariableNode "$X") ; [6809953386495729144][1]
      (TypeNode "ConceptNode") ; [3788696113922021255][1]
    ) ; [9225281168777978483][1]
    (AndLink
      (EvaluationLink
        (GroundedPredicateNode "scm: gt-zero-confidence") ; [2096565403849494700][1]
        (EvaluationLink
          (PredicateNode "P") ; [2213889286841575705][1]
          (VariableNode "$X") ; [6809953386495729144][1]
        ) ; [17009747857858600672][1]
      ) ; [14114482153628023227][1]
      (EvaluationLink
        (PredicateNode "P") ; [2213889286841575705][1]
        (VariableNode "$X") ; [6809953386495729144][1]
      ) ; [17009747857858600672][1]
    ) ; [13123684890864222853][1]
    (ExecutionOutputLink
      (GroundedSchemaNode "scm: conditional-full-instantiation-scope-formula") ; [4493803386725613298][1]
      (ListLink
        (EvaluationLink
          (PredicateNode "Q") ; [1103054420470118233][1]
          (VariableNode "$X") ; [6809953386495729144][1]
        ) ; [17245685415019607328][1]
        (EvaluationLink
          (PredicateNode "P") ; [2213889286841575705][1]
          (VariableNode "$X") ; [6809953386495729144][1]
        ) ; [17009747857858600672][1]
        (ImplicationScopeLink (stv 1.000000 1.000000)
          (TypedVariableLink
            (VariableNode "$X") ; [6809953386495729144][1]
            (TypeNode "ConceptNode") ; [3788696113922021255][1]
          ) ; [9225281168777978483][1]
          (EvaluationLink
            (PredicateNode "P") ; [2213889286841575705][1]
            (VariableNode "$X") ; [6809953386495729144][1]
          ) ; [17009747857858600672][1]
          (EvaluationLink
            (PredicateNode "Q") ; [1103054420470118233][1]
            (VariableNode "$X") ; [6809953386495729144][1]
          ) ; [17245685415019607328][1]
        ) ; [11246417726306593584][1]
      ) ; [10331289160163372621][1]
    ) ; [13313479423463298105][1]
  ) ; [17114744695775993775][1]
) ; [17129838791401779237][1]
expected = (SetLink
  (BindLink
    (TypedVariableLink
      (VariableNode "$X") ; [6809953386495729144][1]
      (TypeNode "ConceptNode") ; [3788696113922021255][1]
    ) ; [9225281168777978483][1]
    (AndLink
      (EvaluationLink
        (GroundedPredicateNode "scm: gt-zero-confidence") ; [2096565403849494700][1]
        (EvaluationLink
          (PredicateNode "P") ; [2213889286841575705][1]
          (VariableNode "$X") ; [6809953386495729144][1]
        ) ; [17009747857858600672][1]
      ) ; [14114482153628023227][1]
      (EvaluationLink
        (PredicateNode "P") ; [2213889286841575705][1]
        (VariableNode "$X") ; [6809953386495729144][1]
      ) ; [17009747857858600672][1]
    ) ; [13123684890864222853][1]
    (ExecutionOutputLink
      (GroundedSchemaNode "scm: conditional-full-instantiation-scope-formula") ; [4493803386725613298][1]
      (ListLink
        (EvaluationLink
          (PredicateNode "Q") ; [1103054420470118233][1]
          (VariableNode "$X") ; [6809953386495729144][1]
        ) ; [17245685415019607328][1]
        (EvaluationLink
          (PredicateNode "P") ; [2213889286841575705][1]
          (VariableNode "$X") ; [6809953386495729144][1]
        ) ; [17009747857858600672][1]
        (ImplicationScopeLink (stv 1.000000 1.000000)
          (TypedVariableLink
            (VariableNode "$X") ; [6809953386495729144][1]
            (TypeNode "ConceptNode") ; [3788696113922021255][1]
          ) ; [9225281168777978483][1]
          (EvaluationLink
            (PredicateNode "P") ; [2213889286841575705][1]
            (VariableNode "$X") ; [6809953386495729144][1]
          ) ; [17009747857858600672][1]
          (EvaluationLink
            (PredicateNode "Q") ; [1103054420470118233][1]
            (VariableNode "$X") ; [6809953386495729144][1]
          ) ; [17245685415019607328][1]
        ) ; [11246417726306593584][1]
      ) ; [10331289160163372621][1]
    ) ; [13313479423463298105][1]
  ) ; [17114744695775993775][1]
) ; [17129838791401779237][1]
.[DEBUG] BEGIN TEST: test_consequent_disjunction_elimination
[DEBUG] [PLNRulesUTest] Loaded "tests/pln/rules/simple-consequent-disjunction-elimination.scm":
(ImplicationLink (stv 0.2 0.6)
   (PredicateNode "P" (stv 0.02 0.6))
   (PredicateNode "Q2" (stv 0.05 0.8))
)


[DEBUG] [PLNRulesUTest] Loaded "opencog/pln/rules/propositional/consequent-disjunction-elimination.scm":
(DefineLink
   (DefinedSchemaNode "consequent-disjunction-elimination-implication-rule")
   (BindLink
      (VariableList
         (TypedVariableLink
            (VariableNode "$A")
            (TypeChoice
               (TypeNode "PredicateNode")
               (TypeNode "LambdaLink")
               (TypeNode "AndLink")
               (TypeNode "OrLink")
               (TypeNode "NotLink")
            )
         )
         (TypedVariableLink
            (VariableNode "$B")
            (TypeChoice
               (TypeNode "PredicateNode")
               (TypeNode "LambdaLink")
               (TypeNode "AndLink")
               (TypeNode "OrLink")
               (TypeNode "NotLink")
            )
         )
         (TypedVariableLink
            (VariableNode "$C")
            (TypeChoice
               (TypeNode "PredicateNode")
               (TypeNode "LambdaLink")
               (TypeNode "AndLink")
               (TypeNode "OrLink")
               (TypeNode "NotLink")
            )
         )
      )
      (ImplicationLink
         (VariableNode "$A")
         (OrLink
            (VariableNode "$C")
            (VariableNode "$B")
         )
      )
      (ExecutionOutputLink
         (GroundedSchemaNode "scm: consequent-disjunction-elimination-formula")
         (ListLink
            (ImplicationLink
               (VariableNode "$A")
               (VariableNode "$B")
            )
            (ImplicationLink
               (VariableNode "$A")
               (OrLink
                  (VariableNode "$C")
                  (VariableNode "$B")
               )
            )
            (ImplicationLink
               (VariableNode "$A")
               (VariableNode "$C")
            )
         )
      )
   )
)


results = (SetLink
  (ImplicationLink (stv 0.125000 0.540000)
    (PredicateNode "P" (stv 0.020000 0.600000)) ; [2213889286841575705][1]
    (PredicateNode "Q1" (stv 0.010000 0.700000)) ; [2480207013189331713][1]
  ) ; [12526738359736535473][1]
  (ImplicationLink (stv 0.200000 0.600000)
    (PredicateNode "P" (stv 0.020000 0.600000)) ; [2213889286841575705][1]
    (PredicateNode "Q2" (stv 0.050000 0.800000)) ; [4359661389676553630][1]
  ) ; [14406192736223757390][1]
) ; [13234922104715436885][1]
expected = (SetLink
  (ImplicationLink (stv 0.125000 0.540000)
    (PredicateNode "P" (stv 0.020000 0.600000)) ; [2213889286841575705][1]
    (PredicateNode "Q1" (stv 0.010000 0.700000)) ; [2480207013189331713][1]
  ) ; [12526738359736535473][1]
) ; [12541832455362320935][1]

In PLNRulesUTest::test_consequent_disjunction_elimination:
/home/opencog/opencog/build/tests/pln/rules/../../../../tests/pln/rules/PLNRulesUTest.cxxtest:870: Error: Expected (results == expected), found ({ 50 54 61 01 00 00 00 00 ... } != { 30 41 61 01 00 00 00 00 ... })
Failed 1 and Skipped 0 of 21 tests
Success rate: 95%
8-2.0/home/opencog/opencog/tests/pln/rules/implication-direct-evaluation.scm.go
;;; compiling /home/opencog/opencog/opencog/pln/rules/wip/implication-direct-evaluation.scm
;;; compiled /home/jenkins/.cache/guile/ccache/2.0-LE-8-2.0/home/opencog/opencog/opencog/pln/rules/wip/implication-direct-evaluation.scm.go
;;; compiling /home/opencog/opencog/tests/pln/rules/simple-implication-scope.scm
;;; compiled /home/jenkins/.cache/guile/ccache/2.0-LE-8-2.0/home/opencog/opencog/tests/pln/rules/simple-implication-scope.scm.go
;;; compiling /home/opencog/opencog/opencog/pln/meta-rules/predicate/conditional-full-instantiation.scm
;;; compiled /home/jenkins/.cache/guile/ccache/2.0-LE-8-2.0/home/opencog/opencog/opencog/pln/meta-rules/predicate/conditional-full-instantiation.scm.go
;;; compiling /home/opencog/opencog/tests/pln/rules/simple-consequent-disjunction-elimination.scm
;;; compiled /home/jenkins/.cache/guile/ccache/2.0-LE-8-2.0/home/opencog/opencog/tests/pln/rules/simple-consequent-disjunction-elimination.scm.go
;;; compiling /home/opencog/opencog/opencog/pln/rules/propositional/consequent-disjunction-elimination.scm
;;; compiled /home/jenkins/.cache/guile/ccache/2.0-LE-8-2.0/home/opencog/opencog/opencog/pln/rules/propositional/consequent-disjunction-elimination.scm.go
Obsolete! Do not use cog-bind, use cog-execute! insead.
Obsolete! Do not use cog-bind, use cog-execute! insead.
Obsolete! Do not use cog-bind, use cog-execute! insead.

      Start 11: PythonPLNTest
11/26 Test #11: PythonPLNTest ....................   Passed    0.12 sec
      Start 12: OpenPsiRulesUTest
12/26 Test #12: OpenPsiRulesUTest ................   Passed    0.30 sec
      Start 13: OpenPsiImplicatorUTest
13/26 Test #13: OpenPsiImplicatorUTest ...........   Passed    0.20 sec
      Start 14: OpenPsiSCMUTest
14/26 Test #14: OpenPsiSCMUTest ..................   Passed    8.13 sec
      Start 15: PythonModuleUTest
15/26 Test #15: PythonModuleUTest ................   Passed    0.11 sec
      Start 16: PyEvalUTest
16/26 Test #16: PyEvalUTest ......................   Passed    0.07 sec
      Start 17: CythonServer
17/26 Test #17: CythonServer .....................   Passed    0.10 sec
      Start 18: CythonStatistics
18/26 Test #18: CythonStatistics .................   Passed    0.09 sec
      Start 19: RestApiTest
19/26 Test #19: RestApiTest ......................***Failed    0.27 sec
/home/opencog/opencog/opencog/python/web/api/apiatomcollection.py:4: ExtDeprecationWarning: Importing flask.ext.restful is deprecated, use flask_restful instead.
  from flask.ext.restful import Resource, reqparse, marshal
/home/opencog/opencog/opencog/python/web/api/apiatomcollection.py:4: ExtDeprecationWarning: Importing flask.ext.restful.reqparse is deprecated, use flask_restful.reqparse instead.
  from flask.ext.restful import Resource, reqparse, marshal
/home/opencog/opencog/opencog/python/web/api/mappers.py:12: ExtDeprecationWarning: Importing flask.ext.restful.fields is deprecated, use flask_restful.fields instead.
  from flask.ext.restful import fields, marshal
/home/opencog/opencog/opencog/python/web/api/apiatomcollection.py:8: ExtDeprecationWarning: Importing flask.ext.restful.utils is deprecated, use flask_restful.utils instead.
  from flask.ext.restful.utils import cors
/home/opencog/opencog/opencog/python/web/api/apiatomcollection.py:8: ExtDeprecationWarning: Importing flask.ext.restful.utils.cors is deprecated, use flask_restful.utils.cors instead.
  from flask.ext.restful.utils import cors
test_restapi.TestRESTApi.test_a_post_and_get_node ... ok
test_restapi.TestRESTApi.test_b_post_and_get_link ... ok
test_restapi.TestRESTApi.test_c_put_and_get_tv_av_node ... ok
test_restapi.TestRESTApi.test_d_put_and_get_tv_av_link ... ok
test_restapi.TestRESTApi.test_e_post_revise_existing_node ... ok
test_restapi.TestRESTApi.test_f_post_revise_existing_link ... ok
test_restapi.TestRESTApi.test_g_delete_node ... FAIL
test_restapi.TestRESTApi.test_h_delete_link ... ok
test_restapi.TestRESTApi.test_j_get_types ... ok
test_restapi.TestRESTApi.test_k_tv_filter ... ok
test_restapi.TestRESTApi.test_l_include_incoming_outgoing ... ok
test_restapi.TestRESTApi.test_m_scheme_command ... ok
test_restapi.TestRESTApi.test_n_dot_export ... ok

======================================================================
FAIL: test_restapi.TestRESTApi.test_g_delete_node
----------------------------------------------------------------------
Traceback (most recent call last):
  File "/usr/local/lib/python2.7/dist-packages/nose/case.py", line 197, in runTest
    self.test(*self.arg)
  File "/home/opencog/opencog/tests/python/restapi/test_restapi.py", line 368, in test_g_delete_node
    assert delete_result['success']
AssertionError

----------------------------------------------------------------------
Ran 13 tests in 0.162s

FAILED (failures=1)
{u'truthvalue': {u'type': u'simple', u'details': {u'count': 0.4, u'strength': 0.5}}, u'outgoing': [2, 4], u'type': u'InheritanceLink'}
{u'truthvalue': {u'type': u'simple', u'details': {u'count': 0.9, u'strength': 1.0}}, u'outgoing': [9, 12], u'type': u'InheritanceLink'}
{u'truthvalue': {u'type': u'simple', u'details': {u'count': 0.9, u'strength': 1.0}}, u'outgoing': [16, 19], u'type': u'InheritanceLink'}
{u'truthvalue': {u'type': u'simple', u'details': {u'count': 0.95, u'strength': 0.1}}, u'outgoing': [16, 19], u'type': u'InheritanceLink'}
{u'truthvalue': {u'type': u'simple', u'details': {u'count': 0.9, u'strength': 1.0}}, u'outgoing': [22, 25], u'type': u'InheritanceLink'}

      Start 20: BlendingTest
20/26 Test #20: BlendingTest .....................   Passed    0.11 sec
      Start 21: DimEmbedUTest
21/26 Test #21: DimEmbedUTest ....................   Passed    0.07 sec
      Start 22: StatisticsUTest
22/26 Test #22: StatisticsUTest ..................   Passed    0.00 sec
      Start 23: PatternMinerUTest
23/26 Test #23: PatternMinerUTest ................   Passed    0.06 sec
      Start 24: PatternIndexAPIUTest
24/26 Test #24: PatternIndexAPIUTest .............   Passed    0.41 sec
      Start 25: XPatternMinerUTest
25/26 Test #25: XPatternMinerUTest ...............   Passed    1.92 sec
      Start 26: UREPatternMinerUTest
26/26 Test #26: UREPatternMinerUTest .............   Passed   10.99 sec

81% tests passed, 5 tests failed out of 26

Total Test time (real) = 157.36 sec

The following tests FAILED:
	  6 - AtomOcTreeUTest (SEGFAULT)
	  7 - TimeSpaceAtomUTest (SEGFAULT)
	  8 - AnaphoraTest (OTHER_FAULT)
	 10 - PLNRulesUTest (Failed)
	 19 - RestApiTest (Failed)
Errors while running CTest
make[3]: *** [CMakeFiles/test] Error 8
CMakeFiles/test.dir/build.make:57: recipe for target 'CMakeFiles/test' failed
CMakeFiles/Makefile2:99: recipe for target 'CMakeFiles/test.dir/all' failed
make[2]: *** [CMakeFiles/test.dir/all] Error 2
make[1]: *** [CMakeFiles/test.dir/rule] Error 2
CMakeFiles/Makefile2:106: recipe for target 'CMakeFiles/test.dir/rule' failed
make: *** [test] Error 2
Makefile:197: recipe for target 'test' failed
+ DSTATUS=TESTFAIL
+ /var/lib/jenkins/status/updateStatus TESTFAIL /var/lib/jenkins/jobs/OpenCOG_U1604_Opencog/builds/46/log OpenCOG_U1604_Opencog
Already up-to-date.
