Started by user [8mha:////4L2jTPWu9zIb56dnp8RqVObesKKV2DVGI0jJXlam1DqAAAAAlx+LCAAAAAAAAP9b85aBtbiIQTGjNKU4P08vOT+vOD8nVc83PyU1x6OyILUoJzMv2y+/JJUBAhiZGBgqihhk0NSjKDWzXb3RdlLBUSYGJk8GtpzUvPSSDB8G5tKinBIGIZ+sxLJE/ZzEvHT94JKizLx0a6BxUmjGOUNodHsLgAzWEgZu/dLi1CL9xJTczDwAj6GcLcAAAAA=[0madmin
Building in workspace /var/lib/jenkins/workspace/OpenCOG_U1604_AtomSpace
[OpenCOG_U1604_AtomSpace] $ /bin/sh -xe /tmp/jenkins3671136898851909768.sh
+ COGDIR=../OpenCOG_U1604
+ . ../OpenCOG_U1604/build.docker/docker.env
+ CID=cec14b307dca9d3902bf3dc238d526381feea576db8a485d211da0e92968045f
+ DKRUNROOT=docker exec --user root   cec14b307dca9d3902bf3dc238d526381feea576db8a485d211da0e92968045f
+ DKRUNUSER=docker exec --user jenkins  cec14b307dca9d3902bf3dc238d526381feea576db8a485d211da0e92968045f
+ UID=125
+ GID=132
+ LOGFILE=/var/lib/jenkins/jobs/OpenCOG_U1604_AtomSpace/builds/80/log
+ cat


**********************************************************
**********************************************************
**********************************************************
**********************************************************
*****                                                *****
*****                  Atomspace TEST                *****
*****                                                *****
**********************************************************
**********************************************************
**********************************************************
**********************************************************


+ echo GIT_COMMIT=
GIT_COMMIT=
+ echo GIT_BRANCH=
GIT_BRANCH=
+ echo GIT_URL=
GIT_URL=
+ WDIR=atomspace
+ JOBDIR=../OpenCOG_U1604/dependencies
+ cat
+ chmod +x ../OpenCOG_U1604/dependencies/job1
+ docker exec --user jenkins cec14b307dca9d3902bf3dc238d526381feea576db8a485d211da0e92968045f bash dependencies/job1
PWD is /home/opencog/atomspace/build
commit e2bdb7d6244af879620850b96c161529845b8c9c
Merge: d9c0f34 8e71cf8
Author: Linas Vep≈°tas <linasvepstas@gmail.com>
Date:   Wed Feb 7 18:10:49 2018 -0600

    Merge pull request #1568 from linas/odr
    
    One Definition Rule, again.

[  1%] Built target opencog_atom_types
[  2%] Built target truthvalue
[  4%] Built target atombase
[  5%] Built target attentionbank
[  7%] Built target atomutils
[ 12%] Built target atomcore
[ 15%] Built target clearbox
[ 16%] Built target atomspace
[ 17%] Generating AttentionValueUTest.cpp
[ 17%] Generating TVMergeUTest.cpp
[ 17%] Generating DefineLinkUTest.cpp
[ 17%] Generating SimpleTruthValueUTest.cpp
[ 17%] Generating EvidenceCountTruthValueUTest.cpp
[ 17%] Generating BetaReduceUTest.cpp
[ 18%] Built target atomspaceutils
[ 21%] Built target lambda
[ 22%] Generating ComposeLinkUTest.cpp
[ 22%] Generating VariablesUTest.cpp
Scanning dependencies of target TVMergeUTest
Scanning dependencies of target SimpleTruthValueUTest
Scanning dependencies of target EvidenceCountTruthValueUTest
Scanning dependencies of target BetaReduceUTest
Scanning dependencies of target AttentionValueUTest
Scanning dependencies of target DefineLinkUTest
[ 22%] Building CXX object tests/truthvalue/CMakeFiles/TVMergeUTest.dir/TVMergeUTest.cpp.o
[ 22%] Building CXX object tests/truthvalue/CMakeFiles/SimpleTruthValueUTest.dir/SimpleTruthValueUTest.cpp.o
[ 22%] Building CXX object tests/truthvalue/CMakeFiles/EvidenceCountTruthValueUTest.dir/EvidenceCountTruthValueUTest.cpp.o
[ 22%] Building CXX object tests/atoms/CMakeFiles/BetaReduceUTest.dir/BetaReduceUTest.cpp.o
Scanning dependencies of target ComposeLinkUTest
[ 22%] Building CXX object tests/atoms/CMakeFiles/DefineLinkUTest.dir/DefineLinkUTest.cpp.o
[ 23%] Building CXX object tests/truthvalue/CMakeFiles/AttentionValueUTest.dir/AttentionValueUTest.cpp.o
[ 23%] Building CXX object tests/atoms/CMakeFiles/ComposeLinkUTest.dir/ComposeLinkUTest.cpp.o
Scanning dependencies of target VariablesUTest
[ 23%] Building CXX object tests/atoms/CMakeFiles/VariablesUTest.dir/VariablesUTest.cpp.o
[ 24%] Linking CXX executable EvidenceCountTruthValueUTest
[ 24%] Built target EvidenceCountTruthValueUTest
[ 24%] Linking CXX executable SimpleTruthValueUTest
[ 25%] Generating AtomSpaceUtilsUTest.cpp
Scanning dependencies of target AtomSpaceUtilsUTest
[ 25%] Building CXX object tests/atomspaceutils/CMakeFiles/AtomSpaceUtilsUTest.dir/AtomSpaceUtilsUTest.cpp.o
[ 25%] Built target SimpleTruthValueUTest
[ 25%] Generating AttentionUTest.cpp
Scanning dependencies of target AttentionUTest
[ 25%] Building CXX object tests/attentionbank/CMakeFiles/AttentionUTest.dir/AttentionUTest.cpp.o
[ 25%] Linking CXX executable TVMergeUTest
[ 25%] Built target TVMergeUTest
[ 27%] Built target atomspace_cython
[ 29%] Built target smob
[ 29%] Built target unify
[ 29%] Linking CXX executable DefineLinkUTest
[ 30%] Generating ThreadSafeHandleMapUTest.cpp
Scanning dependencies of target ThreadSafeHandleMapUTest
[ 30%] Building CXX object tests/atomspace/CMakeFiles/ThreadSafeHandleMapUTest.dir/ThreadSafeHandleMapUTest.cpp.o
[ 30%] Linking CXX executable ComposeLinkUTest
[ 30%] Built target DefineLinkUTest
[ 31%] Generating RemoveUTest.cpp
Scanning dependencies of target RemoveUTest
[ 31%] Building CXX object tests/atomspace/CMakeFiles/RemoveUTest.dir/RemoveUTest.cpp.o
[ 31%] Built target ComposeLinkUTest
[ 31%] Generating MultiSpaceUTest.cpp
Scanning dependencies of target MultiSpaceUTest
[ 32%] Building CXX object tests/atomspace/CMakeFiles/MultiSpaceUTest.dir/MultiSpaceUTest.cpp.o
[ 32%] Linking CXX executable BetaReduceUTest
[ 32%] Built target BetaReduceUTest
[ 32%] Linking CXX executable AttentionValueUTest
[ 32%] Generating NodeUTest.cpp
Scanning dependencies of target NodeUTest
[ 32%] Building CXX object tests/atomspace/CMakeFiles/NodeUTest.dir/NodeUTest.cpp.o
[ 32%] Built target AttentionValueUTest
[ 32%] Generating AtomUTest.cpp
Scanning dependencies of target AtomUTest
[ 32%] Building CXX object tests/atomspace/CMakeFiles/AtomUTest.dir/AtomUTest.cpp.o
[ 32%] Linking CXX executable VariablesUTest
[ 32%] Built target VariablesUTest
[ 32%] Generating UseCountUTest.cpp
Scanning dependencies of target UseCountUTest
[ 32%] Building CXX object tests/atomspace/CMakeFiles/UseCountUTest.dir/UseCountUTest.cpp.o
[ 32%] Linking CXX executable AtomSpaceUtilsUTest
[ 32%] Built target AtomSpaceUtilsUTest
[ 32%] Generating AtomSpaceImplUTest.cpp
Scanning dependencies of target AtomSpaceImplUTest
[ 34%] Building CXX object tests/atomspace/CMakeFiles/AtomSpaceImplUTest.dir/AtomSpaceImplUTest.cpp.o
[ 34%] Linking CXX executable AttentionUTest
[ 34%] Built target AttentionUTest
[ 34%] Generating AtomTableUTest.cpp
Scanning dependencies of target AtomTableUTest
[ 34%] Building CXX object tests/atomspace/CMakeFiles/AtomTableUTest.dir/AtomTableUTest.cpp.o
[ 35%] Linking CXX executable NodeUTest
[ 35%] Built target NodeUTest
[ 35%] Generating AtomSpaceUTest.cpp
Scanning dependencies of target AtomSpaceUTest
[ 35%] Building CXX object tests/atomspace/CMakeFiles/AtomSpaceUTest.dir/AtomSpaceUTest.cpp.o
[ 35%] Linking CXX executable ThreadSafeHandleMapUTest
[ 35%] Built target ThreadSafeHandleMapUTest
[ 35%] Generating AtomSpaceAsyncUTest.cpp
Scanning dependencies of target AtomSpaceAsyncUTest
[ 35%] Building CXX object tests/atomspace/CMakeFiles/AtomSpaceAsyncUTest.dir/AtomSpaceAsyncUTest.cpp.o
[ 35%] Linking CXX executable AtomUTest
[ 35%] Built target AtomUTest
[ 35%] Generating ClassServerUTest.cpp
Scanning dependencies of target ClassServerUTest
[ 35%] Building CXX object tests/atomspace/CMakeFiles/ClassServerUTest.dir/ClassServerUTest.cpp.o
[ 35%] Linking CXX executable UseCountUTest
[ 35%] Linking CXX executable RemoveUTest
[ 35%] Built target RemoveUTest
[ 35%] Built target UseCountUTest
[ 35%] Generating LinkUTest.cpp
[ 36%] Generating TLBUTest.cpp
Scanning dependencies of target LinkUTest
[ 36%] Building CXX object tests/atomspace/CMakeFiles/LinkUTest.dir/LinkUTest.cpp.o
Scanning dependencies of target TLBUTest
[ 36%] Building CXX object tests/atomspace/CMakeFiles/TLBUTest.dir/TLBUTest.cpp.o
[ 36%] Linking CXX executable MultiSpaceUTest
[ 36%] Built target MultiSpaceUTest
[ 36%] Generating RewriteLinkUTest.cpp
Scanning dependencies of target RewriteLinkUTest
[ 36%] Building CXX object tests/atoms/CMakeFiles/RewriteLinkUTest.dir/RewriteLinkUTest.cpp.o
[ 37%] Linking CXX executable AtomTableUTest
[ 37%] Built target AtomTableUTest
[ 38%] Generating FreeLinkUTest.cpp
Scanning dependencies of target FreeLinkUTest
[ 38%] Building CXX object tests/atoms/CMakeFiles/FreeLinkUTest.dir/FreeLinkUTest.cpp.o
[ 38%] Linking CXX executable ClassServerUTest
[ 38%] Built target ClassServerUTest
[ 38%] Generating ScopeLinkUTest.cpp
[ 38%] Linking CXX executable TLBUTest
Scanning dependencies of target ScopeLinkUTest
[ 38%] Building CXX object tests/atoms/CMakeFiles/ScopeLinkUTest.dir/ScopeLinkUTest.cpp.o
[ 38%] Built target TLBUTest
[ 38%] Generating AlphaConvertUTest.cpp
[ 38%] Linking CXX executable LinkUTest
Scanning dependencies of target AlphaConvertUTest
[ 38%] Building CXX object tests/atoms/CMakeFiles/AlphaConvertUTest.dir/AlphaConvertUTest.cpp.o
[ 38%] Built target LinkUTest
[ 40%] Generating NeighborUTest.cpp
Scanning dependencies of target NeighborUTest
[ 40%] Building CXX object tests/atomutils/CMakeFiles/NeighborUTest.dir/NeighborUTest.cpp.o
[ 40%] Linking CXX executable AtomSpaceImplUTest
[ 40%] Built target AtomSpaceImplUTest
[ 40%] Generating FuzzyUTest.cpp
Scanning dependencies of target FuzzyUTest
[ 40%] Building CXX object tests/atomutils/CMakeFiles/FuzzyUTest.dir/FuzzyUTest.cpp.o
[ 40%] Linking CXX executable AtomSpaceAsyncUTest
[ 40%] Linking CXX executable RewriteLinkUTest
[ 40%] Built target AtomSpaceAsyncUTest
[ 40%] Generating FindUtilsUTest.cpp
[ 40%] Built target RewriteLinkUTest
Scanning dependencies of target FindUtilsUTest
[ 40%] Generating AtomUtilsUTest.cpp
[ 41%] Building CXX object tests/atomutils/CMakeFiles/FindUtilsUTest.dir/FindUtilsUTest.cpp.o
Scanning dependencies of target AtomUtilsUTest
[ 41%] Building CXX object tests/atomutils/CMakeFiles/AtomUtilsUTest.dir/AtomUtilsUTest.cpp.o
[ 41%] Linking CXX executable AtomSpaceUTest
[ 41%] Built target AtomSpaceUTest
[ 41%] Generating UnifyUTest.cpp
Scanning dependencies of target UnifyUTest
[ 41%] Building CXX object tests/unify/CMakeFiles/UnifyUTest.dir/UnifyUTest.cpp.o
[ 41%] Linking CXX executable FreeLinkUTest
[ 41%] Built target FreeLinkUTest
[ 42%] Built target PythonEval
[ 44%] Built target query
[ 45%] Built target execution
[ 45%] Linking CXX executable ScopeLinkUTest
[ 50%] Built target ruleengine
[ 50%] Generating DeleteLinkUTest.cpp
Scanning dependencies of target DeleteLinkUTest
[ 50%] Building CXX object tests/atoms/CMakeFiles/DeleteLinkUTest.dir/DeleteLinkUTest.cpp.o
[ 50%] Built target ScopeLinkUTest
[ 50%] Generating ReductUTest.cpp
Scanning dependencies of target ReductUTest
[ 50%] Building CXX object tests/atoms/CMakeFiles/ReductUTest.dir/ReductUTest.cpp.o
[ 50%] Linking CXX executable AlphaConvertUTest
[ 50%] Built target AlphaConvertUTest
[ 50%] Generating MapLinkUTest.cpp
[ 50%] Linking CXX executable NeighborUTest
Scanning dependencies of target MapLinkUTest
[ 50%] Building CXX object tests/atoms/CMakeFiles/MapLinkUTest.dir/MapLinkUTest.cpp.o
[ 50%] Built target NeighborUTest
[ 50%] Generating RandomUTest.cpp
[ 51%] Linking CXX executable FuzzyUTest
Scanning dependencies of target RandomUTest
[ 51%] Building CXX object tests/atoms/CMakeFiles/RandomUTest.dir/RandomUTest.cpp.o
[ 51%] Built target FuzzyUTest
[ 51%] Generating StateLinkUTest.cpp
Scanning dependencies of target StateLinkUTest
[ 51%] Building CXX object tests/atoms/CMakeFiles/StateLinkUTest.dir/StateLinkUTest.cpp.o
[ 51%] Linking CXX executable FindUtilsUTest
[ 52%] Linking CXX executable AtomUtilsUTest
[ 52%] Built target FindUtilsUTest
[ 52%] Generating PutLinkUTest.cpp
Scanning dependencies of target PutLinkUTest
[ 52%] Built target AtomUtilsUTest
[ 52%] Building CXX object tests/atoms/CMakeFiles/PutLinkUTest.dir/PutLinkUTest.cpp.o
[ 52%] Generating EqualLinkUTest.cpp
Scanning dependencies of target EqualLinkUTest
[ 52%] Building CXX object tests/atoms/CMakeFiles/EqualLinkUTest.dir/EqualLinkUTest.cpp.o
[ 52%] Linking CXX executable DeleteLinkUTest
[ 52%] Linking CXX executable MapLinkUTest
[ 52%] Linking CXX executable ReductUTest
[ 52%] Built target DeleteLinkUTest
[ 52%] Generating ParallelUTest.cpp
[ 52%] Built target MapLinkUTest
[ 52%] Linking CXX executable RandomUTest
[ 52%] Generating MultiAtomSpaceUTest.cpp
Scanning dependencies of target ParallelUTest
[ 52%] Built target ReductUTest
[ 52%] Building CXX object tests/atoms/CMakeFiles/ParallelUTest.dir/ParallelUTest.cpp.o
[ 52%] Generating MultiThreadUTest.cpp
Scanning dependencies of target MultiAtomSpaceUTest
Scanning dependencies of target MultiThreadUTest
[ 52%] Building CXX object tests/scm/CMakeFiles/MultiAtomSpaceUTest.dir/MultiAtomSpaceUTest.cpp.o
[ 52%] Building CXX object tests/scm/CMakeFiles/MultiThreadUTest.dir/MultiThreadUTest.cpp.o
[ 52%] Built target RandomUTest
[ 52%] Generating SCMPrimitiveUTest.cpp
Scanning dependencies of target SCMPrimitiveUTest
[ 52%] Building CXX object tests/scm/CMakeFiles/SCMPrimitiveUTest.dir/SCMPrimitiveUTest.cpp.o
[ 52%] Linking CXX executable StateLinkUTest
[ 54%] Linking CXX executable EqualLinkUTest
[ 54%] Built target StateLinkUTest
[ 55%] Generating BasicSCMUTest.cpp
[ 55%] Built target EqualLinkUTest
[ 55%] Generating SCMUtilsUTest.cpp
Scanning dependencies of target BasicSCMUTest
Scanning dependencies of target SCMUtilsUTest
[ 56%] Building CXX object tests/scm/CMakeFiles/SCMUtilsUTest.dir/SCMUtilsUTest.cpp.o
[ 56%] Building CXX object tests/scm/CMakeFiles/BasicSCMUTest.dir/BasicSCMUTest.cpp.o
[ 56%] Linking CXX executable ParallelUTest
[ 56%] Built target ParallelUTest
[ 56%] Generating SCMExecutionOutputUTest.cpp
Scanning dependencies of target SCMExecutionOutputUTest
[ 56%] Building CXX object tests/scm/CMakeFiles/SCMExecutionOutputUTest.dir/SCMExecutionOutputUTest.cpp.o
[ 56%] Linking CXX executable SCMPrimitiveUTest
[ 56%] Linking CXX executable MultiThreadUTest
[ 56%] Built target SCMPrimitiveUTest
[ 57%] Generating NoExceptionUTest.cpp
Scanning dependencies of target NoExceptionUTest
[ 57%] Building CXX object tests/query/CMakeFiles/NoExceptionUTest.dir/NoExceptionUTest.cpp.o
[ 57%] Built target MultiThreadUTest
[ 57%] Generating SudokuUTest.cpp
Scanning dependencies of target SudokuUTest
[ 57%] Building CXX object tests/query/CMakeFiles/SudokuUTest.dir/SudokuUTest.cpp.o
[ 57%] Linking CXX executable PutLinkUTest
[ 57%] Linking CXX executable MultiAtomSpaceUTest
[ 58%] Linking CXX executable UnifyUTest
[ 58%] Built target PutLinkUTest
[ 58%] Generating ArcanaUTest.cpp
[ 58%] Built target MultiAtomSpaceUTest
Scanning dependencies of target ArcanaUTest
[ 60%] Generating FirstNUTest.cpp
[ 61%] Building CXX object tests/query/CMakeFiles/ArcanaUTest.dir/ArcanaUTest.cpp.o
[ 61%] Built target UnifyUTest
[ 61%] Generating UnorderedUTest.cpp
Scanning dependencies of target FirstNUTest
[ 61%] Building CXX object tests/query/CMakeFiles/FirstNUTest.dir/FirstNUTest.cpp.o
Scanning dependencies of target UnorderedUTest
[ 61%] Building CXX object tests/query/CMakeFiles/UnorderedUTest.dir/UnorderedUTest.cpp.o
[ 61%] Linking CXX executable SCMUtilsUTest
[ 61%] Built target SCMUtilsUTest
[ 61%] Generating ConstantClausesUTest.cpp
Scanning dependencies of target ConstantClausesUTest
[ 61%] Building CXX object tests/query/CMakeFiles/ConstantClausesUTest.dir/ConstantClausesUTest.cpp.o
[ 61%] Linking CXX executable NoExceptionUTest
[ 61%] Built target NoExceptionUTest
[ 62%] Generating VarTypeNotUTest.cpp
Scanning dependencies of target VarTypeNotUTest
[ 62%] Building CXX object tests/query/CMakeFiles/VarTypeNotUTest.dir/VarTypeNotUTest.cpp.o
[ 62%] Linking CXX executable BasicSCMUTest
[ 62%] Built target BasicSCMUTest
[ 62%] Linking CXX executable SudokuUTest
[ 62%] Generating ExecutionOutputUTest.cpp
Scanning dependencies of target ExecutionOutputUTest
[ 62%] Building CXX object tests/query/CMakeFiles/ExecutionOutputUTest.dir/ExecutionOutputUTest.cpp.o
[ 62%] Built target SudokuUTest
[ 63%] Linking CXX executable SCMExecutionOutputUTest
[ 63%] Generating ScopeUTest.cpp
Scanning dependencies of target ScopeUTest
[ 64%] Building CXX object tests/query/CMakeFiles/ScopeUTest.dir/ScopeUTest.cpp.o
[ 64%] Built target SCMExecutionOutputUTest
[ 64%] Generating StackUTest.cpp
Scanning dependencies of target StackUTest
[ 64%] Building CXX object tests/query/CMakeFiles/StackUTest.dir/StackUTest.cpp.o
[ 64%] Linking CXX executable FirstNUTest
[ 64%] Linking CXX executable UnorderedUTest
[ 64%] Linking CXX executable ArcanaUTest
[ 64%] Built target FirstNUTest
[ 64%] Generating FiniteStateMachineUTest.cpp
[ 64%] Built target ArcanaUTest
[ 64%] Built target UnorderedUTest
[ 64%] Generating BigPatternUTest.cpp
Scanning dependencies of target FiniteStateMachineUTest
[ 65%] Generating ImplicationUTest.cpp
[ 65%] Building CXX object tests/query/CMakeFiles/FiniteStateMachineUTest.dir/FiniteStateMachineUTest.cpp.o
Scanning dependencies of target BigPatternUTest
[ 65%] Building CXX object tests/query/CMakeFiles/BigPatternUTest.dir/BigPatternUTest.cpp.o
Scanning dependencies of target ImplicationUTest
[ 65%] Building CXX object tests/query/CMakeFiles/ImplicationUTest.dir/ImplicationUTest.cpp.o
[ 65%] Linking CXX executable ConstantClausesUTest
[ 65%] Built target ConstantClausesUTest
[ 65%] Generating BuggyLinkUTest.cpp
Scanning dependencies of target BuggyLinkUTest
[ 65%] Building CXX object tests/query/CMakeFiles/BuggyLinkUTest.dir/BuggyLinkUTest.cpp.o
[ 65%] Linking CXX executable VarTypeNotUTest
[ 65%] Built target VarTypeNotUTest
[ 65%] Generating SubstitutionUTest.cpp
Scanning dependencies of target SubstitutionUTest
[ 67%] Building CXX object tests/query/CMakeFiles/SubstitutionUTest.dir/SubstitutionUTest.cpp.o
[ 67%] Linking CXX executable ScopeUTest
[ 68%] Linking CXX executable StackUTest
[ 68%] Built target ScopeUTest
[ 68%] Generating LoopPatternUTest.cpp
Scanning dependencies of target LoopPatternUTest
[ 68%] Building CXX object tests/query/CMakeFiles/LoopPatternUTest.dir/LoopPatternUTest.cpp.o
[ 68%] Built target StackUTest
[ 68%] Generating GreaterComputeUTest.cpp
Scanning dependencies of target GreaterComputeUTest
[ 69%] Building CXX object tests/query/CMakeFiles/GreaterComputeUTest.dir/GreaterComputeUTest.cpp.o
[ 69%] Linking CXX executable ExecutionOutputUTest
[ 69%] Built target ExecutionOutputUTest
[ 69%] Generating PatternUTest.cpp
Scanning dependencies of target PatternUTest
[ 69%] Building CXX object tests/query/CMakeFiles/PatternUTest.dir/PatternUTest.cpp.o
[ 69%] Linking CXX executable FiniteStateMachineUTest
[ 69%] Built target FiniteStateMachineUTest
[ 69%] Generating BooleanUTest.cpp
Scanning dependencies of target BooleanUTest
[ 69%] Building CXX object tests/query/CMakeFiles/BooleanUTest.dir/BooleanUTest.cpp.o
[ 69%] Linking CXX executable BuggyLinkUTest
[ 70%] Linking CXX executable BigPatternUTest
[ 70%] Built target BuggyLinkUTest
[ 70%] Generating AttentionalFocusCBUTest.cpp
[ 70%] Built target BigPatternUTest
[ 70%] Generating RecognizerUTest.cpp
[ 70%] Linking CXX executable ImplicationUTest
Scanning dependencies of target AttentionalFocusCBUTest
[ 70%] Building CXX object tests/query/CMakeFiles/AttentionalFocusCBUTest.dir/AttentionalFocusCBUTest.cpp.o
Scanning dependencies of target RecognizerUTest
[ 71%] Building CXX object tests/query/CMakeFiles/RecognizerUTest.dir/RecognizerUTest.cpp.o
[ 71%] Built target ImplicationUTest
[ 71%] Generating BuggyStackUTest.cpp
Scanning dependencies of target BuggyStackUTest
[ 72%] Building CXX object tests/query/CMakeFiles/BuggyStackUTest.dir/BuggyStackUTest.cpp.o
[ 72%] Linking CXX executable SubstitutionUTest
[ 72%] Built target SubstitutionUTest
[ 72%] Generating GetStateUTest.cpp
Scanning dependencies of target GetStateUTest
[ 72%] Building CXX object tests/query/CMakeFiles/GetStateUTest.dir/GetStateUTest.cpp.o
[ 72%] Linking CXX executable GreaterComputeUTest
[ 72%] Built target GreaterComputeUTest
[ 72%] Generating UnquoteUTest.cpp
Scanning dependencies of target UnquoteUTest
[ 74%] Building CXX object tests/query/CMakeFiles/UnquoteUTest.dir/UnquoteUTest.cpp.o
[ 75%] Linking CXX executable LoopPatternUTest
[ 75%] Built target LoopPatternUTest
[ 75%] Generating StackMoreUTest.cpp
Scanning dependencies of target StackMoreUTest
[ 75%] Building CXX object tests/query/CMakeFiles/StackMoreUTest.dir/StackMoreUTest.cpp.o
[ 75%] Linking CXX executable AttentionalFocusCBUTest
[ 75%] Built target AttentionalFocusCBUTest
[ 75%] Generating DefineUTest.cpp
Scanning dependencies of target DefineUTest
[ 76%] Building CXX object tests/query/CMakeFiles/DefineUTest.dir/DefineUTest.cpp.o
[ 76%] Linking CXX executable BuggyStackUTest
[ 76%] Linking CXX executable RecognizerUTest
[ 76%] Built target BuggyStackUTest
[ 77%] Generating BuggyNotUTest.cpp
[ 77%] Linking CXX executable PatternUTest
Scanning dependencies of target BuggyNotUTest
[ 77%] Linking CXX executable BooleanUTest
[ 77%] Building CXX object tests/query/CMakeFiles/BuggyNotUTest.dir/BuggyNotUTest.cpp.o
[ 77%] Built target RecognizerUTest
[ 77%] Generating DisconnectedUTest.cpp
Scanning dependencies of target DisconnectedUTest
[ 77%] Built target PatternUTest
[ 77%] Generating DeepTypeUTest.cpp
[ 78%] Building CXX object tests/query/CMakeFiles/DisconnectedUTest.dir/DisconnectedUTest.cpp.o
[ 78%] Built target BooleanUTest
[ 80%] Generating EinsteinUTest.cpp
Scanning dependencies of target DeepTypeUTest
[ 80%] Building CXX object tests/query/CMakeFiles/DeepTypeUTest.dir/DeepTypeUTest.cpp.o
Scanning dependencies of target EinsteinUTest
[ 80%] Building CXX object tests/query/CMakeFiles/EinsteinUTest.dir/EinsteinUTest.cpp.o
[ 81%] Linking CXX executable GetStateUTest
[ 81%] Built target GetStateUTest
[ 81%] Generating MatchLinkUTest.cpp
Scanning dependencies of target MatchLinkUTest
[ 82%] Building CXX object tests/query/CMakeFiles/MatchLinkUTest.dir/MatchLinkUTest.cpp.o
[ 82%] Linking CXX executable UnquoteUTest
[ 82%] Built target UnquoteUTest
[ 82%] Generating BiggerPatternUTest.cpp
Scanning dependencies of target BiggerPatternUTest
[ 82%] Building CXX object tests/query/CMakeFiles/BiggerPatternUTest.dir/BiggerPatternUTest.cpp.o
[ 82%] Linking CXX executable StackMoreUTest
[ 82%] Built target StackMoreUTest
[ 82%] Generating GetLinkUTest.cpp
Scanning dependencies of target GetLinkUTest
[ 82%] Building CXX object tests/query/CMakeFiles/GetLinkUTest.dir/GetLinkUTest.cpp.o
[ 82%] Linking CXX executable DefineUTest
[ 82%] Linking CXX executable BuggyNotUTest
[ 82%] Built target DefineUTest
[ 82%] Generating GreaterThanUTest.cpp
[ 82%] Built target BuggyNotUTest
[ 82%] Generating Boolean2NotUTest.cpp
Scanning dependencies of target GreaterThanUTest
[ 82%] Building CXX object tests/query/CMakeFiles/GreaterThanUTest.dir/GreaterThanUTest.cpp.o
Scanning dependencies of target Boolean2NotUTest
[ 83%] Building CXX object tests/query/CMakeFiles/Boolean2NotUTest.dir/Boolean2NotUTest.cpp.o
[ 83%] Linking CXX executable DisconnectedUTest
[ 84%] Linking CXX executable DeepTypeUTest
[ 84%] Built target DisconnectedUTest
[ 84%] Generating SequenceUTest.cpp
[ 84%] Built target DeepTypeUTest
Scanning dependencies of target SequenceUTest
[ 84%] Generating EvaluationUTest.cpp
[ 84%] Building CXX object tests/query/CMakeFiles/SequenceUTest.dir/SequenceUTest.cpp.o
Scanning dependencies of target EvaluationUTest
[ 84%] Building CXX object tests/query/CMakeFiles/EvaluationUTest.dir/EvaluationUTest.cpp.o
[ 84%] Linking CXX executable EinsteinUTest
[ 84%] Built target EinsteinUTest
[ 84%] Generating DontExecUTest.cpp
Scanning dependencies of target DontExecUTest
[ 84%] Building CXX object tests/query/CMakeFiles/DontExecUTest.dir/DontExecUTest.cpp.o
[ 84%] Linking CXX executable MatchLinkUTest
[ 84%] Built target MatchLinkUTest
[ 84%] Generating TypeChoiceUTest.cpp
Scanning dependencies of target TypeChoiceUTest
[ 84%] Building CXX object tests/query/CMakeFiles/TypeChoiceUTest.dir/TypeChoiceUTest.cpp.o
[ 84%] Linking CXX executable BiggerPatternUTest
[ 84%] Linking CXX executable GetLinkUTest
[ 84%] Built target BiggerPatternUTest
[ 84%] Generating GlobUTest.cpp
Scanning dependencies of target GlobUTest
[ 84%] Building CXX object tests/query/CMakeFiles/GlobUTest.dir/GlobUTest.cpp.o
[ 84%] Built target GetLinkUTest
[ 84%] Linking CXX executable GreaterThanUTest
[ 84%] Generating BuggyQuoteUTest.cpp
Scanning dependencies of target BuggyQuoteUTest
[ 84%] Building CXX object tests/query/CMakeFiles/BuggyQuoteUTest.dir/BuggyQuoteUTest.cpp.o
[ 84%] Built target GreaterThanUTest
[ 84%] Generating PatternCrashUTest.cpp
Scanning dependencies of target PatternCrashUTest
[ 85%] Building CXX object tests/query/CMakeFiles/PatternCrashUTest.dir/PatternCrashUTest.cpp.o
[ 85%] Linking CXX executable EvaluationUTest
[ 85%] Linking CXX executable SequenceUTest
[ 85%] Built target EvaluationUTest
[ 85%] Generating AbsentUTest.cpp
[ 85%] Built target SequenceUTest
[ 85%] Generating QuoteUTest.cpp
Scanning dependencies of target AbsentUTest
[ 85%] Building CXX object tests/query/CMakeFiles/AbsentUTest.dir/AbsentUTest.cpp.o
Scanning dependencies of target QuoteUTest
[ 87%] Building CXX object tests/query/CMakeFiles/QuoteUTest.dir/QuoteUTest.cpp.o
[ 87%] Linking CXX executable DontExecUTest
[ 87%] Linking CXX executable Boolean2NotUTest
[ 87%] Built target DontExecUTest
[ 88%] Generating LocalQuoteUTest.cpp
[ 88%] Built target Boolean2NotUTest
Scanning dependencies of target LocalQuoteUTest
[ 89%] Generating BuggyEqualUTest.cpp
[ 89%] Building CXX object tests/query/CMakeFiles/LocalQuoteUTest.dir/LocalQuoteUTest.cpp.o
Scanning dependencies of target BuggyEqualUTest
[ 89%] Building CXX object tests/query/CMakeFiles/BuggyEqualUTest.dir/BuggyEqualUTest.cpp.o
[ 90%] Linking CXX executable TypeChoiceUTest
[ 90%] Built target TypeChoiceUTest
[ 90%] Generating BuggySelfGroundUTest.cpp
Scanning dependencies of target BuggySelfGroundUTest
[ 90%] Building CXX object tests/query/CMakeFiles/BuggySelfGroundUTest.dir/BuggySelfGroundUTest.cpp.o
[ 91%] Linking CXX executable BuggyQuoteUTest
[ 91%] Built target BuggyQuoteUTest
[ 91%] Generating ChoiceLinkUTest.cpp
[ 91%] Linking CXX executable GlobUTest
Scanning dependencies of target ChoiceLinkUTest
[ 92%] Building CXX object tests/query/CMakeFiles/ChoiceLinkUTest.dir/ChoiceLinkUTest.cpp.o
[ 92%] Built target GlobUTest
[ 92%] Generating SingleUTest.cpp
Scanning dependencies of target SingleUTest
[ 92%] Building CXX object tests/query/CMakeFiles/SingleUTest.dir/SingleUTest.cpp.o
[ 92%] Linking CXX executable PatternCrashUTest
[ 92%] Built target PatternCrashUTest
[ 92%] Generating NestedPutUTest.cpp
Scanning dependencies of target NestedPutUTest
[ 92%] Building CXX object tests/query/CMakeFiles/NestedPutUTest.dir/NestedPutUTest.cpp.o
[ 92%] Linking CXX executable BuggyEqualUTest
[ 92%] Built target BuggyEqualUTest
[ 92%] Linking CXX executable AbsentUTest
[ 92%] Linking CXX executable QuoteUTest
[ 94%] Generating RuleUTest.cpp
Scanning dependencies of target RuleUTest
[ 94%] Building CXX object tests/rule-engine/CMakeFiles/RuleUTest.dir/RuleUTest.cpp.o
[ 94%] Built target AbsentUTest
[ 94%] Generating ChainerUtilsUTest.cpp
[ 94%] Built target QuoteUTest
[ 94%] Generating UREConfigUTest.cpp
Scanning dependencies of target ChainerUtilsUTest
[ 94%] Building CXX object tests/rule-engine/CMakeFiles/ChainerUtilsUTest.dir/ChainerUtilsUTest.cpp.o
Scanning dependencies of target UREConfigUTest
[ 94%] Building CXX object tests/rule-engine/CMakeFiles/UREConfigUTest.dir/UREConfigUTest.cpp.o
[ 94%] Linking CXX executable BuggySelfGroundUTest
[ 94%] Linking CXX executable LocalQuoteUTest
[ 94%] Built target LocalQuoteUTest
[ 94%] Built target BuggySelfGroundUTest
[ 95%] Generating ControlPolicyUTest.cpp
[ 95%] Generating ForwardChainerUTest.cpp
Scanning dependencies of target ForwardChainerUTest
Scanning dependencies of target ControlPolicyUTest
[ 95%] Building CXX object tests/rule-engine/backwardchainer/CMakeFiles/ControlPolicyUTest.dir/ControlPolicyUTest.cpp.o
[ 95%] Building CXX object tests/rule-engine/forwardchainer/CMakeFiles/ForwardChainerUTest.dir/ForwardChainerUTest.cpp.o
[ 96%] Linking CXX executable SingleUTest
[ 96%] Linking CXX executable ChoiceLinkUTest
[ 96%] Built target SingleUTest
[ 96%] Generating ActionSelectionUTest.cpp
Scanning dependencies of target ActionSelectionUTest
[ 96%] Building CXX object tests/rule-engine/backwardchainer/CMakeFiles/ActionSelectionUTest.dir/ActionSelectionUTest.cpp.o
[ 96%] Built target ChoiceLinkUTest
[ 96%] Generating BackwardChainerUTest.cpp
Scanning dependencies of target BackwardChainerUTest
[ 96%] Building CXX object tests/rule-engine/backwardchainer/CMakeFiles/BackwardChainerUTest.dir/BackwardChainerUTest.cpp.o
[ 96%] Linking CXX executable NestedPutUTest
[ 96%] Built target NestedPutUTest
[ 96%] Generating BetaDistributionUTest.cpp
Scanning dependencies of target BetaDistributionUTest
[ 96%] Building CXX object tests/rule-engine/backwardchainer/CMakeFiles/BetaDistributionUTest.dir/BetaDistributionUTest.cpp.o
[ 96%] Linking CXX executable UREConfigUTest
[ 96%] Built target UREConfigUTest
[ 97%] Generating BITUTest.cpp
Scanning dependencies of target BITUTest
[ 97%] Building CXX object tests/rule-engine/backwardchainer/CMakeFiles/BITUTest.dir/BITUTest.cpp.o
[ 97%] Linking CXX executable ChainerUtilsUTest
[ 97%] Built target ChainerUtilsUTest
[ 97%] Linking CXX executable RuleUTest
[ 97%] Built target RuleUTest
[ 97%] Linking CXX executable ControlPolicyUTest
[ 97%] Built target ControlPolicyUTest
[ 97%] Linking CXX executable ForwardChainerUTest
[ 97%] Built target ForwardChainerUTest
[ 98%] Linking CXX executable ActionSelectionUTest
[100%] Linking CXX executable BetaDistributionUTest
[100%] Built target ActionSelectionUTest
[100%] Built target BetaDistributionUTest
[100%] Linking CXX executable BITUTest
[100%] Built target BITUTest
[100%] Linking CXX executable BackwardChainerUTest
[100%] Built target BackwardChainerUTest
Scanning dependencies of target tests
[100%] Built target tests
Scanning dependencies of target test
[100%] Running tests...
Test project /home/opencog/atomspace/build/tests
        Start   1: SimpleTruthValueUTest
  1/105 Test   #1: SimpleTruthValueUTest ............   Passed    0.00 sec
        Start   2: EvidenceCountTruthValueUTest
  2/105 Test   #2: EvidenceCountTruthValueUTest .....   Passed    0.00 sec
        Start   3: TVMergeUTest
  3/105 Test   #3: TVMergeUTest .....................   Passed    0.00 sec
        Start   4: AttentionValueUTest
  4/105 Test   #4: AttentionValueUTest ..............   Passed    0.02 sec
        Start   5: AtomTableUTest
  5/105 Test   #5: AtomTableUTest ...................   Passed    1.13 sec
        Start   6: ClassServerUTest
  6/105 Test   #6: ClassServerUTest .................   Passed    0.00 sec
        Start   7: AtomUTest
  7/105 Test   #7: AtomUTest ........................   Passed    0.00 sec
        Start   8: NodeUTest
  8/105 Test   #8: NodeUTest ........................   Passed    0.00 sec
        Start   9: LinkUTest
  9/105 Test   #9: LinkUTest ........................   Passed    0.00 sec
        Start  10: TLBUTest
 10/105 Test  #10: TLBUTest .........................   Passed    0.00 sec
        Start  11: AtomSpaceUTest
 11/105 Test  #11: AtomSpaceUTest ...................   Passed    0.02 sec
        Start  12: AtomSpaceImplUTest
 12/105 Test  #12: AtomSpaceImplUTest ...............   Passed    0.02 sec
        Start  13: AtomSpaceAsyncUTest
 13/105 Test  #13: AtomSpaceAsyncUTest ..............   Passed    5.54 sec
        Start  14: UseCountUTest
 14/105 Test  #14: UseCountUTest ....................   Passed    4.08 sec
        Start  15: MultiSpaceUTest
 15/105 Test  #15: MultiSpaceUTest ..................   Passed    0.00 sec
        Start  16: RemoveUTest
 16/105 Test  #16: RemoveUTest ......................   Passed    0.02 sec
        Start  17: ThreadSafeHandleMapUTest
 17/105 Test  #17: ThreadSafeHandleMapUTest .........   Passed    0.36 sec
        Start  18: FreeLinkUTest
 18/105 Test  #18: FreeLinkUTest ....................   Passed    0.06 sec
        Start  19: MapLinkUTest
 19/105 Test  #19: MapLinkUTest .....................   Passed    0.20 sec
        Start  20: ParallelUTest
 20/105 Test  #20: ParallelUTest ....................   Passed   11.08 sec
        Start  21: RandomUTest
 21/105 Test  #21: RandomUTest ......................   Passed    0.49 sec
        Start  22: ReductUTest
 22/105 Test  #22: ReductUTest ......................   Passed    0.74 sec
        Start  23: RewriteLinkUTest
 23/105 Test  #23: RewriteLinkUTest .................   Passed    0.12 sec
        Start  24: ScopeLinkUTest
 24/105 Test  #24: ScopeLinkUTest ...................   Passed    0.12 sec
        Start  25: PutLinkUTest
 25/105 Test  #25: PutLinkUTest .....................***Failed    0.41 sec
Running cxxtest tests (26 tests)[2018-02-08 01:21:38:598] [INFO] BEGIN TEST: test_define
Expecting (InheritanceLink
  (ConceptNode "aaa") ; [4384425084700280793][1]
  (ConceptNode "bbb") ; [5166476881475404762][1]
) ; [12076660841821787941][1]

Got (InheritanceLink
  (ConceptNode "aaa") ; [4384425084700280793][1]
  (ConceptNode "bbb") ; [5166476881475404762][1]
) ; [12076660841821787941][1]

[2018-02-08 01:21:38:600] [INFO] END TEST: test_define
.[2018-02-08 01:21:38:602] [INFO] BEGIN TEST: test_filtering
Filtered (SetLink
  (ConceptNode "bar") ; [504633373843076611][1]
  (ConceptNode "foo") ; [4235085640780534410][1]
) ; [12162720096398207011][1]

[2018-02-08 01:21:38:604] [INFO] END TEST: test_filtering
.[2018-02-08 01:21:38:606] [INFO] BEGIN TEST: test_function
Expecting (NumberNode "4.000000") ; [6913877931517679692][1]

Got (NumberNode "4.000000") ; [6913877931517679692][1]

Expecting (NumberNode "2.000000") ; [3343537862719216753][1]

Got (NumberNode "2.000000") ; [3343537862719216753][1]

Expecting (NumberNode "13.000000") ; [1431893801208906060][1]

Got (NumberNode "13.000000") ; [1431893801208906060][1]

Expecting (NumberNode "12.000000") ; [8947441112530458191][1]

Got (NumberNode "12.000000") ; [8947441112530458191][1]

Expecting (SetLink
  (NumberNode "256.000000") ; [266837806517967200][1]
  (NumberNode "1.000000") ; [2263765880434911869][1]
  (NumberNode "4.000000") ; [6913877931517679692][1]
  (NumberNode "27.000000") ; [6988539844932745500][1]
) ; [11687191490536241851][1]

Got (SetLink
  (NumberNode "256.000000") ; [266837806517967200][1]
  (NumberNode "1.000000") ; [2263765880434911869][1]
  (NumberNode "4.000000") ; [6913877931517679692][1]
  (NumberNode "27.000000") ; [6988539844932745500][1]
) ; [11687191490536241851][1]

[2018-02-08 01:21:38:608] [INFO] END TEST: test_function
.[2018-02-08 01:21:38:610] [INFO] BEGIN TEST: test_lambda
Expecting (InheritanceLink
  (ConceptNode "coyote") ; [3070754720162888584][1]
  (ConceptNode "animal") ; [4997524230749066760][1]
) ; [14673446345635386082][1]

Got (InheritanceLink
  (ConceptNode "coyote") ; [3070754720162888584][1]
  (ConceptNode "animal") ; [4997524230749066760][1]
) ; [14673446345635386082][1]

[2018-02-08 01:21:38:612] [INFO] END TEST: test_lambda
.[2018-02-08 01:21:38:613] [INFO] BEGIN TEST: test_lambda_partial_substitution
Expecting (InheritanceLink
  (VariableNode "$y") ; [4273000531317964280][1]
  (ConceptNode "animal") ; [4997524230749066760][1]
) ; [17454069966333780818][1]

Got (InheritanceLink
  (VariableNode "$y") ; [4273000531317964280][1]
  (ConceptNode "animal") ; [4997524230749066760][1]
) ; [17454069966333780818][1]

[2018-02-08 01:21:38:615] [INFO] END TEST: test_lambda_partial_substitution
.[2018-02-08 01:21:38:617] [INFO] BEGIN TEST: test_eta
Expecting (LambdaLink
  (VariableNode "$w") ; [2581343387104925621][1]
  (InheritanceLink
    (VariableNode "$w") ; [2581343387104925621][1]
    (ConceptNode "animal") ; [4997524230749066760][1]
  ) ; [16969616428432159919][1]
) ; [14451950905063400909][1]

Got (LambdaLink
  (VariableNode "$w") ; [2581343387104925621][1]
  (InheritanceLink
    (VariableNode "$w") ; [2581343387104925621][1]
    (ConceptNode "animal") ; [4997524230749066760][1]
  ) ; [16969616428432159919][1]
) ; [14451950905063400909][1]

[2018-02-08 01:21:38:619] [INFO] END TEST: test_eta
.[2018-02-08 01:21:38:621] [INFO] BEGIN TEST: test_alpha
Expecting (LambdaLink
  (VariableNode "$w") ; [2581343387104925621][1]
  (InheritanceLink
    (VariableNode "$w") ; [2581343387104925621][1]
    (ConceptNode "animal") ; [4997524230749066760][1]
  ) ; [16969616428432159919][1]
) ; [14451950905063400909][1]

Got (LambdaLink
  (VariableNode "$w") ; [2581343387104925621][1]
  (InheritanceLink
    (VariableNode "$w") ; [2581343387104925621][1]
    (ConceptNode "animal") ; [4997524230749066760][1]
  ) ; [16969616428432159919][1]
) ; [14451950905063400909][1]

[2018-02-08 01:21:38:623] [INFO] END TEST: test_alpha
.[2018-02-08 01:21:38:625] [INFO] BEGIN TEST: test_compose
Expecting (LambdaLink
  (VariableList
    (VariableNode "$x") ; [788125471084508634][1]
    (VariableNode "$y") ; [4273000531317964280][1]
  ) ; [12773133642893162665][1]
  (EvaluationLink
    (PredicateNode "P") ; [2213889286841575705][1]
    (InheritanceLink
      (VariableNode "$x") ; [788125471084508634][1]
      (VariableNode "$y") ; [4273000531317964280][1]
    ) ; [12409133721455951716][1]
  ) ; [13385556155964047436][1]
) ; [18102432006973795375][1]

Got (LambdaLink
  (VariableList
    (VariableNode "$x") ; [788125471084508634][1]
    (VariableNode "$y") ; [4273000531317964280][1]
  ) ; [12773133642893162665][1]
  (EvaluationLink
    (PredicateNode "P") ; [2213889286841575705][1]
    (InheritanceLink
      (VariableNode "$x") ; [788125471084508634][1]
      (VariableNode "$y") ; [4273000531317964280][1]
    ) ; [12409133721455951716][1]
  ) ; [13385556155964047436][1]
) ; [18102432006973795375][1]

[2018-02-08 01:21:38:627] [INFO] END TEST: test_compose
.[2018-02-08 01:21:38:636] [INFO] BEGIN TEST: test_inject_compose
Expecting (LambdaLink
  (VariableList
    (VariableNode "X") ; [826781153247613690][1]
    (VariableNode "Y") ; [9114358455313774359][1]
    (VariableNode "Z") ; [3659396628043333053][1]
  ) ; [18291101778585636261][1]
  (AndLink
    (InheritanceLink
      (VariableNode "X") ; [826781153247613690][1]
      (VariableNode "Y") ; [9114358455313774359][1]
    ) ; [9302757119979452835][1]
    (InheritanceLink
      (VariableNode "Y") ; [9114358455313774359][1]
      (VariableNode "Z") ; [3659396628043333053][1]
    ) ; [9860057192103815174][1]
  ) ; [13207764778092578963][1]
) ; [9760952925148445356][1]

Got (LambdaLink
  (VariableList
    (VariableNode "X") ; [826781153247613690][1]
    (VariableNode "Y") ; [9114358455313774359][1]
    (VariableNode "Z") ; [3659396628043333053][1]
  ) ; [18291101778585636261][1]
  (AndLink
    (InheritanceLink
      (VariableNode "X") ; [826781153247613690][1]
      (VariableNode "Y") ; [9114358455313774359][1]
    ) ; [9302757119979452835][1]
    (InheritanceLink
      (VariableNode "Y") ; [9114358455313774359][1]
      (VariableNode "Z") ; [3659396628043333053][1]
    ) ; [9860057192103815174][1]
  ) ; [13207764778092578963][1]
) ; [9760952925148445356][1]

[2018-02-08 01:21:38:641] [INFO] END TEST: test_inject_compose
.[2018-02-08 01:21:38:643] [INFO] BEGIN TEST: test_simple_alpha
Expecting (LambdaLink
  (VariableList
    (VariableNode "X") ; [826781153247613690][1]
    (VariableNode "Y") ; [9114358455313774359][1]
    (VariableNode "Z") ; [3659396628043333053][1]
  ) ; [18291101778585636261][1]
  (AndLink
    (InheritanceLink
      (VariableNode "X") ; [826781153247613690][1]
      (VariableNode "Y") ; [9114358455313774359][1]
    ) ; [9302757119979452835][1]
    (InheritanceLink
      (VariableNode "Y") ; [9114358455313774359][1]
      (VariableNode "Z") ; [3659396628043333053][1]
    ) ; [9860057192103815174][1]
  ) ; [13207764778092578963][1]
) ; [9760952925148445356][1]

Got (LambdaLink
  (VariableList
    (VariableNode "X") ; [826781153247613690][1]
    (VariableNode "Y") ; [9114358455313774359][1]
    (VariableNode "Z") ; [3659396628043333053][1]
  ) ; [18291101778585636261][1]
  (AndLink
    (InheritanceLink
      (VariableNode "X") ; [826781153247613690][1]
      (VariableNode "Y") ; [9114358455313774359][1]
    ) ; [9302757119979452835][1]
    (InheritanceLink
      (VariableNode "Y") ; [9114358455313774359][1]
      (VariableNode "Z") ; [3659396628043333053][1]
    ) ; [9860057192103815174][1]
  ) ; [13207764778092578963][1]
) ; [9760952925148445356][1]

[2018-02-08 01:21:38:645] [INFO] END TEST: test_simple_alpha
.[2018-02-08 01:21:38:647] [INFO] BEGIN TEST: test_simple_replace
Expecting (AndLink
  (InheritanceLink
    (ConceptNode "A") ; [6977206836600634430][1]
    (ConceptNode "B") ; [241327676611018844][1]
  ) ; [9702961117976089772][1]
  (InheritanceLink
    (ConceptNode "B") ; [241327676611018844][1]
    (ConceptNode "C") ; [4439025256676433202][1]
  ) ; [12977575302898809184][1]
) ; [11085270749067040278][1]

Got (AndLink
  (InheritanceLink
    (ConceptNode "A") ; [6977206836600634430][1]
    (ConceptNode "B") ; [241327676611018844][1]
  ) ; [9702961117976089772][1]
  (InheritanceLink
    (ConceptNode "B") ; [241327676611018844][1]
    (ConceptNode "C") ; [4439025256676433202][1]
  ) ; [12977575302898809184][1]
) ; [11085270749067040278][1]

[2018-02-08 01:21:38:649] [INFO] END TEST: test_simple_replace
.[2018-02-08 01:21:38:651] [INFO] BEGIN TEST: test_typed_compose
Expecting (LambdaLink
  (VariableList
    (TypedVariableLink
      (VariableNode "$x") ; [788125471084508634][1]
      (TypeNode "ConceptNode") ; [3788696113922021255][1]
    ) ; [13419144771012769429][1]
    (TypedVariableLink
      (VariableNode "$y") ; [4273000531317964280][1]
      (TypeNode "ConceptNode") ; [3788696113922021255][1]
    ) ; [17739557316459496051][1]
  ) ; [9564841593492837695][1]
  (EvaluationLink
    (PredicateNode "P") ; [2213889286841575705][1]
    (InheritanceLink
      (VariableNode "$x") ; [788125471084508634][1]
      (VariableNode "$y") ; [4273000531317964280][1]
    ) ; [12409133721455951716][1]
  ) ; [13385556155964047436][1]
) ; [18102432007527351631][1]

Got (LambdaLink
  (VariableList
    (TypedVariableLink
      (VariableNode "$x") ; [788125471084508634][1]
      (TypeNode "ConceptNode") ; [3788696113922021255][1]
    ) ; [13419144771012769429][1]
    (TypedVariableLink
      (VariableNode "$y") ; [4273000531317964280][1]
      (TypeNode "ConceptNode") ; [3788696113922021255][1]
    ) ; [17739557316459496051][1]
  ) ; [9564841593492837695][1]
  (EvaluationLink
    (PredicateNode "P") ; [2213889286841575705][1]
    (InheritanceLink
      (VariableNode "$x") ; [788125471084508634][1]
      (VariableNode "$y") ; [4273000531317964280][1]
    ) ; [12409133721455951716][1]
  ) ; [13385556155964047436][1]
) ; [18102432007527351631][1]

Expecting throw, got 1
[2018-02-08 01:21:38:653] [INFO] END TEST: test_typed_compose
.[2018-02-08 01:21:38:655] [INFO] BEGIN TEST: test_ident_compose
Expecting (LambdaLink
  (VariableList
    (VariableNode "$x") ; [788125471084508634][1]
    (VariableNode "$x-6c74a409") ; [3229985466286905912][1]
    (VariableNode "$y") ; [4273000531317964280][1]
    (VariableNode "$z") ; [2382362736815119778][1]
  ) ; [13993032002308165059][1]
  (EvaluationLink
    (VariableNode "$x") ; [788125471084508634][1]
    (InheritanceLink
      (VariableNode "$y") ; [4273000531317964280][1]
      (VariableNode "$z") ; [2382362736815119778][1]
    ) ; [14838908472399833836][1]
  ) ; [14881985171198595253][1]
) ; [9914216050516209196][1]

Got (LambdaLink
  (VariableList
    (VariableNode "$x") ; [788125471084508634][1]
    (VariableNode "$x-6c74a409") ; [3229985466286905912][1]
    (VariableNode "$y") ; [4273000531317964280][1]
    (VariableNode "$z") ; [2382362736815119778][1]
  ) ; [13993032002308165059][1]
  (EvaluationLink
    (VariableNode "$x") ; [788125471084508634][1]
    (InheritanceLink
      (VariableNode "$y") ; [4273000531317964280][1]
      (VariableNode "$z") ; [2382362736815119778][1]
    ) ; [14838908472399833836][1]
  ) ; [14881985171198595253][1]
) ; [9914216050516209196][1]

[2018-02-08 01:21:38:657] [INFO] END TEST: test_ident_compose
.[2018-02-08 01:21:38:659] [INFO] BEGIN TEST: test_again_compose_ident
[2018-02-08 01:21:38:661] [INFO] BEGIN TEST: test_ident_compose
Expecting (LambdaLink
  (VariableList
    (VariableNode "$x") ; [788125471084508634][1]
    (VariableNode "$x-6266d6f2") ; [7146779190654691900][1]
    (VariableNode "$y") ; [4273000531317964280][1]
    (VariableNode "$z") ; [2382362736815119778][1]
  ) ; [18183516811920682695][1]
  (EvaluationLink
    (VariableNode "$x") ; [788125471084508634][1]
    (InheritanceLink
      (VariableNode "$y") ; [4273000531317964280][1]
      (VariableNode "$z") ; [2382362736815119778][1]
    ) ; [14838908472399833836][1]
  ) ; [14881985171198595253][1]
) ; [9914216050516209196][1]

Got (LambdaLink
  (VariableList
    (VariableNode "$x") ; [788125471084508634][1]
    (VariableNode "$x-6266d6f2") ; [7146779190654691900][1]
    (VariableNode "$y") ; [4273000531317964280][1]
    (VariableNode "$z") ; [2382362736815119778][1]
  ) ; [18183516811920682695][1]
  (EvaluationLink
    (VariableNode "$x") ; [788125471084508634][1]
    (InheritanceLink
      (VariableNode "$y") ; [4273000531317964280][1]
      (VariableNode "$z") ; [2382362736815119778][1]
    ) ; [14838908472399833836][1]
  ) ; [14881985171198595253][1]
) ; [9914216050516209196][1]

[2018-02-08 01:21:38:663] [INFO] END TEST: test_ident_compose
[2018-02-08 01:21:38:665] [INFO] END TEST: test_again_compose_ident
.[2018-02-08 01:21:38:667] [INFO] BEGIN TEST: test_recursive_compose
Expecting (LambdaLink
  (VariableList
    (VariableNode "$x") ; [788125471084508634][1]
    (VariableNode "$x-7005b724") ; [3923580249099894475][1]
    (VariableNode "$y") ; [4273000531317964280][1]
  ) ; [17650543848840668916][1]
  (EvaluationLink
    (VariableNode "$x") ; [788125471084508634][1]
    (InheritanceLink
      (VariableNode "$x-7005b724") ; [3923580249099894475][1]
      (VariableNode "$y") ; [4273000531317964280][1]
    ) ; [14422048990561150581][1]
  ) ; [14465125689359911998][1]
) ; [9760952925127541039][1]

Got (LambdaLink
  (VariableList
    (VariableNode "$x") ; [788125471084508634][1]
    (VariableNode "$x-7005b724") ; [3923580249099894475][1]
    (VariableNode "$y") ; [4273000531317964280][1]
  ) ; [17650543848840668916][1]
  (EvaluationLink
    (VariableNode "$x") ; [788125471084508634][1]
    (InheritanceLink
      (VariableNode "$x-7005b724") ; [3923580249099894475][1]
      (VariableNode "$y") ; [4273000531317964280][1]
    ) ; [14422048990561150581][1]
  ) ; [14465125689359911998][1]
) ; [9760952925127541039][1]

[2018-02-08 01:21:38:669] [INFO] END TEST: test_recursive_compose
.[2018-02-08 01:21:38:671] [INFO] BEGIN TEST: test_eval_inheritance
Expecting (AndLink
  (EvaluationLink
    (PredicateNode "acquainted") ; [1424449493947510952][1]
    (ListLink
      (ConceptNode "Self") ; [1991509666340217700][1]
      (ConceptNode "Bob") ; [2511235955541908216][1]
    ) ; [13408085769893316185][1]
  ) ; [16003111149461602480][1]
  (InheritanceLink
    (ConceptNode "Bob") ; [2511235955541908216][1]
    (ConceptNode "human") ; [7041137827864941520][1]
  ) ; [16699684783968460314][1]
  (InheritanceLink
    (ConceptNode "Self") ; [1991509666340217700][1]
    (ConceptNode "human") ; [7041137827864941520][1]
  ) ; [17995461314022224902][1]
) ; [16474879823000061402][1]

Got (AndLink
  (EvaluationLink
    (PredicateNode "acquainted") ; [1424449493947510952][1]
    (ListLink
      (ConceptNode "Self") ; [1991509666340217700][1]
      (ConceptNode "Bob") ; [2511235955541908216][1]
    ) ; [13408085769893316185][1]
  ) ; [16003111149461602480][1]
  (InheritanceLink
    (ConceptNode "Bob") ; [2511235955541908216][1]
    (ConceptNode "human") ; [7041137827864941520][1]
  ) ; [16699684783968460314][1]
  (InheritanceLink
    (ConceptNode "Self") ; [1991509666340217700][1]
    (ConceptNode "human") ; [7041137827864941520][1]
  ) ; [17995461314022224902][1]
) ; [16474879823000061402][1]

[2018-02-08 01:21:38:673] [INFO] END TEST: test_eval_inheritance
.[2018-02-08 01:21:38:675] [INFO] BEGIN TEST: test_eval_implication_1
Executing (PutLink
  (LambdaLink
    (TypedVariableLink
      (VariableNode "$X") ; [6809953386495729144][1]
      (TypeNode "ConceptNode") ; [3788696113922021255][1]
    ) ; [9225281168777978483][1]
    (QuoteLink
      (ImplicationScopeLink
        (UnquoteLink
          (EvaluationLink
            (PredicateNode "P") ; [2213889286841575705][1]
            (VariableNode "$X") ; [6809953386495729144][1]
          ) ; [17009747857858600672][1]
        ) ; [17039936049110171596][1]
        (UnquoteLink
          (EvaluationLink
            (PredicateNode "P") ; [2213889286841575705][1]
            (VariableNode "$X") ; [6809953386495729144][1]
          ) ; [17009747857858600672][1]
        ) ; [17039936049110171596][1]
      ) ; [16130283296791036013][1]
    ) ; [16159890945903153650][1]
  ) ; [12351128597591810721][1]
  (ConceptNode "A") ; [6977206836600634430][1]
) ; [11976474189120170133][1]

Expecting (ImplicationScopeLink
  (EvaluationLink
    (PredicateNode "P") ; [2213889286841575705][1]
    (ConceptNode "A") ; [6977206836600634430][1]
  ) ; [17177001307963505958][1]
  (EvaluationLink
    (PredicateNode "P") ; [2213889286841575705][1]
    (ConceptNode "A") ; [6977206836600634430][1]
  ) ; [17177001307963505958][1]
) ; [12593528563491546570][1]

Got (ImplicationScopeLink
  (EvaluationLink
    (PredicateNode "P") ; [2213889286841575705][1]
    (ConceptNode "A") ; [6977206836600634430][1]
  ) ; [17177001307963505958][1]
  (EvaluationLink
    (PredicateNode "P") ; [2213889286841575705][1]
    (ConceptNode "A") ; [6977206836600634430][1]
  ) ; [17177001307963505958][1]
) ; [12593528563491546570][1]

[2018-02-08 01:21:38:681] [INFO] END TEST: test_eval_implication_1
.[2018-02-08 01:21:38:683] [INFO] BEGIN TEST: test_eval_implication_2
Executing (PutLink
  (LambdaLink
    (VariableList
      (TypedVariableLink
        (VariableNode "$X") ; [6809953386495729144][1]
        (TypeNode "PredicateNode") ; [7305800666737115819][1]
      ) ; [12742385721593073047][1]
      (TypedVariableLink
        (VariableNode "$Y") ; [5319120082979945173][1]
        (TypeNode "PredicateNode") ; [7305800666737115819][1]
      ) ; [9661746889846081044][1]
    ) ; [16047470683448545314][1]
    (AndLink
      (ImplicationLink
        (VariableNode "$X") ; [6809953386495729144][1]
        (PredicateNode "is-human") ; [5033227418579124645][1]
      ) ; [9952549427182203156][1]
      (EvaluationLink
        (PredicateNode "acquainted") ; [1424449493947510952][1]
        (ListLink
          (VariableNode "$X") ; [6809953386495729144][1]
          (VariableNode "$Y") ; [5319120082979945173][1]
        ) ; [18427288035932042058][1]
      ) ; [11798941378645552545][1]
      (ImplicationLink
        (VariableNode "$Y") ; [5319120082979945173][1]
        (PredicateNode "is-human") ; [5033227418579124645][1]
      ) ; [16095282632289986961][1]
    ) ; [15296784181041894704][1]
  ) ; [11340745720499076625][1]
  (ListLink
    (PredicateNode "is-Self") ; [385342932422917694][1]
    (PredicateNode "is-Bob") ; [5273819413508513864][1]
  ) ; [9284027192862900675][1]
) ; [15062101957928226730][1]

Expecting (AndLink
  (ImplicationLink
    (PredicateNode "is-Self") ; [385342932422917694][1]
    (PredicateNode "is-human") ; [5033227418579124645][1]
  ) ; [10077961290439268890][1]
  (EvaluationLink
    (PredicateNode "acquainted") ; [1424449493947510952][1]
    (ListLink
      (PredicateNode "is-Self") ; [385342932422917694][1]
      (PredicateNode "is-Bob") ; [5273819413508513864][1]
    ) ; [9284027192862900675][1]
  ) ; [11879052572431186970][1]
  (ImplicationLink
    (PredicateNode "is-Bob") ; [5273819413508513864][1]
    (PredicateNode "is-human") ; [5033227418579124645][1]
  ) ; [14600360539732753764][1]
) ; [14668470017533544738][1]

Got (AndLink
  (ImplicationLink
    (PredicateNode "is-Self") ; [385342932422917694][1]
    (PredicateNode "is-human") ; [5033227418579124645][1]
  ) ; [10077961290439268890][1]
  (EvaluationLink
    (PredicateNode "acquainted") ; [1424449493947510952][1]
    (ListLink
      (PredicateNode "is-Self") ; [385342932422917694][1]
      (PredicateNode "is-Bob") ; [5273819413508513864][1]
    ) ; [9284027192862900675][1]
  ) ; [11879052572431186970][1]
  (ImplicationLink
    (PredicateNode "is-Bob") ; [5273819413508513864][1]
    (PredicateNode "is-human") ; [5033227418579124645][1]
  ) ; [14600360539732753764][1]
) ; [14668470017533544738][1]

[2018-02-08 01:21:38:685] [INFO] END TEST: test_eval_implication_2
.[2018-02-08 01:21:38:687] [INFO] BEGIN TEST: test_ill_unquote
[2018-02-08 01:21:38:689] [ERROR] PrenexLink given a malformed value=(LambdaLink
  (UnquoteLink
    (VariableNode "$x") ; [788125471084508634][1]
  ) ; [10041685699190855366][1]
  (UnquoteLink
    (VariableNode "$g") ; [3391836839816812775][1]
  ) ; [12645397067923159507][1]
) ; [13520353210588174247][1]
 (/home/opencog/atomspace/opencog/atoms/core/PrenexLink.cc:246)
	Stack Trace:
	2: Logger.cc:481	  opencog::Logger::logva(opencog::Logger::Level, char const*, __va_list_tag*)
	3: Logger.cc:493	  opencog::Logger::Error::operator()(char const*, ...)
	4: exceptions.cc:55	  opencog::StandardException::parse_error_message(char const*, __va_list_tag*, bool)
	5: exceptions.cc:82	  opencog::StandardException::parse_error_message(char const*, char const*, __va_list_tag*, bool)
	6: exceptions.cc:167	  opencog::SyntaxException::SyntaxException(char const*, char const*, ...)
	7: PrenexLink.cc:248	  opencog::PrenexLink::beta_reduce(std::map<opencog::Handle, opencog::Handle, std::less<opencog::Handle>, std::allocator<std::pair<opencog::Handle const, opencog::Handle> > > const&) const
	8: stl_tree.h:858	  std::_Rb_tree<opencog::Handle, std::pair<opencog::Handle const, opencog::Handle>, std::_Select1st<std::pair<opencog::Handle const, opencog::Handle> >, std::less<opencog::Handle>, std::allocator<std::pair<opencog::Handle const, opencog::Handle> > >::~_Rb_tree()
	9: PrenexLink.cc:188	  opencog::PrenexLink::beta_reduce(std::vector<opencog::Handle, std::allocator<opencog::Handle> > const&) const
	10: PutLink.cc:253	reddy()
	11: PutLink.cc:457	  opencog::PutLink::reduce()
	12: Instantiator.cc:209	  opencog::Instantiator::walk_tree(opencog::Handle const&, bool)
	13: Instantiator.cc:468	  opencog::Instantiator::instantiate(opencog::Handle const&, std::map<opencog::Handle, opencog::Handle, std::less<opencog::Handle>, std::allocator<std::pair<opencog::Handle const, opencog::Handle> > > const&, bool)
	14: stl_tree.h:858	  std::_Rb_tree<opencog::Handle, std::pair<opencog::Handle const, opencog::Handle>, std::_Select1st<std::pair<opencog::Handle const, opencog::Handle> >, std::less<opencog::Handle>, std::allocator<std::pair<opencog::Handle const, opencog::Handle> > >::~_Rb_tree()
	15: shared_ptr_base.h:658	  std::__shared_count<(__gnu_cxx::_Lock_policy)2>::~__shared_count()
	16: RealDescriptions.cpp:125	  CxxTest::RealTestDescription::run()
	17: TestRunner.h:104	  CxxTest::TestRunner::runTest(CxxTest::TestDescription&)
	18: PutLinkUTest.cpp:20	main()
	19: [0x20830] ??() ??:0
	20: [0x411729] ??() ??:0

[2018-02-08 01:21:38:822] [INFO] END TEST: test_ill_unquote
.[2018-02-08 01:21:38:824] [INFO] BEGIN TEST: test_nested_1
[2018-02-08 01:21:38:837] [DEBUG] rs = 

[2018-02-08 01:21:38:839] [DEBUG] result = (LambdaLink
  (VariableNode "$X") ; [6809953386495729144][1]
  (InheritanceLink
    (ConceptNode "A") ; [6977206836600634430][1]
    (VariableNode "$X") ; [6809953386495729144][1]
  ) ; [16271586827860800072][1]
) ; [18341323397083782499][1]

[2018-02-08 01:21:38:841] [DEBUG] expected = (LambdaLink
  (VariableNode "$X") ; [6809953386495729144][1]
  (InheritanceLink
    (ConceptNode "A") ; [6977206836600634430][1]
    (VariableNode "$X") ; [6809953386495729144][1]
  ) ; [16271586827860800072][1]
) ; [18341323397083782499][1]

[2018-02-08 01:21:38:849] [INFO] END TEST: test_nested_1
.[2018-02-08 01:21:38:857] [INFO] BEGIN TEST: test_nested_2
[2018-02-08 01:21:38:859] [DEBUG] rs = 

[2018-02-08 01:21:38:861] [INFO] END TEST: test_nested_2
.[2018-02-08 01:21:38:863] [INFO] BEGIN TEST: test_nested_3
[2018-02-08 01:21:38:867] [DEBUG] rs = 

[2018-02-08 01:21:38:870] [INFO] END TEST: test_nested_3
.[2018-02-08 01:21:38:872] [INFO] BEGIN TEST: test_nested_4
[2018-02-08 01:21:38:876] [DEBUG] rs = 

[2018-02-08 01:21:38:878] [INFO] END TEST: test_nested_4
.[2018-02-08 01:21:38:881] [INFO] BEGIN TEST: test_and_compose_1
[2018-02-08 01:21:38:903] [DEBUG] rs = 

[2018-02-08 01:21:38:906] [DEBUG] result = (LambdaLink
  (VariableList
    (VariableNode "$sha-arg-0") ; [949102443632971434][1]
    (VariableNode "$sha-arg-1") ; [4859387568654154175][1]
  ) ; [9448388737473849152][1]
  (AndLink
    (VariableNode "$sha-arg-0") ; [949102443632971434][1]
    (VariableNode "$sha-arg-1") ; [4859387568654154175][1]
  ) ; [9237651940852305971][1]
) ; [9607689798622836906][1]

[2018-02-08 01:21:38:909] [DEBUG] expected = (LambdaLink
  (VariableList
    (VariableNode "$sha-arg-0") ; [949102443632971434][1]
    (VariableNode "$sha-arg-1") ; [4859387568654154175][1]
  ) ; [9448388737473849152][1]
  (LocalQuoteLink
    (AndLink
      (VariableNode "$sha-arg-0") ; [949102443632971434][1]
      (VariableNode "$sha-arg-1") ; [4859387568654154175][1]
    ) ; [9237651940852305971][1]
  ) ; [9268420674243330182][1]
) ; [9607689798623181459][1]


In PutLinkUTest::test_and_compose_1:
/home/opencog/atomspace/build/tests/atoms/../../../tests/atoms/PutLinkUTest.cxxtest:1363: Error: Expected (result == expected), found ({ 30 39 C6 02 00 00 00 00 ... } != { 20 20 C6 02 00 00 00 00 ... })
[2018-02-08 01:21:38:911] [INFO] END TEST: test_and_compose_1
[2018-02-08 01:21:38:914] [INFO] BEGIN TEST: test_and_compose_2
[2018-02-08 01:21:38:917] [DEBUG] rs = 

[2018-02-08 01:21:38:920] [DEBUG] result = (LambdaLink
  (VariableList
    (VariableNode "$spe-0") ; [6315141976687659927][1]
    (VariableNode "$sha-arg-0") ; [949102443632971434][1]
    (VariableNode "$sha-arg-1") ; [4859387568654154175][1]
  ) ; [17595290246834087799][1]
  (InheritanceLink
    (VariableNode "$spe-0") ; [6315141976687659927][1]
    (AndLink
      (VariableNode "$sha-arg-0") ; [949102443632971434][1]
      (VariableNode "$sha-arg-1") ; [4859387568654154175][1]
    ) ; [9237651940852305971][1]
  ) ; [15297889078798769916][1]
) ; [9760952924034718192][1]

[2018-02-08 01:21:38:922] [DEBUG] expected = (LambdaLink
  (VariableList
    (VariableNode "$spe-0") ; [6315141976687659927][1]
    (VariableNode "$sha-arg-0") ; [949102443632971434][1]
    (VariableNode "$sha-arg-1") ; [4859387568654154175][1]
  ) ; [17595290246834087799][1]
  (InheritanceLink
    (VariableNode "$spe-0") ; [6315141976687659927][1]
    (AndLink
      (VariableNode "$sha-arg-0") ; [949102443632971434][1]
      (VariableNode "$sha-arg-1") ; [4859387568654154175][1]
    ) ; [9237651940852305971][1]
  ) ; [15297889078798769916][1]
) ; [9760952924034718192][1]

[2018-02-08 01:21:38:924] [INFO] END TEST: test_and_compose_2
.[2018-02-08 01:21:38:927] [INFO] BEGIN TEST: test_over_quotation_consumption
[2018-02-08 01:21:38:930] [DEBUG] rs = 

[2018-02-08 01:21:38:937] [DEBUG] result = (LambdaLink
  (VariableNode "$vardecl") ; [3029255624138263430][1]
  (VariableNode "$body") ; [6221195124419089442][1]
) ; [15675621798173342014][1]

[2018-02-08 01:21:38:939] [DEBUG] expected = (QuoteLink
  (LambdaLink
    (UnquoteLink
      (VariableNode "$vardecl") ; [3029255624138263430][1]
    ) ; [12282815852244610162][1]
    (UnquoteLink
      (VariableNode "$body") ; [6221195124419089442][1]
    ) ; [15474755352525436174][1]
  ) ; [16520030251126152718][1]
) ; [16549637900238270355][1]


In PutLinkUTest::test_over_quotation_consumption:
/home/opencog/atomspace/build/tests/atoms/../../../tests/atoms/PutLinkUTest.cxxtest:1472: Error: Expected (result == expected), found ({ 80 5F C6 02 00 00 00 00 ... } != { 00 29 C6 02 00 00 00 00 ... })
[2018-02-08 01:21:38:941] [INFO] END TEST: test_over_quotation_consumption
Failed 2 and Skipped 0 of 26 tests
Success rate: 92%
;;; note: auto-compilation is enabled, set GUILE_AUTO_COMPILE=0
;;;       or pass the --no-auto-compile argument to disable.
;;; compiling ../../../tests/atoms/nested-put.scm
;;; compiled /home/jenkins/.cache/guile/ccache/2.0-LE-8-2.0/home/opencog/atomspace/tests/atoms/nested-put.scm.go
;;; compiling ../../../tests/atoms/put-and.scm
;;; compiled /home/jenkins/.cache/guile/ccache/2.0-LE-8-2.0/home/opencog/atomspace/tests/atoms/put-and.scm.go

        Start  26: AlphaConvertUTest
 26/105 Test  #26: AlphaConvertUTest ................   Passed    0.02 sec
        Start  27: BetaReduceUTest
 27/105 Test  #27: BetaReduceUTest ..................   Passed    0.02 sec
        Start  28: DefineLinkUTest
 28/105 Test  #28: DefineLinkUTest ..................   Passed    0.10 sec
        Start  29: DeleteLinkUTest
 29/105 Test  #29: DeleteLinkUTest ..................   Passed    0.01 sec
        Start  30: EqualLinkUTest
 30/105 Test  #30: EqualLinkUTest ...................   Passed    0.01 sec
        Start  31: StateLinkUTest
 31/105 Test  #31: StateLinkUTest ...................   Passed    0.01 sec
        Start  32: VariablesUTest
 32/105 Test  #32: VariablesUTest ...................   Passed    0.00 sec
        Start  33: ComposeLinkUTest
 33/105 Test  #33: ComposeLinkUTest .................   Passed    0.01 sec
        Start  34: AtomUtilsUTest
 34/105 Test  #34: AtomUtilsUTest ...................   Passed    0.00 sec
        Start  35: FindUtilsUTest
 35/105 Test  #35: FindUtilsUTest ...................   Passed    0.00 sec
        Start  36: FuzzyUTest
 36/105 Test  #36: FuzzyUTest .......................   Passed    0.01 sec
        Start  37: NeighborUTest
 37/105 Test  #37: NeighborUTest ....................   Passed    0.00 sec
        Start  38: UnifyUTest
 38/105 Test  #38: UnifyUTest .......................   Passed    8.32 sec
        Start  39: AtomSpaceUtilsUTest
 39/105 Test  #39: AtomSpaceUtilsUTest ..............   Passed    0.00 sec
        Start  40: AttentionUTest
 40/105 Test  #40: AttentionUTest ...................***Failed    0.01 sec
Running cxxtest tests (2 tests)
In AttentionUTest::testTopSTIValues:
/home/opencog/atomspace/build/tests/attentionbank/../../../tests/attentionbank/AttentionUTest.cxxtest:55: Error: Expected (hseq.size() == 10), found (50 != 10)
/home/opencog/atomspace/build/tests/attentionbank/../../../tests/attentionbank/AttentionUTest.cxxtest:56: Error: Expected (get_sti(hseq[0]) == 400), found (0.0000 != 400)
.
Failed 1 and Skipped 0 of 2 tests
Success rate: 50%

        Start  41: BasicSCMUTest
 41/105 Test  #41: BasicSCMUTest ....................   Passed    0.19 sec
        Start  42: SCMPrimitiveUTest
 42/105 Test  #42: SCMPrimitiveUTest ................   Passed    0.57 sec
        Start  43: MultiAtomSpaceUTest
 43/105 Test  #43: MultiAtomSpaceUTest ..............   Passed    0.29 sec
        Start  44: MultiThreadUTest
 44/105 Test  #44: MultiThreadUTest .................   Passed    5.90 sec
        Start  45: SCMUtilsUTest
 45/105 Test  #45: SCMUtilsUTest ....................   Passed    0.08 sec
        Start  46: SCMExecutionOutputUTest
 46/105 Test  #46: SCMExecutionOutputUTest ..........   Passed    0.18 sec
        Start  47: PatternUTest
 47/105 Test  #47: PatternUTest .....................   Passed    0.01 sec
        Start  48: StackUTest
 48/105 Test  #48: StackUTest .......................   Passed    0.01 sec
        Start  49: BigPatternUTest
 49/105 Test  #49: BigPatternUTest ..................   Passed    0.01 sec
        Start  50: BiggerPatternUTest
 50/105 Test  #50: BiggerPatternUTest ...............   Passed    0.01 sec
        Start  51: LoopPatternUTest
 51/105 Test  #51: LoopPatternUTest .................   Passed    0.02 sec
        Start  52: BooleanUTest
 52/105 Test  #52: BooleanUTest .....................   Passed    0.03 sec
        Start  53: Boolean2NotUTest
 53/105 Test  #53: Boolean2NotUTest .................   Passed    0.02 sec
        Start  54: ConstantClausesUTest
 54/105 Test  #54: ConstantClausesUTest .............   Passed    0.09 sec
        Start  55: PatternCrashUTest
 55/105 Test  #55: PatternCrashUTest ................   Passed    0.06 sec
        Start  56: DisconnectedUTest
 56/105 Test  #56: DisconnectedUTest ................   Passed    0.18 sec
        Start  57: ImplicationUTest
 57/105 Test  #57: ImplicationUTest .................   Passed    0.09 sec
        Start  58: ExecutionOutputUTest
 58/105 Test  #58: ExecutionOutputUTest .............   Passed    0.07 sec
        Start  59: BuggyStackUTest
 59/105 Test  #59: BuggyStackUTest ..................   Passed    0.07 sec
        Start  60: VarTypeNotUTest
 60/105 Test  #60: VarTypeNotUTest ..................   Passed    0.07 sec
        Start  61: BuggyNotUTest
 61/105 Test  #61: BuggyNotUTest ....................   Passed    0.07 sec
        Start  62: MatchLinkUTest
 62/105 Test  #62: MatchLinkUTest ...................   Passed    0.09 sec
        Start  63: UnorderedUTest
 63/105 Test  #63: UnorderedUTest ...................   Passed    0.12 sec
        Start  64: StackMoreUTest
 64/105 Test  #64: StackMoreUTest ...................   Passed    0.28 sec
        Start  65: GlobUTest
 65/105 Test  #65: GlobUTest ........................   Passed    0.16 sec
        Start  66: RecognizerUTest
 66/105 Test  #66: RecognizerUTest ..................   Passed    0.10 sec
        Start  67: ArcanaUTest
 67/105 Test  #67: ArcanaUTest ......................   Passed    4.11 sec
        Start  68: SubstitutionUTest
 68/105 Test  #68: SubstitutionUTest ................   Passed    0.12 sec
        Start  69: GetLinkUTest
 69/105 Test  #69: GetLinkUTest .....................   Passed    0.08 sec
        Start  70: GetStateUTest
 70/105 Test  #70: GetStateUTest ....................   Passed    1.45 sec
        Start  71: DeepTypeUTest
 71/105 Test  #71: DeepTypeUTest ....................   Passed    0.08 sec
        Start  72: GreaterThanUTest
 72/105 Test  #72: GreaterThanUTest .................   Passed    0.09 sec
        Start  73: GreaterComputeUTest
 73/105 Test  #73: GreaterComputeUTest ..............   Passed    0.07 sec
        Start  74: SequenceUTest
 74/105 Test  #74: SequenceUTest ....................   Passed    0.10 sec
        Start  75: EvaluationUTest
 75/105 Test  #75: EvaluationUTest ..................   Passed    0.10 sec
        Start  76: DontExecUTest
 76/105 Test  #76: DontExecUTest ....................   Passed    0.13 sec
        Start  77: QuoteUTest
 77/105 Test  #77: QuoteUTest .......................   Passed    0.11 sec
        Start  78: UnquoteUTest
 78/105 Test  #78: UnquoteUTest .....................   Passed    0.02 sec
        Start  79: LocalQuoteUTest
 79/105 Test  #79: LocalQuoteUTest ..................   Passed    0.03 sec
        Start  80: BuggyLinkUTest
 80/105 Test  #80: BuggyLinkUTest ...................   Passed    0.10 sec
        Start  81: BuggyQuoteUTest
 81/105 Test  #81: BuggyQuoteUTest ..................   Passed    0.08 sec
        Start  82: BuggyEqualUTest
 82/105 Test  #82: BuggyEqualUTest ..................   Passed    0.08 sec
        Start  83: BuggySelfGroundUTest
 83/105 Test  #83: BuggySelfGroundUTest .............   Passed    0.07 sec
        Start  84: ChoiceLinkUTest
 84/105 Test  #84: ChoiceLinkUTest ..................   Passed    0.15 sec
        Start  85: DefineUTest
 85/105 Test  #85: DefineUTest ......................   Passed    0.08 sec
        Start  86: FiniteStateMachineUTest
 86/105 Test  #86: FiniteStateMachineUTest ..........   Passed    0.07 sec
        Start  87: AbsentUTest
 87/105 Test  #87: AbsentUTest ......................   Passed    0.09 sec
        Start  88: SingleUTest
 88/105 Test  #88: SingleUTest ......................   Passed    0.07 sec
        Start  89: ScopeUTest
 89/105 Test  #89: ScopeUTest .......................   Passed    0.16 sec
        Start  90: NestedPutUTest
 90/105 Test  #90: NestedPutUTest ...................   Passed    0.07 sec
        Start  91: FirstNUTest
 91/105 Test  #91: FirstNUTest ......................   Passed    0.10 sec
        Start  92: AttentionalFocusCBUTest
 92/105 Test  #92: AttentionalFocusCBUTest ..........   Passed    0.07 sec
        Start  93: SudokuUTest
 93/105 Test  #93: SudokuUTest ......................   Passed    0.09 sec
        Start  94: EinsteinUTest
 94/105 Test  #94: EinsteinUTest ....................   Passed    5.29 sec
        Start  95: TypeChoiceUTest
 95/105 Test  #95: TypeChoiceUTest ..................   Passed    0.01 sec
        Start  96: NoExceptionUTest
 96/105 Test  #96: NoExceptionUTest .................   Passed    0.07 sec
        Start  97: ChainerUtilsUTest
 97/105 Test  #97: ChainerUtilsUTest ................   Passed    0.06 sec
        Start  98: UREConfigUTest
 98/105 Test  #98: UREConfigUTest ...................   Passed    0.09 sec
        Start  99: RuleUTest
 99/105 Test  #99: RuleUTest ........................***Exception: Other  0.24 sec
Running cxxtest tests (11 tests)rule = (BindLink
  (VariableList
    (VariableNode "$X") ; [6809953386495729144][1]
    (TypedVariableLink
      (VariableNode "$B-6266d6f2") ; [4097416271045473493][-1]
      (TypeNode "ConceptNode") ; [3788696113922021255][-1]
    ) ; [11945276727467300080][-1]
  ) ; [16251546236807707519][-1]
  (AndLink
    (EvaluationLink
      (GroundedPredicateNode "scm: true-enough") ; [4909340809722256524][1]
      (InheritanceLink
        (VariableNode "$X") ; [6809953386495729144][1]
        (VariableNode "$B-6266d6f2") ; [4097416271045473493][-1]
      ) ; [17263057895803445791][-1]
    ) ; [14955660216826250458][-1]
    (EvaluationLink
      (GroundedPredicateNode "scm: true-enough") ; [4909340809722256524][1]
      (InheritanceLink
        (VariableNode "$B-6266d6f2") ; [4097416271045473493][-1]
        (ConceptNode "$A") ; [2172866132422708482][1]
      ) ; [18058503315870002377][-1]
    ) ; [15751105636892807044][-1]
    (NotLink
      (IdenticalLink
        (ConceptNode "$A") ; [2172866132422708482][1]
        (VariableNode "$X") ; [6809953386495729144][1]
      ) ; [16154088917686902559][-1]
    ) ; [16177310603265034039][-1]
    (InheritanceLink
      (VariableNode "$X") ; [6809953386495729144][1]
      (VariableNode "$B-6266d6f2") ; [4097416271045473493][-1]
    ) ; [17263057895803445791][-1]
    (InheritanceLink
      (VariableNode "$B-6266d6f2") ; [4097416271045473493][-1]
      (ConceptNode "$A") ; [2172866132422708482][1]
    ) ; [18058503315870002377][-1]
  ) ; [12370664501802292455][-1]
  (ExecutionOutputLink
    (GroundedSchemaNode "scm: bc-deduction-formula") ; [5481571512010723578][1]
    (ListLink
      (InheritanceLink
        (VariableNode "$X") ; [6809953386495729144][1]
        (ConceptNode "$A") ; [2172866132422708482][1]
      ) ; [15338507757180680780][-1]
      (InheritanceLink
        (VariableNode "$X") ; [6809953386495729144][1]
        (VariableNode "$B-6266d6f2") ; [4097416271045473493][-1]
      ) ; [17263057895803445791][-1]
      (InheritanceLink
        (VariableNode "$B-6266d6f2") ; [4097416271045473493][-1]
        (ConceptNode "$A") ; [2172866132422708482][1]
      ) ; [18058503315870002377][-1]
    ) ; [14621472870785440561][-1]
  ) ; [13306523121074902053][-1]
) ; [13001147651477819792][-1]
expected = (BindLink
  (VariableList
    (VariableNode "$X") ; [6809953386495729144][1]
    (TypedVariableLink
      (VariableNode "$V") ; [4586185897468188423][1]
      (TypeNode "ConceptNode") ; [3788696113922021255][1]
    ) ; [9627930325707341154][1]
  ) ; [13934199835047748593][1]
  (AndLink
    (EvaluationLink
      (GroundedPredicateNode "scm: true-enough") ; [4909340809722256524][1]
      (InheritanceLink
        (VariableNode "$V") ; [4586185897468188423][1]
        (ConceptNode "$A") ; [2172866132422708482][1]
      ) ; [15741156914110043451][1]
    ) ; [13433759235132848118][1]
    (EvaluationLink
      (GroundedPredicateNode "scm: true-enough") ; [4909340809722256524][1]
      (InheritanceLink
        (VariableNode "$X") ; [6809953386495729144][1]
        (VariableNode "$V") ; [4586185897468188423][1]
      ) ; [17751827522226160721][1]
    ) ; [15444429843248965388][1]
    (InheritanceLink
      (VariableNode "$V") ; [4586185897468188423][1]
      (ConceptNode "$A") ; [2172866132422708482][1]
    ) ; [15741156914110043451][1]
    (NotLink
      (IdenticalLink
        (ConceptNode "$A") ; [2172866132422708482][1]
        (VariableNode "$X") ; [6809953386495729144][1]
      ) ; [16154088917686902559][1]
    ) ; [16177310603265034039][1]
    (InheritanceLink
      (VariableNode "$X") ; [6809953386495729144][1]
      (VariableNode "$V") ; [4586185897468188423][1]
    ) ; [17751827522226160721][1]
  ) ; [12246187486036262703][1]
  (ExecutionOutputLink
    (GroundedSchemaNode "scm: bc-deduction-formula") ; [5481571512010723578][1]
    (ListLink
      (InheritanceLink
        (VariableNode "$X") ; [6809953386495729144][1]
        (ConceptNode "$A") ; [2172866132422708482][1]
      ) ; [15338507757180680780][1]
      (InheritanceLink
        (VariableNode "$X") ; [6809953386495729144][1]
        (VariableNode "$V") ; [4586185897468188423][1]
      ) ; [17751827522226160721][1]
      (InheritanceLink
        (VariableNode "$V") ; [4586185897468188423][1]
        (ConceptNode "$A") ; [2172866132422708482][1]
      ) ; [15741156914110043451][1]
    ) ; [9986780067265522709][1]
  ) ; [17895202354409760009][1]
) ; [13001147651477819792][1]
.rule = (BindLink
  (VariableList
    (TypedVariableLink
      (VariableNode "$X") ; [6809953386495729144][1]
      (TypeNode "ConceptNode") ; [3788696113922021255][-1]
    ) ; [9225281168777978483][-1]
    (TypedVariableLink
      (VariableNode "$B-e84bdd8") ; [2861439186932641539][-1]
      (TypeNode "ConceptNode") ; [3788696113922021255][-1]
    ) ; [17274893136017724638][-1]
  ) ; [18276631128979377992][-1]
  (AndLink
    (EvaluationLink
      (GroundedPredicateNode "scm: true-enough") ; [4909340809722256524][1]
      (InheritanceLink
        (VariableNode "$B-e84bdd8") ; [2861439186932641539][-1]
        (ConceptNode "$A") ; [2172866132422708482][1]
      ) ; [14164747687565651127][-1]
    ) ; [11857350008588455794][-1]
    (EvaluationLink
      (GroundedPredicateNode "scm: true-enough") ; [4909340809722256524][1]
      (InheritanceLink
        (VariableNode "$X") ; [6809953386495729144][1]
        (VariableNode "$B-e84bdd8") ; [2861439186932641539][-1]
      ) ; [16027080811690613837][-1]
    ) ; [13719683132713418504][-1]
    (InheritanceLink
      (VariableNode "$B-e84bdd8") ; [2861439186932641539][-1]
      (ConceptNode "$A") ; [2172866132422708482][1]
    ) ; [14164747687565651127][-1]
    (InheritanceLink
      (VariableNode "$X") ; [6809953386495729144][1]
      (VariableNode "$B-e84bdd8") ; [2861439186932641539][-1]
    ) ; [16027080811690613837][-1]
    (NotLink
      (IdenticalLink
        (ConceptNode "$A") ; [2172866132422708482][1]
        (VariableNode "$X") ; [6809953386495729144][1]
      ) ; [16154088917686902559][-1]
    ) ; [16177310603265034039][-1]
  ) ; [10307731157338192991][-1]
  (ExecutionOutputLink
    (GroundedSchemaNode "scm: bc-deduction-formula") ; [5481571512010723578][1]
    (ListLink
      (InheritanceLink
        (VariableNode "$X") ; [6809953386495729144][1]
        (ConceptNode "$A") ; [2172866132422708482][1]
      ) ; [15338507757180680780][-1]
      (InheritanceLink
        (VariableNode "$X") ; [6809953386495729144][1]
        (VariableNode "$B-e84bdd8") ; [2861439186932641539][-1]
      ) ; [16027080811690613837][-1]
      (InheritanceLink
        (VariableNode "$B-e84bdd8") ; [2861439186932641539][-1]
        (ConceptNode "$A") ; [2172866132422708482][1]
      ) ; [14164747687565651127][-1]
    ) ; [16057333651031513869][-1]
  ) ; [14742383901320975361][-1]
) ; [13001147660611498016][-1]
expected = (BindLink
  (VariableList
    (TypedVariableLink
      (VariableNode "$X") ; [6809953386495729144][1]
      (TypeNode "ConceptNode") ; [3788696113922021255][1]
    ) ; [9225281168777978483][1]
    (TypedVariableLink
      (VariableNode "$V") ; [4586185897468188423][1]
      (TypeNode "ConceptNode") ; [3788696113922021255][1]
    ) ; [9627930325707341154][1]
  ) ; [10629668318668994508][1]
  (AndLink
    (EvaluationLink
      (GroundedPredicateNode "scm: true-enough") ; [4909340809722256524][1]
      (InheritanceLink
        (VariableNode "$V") ; [4586185897468188423][1]
        (ConceptNode "$A") ; [2172866132422708482][1]
      ) ; [15741156914110043451][1]
    ) ; [13433759235132848118][1]
    (EvaluationLink
      (GroundedPredicateNode "scm: true-enough") ; [4909340809722256524][1]
      (InheritanceLink
        (VariableNode "$X") ; [6809953386495729144][1]
        (VariableNode "$V") ; [4586185897468188423][1]
      ) ; [17751827522226160721][1]
    ) ; [15444429843248965388][1]
    (InheritanceLink
      (VariableNode "$V") ; [4586185897468188423][1]
      (ConceptNode "$A") ; [2172866132422708482][1]
    ) ; [15741156914110043451][1]
    (NotLink
      (IdenticalLink
        (ConceptNode "$A") ; [2172866132422708482][1]
        (VariableNode "$X") ; [6809953386495729144][1]
      ) ; [16154088917686902559][1]
    ) ; [16177310603265034039][1]
    (InheritanceLink
      (VariableNode "$X") ; [6809953386495729144][1]
      (VariableNode "$V") ; [4586185897468188423][1]
    ) ; [17751827522226160721][1]
  ) ; [12246187486036262703][1]
  (ExecutionOutputLink
    (GroundedSchemaNode "scm: bc-deduction-formula") ; [5481571512010723578][1]
    (ListLink
      (InheritanceLink
        (VariableNode "$X") ; [6809953386495729144][1]
        (ConceptNode "$A") ; [2172866132422708482][1]
      ) ; [15338507757180680780][1]
      (InheritanceLink
        (VariableNode "$X") ; [6809953386495729144][1]
        (VariableNode "$V") ; [4586185897468188423][1]
      ) ; [17751827522226160721][1]
      (InheritanceLink
        (VariableNode "$V") ; [4586185897468188423][1]
        (ConceptNode "$A") ; [2172866132422708482][1]
      ) ; [15741156914110043451][1]
    ) ; [9986780067265522709][1]
  ) ; [17895202354409760009][1]
) ; [13001147660611498016][1]
.rule = (BindLink
  (VariableList
    (TypedVariableLink
      (VariableNode "$TyVs-bdfd20a") ; [9204124184600723501][1]
      (TypeChoice
        (TypeNode "VariableList") ; [7312217543151217883][-1]
        (TypeNode "TypedVariableLink") ; [1359961696412228875][-1]
      ) ; [14052102431034746327][-1]
    ) ; [15485975491662535064][-1]
    (VariableNode "$P-25868310") ; [6269843161004845467][1]
    (VariableNode "$B-7a4842c1") ; [7931990639392750557][-1]
  ) ; [9910678147665835239][-1]
  (AndLink
    (ImplicationLink
      (LambdaLink
        (TypedVariableLink
          (VariableNode "$X") ; [6809953386495729144][1]
          (TypeNode "ConceptNode") ; [3788696113922021255][1]
        ) ; [9225281168777978483][-1]
        (EvaluationLink
          (PredicateNode "take") ; [3396821867884253757][1]
          (ListLink
            (VariableNode "$X") ; [6809953386495729144][1]
            (ConceptNode "treatment-1") ; [1169226509931710999][1]
          ) ; [14277394462883807884][-1]
        ) ; [17397103924381176088][-1]
      ) ; [12038310382464337399][-1]
      (VariableNode "$B-7a4842c1") ; [7931990639392750557][-1]
    ) ; [10143024814719161131][-1]
    (EvaluationLink
      (GroundedPredicateNode "scm: true-enough") ; [4909340809722256524][1]
      (ImplicationLink
        (VariableNode "$B-7a4842c1") ; [7931990639392750557][-1]
        (QuoteLink
          (LambdaLink
            (UnquoteLink
              (VariableNode "$TyVs-bdfd20a") ; [9204124184600723501][1]
            ) ; [9234312375852294425][-1]
            (UnquoteLink
              (VariableNode "$P-25868310") ; [6269843161004845467][1]
            ) ; [15523403389111192199][-1]
          ) ; [17425155972168023310][-1]
        ) ; [17454763621280140947][-1]
      ) ; [13284454791211047047][-1]
    ) ; [10977057112233851714][-1]
    (NotLink
      (IdenticalLink
        (LambdaLink
          (TypedVariableLink
            (VariableNode "$X") ; [6809953386495729144][1]
            (TypeNode "ConceptNode") ; [3788696113922021255][1]
          ) ; [9225281168777978483][-1]
          (EvaluationLink
            (PredicateNode "take") ; [3396821867884253757][1]
            (ListLink
              (VariableNode "$X") ; [6809953386495729144][1]
              (ConceptNode "treatment-1") ; [1169226509931710999][1]
            ) ; [14277394462883807884][-1]
          ) ; [17397103924381176088][-1]
        ) ; [12038310382464337399][-1]
        (QuoteLink
          (LambdaLink
            (UnquoteLink
              (VariableNode "$TyVs-bdfd20a") ; [9204124184600723501][1]
            ) ; [9234312375852294425][-1]
            (UnquoteLink
              (VariableNode "$P-25868310") ; [6269843161004845467][1]
            ) ; [15523403389111192199][-1]
          ) ; [17425155972168023310][-1]
        ) ; [17454763621280140947][-1]
      ) ; [11093794040218363727][-1]
    ) ; [11117015725796495207][-1]
    (ImplicationLink
      (VariableNode "$B-7a4842c1") ; [7931990639392750557][-1]
      (QuoteLink
        (LambdaLink
          (UnquoteLink
            (VariableNode "$TyVs-bdfd20a") ; [9204124184600723501][1]
          ) ; [9234312375852294425][-1]
          (UnquoteLink
            (VariableNode "$P-25868310") ; [6269843161004845467][1]
          ) ; [15523403389111192199][-1]
        ) ; [17425155972168023310][-1]
      ) ; [17454763621280140947][-1]
    ) ; [13284454791211047047][-1]
    (EvaluationLink
      (GroundedPredicateNode "scm: true-enough") ; [4909340809722256524][1]
      (ImplicationLink
        (LambdaLink
          (TypedVariableLink
            (VariableNode "$X") ; [6809953386495729144][1]
            (TypeNode "ConceptNode") ; [3788696113922021255][1]
          ) ; [9225281168777978483][-1]
          (EvaluationLink
            (PredicateNode "take") ; [3396821867884253757][1]
            (ListLink
              (VariableNode "$X") ; [6809953386495729144][1]
              (ConceptNode "treatment-1") ; [1169226509931710999][1]
            ) ; [14277394462883807884][-1]
          ) ; [17397103924381176088][-1]
        ) ; [12038310382464337399][-1]
        (VariableNode "$B-7a4842c1") ; [7931990639392750557][-1]
      ) ; [10143024814719161131][-1]
    ) ; [17058999172596741606][-1]
  ) ; [11862209185749663595][-1]
  (ExecutionOutputLink
    (GroundedSchemaNode "scm: crisp-deduction-formula") ; [7041221571600637949][1]
    (ListLink
      (ImplicationLink
        (LambdaLink
          (TypedVariableLink
            (VariableNode "$X") ; [6809953386495729144][1]
            (TypeNode "ConceptNode") ; [3788696113922021255][1]
          ) ; [9225281168777978483][-1]
          (EvaluationLink
            (PredicateNode "take") ; [3396821867884253757][1]
            (ListLink
              (VariableNode "$X") ; [6809953386495729144][1]
              (ConceptNode "treatment-1") ; [1169226509931710999][1]
            ) ; [14277394462883807884][-1]
          ) ; [17397103924381176088][-1]
        ) ; [12038310382464337399][-1]
        (QuoteLink
          (LambdaLink
            (UnquoteLink
              (VariableNode "$TyVs-bdfd20a") ; [9204124184600723501][1]
            ) ; [9234312375852294425][-1]
            (UnquoteLink
              (VariableNode "$P-25868310") ; [6269843161004845467][1]
            ) ; [15523403389111192199][-1]
          ) ; [17425155972168023310][-1]
        ) ; [17454763621280140947][-1]
      ) ; [10442425759751775713][-1]
      (ImplicationLink
        (LambdaLink
          (TypedVariableLink
            (VariableNode "$X") ; [6809953386495729144][1]
            (TypeNode "ConceptNode") ; [3788696113922021255][1]
          ) ; [9225281168777978483][-1]
          (EvaluationLink
            (PredicateNode "take") ; [3396821867884253757][1]
            (ListLink
              (VariableNode "$X") ; [6809953386495729144][1]
              (ConceptNode "treatment-1") ; [1169226509931710999][1]
            ) ; [14277394462883807884][-1]
          ) ; [17397103924381176088][-1]
        ) ; [12038310382464337399][-1]
        (VariableNode "$B-7a4842c1") ; [7931990639392750557][-1]
      ) ; [10143024814719161131][-1]
      (ImplicationLink
        (VariableNode "$B-7a4842c1") ; [7931990639392750557][-1]
        (QuoteLink
          (LambdaLink
            (UnquoteLink
              (VariableNode "$TyVs-bdfd20a") ; [9204124184600723501][1]
            ) ; [9234312375852294425][-1]
            (UnquoteLink
              (VariableNode "$P-25868310") ; [6269843161004845467][1]
            ) ; [15523403389111192199][-1]
          ) ; [17425155972168023310][-1]
        ) ; [17454763621280140947][-1]
      ) ; [13284454791211047047][-1]
    ) ; [13969747730552061520][-1]
  ) ; [18006389763034818215][-1]
) ; [17028915436779710493][-1]
expected = (BindLink
  (VariableList
    (TypedVariableLink
      (VariableNode "$TyVs-bdfd20a") ; [9204124184600723501][1]
      (TypeChoice
        (TypeNode "TypedVariableLink") ; [1359961696412228875][1]
        (TypeNode "VariableList") ; [7312217543151217883][1]
      ) ; [17270728109337390039][1]
    ) ; [9481229133110402968][1]
    (VariableNode "$P-25868310") ; [6269843161004845467][1]
    (VariableNode "$B-6c74a409") ; [2890784671652436416][1]
  ) ; [14294833883544492234][1]
  (AndLink
    (EvaluationLink
      (GroundedPredicateNode "scm: true-enough") ; [4909340809722256524][1]
      (ImplicationLink
        (VariableNode "$B-6c74a409") ; [2890784671652436416][1]
        (QuoteLink
          (LambdaLink
            (UnquoteLink
              (VariableNode "$TyVs-bdfd20a") ; [9204124184600723501][1]
            ) ; [9234312375852294425][1]
            (UnquoteLink
              (VariableNode "$P-25868310") ; [6269843161004845467][1]
            ) ; [15523403389111192199][1]
          ) ; [17425155972168023310][1]
        ) ; [17454763621280140947][1]
      ) ; [12945354519166644938][1]
    ) ; [10637956840189449605][1]
    (NotLink
      (IdenticalLink
        (LambdaLink
          (TypedVariableLink
            (VariableNode "$X") ; [6809953386495729144][1]
            (TypeNode "ConceptNode") ; [3788696113922021255][1]
          ) ; [9225281168777978483][1]
          (EvaluationLink
            (PredicateNode "take") ; [3396821867884253757][1]
            (ListLink
              (VariableNode "$X") ; [6809953386495729144][1]
              (ConceptNode "treatment-1") ; [1169226509931710999][1]
            ) ; [14277394462883807884][1]
          ) ; [17397103924381176088][1]
        ) ; [12038310382464337399][1]
        (QuoteLink
          (LambdaLink
            (UnquoteLink
              (VariableNode "$TyVs-bdfd20a") ; [9204124184600723501][1]
            ) ; [9234312375852294425][1]
            (UnquoteLink
              (VariableNode "$P-25868310") ; [6269843161004845467][1]
            ) ; [15523403389111192199][1]
          ) ; [17425155972168023310][1]
        ) ; [17454763621280140947][1]
      ) ; [11093794040218363727][1]
    ) ; [11117015725796495207][1]
    (EvaluationLink
      (GroundedPredicateNode "scm: true-enough") ; [4909340809722256524][1]
      (ImplicationLink
        (LambdaLink
          (TypedVariableLink
            (VariableNode "$X") ; [6809953386495729144][1]
            (TypeNode "ConceptNode") ; [3788696113922021255][1]
          ) ; [9225281168777978483][1]
          (EvaluationLink
            (PredicateNode "take") ; [3396821867884253757][1]
            (ListLink
              (VariableNode "$X") ; [6809953386495729144][1]
              (ConceptNode "treatment-1") ; [1169226509931710999][1]
            ) ; [14277394462883807884][1]
          ) ; [17397103924381176088][1]
        ) ; [12038310382464337399][1]
        (VariableNode "$B-6c74a409") ; [2890784671652436416][1]
      ) ; [14325190883833622798][1]
    ) ; [12017793204856427465][1]
    (ImplicationLink
      (VariableNode "$B-6c74a409") ; [2890784671652436416][1]
      (QuoteLink
        (LambdaLink
          (UnquoteLink
            (VariableNode "$TyVs-bdfd20a") ; [9204124184600723501][1]
          ) ; [9234312375852294425][1]
          (UnquoteLink
            (VariableNode "$P-25868310") ; [6269843161004845467][1]
          ) ; [15523403389111192199][1]
        ) ; [17425155972168023310][1]
      ) ; [17454763621280140947][1]
    ) ; [12945354519166644938][1]
    (ImplicationLink
      (LambdaLink
        (TypedVariableLink
          (VariableNode "$X") ; [6809953386495729144][1]
          (TypeNode "ConceptNode") ; [3788696113922021255][1]
        ) ; [9225281168777978483][1]
        (EvaluationLink
          (PredicateNode "take") ; [3396821867884253757][1]
          (ListLink
            (VariableNode "$X") ; [6809953386495729144][1]
            (ConceptNode "treatment-1") ; [1169226509931710999][1]
          ) ; [14277394462883807884][1]
        ) ; [17397103924381176088][1]
      ) ; [12038310382464337399][1]
      (VariableNode "$B-6c74a409") ; [2890784671652436416][1]
    ) ; [14325190883833622798][1]
  ) ; [15941906683511717751][1]
  (ExecutionOutputLink
    (GroundedSchemaNode "scm: crisp-deduction-formula") ; [7041221571600637949][1]
    (ListLink
      (ImplicationLink
        (LambdaLink
          (TypedVariableLink
            (VariableNode "$X") ; [6809953386495729144][1]
            (TypeNode "ConceptNode") ; [3788696113922021255][1]
          ) ; [9225281168777978483][1]
          (EvaluationLink
            (PredicateNode "take") ; [3396821867884253757][1]
            (ListLink
              (VariableNode "$X") ; [6809953386495729144][1]
              (ConceptNode "treatment-1") ; [1169226509931710999][1]
            ) ; [14277394462883807884][1]
          ) ; [17397103924381176088][1]
        ) ; [12038310382464337399][1]
        (QuoteLink
          (LambdaLink
            (UnquoteLink
              (VariableNode "$TyVs-bdfd20a") ; [9204124184600723501][1]
            ) ; [9234312375852294425][1]
            (UnquoteLink
              (VariableNode "$P-25868310") ; [6269843161004845467][1]
            ) ; [15523403389111192199][1]
          ) ; [17425155972168023310][1]
        ) ; [17454763621280140947][1]
      ) ; [10442425759751775713][1]
      (ImplicationLink
        (LambdaLink
          (TypedVariableLink
            (VariableNode "$X") ; [6809953386495729144][1]
            (TypeNode "ConceptNode") ; [3788696113922021255][1]
          ) ; [9225281168777978483][1]
          (EvaluationLink
            (PredicateNode "take") ; [3396821867884253757][1]
            (ListLink
              (VariableNode "$X") ; [6809953386495729144][1]
              (ConceptNode "treatment-1") ; [1169226509931710999][1]
            ) ; [14277394462883807884][1]
          ) ; [17397103924381176088][1]
        ) ; [12038310382464337399][1]
        (VariableNode "$B-6c74a409") ; [2890784671652436416][1]
      ) ; [14325190883833622798][1]
      (ImplicationLink
        (VariableNode "$B-6c74a409") ; [2890784671652436416][1]
        (QuoteLink
          (LambdaLink
            (UnquoteLink
              (VariableNode "$TyVs-bdfd20a") ; [9204124184600723501][1]
            ) ; [9234312375852294425][1]
            (UnquoteLink
              (VariableNode "$P-25868310") ; [6269843161004845467][1]
            ) ; [15523403389111192199][1]
          ) ; [17425155972168023310][1]
        ) ; [17454763621280140947][1]
      ) ; [12945354519166644938][1]
    ) ; [13291547186463257302][1]
  ) ; [17328189218946013997][1]
) ; [17028915436779710493][1]
.rule = (BindLink
  (ImplicationScopeLink
    (TypedVariableLink
      (VariableNode "$X") ; [6809953386495729144][1]
      (TypeNode "ConceptNode") ; [3788696113922021255][1]
    ) ; [9225281168777978483][-1]
    (EvaluationLink
      (PredicateNode "P") ; [2213889286841575705][1]
      (VariableNode "$X") ; [6809953386495729144][1]
    ) ; [17009747857858600672][-1]
    (EvaluationLink
      (PredicateNode "Q") ; [1103054420470118233][1]
      (VariableNode "$X") ; [6809953386495729144][1]
    ) ; [17245685415019607328][-1]
  ) ; [11246417726306593584][-1]
  (ExecutionOutputLink
    (GroundedSchemaNode "scm: implication-scope-to-implication-formula") ; [7761197575100873157][1]
    (ListLink
      (ImplicationLink
        (LambdaLink
          (TypedVariableLink
            (VariableNode "$X") ; [6809953386495729144][1]
            (TypeNode "ConceptNode") ; [3788696113922021255][1]
          ) ; [9225281168777978483][-1]
          (EvaluationLink
            (PredicateNode "P") ; [2213889286841575705][1]
            (VariableNode "$X") ; [6809953386495729144][1]
          ) ; [17009747857858600672][-1]
        ) ; [17949168881855469356][-1]
        (LambdaLink
          (TypedVariableLink
            (VariableNode "$X") ; [6809953386495729144][1]
            (TypeNode "ConceptNode") ; [3788696113922021255][1]
          ) ; [9225281168777978483][-1]
          (EvaluationLink
            (PredicateNode "Q") ; [1103054420470118233][1]
            (VariableNode "$X") ; [6809953386495729144][1]
          ) ; [17245685415019607328][-1]
        ) ; [18185106439016476012][-1]
      ) ; [12540286283445173391][-1]
      (ImplicationScopeLink
        (TypedVariableLink
          (VariableNode "$X") ; [6809953386495729144][1]
          (TypeNode "ConceptNode") ; [3788696113922021255][1]
        ) ; [9225281168777978483][-1]
        (EvaluationLink
          (PredicateNode "P") ; [2213889286841575705][1]
          (VariableNode "$X") ; [6809953386495729144][1]
        ) ; [17009747857858600672][-1]
        (EvaluationLink
          (PredicateNode "Q") ; [1103054420470118233][1]
          (VariableNode "$X") ; [6809953386495729144][1]
        ) ; [17245685415019607328][-1]
      ) ; [11246417726306593584][-1]
    ) ; [10541386467785282844][-1]
  ) ; [10667120505211473979][-1]
) ; [11239749392070974561][-1]
expected = (BindLink
  (ImplicationScopeLink
    (TypedVariableLink
      (VariableNode "$X") ; [6809953386495729144][1]
      (TypeNode "ConceptNode") ; [3788696113922021255][1]
    ) ; [9225281168777978483][1]
    (EvaluationLink
      (PredicateNode "P") ; [2213889286841575705][1]
      (VariableNode "$X") ; [6809953386495729144][1]
    ) ; [17009747857858600672][1]
    (EvaluationLink
      (PredicateNode "Q") ; [1103054420470118233][1]
      (VariableNode "$X") ; [6809953386495729144][1]
    ) ; [17245685415019607328][1]
  ) ; [11246417726306593584][1]
  (ExecutionOutputLink
    (GroundedSchemaNode "scm: implication-scope-to-implication-formula") ; [7761197575100873157][1]
    (ListLink
      (ImplicationLink
        (LambdaLink
          (TypedVariableLink
            (VariableNode "$X") ; [6809953386495729144][1]
            (TypeNode "ConceptNode") ; [3788696113922021255][1]
          ) ; [9225281168777978483][1]
          (EvaluationLink
            (PredicateNode "P") ; [2213889286841575705][1]
            (VariableNode "$X") ; [6809953386495729144][1]
          ) ; [17009747857858600672][1]
        ) ; [17949168881855469356][1]
        (LambdaLink
          (TypedVariableLink
            (VariableNode "$X") ; [6809953386495729144][1]
            (TypeNode "ConceptNode") ; [3788696113922021255][1]
          ) ; [9225281168777978483][1]
          (EvaluationLink
            (PredicateNode "Q") ; [1103054420470118233][1]
            (VariableNode "$X") ; [6809953386495729144][1]
          ) ; [17245685415019607328][1]
        ) ; [18185106439016476012][1]
      ) ; [12540286283445173391][1]
      (ImplicationScopeLink
        (TypedVariableLink
          (VariableNode "$X") ; [6809953386495729144][1]
          (TypeNode "ConceptNode") ; [3788696113922021255][1]
        ) ; [9225281168777978483][1]
        (EvaluationLink
          (PredicateNode "P") ; [2213889286841575705][1]
          (VariableNode "$X") ; [6809953386495729144][1]
        ) ; [17009747857858600672][1]
        (EvaluationLink
          (PredicateNode "Q") ; [1103054420470118233][1]
          (VariableNode "$X") ; [6809953386495729144][1]
        ) ; [17245685415019607328][1]
      ) ; [11246417726306593584][1]
    ) ; [10541386467785282844][1]
  ) ; [10667120505211473979][1]
) ; [11239749392070974561][1]
.implication_scope_to_implication_rule = name: implication-scope-to-implication-rule
rule:
(BindLink
  (VariableList
    (TypedVariableLink
      (VariableNode "$TyVs") ; [649798471945909599][1]
      (TypeChoice
        (TypeNode "TypedVariableLink") ; [1359961696412228875][1]
        (TypeNode "VariableList") ; [7312217543151217883][1]
      ) ; [17270728109337390039][1]
    ) ; [13113013757999594250][1]
    (VariableNode "$P") ; [387709778315933190][1]
    (VariableNode "$Q") ; [6972419301432298540][1]
  ) ; [16143732352171025651][1]
  (QuoteLink
    (ImplicationScopeLink
      (UnquoteLink
        (VariableNode "$TyVs") ; [649798471945909599][1]
      ) ; [9903358700052256331][1]
      (UnquoteLink
        (VariableNode "$P") ; [387709778315933190][1]
      ) ; [9641270006422279922][1]
      (UnquoteLink
        (VariableNode "$Q") ; [6972419301432298540][1]
      ) ; [16225979529538645272][1]
    ) ; [16591777568852201247][1]
  ) ; [16621385217964318884][1]
  (ExecutionOutputLink
    (GroundedSchemaNode "scm: implication-scope-to-implication-formula") ; [7761197575100873157][1]
    (ListLink
      (ImplicationLink
        (QuoteLink
          (LambdaLink
            (UnquoteLink
              (VariableNode "$TyVs") ; [649798471945909599][1]
            ) ; [9903358700052256331][1]
            (UnquoteLink
              (VariableNode "$P") ; [387709778315933190][1]
            ) ; [9641270006422279922][1]
          ) ; [15174807214368301906][1]
        ) ; [15204414863480419543][1]
        (QuoteLink
          (LambdaLink
            (UnquoteLink
              (VariableNode "$TyVs") ; [649798471945909599][1]
            ) ; [9903358700052256331][1]
            (UnquoteLink
              (VariableNode "$Q") ; [6972419301432298540][1]
            ) ; [16225979529538645272][1]
          ) ; [12536144700629891857][1]
        ) ; [12565752349742009494][1]
      ) ; [17801141993196596932][1]
      (QuoteLink
        (ImplicationScopeLink
          (UnquoteLink
            (VariableNode "$TyVs") ; [649798471945909599][1]
          ) ; [9903358700052256331][1]
          (UnquoteLink
            (VariableNode "$P") ; [387709778315933190][1]
          ) ; [9641270006422279922][1]
          (UnquoteLink
            (VariableNode "$Q") ; [6972419301432298540][1]
          ) ; [16225979529538645272][1]
        ) ; [16591777568852201247][1]
      ) ; [16621385217964318884][1]
    ) ; [14280523680999244645][1]
  ) ; [14406257718425435780][1]
) ; [15849761281054575400][1]
target = (ImplicationLink
  (LambdaLink
    (TypedVariableLink
      (VariableNode "$X") ; [6809953386495729144][1]
      (TypeNode "ConceptNode") ; [3788696113922021255][1]
    ) ; [9225281168777978483][1]
    (VariableNode "$P") ; [387709778315933190][1]
  ) ; [9842136452346963890][1]
  (LambdaLink
    (TypedVariableLink
      (VariableNode "$X") ; [6809953386495729144][1]
      (TypeNode "ConceptNode") ; [3788696113922021255][1]
    ) ; [9225281168777978483][1]
    (EvaluationLink
      (PredicateNode "Q") ; [1103054420470118233][1]
      (VariableNode "$X") ; [6809953386495729144][1]
    ) ; [17245685415019607328][1]
  ) ; [18185106439016476012][1]
) ; [12486005178452991445][1]
rule = (BindLink
  (VariableNode "$P") ; [387709778315933190][1]
  (ImplicationScopeLink
    (TypedVariableLink
      (VariableNode "$X") ; [6809953386495729144][1]
      (TypeNode "ConceptNode") ; [3788696113922021255][1]
    ) ; [9225281168777978483][-1]
    (VariableNode "$P") ; [387709778315933190][1]
    (EvaluationLink
      (PredicateNode "Q") ; [1103054420470118233][1]
      (VariableNode "$X") ; [6809953386495729144][1]
    ) ; [17245685415019607328][-1]
  ) ; [11192136621314412047][-1]
  (ExecutionOutputLink
    (GroundedSchemaNode "scm: implication-scope-to-implication-formula") ; [7761197575100873157][1]
    (ListLink
      (ImplicationLink
        (LambdaLink
          (TypedVariableLink
            (VariableNode "$X") ; [6809953386495729144][1]
            (TypeNode "ConceptNode") ; [3788696113922021255][1]
          ) ; [9225281168777978483][-1]
          (VariableNode "$P") ; [387709778315933190][1]
        ) ; [9842136452346963890][-1]
        (LambdaLink
          (TypedVariableLink
            (VariableNode "$X") ; [6809953386495729144][1]
            (TypeNode "ConceptNode") ; [3788696113922021255][1]
          ) ; [9225281168777978483][-1]
          (EvaluationLink
            (PredicateNode "Q") ; [1103054420470118233][1]
            (VariableNode "$X") ; [6809953386495729144][1]
          ) ; [17245685415019607328][-1]
        ) ; [18185106439016476012][-1]
      ) ; [12486005178452991445][-1]
      (ImplicationScopeLink
        (TypedVariableLink
          (VariableNode "$X") ; [6809953386495729144][1]
          (TypeNode "ConceptNode") ; [3788696113922021255][1]
        ) ; [9225281168777978483][-1]
        (VariableNode "$P") ; [387709778315933190][1]
        (EvaluationLink
          (PredicateNode "Q") ; [1103054420470118233][1]
          (VariableNode "$X") ; [6809953386495729144][1]
        ) ; [17245685415019607328][-1]
      ) ; [11192136621314412047][-1]
    ) ; [17919200934905872897][-1]
  ) ; [18044934972332064032][-1]
) ; [18167476763544570965][-1]
expected = (BindLink
  (VariableNode "$P") ; [387709778315933190][1]
  (ImplicationScopeLink
    (TypedVariableLink
      (VariableNode "$X") ; [6809953386495729144][1]
      (TypeNode "ConceptNode") ; [3788696113922021255][1]
    ) ; [9225281168777978483][1]
    (VariableNode "$P") ; [387709778315933190][1]
    (EvaluationLink
      (PredicateNode "Q") ; [1103054420470118233][1]
      (VariableNode "$X") ; [6809953386495729144][1]
    ) ; [17245685415019607328][1]
  ) ; [11192136621314412047][1]
  (ExecutionOutputLink
    (GroundedSchemaNode "scm: implication-scope-to-implication-formula") ; [7761197575100873157][1]
    (ListLink
      (ImplicationLink
        (LambdaLink
          (TypedVariableLink
            (VariableNode "$X") ; [6809953386495729144][1]
            (TypeNode "ConceptNode") ; [3788696113922021255][1]
          ) ; [9225281168777978483][1]
          (VariableNode "$P") ; [387709778315933190][1]
        ) ; [9842136452346963890][1]
        (LambdaLink
          (TypedVariableLink
            (VariableNode "$X") ; [6809953386495729144][1]
            (TypeNode "ConceptNode") ; [3788696113922021255][1]
          ) ; [9225281168777978483][1]
          (EvaluationLink
            (PredicateNode "Q") ; [1103054420470118233][1]
            (VariableNode "$X") ; [6809953386495729144][1]
          ) ; [17245685415019607328][1]
        ) ; [18185106439016476012][1]
      ) ; [12486005178452991445][1]
      (ImplicationScopeLink
        (TypedVariableLink
          (VariableNode "$X") ; [6809953386495729144][1]
          (TypeNode "ConceptNode") ; [3788696113922021255][1]
        ) ; [9225281168777978483][1]
        (VariableNode "$P") ; [387709778315933190][1]
        (EvaluationLink
          (PredicateNode "Q") ; [1103054420470118233][1]
          (VariableNode "$X") ; [6809953386495729144][1]
        ) ; [17245685415019607328][1]
      ) ; [11192136621314412047][1]
    ) ; [17919200934905872897][1]
  ) ; [18044934972332064032][1]
) ; [18167476763544570965][1]
..implication_scope_to_implication_rule = name: implication-scope-to-implication-rule
rule:
(BindLink
  (VariableList
    (TypedVariableLink
      (VariableNode "$TyVs") ; [649798471945909599][1]
      (TypeChoice
        (TypeNode "TypedVariableLink") ; [1359961696412228875][1]
        (TypeNode "VariableList") ; [7312217543151217883][1]
      ) ; [17270728109337390039][1]
    ) ; [13113013757999594250][1]
    (VariableNode "$P") ; [387709778315933190][1]
    (VariableNode "$Q") ; [6972419301432298540][1]
  ) ; [16143732352171025651][1]
  (QuoteLink
    (ImplicationScopeLink
      (UnquoteLink
        (VariableNode "$TyVs") ; [649798471945909599][1]
      ) ; [9903358700052256331][1]
      (UnquoteLink
        (VariableNode "$P") ; [387709778315933190][1]
      ) ; [9641270006422279922][1]
      (UnquoteLink
        (VariableNode "$Q") ; [6972419301432298540][1]
      ) ; [16225979529538645272][1]
    ) ; [16591777568852201247][1]
  ) ; [16621385217964318884][1]
  (ExecutionOutputLink
    (GroundedSchemaNode "scm: implication-scope-to-implication-formula") ; [7761197575100873157][1]
    (ListLink
      (ImplicationLink
        (QuoteLink
          (LambdaLink
            (UnquoteLink
              (VariableNode "$TyVs") ; [649798471945909599][1]
            ) ; [9903358700052256331][1]
            (UnquoteLink
              (VariableNode "$P") ; [387709778315933190][1]
            ) ; [9641270006422279922][1]
          ) ; [15174807214368301906][1]
        ) ; [15204414863480419543][1]
        (QuoteLink
          (LambdaLink
            (UnquoteLink
              (VariableNode "$TyVs") ; [649798471945909599][1]
            ) ; [9903358700052256331][1]
            (UnquoteLink
              (VariableNode "$Q") ; [6972419301432298540][1]
            ) ; [16225979529538645272][1]
          ) ; [12536144700629891857][1]
        ) ; [12565752349742009494][1]
      ) ; [17801141993196596932][1]
      (QuoteLink
        (ImplicationScopeLink
          (UnquoteLink
            (VariableNode "$TyVs") ; [649798471945909599][1]
          ) ; [9903358700052256331][1]
          (UnquoteLink
            (VariableNode "$P") ; [387709778315933190][1]
          ) ; [9641270006422279922][1]
          (UnquoteLink
            (VariableNode "$Q") ; [6972419301432298540][1]
          ) ; [16225979529538645272][1]
        ) ; [16591777568852201247][1]
      ) ; [16621385217964318884][1]
    ) ; [14280523680999244645][1]
  ) ; [14406257718425435780][1]
) ; [15849761281054575400][1]
target = (ImplicationLink
  (VariableNode "$B-2db76aad") ; [4659857001743544359][1]
  (VariableNode "$Q-38ea0de8") ; [3836760213693964926][1]
) ; [11589877820313151996][1]
rule = (BindLink
  (VariableList
    (TypedVariableLink
      (VariableNode "$TyVs-1e473b8e") ; [7471185769683583096][-1]
      (TypeChoice
        (TypeNode "VariableList") ; [7312217543151217883][-1]
        (TypeNode "TypedVariableLink") ; [1359961696412228875][-1]
      ) ; [14052102431034746327][-1]
    ) ; [13639240020525556547][-1]
    (VariableNode "$P-24b2cd09") ; [516895619934979740][-1]
    (VariableNode "$Q-1b1cc2ca") ; [6170910299503959][-1]
  ) ; [14651950340243608557][-1]
  (QuoteLink
    (ImplicationScopeLink
      (UnquoteLink
        (VariableNode "$TyVs-1e473b8e") ; [7471185769683583096][-1]
      ) ; [16724745997789929828][-1]
      (UnquoteLink
        (VariableNode "$P-24b2cd09") ; [516895619934979740][-1]
      ) ; [9770455848041326472][-1]
      (UnquoteLink
        (VariableNode "$Q-1b1cc2ca") ; [6170910299503959][-1]
      ) ; [9259731138405850691][-1]
    ) ; [17564939519379855200][-1]
  ) ; [17594547168491972837][-1]
  (ExecutionOutputLink
    (GroundedSchemaNode "scm: implication-scope-to-implication-formula") ; [7761197575100873157][1]
    (ListLink
      (ImplicationLink
        (QuoteLink
          (LambdaLink
            (UnquoteLink
              (VariableNode "$TyVs-1e473b8e") ; [7471185769683583096][-1]
            ) ; [16724745997789929828][-1]
            (UnquoteLink
              (VariableNode "$P-24b2cd09") ; [516895619934979740][-1]
            ) ; [9770455848041326472][-1]
          ) ; [9825472959961179066][-1]
        ) ; [9855080609073296703][-1]
        (QuoteLink
          (LambdaLink
            (UnquoteLink
              (VariableNode "$TyVs-1e473b8e") ; [7471185769683583096][-1]
            ) ; [16724745997789929828][-1]
            (UnquoteLink
              (VariableNode "$Q-1b1cc2ca") ; [6170910299503959][-1]
            ) ; [9259731138405850691][-1]
          ) ; [9314748250325703285][-1]
        ) ; [9344355899437820922][-1]
      ) ; [13295783847698094992][-1]
      (QuoteLink
        (ImplicationScopeLink
          (UnquoteLink
            (VariableNode "$TyVs-1e473b8e") ; [7471185769683583096][-1]
          ) ; [16724745997789929828][-1]
          (UnquoteLink
            (VariableNode "$P-24b2cd09") ; [516895619934979740][-1]
          ) ; [9770455848041326472][-1]
          (UnquoteLink
            (VariableNode "$Q-1b1cc2ca") ; [6170910299503959][-1]
          ) ; [9259731138405850691][-1]
        ) ; [17564939519379855200][-1]
      ) ; [17594547168491972837][-1]
    ) ; [14150819419752747506][-1]
  ) ; [14276553457178938641][-1]
) ; [15849761281054575400][-1]
expected = (BindLink
  (VariableList
    (TypedVariableLink
      (VariableNode "$TyVs") ; [649798471945909599][1]
      (TypeChoice
        (TypeNode "TypedVariableLink") ; [1359961696412228875][1]
        (TypeNode "VariableList") ; [7312217543151217883][1]
      ) ; [17270728109337390039][1]
    ) ; [13113013757999594250][1]
    (VariableNode "$P") ; [387709778315933190][1]
    (VariableNode "$Q") ; [6972419301432298540][1]
  ) ; [16143732352171025651][1]
  (QuoteLink
    (ImplicationScopeLink
      (UnquoteLink
        (VariableNode "$TyVs") ; [649798471945909599][1]
      ) ; [9903358700052256331][1]
      (UnquoteLink
        (VariableNode "$P") ; [387709778315933190][1]
      ) ; [9641270006422279922][1]
      (UnquoteLink
        (VariableNode "$Q") ; [6972419301432298540][1]
      ) ; [16225979529538645272][1]
    ) ; [16591777568852201247][1]
  ) ; [16621385217964318884][1]
  (ExecutionOutputLink
    (GroundedSchemaNode "scm: implication-scope-to-implication-formula") ; [7761197575100873157][1]
    (ListLink
      (ImplicationLink
        (QuoteLink
          (LambdaLink
            (UnquoteLink
              (VariableNode "$TyVs") ; [649798471945909599][1]
            ) ; [9903358700052256331][1]
            (UnquoteLink
              (VariableNode "$P") ; [387709778315933190][1]
            ) ; [9641270006422279922][1]
          ) ; [15174807214368301906][1]
        ) ; [15204414863480419543][1]
        (QuoteLink
          (LambdaLink
            (UnquoteLink
              (VariableNode "$TyVs") ; [649798471945909599][1]
            ) ; [9903358700052256331][1]
            (UnquoteLink
              (VariableNode "$Q") ; [6972419301432298540][1]
            ) ; [16225979529538645272][1]
          ) ; [12536144700629891857][1]
        ) ; [12565752349742009494][1]
      ) ; [17801141993196596932][1]
      (QuoteLink
        (ImplicationScopeLink
          (UnquoteLink
            (VariableNode "$TyVs") ; [649798471945909599][1]
          ) ; [9903358700052256331][1]
          (UnquoteLink
            (VariableNode "$P") ; [387709778315933190][1]
          ) ; [9641270006422279922][1]
          (UnquoteLink
            (VariableNode "$Q") ; [6972419301432298540][1]
          ) ; [16225979529538645272][1]
        ) ; [16591777568852201247][1]
      ) ; [16621385217964318884][1]
    ) ; [14280523680999244645][1]
  ) ; [14406257718425435780][1]
) ; [15849761281054575400][1]
.rules = size = 1
rule[0]:
rule:
name: implication-and-lambda-factorization-rule
rule:
(BindLink
  (LocalQuoteLink
    (AndLink
      (LambdaLink
        (TypedVariableLink
          (VariableNode "$X") ; [6809953386495729144][1]
          (TypeNode "ConceptNode") ; [3788696113922021255][1]
        ) ; [9225281168777978483][-1]
        (EvaluationLink
          (PredicateNode "take") ; [3396821867884253757][1]
          (ListLink
            (VariableNode "$X") ; [6809953386495729144][1]
            (ConceptNode "treatment-1") ; [1169226509931710999][1]
          ) ; [14277394462883807884][-1]
        ) ; [17397103924381176088][-1]
      ) ; [12038310382464337399][-1]
      (LambdaLink
        (TypedVariableLink
          (VariableNode "$X") ; [6809953386495729144][1]
          (TypeNode "ConceptNode") ; [3788696113922021255][1]
        ) ; [9225281168777978483][-1]
        (EvaluationLink
          (PredicateNode "contain") ; [6339226537938665996][1]
          (ListLink
            (ConceptNode "treatment-1") ; [1169226509931710999][1]
            (ConceptNode "compound-A") ; [5571266438078870282][1]
          ) ; [17002888201513884542][-1]
        ) ; [15764859369404322745][-1]
      ) ; [13773598696778281300][-1]
    ) ; [15160843576220477621][-1]
  ) ; [15191612309611501832][-1]
  (ExecutionOutputLink
    (GroundedSchemaNode "scm: implication-and-lambda-factorization-formula") ; [2613742205956865470][1]
    (ImplicationLink
      (AndLink
        (LambdaLink
          (TypedVariableLink
            (VariableNode "$X") ; [6809953386495729144][1]
            (TypeNode "ConceptNode") ; [3788696113922021255][1]
          ) ; [9225281168777978483][-1]
          (EvaluationLink
            (PredicateNode "take") ; [3396821867884253757][1]
            (ListLink
              (VariableNode "$X") ; [6809953386495729144][1]
              (ConceptNode "treatment-1") ; [1169226509931710999][1]
            ) ; [14277394462883807884][-1]
          ) ; [17397103924381176088][-1]
        ) ; [12038310382464337399][-1]
        (LambdaLink
          (TypedVariableLink
            (VariableNode "$X") ; [6809953386495729144][1]
            (TypeNode "ConceptNode") ; [3788696113922021255][1]
          ) ; [9225281168777978483][-1]
          (EvaluationLink
            (PredicateNode "contain") ; [6339226537938665996][1]
            (ListLink
              (ConceptNode "treatment-1") ; [1169226509931710999][1]
              (ConceptNode "compound-A") ; [5571266438078870282][1]
            ) ; [17002888201513884542][-1]
          ) ; [15764859369404322745][-1]
        ) ; [13773598696778281300][-1]
      ) ; [15160843576220477621][-1]
      (LambdaLink
        (TypedVariableLink
          (VariableNode "$X") ; [6809953386495729144][1]
          (TypeNode "ConceptNode") ; [3788696113922021255][1]
        ) ; [9225281168777978483][-1]
        (AndLink
          (EvaluationLink
            (PredicateNode "contain") ; [6339226537938665996][1]
            (ListLink
              (ConceptNode "treatment-1") ; [1169226509931710999][1]
              (ConceptNode "compound-A") ; [5571266438078870282][1]
            ) ; [17002888201513884542][-1]
          ) ; [15764859369404322745][-1]
          (EvaluationLink
            (PredicateNode "take") ; [3396821867884253757][1]
            (ListLink
              (VariableNode "$X") ; [6809953386495729144][1]
              (ConceptNode "treatment-1") ; [1169226509931710999][1]
            ) ; [14277394462883807884][-1]
          ) ; [17397103924381176088][-1]
        ) ; [12633256856876027515][-1]
      ) ; [16357482405211595485][-1]
    ) ; [10931647532233323689][-1]
  ) ; [16435423088148001505][-1]
) ; [14761881841330215446][-1]

typed substitutions:
substitution:
size = 4
atom[0]:
(VariableNode "$Q-38ea0de8") ; [3836760213693964926][1]
catom[0]:
context:
none
atom:
(LambdaLink
  (TypedVariableLink
    (VariableNode "$X") ; [6809953386495729144][1]
    (TypeNode "ConceptNode") ; [3788696113922021255][1]
  ) ; [9225281168777978483][-1]
  (EvaluationLink
    (PredicateNode "contain") ; [6339226537938665996][1]
    (ListLink
      (ConceptNode "treatment-1") ; [1169226509931710999][1]
      (ConceptNode "compound-A") ; [5571266438078870282][1]
    ) ; [17002888201513884542][-1]
  ) ; [15764859369404322745][-1]
) ; [13773598696778281300][-1]
atom[1]:
(VariableNode "$A2-43b9eaa3") ; [4989828094190918016][-1]
catom[1]:
context:
quotation: {level = 0, local = 0}
shadow:
size = 1
atom[0]:
(VariableNode "$X") ; [6809953386495729144][1]
scope_variables:
size = 1
variables[0]:
varseq:
size = 1
atom[0]:
(VariableNode "$X") ; [6809953386495729144][1]
_simple_typemap:
size = 1
variable[0]:
(VariableNode "$X") ; [6809953386495729144][1]
types[0]: ConceptNode
atom:
(EvaluationLink
  (PredicateNode "contain") ; [6339226537938665996][1]
  (ListLink
    (ConceptNode "treatment-1") ; [1169226509931710999][1]
    (ConceptNode "compound-A") ; [5571266438078870282][1]
  ) ; [17002888201513884542][-1]
) ; [15764859369404322745][-1]
atom[2]:
(VariableNode "$A1-793de097") ; [8162157668200538648][-1]
catom[2]:
context:
quotation: {level = 0, local = 0}
shadow:
size = 1
atom[0]:
(VariableNode "$X") ; [6809953386495729144][1]
scope_variables:
size = 1
variables[0]:
varseq:
size = 1
atom[0]:
(VariableNode "$X") ; [6809953386495729144][1]
_simple_typemap:
size = 1
variable[0]:
(VariableNode "$X") ; [6809953386495729144][1]
types[0]: ConceptNode
atom:
(EvaluationLink
  (PredicateNode "take") ; [3396821867884253757][1]
  (ListLink
    (VariableNode "$X") ; [6809953386495729144][1]
    (ConceptNode "treatment-1") ; [1169226509931710999][1]
  ) ; [14277394462883807884][-1]
) ; [17397103924381176088][-1]
atom[3]:
(VariableNode "$TyVs-6a2748f4") ; [8373242503602854514][-1]
catom[3]:
context:
quotation: {level = 0, local = 0}
shadow:
size = 1
atom[0]:
(VariableNode "$X") ; [6809953386495729144][1]
scope_variables:
size = 1
variables[0]:
varseq:
size = 1
atom[0]:
(VariableNode "$X") ; [6809953386495729144][1]
_simple_typemap:
size = 1
variable[0]:
(VariableNode "$X") ; [6809953386495729144][1]
types[0]: ConceptNode
atom:
(TypedVariableLink
  (VariableNode "$X") ; [6809953386495729144][1]
  (TypeNode "ConceptNode") ; [3788696113922021255][1]
) ; [9225281168777978483][-1]
vardecl:
(VariableList
) ; [9224234053970933719][-1]



rule = (BindLink
  (LocalQuoteLink
    (AndLink
      (LambdaLink
        (TypedVariableLink
          (VariableNode "$X") ; [6809953386495729144][1]
          (TypeNode "ConceptNode") ; [3788696113922021255][1]
        ) ; [9225281168777978483][-1]
        (EvaluationLink
          (PredicateNode "take") ; [3396821867884253757][1]
          (ListLink
            (VariableNode "$X") ; [6809953386495729144][1]
            (ConceptNode "treatment-1") ; [1169226509931710999][1]
          ) ; [14277394462883807884][-1]
        ) ; [17397103924381176088][-1]
      ) ; [12038310382464337399][-1]
      (LambdaLink
        (TypedVariableLink
          (VariableNode "$X") ; [6809953386495729144][1]
          (TypeNode "ConceptNode") ; [3788696113922021255][1]
        ) ; [9225281168777978483][-1]
        (EvaluationLink
          (PredicateNode "contain") ; [6339226537938665996][1]
          (ListLink
            (ConceptNode "treatment-1") ; [1169226509931710999][1]
            (ConceptNode "compound-A") ; [5571266438078870282][1]
          ) ; [17002888201513884542][-1]
        ) ; [15764859369404322745][-1]
      ) ; [13773598696778281300][-1]
    ) ; [15160843576220477621][-1]
  ) ; [15191612309611501832][-1]
  (ExecutionOutputLink
    (GroundedSchemaNode "scm: implication-and-lambda-factorization-formula") ; [2613742205956865470][1]
    (ImplicationLink
      (AndLink
        (LambdaLink
          (TypedVariableLink
            (VariableNode "$X") ; [6809953386495729144][1]
            (TypeNode "ConceptNode") ; [3788696113922021255][1]
          ) ; [9225281168777978483][-1]
          (EvaluationLink
            (PredicateNode "take") ; [3396821867884253757][1]
            (ListLink
              (VariableNode "$X") ; [6809953386495729144][1]
              (ConceptNode "treatment-1") ; [1169226509931710999][1]
            ) ; [14277394462883807884][-1]
          ) ; [17397103924381176088][-1]
        ) ; [12038310382464337399][-1]
        (LambdaLink
          (TypedVariableLink
            (VariableNode "$X") ; [6809953386495729144][1]
            (TypeNode "ConceptNode") ; [3788696113922021255][1]
          ) ; [9225281168777978483][-1]
          (EvaluationLink
            (PredicateNode "contain") ; [6339226537938665996][1]
            (ListLink
              (ConceptNode "treatment-1") ; [1169226509931710999][1]
              (ConceptNode "compound-A") ; [5571266438078870282][1]
            ) ; [17002888201513884542][-1]
          ) ; [15764859369404322745][-1]
        ) ; [13773598696778281300][-1]
      ) ; [15160843576220477621][-1]
      (LambdaLink
        (TypedVariableLink
          (VariableNode "$X") ; [6809953386495729144][1]
          (TypeNode "ConceptNode") ; [3788696113922021255][1]
        ) ; [9225281168777978483][-1]
        (AndLink
          (EvaluationLink
            (PredicateNode "contain") ; [6339226537938665996][1]
            (ListLink
              (ConceptNode "treatment-1") ; [1169226509931710999][1]
              (ConceptNode "compound-A") ; [5571266438078870282][1]
            ) ; [17002888201513884542][-1]
          ) ; [15764859369404322745][-1]
          (EvaluationLink
            (PredicateNode "take") ; [3396821867884253757][1]
            (ListLink
              (VariableNode "$X") ; [6809953386495729144][1]
              (ConceptNode "treatment-1") ; [1169226509931710999][1]
            ) ; [14277394462883807884][-1]
          ) ; [17397103924381176088][-1]
        ) ; [12633256856876027515][-1]
      ) ; [16357482405211595485][-1]
    ) ; [10931647532233323689][-1]
  ) ; [16435423088148001505][-1]
) ; [14761881841330215446][-1]
expected = (BindLink
  (LocalQuoteLink
    (AndLink
      (LambdaLink
        (TypedVariableLink
          (VariableNode "$X") ; [6809953386495729144][1]
          (TypeNode "ConceptNode") ; [3788696113922021255][1]
        ) ; [9225281168777978483][1]
        (EvaluationLink
          (PredicateNode "take") ; [3396821867884253757][1]
          (ListLink
            (VariableNode "$X") ; [6809953386495729144][1]
            (ConceptNode "treatment-1") ; [1169226509931710999][1]
          ) ; [14277394462883807884][1]
        ) ; [17397103924381176088][1]
      ) ; [12038310382464337399][1]
      (LambdaLink
        (TypedVariableLink
          (VariableNode "$X") ; [6809953386495729144][1]
          (TypeNode "ConceptNode") ; [3788696113922021255][1]
        ) ; [9225281168777978483][1]
        (EvaluationLink (stv 1.000000 1.000000)
          (PredicateNode "contain") ; [6339226537938665996][1]
          (ListLink
            (ConceptNode "treatment-1") ; [1169226509931710999][1]
            (ConceptNode "compound-A") ; [5571266438078870282][1]
          ) ; [17002888201513884542][1]
        ) ; [15764859369404322745][1]
      ) ; [13773598696778281300][1]
    ) ; [15160843576220477621][1]
  ) ; [15191612309611501832][1]
  (ExecutionOutputLink
    (GroundedSchemaNode "scm: implication-and-lambda-factorization-formula") ; [2613742205956865470][1]
    (ImplicationLink
      (AndLink
        (LambdaLink
          (TypedVariableLink
            (VariableNode "$X") ; [6809953386495729144][1]
            (TypeNode "ConceptNode") ; [3788696113922021255][1]
          ) ; [9225281168777978483][1]
          (EvaluationLink
            (PredicateNode "take") ; [3396821867884253757][1]
            (ListLink
              (VariableNode "$X") ; [6809953386495729144][1]
              (ConceptNode "treatment-1") ; [1169226509931710999][1]
            ) ; [14277394462883807884][1]
          ) ; [17397103924381176088][1]
        ) ; [12038310382464337399][1]
        (LambdaLink
          (TypedVariableLink
            (VariableNode "$X") ; [6809953386495729144][1]
            (TypeNode "ConceptNode") ; [3788696113922021255][1]
          ) ; [9225281168777978483][1]
          (EvaluationLink (stv 1.000000 1.000000)
            (PredicateNode "contain") ; [6339226537938665996][1]
            (ListLink
              (ConceptNode "treatment-1") ; [1169226509931710999][1]
              (ConceptNode "compound-A") ; [5571266438078870282][1]
            ) ; [17002888201513884542][1]
          ) ; [15764859369404322745][1]
        ) ; [13773598696778281300][1]
      ) ; [15160843576220477621][1]
      (LambdaLink
        (TypedVariableLink
          (VariableNode "$X") ; [6809953386495729144][1]
          (TypeNode "ConceptNode") ; [3788696113922021255][1]
        ) ; [9225281168777978483][1]
        (AndLink
          (EvaluationLink (stv 1.000000 1.000000)
            (PredicateNode "contain") ; [6339226537938665996][1]
            (ListLink
              (ConceptNode "treatment-1") ; [1169226509931710999][1]
              (ConceptNode "compound-A") ; [5571266438078870282][1]
            ) ; [17002888201513884542][1]
          ) ; [15764859369404322745][1]
          (EvaluationLink
            (PredicateNode "take") ; [3396821867884253757][1]
            (ListLink
              (VariableNode "$X") ; [6809953386495729144][1]
              (ConceptNode "treatment-1") ; [1169226509931710999][1]
            ) ; [14277394462883807884][1]
          ) ; [17397103924381176088][1]
        ) ; [12633256856876027515][1]
      ) ; [16357482405211595485][1]
    ) ; [10931647532233323689][1]
  ) ; [16435423088148001505][1]
) ; [14761881841330215446][1]
.rule = (BindLink
  (VariableList
  ) ; [9224234053970933719][-1]
  (AndLink
    (TypedVariableLink
      (VariableNode "$X") ; [6809953386495729144][1]
      (TypeNode "ConceptNode") ; [3788696113922021255][1]
    ) ; [9225281168777978483][-1]
    (EvaluationLink
      (GroundedPredicateNode "scm: closed-lambda-introduction-precondition") ; [2671625128671955095][1]
      (EvaluationLink
        (PredicateNode "contain") ; [6339226537938665996][1]
        (ListLink
          (ConceptNode "treatment-1") ; [1169226509931710999][1]
          (ConceptNode "compound-A") ; [5571266438078870282][1]
        ) ; [17002888201513884542][-1]
      ) ; [15764859369404322745][-1]
    ) ; [13399820510605386719][-1]
    (EvaluationLink
      (PredicateNode "contain") ; [6339226537938665996][1]
      (ListLink
        (ConceptNode "treatment-1") ; [1169226509931710999][1]
        (ConceptNode "compound-A") ; [5571266438078870282][1]
      ) ; [17002888201513884542][-1]
    ) ; [15764859369404322745][-1]
  ) ; [13670001819012153973][-1]
  (ExecutionOutputLink
    (GroundedSchemaNode "scm: closed-lambda-introduction-formula") ; [5247203847721993784][1]
    (ListLink
      (LambdaLink
        (TypedVariableLink
          (VariableNode "$X") ; [6809953386495729144][1]
          (TypeNode "ConceptNode") ; [3788696113922021255][1]
        ) ; [9225281168777978483][-1]
        (EvaluationLink
          (PredicateNode "contain") ; [6339226537938665996][1]
          (ListLink
            (ConceptNode "treatment-1") ; [1169226509931710999][1]
            (ConceptNode "compound-A") ; [5571266438078870282][1]
          ) ; [17002888201513884542][-1]
        ) ; [15764859369404322745][-1]
      ) ; [13773598696778281300][-1]
      (EvaluationLink
        (PredicateNode "contain") ; [6339226537938665996][1]
        (ListLink
          (ConceptNode "treatment-1") ; [1169226509931710999][1]
          (ConceptNode "compound-A") ; [5571266438078870282][1]
        ) ; [17002888201513884542][-1]
      ) ; [15764859369404322745][-1]
    ) ; [9642277566601693962][-1]
  ) ; [9816566932217848060][-1]
) ; [17360175625994878046][-1]
expected = (BindLink
  (VariableList
  ) ; [9224234053970933719][1]
  (AndLink
    (TypedVariableLink
      (VariableNode "$X") ; [6809953386495729144][1]
      (TypeNode "ConceptNode") ; [3788696113922021255][1]
    ) ; [9225281168777978483][1]
    (EvaluationLink
      (GroundedPredicateNode "scm: closed-lambda-introduction-precondition") ; [2671625128671955095][1]
      (EvaluationLink (stv 1.000000 1.000000)
        (PredicateNode "contain") ; [6339226537938665996][1]
        (ListLink
          (ConceptNode "treatment-1") ; [1169226509931710999][1]
          (ConceptNode "compound-A") ; [5571266438078870282][1]
        ) ; [17002888201513884542][1]
      ) ; [15764859369404322745][1]
    ) ; [13399820510605386719][1]
    (EvaluationLink (stv 1.000000 1.000000)
      (PredicateNode "contain") ; [6339226537938665996][1]
      (ListLink
        (ConceptNode "treatment-1") ; [1169226509931710999][1]
        (ConceptNode "compound-A") ; [5571266438078870282][1]
      ) ; [17002888201513884542][1]
    ) ; [15764859369404322745][1]
  ) ; [13670001819012153973][1]
  (ExecutionOutputLink
    (GroundedSchemaNode "scm: closed-lambda-introduction-formula") ; [5247203847721993784][1]
    (ListLink
      (LambdaLink
        (TypedVariableLink
          (VariableNode "$X") ; [6809953386495729144][1]
          (TypeNode "ConceptNode") ; [3788696113922021255][1]
        ) ; [9225281168777978483][1]
        (EvaluationLink (stv 1.000000 1.000000)
          (PredicateNode "contain") ; [6339226537938665996][1]
          (ListLink
            (ConceptNode "treatment-1") ; [1169226509931710999][1]
            (ConceptNode "compound-A") ; [5571266438078870282][1]
          ) ; [17002888201513884542][1]
        ) ; [15764859369404322745][1]
      ) ; [13773598696778281300][1]
      (EvaluationLink (stv 1.000000 1.000000)
        (PredicateNode "contain") ; [6339226537938665996][1]
        (ListLink
          (ConceptNode "treatment-1") ; [1169226509931710999][1]
          (ConceptNode "compound-A") ; [5571266438078870282][1]
        ) ; [17002888201513884542][1]
      ) ; [15764859369404322745][1]
    ) ; [9642277566601693962][1]
  ) ; [9816566932217848060][1]
) ; [17360175625994878046][1]
.rule = (BindLink
  (VariableList
  ) ; [9224234053970933719][-1]
  (AndLink
    (TypedVariableLink
      (VariableNode "$X") ; [6809953386495729144][1]
      (TypeNode "ConceptNode") ; [3788696113922021255][1]
    ) ; [9225281168777978483][-1]
    (EvaluationLink
      (GroundedPredicateNode "scm: closed-lambda-introduction-precondition") ; [2671625128671955095][1]
      (EvaluationLink
        (PredicateNode "take") ; [3396821867884253757][1]
        (ListLink
          (VariableNode "$X") ; [6809953386495729144][1]
          (ConceptNode "compound-A") ; [5571266438078870282][1]
        ) ; [9456062354176191359][-1]
      ) ; [12575771815673559563][-1]
    ) ; [10210732956874623537][-1]
    (EvaluationLink
      (PredicateNode "take") ; [3396821867884253757][1]
      (ListLink
        (VariableNode "$X") ; [6809953386495729144][1]
        (ConceptNode "compound-A") ; [5571266438078870282][1]
      ) ; [9456062354176191359][-1]
    ) ; [12575771815673559563][-1]
  ) ; [15921489434423515481][-1]
  (ExecutionOutputLink
    (GroundedSchemaNode "scm: closed-lambda-introduction-formula") ; [5247203847721993784][1]
    (ListLink
      (LambdaLink
        (TypedVariableLink
          (VariableNode "$X") ; [6809953386495729144][1]
          (TypeNode "ConceptNode") ; [3788696113922021255][1]
        ) ; [9225281168777978483][-1]
        (EvaluationLink
          (PredicateNode "take") ; [3396821867884253757][1]
          (ListLink
            (VariableNode "$X") ; [6809953386495729144][1]
            (ConceptNode "compound-A") ; [5571266438078870282][1]
          ) ; [9456062354176191359][-1]
        ) ; [12575771815673559563][-1]
      ) ; [16440350310611496682][-1]
      (EvaluationLink
        (PredicateNode "take") ; [3396821867884253757][1]
        (ListLink
          (VariableNode "$X") ; [6809953386495729144][1]
          (ConceptNode "compound-A") ; [5571266438078870282][1]
        ) ; [9456062354176191359][-1]
      ) ; [12575771815673559563][-1]
    ) ; [11445644937674056114][-1]
  ) ; [11619934303290210212][-1]
) ; [12046069505980967524][-1]
expected = (BindLink
  (VariableList
  ) ; [9224234053970933719][1]
  (AndLink
    (TypedVariableLink
      (VariableNode "$X") ; [6809953386495729144][1]
      (TypeNode "ConceptNode") ; [3788696113922021255][1]
    ) ; [9225281168777978483][1]
    (EvaluationLink
      (GroundedPredicateNode "scm: closed-lambda-introduction-precondition") ; [2671625128671955095][1]
      (EvaluationLink
        (PredicateNode "take") ; [3396821867884253757][1]
        (ListLink
          (VariableNode "$X") ; [6809953386495729144][1]
          (ConceptNode "compound-A") ; [5571266438078870282][1]
        ) ; [9456062354176191359][1]
      ) ; [12575771815673559563][1]
    ) ; [10210732956874623537][1]
    (EvaluationLink
      (PredicateNode "take") ; [3396821867884253757][1]
      (ListLink
        (VariableNode "$X") ; [6809953386495729144][1]
        (ConceptNode "compound-A") ; [5571266438078870282][1]
      ) ; [9456062354176191359][1]
    ) ; [12575771815673559563][1]
  ) ; [15921489434423515481][1]
  (ExecutionOutputLink
    (GroundedSchemaNode "scm: closed-lambda-introduction-formula") ; [5247203847721993784][1]
    (ListLink
      (LambdaLink
        (TypedVariableLink
          (VariableNode "$X") ; [6809953386495729144][1]
          (TypeNode "ConceptNode") ; [3788696113922021255][1]
        ) ; [9225281168777978483][1]
        (EvaluationLink
          (PredicateNode "take") ; [3396821867884253757][1]
          (ListLink
            (VariableNode "$X") ; [6809953386495729144][1]
            (ConceptNode "compound-A") ; [5571266438078870282][1]
          ) ; [9456062354176191359][1]
        ) ; [12575771815673559563][1]
      ) ; [16440350310611496682][1]
      (EvaluationLink
        (PredicateNode "take") ; [3396821867884253757][1]
        (ListLink
          (VariableNode "$X") ; [6809953386495729144][1]
          (ConceptNode "compound-A") ; [5571266438078870282][1]
        ) ; [9456062354176191359][1]
      ) ; [12575771815673559563][1]
    ) ; [11445644937674056114][1]
  ) ; [11619934303290210212][1]
) ; [12046069505980967524][1]
.rule = name: conditional-direct-evaluation-implication-scope-rule
rule:
(BindLink
  (TypedVariableLink
    (VariableNode "$I") ; [810201580149031737][1]
    (TypeNode "ImplicationScopeLink") ; [3980376687873658393][1]
  ) ; [14339336944093668966][1]
  (VariableNode "$I") ; [810201580149031737][1]
  (ExecutionOutputLink
    (GroundedSchemaNode "scm: conditional-direct-evaluation-implication-scope-formula") ; [2103813298581353303][1]
    (VariableNode "$I") ; [810201580149031737][1]
  ) ; [17156439303236135466][1]
) ; [12731525265691972348][1]
.OK!
;;; note: auto-compilation is enabled, set GUILE_AUTO_COMPILE=0
;;;       or pass the --no-auto-compile argument to disable.
;;; compiling /home/opencog/atomspace/tests/rule-engine/backwardchainer/bc-config.scm
;;; bc-config.scm:14:0: warning: possibly unbound variable `crisp-modus-ponens-rule-name'
;;; bc-config.scm:18:0: warning: possibly unbound variable `bc-deduction-rule-name'
;;; compiled /home/jenkins/.cache/guile/ccache/2.0-LE-8-2.0/home/opencog/atomspace/tests/rule-engine/backwardchainer/bc-config.scm.go
;;; compiling /home/opencog/atomspace/tests/rule-engine/./rules/bc-deduction-rule.scm
;;; bc-deduction-rule.scm:43:2: warning: possibly unbound variable `bool->tv'
;;; compiled /home/jenkins/.cache/guile/ccache/2.0-LE-8-2.0/home/opencog/atomspace/tests/rule-engine/rules/bc-deduction-rule.scm.go
;;; compiling /home/opencog/atomspace/tests/rule-engine/rules/crisp-deduction-rule.scm
;;; crisp-deduction-rule.scm:51:2: warning: possibly unbound variable `bool->tv'
;;; compiled /home/jenkins/.cache/guile/ccache/2.0-LE-8-2.0/home/opencog/atomspace/tests/rule-engine/rules/crisp-deduction-rule.scm.go
;;; compiling /home/opencog/atomspace/tests/rule-engine/rules/implication-scope-to-implication-rule.scm
;;; compiled /home/jenkins/.cache/guile/ccache/2.0-LE-8-2.0/home/opencog/atomspace/tests/rule-engine/rules/implication-scope-to-implication-rule.scm.go
;;; compiling /home/opencog/atomspace/tests/rule-engine/rules/implication-and-lambda-factorization-rule.scm
;;; compiled /home/jenkins/.cache/guile/ccache/2.0-LE-8-2.0/home/opencog/atomspace/tests/rule-engine/rules/implication-and-lambda-factorization-rule.scm.go
;;; compiling /home/opencog/atomspace/tests/rule-engine/rules/closed-lambda-introduction-rule.scm
;;; closed-lambda-introduction-rule.scm:53:2: warning: possibly unbound variable `bool->tv'
;;; compiled /home/jenkins/.cache/guile/ccache/2.0-LE-8-2.0/home/opencog/atomspace/tests/rule-engine/rules/closed-lambda-introduction-rule.scm.go
;;; compiling /home/opencog/atomspace/tests/rule-engine/rules/conditional-direct-evaluation.scm
;;; conditional-direct-evaluation.scm:42:28: warning: possibly unbound variable `cog-execute!'
;;; conditional-direct-evaluation.scm:46:51: warning: possibly unbound variable `consequent-values'
;;; compiled /home/jenkins/.cache/guile/ccache/2.0-LE-8-2.0/home/opencog/atomspace/tests/rule-engine/rules/conditional-direct-evaluation.scm.go
*** Error in `/home/opencog/atomspace/build/tests/rule-engine/RuleUTest': double free or corruption (!prev): 0x00000000022451e0 ***
======= Backtrace: =========
/lib/x86_64-linux-gnu/libc.so.6(+0x777e5)[0x7f04759c77e5]
/lib/x86_64-linux-gnu/libc.so.6(+0x8037a)[0x7f04759d037a]
/lib/x86_64-linux-gnu/libc.so.6(cfree+0x4c)[0x7f04759d453c]
/lib/x86_64-linux-gnu/libc.so.6(__cxa_finalize+0x9a)[0x7f047598a36a]
/home/opencog/atomspace/build/opencog/query/libquery.so(+0x20803)[0x7f0478079803]
======= Memory map: ========
00400000-00428000 r-xp 00000000 00:42 31389                              /home/opencog/atomspace/build/tests/rule-engine/RuleUTest
00627000-00629000 r--p 00027000 00:42 31389                              /home/opencog/atomspace/build/tests/rule-engine/RuleUTest
00629000-0062a000 rw-p 00029000 00:42 31389                              /home/opencog/atomspace/build/tests/rule-engine/RuleUTest
01c66000-02c9e000 rw-p 00000000 00:00 0                                  [heap]
7f0464000000-7f0464021000 rw-p 00000000 00:00 0 
7f0464021000-7f0468000000 ---p 00000000 00:00 0 
7f046ad83000-7f046ad84000 ---p 00000000 00:00 0 
7f046ad84000-7f046b584000 rw-p 00000000 00:00 0 
7f046b584000-7f046b5f9000 r-xp 00000000 00:42 25417                      /usr/local/lib/opencog/libquery.so
7f046b5f9000-7f046b7f8000 ---p 00075000 00:42 25417                      /usr/local/lib/opencog/libquery.so
7f046b7f8000-7f046b7fe000 r--p 00074000 00:42 25417                      /usr/local/lib/opencog/libquery.so
7f046b7fe000-7f046b7ff000 rw-p 0007a000 00:42 25417                      /usr/local/lib/opencog/libquery.so
7f046b7ff000-7f046b800000 ---p 00000000 00:00 0 
7f046b800000-7f046c000000 rw-p 00000000 00:00 0 
7f046c000000-7f046c024000 rw-p 00000000 00:00 0 
7f046c024000-7f0470000000 ---p 00000000 00:00 0 
7f04700a3000-7f04700a4000 rw-p 00000000 00:00 0 
7f04700a4000-7f04700a6000 r--p 00000000 00:42 31759                      /home/jenkins/.cache/guile/ccache/2.0-LE-8-2.0/home/opencog/atomspace/tests/rule-engine/rules/conditional-direct-evaluation.scm.go
7f04700a6000-7f04700a7000 r--p 00000000 00:42 31758                      /home/jenkins/.cache/guile/ccache/2.0-LE-8-2.0/home/opencog/atomspace/tests/rule-engine/rules/closed-lambda-introduction-rule.scm.go
7f04700a7000-7f04700a8000 r--p 00000000 00:42 31757                      /home/jenkins/.cache/guile/ccache/2.0-LE-8-2.0/home/opencog/atomspace/tests/rule-engine/rules/implication-and-lambda-factorization-rule.scm.go
7f04700a8000-7f04700a9000 r--p 00000000 00:42 31756                      /home/jenkins/.cache/guile/ccache/2.0-LE-8-2.0/home/opencog/atomspace/tests/rule-engine/rules/implication-scope-to-implication-rule.scm.go
7f04700a9000-7f04700aa000 r--p 00000000 00:42 31755                      /home/jenkins/.cache/guile/ccache/2.0-LE-8-2.0/home/opencog/atomspace/tests/rule-engine/rules/crisp-deduction-rule.scm.go
7f04700aa000-7f04700ab000 r--p 00000000 00:42 31754                      /home/jenkins/.cache/guile/ccache/2.0-LE-8-2.0/home/opencog/atomspace/tests/rule-engine/rules/bc-deduction-rule.scm.go
7f04700ab000-7f04700ac000 r--p 00000000 00:42 31750                      /home/jenkins/.cache/guile/ccache/2.0-LE-8-2.0/home/opencog/atomspace/tests/rule-engine/rules/crisp-modus-ponens-rule.scm.go
7f04700ac000-7f04700ad000 r--p 00000000 00:42 31753                      /home/jenkins/.cache/guile/ccache/2.0-LE-8-2.0/home/opencog/atomspace/tests/rule-engine/backwardchainer/bc-config.scm.go
7f04700ad000-7f04700af000 r--p 00000000 00:42 31759                      /home/jenkins/.cache/guile/ccache/2.0-LE-8-2.0/home/opencog/atomspace/tests/rule-engine/rules/conditional-direct-evaluation.scm.go
7f04700af000-7f04700b0000 r--p 00000000 00:42 31758                      /home/jenkins/.cache/guile/ccache/2.0-LE-8-2.0/home/opencog/atomspace/tests/rule-engine/rules/closed-lambda-introduction-rule.scm.go
7f04700b0000-7f04700b1000 r--p 00000000 00:42 31757                      /home/jenkins/.cache/guile/ccache/2.0-LE-8-2.0/home/opencog/atomspace/tests/rule-engine/rules/implication-and-lambda-factorization-rule.scm.go
7f04700b1000-7f04700b2000 r--p 00000000 00:42 31756                      /home/jenkins/.cache/guile/ccache/2.0-LE-8-2.0/home/opencog/atomspace/tests/rule-engine/rules/implication-scope-to-implication-rule.scm.go
7f04700b2000-7f04700b3000 r--p 00000000 00:42 31755                      /home/jenkins/.cache/guile/ccache/2.0-LE-8-2.0/home/opencog/atomspace/tests/rule-engine/rules/crisp-deduction-rule.scm.go
7f04700b3000-7f04700b4000 r--p 00000000 00:42 31754                      /home/jenkins/.cache/guile/ccache/2.0-LE-8-2.0/home/opencog/atomspace/tests/rule-engine/rules/bc-deduction-rule.scm.go
7f04700b4000-7f04700b5000 r--p 00000000 00:42 31750                      /home/jenkins/.cache/guile/ccache/2.0-LE-8-2.0/home/opencog/atomspace/tests/rule-engine/rules/crisp-modus-ponens-rule.scm.go
7f04700b5000-7f04700b6000 r--p 00000000 00:42 31753                      /home/jenkins/.cache/guile/ccache/2.0-LE-8-2.0/home/opencog/atomspace/tests/rule-engine/backwardchainer/bc-config.scm.go
7f04700b6000-7f04700b8000 r--p 00000000 00:42 31759                      /home/jenkins/.cache/guile/ccache/2.0-LE-8-2.0/home/opencog/atomspace/tests/rule-engine/rules/conditional-direct-evaluation.scm.go
7f04700b8000-7f04700b9000 r--p 00000000 00:42 31758                      /home/jenkins/.cache/guile/ccache/2.0-LE-8-2.0/home/opencog/atomspace/tests/rule-engine/rules/closed-lambda-introduction-rule.scm.go
7f04700b9000-7f04700ba000 r--p 00000000 00:42 31757                      /home/jenkins/.cache/guile/ccache/2.0-LE-8-2.0/home/opencog/atomspace/tests/rule-engine/rules/implication-and-lambda-factorization-rule.scm.go
7f04700ba000-7f04700bb000 r--p 00000000 00:42 31756                      /home/jenkins/.cache/guile/ccache/2.0-LE-8-2.0/home/opencog/atomspace/tests/rule-engine/rules/implication-scope-to-implication-rule.scm.go
7f04700bb000-7f04700bc000 r--p 00000000 00:42 31755                      /home/jenkins/.cache/guile/ccache/2.0-LE-8-2.0/home/opencog/atomspace/tests/rule-engine/rules/crisp-deduction-rule.scm.go
7f04700bc000-7f04700bd000 r--p 00000000 00:42 31754                      /home/jenkins/.cache/guile/ccache/2.0-LE-8-2.0/home/opencog/atomspace/tests/rule-engine/rules/bc-deduction-rule.scm.go
7f04700bd000-7f04700be000 r--p 00000000 00:42 31750                      /home/jenkins/.cache/guile/ccache/2.0-LE-8-2.0/home/opencog/atomspace/tests/rule-engine/rules/crisp-modus-ponens-rule.scm.go
7f04700be000-7f04700bf000 r--p 00000000 00:42 31753                      /home/jenkins/.cache/guile/ccache/2.0-LE-8-2.0/home/opencog/atomspace/tests/rule-engine/backwardchainer/bc-config.scm.go
7f04700bf000-7f04700c1000 r--p 00000000 00:42 31759                      /home/jenkins/.cache/guile/ccache/2.0-LE-8-2.0/home/opencog/atomspace/tests/rule-engine/rules/conditional-direct-evaluation.scm.go
7f04700c1000-7f04700c2000 r--p 00000000 00:42 31758                      /home/jenkins/.cache/guile/ccache/2.0-LE-8-2.0/home/opencog/atomspace/tests/rule-engine/rules/closed-lambda-introduction-rule.scm.go
7f04700c2000-7f04700c3000 r--p 00000000 00:42 31757                      /home/jenkins/.cache/guile/ccache/2.0-LE-8-2.0/home/opencog/atomspace/tests/rule-engine/rules/implication-and-lambda-factorization-rule.scm.go
7f04700c3000-7f04700c4000 r--p 00000000 00:42 31756                      /home/jenkins/.cache/guile/ccache/2.0-LE-8-2.0/home/opencog/atomspace/tests/rule-engine/rules/implication-scope-to-implication-rule.scm.go
7f04700c4000-7f04700c5000 r--p 00000000 00:42 31755                      /home/jenkins/.cache/guile/ccache/2.0-LE-8-2.0/home/opencog/atomspace/tests/rule-engine/rules/crisp-deduction-rule.scm.go
7f04700c5000-7f04700c6000 r--p 00000000 00:42 31754                      /home/jenkins/.cache/guile/ccache/2.0-LE-8-2.0/home/opencog/atomspace/tests/rule-engine/rules/bc-deduction-rule.scm.go
7f04700c6000-7f04700c7000 r--p 00000000 00:42 31750                      /home/jenkins/.cache/guile/ccache/2.0-LE-8-2.0/home/opencog/atomspace/tests/rule-engine/rules/crisp-modus-ponens-rule.scm.go
7f04700c7000-7f04700c8000 r--p 00000000 00:42 31753                      /home/jenkins/.cache/guile/ccache/2.0-LE-8-2.0/home/opencog/atomspace/tests/rule-engine/backwardchainer/bc-config.scm.go
7f04700c8000-7f04700ca000 r--p 00000000 00:42 31759                      /home/jenkins/.cache/guile/ccache/2.0-LE-8-2.0/home/opencog/atomspace/tests/rule-engine/rules/conditional-direct-evaluation.scm.go
7f04700ca000-7f04700cb000 r--p 00000000 00:42 31758                      /home/jenkins/.cache/guile/ccache/2.0-LE-8-2.0/home/opencog/atomspace/tests/rule-engine/rules/closed-lambda-introduction-rule.scm.go
7f04700cb000-7f04700cc000 r--p 00000000 00:42 31757                      /home/jenkins/.cache/guile/ccache/2.0-LE-8-2.0/home/opencog/atomspace/tests/rule-engine/rules/implication-and-lambda-factorization-rule.scm.go
7f04700cc000-7f04700cd000 r--p 00000000 00:42 31756                      /home/jenkins/.cache/guile/ccache/2.0-LE-8-2.0/home/opencog/atomspace/tests/rule-engine/rules/implication-scope-to-implication-rule.scm.go
7f04700cd000-7f04700ce000 r--p 00000000 00:42 31755                      /home/jenkins/.cache/guile/ccache/2.0-LE-8-2.0/home/opencog/atomspace/tests/rule-engine/rules/crisp-deduction-rule.scm.go
7f04700ce000-7f04700cf000 r--p 00000000 00:42 31754                      /home/jenkins/.cache/guile/ccache/2.0-LE-8-2.0/home/opencog/atomspace/tests/rule-engine/rules/bc-deduction-rule.scm.go
7f04700cf000-7f04700d0000 r--p 00000000 00:42 31750                      /home/jenkins/.cache/guile/ccache/2.0-LE-8-2.0/home/opencog/atomspace/tests/rule-engine/rules/crisp-modus-ponens-rule.scm.go
7f04700d0000-7f04700d1000 r--p 00000000 00:42 31753                      /home/jenkins/.cache/guile/ccache/2.0-LE-8-2.0/home/opencog/atomspace/tests/rule-engine/backwardchainer/bc-config.scm.go
7f04700d1000-7f04700d3000 r--p 00000000 00:42 31759                      /home/jenkins/.cache/guile/ccache/2.0-LE-8-2.0/home/opencog/atomspace/tests/rule-engine/rules/conditional-direct-evaluation.scm.go
7f04700d3000-7f04700d4000 r--p 00000000 00:42 31758                      /home/jenkins/.cache/guile/ccache/2.0-LE-8-2.0/home/opencog/atomspace/tests/rule-engine/rules/closed-lambda-introduction-rule.scm.go
7f04700d4000-7f04700d5000 r--p 00000000 00:42 31757                      /home/jenkins/.cache/guile/ccache/2.0-LE-8-2.0/home/opencog/atomspace/tests/rule-engine/rules/implication-and-lambda-factorization-rule.scm.go
7f04700d5000-7f04700d6000 r--p 00000000 00:42 31756                      /home/jenkins/.cache/guile/ccache/2.0-LE-8-2.0/home/opencog/atomspace/tests/rule-engine/rules/implication-scope-to-implication-rule.scm.go
7f04700d6000-7f04700d7000 r--p 00000000 00:42 31755                      /home/jenkins/.cache/guile/ccache/2.0-LE-8-2.0/home/opencog/atomspace/tests/rule-engine/rules/crisp-deduction-rule.scm.go
7f04700d7000-7f04700d8000 r--p 00000000 00:42 31754                      /home/jenkins/.cache/guile/ccache/2.0-LE-8-2.0/home/opencog/atomspace/tests/rule-engine/rules/bc-deduction-rule.scm.go
7f04700d8000-7f04700d9000 r--p 00000000 00:42 31750                      /home/jenkins/.cache/guile/ccache/2.0-LE-8-2.0/home/opencog/atomspace/tests/rule-engine/rules/crisp-modus-ponens-rule.scm.go
7f04700d9000-7f04700da000 r--p 00000000 00:42 31753                      /home/jenkins/.cache/guile/ccache/2.0-LE-8-2.0/home/opencog/atomspace/tests/rule-engine/backwardchainer/bc-config.scm.go
7f04700da000-7f04700dc000 r--p 00000000 00:42 31759                      /home/jenkins/.cache/guile/ccache/2.0-LE-8-2.0/home/opencog/atomspace/tests/rule-engine/rules/conditional-direct-evaluation.scm.go
7f04700dc000-7f04700dd000 r--p 00000000 00:42 31758                      /home/jenkins/.cache/guile/ccache/2.0-LE-8-2.0/home/opencog/atomspace/tests/rule-engine/rules/closed-lambda-introduction-rule.scm.go
7f04700dd000-7f04700de000 r--p 00000000 00:42 31757                      /home/jenkins/.cache/guile/ccache/2.0-LE-8-2.0/home/opencog/atomspace/tests/rule-engine/rules/implication-and-lambda-factorization-rule.scm.go
7f04700de000-7f04700df000 r--p 00000000 00:42 31756                      /home/jenkins/.cache/guile/ccache/2.0-LE-8-2.0/home/opencog/atomspace/tests/rule-engine/rules/implication-scope-to-implication-rule.scm.go
7f04700df000-7f04700e0000 r--p 00000000 00:42 31755                      /home/jenkins/.cache/guile/ccache/2.0-LE-8-2.0/home/opencog/atomspace/tests/rule-engine/rules/crisp-deduction-rule.scm.go
7f04700e0000-7f04700e1000 r--p 00000000 00:42 31754                      /home/jenkins/.cache/guile/ccache/2.0-LE-8-2.0/home/opencog/atomspace/tests/rule-engine/rules/bc-deduction-rule.scm.go
7f04700e1000-7f04700e2000 r--p 00000000 00:42 31750                      /home/jenkins/.cache/guile/ccache/2.0-LE-8-2.0/home/opencog/atomspace/tests/rule-engine/rules/crisp-modus-ponens-rule.scm.go
7f04700e2000-7f04700e3000 r--p 00000000 00:42 31753                      /home/jenkins/.cache/guile/ccache/2.0-LE-8-2.0/home/opencog/atomspace/tests/rule-engine/backwardchainer/bc-config.scm.go
7f04700e3000-7f04700e5000 r--p 00000000 00:42 31759                      /home/jenkins/.cache/guile/ccache/2.0-LE-8-2.0/home/opencog/atomspace/tests/rule-engine/rules/conditional-direct-evaluation.scm.go
7f04700e5000-7f04700e6000 r--p 00000000 00:42 31758                      /home/jenkins/.cache/guile/ccache/2.0-LE-8-2.0/home/opencog/atomspace/tests/rule-engine/rules/closed-lambda-introduction-rule.scm.go
7f04700e6000-7f04700e7000 r--p 00000000 00:42 31757                      /home/jenkins/.cache/guile/ccache/2.0-LE-8-2.0/home/opencog/atomspace/tests/rule-engine/rules/implication-and-lambda-factorization-rule.scm.go
7f04700e7000-7f04700e8000 r--p 00000000 00:42 31756                      /home/jenkins/.cache/guile/ccache/2.0-LE-8-2.0/home/opencog/atomspace/tests/rule-engine/rules/implication-scope-to-implication-rule.scm.go
7f04700e8000-7f04700e9000 r--p 00000000 00:42 31755                      /home/jenkins/.cache/guile/ccache/2.0-LE-8-2.0/home/opencog/atomspace/tests/rule-engine/rules/crisp-deduction-rule.scm.go
7f04700e9000-7f04700ea000 r--p 00000000 00:42 31754                      /home/jenkins/.cache/guile/ccache/2.0-LE-8-2.0/home/opencog/atomspace/tests/rule-engine/rules/bc-deduction-rule.scm.go
7f04700ea000-7f04700eb000 r--p 00000000 00:42 31750                      /home/jenkins/.cache/guile/ccache/2.0-LE-8-2.0/home/opencog/atomspace/tests/rule-engine/rules/crisp-modus-ponens-rule.scm.go
7f04700eb000-7f04700ec000 r--p 00000000 00:42 31753                      /home/jenkins/.cache/guile/ccache/2.0-LE-8-2.0/home/opencog/atomspace/tests/rule-engine/backwardchainer/bc-config.scm.go
7f04700ec000-7f04700ee000 r--p 00000000 00:42 31759                      /home/jenkins/.cache/guile/ccache/2.0-LE-8-2.0/home/opencog/atomspace/tests/rule-engine/rules/conditional-direct-evaluation.scm.go
7f04700ee000-7f04700ef000 r--p 00000000 00:42 31758                      /home/jenkins/.cache/guile/ccache/2.0-LE-8-2.0/home/opencog/atomspace/tests/rule-engine/rules/closed-lambda-introduction-rule.scm.go
7f04700ef000-7f04700f0000 r--p 00000000 00:42 31757                      /home/jenkins/.cache/guile/ccache/2.0-LE-8-2.0/home/opencog/atomspace/tests/rule-engine/rules/implication-and-lambda-factorization-rule.scm.go
7f04700f0000-7f04700f1000 r--p 00000000 00:42 31756                      /home/jenkins/.cache/guile/ccache/2.0-LE-8-2.0/home/opencog/atomspace/tests/rule-engine/rules/implication-scope-to-implication-rule.scm.go
7f04700f1000-7f04700f2000 r--p 00000000 00:42 31755                      /home/jenkins/.cache/guile/ccache/2.0-LE-8-2.0/home/opencog/atomspace/tests/rule-engine/rules/crisp-deduction-rule.scm.go
7f04700f2000-7f04700f3000 r--p 00000000 00:42 31754                      /home/jenkins/.cache/guile/ccache/2.0-LE-8-2.0/home/opencog/atomspace/tests/rule-engine/rules/bc-deduction-rule.scm.go
7f04700f3000-7f04700f4000 r--p 00000000 00:42 31750                      /home/jenkins/.cache/guile/ccache/2.0-LE-8-2.0/home/opencog/atomspace/tests/rule-engine/rules/crisp-modus-ponens-rule.scm.go
7f04700f4000-7f04700f5000 r--p 00000000 00:42 31753                      /home/jenkins/.cache/guile/ccache/2.0-LE-8-2.0/home/opencog/atomspace/tests/rule-engine/backwardchainer/bc-config.scm.go
7f04700f5000-7f04700f7000 r--p 00000000 00:42 31759                      /home/jenkins/.cache/guile/ccache/2.0-LE-8-2.0/home/opencog/atomspace/tests/rule-engine/rules/conditional-direct-evaluation.scm.go
7f04700f7000-7f04700f8000 r--p 00000000 00:42 31758                      /home/jenkins/.cache/guile/ccache/2.0-LE-8-2.0/home/opencog/atomspace/tests/rule-engine/rules/closed-lambda-introduction-rule.scm.go
7f04700f8000-7f04700f9000 r--p 00000000 00:42 31757                      /home/jenkins/.cache/guile/ccache/2.0-LE-8-2.0/home/opencog/atomspace/tests/rule-engine/rules/implication-and-lambda-factorization-rule.scm.go
7f04700f9000-7f04700fa000 r--p 00000000 00:42 31756                      /home/jenkins/.cache/guile/ccache/2.0-LE-8-2.0/home/opencog/atomspace/tests/rule-engine/rules/implication-scope-to-implication-rule.scm.go
7f04700fa000-7f04700fb000 r--p 00000000 00:42 31755                      /home/jenkins/.cache/guile/ccache/2.0-LE-8-2.0/home/opencog/atomspace/tests/rule-engine/rules/crisp-deduction-rule.scm.go
7f04700fb000-7f04700fc000 r--p 00000000 00:42 31754                      /home/jenkins/.cache/guile/ccache/2.0-LE-8-2.0/home/opencog/atomspace/tests/rule-engine/rules/bc-deduction-rule.scm.go
7f04700fc000-7f04700fd000 r--p 00000000 00:42 31750                      /home/jenkins/.cache/guile/ccache/2.0-LE-8-2.0/home/opencog/atomspace/tests/rule-engine/rules/crisp-modus-ponens-rule.scm.go
7f04700fd000-7f04700fe000 r--p 00000000 00:42 31753                      /home/jenkins/.cache/guile/ccache/2.0-LE-8-2.0/home/opencog/atomspace/tests/rule-engine/backwardchainer/bc-config.scm.go
7f04700fe000-7f0470100000 r--p 00000000 00:42 31759                      /home/jenkins/.cache/guile/ccache/2.0-LE-8-2.0/home/opencog/atomspace/tests/rule-engine/rules/conditional-direct-evaluation.scm.go
7f0470100000-7f0470136000 r-xp 00000000 00:42 25361                      /usr/local/lib/opencog/libexecution.so
7f0470136000-7f0470335000 ---p 00036000 00:42 25361                      /usr/local/lib/opencog/libexecution.so
7f0470335000-7f0470337000 r--p 00035000 00:42 25361                      /usr/local/lib/opencog/libexecution.so
7f0470337000-7f0470338000 rw-p 00037000 00:42 25361                      /usr/local/lib/opencog/libexecution.so
7f0470338000-7f0470339000 r--p 00000000 00:42 31663                      /home/jenkins/.cache/guile/ccache/2.0-LE-8-2.0/home/opencog/atomspace/opencog/scm/opencog/query.scm.go
7f0470339000-7f047033a000 r--p 00000000 00:42 31758                      /home/jenkins/.cache/guile/ccache/2.0-LE-8-2.0/home/opencog/atomspace/tests/rule-engine/rules/closed-lambda-introduction-rule.scm.go
7f047033a000-7f047033b000 r--p 00000000 00:42 31757                      /home/jenkins/.cache/guile/ccache/2.0-LE-8-2.0/home/opencog/atomspace/tests/rule-engine/rules/implication-and-lambda-factorization-rule.scm.go
7f047033b000-7f047033c000 r--p 00000000 00:42 31756                      /home/jenkins/.cache/guile/ccache/2.0-LE-8-2.0/home/opencog/atomspace/tests/rule-engine/rules/implication-scope-to-implication-rule.scm.go
7f047033c000-7f047033d000 r--p 00000000 00:42 31755                      /home/jenkins/.cache/guile/ccache/2.0-LE-8-2.0/home/opencog/atomspace/tests/rule-engine/rules/crisp-deduction-rule.scm.go
7f047033d000-7f047033e000 r--p 00000000 00:42 31754                      /home/jenkins/.cache/guile/ccache/2.0-LE-8-2.0/home/opencog/atomspace/tests/rule-engine/rules/bc-deduction-rule.scm.go
7f047033e000-7f047033f000 r--p 00000000 00:42 31750                      /home/jenkins/.cache/guile/ccache/2.0-LE-8-2.0/home/opencog/atomspace/tests/rule-engine/rules/crisp-modus-ponens-rule.scm.go
7f047033f000-7f0470340000 r--p 00000000 00:42 31753                      /home/jenkins/.cache/guile/ccache/2.0-LE-8-2.0/home/opencog/atomspace/tests/rule-engine/backwardchainer/bc-config.scm.go
7f0470340000-7f0470341000 r--p 00000000 00:42 31633                      /home/jenkins/.cache/guile/ccache/2.0-LE-8-2.0/home/opencog/atomspace/opencog/scm/opencog/base/debug-trace.scm.go
7f0470341000-7f0470342000 r--p 00000000 00:42 31632                      /usr/lib/x86_64-linux-gnu/guile/2.0/ccache/srfi/srfi-8.go
7f0470342000-7f0470344000 r--p 00000000 00:42 31630                      /usr/lib/x86_64-linux-gnu/guile/2.0/ccache/rnrs/files.go
7f0470344000-7f0470345000 r--p 00000000 00:42 31628                      /usr/lib/x86_64-linux-gnu/guile/2.0/ccache/srfi/srfi-13.go
7f0470345000-7f0470351000 r--p 00000000 00:42 31626                      /usr/lib/x86_64-linux-gnu/guile/2.0/ccache/srfi/srfi-69.go
7f0470351000-7f0470354000 r--p 00000000 00:42 31624                      /usr/lib/x86_64-linux-gnu/guile/2.0/ccache/rnrs/hashtables.go
7f0470354000-7f047035a000 r--p 00000000 00:42 31622                      /usr/lib/x86_64-linux-gnu/guile/2.0/ccache/rnrs/records/syntactic.go
7f047035a000-7f047035b000 r--p 00000000 00:42 31620                      /usr/lib/x86_64-linux-gnu/guile/2.0/ccache/rnrs/syntax-case.go
7f047035b000-7f047035c000 r--p 00000000 00:42 31618                      /usr/lib/x86_64-linux-gnu/guile/2.0/ccache/srfi/srfi-60.go
7f047035c000-7f047035e000 r--p 00000000 00:42 31616                      /usr/lib/x86_64-linux-gnu/guile/2.0/ccache/rnrs/arithmetic/bitwise.go
7f047035e000-7f0470360000 r--p 00000000 00:42 31612                      /usr/lib/x86_64-linux-gnu/guile/2.0/ccache/rnrs/records/inspection.go
7f0470360000-7f0470361000 r--p 00000000 00:42 31610                      /usr/lib/x86_64-linux-gnu/guile/2.0/ccache/rnrs/control.go
7f0470361000-7f0470365000 r--p 00000000 00:42 31608                      /usr/lib/x86_64-linux-gnu/guile/2.0/ccache/rnrs/exceptions.go
7f0470365000-7f0470368000 r--p 00000000 00:42 31606                      /usr/lib/x86_64-linux-gnu/guile/2.0/ccache/rnrs/records/procedural.go
7f0470368000-7f0470369000 r--p 00000000 00:42 31602                      /usr/lib/x86_64-linux-gnu/guile/2.0/ccache/rnrs/lists.go
7f0470369000-7f047036c000 r--p 00000000 00:42 31600                      /usr/lib/x86_64-linux-gnu/guile/2.0/ccache/rnrs/conditions.go
7f047036c000-7f047036f000 r--p 00000000 00:42 31598                      /usr/lib/x86_64-linux-gnu/guile/2.0/ccache/rnrs/enums.go
7f047036f000-7f0470375000 r--p 00000000 00:42 31596                      /usr/lib/x86_64-linux-gnu/guile/2.0/ccache/rnrs/base.go
7f0470375000-7f0470376000 r--p 00000000 00:42 31594                      /usr/lib/x86_64-linux-gnu/guile/2.0/ccache/ice-9/binary-ports.go
7f0470376000-7f0470380000 r--p 00000000 00:42 31592                      /usr/lib/x86_64-linux-gnu/guile/2.0/ccache/rnrs/io/ports.go
7f0470380000-7f0470381000 r--p 00000000 00:42 31588                      /usr/lib/x86_64-linux-gnu/guile/2.0/ccache/ice-9/rw.go
7f0470381000-7f0470387000 r--p 00000000 00:42 31586                      /usr/lib/x86_64-linux-gnu/guile/2.0/ccache/ice-9/popen.go
7f0470387000-7f0470389000 r--p 00000000 00:42 31584                      /usr/lib/x86_64-linux-gnu/guile/2.0/ccache/ice-9/rdelim.go
7f0470389000-7f047038b000 r--p 00000000 00:42 31582                      /home/jenkins/.cache/guile/ccache/2.0-LE-8-2.0/home/opencog/atomspace/opencog/scm/opencog/base/file-utils.scm.go
7f047038b000-7f047038e000 r--p 00000000 00:42 31581                      /home/jenkins/.cache/guile/ccache/2.0-LE-8-2.0/home/opencog/atomspace/opencog/scm/opencog/base/av-tv.scm.go
7f047038e000-7f047038f000 r--p 00000000 00:42 31580                      /home/jenkins/.cache/guile/ccache/2.0-LE-8-2.0/home/opencog/atomspace/opencog/scm/opencog/base/apply.scm.go
7f047038f000-7f0470390000 r--p 00000000 00:42 31512                      /usr/lib/x86_64-linux-gnu/guile/2.0/ccache/language/objcode/spec.go
7f0470390000-7f0470393000 r--p 00000000 00:42 31558                      /usr/lib/x86_64-linux-gnu/guile/2.0/ccache/language/assembly/decompile-bytecode.go
7f0470393000-7f047039e000 r--p 00000000 00:42 31548                      /usr/lib/x86_64-linux-gnu/guile/2.0/ccache/language/glil/compile-assembly.go
7f047039e000-7f04703c1000 r--p 00000000 00:42 31542                      /usr/lib/x86_64-linux-gnu/guile/2.0/ccache/language/tree-il/analyze.go
7f04703c1000-7f04703ee000 r--p 00000000 00:42 31528                      /usr/lib/x86_64-linux-gnu/guile/2.0/ccache/language/tree-il/peval.go
7f04703ee000-7f0470586000 r--p 00000000 00:42 1377                       /usr/lib/locale/locale-archive
7f0470586000-7f0470588000 r-xp 00000000 00:42 20245                      /usr/lib/x86_64-linux-gnu/gconv/ISO8859-1.so
7f0470588000-7f0470787000 ---p 00002000 00:42 20245                      /usr/lib/x86_64-linux-gnu/gconv/ISO8859-1.so
7f0470787000-7f0470788000 r--p 00001000 00:42 20245                      /usr/lib/x86_64-linux-gnu/gconv/ISO8859-1.so
7f0470788000-7f0470789000 rw-p 00002000 00:42 20245                      /usr/lib/x86_64-linux-gnu/gconv/ISO8859-1.so
7f0470789000-7f047078a000 ---p 00000000 00:00 0 
7f047078a000-7f0470f8a000 rw-p 00000000 00:00 0 
7f0470f8a000-7f0470f8b000 ---p 00000000 00:00 0 
7f0470f8b000-7f047178b000 rw-p 00000000 00:00 0 
7f047178b000-7f047178c000 ---p 00000000 00:00 0 
7f047178c000-7f0471f8c000 rw-p 00000000 00:00 0 
7f0471f8c000-7f0471f8d000 ---p 00000000 00:00 0 
7f0471f8d000-7f047278d000 rw-p 00000000 00:00 0 
7f047278d000-7f047278e000 ---p 00000000 00:00 0 
7f047278e000-7f0472f8e000 rw-p 00000000 00:00 0 
7f0472f8e000-7f0472f8f000 ---p 00000000 00:00 0 
7f0472f8f000-7f047378f000 rw-p 00000000 00:00 0 
7f047378f000-7f0473790000 ---p 00000000 00:00 0 
7f0473790000-7f0473f90000 rw-p 00000000 00:00 0 
7f0473f90000-7f0473f97000 r-xp 00000000 00:42 4212                       /lib/x86_64-linux-gnu/librt-2.23.so
7f0473f97000-7f0474196000 ---p 00007000 00:42 4212                       /lib/x86_64-linux-gnu/librt-2.23.so
7f0474196000-7f0474197000 r--p 00006000 00:42 4212                       /lib/x86_64-linux-gnu/librt-2.23.so
7f0474197000-7f0474198000 rw-p 00007000 00:42 4212                       /lib/x86_64-linux-gnu/librt-2.23.so
7f0474198000-7f047419a000 r-xp 00000000 00:42 115                        /lib/x86_64-linux-gnu/libutil-2.23.so
7f047419a000-7f0474399000 ---p 00002000 00:42 115                        /lib/x86_64-linux-gnu/libutil-2.23.so
7f0474399000-7f047439a000 r--p 00001000 00:42 115                        /lib/x86_64-linux-gnu/libutil-2.23.so
7f047439a000-7f047439b000 rw-p 00002000 00:42 115                        /lib/x86_64-linux-gnu/libutil-2.23.so
7f047439b000-7f047439e000 r-xp 00000000 00:42 44                         /lib/x86_64-linux-gnu/libdl-2.23.so
7f047439e000-7f047459d000 ---p 00003000 00:42 44                         /lib/x86_64-linux-gnu/libdl-2.23.so
7f047459d000-7f047459e000 r--p 00002000 00:42 44                         /lib/x86_64-linux-gnu/libdl-2.23.so
7f047459e000-7f047459f000 rw-p 00003000 00:42 44                         /lib/x86_64-linux-gnu/libdl-2.23.so
7f047459f000-7f04745b8000 r-xp 00000000 00:42 65                         /lib/x86_64-linux-gnu/libz.so.1.2.8
7f04745b8000-7f04747b7000 ---p 00019000 00:42 65                         /lib/x86_64-linux-gnu/libz.so.1.2.8
7f04747b7000-7f04747b8000 r--p 00018000 00:42 65                         /lib/x86_64-linux-gnu/libz.so.1.2.8
7f04747b8000-7f04747b9000 rw-p 00019000 00:42 65                         /lib/x86_64-linux-gnu/libz.so.1.2.8
7f04747b9000-7f04748df000 r-xp 00000000 00:42 4958                       /usr/lib/x86_64-linux-gnu/libbfd-2.26.1-system.so
7f04748df000-7f0474ade000 ---p 00126000 00:42 4958                       /usr/lib/x86_64-linux-gnu/libbfd-2.26.1-system.so
7f0474ade000-7f0474af3000 r--p 00125000 00:42 4958                       /usr/lib/x86_64-linux-gnu/libbfd-2.26.1-system.so
7f0474af3000-7f0474af9000 rw-p 0013a000 00:42 4958                       /usr/lib/x86_64-linux-gnu/libbfd-2.26.1-system.so
7f0474af9000-7f0474afe000 rw-p 00000000 00:00 0 
7f0474afe000-7f0474b07000 r-xp 00000000 00:42 135                        /lib/x86_64-linux-gnu/libcrypt-2.23.so
7f0474b07000-7f0474d06000 ---p 00009000 00:42 135                        /lib/x86_64-linux-gnu/libcrypt-2.23.so
7f0474d06000-7f0474d07000 r--p 00008000 00:42 135                        /lib/x86_64-linux-gnu/libcrypt-2.23.so
7f0474d07000-7f0474d08000 rw-p 00009000 00:42 135                        /lib/x86_64-linux-gnu/libcrypt-2.23.so
7f0474d08000-7f0474d36000 rw-p 00000000 00:00 0 
7f0474d36000-7f0474d3f000 r-xp 00000000 00:42 4651                       /usr/lib/x86_64-linux-gnu/libltdl.so.7.3.1
7f0474d3f000-7f0474f3e000 ---p 00009000 00:42 4651                       /usr/lib/x86_64-linux-gnu/libltdl.so.7.3.1
7f0474f3e000-7f0474f3f000 r--p 00008000 00:42 4651                       /usr/lib/x86_64-linux-gnu/libltdl.so.7.3.1
7f0474f3f000-7f0474f40000 rw-p 00009000 00:42 4651                       /usr/lib/x86_64-linux-gnu/libltdl.so.7.3.1
7f0474f40000-7f0474fbf000 r-xp 00000000 00:42 5006                       /usr/lib/x86_64-linux-gnu/libgmp.so.10.3.0
7f0474fbf000-7f04751be000 ---p 0007f000 00:42 5006                       /usr/lib/x86_64-linux-gnu/libgmp.so.10.3.0
7f04751be000-7f04751bf000 r--p 0007e000 00:42 5006                       /usr/lib/x86_64-linux-gnu/libgmp.so.10.3.0
7f04751bf000-7f04751c0000 rw-p 0007f000 00:42 5006                       /usr/lib/x86_64-linux-gnu/libgmp.so.10.3.0
7f04751c0000-7f04752d1000 r-xp 00000000 00:42 4463                       /usr/lib/x86_64-linux-gnu/libunistring.so.0.1.2
7f04752d1000-7f04754d1000 ---p 00111000 00:42 4463                       /usr/lib/x86_64-linux-gnu/libunistring.so.0.1.2
7f04754d1000-7f04754d4000 r--p 00111000 00:42 4463                       /usr/lib/x86_64-linux-gnu/libunistring.so.0.1.2
7f04754d4000-7f04754d5000 rw-p 00114000 00:42 4463                       /usr/lib/x86_64-linux-gnu/libunistring.so.0.1.2
7f04754d5000-7f04754d6000 rw-p 00000000 00:00 0 
7f04754d6000-7f04754dd000 r-xp 00000000 00:42 4914                       /usr/lib/x86_64-linux-gnu/libffi.so.6.0.4
7f04754dd000-7f04756dc000 ---p 00007000 00:42 4914                       /usr/lib/x86_64-linux-gnu/libffi.so.6.0.4
7f04756dc000-7f04756dd000 r--p 00006000 00:42 4914                       /usr/lib/x86_64-linux-gnu/libffi.so.6.0.4
7f04756dd000-7f04756de000 rw-p 00007000 00:42 4914                       /usr/lib/x86_64-linux-gnu/libffi.so.6.0.4
7f04756de000-7f047570b000 r-xp 00000000 00:42 4587                       /usr/lib/x86_64-linux-gnu/libgc.so.1.0.3
7f047570b000-7f047590b000 ---p 0002d000 00:42 4587                       /usr/lib/x86_64-linux-gnu/libgc.so.1.0.3
7f047590b000-7f047590c000 r--p 0002d000 00:42 4587                       /usr/lib/x86_64-linux-gnu/libgc.so.1.0.3
7f047590c000-7f047590d000 rw-p 0002e000 00:42 4587                       /usr/lib/x86_64-linux-gnu/libgc.so.1.0.3
7f047590d000-7f0475950000 rw-p 00000000 00:00 0 
7f0475950000-7f0475b10000 r-xp 00000000 00:42 37                         /lib/x86_64-linux-gnu/libc-2.23.so
7f0475b10000-7f0475d10000 ---p 001c0000 00:42 37                         /lib/x86_64-linux-gnu/libc-2.23.so
7f0475d10000-7f0475d14000 r--p 001c0000 00:42 37                         /lib/x86_64-linux-gnu/libc-2.23.so
7f0475d14000-7f0475d16000 rw-p 001c4000 00:42 37                         /lib/x86_64-linux-gnu/libc-2.23.so
7f0475d16000-7f0475d1a000 rw-p 00000000 00:00 0 
7f0475d1a000-7f0475d30000 r-xp 00000000 00:42 1345                       /lib/x86_64-linux-gnu/libgcc_s.so.1
7f0475d30000-7f0475f2f000 ---p 00016000 00:42 1345                       /lib/x86_64-linux-gnu/libgcc_s.so.1
7f0475f2f000-7f0475f30000 rw-p 00015000 00:42 1345                       /lib/x86_64-linux-gnu/libgcc_s.so.1
7f0475f30000-7f0475f51000 r-xp 00000000 00:42 11201                      /usr/lib/x86_64-linux-gnu/libgomp.so.1.0.0
7f0475f51000-7f0476150000 ---p 00021000 00:42 11201                      /usr/lib/x86_64-linux-gnu/libgomp.so.1.0.0
7f0476150000-7f0476151000 r--p 00020000 00:42 11201                      /usr/lib/x86_64-linux-gnu/libgomp.so.1.0.0
7f0476151000-7f0476152000 rw-p 00021000 00:42 11201                      /usr/lib/x86_64-linux-gnu/libgomp.so.1.0.0
7f0476152000-7f047625a000 r-xp 00000000 00:42 157                        /lib/x86_64-linux-gnu/libm-2.23.so
7f047625a000-7f0476459000 ---p 00108000 00:42 157                        /lib/x86_64-linux-gnu/libm-2.23.so
7f0476459000-7f047645a000 r--p 00107000 00:42 157                        /lib/x86_64-linux-gnu/libm-2.23.so
7f047645a000-7f047645b000 rw-p 00108000 00:42 157                        /lib/x86_64-linux-gnu/libm-2.23.so
7f047645b000-7f04765cd000 r-xp 00000000 00:42 3569                       /usr/lib/x86_64-linux-gnu/libstdc++.so.6.0.21
7f04765cd000-7f04767cd000 ---p 00172000 00:42 3569                       /usr/lib/x86_64-linux-gnu/libstdc++.so.6.0.21
7f04767cd000-7f04767d7000 r--p 00172000 00:42 3569                       /usr/lib/x86_64-linux-gnu/libstdc++.so.6.0.21
7f04767d7000-7f04767d9000 rw-p 0017c000 00:42 3569                       /usr/lib/x86_64-linux-gnu/libstdc++.so.6.0.21
7f04767d9000-7f04767dd000 rw-p 00000000 00:00 0 
7f04767dd000-7f04767f3000 r-xp 00000000 00:42 24801                      /home/opencog/atomspace/build/opencog/attentionbank/libattentionbank.so
7f04767f3000-7f04769f3000 ---p 00016000 00:42 24801                      /home/opencog/atomspace/build/opencog/attentionbank/libattentionbank.so
7f04769f3000-7f04769f4000 r--p 00016000 00:42 24801                      /home/opencog/atomspace/build/opencog/attentionbank/libattentionbank.so
7f04769f4000-7f04769f5000 rw-p 00017000 00:42 24801                      /home/opencog/atomspace/build/opencog/attentionbank/libattentionbank.so
7f04769f5000-7f0476a19000 r-xp 00000000 00:42 4562                       /usr/lib/x86_64-linux-gnu/libboost_thread.so.1.58.0
7f0476a19000-7f0476c18000 ---p 00024000 00:42 4562                       /usr/lib/x86_64-linux-gnu/libboost_thread.so.1.58.0
7f0476c18000-7f0476c1a000 r--p 00023000 00:42 4562                       /usr/lib/x86_64-linux-gnu/libboost_thread.so.1.58.0
7f0476c1a000-7f0476c1b000 rw-p 00025000 00:42 4562                       /usr/lib/x86_64-linux-gnu/libboost_thread.so.1.58.0
7f0476c1b000-7f0476c45000 r-xp 00000000 00:42 25020                      /home/opencog/atomspace/build/opencog/atoms/pattern/liblambda.so
7f0476c45000-7f0476e45000 ---p 0002a000 00:42 25020                      /home/opencog/atomspace/build/opencog/atoms/pattern/liblambda.so
7f0476e45000-7f0476e46000 r--p 0002a000 00:42 25020                      /home/opencog/atomspace/build/opencog/atoms/pattern/liblambda.so
7f0476e46000-7f0476e47000 rw-p 0002b000 00:42 25020                      /home/opencog/atomspace/build/opencog/atoms/pattern/liblambda.so
7f0476e47000-7f0476e63000 r-xp 00000000 00:42 24857                      /home/opencog/atomspace/build/opencog/atoms/reduct/libclearbox.so
7f0476e63000-7f0477062000 ---p 0001c000 00:42 24857                      /home/opencog/atomspace/build/opencog/atoms/reduct/libclearbox.so
7f0477062000-7f0477063000 r--p 0001b000 00:42 24857                      /home/opencog/atomspace/build/opencog/atoms/reduct/libclearbox.so
7f0477063000-7f0477064000 rw-p 0001c000 00:42 24857                      /home/opencog/atomspace/build/opencog/atoms/reduct/libclearbox.so
7f0477064000-7f0477086000 r-xp 00000000 00:42 25042                      /home/opencog/atomspace/build/opencog/unify/libunify.so
7f0477086000-7f0477285000 ---p 00022000 00:42 25042                      /home/opencog/atomspace/build/opencog/unify/libunify.so
7f0477285000-7f0477286000 r--p 00021000 00:42 25042                      /home/opencog/atomspace/build/opencog/unify/libunify.so
7f0477286000-7f0477287000 rw-p 00022000 00:42 25042                      /home/opencog/atomspace/build/opencog/unify/libunify.so
7f0477287000-7f0477293000 r-xp 00000000 00:42 25002                      /home/opencog/atomspace/build/opencog/atomspaceutils/libatomspaceutils.so
7f0477293000-7f0477492000 ---p 0000c000 00:42 25002                      /home/opencog/atomspace/build/opencog/atomspaceutils/libatomspaceutils.so
7f0477492000-7f0477493000 r--p 0000b000 00:42 25002                      /home/opencog/atomspace/build/opencog/atomspaceutils/libatomspaceutils.so
7f0477493000-7f0477494000 rw-p 0000c000 00:42 25002                      /home/opencog/atomspace/build/opencog/atomspaceutils/libatomspaceutils.so
7f0477494000-7f0477786000 r-xp 00000000 00:42 4334                       /usr/lib/x86_64-linux-gnu/libpython2.7.so.1.0
7f0477786000-7f0477986000 ---p 002f2000 00:42 4334                       /usr/lib/x86_64-linux-gnu/libpython2.7.so.1.0
7f0477986000-7f0477988000 r--p 002f2000 00:42 4334                       /usr/lib/x86_64-linux-gnu/libpython2.7.so.1.0
7f0477988000-7f04779ff000 rw-p 002f4000 00:42 4334                       /usr/lib/x86_64-linux-gnu/libpython2.7.so.1.0
7f04779ff000-7f0477a22000 rw-p 00000000 00:00 0 
7f0477a22000-7f0477a39000 r-xp 00000000 00:42 4613                       /usr/lib/x86_64-linux-gnu/libboost_filesystem.so.1.58.0
7f0477a39000-7f0477c38000 ---p 00017000 00:42 4613                       /usr/lib/x86_64-linux-gnu/libboost_filesystem.so.1.58.0
7f0477c38000-7f0477c39000 r--p 00016000 00:42 4613                       /usr/lib/x86_64-linux-gnu/libboost_filesystem.so.1.58.0
7f0477c39000-7f0477c3a000 rw-p 00017000 00:42 4613                       /usr/lib/x86_64-linux-gnu/libboost_filesystem.so.1.58.0
7f0477c3a000-7f0477c54000 r-xp 00000000 00:42 25146                      /home/opencog/atomspace/build/opencog/cython/libPythonEval.so
7f0477c54000-7f0477e53000 ---p 0001a000 00:42 25146                      /home/opencog/atomspace/build/opencog/cython/libPythonEval.so
7f0477e53000-7f0477e54000 r--p 00019000 00:42 25146                      /home/opencog/atomspace/build/opencog/cython/libPythonEval.so
7f0477e54000-7f0477e55000 rw-p 0001a000 00:42 25146                      /home/opencog/atomspace/build/opencog/cython/libPythonEval.so
7f0477e55000-7f0477e58000 r-xp 00000000 00:42 4509                       /usr/lib/x86_64-linux-gnu/libboost_system.so.1.58.0
7f0477e58000-7f0478057000 ---p 00003000 00:42 4509                       /usr/lib/x86_64-linux-gnu/libboost_system.so.1.58.0
7f0478057000-7f0478058000 r--p 00002000 00:42 4509                       /usr/lib/x86_64-linux-gnu/libboost_system.so.1.58.0
7f0478058000-7f0478059000 rw-p 00003000 00:42 4509                       /usr/lib/x86_64-linux-gnu/libboost_system.so.1.58.0
7f0478059000-7f04780ce000 r-xp 00000000 00:42 25172                      /home/opencog/atomspace/build/opencog/query/libquery.so
7f04780ce000-7f04782cd000 ---p 00075000 00:42 25172                      /home/opencog/atomspace/build/opencog/query/libquery.so
7f04782cd000-7f04782d3000 r--p 00074000 00:42 25172                      /home/opencog/atomspace/build/opencog/query/libquery.so
7f04782d3000-7f04782d4000 rw-p 0007a000 00:42 25172                      /home/opencog/atomspace/build/opencog/query/libquery.so
7f04782d4000-7f047830a000 r-xp 00000000 00:42 25184                      /home/opencog/atomspace/build/opencog/atoms/execution/libexecution.so
7f047830a000-7f0478509000 ---p 00036000 00:42 25184                      /home/opencog/atomspace/build/opencog/atoms/execution/libexecution.so
7f0478509000-7f047850b000 r--p 00035000 00:42 25184                      /home/opencog/atomspace/build/opencog/atoms/execution/libexecution.so
7f047850b000-7f047850c000 rw-p 00037000 00:42 25184                      /home/opencog/atomspace/build/opencog/atoms/execution/libexecution.so
7f047850c000-7f0478557000 r-xp 00000000 00:42 22602                      /usr/local/lib/libcogutil.so
7f0478557000-7f0478756000 ---p 0004b000 00:42 22602                      /usr/local/lib/libcogutil.so
7f0478756000-7f0478758000 r--p 0004a000 00:42 22602                      /usr/local/lib/libcogutil.so
7f0478758000-7f0478759000 rw-p 0004c000 00:42 22602                      /usr/local/lib/libcogutil.so
7f0478759000-7f047875c000 rw-p 00000000 00:00 0 
7f047875c000-7f04788aa000 r-xp 00000000 00:42 4576                       /usr/lib/x86_64-linux-gnu/libguile-2.0.so.22.7.2
7f04788aa000-7f0478aa9000 ---p 0014e000 00:42 4576                       /usr/lib/x86_64-linux-gnu/libguile-2.0.so.22.7.2
7f0478aa9000-7f0478abb000 r--p 0014d000 00:42 4576                       /usr/lib/x86_64-linux-gnu/libguile-2.0.so.22.7.2
7f0478abb000-7f0478ad7000 rw-p 0015f000 00:42 4576                       /usr/lib/x86_64-linux-gnu/libguile-2.0.so.22.7.2
7f0478ad7000-7f0478ae4000 rw-p 00000000 00:00 0 
7f0478ae4000-7f0478afc000 r-xp 00000000 00:42 71                         /lib/x86_64-linux-gnu/libpthread-2.23.so
7f0478afc000-7f0478cfb000 ---p 00018000 00:42 71                         /lib/x86_64-linux-gnu/libpthread-2.23.so
7f0478cfb000-7f0478cfc000 r--p 00017000 00:42 71                         /lib/x86_64-linux-gnu/libpthread-2.23.so
7f0478cfc000-7f0478cfd000 rw-p 00018000 00:42 71                         /lib/x86_64-linux-gnu/libpthread-2.23.so
7f0478cfd000-7f0478d01000 rw-p 00000000 00:00 0 
7f0478d01000-7f0478d19000 r-xp 00000000 00:42 24709                      /home/opencog/atomspace/build/opencog/truthvalue/libtruthvalue.so
7f0478d19000-7f0478f19000 ---p 00018000 00:42 24709                      /home/opencog/atomspace/build/opencog/truthvalue/libtruthvalue.so
7f0478f19000-7f0478f1a000 r--p 00018000 00:42 24709                      /home/opencog/atomspace/build/opencog/truthvalue/libtruthvalue.so
7f0478f1a000-7f0478f1b000 rw-p 00019000 00:42 24709                      /home/opencog/atomspace/build/opencog/truthvalue/libtruthvalue.so
7f0478f1b000-7f0478f4d000 r-xp 00000000 00:42 24777                      /home/opencog/atomspace/build/opencog/atoms/base/libatombase.so
7f0478f4d000-7f047914d000 ---p 00032000 00:42 24777                      /home/opencog/atomspace/build/opencog/atoms/base/libatombase.so
7f047914d000-7f047914e000 r--p 00032000 00:42 24777                      /home/opencog/atomspace/build/opencog/atoms/base/libatombase.so
7f047914e000-7f047914f000 rw-p 00033000 00:42 24777                      /home/opencog/atomspace/build/opencog/atoms/base/libatombase.so
7f047914f000-7f047916c000 r-xp 00000000 00:42 24802                      /home/opencog/atomspace/build/opencog/atomutils/libatomutils.so
7f047916c000-7f047936b000 ---p 0001d000 00:42 24802                      /home/opencog/atomspace/build/opencog/atomutils/libatomutils.so
7f047936b000-7f047936c000 r--p 0001c000 00:42 24802                      /home/opencog/atomspace/build/opencog/atomutils/libatomutils.so
7f047936c000-7f047936d000 rw-p 0001d000 00:42 24802                      /home/opencog/atomspace/build/opencog/atomutils/libatomutils.so
7f047936d000-7f04793e9000 r-xp 00000000 00:42 24838                      /home/opencog/atomspace/build/opencog/atoms/core/libatomcore.so
7f04793e9000-7f04795e8000 ---p 0007c000 00:42 24838                      /home/opencog/atomspace/build/opencog/atoms/core/libatomcore.so
7f04795e8000-7f04795eb000 r--p 0007b000 00:42 24838                      /home/opencog/atomspace/build/opencog/atoms/core/libatomcore.so
7f04795eb000-7f04795ec000 rw-p 0007e000 00:42 24838                      /home/opencog/atomspace/build/opencog/atoms/core/libatomcore.so
7f04795ec000-7f04795ef000 rw-p 00000000 00:00 0 
7f04795ef000-7f0479614000 r-xp 00000000 00:42 24859                      /home/opencog/atomspace/build/opencog/atomspace/libatomspace.so
7f0479614000-7f0479813000 ---p 00025000 00:42 24859                      /home/opencog/atomspace/build/opencog/atomspace/libatomspace.so
7f0479813000-7f0479814000 r--p 00024000 00:42 24859                      /home/opencog/atomspace/build/opencog/atomspace/libatomspace.so
7f0479814000-7f0479815000 rw-p 00025000 00:42 24859                      /home/opencog/atomspace/build/opencog/atomspace/libatomspace.so
7f0479815000-7f047984f000 r-xp 00000000 00:42 25043                      /home/opencog/atomspace/build/opencog/guile/libsmob.so
7f047984f000-7f0479a4e000 ---p 0003a000 00:42 25043                      /home/opencog/atomspace/build/opencog/guile/libsmob.so
7f0479a4e000-7f0479a50000 r--p 00039000 00:42 25043                      /home/opencog/atomspace/build/opencog/guile/libsmob.so
7f0479a50000-7f0479a51000 rw-p 0003b000 00:42 25043                      /home/opencog/atomspace/build/opencog/guile/libsmob.so
7f0479a51000-7f0479b08000 r-xp 00000000 00:42 25350                      /home/opencog/atomspace/build/opencog/rule-engine/libruleengine.so
7f0479b08000-7f0479d07000 ---p 000b7000 00:42 25350                      /home/opencog/atomspace/build/opencog/rule-engine/libruleengine.so
7f0479d07000-7f0479d0c000 r--p 000b6000 00:42 25350                      /home/opencog/atomspace/build/opencog/rule-engine/libruleengine.so
7f0479d0c000-7f0479d0e000 rw-p 000bb000 00:42 25350                      /home/opencog/atomspace/build/opencog/rule-engine/libruleengine.so
7f0479d0e000-7f0479d0f000 rw-p 00000000 00:00 0 
7f0479d0f000-7f0479d35000 r-xp 00000000 00:42 34                         /lib/x86_64-linux-gnu/ld-2.23.so
7f0479d35000-7f0479d36000 r--p 00000000 00:42 31562                      /usr/lib/x86_64-linux-gnu/guile/2.0/ccache/language/bytecode/spec.go
7f0479d36000-7f0479d39000 r--p 00000000 00:42 31556                      /usr/lib/x86_64-linux-gnu/guile/2.0/ccache/language/assembly/compile-bytecode.go
7f0479d39000-7f0479d3a000 r--p 00000000 00:42 31554                      /usr/lib/x86_64-linux-gnu/guile/2.0/ccache/language/assembly/spec.go
7f0479d3a000-7f0479d3d000 r--p 00000000 00:42 31550                      /usr/lib/x86_64-linux-gnu/guile/2.0/ccache/language/assembly.go
7f0479d3d000-7f0479d3e000 r--p 00000000 00:42 31546                      /usr/lib/x86_64-linux-gnu/guile/2.0/ccache/language/glil/spec.go
7f0479d3e000-7f0479d40000 r--p 00000000 00:42 31540                      /usr/lib/x86_64-linux-gnu/guile/2.0/ccache/language/tree-il/canonicalize.go
7f0479d40000-7f0479d44000 r--p 00000000 00:42 31538                      /usr/lib/x86_64-linux-gnu/guile/2.0/ccache/language/tree-il/debug.go
7f0479d44000-7f0479d49000 r--p 00000000 00:42 31536                      /usr/lib/x86_64-linux-gnu/guile/2.0/ccache/language/tree-il/fix-letrec.go
7f0479d49000-7f0479d54000 r--p 00000000 00:42 31534                      /usr/lib/x86_64-linux-gnu/guile/2.0/ccache/language/tree-il/cse.go
7f0479d54000-7f0479d5f000 r--p 00000000 00:42 31530                      /usr/lib/x86_64-linux-gnu/guile/2.0/ccache/language/tree-il/effects.go
7f0479d5f000-7f0479d60000 r--p 00000000 00:42 31526                      /usr/lib/x86_64-linux-gnu/guile/2.0/ccache/srfi/srfi-16.go
7f0479d60000-7f0479d6c000 r--p 00000000 00:42 31524                      /usr/lib/x86_64-linux-gnu/guile/2.0/ccache/language/tree-il/primitives.go
7f0479d6c000-7f0479d6d000 r--p 00000000 00:42 31522                      /usr/lib/x86_64-linux-gnu/guile/2.0/ccache/language/tree-il/optimize.go
7f0479d6d000-7f0479d7d000 r--p 00000000 00:42 31520                      /usr/lib/x86_64-linux-gnu/guile/2.0/ccache/language/tree-il/compile-glil.go
7f0479d7d000-7f0479d82000 r--p 00000000 00:42 31518                      /usr/lib/x86_64-linux-gnu/guile/2.0/ccache/language/glil.go
7f0479d82000-7f0479d83000 r--p 00000000 00:42 31516                      /usr/lib/x86_64-linux-gnu/guile/2.0/ccache/language/tree-il/spec.go
7f0479d83000-7f0479d84000 r--p 00000000 00:42 31579                      /usr/lib/x86_64-linux-gnu/guile/2.0/ccache/language/value/spec.go
7f0479d84000-7f0479d87000 r--p 00000000 00:42 31532                      /usr/lib/x86_64-linux-gnu/guile/2.0/ccache/ice-9/control.go
7f0479d87000-7f0479d88000 r--p 00000000 00:42 31575                      /usr/lib/x86_64-linux-gnu/guile/2.0/ccache/ice-9/q.go
7f0479d88000-7f0479d94000 r--p 00000000 00:42 31573                      /usr/lib/x86_64-linux-gnu/guile/2.0/ccache/ice-9/futures.go
7f0479d94000-7f0479d97000 r--p 00000000 00:42 31571                      /usr/lib/x86_64-linux-gnu/guile/2.0/ccache/ice-9/threads.go
7f0479d97000-7f0479da6000 r--p 00000000 00:42 31569                      /home/jenkins/.cache/guile/ccache/2.0-LE-8-2.0/home/opencog/atomspace/opencog/scm/opencog/base/utilities.scm.go
7f0479da6000-7f0479dae000 r--p 00000000 00:42 31568                      /home/jenkins/.cache/guile/ccache/2.0-LE-8-2.0/home/opencog/atomspace/opencog/scm/opencog/base/core-docs.scm.go
7f0479dae000-7f0479dd1000 r--p 00000000 00:42 31567                      /home/jenkins/.cache/guile/ccache/2.0-LE-8-2.0/home/opencog/atomspace/build/opencog/atoms/base/core_types.scm.go
7f0479dd1000-7f0479dd2000 r--p 00000000 00:42 31508                      /home/jenkins/.cache/guile/ccache/2.0-LE-8-2.0/home/opencog/atomspace/opencog/scm/opencog/base/core_types.scm.go
7f0479dd2000-7f0479de6000 r--p 00000000 00:42 31496                      /usr/lib/x86_64-linux-gnu/guile/2.0/ccache/ice-9/format.go
7f0479de6000-7f0479dfb000 r--p 00000000 00:42 31494                      /usr/lib/x86_64-linux-gnu/guile/2.0/ccache/ice-9/vlist.go
7f0479dfb000-7f0479e0c000 r--p 00000000 00:42 31492                      /usr/lib/x86_64-linux-gnu/guile/2.0/ccache/language/scheme/decompile-tree-il.go
7f0479e0c000-7f0479e0e000 r--p 00000000 00:42 31490                      /usr/lib/x86_64-linux-gnu/guile/2.0/ccache/srfi/srfi-11.go
7f0479e0e000-7f0479e21000 r--p 00000000 00:42 31488                      /usr/lib/x86_64-linux-gnu/guile/2.0/ccache/language/tree-il.go
7f0479e21000-7f0479e22000 r--p 00000000 00:42 31486                      /usr/lib/x86_64-linux-gnu/guile/2.0/ccache/language/scheme/compile-tree-il.go
7f0479e22000-7f0479e23000 r--p 00000000 00:42 31484                      /usr/lib/x86_64-linux-gnu/guile/2.0/ccache/language/scheme/spec.go
7f0479e23000-7f0479e25000 r--p 00000000 00:42 31478                      /usr/lib/x86_64-linux-gnu/guile/2.0/ccache/srfi/srfi-26.go
7f0479e25000-7f0479e29000 r--p 00000000 00:42 31476                      /usr/lib/x86_64-linux-gnu/guile/2.0/ccache/srfi/srfi-9/gnu.go
7f0479e29000-7f0479e2c000 r--p 00000000 00:42 31472                      /usr/lib/x86_64-linux-gnu/guile/2.0/ccache/system/foreign.go
7f0479e2c000-7f0479e2e000 r--p 00000000 00:42 31470                      /usr/lib/x86_64-linux-gnu/guile/2.0/ccache/system/base/target.go
7f0479e2e000-7f0479e2f000 r--p 00000000 00:42 31468                      /usr/lib/x86_64-linux-gnu/guile/2.0/ccache/system/vm/objcode.go
7f0479e2f000-7f0479e30000 r--p 00000000 00:42 31466                      /usr/lib/x86_64-linux-gnu/guile/2.0/ccache/system/vm/instruction.go
7f0479e30000-7f0479e34000 r--p 00000000 00:42 31464                      /usr/lib/x86_64-linux-gnu/guile/2.0/ccache/system/vm/program.go
7f0479e34000-7f0479e35000 r--p 00000000 00:42 31462                      /usr/lib/x86_64-linux-gnu/guile/2.0/ccache/ice-9/receive.go
7f0479e35000-7f0479e38000 r--p 00000000 00:42 31460                      /usr/lib/x86_64-linux-gnu/guile/2.0/ccache/system/base/pmatch.go
7f0479e38000-7f0479e3e000 r--p 00000000 00:42 31458                      /usr/lib/x86_64-linux-gnu/guile/2.0/ccache/ice-9/optargs.go
7f0479e3e000-7f0479e40000 r--p 00000000 00:42 31456                      /usr/lib/x86_64-linux-gnu/guile/2.0/ccache/ice-9/regex.go
7f0479e40000-7f0479e41000 r--p 00000000 00:42 31454                      /usr/lib/x86_64-linux-gnu/guile/2.0/ccache/system/vm/vm.go
7f0479e41000-7f0479e58000 r--p 00000000 00:42 31450                      /usr/lib/x86_64-linux-gnu/guile/2.0/ccache/ice-9/match.go
7f0479e58000-7f0479e5a000 r--p 00000000 00:42 31448                      /usr/lib/x86_64-linux-gnu/guile/2.0/ccache/system/base/ck.go
7f0479e5a000-7f0479e62000 r--p 00000000 00:42 31446                      /usr/lib/x86_64-linux-gnu/guile/2.0/ccache/srfi/srfi-9.go
7f0479e62000-7f0479e6d000 r--p 00000000 00:42 31444                      /usr/lib/x86_64-linux-gnu/guile/2.0/ccache/srfi/srfi-1.go
7f0479e6d000-7f0479e75000 r--p 00000000 00:42 31442                      /usr/lib/x86_64-linux-gnu/guile/2.0/ccache/system/base/message.go
7f0479e75000-7f0479e77000 r--p 00000000 00:42 31440                      /usr/lib/x86_64-linux-gnu/guile/2.0/ccache/system/base/language.go
7f0479e77000-7f0479e7c000 r--p 00000000 00:42 31438                      /usr/lib/x86_64-linux-gnu/guile/2.0/ccache/system/base/syntax.go
7f0479e7c000-7f0479e80000 r--p 00000000 00:42 31436                      /usr/lib/x86_64-linux-gnu/guile/2.0/ccache/system/base/compile.go
7f0479e80000-7f0479e81000 r--p 00000000 00:42 31430                      /usr/lib/x86_64-linux-gnu/guile/2.0/ccache/ice-9/eval-string.go
7f0479e81000-7f0479e82000 r--p 00000000 00:42 31428                      /usr/lib/x86_64-linux-gnu/guile/2.0/ccache/rnrs/bytevectors.go
7f0479e82000-7f0479e88000 r--p 00000000 00:42 31424                      /usr/lib/x86_64-linux-gnu/guile/2.0/ccache/srfi/srfi-4.go
7f0479e88000-7f0479e95000 r--p 00000000 00:42 31420                      /usr/lib/x86_64-linux-gnu/guile/2.0/ccache/ice-9/deprecated.go
7f0479e95000-7f0479e98000 r--p 00000000 00:42 31418                      /usr/lib/x86_64-linux-gnu/guile/2.0/ccache/ice-9/networking.go
7f0479e98000-7f0479e9a000 r--p 00000000 00:42 31416                      /usr/lib/x86_64-linux-gnu/guile/2.0/ccache/ice-9/posix.go
7f0479e9a000-7f0479ecc000 r--p 00000000 00:42 31414                      /usr/lib/x86_64-linux-gnu/guile/2.0/ccache/ice-9/psyntax-pp.go
7f0479ecc000-7f0479ecf000 r--p 00000000 00:42 31412                      /usr/lib/x86_64-linux-gnu/guile/2.0/ccache/ice-9/r4rs.go
7f0479ecf000-7f0479f11000 r--p 00000000 00:42 31410                      /usr/lib/x86_64-linux-gnu/guile/2.0/ccache/ice-9/boot-9.go
7f0479f11000-7f0479f25000 rw-p 00000000 00:00 0 
7f0479f25000-7f0479f29000 r--p 00000000 00:42 31408                      /usr/lib/x86_64-linux-gnu/guile/2.0/ccache/ice-9/eval.go
7f0479f29000-7f0479f30000 r--s 00000000 00:42 76                         /usr/lib/x86_64-linux-gnu/gconv/gconv-modules.cache
7f0479f30000-7f0479f34000 rw-p 00000000 00:00 0 
7f0479f34000-7f0479f35000 r--p 00025000 00:42 34                         /lib/x86_64-linux-gnu/ld-2.23.so
7f0479f35000-7f0479f36000 rw-p 00026000 00:42 34                         /lib/x86_64-linux-gnu/ld-2.23.so
7f0479f36000-7f0479f37000 rw-p 00000000 00:00 0 
7ffdc8e7c000-7ffdc8e9d000 rw-p 00000000 00:00 0                          [stack]
7ffdc8fb2000-7ffdc8fb5000 r--p 00000000 00:00 0                          [vvar]
7ffdc8fb5000-7ffdc8fb7000 r-xp 00000000 00:00 0                          [vdso]
ffffffffff600000-ffffffffff601000 r-xp 00000000 00:00 0                  [vsyscall]

        Start 100: ForwardChainerUTest
100/105 Test #100: ForwardChainerUTest ..............   Passed    1.01 sec
        Start 101: BetaDistributionUTest
101/105 Test #101: BetaDistributionUTest ............   Passed    0.02 sec
        Start 102: BackwardChainerUTest
102/105 Test #102: BackwardChainerUTest .............   Passed    3.12 sec
        Start 103: ActionSelectionUTest
103/105 Test #103: ActionSelectionUTest .............   Passed    0.01 sec
        Start 104: ControlPolicyUTest
104/105 Test #104: ControlPolicyUTest ...............   Passed    0.07 sec
        Start 105: BITUTest
105/105 Test #105: BITUTest .........................   Passed    0.18 sec

97% tests passed, 3 tests failed out of 105

Total Test time (real) =  59.60 sec

The following tests FAILED:
	 25 - PutLinkUTest (Failed)
	 40 - AttentionUTest (Failed)
	 99 - RuleUTest (OTHER_FAULT)
Errors while running CTest
make[3]: *** [CMakeFiles/test] Error 8
CMakeFiles/test.dir/build.make:57: recipe for target 'CMakeFiles/test' failed
make[2]: *** [CMakeFiles/test.dir/all] Error 2
CMakeFiles/Makefile2:99: recipe for target 'CMakeFiles/test.dir/all' failed
make[1]: *** [CMakeFiles/test.dir/rule] Error 2
CMakeFiles/Makefile2:106: recipe for target 'CMakeFiles/test.dir/rule' failed
Makefile:197: recipe for target 'test' failed
make: *** [test] Error 2
*#*#*# BENCHMARK START
Uptime:  01:22:14 up 14 days, 11:46,  0 users,  load average: 4.02, 4.39, 5.27
Traceback (most recent call last):
  File "../opencog/benchmark/benchmark.py", line 41, in <module>
    from opencog.atomspace import AtomSpace, TruthValue, Atom, types
ImportError: No module named opencog.atomspace

( This is not a dedicated machine)
*#*#*# BENCHMARK END
+ DSTATUS=TESTPASS
+ /var/lib/jenkins/status/updateStatus TESTPASS /var/lib/jenkins/jobs/OpenCOG_U1604_AtomSpace/builds/80/log OpenCOG_U1604_AtomSpace
Already up-to-date.
