Started by user [8mha:////4L2jTPWu9zIb56dnp8RqVObesKKV2DVGI0jJXlam1DqAAAAAlx+LCAAAAAAAAP9b85aBtbiIQTGjNKU4P08vOT+vOD8nVc83PyU1x6OyILUoJzMv2y+/JJUBAhiZGBgqihhk0NSjKDWzXb3RdlLBUSYGJk8GtpzUvPSSDB8G5tKinBIGIZ+sxLJE/ZzEvHT94JKizLx0a6BxUmjGOUNodHsLgAzWEgZu/dLi1CL9xJTczDwAj6GcLcAAAAA=[0madmin
Building in workspace /var/lib/jenkins/workspace/OpenCOG_U1710_AtomSpace
[OpenCOG_U1710_AtomSpace] $ /bin/sh -xe /tmp/jenkins8178701084290062977.sh
+ COGDIR=../OpenCOG_U1710
+ . ../OpenCOG_U1710/build.docker/docker.env
+ CID=894bed336cb6742a0ef68d5f32a0ad1dd4708288acfc1b14c3b7e49dad639013
+ DKRUNROOT=docker exec --user root   894bed336cb6742a0ef68d5f32a0ad1dd4708288acfc1b14c3b7e49dad639013
+ DKRUNUSER=docker exec --user jenkins  894bed336cb6742a0ef68d5f32a0ad1dd4708288acfc1b14c3b7e49dad639013
+ UID=125
+ GID=132
+ LOGFILE=/var/lib/jenkins/jobs/OpenCOG_U1710_AtomSpace/builds/36/log
+ cat


**********************************************************
**********************************************************
**********************************************************
**********************************************************
*****                                                *****
*****                  Atomspace TEST                *****
*****                                                *****
**********************************************************
**********************************************************
**********************************************************
**********************************************************


+ echo GIT_COMMIT=
GIT_COMMIT=
+ echo GIT_BRANCH=
GIT_BRANCH=
+ echo GIT_URL=
GIT_URL=
+ WDIR=atomspace
+ JOBDIR=../OpenCOG_U1710/dependencies
+ cat
+ chmod +x ../OpenCOG_U1710/dependencies/job1
+ docker exec --user jenkins 894bed336cb6742a0ef68d5f32a0ad1dd4708288acfc1b14c3b7e49dad639013 bash dependencies/job1
+ cd atomspace
+ cd build
+ LANG=en_US.UTF-8
+ make -j8 test
[  1%] Built target opencog_atom_types
[  2%] Built target truthvalue
[  4%] Built target atombase
[  7%] Built target atomutils
[  7%] Built target attentionbank
[ 12%] Built target atomcore
[ 14%] Built target clearbox
[ 16%] Built target atomspace
[ 17%] Generating ComposeLinkUTest.cpp
[ 17%] Generating TVMergeUTest.cpp
[ 17%] Generating EvidenceCountTruthValueUTest.cpp
[ 17%] Generating BetaReduceUTest.cpp
[ 18%] Generating SimpleTruthValueUTest.cpp
[ 18%] Generating AttentionValueUTest.cpp
[ 21%] Built target lambda
[ 22%] Built target atomspaceutils
[ 22%] Generating AlphaConvertUTest.cpp
[ 22%] Generating DefineLinkUTest.cpp
Scanning dependencies of target EvidenceCountTruthValueUTest
Scanning dependencies of target TVMergeUTest
Scanning dependencies of target SimpleTruthValueUTest
Scanning dependencies of target ComposeLinkUTest
Scanning dependencies of target BetaReduceUTest
[ 22%] Building CXX object tests/truthvalue/CMakeFiles/EvidenceCountTruthValueUTest.dir/EvidenceCountTruthValueUTest.cpp.o
[ 22%] Building CXX object tests/truthvalue/CMakeFiles/TVMergeUTest.dir/TVMergeUTest.cpp.o
[ 22%] Building CXX object tests/atoms/CMakeFiles/ComposeLinkUTest.dir/ComposeLinkUTest.cpp.o
[ 22%] Building CXX object tests/truthvalue/CMakeFiles/SimpleTruthValueUTest.dir/SimpleTruthValueUTest.cpp.o
Scanning dependencies of target AttentionValueUTest
[ 22%] Building CXX object tests/atoms/CMakeFiles/BetaReduceUTest.dir/BetaReduceUTest.cpp.o
Scanning dependencies of target DefineLinkUTest
Scanning dependencies of target AlphaConvertUTest
[ 23%] Building CXX object tests/truthvalue/CMakeFiles/AttentionValueUTest.dir/AttentionValueUTest.cpp.o
[ 23%] Building CXX object tests/atoms/CMakeFiles/DefineLinkUTest.dir/DefineLinkUTest.cpp.o
[ 23%] Building CXX object tests/atoms/CMakeFiles/AlphaConvertUTest.dir/AlphaConvertUTest.cpp.o
[ 24%] Linking CXX executable EvidenceCountTruthValueUTest
[ 24%] Built target EvidenceCountTruthValueUTest
[ 24%] Generating VariablesUTest.cpp
[ 24%] Linking CXX executable SimpleTruthValueUTest
Scanning dependencies of target VariablesUTest
[ 24%] Building CXX object tests/atoms/CMakeFiles/VariablesUTest.dir/VariablesUTest.cpp.o
[ 24%] Built target SimpleTruthValueUTest
[ 25%] Generating AtomSpaceUtilsUTest.cpp
Scanning dependencies of target AtomSpaceUtilsUTest
[ 25%] Building CXX object tests/atomspaceutils/CMakeFiles/AtomSpaceUtilsUTest.dir/AtomSpaceUtilsUTest.cpp.o
[ 25%] Linking CXX executable TVMergeUTest
[ 25%] Built target TVMergeUTest
[ 25%] Generating AttentionUTest.cpp
Scanning dependencies of target AttentionUTest
[ 25%] Building CXX object tests/attentionbank/CMakeFiles/AttentionUTest.dir/AttentionUTest.cpp.o
[ 25%] Linking CXX executable DefineLinkUTest
[ 25%] Built target DefineLinkUTest
[ 27%] Built target atomspace_cython
[ 29%] Built target smob
[ 29%] Linking CXX executable ComposeLinkUTest
[ 29%] Built target unify
[ 30%] Generating TLBUTest.cpp
[ 30%] Built target ComposeLinkUTest
[ 30%] Generating AtomUTest.cpp
Scanning dependencies of target TLBUTest
[ 30%] Building CXX object tests/atomspace/CMakeFiles/TLBUTest.dir/TLBUTest.cpp.o
[ 30%] Linking CXX executable AttentionValueUTest
Scanning dependencies of target AtomUTest
[ 30%] Building CXX object tests/atomspace/CMakeFiles/AtomUTest.dir/AtomUTest.cpp.o
[ 30%] Linking CXX executable AlphaConvertUTest
[ 30%] Built target AttentionValueUTest
[ 30%] Generating NodeUTest.cpp
[ 30%] Linking CXX executable BetaReduceUTest
[ 30%] Built target AlphaConvertUTest
[ 30%] Generating AtomTableUTest.cpp
Scanning dependencies of target NodeUTest
[ 30%] Building CXX object tests/atomspace/CMakeFiles/NodeUTest.dir/NodeUTest.cpp.o
Scanning dependencies of target AtomTableUTest
[ 30%] Built target BetaReduceUTest
[ 30%] Generating LinkUTest.cpp
[ 30%] Building CXX object tests/atomspace/CMakeFiles/AtomTableUTest.dir/AtomTableUTest.cpp.o
Scanning dependencies of target LinkUTest
[ 30%] Building CXX object tests/atomspace/CMakeFiles/LinkUTest.dir/LinkUTest.cpp.o
[ 30%] Linking CXX executable AtomSpaceUtilsUTest
[ 30%] Built target AtomSpaceUtilsUTest
[ 30%] Generating AtomSpaceAsyncUTest.cpp
Scanning dependencies of target AtomSpaceAsyncUTest
[ 30%] Building CXX object tests/atomspace/CMakeFiles/AtomSpaceAsyncUTest.dir/AtomSpaceAsyncUTest.cpp.o
[ 30%] Linking CXX executable VariablesUTest
[ 30%] Built target VariablesUTest
[ 30%] Generating UseCountUTest.cpp
[ 30%] Linking CXX executable AttentionUTest
Scanning dependencies of target UseCountUTest
[ 30%] Building CXX object tests/atomspace/CMakeFiles/UseCountUTest.dir/UseCountUTest.cpp.o
[ 30%] Linking CXX executable TLBUTest
[ 30%] Built target AttentionUTest
[ 30%] Generating ClassServerUTest.cpp
[ 30%] Built target TLBUTest
[ 30%] Generating AtomSpaceUTest.cpp
[ 31%] Linking CXX executable NodeUTest
Scanning dependencies of target ClassServerUTest
[ 31%] Building CXX object tests/atomspace/CMakeFiles/ClassServerUTest.dir/ClassServerUTest.cpp.o
Scanning dependencies of target AtomSpaceUTest
[ 31%] Building CXX object tests/atomspace/CMakeFiles/AtomSpaceUTest.dir/AtomSpaceUTest.cpp.o
[ 31%] Built target NodeUTest
[ 31%] Generating AtomSpaceImplUTest.cpp
Scanning dependencies of target AtomSpaceImplUTest
[ 32%] Building CXX object tests/atomspace/CMakeFiles/AtomSpaceImplUTest.dir/AtomSpaceImplUTest.cpp.o
[ 32%] Linking CXX executable LinkUTest
[ 32%] Built target LinkUTest
[ 32%] Generating MultiSpaceUTest.cpp
Scanning dependencies of target MultiSpaceUTest
[ 34%] Building CXX object tests/atomspace/CMakeFiles/MultiSpaceUTest.dir/MultiSpaceUTest.cpp.o
[ 34%] Linking CXX executable AtomUTest
[ 34%] Built target AtomUTest
[ 35%] Generating RemoveUTest.cpp
Scanning dependencies of target RemoveUTest
[ 35%] Building CXX object tests/atomspace/CMakeFiles/RemoveUTest.dir/RemoveUTest.cpp.o
[ 36%] Linking CXX executable AtomTableUTest
[ 36%] Built target AtomTableUTest
[ 37%] Generating ThreadSafeHandleMapUTest.cpp
Scanning dependencies of target ThreadSafeHandleMapUTest
[ 37%] Building CXX object tests/atomspace/CMakeFiles/ThreadSafeHandleMapUTest.dir/ThreadSafeHandleMapUTest.cpp.o
[ 37%] Linking CXX executable ClassServerUTest
[ 37%] Built target ClassServerUTest
[ 37%] Generating RewriteLinkUTest.cpp
Scanning dependencies of target RewriteLinkUTest
[ 37%] Building CXX object tests/atoms/CMakeFiles/RewriteLinkUTest.dir/RewriteLinkUTest.cpp.o
[ 37%] Linking CXX executable UseCountUTest
[ 37%] Built target UseCountUTest
[ 38%] Generating FreeLinkUTest.cpp
Scanning dependencies of target FreeLinkUTest
[ 38%] Building CXX object tests/atoms/CMakeFiles/FreeLinkUTest.dir/FreeLinkUTest.cpp.o
[ 38%] Linking CXX executable AtomSpaceAsyncUTest
[ 38%] Built target AtomSpaceAsyncUTest
[ 38%] Generating ScopeLinkUTest.cpp
Scanning dependencies of target ScopeLinkUTest
[ 38%] Building CXX object tests/atoms/CMakeFiles/ScopeLinkUTest.dir/ScopeLinkUTest.cpp.o
[ 38%] Linking CXX executable MultiSpaceUTest
[ 38%] Built target MultiSpaceUTest
[ 38%] Generating FindUtilsUTest.cpp
Scanning dependencies of target FindUtilsUTest
[ 40%] Building CXX object tests/atomutils/CMakeFiles/FindUtilsUTest.dir/FindUtilsUTest.cpp.o
[ 40%] Linking CXX executable AtomSpaceImplUTest
[ 40%] Linking CXX executable RemoveUTest
[ 40%] Linking CXX executable ThreadSafeHandleMapUTest
[ 40%] Built target AtomSpaceImplUTest
[ 40%] Generating AtomUtilsUTest.cpp
[ 40%] Built target RemoveUTest
[ 40%] Generating FuzzyUTest.cpp
Scanning dependencies of target AtomUtilsUTest
[ 40%] Building CXX object tests/atomutils/CMakeFiles/AtomUtilsUTest.dir/AtomUtilsUTest.cpp.o
[ 40%] Built target ThreadSafeHandleMapUTest
[ 41%] Generating NeighborUTest.cpp
Scanning dependencies of target FuzzyUTest
[ 41%] Building CXX object tests/atomutils/CMakeFiles/FuzzyUTest.dir/FuzzyUTest.cpp.o
Scanning dependencies of target NeighborUTest
[ 41%] Building CXX object tests/atomutils/CMakeFiles/NeighborUTest.dir/NeighborUTest.cpp.o
[ 41%] Linking CXX executable AtomSpaceUTest
[ 41%] Linking CXX executable RewriteLinkUTest
[ 41%] Built target AtomSpaceUTest
[ 41%] Generating UnifyUTest.cpp
Scanning dependencies of target UnifyUTest
[ 41%] Building CXX object tests/unify/CMakeFiles/UnifyUTest.dir/UnifyUTest.cpp.o
[ 41%] Built target RewriteLinkUTest
[ 42%] Built target PythonEval
[ 44%] Built target query
[ 45%] Built target execution
[ 50%] Built target ruleengine
[ 50%] Generating ReductUTest.cpp
[ 50%] Linking CXX executable FreeLinkUTest
Scanning dependencies of target ReductUTest
[ 50%] Building CXX object tests/atoms/CMakeFiles/ReductUTest.dir/ReductUTest.cpp.o
[ 50%] Built target FreeLinkUTest
[ 50%] Generating RandomUTest.cpp
Scanning dependencies of target RandomUTest
[ 50%] Building CXX object tests/atoms/CMakeFiles/RandomUTest.dir/RandomUTest.cpp.o
[ 50%] Linking CXX executable ScopeLinkUTest
[ 50%] Built target ScopeLinkUTest
[ 50%] Generating ParallelUTest.cpp
Scanning dependencies of target ParallelUTest
[ 50%] Building CXX object tests/atoms/CMakeFiles/ParallelUTest.dir/ParallelUTest.cpp.o
[ 50%] Linking CXX executable FindUtilsUTest
[ 50%] Built target FindUtilsUTest
[ 50%] Generating MapLinkUTest.cpp
Scanning dependencies of target MapLinkUTest
[ 51%] Linking CXX executable FuzzyUTest
[ 51%] Building CXX object tests/atoms/CMakeFiles/MapLinkUTest.dir/MapLinkUTest.cpp.o
[ 51%] Built target FuzzyUTest
[ 51%] Generating PutLinkUTest.cpp
[ 51%] Linking CXX executable NeighborUTest
[ 52%] Linking CXX executable AtomUtilsUTest
Scanning dependencies of target PutLinkUTest
[ 52%] Building CXX object tests/atoms/CMakeFiles/PutLinkUTest.dir/PutLinkUTest.cpp.o
[ 52%] Built target NeighborUTest
[ 52%] Built target AtomUtilsUTest
[ 52%] Generating DeleteLinkUTest.cpp
[ 52%] Generating EqualLinkUTest.cpp
Scanning dependencies of target DeleteLinkUTest
[ 52%] Building CXX object tests/atoms/CMakeFiles/DeleteLinkUTest.dir/DeleteLinkUTest.cpp.o
Scanning dependencies of target EqualLinkUTest
[ 52%] Building CXX object tests/atoms/CMakeFiles/EqualLinkUTest.dir/EqualLinkUTest.cpp.o
[ 52%] Linking CXX executable RandomUTest
[ 52%] Linking CXX executable ReductUTest
[ 52%] Built target RandomUTest
[ 52%] Generating StateLinkUTest.cpp
[ 52%] Built target ReductUTest
Scanning dependencies of target StateLinkUTest
[ 52%] Generating SCMPrimitiveUTest.cpp
[ 52%] Building CXX object tests/atoms/CMakeFiles/StateLinkUTest.dir/StateLinkUTest.cpp.o
Scanning dependencies of target SCMPrimitiveUTest
[ 52%] Building CXX object tests/scm/CMakeFiles/SCMPrimitiveUTest.dir/SCMPrimitiveUTest.cpp.o
[ 52%] Linking CXX executable ParallelUTest
[ 52%] Built target ParallelUTest
[ 54%] Generating BasicSCMUTest.cpp
Scanning dependencies of target BasicSCMUTest
[ 54%] Building CXX object tests/scm/CMakeFiles/BasicSCMUTest.dir/BasicSCMUTest.cpp.o
[ 54%] Linking CXX executable MapLinkUTest
[ 54%] Built target MapLinkUTest
[ 54%] Generating MultiAtomSpaceUTest.cpp
Scanning dependencies of target MultiAtomSpaceUTest
[ 54%] Building CXX object tests/scm/CMakeFiles/MultiAtomSpaceUTest.dir/MultiAtomSpaceUTest.cpp.o
[ 55%] Linking CXX executable EqualLinkUTest
[ 55%] Linking CXX executable DeleteLinkUTest
[ 55%] Built target EqualLinkUTest
[ 55%] Generating MultiThreadUTest.cpp
Scanning dependencies of target MultiThreadUTest
[ 55%] Building CXX object tests/scm/CMakeFiles/MultiThreadUTest.dir/MultiThreadUTest.cpp.o
[ 55%] Built target DeleteLinkUTest
[ 55%] Generating SCMUtilsUTest.cpp
Scanning dependencies of target SCMUtilsUTest
[ 56%] Building CXX object tests/scm/CMakeFiles/SCMUtilsUTest.dir/SCMUtilsUTest.cpp.o
[ 56%] Linking CXX executable SCMPrimitiveUTest
[ 56%] Built target SCMPrimitiveUTest
[ 56%] Generating SCMExecutionOutputUTest.cpp
Scanning dependencies of target SCMExecutionOutputUTest
[ 56%] Building CXX object tests/scm/CMakeFiles/SCMExecutionOutputUTest.dir/SCMExecutionOutputUTest.cpp.o
[ 56%] Linking CXX executable StateLinkUTest
[ 56%] Built target StateLinkUTest
[ 57%] Generating EinsteinUTest.cpp
Scanning dependencies of target EinsteinUTest
[ 57%] Building CXX object tests/query/CMakeFiles/EinsteinUTest.dir/EinsteinUTest.cpp.o
[ 57%] Linking CXX executable PutLinkUTest
[ 57%] Built target PutLinkUTest
[ 57%] Generating SudokuUTest.cpp
Scanning dependencies of target SudokuUTest
[ 57%] Building CXX object tests/query/CMakeFiles/SudokuUTest.dir/SudokuUTest.cpp.o
[ 57%] Linking CXX executable SCMUtilsUTest
[ 57%] Linking CXX executable MultiThreadUTest
[ 57%] Built target SCMUtilsUTest
[ 57%] Generating AttentionalFocusCBUTest.cpp
Scanning dependencies of target AttentionalFocusCBUTest
[ 57%] Building CXX object tests/query/CMakeFiles/AttentionalFocusCBUTest.dir/AttentionalFocusCBUTest.cpp.o
[ 57%] Built target MultiThreadUTest
[ 58%] Generating FirstNUTest.cpp
[ 58%] Linking CXX executable BasicSCMUTest
Scanning dependencies of target FirstNUTest
[ 58%] Building CXX object tests/query/CMakeFiles/FirstNUTest.dir/FirstNUTest.cpp.o
[ 58%] Built target BasicSCMUTest
[ 58%] Linking CXX executable MultiAtomSpaceUTest
[ 58%] Generating NestedPutUTest.cpp
[ 60%] Linking CXX executable UnifyUTest
Scanning dependencies of target NestedPutUTest
[ 60%] Building CXX object tests/query/CMakeFiles/NestedPutUTest.dir/NestedPutUTest.cpp.o
[ 60%] Built target MultiAtomSpaceUTest
[ 60%] Generating ScopeUTest.cpp
[ 60%] Built target UnifyUTest
Scanning dependencies of target ScopeUTest
[ 61%] Building CXX object tests/query/CMakeFiles/ScopeUTest.dir/ScopeUTest.cpp.o
[ 61%] Generating SingleUTest.cpp
Scanning dependencies of target SingleUTest
[ 61%] Building CXX object tests/query/CMakeFiles/SingleUTest.dir/SingleUTest.cpp.o
[ 62%] Linking CXX executable SCMExecutionOutputUTest
[ 62%] Linking CXX executable EinsteinUTest
[ 62%] Built target SCMExecutionOutputUTest
[ 62%] Built target EinsteinUTest
[ 62%] Generating BuggySelfGroundUTest.cpp
[ 62%] Generating DefineUTest.cpp
Scanning dependencies of target BuggySelfGroundUTest
[ 62%] Building CXX object tests/query/CMakeFiles/BuggySelfGroundUTest.dir/BuggySelfGroundUTest.cpp.o
Scanning dependencies of target DefineUTest
[ 63%] Building CXX object tests/query/CMakeFiles/DefineUTest.dir/DefineUTest.cpp.o
[ 63%] Linking CXX executable SudokuUTest
[ 63%] Built target SudokuUTest
[ 63%] Generating GreaterComputeUTest.cpp
[ 63%] Linking CXX executable AttentionalFocusCBUTest
Scanning dependencies of target GreaterComputeUTest
[ 64%] Building CXX object tests/query/CMakeFiles/GreaterComputeUTest.dir/GreaterComputeUTest.cpp.o
[ 64%] Built target AttentionalFocusCBUTest
[ 64%] Generating BuggyLinkUTest.cpp
Scanning dependencies of target BuggyLinkUTest
[ 64%] Building CXX object tests/query/CMakeFiles/BuggyLinkUTest.dir/BuggyLinkUTest.cpp.o
[ 64%] Linking CXX executable FirstNUTest
[ 65%] Linking CXX executable SingleUTest
[ 65%] Built target FirstNUTest
[ 67%] Generating VarTypeNotUTest.cpp
[ 67%] Built target SingleUTest
Scanning dependencies of target VarTypeNotUTest
[ 67%] Generating DeepTypeUTest.cpp
[ 67%] Building CXX object tests/query/CMakeFiles/VarTypeNotUTest.dir/VarTypeNotUTest.cpp.o
[ 67%] Linking CXX executable NestedPutUTest
Scanning dependencies of target DeepTypeUTest
[ 67%] Building CXX object tests/query/CMakeFiles/DeepTypeUTest.dir/DeepTypeUTest.cpp.o
[ 67%] Built target NestedPutUTest
[ 67%] Generating DontExecUTest.cpp
Scanning dependencies of target DontExecUTest
[ 67%] Building CXX object tests/query/CMakeFiles/DontExecUTest.dir/DontExecUTest.cpp.o
[ 67%] Linking CXX executable ScopeUTest
[ 67%] Built target ScopeUTest
[ 67%] Generating ExecutionOutputUTest.cpp
Scanning dependencies of target ExecutionOutputUTest
[ 67%] Building CXX object tests/query/CMakeFiles/ExecutionOutputUTest.dir/ExecutionOutputUTest.cpp.o
[ 67%] Linking CXX executable BuggySelfGroundUTest
[ 67%] Built target BuggySelfGroundUTest
[ 68%] Generating ImplicationUTest.cpp
Scanning dependencies of target ImplicationUTest
[ 68%] Building CXX object tests/query/CMakeFiles/ImplicationUTest.dir/ImplicationUTest.cpp.o
[ 68%] Linking CXX executable DefineUTest
[ 68%] Built target DefineUTest
[ 68%] Generating PatternCrashUTest.cpp
Scanning dependencies of target PatternCrashUTest
[ 69%] Building CXX object tests/query/CMakeFiles/PatternCrashUTest.dir/PatternCrashUTest.cpp.o
[ 69%] Linking CXX executable GreaterComputeUTest
[ 69%] Built target GreaterComputeUTest
[ 69%] Generating ConstantClausesUTest.cpp
[ 69%] Linking CXX executable BuggyLinkUTest
Scanning dependencies of target ConstantClausesUTest
[ 69%] Building CXX object tests/query/CMakeFiles/ConstantClausesUTest.dir/ConstantClausesUTest.cpp.o
[ 69%] Built target BuggyLinkUTest
[ 69%] Generating StackUTest.cpp
Scanning dependencies of target StackUTest
[ 69%] Building CXX object tests/query/CMakeFiles/StackUTest.dir/StackUTest.cpp.o
[ 69%] Linking CXX executable VarTypeNotUTest
[ 69%] Built target VarTypeNotUTest
[ 69%] Generating PatternUTest.cpp
Scanning dependencies of target PatternUTest
[ 69%] Building CXX object tests/query/CMakeFiles/PatternUTest.dir/PatternUTest.cpp.o
[ 70%] Linking CXX executable DeepTypeUTest
[ 70%] Built target DeepTypeUTest
[ 70%] Generating BuggyStackUTest.cpp
[ 70%] Linking CXX executable DontExecUTest
Scanning dependencies of target BuggyStackUTest
[ 71%] Building CXX object tests/query/CMakeFiles/BuggyStackUTest.dir/BuggyStackUTest.cpp.o
[ 71%] Built target DontExecUTest
[ 72%] Generating BuggyNotUTest.cpp
Scanning dependencies of target BuggyNotUTest
[ 72%] Building CXX object tests/query/CMakeFiles/BuggyNotUTest.dir/BuggyNotUTest.cpp.o
[ 72%] Linking CXX executable ExecutionOutputUTest
[ 72%] Built target ExecutionOutputUTest
[ 72%] Generating GetStateUTest.cpp
Scanning dependencies of target GetStateUTest
[ 72%] Building CXX object tests/query/CMakeFiles/GetStateUTest.dir/GetStateUTest.cpp.o
[ 72%] Linking CXX executable ImplicationUTest
[ 72%] Built target ImplicationUTest
[ 72%] Generating DisconnectedUTest.cpp
Scanning dependencies of target DisconnectedUTest
[ 74%] Building CXX object tests/query/CMakeFiles/DisconnectedUTest.dir/DisconnectedUTest.cpp.o
[ 74%] Linking CXX executable PatternCrashUTest
[ 74%] Built target PatternCrashUTest
[ 74%] Generating TypeChoiceUTest.cpp
[ 74%] Linking CXX executable ConstantClausesUTest
Scanning dependencies of target TypeChoiceUTest
[ 74%] Building CXX object tests/query/CMakeFiles/TypeChoiceUTest.dir/TypeChoiceUTest.cpp.o
[ 74%] Built target ConstantClausesUTest
[ 74%] Generating Boolean2NotUTest.cpp
Scanning dependencies of target Boolean2NotUTest
[ 75%] Building CXX object tests/query/CMakeFiles/Boolean2NotUTest.dir/Boolean2NotUTest.cpp.o
[ 76%] Linking CXX executable StackUTest
[ 76%] Built target StackUTest
[ 76%] Generating LoopPatternUTest.cpp
Scanning dependencies of target LoopPatternUTest
[ 76%] Building CXX object tests/query/CMakeFiles/LoopPatternUTest.dir/LoopPatternUTest.cpp.o
[ 76%] Linking CXX executable BuggyStackUTest
[ 76%] Linking CXX executable BuggyNotUTest
[ 76%] Built target BuggyStackUTest
[ 76%] Generating QuoteUTest.cpp
Scanning dependencies of target QuoteUTest
[ 76%] Built target BuggyNotUTest
[ 77%] Generating BuggyEqualUTest.cpp
[ 78%] Building CXX object tests/query/CMakeFiles/QuoteUTest.dir/QuoteUTest.cpp.o
Scanning dependencies of target BuggyEqualUTest
[ 78%] Building CXX object tests/query/CMakeFiles/BuggyEqualUTest.dir/BuggyEqualUTest.cpp.o
[ 78%] Linking CXX executable PatternUTest
[ 78%] Built target PatternUTest
[ 78%] Generating BigPatternUTest.cpp
Scanning dependencies of target BigPatternUTest
[ 78%] Building CXX object tests/query/CMakeFiles/BigPatternUTest.dir/BigPatternUTest.cpp.o
[ 80%] Linking CXX executable GetStateUTest
[ 80%] Built target GetStateUTest
[ 80%] Generating AbsentUTest.cpp
Scanning dependencies of target AbsentUTest
[ 80%] Building CXX object tests/query/CMakeFiles/AbsentUTest.dir/AbsentUTest.cpp.o
[ 80%] Linking CXX executable DisconnectedUTest
[ 80%] Built target DisconnectedUTest
[ 80%] Generating MatchLinkUTest.cpp
Scanning dependencies of target MatchLinkUTest
[ 81%] Building CXX object tests/query/CMakeFiles/MatchLinkUTest.dir/MatchLinkUTest.cpp.o
[ 82%] Linking CXX executable TypeChoiceUTest
[ 82%] Built target TypeChoiceUTest
[ 82%] Generating ArcanaUTest.cpp
Scanning dependencies of target ArcanaUTest
[ 83%] Building CXX object tests/query/CMakeFiles/ArcanaUTest.dir/ArcanaUTest.cpp.o
[ 83%] Linking CXX executable BuggyEqualUTest
[ 83%] Linking CXX executable Boolean2NotUTest
[ 83%] Built target BuggyEqualUTest
[ 83%] Generating BooleanUTest.cpp
[ 84%] Linking CXX executable LoopPatternUTest
Scanning dependencies of target BooleanUTest
[ 84%] Built target Boolean2NotUTest
[ 84%] Building CXX object tests/query/CMakeFiles/BooleanUTest.dir/BooleanUTest.cpp.o
[ 84%] Generating BiggerPatternUTest.cpp
Scanning dependencies of target BiggerPatternUTest
[ 84%] Building CXX object tests/query/CMakeFiles/BiggerPatternUTest.dir/BiggerPatternUTest.cpp.o
[ 84%] Built target LoopPatternUTest
[ 84%] Generating StackMoreUTest.cpp
Scanning dependencies of target StackMoreUTest
[ 84%] Building CXX object tests/query/CMakeFiles/StackMoreUTest.dir/StackMoreUTest.cpp.o
[ 84%] Linking CXX executable QuoteUTest
[ 84%] Built target QuoteUTest
[ 84%] Generating GlobUTest.cpp
Scanning dependencies of target GlobUTest
[ 84%] Building CXX object tests/query/CMakeFiles/GlobUTest.dir/GlobUTest.cpp.o
[ 85%] Linking CXX executable BigPatternUTest
[ 85%] Built target BigPatternUTest
[ 85%] Generating FiniteStateMachineUTest.cpp
Scanning dependencies of target FiniteStateMachineUTest
[ 85%] Building CXX object tests/query/CMakeFiles/FiniteStateMachineUTest.dir/FiniteStateMachineUTest.cpp.o
[ 85%] Linking CXX executable AbsentUTest
[ 85%] Built target AbsentUTest
[ 85%] Generating RecognizerUTest.cpp
Scanning dependencies of target RecognizerUTest
[ 87%] Building CXX object tests/query/CMakeFiles/RecognizerUTest.dir/RecognizerUTest.cpp.o
[ 87%] Linking CXX executable MatchLinkUTest
[ 87%] Built target MatchLinkUTest
[ 87%] Generating BuggyQuoteUTest.cpp
[ 87%] Linking CXX executable ArcanaUTest
Scanning dependencies of target BuggyQuoteUTest
[ 87%] Building CXX object tests/query/CMakeFiles/BuggyQuoteUTest.dir/BuggyQuoteUTest.cpp.o
[ 87%] Built target ArcanaUTest
[ 87%] Generating SubstitutionUTest.cpp
Scanning dependencies of target SubstitutionUTest
[ 88%] Building CXX object tests/query/CMakeFiles/SubstitutionUTest.dir/SubstitutionUTest.cpp.o
[ 88%] Linking CXX executable StackMoreUTest
[ 88%] Built target StackMoreUTest
[ 88%] Generating EvaluationUTest.cpp
Scanning dependencies of target EvaluationUTest
[ 88%] Building CXX object tests/query/CMakeFiles/EvaluationUTest.dir/EvaluationUTest.cpp.o
[ 88%] Linking CXX executable BooleanUTest
[ 88%] Linking CXX executable GlobUTest
[ 88%] Built target BooleanUTest
[ 89%] Generating NoExceptionUTest.cpp
[ 89%] Built target GlobUTest
[ 89%] Generating GreaterThanUTest.cpp
Scanning dependencies of target NoExceptionUTest
[ 89%] Building CXX object tests/query/CMakeFiles/NoExceptionUTest.dir/NoExceptionUTest.cpp.o
Scanning dependencies of target GreaterThanUTest
[ 89%] Building CXX object tests/query/CMakeFiles/GreaterThanUTest.dir/GreaterThanUTest.cpp.o
[ 89%] Linking CXX executable BiggerPatternUTest
[ 89%] Built target BiggerPatternUTest
[ 89%] Generating UnorderedUTest.cpp
Scanning dependencies of target UnorderedUTest
[ 89%] Building CXX object tests/query/CMakeFiles/UnorderedUTest.dir/UnorderedUTest.cpp.o
[ 89%] Linking CXX executable FiniteStateMachineUTest
[ 89%] Built target FiniteStateMachineUTest
[ 89%] Generating UnquoteUTest.cpp
Scanning dependencies of target UnquoteUTest
[ 89%] Linking CXX executable RecognizerUTest
[ 90%] Building CXX object tests/query/CMakeFiles/UnquoteUTest.dir/UnquoteUTest.cpp.o
[ 90%] Built target RecognizerUTest
[ 90%] Generating SequenceUTest.cpp
[ 91%] Linking CXX executable BuggyQuoteUTest
Scanning dependencies of target SequenceUTest
[ 91%] Building CXX object tests/query/CMakeFiles/SequenceUTest.dir/SequenceUTest.cpp.o
[ 91%] Built target BuggyQuoteUTest
[ 91%] Generating ChoiceLinkUTest.cpp
Scanning dependencies of target ChoiceLinkUTest
[ 92%] Building CXX object tests/query/CMakeFiles/ChoiceLinkUTest.dir/ChoiceLinkUTest.cpp.o
[ 92%] Linking CXX executable SubstitutionUTest
[ 92%] Built target SubstitutionUTest
[ 92%] Generating GetLinkUTest.cpp
Scanning dependencies of target GetLinkUTest
[ 92%] Building CXX object tests/query/CMakeFiles/GetLinkUTest.dir/GetLinkUTest.cpp.o
[ 92%] Linking CXX executable EvaluationUTest
[ 92%] Linking CXX executable NoExceptionUTest
[ 92%] Built target EvaluationUTest
[ 94%] Generating LocalQuoteUTest.cpp
[ 94%] Built target NoExceptionUTest
[ 94%] Generating UREConfigUTest.cpp
Scanning dependencies of target LocalQuoteUTest
[ 94%] Building CXX object tests/query/CMakeFiles/LocalQuoteUTest.dir/LocalQuoteUTest.cpp.o
Scanning dependencies of target UREConfigUTest
[ 94%] Building CXX object tests/rule-engine/CMakeFiles/UREConfigUTest.dir/UREConfigUTest.cpp.o
[ 94%] Linking CXX executable GreaterThanUTest
[ 94%] Built target GreaterThanUTest
[ 94%] Generating ChainerUtilsUTest.cpp
Scanning dependencies of target ChainerUtilsUTest
[ 94%] Building CXX object tests/rule-engine/CMakeFiles/ChainerUtilsUTest.dir/ChainerUtilsUTest.cpp.o
[ 94%] Linking CXX executable UnorderedUTest
[ 94%] Built target UnorderedUTest
[ 95%] Generating RuleUTest.cpp
Scanning dependencies of target RuleUTest
[ 95%] Building CXX object tests/rule-engine/CMakeFiles/RuleUTest.dir/RuleUTest.cpp.o
[ 95%] Linking CXX executable UnquoteUTest
[ 95%] Built target UnquoteUTest
[ 95%] Generating ForwardChainerUTest.cpp
Scanning dependencies of target ForwardChainerUTest
[ 95%] Building CXX object tests/rule-engine/forwardchainer/CMakeFiles/ForwardChainerUTest.dir/ForwardChainerUTest.cpp.o
[ 95%] Linking CXX executable SequenceUTest
[ 95%] Built target SequenceUTest
[ 95%] Linking CXX executable ChoiceLinkUTest
[ 95%] Generating BackwardChainerUTest.cpp
Scanning dependencies of target BackwardChainerUTest
[ 95%] Building CXX object tests/rule-engine/backwardchainer/CMakeFiles/BackwardChainerUTest.dir/BackwardChainerUTest.cpp.o
[ 95%] Built target ChoiceLinkUTest
[ 95%] Generating BetaDistributionUTest.cpp
Scanning dependencies of target BetaDistributionUTest
[ 95%] Building CXX object tests/rule-engine/backwardchainer/CMakeFiles/BetaDistributionUTest.dir/BetaDistributionUTest.cpp.o
[ 95%] Linking CXX executable GetLinkUTest
[ 95%] Built target GetLinkUTest
[ 95%] Generating ActionSelectionUTest.cpp
Scanning dependencies of target ActionSelectionUTest
[ 95%] Building CXX object tests/rule-engine/backwardchainer/CMakeFiles/ActionSelectionUTest.dir/ActionSelectionUTest.cpp.o
[ 95%] Linking CXX executable UREConfigUTest
[ 95%] Built target UREConfigUTest
[ 96%] Generating ControlPolicyUTest.cpp
Scanning dependencies of target ControlPolicyUTest
[ 96%] Building CXX object tests/rule-engine/backwardchainer/CMakeFiles/ControlPolicyUTest.dir/ControlPolicyUTest.cpp.o
[ 96%] Linking CXX executable LocalQuoteUTest
[ 96%] Linking CXX executable ChainerUtilsUTest
[ 96%] Built target LocalQuoteUTest
[ 97%] Generating BITUTest.cpp
Scanning dependencies of target BITUTest
[ 97%] Building CXX object tests/rule-engine/backwardchainer/CMakeFiles/BITUTest.dir/BITUTest.cpp.o
[ 97%] Built target ChainerUtilsUTest
[ 97%] Linking CXX executable RuleUTest
[ 97%] Built target RuleUTest
[ 97%] Linking CXX executable ForwardChainerUTest
[ 98%] Linking CXX executable BetaDistributionUTest
[ 98%] Built target ForwardChainerUTest
[ 98%] Built target BetaDistributionUTest
[100%] Linking CXX executable ActionSelectionUTest
[100%] Built target ActionSelectionUTest
[100%] Linking CXX executable ControlPolicyUTest
[100%] Linking CXX executable BackwardChainerUTest
[100%] Built target ControlPolicyUTest
[100%] Built target BackwardChainerUTest
[100%] Linking CXX executable BITUTest
[100%] Built target BITUTest
Scanning dependencies of target tests
[100%] Built target tests
Scanning dependencies of target test
[100%] Running tests...
Test project /home/opencog/atomspace/build/tests
        Start   1: SimpleTruthValueUTest
  1/105 Test   #1: SimpleTruthValueUTest ............   Passed    0.00 sec
        Start   2: EvidenceCountTruthValueUTest
  2/105 Test   #2: EvidenceCountTruthValueUTest .....   Passed    0.00 sec
        Start   3: TVMergeUTest
  3/105 Test   #3: TVMergeUTest .....................   Passed    0.00 sec
        Start   4: AttentionValueUTest
  4/105 Test   #4: AttentionValueUTest ..............   Passed    0.01 sec
        Start   5: AtomTableUTest
  5/105 Test   #5: AtomTableUTest ...................   Passed    1.62 sec
        Start   6: ClassServerUTest
  6/105 Test   #6: ClassServerUTest .................   Passed    0.00 sec
        Start   7: AtomUTest
  7/105 Test   #7: AtomUTest ........................   Passed    0.00 sec
        Start   8: NodeUTest
  8/105 Test   #8: NodeUTest ........................   Passed    0.00 sec
        Start   9: LinkUTest
  9/105 Test   #9: LinkUTest ........................   Passed    0.00 sec
        Start  10: TLBUTest
 10/105 Test  #10: TLBUTest .........................   Passed    0.00 sec
        Start  11: AtomSpaceUTest
 11/105 Test  #11: AtomSpaceUTest ...................   Passed    0.01 sec
        Start  12: AtomSpaceImplUTest
 12/105 Test  #12: AtomSpaceImplUTest ...............   Passed    0.01 sec
        Start  13: AtomSpaceAsyncUTest
 13/105 Test  #13: AtomSpaceAsyncUTest ..............   Passed    5.28 sec
        Start  14: UseCountUTest
 14/105 Test  #14: UseCountUTest ....................   Passed    4.40 sec
        Start  15: MultiSpaceUTest
 15/105 Test  #15: MultiSpaceUTest ..................   Passed    0.01 sec
        Start  16: RemoveUTest
 16/105 Test  #16: RemoveUTest ......................   Passed    0.03 sec
        Start  17: ThreadSafeHandleMapUTest
 17/105 Test  #17: ThreadSafeHandleMapUTest .........   Passed    0.35 sec
        Start  18: FreeLinkUTest
 18/105 Test  #18: FreeLinkUTest ....................   Passed    0.08 sec
        Start  19: MapLinkUTest
 19/105 Test  #19: MapLinkUTest .....................   Passed    0.23 sec
        Start  20: ParallelUTest
 20/105 Test  #20: ParallelUTest ....................   Passed   11.12 sec
        Start  21: RandomUTest
 21/105 Test  #21: RandomUTest ......................   Passed    0.47 sec
        Start  22: ReductUTest
 22/105 Test  #22: ReductUTest ......................   Passed    0.08 sec
        Start  23: RewriteLinkUTest
 23/105 Test  #23: RewriteLinkUTest .................   Passed    0.08 sec
        Start  24: ScopeLinkUTest
 24/105 Test  #24: ScopeLinkUTest ...................   Passed    0.18 sec
        Start  25: PutLinkUTest
 25/105 Test  #25: PutLinkUTest .....................***Failed    1.55 sec
Running cxxtest tests (26 tests)[2018-02-09 11:03:07:076] [INFO] BEGIN TEST: test_define
Expecting (InheritanceLink
  (ConceptNode "aaa") ; [4384425084700280793][1]
  (ConceptNode "bbb") ; [5166476881475404762][1]
) ; [12076660841821787941][1]

Got (InheritanceLink
  (ConceptNode "aaa") ; [4384425084700280793][1]
  (ConceptNode "bbb") ; [5166476881475404762][1]
) ; [12076660841821787941][1]

[2018-02-09 11:03:07:080] [INFO] END TEST: test_define
.[2018-02-09 11:03:07:082] [INFO] BEGIN TEST: test_filtering
Filtered (SetLink
  (ConceptNode "bar") ; [504633373843076611][1]
  (ConceptNode "foo") ; [4235085640780534410][1]
) ; [12162720096398207011][1]

[2018-02-09 11:03:07:084] [INFO] END TEST: test_filtering
.[2018-02-09 11:03:07:086] [INFO] BEGIN TEST: test_function
Expecting (NumberNode "4.000000") ; [6913877931517679692][1]

Got (NumberNode "4.000000") ; [6913877931517679692][1]

Expecting (NumberNode "2.000000") ; [3343537862719216753][1]

Got (NumberNode "2.000000") ; [3343537862719216753][1]

Expecting (NumberNode "13.000000") ; [1431893801208906060][1]

Got (NumberNode "13.000000") ; [1431893801208906060][1]

Expecting (NumberNode "12.000000") ; [8947441112530458191][1]

Got (NumberNode "12.000000") ; [8947441112530458191][1]

Expecting (SetLink
  (NumberNode "256.000000") ; [266837806517967200][1]
  (NumberNode "1.000000") ; [2263765880434911869][1]
  (NumberNode "4.000000") ; [6913877931517679692][1]
  (NumberNode "27.000000") ; [6988539844932745500][1]
) ; [11687191490536241851][1]

Got (SetLink
  (NumberNode "256.000000") ; [266837806517967200][1]
  (NumberNode "1.000000") ; [2263765880434911869][1]
  (NumberNode "4.000000") ; [6913877931517679692][1]
  (NumberNode "27.000000") ; [6988539844932745500][1]
) ; [11687191490536241851][1]

[2018-02-09 11:03:07:088] [INFO] END TEST: test_function
.[2018-02-09 11:03:07:090] [INFO] BEGIN TEST: test_lambda
Expecting (InheritanceLink
  (ConceptNode "coyote") ; [3070754720162888584][1]
  (ConceptNode "animal") ; [4997524230749066760][1]
) ; [14673446345635386082][1]

Got (InheritanceLink
  (ConceptNode "coyote") ; [3070754720162888584][1]
  (ConceptNode "animal") ; [4997524230749066760][1]
) ; [14673446345635386082][1]

[2018-02-09 11:03:07:091] [INFO] END TEST: test_lambda
.[2018-02-09 11:03:07:093] [INFO] BEGIN TEST: test_lambda_partial_substitution
Expecting (InheritanceLink
  (VariableNode "$y") ; [4273000531317964280][1]
  (ConceptNode "animal") ; [4997524230749066760][1]
) ; [17454069966333780818][1]

Got (InheritanceLink
  (VariableNode "$y") ; [4273000531317964280][1]
  (ConceptNode "animal") ; [4997524230749066760][1]
) ; [17454069966333780818][1]

[2018-02-09 11:03:07:095] [INFO] END TEST: test_lambda_partial_substitution
.[2018-02-09 11:03:07:097] [INFO] BEGIN TEST: test_eta
Expecting (LambdaLink
  (VariableNode "$w") ; [2581343387104925621][1]
  (InheritanceLink
    (VariableNode "$w") ; [2581343387104925621][1]
    (ConceptNode "animal") ; [4997524230749066760][1]
  ) ; [16969616428432159919][1]
) ; [14451950905063400909][1]

Got (LambdaLink
  (VariableNode "$w") ; [2581343387104925621][1]
  (InheritanceLink
    (VariableNode "$w") ; [2581343387104925621][1]
    (ConceptNode "animal") ; [4997524230749066760][1]
  ) ; [16969616428432159919][1]
) ; [14451950905063400909][1]

[2018-02-09 11:03:07:099] [INFO] END TEST: test_eta
.[2018-02-09 11:03:07:101] [INFO] BEGIN TEST: test_alpha
Expecting (LambdaLink
  (VariableNode "$w") ; [2581343387104925621][1]
  (InheritanceLink
    (VariableNode "$w") ; [2581343387104925621][1]
    (ConceptNode "animal") ; [4997524230749066760][1]
  ) ; [16969616428432159919][1]
) ; [14451950905063400909][1]

Got (LambdaLink
  (VariableNode "$w") ; [2581343387104925621][1]
  (InheritanceLink
    (VariableNode "$w") ; [2581343387104925621][1]
    (ConceptNode "animal") ; [4997524230749066760][1]
  ) ; [16969616428432159919][1]
) ; [14451950905063400909][1]

[2018-02-09 11:03:07:102] [INFO] END TEST: test_alpha
.[2018-02-09 11:03:07:104] [INFO] BEGIN TEST: test_compose
Expecting (LambdaLink
  (VariableList
    (VariableNode "$x") ; [788125471084508634][1]
    (VariableNode "$y") ; [4273000531317964280][1]
  ) ; [12773133642893162665][1]
  (EvaluationLink
    (PredicateNode "P") ; [2213889286841575705][1]
    (InheritanceLink
      (VariableNode "$x") ; [788125471084508634][1]
      (VariableNode "$y") ; [4273000531317964280][1]
    ) ; [12409133721455951716][1]
  ) ; [13385556155964047436][1]
) ; [18102432006973795375][1]

Got (LambdaLink
  (VariableList
    (VariableNode "$x") ; [788125471084508634][1]
    (VariableNode "$y") ; [4273000531317964280][1]
  ) ; [12773133642893162665][1]
  (EvaluationLink
    (PredicateNode "P") ; [2213889286841575705][1]
    (InheritanceLink
      (VariableNode "$x") ; [788125471084508634][1]
      (VariableNode "$y") ; [4273000531317964280][1]
    ) ; [12409133721455951716][1]
  ) ; [13385556155964047436][1]
) ; [18102432006973795375][1]

[2018-02-09 11:03:07:106] [INFO] END TEST: test_compose
.[2018-02-09 11:03:07:108] [INFO] BEGIN TEST: test_inject_compose
Expecting (LambdaLink
  (VariableList
    (VariableNode "X") ; [826781153247613690][1]
    (VariableNode "Y") ; [9114358455313774359][1]
    (VariableNode "Z") ; [3659396628043333053][1]
  ) ; [18291101778585636261][1]
  (AndLink
    (InheritanceLink
      (VariableNode "X") ; [826781153247613690][1]
      (VariableNode "Y") ; [9114358455313774359][1]
    ) ; [9302757119979452835][1]
    (InheritanceLink
      (VariableNode "Y") ; [9114358455313774359][1]
      (VariableNode "Z") ; [3659396628043333053][1]
    ) ; [9860057192103815174][1]
  ) ; [13207764778092578963][1]
) ; [9760952925148445356][1]

Got (LambdaLink
  (VariableList
    (VariableNode "X") ; [826781153247613690][1]
    (VariableNode "Y") ; [9114358455313774359][1]
    (VariableNode "Z") ; [3659396628043333053][1]
  ) ; [18291101778585636261][1]
  (AndLink
    (InheritanceLink
      (VariableNode "X") ; [826781153247613690][1]
      (VariableNode "Y") ; [9114358455313774359][1]
    ) ; [9302757119979452835][1]
    (InheritanceLink
      (VariableNode "Y") ; [9114358455313774359][1]
      (VariableNode "Z") ; [3659396628043333053][1]
    ) ; [9860057192103815174][1]
  ) ; [13207764778092578963][1]
) ; [9760952925148445356][1]

[2018-02-09 11:03:07:110] [INFO] END TEST: test_inject_compose
.[2018-02-09 11:03:07:112] [INFO] BEGIN TEST: test_simple_alpha
Expecting (LambdaLink
  (VariableList
    (VariableNode "X") ; [826781153247613690][1]
    (VariableNode "Y") ; [9114358455313774359][1]
    (VariableNode "Z") ; [3659396628043333053][1]
  ) ; [18291101778585636261][1]
  (AndLink
    (InheritanceLink
      (VariableNode "X") ; [826781153247613690][1]
      (VariableNode "Y") ; [9114358455313774359][1]
    ) ; [9302757119979452835][1]
    (InheritanceLink
      (VariableNode "Y") ; [9114358455313774359][1]
      (VariableNode "Z") ; [3659396628043333053][1]
    ) ; [9860057192103815174][1]
  ) ; [13207764778092578963][1]
) ; [9760952925148445356][1]

Got (LambdaLink
  (VariableList
    (VariableNode "X") ; [826781153247613690][1]
    (VariableNode "Y") ; [9114358455313774359][1]
    (VariableNode "Z") ; [3659396628043333053][1]
  ) ; [18291101778585636261][1]
  (AndLink
    (InheritanceLink
      (VariableNode "X") ; [826781153247613690][1]
      (VariableNode "Y") ; [9114358455313774359][1]
    ) ; [9302757119979452835][1]
    (InheritanceLink
      (VariableNode "Y") ; [9114358455313774359][1]
      (VariableNode "Z") ; [3659396628043333053][1]
    ) ; [9860057192103815174][1]
  ) ; [13207764778092578963][1]
) ; [9760952925148445356][1]

[2018-02-09 11:03:07:114] [INFO] END TEST: test_simple_alpha
.[2018-02-09 11:03:07:116] [INFO] BEGIN TEST: test_simple_replace
Expecting (AndLink
  (InheritanceLink
    (ConceptNode "A") ; [6977206836600634430][1]
    (ConceptNode "B") ; [241327676611018844][1]
  ) ; [9702961117976089772][1]
  (InheritanceLink
    (ConceptNode "B") ; [241327676611018844][1]
    (ConceptNode "C") ; [4439025256676433202][1]
  ) ; [12977575302898809184][1]
) ; [11085270749067040278][1]

Got (AndLink
  (InheritanceLink
    (ConceptNode "A") ; [6977206836600634430][1]
    (ConceptNode "B") ; [241327676611018844][1]
  ) ; [9702961117976089772][1]
  (InheritanceLink
    (ConceptNode "B") ; [241327676611018844][1]
    (ConceptNode "C") ; [4439025256676433202][1]
  ) ; [12977575302898809184][1]
) ; [11085270749067040278][1]

[2018-02-09 11:03:07:118] [INFO] END TEST: test_simple_replace
.[2018-02-09 11:03:07:120] [INFO] BEGIN TEST: test_typed_compose
Expecting (LambdaLink
  (VariableList
    (TypedVariableLink
      (VariableNode "$x") ; [788125471084508634][1]
      (TypeNode "ConceptNode") ; [3788696113922021255][1]
    ) ; [13419144771012769429][1]
    (TypedVariableLink
      (VariableNode "$y") ; [4273000531317964280][1]
      (TypeNode "ConceptNode") ; [3788696113922021255][1]
    ) ; [17739557316459496051][1]
  ) ; [9564841593492837695][1]
  (EvaluationLink
    (PredicateNode "P") ; [2213889286841575705][1]
    (InheritanceLink
      (VariableNode "$x") ; [788125471084508634][1]
      (VariableNode "$y") ; [4273000531317964280][1]
    ) ; [12409133721455951716][1]
  ) ; [13385556155964047436][1]
) ; [18102432007527351631][1]

Got (LambdaLink
  (VariableList
    (TypedVariableLink
      (VariableNode "$x") ; [788125471084508634][1]
      (TypeNode "ConceptNode") ; [3788696113922021255][1]
    ) ; [13419144771012769429][1]
    (TypedVariableLink
      (VariableNode "$y") ; [4273000531317964280][1]
      (TypeNode "ConceptNode") ; [3788696113922021255][1]
    ) ; [17739557316459496051][1]
  ) ; [9564841593492837695][1]
  (EvaluationLink
    (PredicateNode "P") ; [2213889286841575705][1]
    (InheritanceLink
      (VariableNode "$x") ; [788125471084508634][1]
      (VariableNode "$y") ; [4273000531317964280][1]
    ) ; [12409133721455951716][1]
  ) ; [13385556155964047436][1]
) ; [18102432007527351631][1]

Expecting throw, got 1
[2018-02-09 11:03:07:122] [INFO] END TEST: test_typed_compose
.[2018-02-09 11:03:07:124] [INFO] BEGIN TEST: test_ident_compose
Expecting (LambdaLink
  (VariableList
    (VariableNode "$x") ; [788125471084508634][1]
    (VariableNode "$x-6c74a409") ; [3229985466286905912][1]
    (VariableNode "$y") ; [4273000531317964280][1]
    (VariableNode "$z") ; [2382362736815119778][1]
  ) ; [13993032002308165059][1]
  (EvaluationLink
    (VariableNode "$x") ; [788125471084508634][1]
    (InheritanceLink
      (VariableNode "$y") ; [4273000531317964280][1]
      (VariableNode "$z") ; [2382362736815119778][1]
    ) ; [14838908472399833836][1]
  ) ; [14881985171198595253][1]
) ; [9914216050516209196][1]

Got (LambdaLink
  (VariableList
    (VariableNode "$x") ; [788125471084508634][1]
    (VariableNode "$x-6c74a409") ; [3229985466286905912][1]
    (VariableNode "$y") ; [4273000531317964280][1]
    (VariableNode "$z") ; [2382362736815119778][1]
  ) ; [13993032002308165059][1]
  (EvaluationLink
    (VariableNode "$x") ; [788125471084508634][1]
    (InheritanceLink
      (VariableNode "$y") ; [4273000531317964280][1]
      (VariableNode "$z") ; [2382362736815119778][1]
    ) ; [14838908472399833836][1]
  ) ; [14881985171198595253][1]
) ; [9914216050516209196][1]

[2018-02-09 11:03:07:126] [INFO] END TEST: test_ident_compose
.[2018-02-09 11:03:07:127] [INFO] BEGIN TEST: test_again_compose_ident
[2018-02-09 11:03:07:130] [INFO] BEGIN TEST: test_ident_compose
Expecting (LambdaLink
  (VariableList
    (VariableNode "$x") ; [788125471084508634][1]
    (VariableNode "$x-6266d6f2") ; [7146779190654691900][1]
    (VariableNode "$y") ; [4273000531317964280][1]
    (VariableNode "$z") ; [2382362736815119778][1]
  ) ; [18183516811920682695][1]
  (EvaluationLink
    (VariableNode "$x") ; [788125471084508634][1]
    (InheritanceLink
      (VariableNode "$y") ; [4273000531317964280][1]
      (VariableNode "$z") ; [2382362736815119778][1]
    ) ; [14838908472399833836][1]
  ) ; [14881985171198595253][1]
) ; [9914216050516209196][1]

Got (LambdaLink
  (VariableList
    (VariableNode "$x") ; [788125471084508634][1]
    (VariableNode "$x-6266d6f2") ; [7146779190654691900][1]
    (VariableNode "$y") ; [4273000531317964280][1]
    (VariableNode "$z") ; [2382362736815119778][1]
  ) ; [18183516811920682695][1]
  (EvaluationLink
    (VariableNode "$x") ; [788125471084508634][1]
    (InheritanceLink
      (VariableNode "$y") ; [4273000531317964280][1]
      (VariableNode "$z") ; [2382362736815119778][1]
    ) ; [14838908472399833836][1]
  ) ; [14881985171198595253][1]
) ; [9914216050516209196][1]

[2018-02-09 11:03:07:132] [INFO] END TEST: test_ident_compose
[2018-02-09 11:03:07:134] [INFO] END TEST: test_again_compose_ident
.[2018-02-09 11:03:07:135] [INFO] BEGIN TEST: test_recursive_compose
Expecting (LambdaLink
  (VariableList
    (VariableNode "$x") ; [788125471084508634][1]
    (VariableNode "$x-7005b724") ; [3923580249099894475][1]
    (VariableNode "$y") ; [4273000531317964280][1]
  ) ; [17650543848840668916][1]
  (EvaluationLink
    (VariableNode "$x") ; [788125471084508634][1]
    (InheritanceLink
      (VariableNode "$x-7005b724") ; [3923580249099894475][1]
      (VariableNode "$y") ; [4273000531317964280][1]
    ) ; [14422048990561150581][1]
  ) ; [14465125689359911998][1]
) ; [9760952925127541039][1]

Got (LambdaLink
  (VariableList
    (VariableNode "$x") ; [788125471084508634][1]
    (VariableNode "$x-7005b724") ; [3923580249099894475][1]
    (VariableNode "$y") ; [4273000531317964280][1]
  ) ; [17650543848840668916][1]
  (EvaluationLink
    (VariableNode "$x") ; [788125471084508634][1]
    (InheritanceLink
      (VariableNode "$x-7005b724") ; [3923580249099894475][1]
      (VariableNode "$y") ; [4273000531317964280][1]
    ) ; [14422048990561150581][1]
  ) ; [14465125689359911998][1]
) ; [9760952925127541039][1]

[2018-02-09 11:03:07:138] [INFO] END TEST: test_recursive_compose
.[2018-02-09 11:03:07:139] [INFO] BEGIN TEST: test_eval_inheritance
Expecting (AndLink
  (EvaluationLink
    (PredicateNode "acquainted") ; [1424449493947510952][1]
    (ListLink
      (ConceptNode "Self") ; [1991509666340217700][1]
      (ConceptNode "Bob") ; [2511235955541908216][1]
    ) ; [13408085769893316185][1]
  ) ; [16003111149461602480][1]
  (InheritanceLink
    (ConceptNode "Bob") ; [2511235955541908216][1]
    (ConceptNode "human") ; [7041137827864941520][1]
  ) ; [16699684783968460314][1]
  (InheritanceLink
    (ConceptNode "Self") ; [1991509666340217700][1]
    (ConceptNode "human") ; [7041137827864941520][1]
  ) ; [17995461314022224902][1]
) ; [16474879823000061402][1]

Got (AndLink
  (EvaluationLink
    (PredicateNode "acquainted") ; [1424449493947510952][1]
    (ListLink
      (ConceptNode "Self") ; [1991509666340217700][1]
      (ConceptNode "Bob") ; [2511235955541908216][1]
    ) ; [13408085769893316185][1]
  ) ; [16003111149461602480][1]
  (InheritanceLink
    (ConceptNode "Bob") ; [2511235955541908216][1]
    (ConceptNode "human") ; [7041137827864941520][1]
  ) ; [16699684783968460314][1]
  (InheritanceLink
    (ConceptNode "Self") ; [1991509666340217700][1]
    (ConceptNode "human") ; [7041137827864941520][1]
  ) ; [17995461314022224902][1]
) ; [16474879823000061402][1]

[2018-02-09 11:03:07:142] [INFO] END TEST: test_eval_inheritance
.[2018-02-09 11:03:07:143] [INFO] BEGIN TEST: test_eval_implication_1
Executing (PutLink
  (LambdaLink
    (TypedVariableLink
      (VariableNode "$X") ; [6809953386495729144][1]
      (TypeNode "ConceptNode") ; [3788696113922021255][1]
    ) ; [9225281168777978483][1]
    (QuoteLink
      (ImplicationScopeLink
        (UnquoteLink
          (EvaluationLink
            (PredicateNode "P") ; [2213889286841575705][1]
            (VariableNode "$X") ; [6809953386495729144][1]
          ) ; [17009747857858600672][1]
        ) ; [17039936049110171596][1]
        (UnquoteLink
          (EvaluationLink
            (PredicateNode "P") ; [2213889286841575705][1]
            (VariableNode "$X") ; [6809953386495729144][1]
          ) ; [17009747857858600672][1]
        ) ; [17039936049110171596][1]
      ) ; [16130283296791036013][1]
    ) ; [16159890945903153650][1]
  ) ; [12351128597591810721][1]
  (ConceptNode "A") ; [6977206836600634430][1]
) ; [11976474189120170133][1]

Expecting (ImplicationScopeLink
  (EvaluationLink
    (PredicateNode "P") ; [2213889286841575705][1]
    (ConceptNode "A") ; [6977206836600634430][1]
  ) ; [17177001307963505958][1]
  (EvaluationLink
    (PredicateNode "P") ; [2213889286841575705][1]
    (ConceptNode "A") ; [6977206836600634430][1]
  ) ; [17177001307963505958][1]
) ; [12593528563491546570][1]

Got (ImplicationScopeLink
  (EvaluationLink
    (PredicateNode "P") ; [2213889286841575705][1]
    (ConceptNode "A") ; [6977206836600634430][1]
  ) ; [17177001307963505958][1]
  (EvaluationLink
    (PredicateNode "P") ; [2213889286841575705][1]
    (ConceptNode "A") ; [6977206836600634430][1]
  ) ; [17177001307963505958][1]
) ; [12593528563491546570][1]

[2018-02-09 11:03:07:146] [INFO] END TEST: test_eval_implication_1
.[2018-02-09 11:03:07:148] [INFO] BEGIN TEST: test_eval_implication_2
Executing (PutLink
  (LambdaLink
    (VariableList
      (TypedVariableLink
        (VariableNode "$X") ; [6809953386495729144][1]
        (TypeNode "PredicateNode") ; [7305800666737115819][1]
      ) ; [12742385721593073047][1]
      (TypedVariableLink
        (VariableNode "$Y") ; [5319120082979945173][1]
        (TypeNode "PredicateNode") ; [7305800666737115819][1]
      ) ; [9661746889846081044][1]
    ) ; [16047470683448545314][1]
    (AndLink
      (ImplicationLink
        (VariableNode "$X") ; [6809953386495729144][1]
        (PredicateNode "is-human") ; [5033227418579124645][1]
      ) ; [9952549427182203156][1]
      (EvaluationLink
        (PredicateNode "acquainted") ; [1424449493947510952][1]
        (ListLink
          (VariableNode "$X") ; [6809953386495729144][1]
          (VariableNode "$Y") ; [5319120082979945173][1]
        ) ; [18427288035932042058][1]
      ) ; [11798941378645552545][1]
      (ImplicationLink
        (VariableNode "$Y") ; [5319120082979945173][1]
        (PredicateNode "is-human") ; [5033227418579124645][1]
      ) ; [16095282632289986961][1]
    ) ; [15296784181041894704][1]
  ) ; [11340745720499076625][1]
  (ListLink
    (PredicateNode "is-Self") ; [385342932422917694][1]
    (PredicateNode "is-Bob") ; [5273819413508513864][1]
  ) ; [9284027192862900675][1]
) ; [15062101957928226730][1]

Expecting (AndLink
  (ImplicationLink
    (PredicateNode "is-Self") ; [385342932422917694][1]
    (PredicateNode "is-human") ; [5033227418579124645][1]
  ) ; [10077961290439268890][1]
  (EvaluationLink
    (PredicateNode "acquainted") ; [1424449493947510952][1]
    (ListLink
      (PredicateNode "is-Self") ; [385342932422917694][1]
      (PredicateNode "is-Bob") ; [5273819413508513864][1]
    ) ; [9284027192862900675][1]
  ) ; [11879052572431186970][1]
  (ImplicationLink
    (PredicateNode "is-Bob") ; [5273819413508513864][1]
    (PredicateNode "is-human") ; [5033227418579124645][1]
  ) ; [14600360539732753764][1]
) ; [14668470017533544738][1]

Got (AndLink
  (ImplicationLink
    (PredicateNode "is-Self") ; [385342932422917694][1]
    (PredicateNode "is-human") ; [5033227418579124645][1]
  ) ; [10077961290439268890][1]
  (EvaluationLink
    (PredicateNode "acquainted") ; [1424449493947510952][1]
    (ListLink
      (PredicateNode "is-Self") ; [385342932422917694][1]
      (PredicateNode "is-Bob") ; [5273819413508513864][1]
    ) ; [9284027192862900675][1]
  ) ; [11879052572431186970][1]
  (ImplicationLink
    (PredicateNode "is-Bob") ; [5273819413508513864][1]
    (PredicateNode "is-human") ; [5033227418579124645][1]
  ) ; [14600360539732753764][1]
) ; [14668470017533544738][1]

[2018-02-09 11:03:07:151] [INFO] END TEST: test_eval_implication_2
.[2018-02-09 11:03:07:153] [INFO] BEGIN TEST: test_ill_unquote
[2018-02-09 11:03:07:160] [ERROR] PrenexLink given a malformed value=(LambdaLink
  (UnquoteLink
    (VariableNode "$x") ; [788125471084508634][1]
  ) ; [10041685699190855366][1]
  (UnquoteLink
    (VariableNode "$g") ; [3391836839816812775][1]
  ) ; [12645397067923159507][1]
) ; [13520353210588174247][1]
 (/home/opencog/atomspace/opencog/atoms/core/PrenexLink.cc:246)
	Stack Trace:
	2: Logger.cc:481	  opencog::Logger::logva(opencog::Logger::Level, char const*, __va_list_tag*)
	3: Logger.cc:493	  opencog::Logger::Error::operator()(char const*, ...)
	4: exceptions.cc:55	  opencog::StandardException::parse_error_message(char const*, __va_list_tag*, bool)
	5: exceptions.cc:82	  opencog::StandardException::parse_error_message(char const*, char const*, __va_list_tag*, bool)
	6: exceptions.cc:167	  opencog::SyntaxException::SyntaxException(char const*, char const*, ...)
	7: PrenexLink.cc:248	  opencog::PrenexLink::beta_reduce(std::map<opencog::Handle, opencog::Handle, std::less<opencog::Handle>, std::allocator<std::pair<opencog::Handle const, opencog::Handle> > > const&) const
	8: stl_tree.h:949	  std::_Rb_tree<opencog::Handle, std::pair<opencog::Handle const, opencog::Handle>, std::_Select1st<std::pair<opencog::Handle const, opencog::Handle> >, std::less<opencog::Handle>, std::allocator<std::pair<opencog::Handle const, opencog::Handle> > >::~_Rb_tree()
	9: PrenexLink.cc:188	  opencog::PrenexLink::beta_reduce(std::vector<opencog::Handle, std::allocator<opencog::Handle> > const&) const
	10: shared_ptr_base.h:683	  std::__shared_count<(__gnu_cxx::_Lock_policy)2>::~__shared_count()
	11: PutLink.cc:457	  opencog::PutLink::reduce()
	12: Instantiator.cc:209	  opencog::Instantiator::walk_tree(opencog::Handle const&, bool)
	13: Instantiator.cc:468	  opencog::Instantiator::instantiate(opencog::Handle const&, std::map<opencog::Handle, opencog::Handle, std::less<opencog::Handle>, std::allocator<std::pair<opencog::Handle const, opencog::Handle> > > const&, bool)
	14: Instantiator.h:109	  opencog::Instantiator::execute(opencog::Handle const&, bool)
	15: shared_ptr_base.h:683	  std::__shared_count<(__gnu_cxx::_Lock_policy)2>::~__shared_count()
	16: RealDescriptions.cpp:125	  CxxTest::RealTestDescription::run()
	17: TestRunner.h:104	  CxxTest::TestRunner::runTest(CxxTest::TestDescription&)
	18: PutLinkUTest.cpp:20	main()
	19: [0x211c1] ??() ??:0
	20: [0x1523a] ??() ??:0

[2018-02-09 11:03:08:377] [INFO] END TEST: test_ill_unquote
.[2018-02-09 11:03:08:387] [INFO] BEGIN TEST: test_nested_1
[2018-02-09 11:03:08:434] [DEBUG] rs = 

[2018-02-09 11:03:08:437] [DEBUG] result = (LambdaLink
  (VariableNode "$X") ; [6809953386495729144][1]
  (InheritanceLink
    (ConceptNode "A") ; [6977206836600634430][1]
    (VariableNode "$X") ; [6809953386495729144][1]
  ) ; [16271586827860800072][1]
) ; [18341323397083782499][1]

[2018-02-09 11:03:08:439] [DEBUG] expected = (LambdaLink
  (VariableNode "$X") ; [6809953386495729144][1]
  (InheritanceLink
    (ConceptNode "A") ; [6977206836600634430][1]
    (VariableNode "$X") ; [6809953386495729144][1]
  ) ; [16271586827860800072][1]
) ; [18341323397083782499][1]

[2018-02-09 11:03:08:441] [INFO] END TEST: test_nested_1
.[2018-02-09 11:03:08:443] [INFO] BEGIN TEST: test_nested_2
[2018-02-09 11:03:08:451] [DEBUG] rs = 

[2018-02-09 11:03:08:454] [INFO] END TEST: test_nested_2
.[2018-02-09 11:03:08:456] [INFO] BEGIN TEST: test_nested_3
[2018-02-09 11:03:08:459] [DEBUG] rs = 

[2018-02-09 11:03:08:461] [INFO] END TEST: test_nested_3
.[2018-02-09 11:03:08:463] [INFO] BEGIN TEST: test_nested_4
[2018-02-09 11:03:08:466] [DEBUG] rs = 

[2018-02-09 11:03:08:473] [INFO] END TEST: test_nested_4
.[2018-02-09 11:03:08:475] [INFO] BEGIN TEST: test_and_compose_1
[2018-02-09 11:03:08:510] [DEBUG] rs = 

[2018-02-09 11:03:08:513] [DEBUG] result = (LambdaLink
  (VariableList
    (VariableNode "$sha-arg-0") ; [949102443632971434][1]
    (VariableNode "$sha-arg-1") ; [4859387568654154175][1]
  ) ; [9448388737473849152][1]
  (AndLink
    (VariableNode "$sha-arg-0") ; [949102443632971434][1]
    (VariableNode "$sha-arg-1") ; [4859387568654154175][1]
  ) ; [9237651940852305971][1]
) ; [9607689798622836906][1]

[2018-02-09 11:03:08:515] [DEBUG] expected = (LambdaLink
  (VariableList
    (VariableNode "$sha-arg-0") ; [949102443632971434][1]
    (VariableNode "$sha-arg-1") ; [4859387568654154175][1]
  ) ; [9448388737473849152][1]
  (LocalQuoteLink
    (AndLink
      (VariableNode "$sha-arg-0") ; [949102443632971434][1]
      (VariableNode "$sha-arg-1") ; [4859387568654154175][1]
    ) ; [9237651940852305971][1]
  ) ; [9268420674243330182][1]
) ; [9607689798623181459][1]


In PutLinkUTest::test_and_compose_1:
/home/opencog/atomspace/build/tests/atoms/../../../tests/atoms/PutLinkUTest.cxxtest:1363: Error: Expected (result == expected), found ({ B0 5B 6D 57 85 55 00 00 ... } != { 30 08 49 57 85 55 00 00 ... })
[2018-02-09 11:03:08:521] [INFO] END TEST: test_and_compose_1
[2018-02-09 11:03:08:523] [INFO] BEGIN TEST: test_and_compose_2
[2018-02-09 11:03:08:526] [DEBUG] rs = 

[2018-02-09 11:03:08:528] [DEBUG] result = (LambdaLink
  (VariableList
    (VariableNode "$spe-0") ; [6315141976687659927][1]
    (VariableNode "$sha-arg-0") ; [949102443632971434][1]
    (VariableNode "$sha-arg-1") ; [4859387568654154175][1]
  ) ; [17595290246834087799][1]
  (InheritanceLink
    (VariableNode "$spe-0") ; [6315141976687659927][1]
    (AndLink
      (VariableNode "$sha-arg-0") ; [949102443632971434][1]
      (VariableNode "$sha-arg-1") ; [4859387568654154175][1]
    ) ; [9237651940852305971][1]
  ) ; [15297889078798769916][1]
) ; [9760952924034718192][1]

[2018-02-09 11:03:08:530] [DEBUG] expected = (LambdaLink
  (VariableList
    (VariableNode "$spe-0") ; [6315141976687659927][1]
    (VariableNode "$sha-arg-0") ; [949102443632971434][1]
    (VariableNode "$sha-arg-1") ; [4859387568654154175][1]
  ) ; [17595290246834087799][1]
  (InheritanceLink
    (VariableNode "$spe-0") ; [6315141976687659927][1]
    (AndLink
      (VariableNode "$sha-arg-0") ; [949102443632971434][1]
      (VariableNode "$sha-arg-1") ; [4859387568654154175][1]
    ) ; [9237651940852305971][1]
  ) ; [15297889078798769916][1]
) ; [9760952924034718192][1]

[2018-02-09 11:03:08:532] [INFO] END TEST: test_and_compose_2
.[2018-02-09 11:03:08:534] [INFO] BEGIN TEST: test_over_quotation_consumption
[2018-02-09 11:03:08:536] [DEBUG] rs = 

[2018-02-09 11:03:08:538] [DEBUG] result = (LambdaLink
  (VariableNode "$vardecl") ; [3029255624138263430][1]
  (VariableNode "$body") ; [6221195124419089442][1]
) ; [15675621798173342014][1]

[2018-02-09 11:03:08:540] [DEBUG] expected = (QuoteLink
  (LambdaLink
    (UnquoteLink
      (VariableNode "$vardecl") ; [3029255624138263430][1]
    ) ; [12282815852244610162][1]
    (UnquoteLink
      (VariableNode "$body") ; [6221195124419089442][1]
    ) ; [15474755352525436174][1]
  ) ; [16520030251126152718][1]
) ; [16549637900238270355][1]


In PutLinkUTest::test_over_quotation_consumption:
/home/opencog/atomspace/build/tests/atoms/../../../tests/atoms/PutLinkUTest.cxxtest:1472: Error: Expected (result == expected), found ({ A0 76 9F 56 85 55 00 00 ... } != { E0 BD 75 57 85 55 00 00 ... })
[2018-02-09 11:03:08:542] [INFO] END TEST: test_over_quotation_consumption
Failed 2 and Skipped 0 of 26 tests
Success rate: 92%
;;; note: auto-compilation is enabled, set GUILE_AUTO_COMPILE=0
;;;       or pass the --no-auto-compile argument to disable.
;;; compiling ../../../tests/atoms/nested-put.scm
;;; compiled /home/jenkins/.cache/guile/ccache/2.0-LE-8-2.0/home/opencog/atomspace/tests/atoms/nested-put.scm.go
;;; compiling ../../../tests/atoms/put-and.scm
;;; compiled /home/jenkins/.cache/guile/ccache/2.0-LE-8-2.0/home/opencog/atomspace/tests/atoms/put-and.scm.go

        Start  26: AlphaConvertUTest
 26/105 Test  #26: AlphaConvertUTest ................   Passed    0.01 sec
        Start  27: BetaReduceUTest
 27/105 Test  #27: BetaReduceUTest ..................   Passed    0.01 sec
        Start  28: DefineLinkUTest
 28/105 Test  #28: DefineLinkUTest ..................   Passed    0.09 sec
        Start  29: DeleteLinkUTest
 29/105 Test  #29: DeleteLinkUTest ..................   Passed    0.01 sec
        Start  30: EqualLinkUTest
 30/105 Test  #30: EqualLinkUTest ...................   Passed    0.01 sec
        Start  31: StateLinkUTest
 31/105 Test  #31: StateLinkUTest ...................   Passed    0.01 sec
        Start  32: VariablesUTest
 32/105 Test  #32: VariablesUTest ...................   Passed    0.00 sec
        Start  33: ComposeLinkUTest
 33/105 Test  #33: ComposeLinkUTest .................   Passed    0.01 sec
        Start  34: AtomUtilsUTest
 34/105 Test  #34: AtomUtilsUTest ...................   Passed    0.02 sec
        Start  35: FindUtilsUTest
 35/105 Test  #35: FindUtilsUTest ...................   Passed    0.02 sec
        Start  36: FuzzyUTest
 36/105 Test  #36: FuzzyUTest .......................   Passed    0.01 sec
        Start  37: NeighborUTest
 37/105 Test  #37: NeighborUTest ....................   Passed    0.01 sec
        Start  38: UnifyUTest
 38/105 Test  #38: UnifyUTest .......................   Passed    5.71 sec
        Start  39: AtomSpaceUtilsUTest
 39/105 Test  #39: AtomSpaceUtilsUTest ..............   Passed    0.00 sec
        Start  40: AttentionUTest
 40/105 Test  #40: AttentionUTest ...................***Failed    0.01 sec
Running cxxtest tests (2 tests).
In AttentionUTest::testGetRandomAtoms:
/home/opencog/atomspace/build/tests/attentionbank/../../../tests/attentionbank/AttentionUTest.cxxtest:70: Error: Expected (h != Handle::UNDEFINED), found ({ 00 00 00 00 00 00 00 00 ... })
/home/opencog/atomspace/build/tests/attentionbank/../../../tests/attentionbank/AttentionUTest.cxxtest:70: Error: Expected (h != Handle::UNDEFINED), found ({ 00 00 00 00 00 00 00 00 ... })
/home/opencog/atomspace/build/tests/attentionbank/../../../tests/attentionbank/AttentionUTest.cxxtest:70: Error: Expected (h != Handle::UNDEFINED), found ({ 00 00 00 00 00 00 00 00 ... })
/home/opencog/atomspace/build/tests/attentionbank/../../../tests/attentionbank/AttentionUTest.cxxtest:70: Error: Expected (h != Handle::UNDEFINED), found ({ 00 00 00 00 00 00 00 00 ... })
/home/opencog/atomspace/build/tests/attentionbank/../../../tests/attentionbank/AttentionUTest.cxxtest:70: Error: Expected (h != Handle::UNDEFINED), found ({ 00 00 00 00 00 00 00 00 ... })
/home/opencog/atomspace/build/tests/attentionbank/../../../tests/attentionbank/AttentionUTest.cxxtest:70: Error: Expected (h != Handle::UNDEFINED), found ({ 00 00 00 00 00 00 00 00 ... })
/home/opencog/atomspace/build/tests/attentionbank/../../../tests/attentionbank/AttentionUTest.cxxtest:70: Error: Expected (h != Handle::UNDEFINED), found ({ 00 00 00 00 00 00 00 00 ... })
/home/opencog/atomspace/build/tests/attentionbank/../../../tests/attentionbank/AttentionUTest.cxxtest:70: Error: Expected (h != Handle::UNDEFINED), found ({ 00 00 00 00 00 00 00 00 ... })
/home/opencog/atomspace/build/tests/attentionbank/../../../tests/attentionbank/AttentionUTest.cxxtest:70: Error: Expected (h != Handle::UNDEFINED), found ({ 00 00 00 00 00 00 00 00 ... })
/home/opencog/atomspace/build/tests/attentionbank/../../../tests/attentionbank/AttentionUTest.cxxtest:70: Error: Expected (h != Handle::UNDEFINED), found ({ 00 00 00 00 00 00 00 00 ... })
/home/opencog/atomspace/build/tests/attentionbank/../../../tests/attentionbank/AttentionUTest.cxxtest:70: Error: Expected (h != Handle::UNDEFINED), found ({ 00 00 00 00 00 00 00 00 ... })
/home/opencog/atomspace/build/tests/attentionbank/../../../tests/attentionbank/AttentionUTest.cxxtest:70: Error: Expected (h != Handle::UNDEFINED), found ({ 00 00 00 00 00 00 00 00 ... })
/home/opencog/atomspace/build/tests/attentionbank/../../../tests/attentionbank/AttentionUTest.cxxtest:70: Error: Expected (h != Handle::UNDEFINED), found ({ 00 00 00 00 00 00 00 00 ... })
/home/opencog/atomspace/build/tests/attentionbank/../../../tests/attentionbank/AttentionUTest.cxxtest:70: Error: Expected (h != Handle::UNDEFINED), found ({ 00 00 00 00 00 00 00 00 ... })
/home/opencog/atomspace/build/tests/attentionbank/../../../tests/attentionbank/AttentionUTest.cxxtest:70: Error: Expected (h != Handle::UNDEFINED), found ({ 00 00 00 00 00 00 00 00 ... })
/home/opencog/atomspace/build/tests/attentionbank/../../../tests/attentionbank/AttentionUTest.cxxtest:70: Error: Expected (h != Handle::UNDEFINED), found ({ 00 00 00 00 00 00 00 00 ... })
/home/opencog/atomspace/build/tests/attentionbank/../../../tests/attentionbank/AttentionUTest.cxxtest:70: Error: Expected (h != Handle::UNDEFINED), found ({ 00 00 00 00 00 00 00 00 ... })
/home/opencog/atomspace/build/tests/attentionbank/../../../tests/attentionbank/AttentionUTest.cxxtest:70: Error: Expected (h != Handle::UNDEFINED), found ({ 00 00 00 00 00 00 00 00 ... })
/home/opencog/atomspace/build/tests/attentionbank/../../../tests/attentionbank/AttentionUTest.cxxtest:70: Error: Expected (h != Handle::UNDEFINED), found ({ 00 00 00 00 00 00 00 00 ... })
/home/opencog/atomspace/build/tests/attentionbank/../../../tests/attentionbank/AttentionUTest.cxxtest:70: Error: Expected (h != Handle::UNDEFINED), found ({ 00 00 00 00 00 00 00 00 ... })
/home/opencog/atomspace/build/tests/attentionbank/../../../tests/attentionbank/AttentionUTest.cxxtest:70: Error: Expected (h != Handle::UNDEFINED), found ({ 00 00 00 00 00 00 00 00 ... })
/home/opencog/atomspace/build/tests/attentionbank/../../../tests/attentionbank/AttentionUTest.cxxtest:70: Error: Expected (h != Handle::UNDEFINED), found ({ 00 00 00 00 00 00 00 00 ... })
/home/opencog/atomspace/build/tests/attentionbank/../../../tests/attentionbank/AttentionUTest.cxxtest:70: Error: Expected (h != Handle::UNDEFINED), found ({ 00 00 00 00 00 00 00 00 ... })
/home/opencog/atomspace/build/tests/attentionbank/../../../tests/attentionbank/AttentionUTest.cxxtest:70: Error: Expected (h != Handle::UNDEFINED), found ({ 00 00 00 00 00 00 00 00 ... })
/home/opencog/atomspace/build/tests/attentionbank/../../../tests/attentionbank/AttentionUTest.cxxtest:70: Error: Expected (h != Handle::UNDEFINED), found ({ 00 00 00 00 00 00 00 00 ... })
/home/opencog/atomspace/build/tests/attentionbank/../../../tests/attentionbank/AttentionUTest.cxxtest:70: Error: Expected (h != Handle::UNDEFINED), found ({ 00 00 00 00 00 00 00 00 ... })
/home/opencog/atomspace/build/tests/attentionbank/../../../tests/attentionbank/AttentionUTest.cxxtest:70: Error: Expected (h != Handle::UNDEFINED), found ({ 00 00 00 00 00 00 00 00 ... })
/home/opencog/atomspace/build/tests/attentionbank/../../../tests/attentionbank/AttentionUTest.cxxtest:70: Error: Expected (h != Handle::UNDEFINED), found ({ 00 00 00 00 00 00 00 00 ... })
/home/opencog/atomspace/build/tests/attentionbank/../../../tests/attentionbank/AttentionUTest.cxxtest:70: Error: Expected (h != Handle::UNDEFINED), found ({ 00 00 00 00 00 00 00 00 ... })
/home/opencog/atomspace/build/tests/attentionbank/../../../tests/attentionbank/AttentionUTest.cxxtest:70: Error: Expected (h != Handle::UNDEFINED), found ({ 00 00 00 00 00 00 00 00 ... })
/home/opencog/atomspace/build/tests/attentionbank/../../../tests/attentionbank/AttentionUTest.cxxtest:70: Error: Expected (h != Handle::UNDEFINED), found ({ 00 00 00 00 00 00 00 00 ... })
/home/opencog/atomspace/build/tests/attentionbank/../../../tests/attentionbank/AttentionUTest.cxxtest:70: Error: Expected (h != Handle::UNDEFINED), found ({ 00 00 00 00 00 00 00 00 ... })
/home/opencog/atomspace/build/tests/attentionbank/../../../tests/attentionbank/AttentionUTest.cxxtest:70: Error: Expected (h != Handle::UNDEFINED), found ({ 00 00 00 00 00 00 00 00 ... })
/home/opencog/atomspace/build/tests/attentionbank/../../../tests/attentionbank/AttentionUTest.cxxtest:70: Error: Expected (h != Handle::UNDEFINED), found ({ 00 00 00 00 00 00 00 00 ... })
/home/opencog/atomspace/build/tests/attentionbank/../../../tests/attentionbank/AttentionUTest.cxxtest:70: Error: Expected (h != Handle::UNDEFINED), found ({ 00 00 00 00 00 00 00 00 ... })
/home/opencog/atomspace/build/tests/attentionbank/../../../tests/attentionbank/AttentionUTest.cxxtest:70: Error: Expected (h != Handle::UNDEFINED), found ({ 00 00 00 00 00 00 00 00 ... })
/home/opencog/atomspace/build/tests/attentionbank/../../../tests/attentionbank/AttentionUTest.cxxtest:70: Error: Expected (h != Handle::UNDEFINED), found ({ 00 00 00 00 00 00 00 00 ... })
/home/opencog/atomspace/build/tests/attentionbank/../../../tests/attentionbank/AttentionUTest.cxxtest:70: Error: Expected (h != Handle::UNDEFINED), found ({ 00 00 00 00 00 00 00 00 ... })
/home/opencog/atomspace/build/tests/attentionbank/../../../tests/attentionbank/AttentionUTest.cxxtest:70: Error: Expected (h != Handle::UNDEFINED), found ({ 00 00 00 00 00 00 00 00 ... })
/home/opencog/atomspace/build/tests/attentionbank/../../../tests/attentionbank/AttentionUTest.cxxtest:70: Error: Expected (h != Handle::UNDEFINED), found ({ 00 00 00 00 00 00 00 00 ... })
/home/opencog/atomspace/build/tests/attentionbank/../../../tests/attentionbank/AttentionUTest.cxxtest:70: Error: Expected (h != Handle::UNDEFINED), found ({ 00 00 00 00 00 00 00 00 ... })
/home/opencog/atomspace/build/tests/attentionbank/../../../tests/attentionbank/AttentionUTest.cxxtest:70: Error: Expected (h != Handle::UNDEFINED), found ({ 00 00 00 00 00 00 00 00 ... })
/home/opencog/atomspace/build/tests/attentionbank/../../../tests/attentionbank/AttentionUTest.cxxtest:70: Error: Expected (h != Handle::UNDEFINED), found ({ 00 00 00 00 00 00 00 00 ... })
/home/opencog/atomspace/build/tests/attentionbank/../../../tests/attentionbank/AttentionUTest.cxxtest:70: Error: Expected (h != Handle::UNDEFINED), found ({ 00 00 00 00 00 00 00 00 ... })
/home/opencog/atomspace/build/tests/attentionbank/../../../tests/attentionbank/AttentionUTest.cxxtest:70: Error: Expected (h != Handle::UNDEFINED), found ({ 00 00 00 00 00 00 00 00 ... })
/home/opencog/atomspace/build/tests/attentionbank/../../../tests/attentionbank/AttentionUTest.cxxtest:70: Error: Expected (h != Handle::UNDEFINED), found ({ 00 00 00 00 00 00 00 00 ... })
/home/opencog/atomspace/build/tests/attentionbank/../../../tests/attentionbank/AttentionUTest.cxxtest:70: Error: Expected (h != Handle::UNDEFINED), found ({ 00 00 00 00 00 00 00 00 ... })
/home/opencog/atomspace/build/tests/attentionbank/../../../tests/attentionbank/AttentionUTest.cxxtest:70: Error: Expected (h != Handle::UNDEFINED), found ({ 00 00 00 00 00 00 00 00 ... })
/home/opencog/atomspace/build/tests/attentionbank/../../../tests/attentionbank/AttentionUTest.cxxtest:70: Error: Expected (h != Handle::UNDEFINED), found ({ 00 00 00 00 00 00 00 00 ... })
/home/opencog/atomspace/build/tests/attentionbank/../../../tests/attentionbank/AttentionUTest.cxxtest:70: Error: Expected (h != Handle::UNDEFINED), found ({ 00 00 00 00 00 00 00 00 ... })
Failed 1 and Skipped 0 of 2 tests
Success rate: 50%

        Start  41: BasicSCMUTest
 41/105 Test  #41: BasicSCMUTest ....................   Passed    0.23 sec
        Start  42: SCMPrimitiveUTest
 42/105 Test  #42: SCMPrimitiveUTest ................   Passed    0.72 sec
        Start  43: MultiAtomSpaceUTest
 43/105 Test  #43: MultiAtomSpaceUTest ..............   Passed    0.38 sec
        Start  44: MultiThreadUTest
 44/105 Test  #44: MultiThreadUTest .................   Passed    5.84 sec
        Start  45: SCMUtilsUTest
 45/105 Test  #45: SCMUtilsUTest ....................   Passed    0.11 sec
        Start  46: SCMExecutionOutputUTest
 46/105 Test  #46: SCMExecutionOutputUTest ..........   Passed    0.19 sec
        Start  47: PatternUTest
 47/105 Test  #47: PatternUTest .....................   Passed    0.01 sec
        Start  48: StackUTest
 48/105 Test  #48: StackUTest .......................   Passed    0.01 sec
        Start  49: BigPatternUTest
 49/105 Test  #49: BigPatternUTest ..................   Passed    0.01 sec
        Start  50: BiggerPatternUTest
 50/105 Test  #50: BiggerPatternUTest ...............   Passed    0.01 sec
        Start  51: LoopPatternUTest
 51/105 Test  #51: LoopPatternUTest .................   Passed    0.01 sec
        Start  52: BooleanUTest
 52/105 Test  #52: BooleanUTest .....................   Passed    0.03 sec
        Start  53: Boolean2NotUTest
 53/105 Test  #53: Boolean2NotUTest .................   Passed    0.03 sec
        Start  54: ConstantClausesUTest
 54/105 Test  #54: ConstantClausesUTest .............   Passed    0.15 sec
        Start  55: PatternCrashUTest
 55/105 Test  #55: PatternCrashUTest ................   Passed    0.08 sec
        Start  56: DisconnectedUTest
 56/105 Test  #56: DisconnectedUTest ................   Passed    0.22 sec
        Start  57: ImplicationUTest
 57/105 Test  #57: ImplicationUTest .................   Passed    0.08 sec
        Start  58: ExecutionOutputUTest
 58/105 Test  #58: ExecutionOutputUTest .............   Passed    0.09 sec
        Start  59: BuggyStackUTest
 59/105 Test  #59: BuggyStackUTest ..................   Passed    0.10 sec
        Start  60: VarTypeNotUTest
 60/105 Test  #60: VarTypeNotUTest ..................   Passed    0.10 sec
        Start  61: BuggyNotUTest
 61/105 Test  #61: BuggyNotUTest ....................   Passed    0.09 sec
        Start  62: MatchLinkUTest
 62/105 Test  #62: MatchLinkUTest ...................   Passed    0.12 sec
        Start  63: UnorderedUTest
 63/105 Test  #63: UnorderedUTest ...................   Passed    0.17 sec
        Start  64: StackMoreUTest
 64/105 Test  #64: StackMoreUTest ...................   Passed    0.45 sec
        Start  65: GlobUTest
 65/105 Test  #65: GlobUTest ........................   Passed    0.22 sec
        Start  66: RecognizerUTest
 66/105 Test  #66: RecognizerUTest ..................   Passed    0.12 sec
        Start  67: ArcanaUTest
 67/105 Test  #67: ArcanaUTest ......................   Passed    4.15 sec
        Start  68: SubstitutionUTest
 68/105 Test  #68: SubstitutionUTest ................   Passed    0.10 sec
        Start  69: GetLinkUTest
 69/105 Test  #69: GetLinkUTest .....................   Passed    0.11 sec
        Start  70: GetStateUTest
 70/105 Test  #70: GetStateUTest ....................   Passed    1.75 sec
        Start  71: DeepTypeUTest
 71/105 Test  #71: DeepTypeUTest ....................   Passed    0.11 sec
        Start  72: GreaterThanUTest
 72/105 Test  #72: GreaterThanUTest .................   Passed    0.12 sec
        Start  73: GreaterComputeUTest
 73/105 Test  #73: GreaterComputeUTest ..............   Passed    0.09 sec
        Start  74: SequenceUTest
 74/105 Test  #74: SequenceUTest ....................   Passed    0.13 sec
        Start  75: EvaluationUTest
 75/105 Test  #75: EvaluationUTest ..................   Passed    0.14 sec
        Start  76: DontExecUTest
 76/105 Test  #76: DontExecUTest ....................   Passed    0.11 sec
        Start  77: QuoteUTest
 77/105 Test  #77: QuoteUTest .......................   Passed    0.17 sec
        Start  78: UnquoteUTest
 78/105 Test  #78: UnquoteUTest .....................   Passed    0.01 sec
        Start  79: LocalQuoteUTest
 79/105 Test  #79: LocalQuoteUTest ..................   Passed    0.01 sec
        Start  80: BuggyLinkUTest
 80/105 Test  #80: BuggyLinkUTest ...................   Passed    0.09 sec
        Start  81: BuggyQuoteUTest
 81/105 Test  #81: BuggyQuoteUTest ..................   Passed    0.09 sec
        Start  82: BuggyEqualUTest
 82/105 Test  #82: BuggyEqualUTest ..................   Passed    0.10 sec
        Start  83: BuggySelfGroundUTest
 83/105 Test  #83: BuggySelfGroundUTest .............   Passed    0.08 sec
        Start  84: ChoiceLinkUTest
 84/105 Test  #84: ChoiceLinkUTest ..................   Passed    0.20 sec
        Start  85: DefineUTest
 85/105 Test  #85: DefineUTest ......................   Passed    0.10 sec
        Start  86: FiniteStateMachineUTest
 86/105 Test  #86: FiniteStateMachineUTest ..........   Passed    0.09 sec
        Start  87: AbsentUTest
 87/105 Test  #87: AbsentUTest ......................   Passed    0.13 sec
        Start  88: SingleUTest
 88/105 Test  #88: SingleUTest ......................   Passed    0.09 sec
        Start  89: ScopeUTest
 89/105 Test  #89: ScopeUTest .......................   Passed    0.22 sec
        Start  90: NestedPutUTest
 90/105 Test  #90: NestedPutUTest ...................   Passed    0.10 sec
        Start  91: FirstNUTest
 91/105 Test  #91: FirstNUTest ......................   Passed    0.13 sec
        Start  92: AttentionalFocusCBUTest
 92/105 Test  #92: AttentionalFocusCBUTest ..........   Passed    0.09 sec
        Start  93: SudokuUTest
 93/105 Test  #93: SudokuUTest ......................   Passed    0.12 sec
        Start  94: EinsteinUTest
 94/105 Test  #94: EinsteinUTest ....................   Passed    4.66 sec
        Start  95: TypeChoiceUTest
 95/105 Test  #95: TypeChoiceUTest ..................   Passed    0.01 sec
        Start  96: NoExceptionUTest
 96/105 Test  #96: NoExceptionUTest .................   Passed    0.10 sec
        Start  97: ChainerUtilsUTest
 97/105 Test  #97: ChainerUtilsUTest ................   Passed    0.08 sec
        Start  98: UREConfigUTest
 98/105 Test  #98: UREConfigUTest ...................   Passed    0.12 sec
        Start  99: RuleUTest
 99/105 Test  #99: RuleUTest ........................   Passed    0.23 sec
        Start 100: ForwardChainerUTest
100/105 Test #100: ForwardChainerUTest ..............   Passed    1.09 sec
        Start 101: BetaDistributionUTest
101/105 Test #101: BetaDistributionUTest ............   Passed    0.02 sec
        Start 102: BackwardChainerUTest
102/105 Test #102: BackwardChainerUTest .............   Passed    3.21 sec
        Start 103: ActionSelectionUTest
103/105 Test #103: ActionSelectionUTest .............   Passed    0.01 sec
        Start 104: ControlPolicyUTest
104/105 Test #104: ControlPolicyUTest ...............   Passed    0.09 sec
        Start 105: BITUTest
105/105 Test #105: BITUTest .........................   Passed    0.26 sec

98% tests passed, 2 tests failed out of 105

Total Test time (real) =  59.58 sec

The following tests FAILED:
	 25 - PutLinkUTest (Failed)
	 40 - AttentionUTest (Failed)
Errors while running CTest
make[3]: *** [CMakeFiles/test] Error 8
CMakeFiles/test.dir/build.make:57: recipe for target 'CMakeFiles/test' failed
make[2]: *** [CMakeFiles/test.dir/all] Error 2
CMakeFiles/Makefile2:67: recipe for target 'CMakeFiles/test.dir/all' failed
CMakeFiles/Makefile2:74: recipe for target 'CMakeFiles/test.dir/rule' failed
make[1]: *** [CMakeFiles/test.dir/rule] Error 2
Makefile:186: recipe for target 'test' failed
make: *** [test] Error 2
+ DSTATUS=TESTFAIL
+ /var/lib/jenkins/status/updateStatus TESTFAIL /var/lib/jenkins/jobs/OpenCOG_U1710_AtomSpace/builds/36/log OpenCOG_U1710_AtomSpace
Already up-to-date.
