Started by user [8mha:////4L2jTPWu9zIb56dnp8RqVObesKKV2DVGI0jJXlam1DqAAAAAlx+LCAAAAAAAAP9b85aBtbiIQTGjNKU4P08vOT+vOD8nVc83PyU1x6OyILUoJzMv2y+/JJUBAhiZGBgqihhk0NSjKDWzXb3RdlLBUSYGJk8GtpzUvPSSDB8G5tKinBIGIZ+sxLJE/ZzEvHT94JKizLx0a6BxUmjGOUNodHsLgAzWEgZu/dLi1CL9xJTczDwAj6GcLcAAAAA=[0madmin
Building in workspace /var/lib/jenkins/workspace/OpenCOG_U1710_Opencog
[OpenCOG_U1710_Opencog] $ /bin/sh -xe /tmp/jenkins8992935161999172769.sh
+ COGDIR=../OpenCOG_U1710
+ . ../OpenCOG_U1710/build.docker/docker.env
+ CID=3a39f8dd9f634347854c7a6864a48739b1190da04f19d96f7691629334f3c72f
+ DKRUNROOT=docker exec --user root   3a39f8dd9f634347854c7a6864a48739b1190da04f19d96f7691629334f3c72f
+ DKRUNUSER=docker exec --user jenkins  3a39f8dd9f634347854c7a6864a48739b1190da04f19d96f7691629334f3c72f
+ UID=125
+ GID=132
+ LOGFILE=/var/lib/jenkins/jobs/OpenCOG_U1710_Opencog/builds/5/log
+ cat


**********************************************************
**********************************************************
**********************************************************
**********************************************************
*****                                                *****
*****                  Opencog TEST                *****
*****                                                *****
**********************************************************
**********************************************************
**********************************************************
**********************************************************


+ echo GIT_COMMIT=
GIT_COMMIT=
+ echo GIT_BRANCH=
GIT_BRANCH=
+ echo GIT_URL=
GIT_URL=
+ WDIR=opencog/
+ JOBDIR=../OpenCOG_U1710/dependencies
+ cat
+ chmod +x ../OpenCOG_U1710/dependencies/job1
+ docker exec --user jenkins 3a39f8dd9f634347854c7a6864a48739b1190da04f19d96f7691629334f3c72f bash dependencies/job1
+ cd opencog/
+ cd build
+ make -j8 test
[  1%] Generating PLNRulesUTest.cpp
[  3%] Built target json_spirit
[  3%] Built target attention_atom_types
[  6%] Built target xpatternminer
[ 10%] Built target py-shell
[ 13%] Generating MOSESPLNSynergyUTest.cpp
[ 13%] Built target nlp_atom_types
[ 13%] Built target openpsi
[ 15%] Built target statistics
[ 16%] Built target agent_finder
[ 16%] Built target patternminer_atom_types
[ 18%] Built target dimensionalembedding
[ 21%] Built target nlp-types
[ 23%] Built target attention-types
[ 25%] Built target atomspacepublishermodule
[ 25%] Built target spacetime_atom_types
[ 25%] Generating OpenPsiSCMUTest.cpp
[ 26%] Generating OpenPsiRulesUTest.cpp
[ 26%] Generating XPatternMinerUTest.cpp
[ 26%] Generating OpenPsiImplicatorUTest.cpp
[ 28%] Generating StatisticsUTest.cpp
[ 36%] Built target patternindex
Scanning dependencies of target PLNRulesUTest
Scanning dependencies of target MOSESPLNSynergyUTest
[ 36%] Building CXX object tests/pln/rules/CMakeFiles/PLNRulesUTest.dir/PLNRulesUTest.cpp.o
[ 36%] Building CXX object tests/pln/CMakeFiles/MOSESPLNSynergyUTest.dir/MOSESPLNSynergyUTest.cpp.o
[ 40%] Built target patternminer-types
Scanning dependencies of target StatisticsUTest
[ 40%] Generating PatternIndexAPIUTest.cpp
[ 40%] Building CXX object tests/learning/statistics/CMakeFiles/StatisticsUTest.dir/StatisticsUTest.cpp.o
Scanning dependencies of target OpenPsiRulesUTest
Scanning dependencies of target OpenPsiSCMUTest
[ 40%] Building CXX object tests/openpsi/CMakeFiles/OpenPsiRulesUTest.dir/OpenPsiRulesUTest.cpp.o
Scanning dependencies of target OpenPsiImplicatorUTest
Scanning dependencies of target XPatternMinerUTest
[ 41%] Building CXX object tests/openpsi/CMakeFiles/OpenPsiSCMUTest.dir/OpenPsiSCMUTest.cpp.o
[ 43%] Building CXX object tests/openpsi/CMakeFiles/OpenPsiImplicatorUTest.dir/OpenPsiImplicatorUTest.cpp.o
[ 45%] Building CXX object tests/learning/xpattern-miner/c++-based/CMakeFiles/XPatternMinerUTest.dir/XPatternMinerUTest.cpp.o
Scanning dependencies of target PatternIndexAPIUTest
[ 46%] Building CXX object tests/learning/pattern-index/CMakeFiles/PatternIndexAPIUTest.dir/PatternIndexAPIUTest.cpp.o
[ 48%] Linking CXX executable StatisticsUTest
[ 48%] Built target StatisticsUTest
[ 56%] Built target server
[ 61%] Built target PatternMiner
[ 71%] Built target attention
[ 71%] Generating AtomSpacePublisherModuleUTest.cpp
Scanning dependencies of target AtomSpacePublisherModuleUTest
[ 73%] Building CXX object tests/persist/zmq/events/CMakeFiles/AtomSpacePublisherModuleUTest.dir/AtomSpacePublisherModuleUTest.cpp.o
[ 75%] Linking CXX executable OpenPsiRulesUTest
[ 75%] Built target OpenPsiRulesUTest
[ 75%] Linking CXX executable PatternIndexAPIUTest
[ 75%] Generating ShellUTest.cpp
[ 75%] Linking CXX executable OpenPsiImplicatorUTest
CMakeFiles/PatternIndexAPIUTest.dir/PatternIndexAPIUTest.cpp.o: In function `PatternIndexAPIUTest::PatternIndexAPIUTest()':
/home/opencog/opencog/build/tests/learning/pattern-index/../../../../tests/learning/pattern-index/PatternIndexAPIUTest.cxxtest:76: warning: the use of `tmpnam' is dangerous, better use `mkstemp'
[ 75%] Built target PatternIndexAPIUTest
[ 75%] Built target OpenPsiImplicatorUTest
[ 75%] Linking CXX executable OpenPsiSCMUTest
Scanning dependencies of target ShellUTest
[ 76%] Building CXX object tests/server/CMakeFiles/ShellUTest.dir/ShellUTest.cpp.o
[ 78%] Linking CXX executable MOSESPLNSynergyUTest
[ 78%] Built target OpenPsiSCMUTest
[ 78%] Generating CogServerUTest.cpp
[ 78%] Generating AgentUTest.cpp
[ 80%] Generating PyEvalUTest.cpp
Scanning dependencies of target CogServerUTest
[ 81%] Building CXX object tests/server/CMakeFiles/CogServerUTest.dir/CogServerUTest.cpp.o
Scanning dependencies of target AgentUTest
[ 81%] Building CXX object tests/server/CMakeFiles/AgentUTest.dir/AgentUTest.cpp.o
[ 81%] Built target MOSESPLNSynergyUTest
[ 83%] Linking CXX executable PLNRulesUTest
[ 85%] Built target PythonModule
Scanning dependencies of target PyEvalUTest
[ 85%] Building CXX object tests/cython/CMakeFiles/PyEvalUTest.dir/PyEvalUTest.cpp.o
[ 86%] Generating DimEmbedUTest.cpp
[ 86%] Built target PLNRulesUTest
[ 86%] Generating PatternMinerUTest.cpp
Scanning dependencies of target DimEmbedUTest
[ 86%] Building CXX object tests/learning/dimensionalembedding/CMakeFiles/DimEmbedUTest.dir/DimEmbedUTest.cpp.o
Scanning dependencies of target PatternMinerUTest
[ 88%] Building CXX object tests/learning/PatternMiner/CMakeFiles/PatternMinerUTest.dir/PatternMinerUTest.cpp.o
[ 88%] Linking CXX executable XPatternMinerUTest
[ 88%] Built target XPatternMinerUTest
[ 90%] Generating AttentionParamQueryUTest.cpp
Scanning dependencies of target AttentionParamQueryUTest
[ 90%] Building CXX object tests/attention/CMakeFiles/AttentionParamQueryUTest.dir/AttentionParamQueryUTest.cpp.o
[ 90%] Linking CXX executable ShellUTest
[ 90%] Linking CXX executable PatternMinerUTest
[ 90%] Built target ShellUTest
[ 91%] Generating PythonModuleUTest.cpp
[ 91%] Built target PatternMinerUTest
[ 93%] Linking CXX executable AgentUTest
[ 95%] Linking CXX executable PyEvalUTest
Scanning dependencies of target PythonModuleUTest
[ 95%] Building CXX object tests/cython/CMakeFiles/PythonModuleUTest.dir/PythonModuleUTest.cpp.o
[ 95%] Built target AgentUTest
[ 95%] Built target PyEvalUTest
[ 95%] Linking CXX executable CogServerUTest
[ 95%] Built target CogServerUTest
[ 96%] Linking CXX executable AttentionParamQueryUTest
[ 96%] Built target AttentionParamQueryUTest
[ 98%] Linking CXX executable DimEmbedUTest
[ 98%] Built target DimEmbedUTest
[ 98%] Linking CXX executable AtomSpacePublisherModuleUTest
[100%] Linking CXX executable PythonModuleUTest
[100%] Built target AtomSpacePublisherModuleUTest
[100%] Built target PythonModuleUTest
Scanning dependencies of target tests
[100%] Built target tests
Scanning dependencies of target test
[100%] Running tests...
Test project /home/opencog/opencog/build/tests
      Start  1: AttentionParamQueryUTest
 1/17 Test  #1: AttentionParamQueryUTest .........   Passed    0.13 sec
      Start  2: AtomSpacePublisherModuleUTest
 2/17 Test  #2: AtomSpacePublisherModuleUTest ....***Exception: Other  5.47 sec
Running cxxtest tests (1 test)[2018-01-25 16:07:29:933] [INFO] Using config file found at: /home/opencog/opencog/build/tests/persist/zmq/events/../../../../lib/opencog-test.conf

[2018-01-25 16:07:29:933] [DEBUG] [SystemActivityTable] constructor
[2018-01-25 16:07:30:004] [INFO] [global_python_initialize] Start
[2018-01-25 16:07:30:009] [INFO] [global_python_initialize] Adding OpenCog sys.path directories
[2018-01-25 16:07:30:009] [DEBUG] Python 'sys.path' is:
[2018-01-25 16:07:30:009] [DEBUG]      0 > /usr/local/share/opencog/python
[2018-01-25 16:07:30:009] [DEBUG]      1 > /usr/lib/python2.7
[2018-01-25 16:07:30:009] [DEBUG]      2 > /usr/lib/python2.7/plat-x86_64-linux-gnu
[2018-01-25 16:07:30:009] [DEBUG]      3 > /usr/lib/python2.7/lib-tk
[2018-01-25 16:07:30:009] [DEBUG]      4 > /usr/lib/python2.7/lib-old
[2018-01-25 16:07:30:009] [DEBUG]      5 > /usr/lib/python2.7/lib-dynload
[2018-01-25 16:07:30:009] [DEBUG]      6 > /usr/local/lib/python2.7/dist-packages
[2018-01-25 16:07:30:009] [DEBUG]      7 > /usr/lib/python2.7/dist-packages
[2018-01-25 16:07:30:009] [DEBUG]      8 > /usr/lib/python2.7/dist-packages/PILcompat
[2018-01-25 16:07:30:009] [DEBUG]      9 > /usr/lib/python2.7/dist-packages/gtk-2.0
[2018-01-25 16:07:30:094] [INFO] [global_python_initialize] Finish
[2018-01-25 16:07:30:094] [INFO] [global_python_initialize] Start
[2018-01-25 16:07:30:094] [INFO] PythonEval::initialize_python_objects_and_imports Finished initialising python evaluator.
[2018-01-25 16:07:30:094] [DEBUG] [SystemActivityTable] init
[2018-01-25 16:07:30:094] [INFO] Loading module "../../../../opencog/cogserver/modules/events/libatomspacepublishermodule.so"
[2018-01-25 16:07:30:103] [INFO] [AtomSpacePublisherModule] constructor
[2018-01-25 16:07:30:103] [DEBUG] registering opencog::Request "publisher-enable-signals"
[2018-01-25 16:07:30:103] [DEBUG] registering opencog::Request "publisher-disable-signals"
[2018-01-25 16:07:30:103] [INFO] Initializing AtomSpacePublisherModule.
AtomSpacePublisherModuleUTest: /usr/include/zmq.hpp:406: zmq::context_t::~context_t(): Assertion `rc == 0' failed.

      Start  3: CogServerUTest
 3/17 Test  #3: CogServerUTest ...................   Passed    0.75 sec
      Start  4: ShellUTest
 4/17 Test  #4: ShellUTest .......................   Passed  120.07 sec
      Start  5: AgentUTest
 5/17 Test  #5: AgentUTest .......................   Passed    0.13 sec
      Start  6: MOSESPLNSynergyUTest
 6/17 Test  #6: MOSESPLNSynergyUTest .............***Failed    0.91 sec
Running cxxtest tests (3 tests);;; note: auto-compilation is enabled, set GUILE_AUTO_COMPILE=0
;;;       or pass the --no-auto-compile argument to disable.
;;; compiling ../../../examples/pln/moses-pln-synergy/scm/moses-pln-synergy-pm.scm
;;; examples/pln/moses-pln-synergy/scm/moses-pln-synergy-pm.scm:18:22: warning: possibly unbound variable `cog-bind'
;;; examples/pln/moses-pln-synergy/scm/moses-pln-synergy-pm.scm:18:22: warning: possibly unbound variable `implication-partial-instantiation-rule'
;;; examples/pln/moses-pln-synergy/scm/moses-pln-synergy-pm.scm:22:0: warning: possibly unbound variable `cog-bind'
;;; examples/pln/moses-pln-synergy/scm/moses-pln-synergy-pm.scm:22:0: warning: possibly unbound variable `implication-scope-to-implication-rule'
;;; examples/pln/moses-pln-synergy/scm/moses-pln-synergy-pm.scm:25:0: warning: possibly unbound variable `cog-bind'
;;; examples/pln/moses-pln-synergy/scm/moses-pln-synergy-pm.scm:25:0: warning: possibly unbound variable `and-lambda-distribution-rule'
;;; examples/pln/moses-pln-synergy/scm/moses-pln-synergy-pm.scm:28:0: warning: possibly unbound variable `cog-bind'
;;; examples/pln/moses-pln-synergy/scm/moses-pln-synergy-pm.scm:28:0: warning: possibly unbound variable `closed-lambda-evaluation-rule'
;;; examples/pln/moses-pln-synergy/scm/moses-pln-synergy-pm.scm:31:0: warning: possibly unbound variable `cog-bind'
;;; examples/pln/moses-pln-synergy/scm/moses-pln-synergy-pm.scm:31:0: warning: possibly unbound variable `implication-introduction-rule'
;;; examples/pln/moses-pln-synergy/scm/moses-pln-synergy-pm.scm:34:0: warning: possibly unbound variable `cog-bind'
;;; examples/pln/moses-pln-synergy/scm/moses-pln-synergy-pm.scm:34:0: warning: possibly unbound variable `implication-implicant-distribution-rule'
;;; examples/pln/moses-pln-synergy/scm/moses-pln-synergy-pm.scm:37:0: warning: possibly unbound variable `cog-bind'
;;; examples/pln/moses-pln-synergy/scm/moses-pln-synergy-pm.scm:37:0: warning: possibly unbound variable `implication-and-lambda-factorization-rule'
;;; examples/pln/moses-pln-synergy/scm/moses-pln-synergy-pm.scm:40:0: warning: possibly unbound variable `cog-bind'
;;; examples/pln/moses-pln-synergy/scm/moses-pln-synergy-pm.scm:40:0: warning: possibly unbound variable `deduction-implication-rule'
;;; examples/pln/moses-pln-synergy/scm/moses-pln-synergy-pm.scm:43:0: warning: possibly unbound variable `cog-bind'
;;; examples/pln/moses-pln-synergy/scm/moses-pln-synergy-pm.scm:43:0: warning: possibly unbound variable `deduction-implication-rule'
;;; examples/pln/moses-pln-synergy/scm/moses-pln-synergy-pm.scm:46:0: warning: possibly unbound variable `cog-bind'
;;; examples/pln/moses-pln-synergy/scm/moses-pln-synergy-pm.scm:46:0: warning: possibly unbound variable `implication-full-instantiation-rule'
;;; examples/pln/moses-pln-synergy/scm/moses-pln-synergy-pm.scm:49:0: warning: possibly unbound variable `cog-bind'
;;; examples/pln/moses-pln-synergy/scm/moses-pln-synergy-pm.scm:49:0: warning: possibly unbound variable `equivalence-to-implication-rule'
;;; examples/pln/moses-pln-synergy/scm/moses-pln-synergy-pm.scm:52:0: warning: possibly unbound variable `cog-bind'
;;; examples/pln/moses-pln-synergy/scm/moses-pln-synergy-pm.scm:52:0: warning: possibly unbound variable `deduction-implication-rule'
;;; examples/pln/moses-pln-synergy/scm/moses-pln-synergy-pm.scm:55:0: warning: possibly unbound variable `cog-bind'
;;; examples/pln/moses-pln-synergy/scm/moses-pln-synergy-pm.scm:55:0: warning: possibly unbound variable `deduction-implication-rule'
;;; examples/pln/moses-pln-synergy/scm/moses-pln-synergy-pm.scm:58:0: warning: possibly unbound variable `cog-bind'
;;; examples/pln/moses-pln-synergy/scm/moses-pln-synergy-pm.scm:58:0: warning: possibly unbound variable `deduction-implication-rule'
;;; examples/pln/moses-pln-synergy/scm/moses-pln-synergy-pm.scm:64:0: warning: possibly unbound variable `cog-bind'
;;; examples/pln/moses-pln-synergy/scm/moses-pln-synergy-pm.scm:64:0: warning: possibly unbound variable `implication-implicant-disjunction-rule'
;;; compiled /home/jenkins/.cache/guile/ccache/2.0-LE-8-2.0/home/opencog/opencog/examples/pln/moses-pln-synergy/scm/moses-pln-synergy-pm.scm.go
;;; compiling ../../../examples/pln/moses-pln-synergy/scm/moses-model.scm
;;; compiled /home/jenkins/.cache/guile/ccache/2.0-LE-8-2.0/home/opencog/opencog/examples/pln/moses-pln-synergy/scm/moses-model.scm.go
;;; compiling ../../../examples/pln/moses-pln-synergy/scm/background-knowledge.scm
;;; compiled /home/jenkins/.cache/guile/ccache/2.0-LE-8-2.0/home/opencog/opencog/examples/pln/moses-pln-synergy/scm/background-knowledge.scm.go
;;; compiling ../../../examples/pln/moses-pln-synergy/scm/pln-fc-config.scm
;;; WARNING: compilation of ../../../examples/pln/moses-pln-synergy/scm/pln-fc-config.scm failed:
;;; ERROR: In procedure dynamic-link: file: "libruleengine", message: "file not found"
;;; compiling ../../../opencog/pln/utilities.scm
;;; WARNING: compilation of ../../../opencog/pln/utilities.scm failed:
;;; ERROR: In procedure dynamic-link: file: "libexecution", message: "file not found"
;;; compiling ../../../opencog/pln/rules/wip/implication-instantiation.scm
;;; opencog/pln/rules/wip/implication-instantiation.scm:183:20: warning: possibly unbound variable `select-conditioned-substitution-terms'
;;; opencog/pln/rules/wip/implication-instantiation.scm:189:22: warning: possibly unbound variable `cog-execute!'
;;; opencog/pln/rules/wip/implication-instantiation.scm:193:22: warning: possibly unbound variable `cog-execute!'
;;; opencog/pln/rules/wip/implication-instantiation.scm:261:16: warning: possibly unbound variable `select-conditioned-substitution-terms'
;;; opencog/pln/rules/wip/implication-instantiation.scm:270:27: warning: possibly unbound variable `rm-list-ref'
;;; opencog/pln/rules/wip/implication-instantiation.scm:282:24: warning: possibly unbound variable `cog-execute!'
;;; opencog/pln/rules/wip/implication-instantiation.scm:283:24: warning: possibly unbound variable `cog-execute!'
;;; compiled /home/jenkins/.cache/guile/ccache/2.0-LE-8-2.0/home/opencog/opencog/opencog/pln/rules/wip/implication-instantiation.scm.go
;;; compiling ../../../opencog/pln/rules/wip/instantiation.scm
;;; opencog/pln/rules/wip/instantiation.scm:29:17: warning: possibly unbound variable `cog-execute!'
;;; opencog/pln/rules/wip/instantiation.scm:129:18: warning: possibly unbound variable `cog-execute!'
;;; compiled /home/jenkins/.cache/guile/ccache/2.0-LE-8-2.0/home/opencog/opencog/opencog/pln/rules/wip/instantiation.scm.go
;;; compiling ../../../opencog/pln/rules/wip/implication-scope-to-implication.scm
;;; compiled /home/jenkins/.cache/guile/ccache/2.0-LE-8-2.0/home/opencog/opencog/opencog/pln/rules/wip/implication-scope-to-implication.scm.go
;;; compiling ../../../opencog/pln/rules/wip/and-lambda-distribution.scm
;;; compiled /home/jenkins/.cache/guile/ccache/2.0-LE-8-2.0/home/opencog/opencog/opencog/pln/rules/wip/and-lambda-distribution.scm.go
;;; compiling ../../../opencog/pln/rules/wip/closed-lambda-evaluation.scm
;;; compiled /home/jenkins/.cache/guile/ccache/2.0-LE-8-2.0/home/opencog/opencog/opencog/pln/rules/wip/closed-lambda-evaluation.scm.go
;;; compiling ../../../opencog/pln/rules/wip/implication-introduction.scm
;;; compiled /home/jenkins/.cache/guile/ccache/2.0-LE-8-2.0/home/opencog/opencog/opencog/pln/rules/wip/implication-introduction.scm.go
;;; compiling ../../../opencog/pln/rules/wip/implication-implicant-distribution.scm
;;; compiled /home/jenkins/.cache/guile/ccache/2.0-LE-8-2.0/home/opencog/opencog/opencog/pln/rules/wip/implication-implicant-distribution.scm.go
;;; compiling ../../../opencog/pln/rules/wip/implication-and-lambda-factorization.scm
;;; compiled /home/jenkins/.cache/guile/ccache/2.0-LE-8-2.0/home/opencog/opencog/opencog/pln/rules/wip/implication-and-lambda-factorization.scm.go
;;; compiling ../../../opencog/pln/rules/term/deduction.scm
;;; opencog/pln/rules/term/deduction.scm:111:15: warning: possibly unbound variable `conditional-probability-consistency'
;;; opencog/pln/rules/term/deduction.scm:113:15: warning: possibly unbound variable `conditional-probability-consistency'
;;; opencog/pln/rules/term/deductiontarget = (ImplicationLink (stv 0.875000 0.009900)
  (OrLink
    (PredicateNode "take-treatment-1" (stv 0.100000 0.800000)) ; [693477798751519767][1]
    (PredicateNode "eat-lots-fruits-vegetables" (stv 0.070000 0.800000)) ; [8653502684118356509][1]
  ) ; [13838683702685337573][1]
  (PredicateNode "recovery-speed-of-injury-alpha" (stv 0.300000 0.800000)) ; [3285549567468649231][1]
) ; [9568671088959410699][1]


In MOSESPLNSynergyUTest::test_moses_pln_synergy_pm:
/home/opencog/opencog/build/tests/pln/../../../tests/pln/MOSESPLNSynergyUTest.cxxtest:129: Error: Expected (target_strength == expected_strength) up to 1e-6 (0.0000), found (0.8750 != 0.6035)
/home/opencog/opencog/build/tests/pln/../../../tests/pln/MOSESPLNSynergyUTest.cxxtest:130: Error: Expected (target_confidence == expected_confidence) up to 1e-6 (0.0000), found (0.0099 != 0.6547)
..
Failed 1 and Skipped 0 of 3 tests
Success rate: 66%
.scm:140:30: warning: possibly unbound variable `simple-deduction-strength-formula'
;;; compiled /home/jenkins/.cache/guile/ccache/2.0-LE-8-2.0/home/opencog/opencog/opencog/pln/rules/term/deduction.scm.go
;;; compiling ../../../opencog/pln/rules/term/formulas.scm
;;; compiled /home/jenkins/.cache/guile/ccache/2.0-LE-8-2.0/home/opencog/opencog/opencog/pln/rules/term/formulas.scm.go
;;; compiling ../../../opencog/pln/rules/wip/equivalence-to-implication.scm
;;; compiled /home/jenkins/.cache/guile/ccache/2.0-LE-8-2.0/home/opencog/opencog/opencog/pln/rules/wip/equivalence-to-implication.scm.go
;;; compiling ../../../opencog/pln/rules/wip/implication-implicant-disjunction.scm
;;; compiled /home/jenkins/.cache/guile/ccache/2.0-LE-8-2.0/home/opencog/opencog/opencog/pln/rules/wip/implication-implicant-disjunction.scm.go

      Start  7: PLNRulesUTest
 7/17 Test  #7: PLNRulesUTest ....................***Failed    1.51 sec
Running cxxtest tests (21 tests)[DEBUG] BEGIN TEST: test_deduction
[DEBUG] [PLNRulesUTest] Loaded "tests/pln/rules/simple-assertions.scm":


[DEBUG] [PLNRulesUTest] Loaded "opencog/pln/rules/term/deduction.scm":
(DefineLink
   (DefinedSchemaNode "deduction-subset-rule")
   (BindLink
      (VariableList
         (TypedVariableLink
            (VariableNode "$A")
            (TypeChoice
               (TypeNode "ConceptNode")
               (TypeNode "AndLink")
               (TypeNode "OrLink")
               (TypeNode "NotLink")
            )
         )
         (TypedVariableLink
            (VariableNode "$B")
            (TypeChoice
               (TypeNode "ConceptNode")
               (TypeNode "AndLink")
               (TypeNode "OrLink")
               (TypeNode "NotLink")
            )
         )
         (TypedVariableLink
            (VariableNode "$C")
            (TypeChoice
               (TypeNode "ConceptNode")
               (TypeNode "AndLink")
               (TypeNode "OrLink")
               (TypeNode "NotLink")
            )
         )
      )
      (AndLink
         (SubsetLink
            (VariableNode "$B")
            (VariableNode "$C")
         )
         (SubsetLink
            (VariableNode "$A")
            (VariableNode "$B")
         )
         (NotLink
            (IdenticalLink
               (VariableNode "$A")
               (VariableNode "$C")
            )
         )
      )
      (ExecutionOutputLink
         (GroundedSchemaNode "scm: deduction-formula")
         (ListLink
            (SubsetLink
               (VariableNode "$A")
               (VariableNode "$C")
            )
            (SubsetLink
               (VariableNode "$A")
               (VariableNode "$B")
            )
            (SubsetLink
               (VariableNode "$B")
               (VariableNode "$C")
            )
         )
      )
   )
)


.[DEBUG] results = (SetLink
  (ListLink
    (ConceptNode "Socrates" (stv 0.001000 0.900000)) ; [776446707161870420][1]
  ) ; [10015493381781884977][1]
  (ListLink
    (ConceptNode "Einstein" (stv 0.001000 0.900000)) ; [3001995437484464521][1]
  ) ; [12241042112104479078][1]
  (ListLink
    (ConceptNode "man" (stv 0.010000 0.900000)) ; [5017874767067754032][1]
  ) ; [14256921441687768589][1]
  (ListLink
    (ConceptNode "Peirce" (stv 0.001000 0.900000)) ; [6957451695842255768][1]
  ) ; [16196498370462270325][1]
) ; [11178058097441403215][1]

[DEBUG] BEGIN TEST: test_and_introduction
[DEBUG] [PLNRulesUTest] Loaded "tests/pln/rules/simple-predicates.scm":
(PredicateNode "Q" (stv 0.6 1))


[DEBUG] [PLNRulesUTest] Loaded "opencog/pln/rules/wip/and-introduction.scm":
(DefineLink
   (DefinedSchemaNode "and-introduction-grounded-evaluation-rule")
   (BindLink
      (VariableList
         (TypedVariableLink
            (VariableNode "$A")
            (TypeNode "EvaluationLink")
         )
         (TypedVariableLink
            (VariableNode "$B")
            (TypeNode "EvaluationLink")
         )
         (TypedVariableLink
            (VariableNode "$C")
            (TypeNode "EvaluationLink")
         )
      )
      (AndLink
         (VariableNode "$A")
         (VariableNode "$C")
         (VariableNode "$B")
         (NotLink
            (EqualLink
               (VariableNode "$A")
               (VariableNode "$C")
            )
         )
         (NotLink
            (EqualLink
               (VariableNode "$A")
               (VariableNode "$B")
            )
         )
         (EvaluationLink
            (GroundedPredicateNode "scm: fully-grounded")
            (ListLink
               (VariableNode "$A")
            )
         )
         (NotLink
            (EqualLink
               (VariableNode "$C")
               (VariableNode "$B")
            )
         )
         (EvaluationLink
            (GroundedPredicateNode "scm: fully-grounded")
            (ListLink
               (VariableNode "$C")
            )
         )
         (EvaluationLink
            (GroundedPredicateNode "scm: fully-grounded")
            (ListLink
               (VariableNode "$B")
            )
         )
      )
      (ExecutionOutputLink
         (GroundedSchemaNode "scm: and-introduction-grounded-evaluation-formula")
         (ListLink
            (VariableNode "$A")
            (VariableNode "$B")
            (VariableNode "$C")
         )
      )
   )
)


.[DEBUG] BEGIN TEST: test_or_introduction
[DEBUG] [PLNRulesUTest] Loaded "tests/pln/rules/simple-predicates.scm":
(PredicateNode "Q" (stv 0.6 1))


[DEBUG] [PLNRulesUTest] Loaded "opencog/pln/rules/wip/or-introduction.scm":
(DefineLink
   (DefinedSchemaNode "or-introduction-rule")
   (BindLink
      (VariableList
         (TypedVariableLink
            (VariableNode "$A")
            (TypeChoice
               (TypeNode "PredicateNode")
               (TypeNode "ConceptNode")
            )
         )
         (TypedVariableLink
            (VariableNode "$B")
            (TypeChoice
               (TypeNode "PredicateNode")
               (TypeNode "ConceptNode")
            )
         )
      )
      (AndLink
         (VariableNode "$A")
         (VariableNode "$B")
         (NotLink
            (EqualLink
               (VariableNode "$A")
               (VariableNode "$B")
            )
         )
      )
      (ExecutionOutputLink
         (GroundedSchemaNode "scm: or-introduction-formula")
         (ListLink
            (VariableNode "$A")
            (VariableNode "$B")
         )
      )
   )
)


.[DEBUG] BEGIN TEST: test_not_introduction
[DEBUG] [PLNRulesUTest] Loaded "tests/pln/rules/simple-predicates.scm":
(PredicateNode "Q" (stv 0.6 1))


[DEBUG] [PLNRulesUTest] Loaded "opencog/pln/rules/wip/not-introduction.scm":
(DefineLink
   (DefinedSchemaNode "not-introduction-rule")
   (BindLink
      (VariableList
         (TypedVariableLink
            (VariableNode "$A")
            (TypeChoice
               (TypeNode "PredicateNode")
               (TypeNode "ConceptNode")
            )
         )
      )
      (VariableNode "$A")
      (ExecutionOutputLink
         (GroundedSchemaNode "scm: not-introduction-formula")
         (ListLink
            (VariableNode "$A")
         )
      )
   )
)


.[DEBUG] BEGIN TEST: test_forall_full_instantiation
[DEBUG] [PLNRulesUTest] Loaded "tests/pln/rules/simple-forall.scm":
(ForAllLink (stv 1 1)
   (TypedVariableLink
      (VariableNode "$X")
      (TypeNode "ConceptNode")
   )
   (ImplicationLink
      (EvaluationLink
         (PredicateNode "P")
         (VariableNode "$X")
      )
      (EvaluationLink
         (PredicateNode "P")
         (VariableNode "$X")
      )
   )
)


[DEBUG] [PLNRulesUTest] Loaded "opencog/pln/rules/wip/forall-instantiation.scm":
(DefineLink
   (DefinedSchemaNode "forall-partial-instantiation-rule")
   (BindLink
      (VariableList
         (TypedVariableLink
            (VariableNode "$TyVs")
            (TypeNode "VariableList")
         )
         (VariableNode "$B")
      )
      (QuoteLink
         (ForAllLink
            (UnquoteLink
               (VariableNode "$TyVs")
            )
            (UnquoteLink
               (VariableNode "$B")
            )
         )
      )
      (ExecutionOutputLink
         (GroundedSchemaNode "scm: forall-partial-instantiation-formula")
         (ListLink
            (VariableNode "$TyVs")
            (VariableNode "$B")
         )
      )
   )
)


.[DEBUG] BEGIN TEST: test_forall_partial_instantiation
[DEBUG] [PLNRulesUTest] Loaded "tests/pln/rules/simple-forall.scm":
(ForAllLink (stv 1 1)
   (TypedVariableLink
      (VariableNode "$X")
      (TypeNode "ConceptNode")
   )
   (ImplicationLink
      (EvaluationLink
         (PredicateNode "P")
         (VariableNode "$X")
      )
      (EvaluationLink
         (PredicateNode "P")
         (VariableNode "$X")
      )
   )
)


[DEBUG] [PLNRulesUTest] Loaded "opencog/pln/rules/wip/forall-instantiation.scm":
(DefineLink
   (DefinedSchemaNode "forall-partial-instantiation-rule")
   (BindLink
      (VariableList
         (TypedVariableLink
            (VariableNode "$TyVs")
            (TypeNode "VariableList")
         )
         (VariableNode "$B")
      )
      (QuoteLink
         (ForAllLink
            (UnquoteLink
               (VariableNode "$TyVs")
            )
            (UnquoteLink
               (VariableNode "$B")
            )
         )
      )
      (ExecutionOutputLink
         (GroundedSchemaNode "scm: forall-partial-instantiation-formula")
         (ListLink
            (VariableNode "$TyVs")
            (VariableNode "$B")
         )
      )
   )
)


.[DEBUG] BEGIN TEST: test_forall_implication_to_higher_order
[DEBUG] [PLNRulesUTest] Loaded "tests/pln/rules/simple-forall.scm":
(ForAllLink (stv 1 1)
   (TypedVariableLink
      (VariableNode "$X")
      (TypeNode "ConceptNode")
   )
   (ImplicationLink
      (EvaluationLink
         (PredicateNode "P")
         (VariableNode "$X")
      )
      (EvaluationLink
         (PredicateNode "P")
         (VariableNode "$X")
      )
   )
)


[DEBUG] [PLNRulesUTest] Loaded "opencog/pln/rules/wip/forall-implication-to-higher-order.scm":
(DefineLink
   (DefinedSchemaNode "forall-implication-to-higher-order-rule")
   (BindLink
      (VariableList
         (TypedVariableLink
            (VariableNode "$TyVs")
            (TypeChoice
               (TypeNode "TypedVariableLink")
               (TypeNode "VariableList")
            )
         )
         (TypedVariableLink
            (VariableNode "$Impl")
            (TypeNode "ImplicationLink")
         )
      )
      (QuoteLink
         (ForAllLink
            (UnquoteLink
               (VariableNode "$TyVs")
            )
            (UnquoteLink
               (VariableNode "$Impl")
            )
         )
      )
      (ExecutionOutputLink
         (GroundedSchemaNode "scm: forall-implication-to-higher-order-formula")
         (ListLink
            (VariableNode "$TyVs")
            (VariableNode "$Impl")
         )
      )
   )
)


.[DEBUG] results = (SetLink
  (ImplicationLink (stv 1.000000 1.000000)
    (LambdaLink
      (TypedVariableLink
        (VariableNode "$X") ; [6809953386495729144][1]
        (TypeNode "ConceptNode") ; [3788696113922021255][1]
      ) ; [9225281168777978483][1]
      (EvaluationLink
        (PredicateNode "P") ; [2213889286841575705][1]
        (VariableNode "$X") ; [6809953386495729144][1]
      ) ; [17009747857858600672][1]
    ) ; [17949168881855469356][1]
    (LambdaLink
      (TypedVariableLink
        (VariableNode "$X") ; [6809953386495729144][1]
        (TypeNode "ConceptNode") ; [3788696113922021255][1]
      ) ; [9225281168777978483][1]
      (EvaluationLink
        (PredicateNode "P") ; [2213889286841575705][1]
        (VariableNode "$X") ; [6809953386495729144][1]
      ) ; [17009747857858600672][1]
    ) ; [17949168881855469356][1]
  ) ; [12304348726284166735][1]
) ; [12319442821909952197][1]

[DEBUG] expected = (SetLink
  (ImplicationLink (stv 1.000000 1.000000)
    (LambdaLink
      (TypedVariableLink
        (VariableNode "$X") ; [6809953386495729144][1]
        (TypeNode "ConceptNode") ; [3788696113922021255][1]
      ) ; [9225281168777978483][1]
      (EvaluationLink
        (PredicateNode "P") ; [2213889286841575705][1]
        (VariableNode "$X") ; [6809953386495729144][1]
      ) ; [17009747857858600672][1]
    ) ; [17949168881855469356][1]
    (LambdaLink
      (TypedVariableLink
        (VariableNode "$X") ; [6809953386495729144][1]
        (TypeNode "ConceptNode") ; [3788696113922021255][1]
      ) ; [9225281168777978483][1]
      (EvaluationLink
        (PredicateNode "P") ; [2213889286841575705][1]
        (VariableNode "$X") ; [6809953386495729144][1]
      ) ; [17009747857858600672][1]
    ) ; [17949168881855469356][1]
  ) ; [12304348726284166735][1]
) ; [12319442821909952197][1]

[DEBUG] BEGIN TEST: test_implication_full_instantiation
[DEBUG] [PLNRulesUTest] Loaded "tests/pln/rules/simple-implication.scm":
(ImplicationLink (stv 1 1)
   (PredicateNode "P")
   (PredicateNode "Q")
)


[DEBUG] [PLNRulesUTest] Loaded "opencog/pln/rules/wip/implication-instantiation.scm":
(DefineLink
   (DefinedSchemaNode "implication-partial-instantiation-rule")
   (BindLink
      (VariableList
         (TypedVariableLink
            (VariableNode "$TyVs")
            (TypeNode "VariableList")
         )
         (VariableNode "$P")
         (VariableNode "$Q")
      )
      (QuoteLink
         (ImplicationScopeLink
            (UnquoteLink
               (VariableNode "$TyVs")
            )
            (UnquoteLink
               (VariableNode "$P")
            )
            (UnquoteLink
               (VariableNode "$Q")
            )
         )
      )
      (ExecutionOutputLink
         (GroundedSchemaNode "scm: implication-partial-instantiation-formula")
         (ListLink
            (QuoteLink
               (ImplicationScopeLink
                  (UnquoteLink
                     (VariableNode "$TyVs")
                  )
                  (UnquoteLink
                     (VariableNode "$P")
                  )
                  (UnquoteLink
                     (VariableNode "$Q")
                  )
               )
            )
         )
      )
   )
)


[DEBUG] results = (SetLink
  (EvaluationLink (stv 1.000000 0.960000)
    (PredicateNode "Q") ; [1103054420470118233][1]
    (ListLink
      (ConceptNode "B") ; [241327676611018844][1]
      (ConceptNode "A") ; [6977206836600634430][1]
    ) ; [15458283211017134999][1]
  ) ; [16670643202686237375][1]
  (EvaluationLink (stv 1.000000 0.800000)
    (PredicateNode "Q") ; [1103054420470118233][1]
    (ConceptNode "A") ; [6977206836600634430][1]
  ) ; [17412938865124512614][1]
) ; [14639947498134717755][1]

.[DEBUG] expected = (SetLink
  (EvaluationLink (stv 1.000000 0.960000)
    (PredicateNode "Q") ; [1103054420470118233][1]
    (ListLink
      (ConceptNode "B") ; [241327676611018844][1]
      (ConceptNode "A") ; [6977206836600634430][1]
    ) ; [15458283211017134999][1]
  ) ; [16670643202686237375][1]
  (EvaluationLink (stv 1.000000 0.800000)
    (PredicateNode "Q") ; [1103054420470118233][1]
    (ConceptNode "A") ; [6977206836600634430][1]
  ) ; [17412938865124512614][1]
) ; [14639947498134717755][1]

[DEBUG] BEGIN TEST: test_implication_full_instantiation_extra_variables
[DEBUG] [PLNRulesUTest] Loaded "tests/pln/rules/implication-extra-variables.scm":
(EvaluationLink (stv 1 1)
   (PredicateNode "P")
   (ConceptNode "A")
)


[DEBUG] [PLNRulesUTest] Loaded "opencog/pln/rules/wip/implication-instantiation.scm":
(DefineLink
   (DefinedSchemaNode "implication-partial-instantiation-rule")
   (BindLink
      (VariableList
         (TypedVariableLink
            (VariableNode "$TyVs")
            (TypeNode "VariableList")
         )
         (VariableNode "$P")
         (VariableNode "$Q")
      )
      (QuoteLink
         (ImplicationScopeLink
            (UnquoteLink
               (VariableNode "$TyVs")
            )
            (UnquoteLink
               (VariableNode "$P")
            )
            (UnquoteLink
               (VariableNode "$Q")
            )
         )
      )
      (ExecutionOutputLink
         (GroundedSchemaNode "scm: implication-partial-instantiation-formula")
         (ListLink
            (QuoteLink
               (ImplicationScopeLink
                  (UnquoteLink
                     (VariableNode "$TyVs")
                  )
                  (UnquoteLink
                     (VariableNode "$P")
                  )
                  (UnquoteLink
                     (VariableNode "$Q")
                  )
               )
            )
         )
      )
   )
)


.[DEBUG] results = (SetLink
  (EvaluationLink (stv 1.000000 0.800000)
    (PredicateNode "Q") ; [1103054420470118233][1]
    (ListLink
      (ConceptNode "A") ; [6977206836600634430][1]
      (ConceptNode "A") ; [6977206836600634430][1]
    ) ; [16381366606159829945][1]
  ) ; [17593726597828932321][1]
) ; [17608820693454717783][1]

[DEBUG] expected = (SetLink
  (EvaluationLink (stv 1.000000 0.800000)
    (PredicateNode "Q") ; [1103054420470118233][1]
    (ListLink
      (ConceptNode "A") ; [6977206836600634430][1]
      (ConceptNode "A") ; [6977206836600634430][1]
    ) ; [16381366606159829945][1]
  ) ; [17593726597828932321][1]
) ; [17608820693454717783][1]

[DEBUG] BEGIN TEST: test_implication_partial_instantiation
[DEBUG] [PLNRulesUTest] Loaded "tests/pln/rules/simple-implication.scm":
(ImplicationLink (stv 1 1)
   (PredicateNode "P")
   (PredicateNode "Q")
)


[DEBUG] [PLNRulesUTest] Loaded "opencog/pln/rules/wip/implication-instantiation.scm":
(DefineLink
   (DefinedSchemaNode "implication-partial-instantiation-rule")
   (BindLink
      (VariableList
         (TypedVariableLink
            (VariableNode "$TyVs")
            (TypeNode "VariableList")
         )
         (VariableNode "$P")
         (VariableNode "$Q")
      )
      (QuoteLink
         (ImplicationScopeLink
            (UnquoteLink
               (VariableNode "$TyVs")
            )
            (UnquoteLink
               (VariableNode "$P")
            )
            (UnquoteLink
               (VariableNode "$Q")
            )
         )
      )
      (ExecutionOutputLink
         (GroundedSchemaNode "scm: implication-partial-instantiation-formula")
         (ListLink
            (QuoteLink
               (ImplicationScopeLink
                  (UnquoteLink
                     (VariableNode "$TyVs")
                  )
                  (UnquoteLink
                     (VariableNode "$P")
                  )
                  (UnquoteLink
                     (VariableNode "$Q")
                  )
               )
            )
         )
      )
   )
)


.[DEBUG] results = (SetLink
  (ImplicationScopeLink (stv 1.000000 1.000000)
    (TypedVariableLink
      (VariableNode "$Y") ; [5319120082979945173][1]
      (TypeNode "ConceptNode") ; [3788696113922021255][1]
    ) ; [15368014373885762288][1]
    (EvaluationLink
      (PredicateNode "P") ; [2213889286841575705][1]
      (ListLink
        (ConceptNode "A") ; [6977206836600634430][1]
        (VariableNode "$Y") ; [5319120082979945173][1]
      ) ; [14723279852539140688][1]
    ) ; [15699702287047236408][1]
    (EvaluationLink
      (PredicateNode "Q") ; [1103054420470118233][1]
      (ListLink
        (VariableNode "$Y") ; [5319120082979945173][1]
        (ConceptNode "A") ; [6977206836600634430][1]
      ) ; [17004735957805739312][1]
    ) ; [18217095949474841688][1]
  ) ; [16343311253396650220][1]
) ; [16358405349022435682][1]

[DEBUG] possible_results_1 = (SetLink
  (ImplicationScopeLink
    (TypedVariableLink
      (VariableNode "$X") ; [6809953386495729144][1]
      (TypeNode "ConceptNode") ; [3788696113922021255][1]
    ) ; [9225281168777978483][1]
    (EvaluationLink
      (PredicateNode "P") ; [2213889286841575705][1]
      (ListLink
        (VariableNode "$X") ; [6809953386495729144][1]
        (ConceptNode "B") ; [241327676611018844][1]
      ) ; [13349495629563115729][1]
    ) ; [14325918064071211449][1]
    (EvaluationLink
      (PredicateNode "Q") ; [1103054420470118233][1]
      (ListLink
        (ConceptNode "B") ; [241327676611018844][1]
        (VariableNode "$X") ; [6809953386495729144][1]
      ) ; [15291029760912229713][1]
    ) ; [16503389752581332089][1]
  ) ; [17950672363692661087][1]
) ; [17965766459318446549][1]

[DEBUG] possible_results_2 = (SetLink
  (ImplicationScopeLink (stv 1.000000 1.000000)
    (TypedVariableLink
      (VariableNode "$Y") ; [5319120082979945173][1]
      (TypeNode "ConceptNode") ; [3788696113922021255][1]
    ) ; [15368014373885762288][1]
    (EvaluationLink
      (PredicateNode "P") ; [2213889286841575705][1]
      (ListLink
        (ConceptNode "A") ; [6977206836600634430][1]
        (VariableNode "$Y") ; [5319120082979945173][1]
      ) ; [14723279852539140688][1]
    ) ; [15699702287047236408][1]
    (EvaluationLink
      (PredicateNode "Q") ; [1103054420470118233][1]
      (ListLink
        (VariableNode "$Y") ; [5319120082979945173][1]
        (ConceptNode "A") ; [6977206836600634430][1]
      ) ; [17004735957805739312][1]
    ) ; [18217095949474841688][1]
  ) ; [16343311253396650220][1]
) ; [16358405349022435682][1]

[DEBUG] BEGIN TEST: test_implication_scope_to_implication
[DEBUG] [PLNRulesUTest] Loaded "tests/pln/rules/simple-implication.scm":
(ImplicationLink (stv 1 1)
   (PredicateNode "P")
   (PredicateNode "Q")
)


[DEBUG] [PLNRulesUTest] Loaded "opencog/pln/rules/wip/implication-scope-to-implication.scm":
(DefineLink
   (DefinedSchemaNode "implication-scope-to-implication-rule")
   (BindLink
      (VariableList
         (TypedVariableLink
            (VariableNode "$TyVs")
            (TypeChoice
               (TypeNode "TypedVariableLink")
               (TypeNode "VariableList")
            )
         )
         (VariableNode "$P")
         (VariableNode "$Q")
      )
      (QuoteLink
         (ImplicationScopeLink
            (UnquoteLink
               (VariableNode "$TyVs")
            )
            (UnquoteLink
               (VariableNode "$P")
            )
            (UnquoteLink
               (VariableNode "$Q")
            )
         )
      )
      (ExecutionOutputLink
         (GroundedSchemaNode "scm: implication-scope-to-implication-formula")
         (ListLink
            (ImplicationLink
               (QuoteLink
                  (LambdaLink
                     (UnquoteLink
                        (VariableNode "$TyVs")
                     )
                     (UnquoteLink
                        (VariableNode "$P")
                     )
                  )
               )
               (QuoteLink
                  (LambdaLink
                     (UnquoteLink
                        (VariableNode "$TyVs")
                     )
                     (UnquoteLink
                        (VariableNode "$Q")
                     )
                  )
               )
            )
            (QuoteLink
               (ImplicationScopeLink
                  (UnquoteLink
                     (VariableNode "$TyVs")
                  )
                  (UnquoteLink
                     (VariableNode "$P")
                  )
                  (UnquoteLink
                     (VariableNode "$Q")
                  )
               )
            )
         )
      )
   )
)


results = (SetLink
  (ImplicationLink (stv 1.000000 1.000000)
    (LambdaLink
      (TypedVariableLink
        (VariableNode "$X") ; [6809953386495729144][1]
        (TypeNode "ConceptNode") ; [3788696113922021255][1]
      ) ; [9225281168777978483][1]
      (EvaluationLink
        (PredicateNode "dummy-implicant") ; [5139476396159911888][1]
        (VariableNode "$X") ; [6809953386495729144][1]
      ) ; [12097030059961160823][1]
    ) ; [13036451083958029036][1]
    (LambdaLink
      (TypedVariableLink
        (VariableNode "$X") ; [6809953386495729144][1]
        (TypeNode "ConceptNode") ; [3788696113922021255][1]
      ) ; [9225281168777978483][1]
      (EvaluationLink
        (PredicateNode "dummy-implicand") ; [970581742967573218][1]
        (VariableNode "$X") ; [6809953386495729144][1]
      ) ; [12874087057435621833][1]
    ) ; [13813508081432490517][1]
  ) ; [12069697258631621880][1]
  (ImplicationLink (stv 1.000000 1.000000)
    (LambdaLink
      (TypedVariableLink
        (VariableNode "$X") ; [6809953386495729144][1]
        (TypeNode "ConceptNode") ; [3788696113922021255][1]
      ) ; [9225281168777978483][1]
      (EvaluationLink (stv 0.200000 0.900000)
        (PredicateNode "P") ; [2213889286841575705][1]
        (VariableNode "$X") ; [6809953386495729144][1]
      ) ; [17009747857858600672][1]
    ) ; [17949168881855469356][1]
    (LambdaLink
      (TypedVariableLink
        (VariableNode "$X") ; [6809953386495729144][1]
        (TypeNode "ConceptNode") ; [3788696113922021255][1]
      ) ; [9225281168777978483][1]
      (EvaluationLink
        (PredicateNode "Q") ; [1103054420470118233][1]
        (VariableNode "$X") ; [6809953386495729144][1]
      ) ; [17245685415019607328][1]
    ) ; [18185106439016476012][1]
  ) ; [12540286283445173391][1]
  (ImplicationLink (stv 1.000000 1.000000)
    (LambdaLink
      (VariableList
        (TypedVariableLink
          (VariableNode "$X") ; [6809953386495729144][1]
          (TypeNode "ConceptNode") ; [3788696113922021255][1]
        ) ; [9225281168777978483][1]
        (TypedVariableLink
          (VariableNode "$Y") ; [5319120082979945173][1]
          (TypeNode "ConceptNode") ; [3788696113922021255][1]
        ) ; [15368014373885762288][1]
      ) ; [16369752366847415642][1]
      (EvaluationLink (stv 0.040000 0.600000)
        (PredicateNode "P") ; [2213889286841575705][1]
        (ListLink
          (VariableNode "$X") ; [6809953386495729144][1]
          (VariableNode "$Y") ; [5319120082979945173][1]
        ) ; [18427288035932042058][1]
      ) ; [10180338433585361970][1]
    ) ; [18102432007526708032][1]
    (LambdaLink
      (VariableList
        (TypedVariableLink
          (VariableNode "$X") ; [6809953386495729144][1]
          (TypeNode "ConceptNode") ; [3788696113922021255][1]
        ) ; [9225281168777978483][1]
        (TypedVariableLink
          (VariableNode "$Y") ; [5319120082979945173][1]
          (TypeNode "ConceptNode") ; [3788696113922021255][1]
        ) ; [15368014373885762288][1]
      ) ; [16369752366847415642][1]
      (EvaluationLink
        (PredicateNode "Q") ; [1103054420470118233][1]
        (ListLink
          (VariableNode "$Y") ; [5319120082979945173][1]
          (VariableNode "$X") ; [6809953386495729144][1]
        ) ; [16837482507700834026][1]
      ) ; [18049842499369936402][1]
    ) ; [18338369565224583136][1]
  ) ; [17751232556804156823][1]
) ; [15114826446581484788][1]
expected = (SetLink
  (ImplicationLink (stv 1.000000 1.000000)
    (LambdaLink
      (TypedVariableLink
        (VariableNode "$X") ; [6809953386495729144][1]
        (TypeNode "ConceptNode") ; [3788696113922021255][1]
      ) ; [9225281168777978483][1]
      (EvaluationLink
        (PredicateNode "dummy-implicant") ; [5139476396159911888][1]
        (VariableNode "$X") ; [6809953386495729144][1]
      ) ; [12097030059961160823][1]
    ) ; [13036451083958029036][1]
    (LambdaLink
      (TypedVariableLink
        (VariableNode "$X") ; [6809953386495729144][1]
        (TypeNode "ConceptNode") ; [3788696113922021255][1]
      ) ; [9225281168777978483][1]
      (EvaluationLink
        (PredicateNode "dummy-implicand") ; [970581742967573218][1]
        (VariableNode "$X") ; [6809953386495729144][1]
      ) ; [12874087057435621833][1]
    ) ; [13813508081432490517][1]
  ) ; [12069697258631621880][1]
  (ImplicationLink (stv 1.000000 1.000000)
    (LambdaLink
      (TypedVariableLink
        (VariableNode "$X") ; [6809953386495729144][1]
        (TypeNode "ConceptNode") ; [3788696113922021255][1]
      ) ; [9225281168777978483][1]
      (EvaluationLink (stv 0.200000 0.900000)
        (PredicateNode "P") ; [2213889286841575705][1]
        (VariableNode "$X") ; [6809953386495729144][1]
      ) ; [17009747857858600672][1]
    ) ; [17949168881855469356][1]
    (LambdaLink
      (TypedVariableLink
        (VariableNode "$X") ; [6809953386495729144][1]
        (TypeNode "ConceptNode") ; [3788696113922021255][1]
      ) ; [9225281168777978483][1]
      (EvaluationLink
        (PredicateNode "Q") ; [1103054420470118233][1]
        (VariableNode "$X") ; [6809953386495729144][1]
      ) ; [17245685415019607328][1]
    ) ; [18185106439016476012][1]
  ) ; [12540286283445173391][1]
  (ImplicationLink (stv 1.000000 1.000000)
    (LambdaLink
      (VariableList
        (TypedVariableLink
          (VariableNode "$X") ; [6809953386495729144][1]
          (TypeNode "ConceptNode") ; [3788696113922021255][1]
        ) ; [9225281168777978483][1]
        (TypedVariableLink
          (VariableNode "$Y") ; [5319120082979945173][1]
          (TypeNode "ConceptNode") ; [3788696113922021255][1]
        ) ; [15368014373885762288][1]
      ) ; [16369752366847415642][1]
      (EvaluationLink (stv 0.040000 0.600000)
        (PredicateNode "P") ; [2213889286841575705][1]
        (ListLink
          (VariableNode "$X") ; [6809953386495729144][1]
          (VariableNode "$Y") ; [5319120082979945173][1]
        ) ; [18427288035932042058][1]
      ) ; [10180338433585361970][1]
    ) ; [18102432007526708032][1]
    (LambdaLink
      (VariableList
        (TypedVariableLink
          (VariableNode "$X") ; [6809953386495729144][1]
          (TypeNode "ConceptNode") ; [3788696113922021255][1]
        ) ; [9225281168777978483][1]
        (TypedVariableLink
          (VariableNode "$Y") ; [5319120082979945173][1]
          (TypeNode "ConceptNode") ; [3788696113922021255][1]
        ) ; [15368014373885762288][1]
      ) ; [16369752366847415642][1]
      (EvaluationLink
        (PredicateNode "Q") ; [1103054420470118233][1]
        (ListLink
          (VariableNode "$Y") ; [5319120082979945173][1]
          (VariableNode "$X") ; [6809953386495729144][1]
        ) ; [16837482507700834026][1]
      ) ; [18049842499369936402][1]
    ) ; [18338369565224583136][1]
  ) ; [17751232556804156823][1]
) ; [15114826446581484788][1]
.[DEBUG] BEGIN TEST: test_and_lambda_distribution
[DEBUG] [PLNRulesUTest] Loaded "tests/pln/rules/simple-lambda.scm":
(AndLink
   (LambdaLink
      (VariableNode "$X")
      (EvaluationLink (stv 0.4 0.7)
         (PredicateNode "P")
         (ConceptNode "A")
      )
   )
   (LambdaLink (stv 0.6 0.3)
      (VariableNode "$X")
      (AndLink
         (EvaluationLink
            (PredicateNode "P")
            (VariableNode "$X")
         )
         (EvaluationLink
            (PredicateNode "Q")
            (VariableNode "$X")
         )
      )
   )
)


[DEBUG] [PLNRulesUTest] Loaded "opencog/pln/rules/wip/and-lambda-distribution.scm":
(DefineLink
   (DefinedSchemaNode "and-lambda-distribution-rule")
   (BindLink
      (VariableList
         (TypedVariableLink
            (VariableNode "$TyVs")
            (TypeChoice
               (TypeNode "TypedVariableLink")
               (TypeNode "VariableNode")
               (TypeNode "VariableList")
            )
         )
         (TypedVariableLink
            (VariableNode "$And")
            (TypeNode "AndLink")
         )
      )
      (QuoteLink
         (LambdaLink
            (UnquoteLink
               (VariableNode "$TyVs")
            )
            (UnquoteLink
               (VariableNode "$And")
            )
         )
      )
      (ExecutionOutputLink
         (GroundedSchemaNode "scm: and-lambda-distribution-formula")
         (ListLink
            (QuoteLink
               (LambdaLink
                  (UnquoteLink
                     (VariableNode "$TyVs")
                  )
                  (UnquoteLink
                     (VariableNode "$And")
                  )
               )
            )
         )
      )
   )
)


results = (SetLink
  (AndLink (stv 0.600000 0.300000)
    (LambdaLink
      (VariableNode "$X") ; [6809953386495729144][1]
      (EvaluationLink
        (PredicateNode "P") ; [2213889286841575705][1]
        (VariableNode "$X") ; [6809953386495729144][1]
      ) ; [17009747857858600672][1]
    ) ; [17949168881578691228][1]
    (LambdaLink
      (VariableNode "$X") ; [6809953386495729144][1]
      (EvaluationLink
        (PredicateNode "Q") ; [1103054420470118233][1]
        (VariableNode "$X") ; [6809953386495729144][1]
      ) ; [17245685415019607328][1]
    ) ; [18185106438739697884][1]
  ) ; [11716496978150502786][1]
) ; [11731591073776288248][1]
expected = (SetLink
  (AndLink (stv 0.600000 0.300000)
    (LambdaLink
      (VariableNode "$X") ; [6809953386495729144][1]
      (EvaluationLink
        (PredicateNode "P") ; [2213889286841575705][1]
        (VariableNode "$X") ; [6809953386495729144][1]
      ) ; [17009747857858600672][1]
    ) ; [17949168881578691228][1]
    (LambdaLink
      (VariableNode "$X") ; [6809953386495729144][1]
      (EvaluationLink
        (PredicateNode "Q") ; [1103054420470118233][1]
        (VariableNode "$X") ; [6809953386495729144][1]
      ) ; [17245685415019607328][1]
    ) ; [18185106438739697884][1]
  ) ; [11716496978150502786][1]
) ; [11731591073776288248][1]
.[DEBUG] BEGIN TEST: test_implication_implicant_distribution
[DEBUG] [PLNRulesUTest] Loaded "tests/pln/rules/simple-implication.scm":
(ImplicationLink (stv 1 1)
   (PredicateNode "P")
   (PredicateNode "Q")
)


[DEBUG] [PLNRulesUTest] Loaded "opencog/pln/rules/wip/implication-implicant-distribution.scm":
(DefineLink
   (DefinedSchemaNode "implication-implicant-distribution-rule")
   (BindLink
      (VariableList
         (TypedVariableLink
            (VariableNode "$P")
            (TypeChoice
               (TypeNode "PredicateNode")
               (TypeNode "LambdaLink")
            )
         )
         (TypedVariableLink
            (VariableNode "$Q")
            (TypeChoice
               (TypeNode "PredicateNode")
               (TypeNode "LambdaLink")
            )
         )
      )
      (AndLink
         (ImplicationLink
            (VariableNode "$P")
            (VariableNode "$Q")
         )
         (EvaluationLink
            (GroundedPredicateNode "scm: gt-zero-confidence")
            (ImplicationLink
               (VariableNode "$P")
               (VariableNode "$Q")
            )
         )
      )
      (ExecutionOutputLink
         (GroundedSchemaNode "scm: implication-implicant-distribution-formula")
         (ListLink
            (ImplicationLink
               (VariableNode "$P")
               (AndLink
                  (VariableNode "$P")
                  (VariableNode "$Q")
               )
            )
            (ImplicationLink
               (VariableNode "$P")
               (VariableNode "$Q")
            )
         )
      )
   )
)


results = (SetLink
  (ImplicationLink (stv 1.000000 1.000000)
    (PredicateNode "P") ; [2213889286841575705][1]
    (AndLink
      (PredicateNode "Q") ; [1103054420470118233][1]
      (PredicateNode "P") ; [2213889286841575705][1]
    ) ; [11672568894665571868][1]
  ) ; [12495728204357999820][1]
) ; [12510822299983785282][1]
expected = (SetLink
  (ImplicationLink (stv 1.000000 1.000000)
    (PredicateNode "P") ; [2213889286841575705][1]
    (AndLink
      (PredicateNode "Q") ; [1103054420470118233][1]
      (PredicateNode "P") ; [2213889286841575705][1]
    ) ; [11672568894665571868][1]
  ) ; [12495728204357999820][1]
) ; [12510822299983785282][1]
.[DEBUG] BEGIN TEST: test_implication_introduction
[DEBUG] [PLNRulesUTest] Loaded "tests/pln/rules/simple-predicates.scm":
(PredicateNode "Q" (stv 0.6 1))


[DEBUG] [PLNRulesUTest] Loaded "opencog/pln/rules/wip/implication-introduction.scm":
(DefineLink
   (DefinedSchemaNode "implication-introduction-rule")
   (BindLink
      (VariableList
         (TypedVariableLink
            (VariableNode "$P")
            (TypeChoice
               (TypeNode "PredicateNode")
               (TypeNode "LambdaLink")
            )
         )
         (TypedVariableLink
            (VariableNode "$Q")
            (TypeChoice
               (TypeNode "PredicateNode")
               (TypeNode "LambdaLink")
            )
         )
      )
      (AndLink
         (VariableNode "$P")
         (VariableNode "$Q")
         (NotLink
            (EqualLink
               (VariableNode "$P")
               (VariableNode "$Q")
            )
         )
         (EvaluationLink
            (GroundedPredicateNode "scm: implication-introduction-precondition")
            (ListLink
               (VariableNode "$P")
               (VariableNode "$Q")
            )
         )
      )
      (ExecutionOutputLink
         (GroundedSchemaNode "scm: implication-introduction-formula")
         (ListLink
            (ImplicationLink
               (VariableNode "$P")
               (VariableNode "$Q")
            )
            (VariableNode "$P")
            (VariableNode "$Q")
         )
      )
   )
)


results = (SetLink
  (ImplicationLink (stv 0.600000 1.000000)
    (PredicateNode "P" (stv 0.200000 1.000000)) ; [2213889286841575705][1]
    (PredicateNode "Q" (stv 0.600000 1.000000)) ; [1103054420470118233][1]
  ) ; [11149585767017321993][1]
  (ImplicationLink (stv 0.200000 1.000000)
    (PredicateNode "Q" (stv 0.600000 1.000000)) ; [1103054420470118233][1]
    (PredicateNode "P" (stv 0.200000 1.000000)) ; [2213889286841575705][1]
  ) ; [12496358190549786121][1]
) ; [11995912183581299816][1]
expected = (SetLink
  (ImplicationLink (stv 0.600000 1.000000)
    (PredicateNode "P" (stv 0.200000 1.000000)) ; [2213889286841575705][1]
    (PredicateNode "Q" (stv 0.600000 1.000000)) ; [1103054420470118233][1]
  ) ; [11149585767017321993][1]
  (ImplicationLink (stv 0.200000 1.000000)
    (PredicateNode "Q" (stv 0.600000 1.000000)) ; [1103054420470118233][1]
    (PredicateNode "P" (stv 0.200000 1.000000)) ; [2213889286841575705][1]
  ) ; [12496358190549786121][1]
) ; [11995912183581299816][1]
.[DEBUG] BEGIN TEST: test_closed_lambda_introduction
[DEBUG] [PLNRulesUTest] Loaded "tests/pln/rules/simple-lambda.scm":
(AndLink
   (LambdaLink
      (VariableNode "$X")
      (EvaluationLink (stv 0.4 0.7)
         (PredicateNode "P")
         (ConceptNode "A")
      )
   )
   (LambdaLink (stv 0.6 0.3)
      (VariableNode "$X")
      (AndLink
         (EvaluationLink
            (PredicateNode "P")
            (VariableNode "$X")
         )
         (EvaluationLink
            (PredicateNode "Q")
            (VariableNode "$X")
         )
      )
   )
)


[DEBUG] [PLNRulesUTest] Loaded "opencog/pln/rules/wip/closed-lambda-introduction.scm":
(DefineLink
   (DefinedSchemaNode "closed-lambda-introduction-rule")
   (BindLink
      (VariableList
         (TypedVariableLink
            (VariableNode "$V")
            (TypeChoice
               (TypeNode "TypedVariableLink")
               (TypeNode "VariableList")
               (TypeNode "VariableNode")
            )
         )
         (TypedVariableLink
            (VariableNode "$B")
            (TypeNode "EvaluationLink")
         )
      )
      (AndLink
         (VariableNode "$V")
         (VariableNode "$B")
         (EvaluationLink
            (GroundedPredicateNode "scm: closed-lambda-introduction-precondition")
            (VariableNode "$B")
         )
      )
      (ExecutionOutputLink
         (GroundedSchemaNode "scm: closed-lambda-introduction-formula")
         (ListLink
            (QuoteLink
               (LambdaLink
                  (UnquoteLink
                     (VariableNode "$V")
                  )
                  (UnquoteLink
                     (VariableNode "$B")
                  )
               )
            )
            (VariableNode "$B")
         )
      )
   )
)


results = (SetLink
  (LambdaLink (stv 0.400000 0.700000)
    (VariableNode "$X") ; [6809953386495729144][1]
    (EvaluationLink (stv 0.400000 0.700000)
      (PredicateNode "P") ; [2213889286841575705][1]
      (ConceptNode "A") ; [6977206836600634430][1]
    ) ; [17177001307963505958][1]
  ) ; [15703003681307772240][1]
  (LambdaLink (stv 0.400000 0.700000)
    (TypedVariableLink
      (VariableNode "$B") ; [4905990271079964112][1]
      (TypeNode "EvaluationLink") ; [9191314558674562418][1]
    ) ; [16360721062793704246][1]
    (EvaluationLink (stv 0.400000 0.700000)
      (PredicateNode "P") ; [2213889286841575705][1]
      (ConceptNode "A") ; [6977206836600634430][1]
    ) ; [17177001307963505958][1]
  ) ; [15703003682847350577][1]
  (LambdaLink (stv 0.400000 0.700000)
    (TypedVariableLink
      (VariableNode "$V") ; [4586185897468188423][1]
      (TypeChoice
        (TypeNode "TypedVariableLink") ; [1359961696412228875][1]
        (TypeNode "VariableList") ; [7312217543151217883][1]
        (TypeNode "VariableNode") ; [5990260802578042438][1]
      ) ; [13298594162570589437][1]
    ) ; [9914456337501133528][1]
    (EvaluationLink (stv 0.400000 0.700000)
      (PredicateNode "P") ; [2213889286841575705][1]
      (ConceptNode "A") ; [6977206836600634430][1]
    ) ; [17177001307963505958][1]
  ) ; [15703003684853992005][1]
  (LambdaLink (stv 0.400000 0.700000)
    (VariableList
      (TypedVariableLink
        (VariableNode "$V") ; [4586185897468188423][1]
        (TypeChoice
          (TypeNode "TypedVariableLink") ; [1359961696412228875][1]
          (TypeNode "VariableList") ; [7312217543151217883][1]
          (TypeNode "VariableNode") ; [5990260802578042438][1]
        ) ; [13298594162570589437][1]
      ) ; [9914456337501133528][1]
      (TypedVariableLink
        (VariableNode "$B") ; [4905990271079964112][1]
        (TypeNode "EvaluationLink") ; [9191314558674562418][1]
      ) ; [16360721062793704246][1]
    ) ; [12435123513055146661][1]
    (EvaluationLink (stv 0.400000 0.700000)
      (PredicateNode "P") ; [2213889286841575705][1]
      (ConceptNode "A") ; [6977206836600634430][1]
    ) ; [17177001307963505958][1]
  ) ; [15856266806782638504][1]
) ; [12291965199335687172][1]
expected = (LambdaLink (stv 0.400000 0.700000)
  (VariableNode "$X") ; [6809953386495729144][1]
  (EvaluationLink (stv 0.400000 0.700000)
    (PredicateNode "P") ; [2213889286841575705][1]
    (ConceptNode "A") ; [6977206836600634430][1]
  ) ; [17177001307963505958][1]
) ; [15703003681307772240][1]
.[DEBUG] BEGIN TEST: test_equivalence_to_implication
[DEBUG] [PLNRulesUTest] Loaded "tests/pln/rules/simple-equivalence.scm":
(EquivalenceLink (stv 0.6 0.7)
   (PredicateNode "Q" (stv 0.12 0.4))
   (PredicateNode "P" (stv 0.1 0.5))
)


[DEBUG] [PLNRulesUTest] Loaded "opencog/pln/rules/wip/equivalence-to-implication.scm":
(DefineLink
   (DefinedSchemaNode "equivalence-to-implication-rule")
   (BindLink
      (VariableList
         (VariableNode "$A")
         (VariableNode "$B")
      )
      (AndLink
         (EvaluationLink
            (GroundedPredicateNode "scm: gt-zero-confidence")
            (EquivalenceLink
               (VariableNode "$A")
               (VariableNode "$B")
            )
         )
         (EquivalenceLink
            (VariableNode "$A")
            (VariableNode "$B")
         )
      )
      (ExecutionOutputLink
         (GroundedSchemaNode "scm: equivalence-to-implication-formula")
         (ListLink
            (ImplicationLink
               (VariableNode "$A")
               (VariableNode "$B")
            )
            (EquivalenceLink
               (VariableNode "$A")
               (VariableNode "$B")
            )
         )
      )
   )
)


results = (SetLink
  (ImplicationLink (stv 0.825000 0.700000)
    (PredicateNode "P" (stv 0.100000 0.500000)) ; [2213889286841575705][1]
    (PredicateNode "Q" (stv 0.120000 0.400000)) ; [1103054420470118233][1]
  ) ; [11149585767017321993][1]
  (ImplicationLink (stv 0.687500 0.700000)
    (PredicateNode "Q" (stv 0.120000 0.400000)) ; [1103054420470118233][1]
    (PredicateNode "P" (stv 0.100000 0.500000)) ; [2213889286841575705][1]
  ) ; [12496358190549786121][1]
) ; [11995912183581299816][1]
expected = (SetLink
  (ImplicationLink (stv 0.825000 0.700000)
    (PredicateNode "P" (stv 0.100000 0.500000)) ; [2213889286841575705][1]
    (PredicateNode "Q" (stv 0.120000 0.400000)) ; [1103054420470118233][1]
  ) ; [11149585767017321993][1]
  (ImplicationLink (stv 0.687500 0.700000)
    (PredicateNode "Q" (stv 0.120000 0.400000)) ; [1103054420470118233][1]
    (PredicateNode "P" (stv 0.100000 0.500000)) ; [2213889286841575705][1]
  ) ; [12496358190549786121][1]
) ; [11995912183581299816][1]
.[DEBUG] BEGIN TEST: test_implication_and_lambda_factorization
[DEBUG] [PLNRulesUTest] Loaded "tests/pln/rules/simple-lambda.scm":
(AndLink
   (LambdaLink
      (VariableNode "$X")
      (EvaluationLink (stv 0.4 0.7)
         (PredicateNode "P")
         (ConceptNode "A")
      )
   )
   (LambdaLink (stv 0.6 0.3)
      (VariableNode "$X")
      (AndLink
         (EvaluationLink
            (PredicateNode "P")
            (VariableNode "$X")
         )
         (EvaluationLink
            (PredicateNode "Q")
            (VariableNode "$X")
         )
      )
   )
)


[DEBUG] [PLNRulesUTest] Loaded "opencog/pln/rules/wip/implication-and-lambda-factorization.scm":
(DefineLink
   (DefinedSchemaNode "implication-and-lambda-factorization-rule")
   (BindLink
      (VariableList
         (TypedVariableLink
            (VariableNode "$TyVs")
            (TypeChoice
               (TypeNode "TypedVariableLink")
               (TypeNode "VariableNode")
               (TypeNode "VariableList")
            )
         )
         (TypedVariableLink
            (VariableNode "$A1")
            (TypeNode "EvaluationLink")
         )
         (TypedVariableLink
            (VariableNode "$A2")
            (TypeNode "EvaluationLink")
         )
      )
      (LocalQuoteLink
         (AndLink
            (QuoteLink
               (LambdaLink
                  (UnquoteLink
                     (VariableNode "$TyVs")
                  )
                  (UnquoteLink
                     (VariableNode "$A2")
                  )
               )
            )
            (QuoteLink
               (LambdaLink
                  (UnquoteLink
                     (VariableNode "$TyVs")
                  )
                  (UnquoteLink
                     (VariableNode "$A1")
                  )
               )
            )
         )
      )
      (ExecutionOutputLink
         (GroundedSchemaNode "scm: implication-and-lambda-factorization-formula")
         (ImplicationLink
            (AndLink
               (QuoteLink
                  (LambdaLink
                     (UnquoteLink
                        (VariableNode "$TyVs")
                     )
                     (UnquoteLink
                        (VariableNode "$A2")
                     )
                  )
               )
               (QuoteLink
                  (LambdaLink
                     (UnquoteLink
                        (VariableNode "$TyVs")
                     )
                     (UnquoteLink
                        (VariableNode "$A1")
                     )
                  )
               )
            )
            (QuoteLink
               (LambdaLink
                  (UnquoteLink
                     (VariableNode "$TyVs")
                  )
                  (UnquoteLink
                     (AndLink
                        (VariableNode "$A2")
                        (VariableNode "$A1")
                     )
                  )
               )
            )
         )
      )
   )
)


results = (SetLink
  (ImplicationLink (stv 1.000000 1.000000)
    (AndLink
      (LambdaLink
        (VariableNode "$X") ; [6809953386495729144][1]
        (EvaluationLink
          (PredicateNode "P") ; [2213889286841575705][1]
          (VariableNode "$X") ; [6809953386495729144][1]
        ) ; [17009747857858600672][1]
      ) ; [17949168881578691228][1]
      (LambdaLink
        (VariableNode "$X") ; [6809953386495729144][1]
        (EvaluationLink
          (PredicateNode "Q") ; [1103054420470118233][1]
          (VariableNode "$X") ; [6809953386495729144][1]
        ) ; [17245685415019607328][1]
      ) ; [18185106438739697884][1]
    ) ; [11716496978150502786][1]
    (LambdaLink (stv 0.600000 0.300000)
      (VariableNode "$X") ; [6809953386495729144][1]
      (AndLink
        (EvaluationLink
          (PredicateNode "P") ; [2213889286841575705][1]
          (VariableNode "$X") ; [6809953386495729144][1]
        ) ; [17009747857858600672][1]
        (EvaluationLink
          (PredicateNode "Q") ; [1103054420470118233][1]
          (VariableNode "$X") ; [6809953386495729144][1]
        ) ; [17245685415019607328][1]
      ) ; [16669670319086527114][1]
    ) ; [17456476609709368689][1]
  ) ; [18271040479534012842][1]
) ; [18286134575159798304][1]
expected = (SetLink
  (ImplicationLink (stv 1.000000 1.000000)
    (AndLink
      (LambdaLink
        (VariableNode "$X") ; [6809953386495729144][1]
        (EvaluationLink
          (PredicateNode "P") ; [2213889286841575705][1]
          (VariableNode "$X") ; [6809953386495729144][1]
        ) ; [17009747857858600672][1]
      ) ; [17949168881578691228][1]
      (LambdaLink
        (VariableNode "$X") ; [6809953386495729144][1]
        (EvaluationLink
          (PredicateNode "Q") ; [1103054420470118233][1]
          (VariableNode "$X") ; [6809953386495729144][1]
        ) ; [17245685415019607328][1]
      ) ; [18185106438739697884][1]
    ) ; [11716496978150502786][1]
    (LambdaLink (stv 0.600000 0.300000)
      (VariableNode "$X") ; [6809953386495729144][1]
      (AndLink
        (EvaluationLink
          (PredicateNode "P") ; [2213889286841575705][1]
          (VariableNode "$X") ; [6809953386495729144][1]
        ) ; [17009747857858600672][1]
        (EvaluationLink
          (PredicateNode "Q") ; [1103054420470118233][1]
          (VariableNode "$X") ; [6809953386495729144][1]
        ) ; [17245685415019607328][1]
      ) ; [16669670319086527114][1]
    ) ; [17456476609709368689][1]
  ) ; [18271040479534012842][1]
) ; [18286134575159798304][1]
.[DEBUG] BEGIN TEST: test_implication_implicant_conjunction
[DEBUG] [PLNRulesUTest] Loaded "tests/pln/rules/simple-implication-implicant-conjunction.scm":
(ImplicationLink (stv 0.2 0.6)
   (PredicateNode "P2" (stv 0.01 0.7))
   (PredicateNode "Q" (stv 0.05 0.8))
)


[DEBUG] [PLNRulesUTest] Loaded "opencog/pln/rules/wip/implication-implicant-conjunction.scm":
(DefineLink
   (DefinedSchemaNode "implication-implicant-conjunction-rule")
   (BindLink
      (VariableList
         (TypedVariableLink
            (VariableNode "$A")
            (TypeChoice
               (TypeNode "PredicateNode")
               (TypeNode "LambdaLink")
            )
         )
         (TypedVariableLink
            (VariableNode "$B")
            (TypeChoice
               (TypeNode "PredicateNode")
               (TypeNode "LambdaLink")
            )
         )
         (TypedVariableLink
            (VariableNode "$C")
            (TypeChoice
               (TypeNode "PredicateNode")
               (TypeNode "LambdaLink")
            )
         )
      )
      (AndLink
         (ImplicationLink
            (VariableNode "$B")
            (VariableNode "$C")
         )
         (ImplicationLink
            (VariableNode "$A")
            (VariableNode "$C")
         )
         (NotLink
            (EqualLink
               (VariableNode "$A")
               (VariableNode "$B")
            )
         )
      )
      (ExecutionOutputLink
         (GroundedSchemaNode "scm: implication-implicant-conjunction-formula")
         (ListLink
            (ImplicationLink
               (AndLink
                  (VariableNode "$A")
                  (VariableNode "$B")
               )
               (VariableNode "$C")
            )
            (VariableNode "$A")
            (VariableNode "$B")
            (VariableNode "$C")
            (ImplicationLink
               (VariableNode "$A")
               (VariableNode "$C")
            )
            (ImplicationLink
               (VariableNode "$B")
               (VariableNode "$C")
            )
         )
      )
   )
)


results = (SetLink
  (ImplicationLink (stv 0.400000 0.600000)
    (AndLink (stv 0.000200 0.600000)
      (PredicateNode "P2" (stv 0.010000 0.700000)) ; [1258862597075794181][1]
      (PredicateNode "P1" (stv 0.020000 0.600000)) ; [6016309567546459597][1]
    ) ; [11393286966502986236][1]
    (PredicateNode "Q" (stv 0.050000 0.800000)) ; [1103054420470118233][1]
  ) ; [9698431979636267852][1]
) ; [9713526075262053314][1]
expected = (SetLink
  (ImplicationLink (stv 0.400000 0.600000)
    (AndLink (stv 0.000200 0.600000)
      (PredicateNode "P2" (stv 0.010000 0.700000)) ; [1258862597075794181][1]
      (PredicateNode "P1" (stv 0.020000 0.600000)) ; [6016309567546459597][1]
    ) ; [11393286966502986236][1]
    (PredicateNode "Q" (stv 0.050000 0.800000)) ; [1103054420470118233][1]
  ) ; [9698431979636267852][1]
) ; [9713526075262053314][1]
.[DEBUG] BEGIN TEST: test_implication_direct_evaluation
;;; note: auto-compilation is enabled, set GUILE_AUTO_COMPILE=0
;;;       or pass the --no-auto-compile argument to disable.
;;; compiling /home/opencog/opencog/tests/pln/rules/simple-assertions.scm
;;; compiled /home/jenkins/.cache/guile/ccache/2.0-LE-8-2.0/home/opencog/opencog/tests/pln/rules/simple-assertions.scm.go
;;; compiling /home/opencog/opencog/tests/pln/rules/simple-predicates.scm
;;; compiled /home/jenkins/.cache/guile/ccache/2.0-LE-8-2.0/home/opencog/opencog/tests/pln/rules/simple-predicates.scm.go
;;; compiling /home/opencog/opencog/opencog/pln/rules/wip/and-introduction.scm
;;; compiled /home/jenkins/.cache/guile/ccache/2.0-LE-8-2.0/home/opencog/opencog/opencog/pln/rules/wip/and-introduction.scm.go
;;; compiling /home/opencog/opencog/opencog/pln/rules/wip/or-introduction.scm
;;; compiled /home/jenkins/.cache/guile/ccache/2.0-LE-8-2.0/home/opencog/opencog/opencog/pln/rules/wip/or-introduction.scm.go
;;; compiling /home/opencog/opencog/opencog/pln/rules/wip/not-introduction.scm
;;; compiled /home/jenkins/.cache/guile/ccache/2.0-LE-8-2.0/home/opencog/opencog/opencog/pln/rules/wip/not-introduction.scm.go
;;; compiling /home/opencog/opencog/tests/pln/rules/simple-forall.scm
;;; compiled /home/jenkins/.cache/guile/ccache/2.0-LE-8-2.0/home/opencog/opencog/tests/pln/rules/simple-forall.scm.go
;;; compiling /home/opencog/opencog/opencog/pln/rules/wip/forall-instantiation.scm
;;; opencog/pln/rules/wip/forall-instantiation.scm:89:24: warning: possibly unbound variable `select-substitution-term'
;;; opencog/pln/rules/wip/forall-instantiation.scm:93:24: warning: possibly unbound variable `select-substitution-terms'
;;; opencog/pln/rules/wip/forall-instantiation.scm:88:17: warning: possibly unbound variable `cog-logger-error'
;;; opencog/pln/rules/wip/forall-instantiation.scm:146:26: warning: possibly unbound variable `select-rm-rnd-outgoing'
;;; opencog/pln/rules/wip/forall-instantiation.scm:151:16: warning: possibly unbound variable `select-substitution-term'
;;; compiled /home/jenkins/.cache/guile/ccache/2.0-LE-8-2.0/home/opencog/opencog/opencog/pln/rules/wip/forall-instantiation.scm.go
;;; compiling /home/opencog/opencog/opencog/pln/rules/wip/forall-implication-to-higher-order.scm
;;; compiled /home/jenkins/.cache/guile/ccache/2.0-LE-8-2.0/home/opencog/opencog/opencog/pln/rules/wip/forall-implication-to-higher-order.scm.go
;;; compiling /home/opencog/opencog/tests/pln/rules/simple-implication.scm
;;; compiled /home/jenkins/.cache/guile/ccache/2.0-LE-8-2.0/home/opencog/opencog/tests/pln/rules/simple-implication.scm.go
;;; compiling /home/opencog/opencog/tests/pln/rules/implication-extra-variables.scm
;;; compiled /home/jenkins/.cache/guile/ccache/2.0-LE-8-2.0/home/opencog/opencog/tests/pln/rules/implication-extra-variables.scm.go
;;; compiling /home/opencog/opencog/tests/pln/rules/simple-lambda.scm
;;; compiled /home/jenkins/.cache/guile/ccache/2.0-LE-8-2.0/home/opencog/opencog/tests/pln/rules/simple-lambda.scm.go
;;; compiling /home/opencog/opencog/opencog/pln/rules/wip/closed-lambda-introduction.scm
;;; compiled /home/jenkins/.cache/guile/ccache/2.0-LE-8-2.0/home/opencog/opencog/opencog/pln/rules/wip/closed-lambda-introduction.scm.go
;;; compiling /home/opencog/opencog/tests/pln/rules/simple-equivalence.scm
;;; compiled /home/jenkins/.cache/guile/ccache/2.0-LE-8-2.0/home/opencog/opencog/tests/pln/rules/simple-equivalence.scm.go
;;; compiling /home/opencog/opencog/tests/pln/rules/simple-implication-implicant-conjunction.scm
;;; compiled /home/jenkins/.cache/guile/ccache/2.0-LE-8-2.0/home/opencog/opencog/tests/pln/rules/simple-implication-implicant-conjunction.scm.go
;;; compiling /home/opencog/opencog/opencog/pln/rules/wip/implication-implicant-conjunction.scm
;;; compiled /home/jenkins/.cache/guile/ccache/2.0-LE-8-2.0/home/opencog/opencog/opencog/pln/rules/wip/implication-implicant-conjunction.scm.go
;;; compiling /home/opencog/opencog/opencog/pln/rules/wip/formulas.scm
;;; compiled /home/jenkins/.cache/guile/ccache/2.0-LE-8-2.0/home/opencog/opencog/opencog/pln/rules/wip/formulas.scm.go
;;; compiling /home/opencog/[DEBUG] [PLNRulesUTest] Loaded "tests/pln/rules/implication-direct-evaluation.scm":
(EvaluationLink (stv 1 1)
   (PredicateNode "Q")
   (ConceptNode "E")
)


[DEBUG] [PLNRulesUTest] Loaded "opencog/pln/rules/wip/implication-direct-evaluation.scm":
(DefineLink
   (DefinedSchemaNode "implication-direct-evaluation-rule")
   (BindLink
      (VariableList
         (TypedVariableLink
            (VariableNode "$P")
            (TypeNode "PredicateNode")
         )
         (TypedVariableLink
            (VariableNode "$Q")
            (TypeNode "PredicateNode")
         )
         (TypedVariableLink
            (VariableNode "$X")
            (TypeNode "ConceptNode")
         )
      )
      (AndLink
         (EvaluationLink
            (VariableNode "$P")
            (VariableNode "$X")
         )
         (NotLink
            (EqualLink
               (VariableNode "$P")
               (VariableNode "$Q")
            )
         )
         (EvaluationLink
            (VariableNode "$Q")
            (VariableNode "$X")
         )
      )
      (ExecutionOutputLink
         (GroundedSchemaNode "scm: implication-direct-evaluation-formula")
         (ListLink
            (VariableNode "$P")
            (VariableNode "$Q")
         )
      )
   )
)


results = (SetLink
  (ImplicationLink (stv 0.666667 0.003750)
    (PredicateNode "P") ; [2213889286841575705][1]
    (PredicateNode "Q") ; [1103054420470118233][1]
  ) ; [11149585767017321993][1]
  (ImplicationLink (stv 0.500000 0.005000)
    (PredicateNode "Q") ; [1103054420470118233][1]
    (PredicateNode "P") ; [2213889286841575705][1]
  ) ; [12496358190549786121][1]
) ; [11995912183581299816][1]
expected = (SetLink
  (ImplicationLink (stv 0.666667 0.003750)
    (PredicateNode "P") ; [2213889286841575705][1]
    (PredicateNode "Q") ; [1103054420470118233][1]
  ) ; [11149585767017321993][1]
  (ImplicationLink (stv 0.500000 0.005000)
    (PredicateNode "Q") ; [1103054420470118233][1]
    (PredicateNode "P") ; [2213889286841575705][1]
  ) ; [12496358190549786121][1]
) ; [11995912183581299816][1]
.[DEBUG] BEGIN TEST: test_conditional_full_instantiation_meta_rule
[DEBUG] [PLNRulesUTest] Loaded "tests/pln/rules/simple-implication-scope.scm":
(ImplicationScopeLink (stv 1 1)
   (TypedVariableLink
      (VariableNode "$X")
      (TypeNode "ConceptNode")
   )
   (EvaluationLink
      (PredicateNode "P")
      (VariableNode "$X")
   )
   (EvaluationLink
      (PredicateNode "Q")
      (VariableNode "$X")
   )
)


[DEBUG] [PLNRulesUTest] Loaded "opencog/pln/meta-rules/predicate/conditional-full-instantiation.scm":
(DefineLink
   (DefinedSchemaNode "conditional-full-instantiation-inheritance-meta-rule")
   (BindLink
      (VariableList
         (TypedVariableLink
            (VariableNode "$A")
            (TypeNode "ConceptNode")
         )
         (TypedVariableLink
            (VariableNode "$B")
            (TypeNode "ConceptNode")
         )
      )
      (AndLink
         (EvaluationLink
            (GroundedPredicateNode "scm: gt-zero-confidence")
            (InheritanceLink
               (VariableNode "$A")
               (VariableNode "$B")
            )
         )
         (InheritanceLink
            (VariableNode "$A")
            (VariableNode "$B")
         )
      )
      (QuoteLink
         (BindLink
            (VariableNode "$X")
            (AndLink
               (EvaluationLink
                  (GroundedPredicateNode "scm: gt-zero-confidence")
                  (MemberLink
                     (VariableNode "$X")
                     (UnquoteLink
                        (VariableNode "$A")
                     )
                  )
               )
               (MemberLink
                  (VariableNode "$X")
                  (UnquoteLink
                     (VariableNode "$A")
                  )
               )
            )
            (ExecutionOutputLink
               (GroundedSchemaNode "scm: conditional-full-instantiation-formula")
               (ListLink
                  (MemberLink
                     (VariableNode "$X")
                     (UnquoteLink
                        (VariableNode "$B")
                     )
                  )
                  (MemberLink
                     (VariableNode "$X")
                     (UnquoteLink
                        (VariableNode "$A")
                     )
                  )
                  (InheritanceLink
                     (UnquoteLink
                        (VariableNode "$A")
                     )
                     (UnquoteLink
                        (VariableNode "$B")
                     )
                  )
               )
            )
         )
      )
   )
)


results = (SetLink
  (BindLink
    (TypedVariableLink
      (VariableNode "$X") ; [6809953386495729144][1]
      (TypeNode "ConceptNode") ; [3788696113922021255][1]
    ) ; [9225281168777978483][1]
    (AndLink
      (EvaluationLink
        (GroundedPredicateNode "scm: gt-zero-confidence") ; [2096565403849494700][1]
        (EvaluationLink
          (PredicateNode "P") ; [2213889286841575705][1]
          (VariableNode "$X") ; [6809953386495729144][1]
        ) ; [17009747857858600672][1]
      ) ; [14114482153628023227][1]
      (EvaluationLink
        (PredicateNode "P") ; [2213889286841575705][1]
        (VariableNode "$X") ; [6809953386495729144][1]
      ) ; [17009747857858600672][1]
    ) ; [13123684890864222853][1]
    (ExecutionOutputLink
      (GroundedSchemaNode "scm: conditional-full-instantiation-scope-formula") ; [4493803386725613298][1]
      (ListLink
        (EvaluationLink
          (PredicateNode "Q") ; [1103054420470118233][1]
          (VariableNode "$X") ; [6809953386495729144][1]
        ) ; [17245685415019607328][1]
        (EvaluationLink
          (PredicateNode "P") ; [2213889286841575705][1]
          (VariableNode "$X") ; [6809953386495729144][1]
        ) ; [17009747857858600672][1]
        (ImplicationScopeLink (stv 1.000000 1.000000)
          (TypedVariableLink
            (VariableNode "$X") ; [6809953386495729144][1]
            (TypeNode "ConceptNode") ; [3788696113922021255][1]
          ) ; [9225281168777978483][1]
          (EvaluationLink
            (PredicateNode "P") ; [2213889286841575705][1]
            (VariableNode "$X") ; [6809953386495729144][1]
          ) ; [17009747857858600672][1]
          (EvaluationLink
            (PredicateNode "Q") ; [1103054420470118233][1]
            (VariableNode "$X") ; [6809953386495729144][1]
          ) ; [17245685415019607328][1]
        ) ; [11246417726306593584][1]
      ) ; [10331289160163372621][1]
    ) ; [13313479423463298105][1]
  ) ; [17114744695775993775][1]
) ; [17129838791401779237][1]
expected = (SetLink
  (BindLink
    (TypedVariableLink
      (VariableNode "$X") ; [6809953386495729144][1]
      (TypeNode "ConceptNode") ; [3788696113922021255][1]
    ) ; [9225281168777978483][1]
    (AndLink
      (EvaluationLink
        (GroundedPredicateNode "scm: gt-zero-confidence") ; [2096565403849494700][1]
        (EvaluationLink
          (PredicateNode "P") ; [2213889286841575705][1]
          (VariableNode "$X") ; [6809953386495729144][1]
        ) ; [17009747857858600672][1]
      ) ; [14114482153628023227][1]
      (EvaluationLink
        (PredicateNode "P") ; [2213889286841575705][1]
        (VariableNode "$X") ; [6809953386495729144][1]
      ) ; [17009747857858600672][1]
    ) ; [13123684890864222853][1]
    (ExecutionOutputLink
      (GroundedSchemaNode "scm: conditional-full-instantiation-scope-formula") ; [4493803386725613298][1]
      (ListLink
        (EvaluationLink
          (PredicateNode "Q") ; [1103054420470118233][1]
          (VariableNode "$X") ; [6809953386495729144][1]
        ) ; [17245685415019607328][1]
        (EvaluationLink
          (PredicateNode "P") ; [2213889286841575705][1]
          (VariableNode "$X") ; [6809953386495729144][1]
        ) ; [17009747857858600672][1]
        (ImplicationScopeLink (stv 1.000000 1.000000)
          (TypedVariableLink
            (VariableNode "$X") ; [6809953386495729144][1]
            (TypeNode "ConceptNode") ; [3788696113922021255][1]
          ) ; [9225281168777978483][1]
          (EvaluationLink
            (PredicateNode "P") ; [2213889286841575705][1]
            (VariableNode "$X") ; [6809953386495729144][1]
          ) ; [17009747857858600672][1]
          (EvaluationLink
            (PredicateNode "Q") ; [1103054420470118233][1]
            (VariableNode "$X") ; [6809953386495729144][1]
          ) ; [17245685415019607328][1]
        ) ; [11246417726306593584][1]
      ) ; [10331289160163372621][1]
    ) ; [13313479423463298105][1]
  ) ; [17114744695775993775][1]
) ; [17129838791401779237][1]
.[DEBUG] BEGIN TEST: test_consequent_disjunction_elimination
[DEBUG] [PLNRulesUTest] Loaded "tests/pln/rules/simple-consequent-disjunction-elimination.scm":
(ImplicationLink (stv 0.2 0.6)
   (PredicateNode "P" (stv 0.02 0.6))
   (PredicateNode "Q2" (stv 0.05 0.8))
)


[DEBUG] [PLNRulesUTest] Loaded "opencog/pln/rules/propositional/consequent-disjunction-elimination.scm":
(DefineLink
   (DefinedSchemaNode "consequent-disjunction-elimination-implication-rule")
   (BindLink
      (VariableList
         (TypedVariableLink
            (VariableNode "$A")
            (TypeChoice
               (TypeNode "PredicateNode")
               (TypeNode "LambdaLink")
               (TypeNode "AndLink")
               (TypeNode "OrLink")
               (TypeNode "NotLink")
            )
         )
         (TypedVariableLink
            (VariableNode "$B")
            (TypeChoice
               (TypeNode "PredicateNode")
               (TypeNode "LambdaLink")
               (TypeNode "AndLink")
               (TypeNode "OrLink")
               (TypeNode "NotLink")
            )
         )
         (TypedVariableLink
            (VariableNode "$C")
            (TypeChoice
               (TypeNode "PredicateNode")
               (TypeNode "LambdaLink")
               (TypeNode "AndLink")
               (TypeNode "OrLink")
               (TypeNode "NotLink")
            )
         )
      )
      (ImplicationLink
         (VariableNode "$A")
         (OrLink
            (VariableNode "$C")
            (VariableNode "$B")
         )
      )
      (ExecutionOutputLink
         (GroundedSchemaNode "scm: consequent-disjunction-elimination-formula")
         (ListLink
            (ImplicationLink
               (VariableNode "$A")
               (VariableNode "$B")
            )
            (ImplicationLink
               (VariableNode "$A")
               (OrLink
                  (VariableNode "$C")
                  (VariableNode "$B")
               )
            )
            (ImplicationLink
               (VariableNode "$A")
               (VariableNode "$C")
            )
         )
      )
   )
)


results = (SetLink
  (ImplicationLink (stv 0.125000 0.540000)
    (PredicateNode "P" (stv 0.020000 0.600000)) ; [2213889286841575705][1]
    (PredicateNode "Q1" (stv 0.010000 0.700000)) ; [2480207013189331713][1]
  ) ; [12526738359736535473][1]
  (ImplicationLink (stv 0.200000 0.600000)
    (PredicateNode "P" (stv 0.020000 0.600000)) ; [2213889286841575705][1]
    (PredicateNode "Q2" (stv 0.050000 0.800000)) ; [4359661389676553630][1]
  ) ; [14406192736223757390][1]
) ; [13234922104715436885][1]
expected = (SetLink
  (ImplicationLink (stv 0.125000 0.540000)
    (PredicateNode "P" (stv 0.020000 0.600000)) ; [2213889286841575705][1]
    (PredicateNode "Q1" (stv 0.010000 0.700000)) ; [2480207013189331713][1]
  ) ; [12526738359736535473][1]
) ; [12541832455362320935][1]

In PLNRulesUTest::test_consequent_disjunction_elimination:
/home/opencog/opencog/build/tests/pln/rules/../../../../tests/pln/rules/PLNRulesUTest.cxxtest:870: Error: Expected (results == expected), found ({ 70 7C A5 46 70 55 00 00 ... } != { 60 27 EE 46 70 55 00 00 ... })
Failed 1 and Skipped 0 of 21 tests
Success rate: 95%
Obsolete! Do not use cog-bind, use cog-execute! insead.
Obsolete! Do not use cog-bind, use cog-execute! insead.
Obsolete! Do not use cog-bind, use cog-execute! insead.
opencog/tests/pln/rules/implication-direct-evaluation.scm
;;; compiled /home/jenkins/.cache/guile/ccache/2.0-LE-8-2.0/home/opencog/opencog/tests/pln/rules/implication-direct-evaluation.scm.go
;;; compiling /home/opencog/opencog/opencog/pln/rules/wip/implication-direct-evaluation.scm
;;; compiled /home/jenkins/.cache/guile/ccache/2.0-LE-8-2.0/home/opencog/opencog/opencog/pln/rules/wip/implication-direct-evaluation.scm.go
;;; compiling /home/opencog/opencog/tests/pln/rules/simple-implication-scope.scm
;;; compiled /home/jenkins/.cache/guile/ccache/2.0-LE-8-2.0/home/opencog/opencog/tests/pln/rules/simple-implication-scope.scm.go
;;; compiling /home/opencog/opencog/opencog/pln/meta-rules/predicate/conditional-full-instantiation.scm
;;; compiled /home/jenkins/.cache/guile/ccache/2.0-LE-8-2.0/home/opencog/opencog/opencog/pln/meta-rules/predicate/conditional-full-instantiation.scm.go
;;; compiling /home/opencog/opencog/tests/pln/rules/simple-consequent-disjunction-elimination.scm
;;; compiled /home/jenkins/.cache/guile/ccache/2.0-LE-8-2.0/home/opencog/opencog/tests/pln/rules/simple-consequent-disjunction-elimination.scm.go
;;; compiling /home/opencog/opencog/opencog/pln/rules/propositional/consequent-disjunction-elimination.scm
;;; compiled /home/jenkins/.cache/guile/ccache/2.0-LE-8-2.0/home/opencog/opencog/opencog/pln/rules/propositional/consequent-disjunction-elimination.scm.go

      Start  8: OpenPsiRulesUTest
 8/17 Test  #8: OpenPsiRulesUTest ................***Failed    1.49 sec
Running cxxtest tests (3 tests)[2018-01-25 16:09:38:756] [INFO] ##### Finished setting up to run a test #####
[2018-01-25 16:09:38:756] [INFO] BEGIN TEST: test_add_rule_and_is_rule
;;; note: auto-compilation is enabled, set GUILE_AUTO_COMPILE=0
;;;       or pass the --no-auto-compile argument to disable.
;;; compiling /home/opencog/opencog/tests/openpsi/rules.scm
;;; /home/opencog/opencog/tests/openpsi/rules.scm:44:19: warning: possibly unbound variable `psi-component'
;;; /home/opencog/opencog/tests/openpsi/rules.scm:54:17: warning: possibly unbound variable `psi-rule'
;;; /home/opencog/opencog/tests/openpsi/rules.scm:121:19: warning: possibly unbound variable `psi-component'
;;; /home/opencog/opencog/tests/openpsi/rules.scm:125:17: warning: possibly unbound variable `psi-rule'
;;; /home/opencog/opencog/tests/openpsi/rules.scm:167:17: warning: possibly unbound variable `psi-rule'
;;; /home/opencog/opencog/tests/openpsi/rules.scm:172:24: warning: possibly unbound variable `psi-related-goals'
;;; /home/opencog/opencog/tests/openpsi/rules.scm:177:27: warning: possibly unbound variable `psi-related-goals'
;;; /home/opencog/opencog/tests/openpsi/rules.scm:178:27: warning: possibly unbound variable `psi-related-goals'
;;; /home/opencog/opencog/tests/openpsi/rules.scm:197:4: warning: possibly unbound variable `psi-step'
;;; /home/opencog/opencog/tests/openpsi/rules.scm:198:4: warning: possibly unbound variable `psi-step'
;;; /home/opencog/opencog/tests/openpsi/rules.scm:206:2: warning: possibly unbound variable `psi-run'
;;; /home/opencog/opencog/tests/openpsi/rules.scm:206:2: warning: possibly unbound variable `d1'
;;; /home/opencog/opencog/tests/openpsi/rules.scm:210:2: warning: possibly unbound variable `psi-run'
;;; /home/opencog/opencog/tests/openpsi/rules.scm:210:2: warning: possibly unbound variable `d2'
;;; /home/opencog/opencog/tests/openpsi/rules.scm:214:12: warning: possibly unbound variable `psi-loop-count'
;;; /home/opencog/opencog/tests/openpsi/rules.scm:214:12: warning: possibly unbound variable `d1'
;;; /home/opencog/opencog/tests/openpsi/rules.scm:215:8: warning: possibly unbound variable `psi-loop-count'
;;; /home/opencog/opencog/tests/openpsi/rules.scm:215:8: warning: possibly unbound variable `d2'
;;; /home/opencog/opencog/tests/openpsi/rules.scm:220:15: warning: possibly unbound variable `psi-loop-count'
;;; /home/opencog/opencog/tests/openpsi/rules.scm:220:15: warning: possibly unbound variable `d1'
;;; /home/opencog/opencog/tests/openpsi/rules.scm:221:15: warning: possibly unbound variable `psi-loop-count'
;;; /home/opencog/opencog/tests/openpsi/rules.scm:221:15: warning: possibly unbound variable `d2'
;;; /home/opencog/opencog/tests/openpsi/rules.scm:229:2: warning: possibly unbound variable `psi-halt'
;;; /home/opencog/opencog/tests/openpsi/rules.scm:229:2: warning: possibly unbound variable `d1'
;;; /home/opencog/opencog/tests/openpsi/rules.scm:233:2: warning: possibly unbound variable `psi-halt'
;;; /home/opencog/opencog/tests/openpsi/rules.scm:233:2: warning: possibly unbound variable `d2'
;;; /home/opencog/opencog/tests/openpsi/rules.scm:234:12: warning: possibly unbound variable `psi-loop-count'
;;; /home/opencog/opencog/tests/openpsi/rules.scm:234:12: warning: possibly unbound variable `d1'
;;; /home/opencog/opencog/tests/openpsi/rules.scm:235:8: warning: possibly unbound variable `psi-loop-count'
;;; /home/opencog/opencog/tests/openpsi/rules.scm:235:8: warning: possibly unbound variable `d2'
;;; /home/opencog/opencog/tests/openpsi/rules.scm:239:17: warning: possibly unbound variable `psi-loop-count'
;;; /home/opencog/opencog/tests/openpsi/rules.scm:239:17: warning: possibly unbound variable `d1'
;;; /home/opencog/opencog/tests/openpsi/rules.scm:240:17: warning: possibly unbound variable `psi-loop-count'
;;; /home/opencog/opencog/tests/openpsi/rules.scm:240:17: warning: possibly unbound variable `d2'
;;; /home/opencog/opencog/tests/openpsi/rules.scm:245:19: warning: possibly unbound variable `psi-component'
;;; /home/opencog/opencog/tests/openpsi/rules.scm:273:4: warning: possibly unbound variable `psi-rule'
;;; /home/opencog/opencog/tests/openpsi/rules.scm:306:19: warning: possibly unbound variable `psi-get-action'
;;; /home/opencog/opencog/tests/openpsi/rules.scm:310:31: [2018-01-25 16:09:38:813] [INFO] END TEST: test_add_rule_and_is_rule
.[2018-01-25 16:09:38:815] [INFO] ##### Finished setting up to run a test #####
[2018-01-25 16:09:38:815] [INFO] BEGIN TEST: test_rule_get_functions

In OpenPsiRulesUTest::test_rule_get_functions:
/home/opencog/opencog/build/tests/openpsi/../../../tests/openpsi/OpenPsiRulesUTest.cxxtest:140: Error: Test failed: Caught scm error during eval
/home/opencog/opencog/build/tests/openpsi/../../../tests/openpsi/OpenPsiRulesUTest.cxxtest:140: Error: Assertion failed: (false == _scm->eval_error())
[2018-01-25 16:09:39:458] [ERROR] Backtrace:
In ice-9/boot-9.scm:
 160: 10 [catch #t #<catch-closure 55bb27bbabc0> ...]
In unknown file:
   ?: 9 [apply-smob/1 #<catch-closure 55bb27bbabc0>]
In ice-9/boot-9.scm:
 160: 8 [catch #t #<catch-closure 55bb27bba740> ...]
In unknown file:
   ?: 7 [apply-smob/1 #<catch-closure 55bb27bba740>]
   ?: 6 [call-with-input-string "(rule-2)" ...]
In ice-9/boot-9.scm:
2404: 5 [save-module-excursion #<procedure 55bb287934e0 at ice-9/eval-string.scm:65:9 ()>]
In ice-9/eval-string.scm:
  44: 4 [read-and-eval #<input: string 55bb286beb60> #:lang ...]
  37: 3 [lp (rule-2)]
In /home/opencog/opencog/tests/openpsi/rules.scm:
 125: 2 [rule-2]
In ice-9/boot-9.scm:
 105: 1 [#<procedure 55bb27d23000 at ice-9/boot-9.scm:100:6 (thrown-k . args)> unbound-variable ...]
In unknown file:
   ?: 0 [apply-smob/1 #<catch-closure 55bb27bba700> unbound-variable ...]

ERROR: In procedure apply-smob/1:
ERROR: In procedure module-lookup: Unbound variable: psi-rule
ABORT: unbound-variable
 (/home/opencog/atomspace/opencog/guile/SchemeEval.cc:926)
	Stack Trace:
	2: Logger.cc:481	  opencog::Logger::logva(opencog::Logger::Level, char const*, __va_list_tag*)
	3: Logger.cc:493	  opencog::Logger::Error::operator()(char const*, ...)
	4: exceptions.cc:55	  opencog::StandardException::parse_error_message(char const*, __va_list_tag*, bool)
	5: exceptions.cc:82	  opencog::StandardException::parse_error_message(char const*, char const*, __va_list_tag*, bool)
	6: exceptions.cc:150	  opencog::RuntimeException::RuntimeException(char const*, char const*, ...)
	7: SchemeEval.cc:926	  opencog::SchemeEval::eval_v(std::__cxx11::basic_string<char, std::char_traits<char>, std::allocator<char> > const&)
	8: SchemeEval.h:170	  opencog::SchemeEval::eval_h(std::__cxx11::basic_string<char, std::char_traits<char>, std::allocator<char> > const&)
	9: shared_ptr_base.h:683	  std::__shared_count<(__gnu_cxx::_Lock_policy)2>::~__shared_count()
	10: RealDescriptions.cpp:125	  CxxTest::RealTestDescription::run()
	11: TestRunner.h:104	  CxxTest::TestRunner::runTest(CxxTest::TestDescription&)
	12: OpenPsiRulesUTest.cpp:20	main()
	13: [0x211c1] ??() ??:0
	14: [0xdf7a] ??() ??:0

/home/opencog/opencog/tests/openpsi/OpenPsiRulesUTest.cxxtest:134: Error: Test failed: Backtrace:
In ice-9/boot-9.scm:
 160: 10 [catch #t #<catch-closure 55bb27bbabc0> ...]
In unknown file:
   ?: 9 [apply-smob/1 #<catch-closure 55bb27bbabc0>]
In ice-9/boot-9.scm:
 160: 8 [catch #t #<catch-closure 55bb27bba740> ...]
In unknown file:
   ?: 7 [apply-smob/1 #<catch-closure 55bb27bba740>]
   ?: 6 [call-with-input-string "(rule-2)" ...]
In ice-9/boot-9.scm:
2404: 5 [save-module-excursion #<procedure 55bb287934e0 at ice-9/eval-string.scm:65:9 ()>]
In ice-9/eval-string.scm:
  44: 4 [read-and-eval #<input: string 55bb286beb60> #:lang ...]
  37: 3 [lp (rule-2)]
In /home/opencog/opencog/tests/openpsi/rules.scm:
 125: 2 [rule-2]
In ice-9/boot-9.scm:
 105: 1 [#<procedure 55bb27d23000 at ice-9/boot-9.scm:100:6 (thrown-k . args)> unbound-variable ...]
In unknown file:
   ?: 0 [apply-smob/1 #<catch-closure 55bb27bba700> unbound-variable ...]

ERROR: In procedure apply-smob/1:
ERROR: In procedure module-lookup: Unbound variable: psi-rule
ABORT: unbound-variable
 (/home/opencog/atomspace/opencog/guile/SchemeEval.cc:926)
[2018-01-25 16:09:39:932] [INFO] ##### Finished setting up to run a test #####
[2018-01-25 16:09:39:932] [INFO] BEGIN TEST: test_get_query
[2018-01-25 16:09:39:991] [INFO] END TEST: test_get_query
.
Failed 1 and Skipped 0 of 3 tests
Success rate: 66%
warning: possibly unbound variable `psi-get-context'
;;; /home/opencog/opencog/tests/openpsi/rules.scm:314:17: warning: possibly unbound variable `psi-get-goal'
;;; compiled /home/jenkins/.cache/guile/ccache/2.0-LE-8-2.0/home/opencog/opencog/tests/openpsi/rules.scm.go
;;; compiling /usr/local/share/opencog/scm/opencog/openpsi.scm
;;; compiling /usr/local/share/opencog/scm/opencog/exec.scm
;;; compiled /home/jenkins/.cache/guile/ccache/2.0-LE-8-2.0/usr/local/share/opencog/scm/opencog/exec.scm.go
;;; compiled /home/jenkins/.cache/guile/ccache/2.0-LE-8-2.0/usr/local/share/opencog/scm/opencog/openpsi.scm.go
;;; compiling /usr/local/share/opencog/scm/opencog/openpsi/action-selector.scm
;;; opencog/openpsi/action-selector.scm:143:8: warning: "Define an action-selector for component ~a": wrong port argument
;;; opencog/openpsi/action-selector.scm:22:2: warning: possibly unbound variable `psi-set-func!'
;;; opencog/openpsi/action-selector.scm:31:2: warning: possibly unbound variable `psi-func'
;;; compiled /home/jenkins/.cache/guile/ccache/2.0-LE-8-2.0/usr/local/share/opencog/scm/opencog/openpsi/action-selector.scm.go
;;; compiling /usr/local/share/opencog/scm/opencog/openpsi/demand.scm
;;; compiling /usr/local/share/opencog/scm/opencog/query.scm
;;; compiled /home/jenkins/.cache/guile/ccache/2.0-LE-8-2.0/usr/local/share/opencog/scm/opencog/query.scm.go
;;; compiling /usr/local/share/opencog/scm/opencog/rule-engine.scm
;;; opencog/rule-engine.scm:12:0: warning: possibly unbound variable `export-rule-engine-utils'
;;; compiled /home/jenkins/.cache/guile/ccache/2.0-LE-8-2.0/usr/local/share/opencog/scm/opencog/rule-engine.scm.go
;;; WARNING: compilation of /usr/local/share/opencog/scm/opencog/openpsi/demand.scm failed:
;;; ERROR: In procedure dynamic-link: file: "libruleengine", message: "file not found"
;;; compiling /usr/local/share/opencog/scm/opencog/openpsi/utilities.scm
;;; opencog/openpsi/utilities.scm:156:13: warning: "A function called \"~a\" hasn't been set for ~a\n": wrong port argument
;;; opencog/openpsi/utilities.scm:52:4: warning: possibly unbound variable `psi-member?'
;;; opencog/openpsi/utilities.scm:78:4: warning: possibly unbound variable `psi-member?'
;;; compiled /home/jenkins/.cache/guile/ccache/2.0-LE-8-2.0/usr/local/share/opencog/scm/opencog/openpsi/utilities.scm.go
;;; compiling /usr/local/share/opencog/scm/opencog/openpsi/rule.scm
;;; opencog/openpsi/rule.scm:79:15: warning: possibly unbound variable `psi-action'
;;; compiled /home/jenkins/.cache/guile/ccache/2.0-LE-8-2.0/usr/local/share/opencog/scm/opencog/openpsi/rule.scm.go
;;; compiling /usr/local/share/opencog/scm/opencog/openpsi/demand.scm
;;; compiled /home/jenkins/.cache/guile/ccache/2.0-LE-8-2.0/usr/local/share/opencog/scm/opencog/openpsi/demand.scm.go
;;; compiling /usr/local/share/opencog/scm/opencog/openpsi/control.scm
;;; compiled /home/jenkins/.cache/guile/ccache/2.0-LE-8-2.0/usr/local/share/opencog/scm/opencog/openpsi/control.scm.go
;;; compiling /usr/local/share/opencog/scm/opencog/openpsi/main.scm
;;; compiling /usr/local/share/opencog/scm/opencog/logger.scm
;;; compiled /home/jenkins/.cache/guile/ccache/2.0-LE-8-2.0/usr/local/share/opencog/scm/opencog/logger.scm.go
;;; WARNING: compilation of /usr/local/share/opencog/scm/opencog/openpsi/main.scm failed:
;;; ERROR: In procedure dynamic-link: file: "liblogger", message: "file not found"
;;; compiling /home/opencog/opencog/tests/openpsi/psi-implicator.scm
;;; compiled /home/jenkins/.cache/guile/ccache/2.0-LE-8-2.0/home/opencog/opencog/tests/openpsi/psi-implicator.scm.go

      Start  9: OpenPsiImplicatorUTest
 9/17 Test  #9: OpenPsiImplicatorUTest ...........***Failed    0.36 sec
Running cxxtest tests (2 tests)[2018-01-25 16:09:40:216] [INFO] BEGIN TEST: test_check_satisfiability

In OpenPsiImplicatorUTest::test_check_satisfiability:
/home/opencog/opencog/build/tests/openpsi/../../../tests/openpsi/OpenPsiImplicatorUTest.cxxtest:98: Error: Test failed: Caught scm error during eval
/home/opencog/opencog/build/tests/openpsi/../../../tests/openpsi/OpenPsiImplicatorUTest.cxxtest:98: Error: Assertion failed: (false == _scm->eval_error())
[2018-01-25 16:09:40:244] [ERROR] Backtrace:
In ice-9/boot-9.scm:
 160: 12 [catch #t #<catch-closure 5630f508a520> ...]
In unknown file:
   ?: 11 [apply-smob/1 #<catch-closure 5630f508a520>]
In ice-9/boot-9.scm:
 160: 10 [catch #t #<catch-closure 5630f508a3e0> ...]
In unknown file:
   ?: 9 [apply-smob/1 #<catch-closure 5630f508a3e0>]
   ?: 8 [call-with-input-string "(rule-1)" ...]
In ice-9/boot-9.scm:
2404: 7 [save-module-excursion #<procedure 5630f50cc180 at ice-9/eval-string.scm:65:9 ()>]
In ice-9/eval-string.scm:
  44: 6 [read-and-eval #<input: string 5630f4e058f0> #:lang ...]
  37: 5 [lp (rule-1)]
In ice-9/eval.scm:
 386: 4 [eval #<memoized (rule-1)> ()]
 393: 3 [eval #<memoized rule-1> ()]
In unknown file:
   ?: 2 [memoize-variable-access! #<memoized rule-1> #<directory # 5630f47c2bd0>]
In ice-9/boot-9.scm:
 105: 1 [#<procedure 5630f50e94c0 at ice-9/boot-9.scm:100:6 (thrown-k . args)> unbound-variable ...]
In unknown file:
   ?: 0 [apply-smob/1 #<catch-closure 5630f508a3a0> unbound-variable ...]

ERROR: In procedure apply-smob/1:
ERROR: Unbound variable: rule-1
ABORT: unbound-variable
 (/home/opencog/atomspace/opencog/guile/SchemeEval.cc:926)
	Stack Trace:
	2: Logger.cc:481	  opencog::Logger::logva(opencog::Logger::Level, char const*, __va_list_tag*)
	3: Logger.cc:493	  opencog::Logger::Error::operator()(char const*, ...)
	4: exceptions.cc:55	  opencog::StandardException::parse_error_message(char const*, __va_list_tag*, bool)
	5: exceptions.cc:82	  opencog::StandardException::parse_error_message(char const*, char const*, __va_list_tag*, bool)
	6: exceptions.cc:150	  opencog::RuntimeException::RuntimeException(char const*, char const*, ...)
	7: SchemeEval.cc:926	  opencog::SchemeEval::eval_v(std::__cxx11::basic_string<char, std::char_traits<char>, std::allocator<char> > const&)
	8: SchemeEval.h:170	  opencog::SchemeEval::eval_h(std::__cxx11::basic_string<char, std::char_traits<char>, std::allocator<char> > const&)
	9: RealDescriptions.cpp:125	  CxxTest::RealTestDescription::run()
	10: TestRunner.h:104	  CxxTest::TestRunner::runTest(CxxTest::TestDescription&)
	11: OpenPsiImplicatorUTest.cpp:20	main()
	12: [0x211c1] ??() ??:0
	13: [0xd66a] ??() ??:0

/home/opencog/opencog/tests/openpsi/OpenPsiImplicatorUTest.cxxtest:91: Error: Test failed: Backtrace:
In ice-9/boot-9.scm:
 160: 12 [catch #t #<catch-closure 5630f508a520> ...]
In unknown file:
   ?: 11 [apply-smob/1 #<catch-closure 5630f508a520>]
In ice-9/boot-9.scm:
 160: 10 [catch #t #<catch-closure 5630f508a3e0> ...]
In unknown file:
   ?: 9 [apply-smob/1 #<catch-closure 5630f508a3e0>]
   ?: 8 [call-with-input-string "(rule-1)" ...]
In ice-9/boot-9.scm:
2404: 7 [save-module-excursion #<procedure 5630f50cc180 at ice-9/eval-string.scm:65:9 ()>]
In ice-9/eval-string.scm:
  44: 6 [read-and-eval #<input: string 5630f4e058f0> #:lang ...]
  37: 5 [lp (rule-1)]
In ice-9/eval.scm:
 386: 4 [eval #<memoized (rule-1)> ()]
 393: 3 [eval #<memoized rule-1> ()]
In unknown file:
   ?: 2 [memoize-variable-access! #<memoized rule-1> #<directory # 5630f47c2bd0>]
In ice-9/boot-9.scm:
 105: 1 [#<procedure 5630f50e94c0 at ice-9/boot-9.scm:100:6 (thrown-k . args)> unbound-variable ...]
In unknown file:
   ?: 0 [apply-smob/1 #<catch-closure 5630f508a3a0> unbound-variable ...]

ERROR: In procedure apply-smob/1:
ERROR: Unbound variable: rule-1
ABORT: unbound-variable
 (/home/opencog/atomspace/opencog/guile/SchemeEval.cc:926)
[2018-01-25 16:09:40:397] [INFO] BEGIN TEST: test_imply
[2018-01-25 16:09:40:401] [ERROR] Backtrace:
In ice-9/boot-9.scm:
 160: 11 [catch #t #<catch-closure 5630f501a340> ...]
In unknown file:
   ?: 10 [apply-smob/1 #<catch-closure 5630f501a340>]
In ice-9/boot-9.scm:
 160: 9 [catch #t #<catch-closure 5630f501a220> ...]
In unknown file:
   ?: 8 [apply-smob/1 #<catch-closure 5630f501a220>]
   ?: 7 [call-with-input-string "(groundable-content-1) (rule-1)" ...]
In ice-9/boot-9.scm:
2404: 6 [save-module-excursion #<procedure 5630f5018780 at ice-9/eval-string.scm:65:9 ()>]
In ice-9/eval-string.scm:
  44: 5 [read-and-eval #<input: string 5630f56ba410> #:lang ...]
  37: 4 [lp (rule-1)]
In /home/opencog/opencog/tests/openpsi/psi-implicator.scm:
  40: 3 [rule-1]
  35: 2 [demand-1]
In ice-9/boot-9.scm:
 105: 1 [#<procedure 5630f569fdc0 at ice-9/boot-9.scm:100:6 (thrown-k . args)> misc-error ...]
In unknown file:
   ?: 0 [apply-smob/1 #<catch-closure 5630f501a1e0> misc-error ...]

ERROR: In procedure apply-smob/1:
ERROR: In procedure #<procedure demand-1 ()>: Unbound variable: psi-demand
ABORT: misc-error
 (/home/opencog/atomspace/opencog/guile/SchemeEval.cc:926)
	Stack Trace:
	2: Logger.cc:481	  opencog::Logger::logva(opencog::Logger::Level, char const*, __va_list_tag*)
	3: Logger.cc:493	  opencog::Logger::Error::operator()(char const*, ...)
	4: exceptions.cc:55	  opencog::StandardException::parse_error_message(char const*, __va_list_tag*, bool)
	5: exceptions.cc:82	  opencog::StandardException::parse_error_message(char const*, char const*, __va_list_tag*, bool)
	6: exceptions.cc:150	  opencog::RuntimeException::RuntimeException(char const*, char const*, ...)
	7: SchemeEval.cc:926	  opencog::SchemeEval::eval_v(std::__cxx11::basic_string<char, std::char_traits<char>, std::allocator<char> > const&)
	8: SchemeEval.h:170	  opencog::SchemeEval::eval_h(std::__cxx11::basic_string<char, std::char_traits<char>, std::allocator<char> > const&)
	9: RealDescriptions.cpp:125	  CxxTest::RealTestDescription::run()
	10: TestRunner.h:104	  CxxTest::TestRunner::runTest(CxxTest::TestDescription&)
	11: OpenPsiImplicatorUTest.cpp:20	main()
	12: [0x211c1] ??() ??:0
	13: [0xd66a] ??() ??:0

In OpenPsiImplicatorUTest::test_imply:
/home/opencog/opencog/tests/openpsi/OpenPsiImplicatorUTest.cxxtest:152: Error: Test failed: Backtrace:
In ice-9/boot-9.scm:
 160: 11 [catch #t #<catch-closure 5630f501a340> ...]
In unknown file:
   ?: 10 [apply-smob/1 #<catch-closure 5630f501a340>]
In ice-9/boot-9.scm:
 160: 9 [catch #t #<catch-closure 5630f501a220> ...]
In unknown file:
   ?: 8 [apply-smob/1 #<catch-closure 5630f501a220>]
   ?: 7 [call-with-input-string "(groundable-content-1) (rule-1)" ...]
In ice-9/boot-9.scm:
2404: 6 [save-module-excursion #<procedure 5630f5018780 at ice-9/eval-string.scm:65:9 ()>]
In ice-9/eval-string.scm:
  44: 5 [read-and-eval #<input: string 5630f56ba410> #:lang ...]
  37: 4 [lp (rule-1)]
In /home/opencog/opencog/tests/openpsi/psi-implicator.scm:
  40: 3 [rule-1]
  35: 2 [demand-1]
In ice-9/boot-9.scm:
 105: 1 [#<procedure 5630f569fdc0 at ice-9/boot-9.scm:100:6 (thrown-k . args)> misc-error ...]
In unknown file:
   ?: 0 [apply-smob/1 #<catch-closure 5630f501a1e0> misc-error ...]

ERROR: In procedure apply-smob/1:
ERROR: In procedure #<procedure demand-1 ()>: Unbound variable: psi-demand
ABORT: misc-error
 (/home/opencog/atomspace/opencog/guile/SchemeEval.cc:926)
Failed 2 and Skipped 0 of 2 tests
Success rate: 0%

      Start 10: OpenPsiSCMUTest
10/17 Test #10: OpenPsiSCMUTest ..................***Failed    0.68 sec
Running cxxtest tests (8 tests)
In OpenPsiSCMUTest::test_psi_get_action:
/home/opencog/opencog/build/tests/openpsi/../../../tests/openpsi/OpenPsiSCMUTest.cxxtest:76: Error: Test failed: Caught scm error during eval
/home/opencog/opencog/build/tests/openpsi/../../../tests/openpsi/OpenPsiSCMUTest.cxxtest:76: Error: Assertion failed: (false == _scm->eval_error())
[2018-01-25 16:09:40:589] [INFO] BEGIN TEST: test_psi_get_action
/home/opencog/opencog/build/tests/openpsi/../../../tests/openpsi/OpenPsiSCMUTest.cxxtest:97: Error: Test failed: Caught scm error during eval
/home/opencog/opencog/build/tests/openpsi/../../../tests/openpsi/OpenPsiSCMUTest.cxxtest:97: Error: Assertion failed: (false == _scm->eval_error())
/home/opencog/opencog/build/tests/openpsi/../../../tests/openpsi/OpenPsiSCMUTest.cxxtest:98: Error: Test failed: Expected `#t`
/home/opencog/opencog/build/tests/openpsi/../../../tests/openpsi/OpenPsiSCMUTest.cxxtest:98: Error: Expected ("#t\n" == result_1), found (#t
 != "Backtrace:\nIn ice-9/boot-9.scm:\n 160: 10 [catch #t #<catch-closure 556cc110c060> ...]\nIn unknown file:\n   ?: 9 [apply-smob/1 #<catch-closure 556cc110c060>]\nIn ice-9/boot-9.scm:\n 160: 8 [catch #t #<catch-closure 556cc1118e60> ...]\nIn unknown file:\n   ?: 7 [apply-smob/1 #<catch-closure 556cc1118e60>]\n   ?: 6 [call-with-input-string \"(test_psi_get_action_1)\" ...]\nIn ice-9/boot-9.scm:\n2404: 5 [save-module-excursion #<procedure 556cc113dab0 at ice-9/eval-string.scm:65:9 ()>]\nIn ice-9/eval-string.scm:\n  44: 4 [read-and-eval #<input: string 556cc10dba90> #:lang ...]\n  37: 3 [lp (test_psi_get_action_1)]\nIn /home/opencog/opencog/tests/openpsi/rules.scm:\n 306: 2 [test_psi_get_action_1]\nIn ice-9/boot-9.scm:\n 105: 1 [#<procedure 556cc10e8d80 at ice-9/boot-9.scm:100:6 (thrown-k . args)> unbound-variable ...]\nIn unknown file:\n   ?: 0 [apply-smob/1 #<catch-closure 556cc1118e20> unbound-variable ...]\n\nERROR: In procedure apply-smob/1:\nERROR: In procedure module-lookup: Unbound variable: psi-get-action\nABORT: unbound-variable\n")
[2018-01-25 16:09:40:592] [INFO] END TEST: test_psi_get_action
[2018-01-25 16:09:40:594] [INFO] BEGIN TEST: test_psi_get_context
In OpenPsiSCMUTest::test_psi_get_context:
/home/opencog/opencog/build/tests/openpsi/../../../tests/openpsi/OpenPsiSCMUTest.cxxtest:111: Error: Test failed: Caught scm error during eval
/home/opencog/opencog/build/tests/openpsi/../../../tests/openpsi/OpenPsiSCMUTest.cxxtest:111: Error: Assertion failed: (false == _scm->eval_error())
/home/opencog/opencog/build/tests/openpsi/../../../tests/openpsi/OpenPsiSCMUTest.cxxtest:112: Error: Test failed: Expected `#t`
/home/opencog/opencog/build/tests/openpsi/../../../tests/openpsi/OpenPsiSCMUTest.cxxtest:112: Error: Expected ("#t\n" == result_1), found (#t
 != "Backtrace:\nIn ice-9/boot-9.scm:\n 160: 10 [catch #t #<catch-closure 556cc11185c0> ...]\nIn unknown file:\n   ?: 9 [apply-smob/1 #<catch-closure 556cc11185c0>]\nIn ice-9/boot-9.scm:\n 160: 8 [catch #t #<catch-closure 556cc11183c0> ...]\nIn unknown file:\n   ?: 7 [apply-smob/1 #<catch-closure 556cc11183c0>]\n   ?: 6 [call-with-input-string \"(test_psi_get_context_1)\" ...]\nIn ice-9/boot-9.scm:\n2404: 5 [save-module-excursion #<procedure 556cc1093270 at ice-9/eval-string.scm:65:9 ()>]\nIn ice-9/eval-string.scm:\n  44: 4 [read-and-eval #<input: string 556cc0efc5b0> #:lang ...]\n  37: 3 [lp (test_psi_get_context_1)]\nIn /home/opencog/opencog/tests/openpsi/rules.scm:\n 310: 2 [test_psi_get_context_1]\nIn ice-9/boot-9.scm:\n 105: 1 [#<procedure 556cc0e260c0 at ice-9/boot-9.scm:100:6 (thrown-k . args)> unbound-variable ...]\nIn unknown file:\n   ?: 0 [apply-smob/1 #<catch-closure 556cc1118380> unbound-variable ...]\n\nERROR: In procedure apply-smob/1:\nERROR: In procedure module-lookup: Unbound variable: psi-get-context\nABORT: unbound-variable\n")
[2018-01-25 16:09:40:597] [INFO] END TEST: test_psi_get_context
[2018-01-25 16:09:40:600] [INFO] BEGIN TEST: test_psi_get_goal
In OpenPsiSCMUTest::test_psi_get_goal:
/home/opencog/opencog/build/tests/openpsi/../../../tests/openpsi/OpenPsiSCMUTest.cxxtest:125: Error: Test failed: Caught scm error during eval
/home/opencog/opencog/build/tests/openpsi/../../../tests/openpsi/OpenPsiSCMUTest.cxxtest:125: Error: Assertion failed: (false == _scm->eval_error())
/home/opencog/opencog/build/tests/openpsi/../../../tests/openpsi/OpenPsiSCMUTest.cxxtest:126: Error: Test failed: Expected `#t`
/home/opencog/opencog/build/tests/openpsi/../../../tests/openpsi/OpenPsiSCMUTest.cxxtest:126: Error: Expected ("#t\n" == result_1), found (#t
 != "Backtrace:\nIn ice-9/boot-9.scm:\n 160: 10 [catch #t #<catch-closure 556cc1118420> ...]\nIn unknown file:\n   ?: 9 [apply-smob/1 #<catch-closure 556cc1118420>]\nIn ice-9/boot-9.scm:\n 160: 8 [catch #t #<catch-closure 556cc1118220> ...]\nIn unknown file:\n   ?: 7 [apply-smob/1 #<catch-closure 556cc1118220>]\n   ?: 6 [call-with-input-string \"(test_psi_get_goal_1)\" ...]\nIn ice-9/boot-9.scm:\n2404: 5 [save-module-excursion #<procedure 556cc109b8a0 at ice-9/eval-string.scm:65:9 ()>]\nIn ice-9/eval-string.scm:\n  44: 4 [read-and-eval #<input: string 556cc1064820> #:lang ...]\n  37: 3 [lp (test_psi_get_goal_1)]\nIn /home/opencog/opencog/tests/openpsi/rules.scm:\n 314: 2 [test_psi_get_goal_1]\nIn ice-9/boot-9.scm:\n 105: 1 [#<procedure 556cc1191040 at ice-9/boot-9.scm:100:6 (thrown-k . args)> unbound-variable ...]\nIn unknown file:\n   ?: 0 [apply-smob/1 #<catch-closure 556cc11181e0> unbound-variable ...]\n\nERROR: In procedure apply-smob/1:\nERROR: In procedure module-lookup: Unbound variable: psi-get-goal\nABORT: unbound-variable\n")
[2018-01-25 16:09:40:603] [INFO] END TEST: test_psi_get_goal
[2018-01-25 16:09:40:605] [INFO] BEGIN TEST: test_psi_satisfiable__predicate
[2018-01-25 16:09:40:609] [ERROR] Backtrace:
In ice-9/boot-9.scm:
 160: 12 [catch #t #<catch-closure 556cc11b7c80> ...]
In unknown file:
   ?: 11 [apply-smob/1 #<catch-closure 556cc11b7c80>]
In ice-9/boot-9.scm:
 160: 10 [catch #t #<catch-closure 556cc11b7b60> ...]
In unknown file:
   ?: 9 [apply-smob/1 #<catch-closure 556cc11b7b60>]
   ?: 8 [call-with-input-string "(psi-satisfiable? (rule-1))" ...]
In ice-9/boot-9.scm:
2404: 7 [save-module-excursion #<procedure 556cc109b660 at ice-9/eval-string.scm:65:9 ()>]
In ice-9/eval-string.scm:
  44: 6 [read-and-eval #<input: string 556cc10648f0> #:lang ...]
  37: 5 [lp (psi-satisfiable? (rule-1))]
In ice-9/eval.scm:
 386: 4 [eval #<memoized (psi-satisfiable? (rule-1))> ()]
 393: 3 [eval #<memoized psi-satisfiable?> ()]
In unknown file:
   ?: 2 [memoize-variable-access! # #]
In ice-9/boot-9.scm:
 105: 1 [#<procedure 556cc1191f00 at ice-9/boot-9.scm:100:6 (thrown-k . args)> unbound-variable ...]
In unknown file:
   ?: 0 [apply-smob/1 #<catch-closure 556cc11b7b20> unbound-variable ...]

ERROR: In procedure apply-smob/1:
ERROR: Unbound variable: psi-satisfiable?
ABORT: unbound-variable
 (/home/opencog/atomspace/opencog/guile/SchemeEval.cc:926)
	Stack Trace:
	2: Logger.cc:481	  opencog::Logger::logva(opencog::Logger::Level, char const*, __va_list_tag*)
	3: Logger.cc:493	  opencog::Logger::Error::operator()(char const*, ...)
	4: exceptions.cc:55	  opencog::StandardException::parse_error_message(char const*, __va_list_tag*, bool)
	5: exceptions.cc:82	  opencog::StandardException::parse_error_message(char const*, char const*, __va_list_tag*, bool)
	6: exceptions.cc:150	  opencog::RuntimeException::RuntimeException(char const*, char const*, ...)
	7: SchemeEval.cc:926	  opencog::SchemeEval::eval_v(std::__cxx11::basic_string<char, std::char_traits<char>, std::allocator<char> > const&)
	8: SchemeEval.h:174	  opencog::SchemeEval::eval_tv(std::__cxx11::basic_string<char, std::char_traits<char>, std::allocator<char> > const&)
	9: RealDescriptions.cpp:125	  CxxTest::RealTestDescription::run()
	10: TestRunner.h:104	  CxxTest::TestRunner::runTest(CxxTest::TestDescription&)
	11: OpenPsiSCMUTest.cpp:20	main()
	12: [0x211c1] ??() ??:0
	13: [0xe16a] ??() ??:0

In OpenPsiSCMUTest::test_psi_satisfiable__predicate:
/home/opencog/opencog/tests/openpsi/OpenPsiSCMUTest.cxxtest:133: Error: Test failed: Backtrace:
In ice-9/boot-9.scm:
 160: 12 [catch #t #<catch-closure 556cc11b7c80> ...]
In unknown file:
   ?: 11 [apply-smob/1 #<catch-closure 556cc11b7c80>]
In ice-9/boot-9.scm:
 160: 10 [catch #t #<catch-closure 556cc11b7b60> ...]
In unknown file:
   ?: 9 [apply-smob/1 #<catch-closure 556cc11b7b60>]
   ?: 8 [call-with-input-string "(psi-satisfiable? (rule-1))" ...]
In ice-9/boot-9.scm:
2404: 7 [save-module-excursion #<procedure 556cc109b660 at ice-9/eval-string.scm:65:9 ()>]
In ice-9/eval-string.scm:
  44: 6 [read-and-eval #<input: string 556cc10648f0> #:lang ...]
  37: 5 [lp (psi-satisfiable? (rule-1))]
In ice-9/eval.scm:
 386: 4 [eval #<memoized (psi-satisfiable? (rule-1))> ()]
 393: 3 [eval #<memoized psi-satisfiable?> ()]
In unknown file:
   ?: 2 [memoize-variable-access! # #]
In ice-9/boot-9.scm:
 105: 1 [#<procedure 556cc1191f00 at ice-9/boot-9.scm:100:6 (thrown-k . args)> unbound-variable ...]
In unknown file:
   ?: 0 [apply-smob/1 #<catch-closure 556cc11b7b20> unbound-variable ...]

ERROR: In procedure apply-smob/1:
ERROR: Unbound variable: psi-satisfiable?
ABORT: unbound-variable
 (/home/opencog/atomspace/opencog/guile/SchemeEval.cc:926)
[2018-01-25 16:09:40:690] [INFO] BEGIN TEST: test_psi_select_rules
[2018-01-25 16:09:40:693] [ERROR] Backtrace:
In ice-9/boot-9.scm:
 160: 10 [catch #t #<catch-closure 556cc11b7d00> ...]
In unknown file:
   ?: 9 [apply-smob/1 #<catch-closure 556cc11b7d00>]
In ice-9/boot-9.scm:
 160: 8 [catch #t #<catch-closure 556cc11b7bc0> ...]
In unknown file:
   ?: 7 [apply-smob/1 #<catch-closure 556cc11b7bc0>]
   ?: 6 [call-with-input-string "(rule-1)" ...]
In ice-9/boot-9.scm:
2404: 5 [save-module-excursion #<procedure 556cc109bba0 at ice-9/eval-string.scm:65:9 ()>]
In ice-9/eval-string.scm:
  44: 4 [read-and-eval #<input: string 556cc1064820> #:lang ...]
  37: 3 [lp (rule-1)]
In /home/opencog/opencog/tests/openpsi/rules.scm:
  54: 2 [rule-1]
In ice-9/boot-9.scm:
 105: 1 [#<procedure 556cc1191ec0 at ice-9/boot-9.scm:100:6 (thrown-k . args)> unbound-variable ...]
In unknown file:
   ?: 0 [apply-smob/1 #<catch-closure 556cc11b7b60> unbound-variable ...]

ERROR: In procedure apply-smob/1:
ERROR: In procedure module-lookup: Unbound variable: psi-rule
ABORT: unbound-variable
 (/home/opencog/atomspace/opencog/guile/SchemeEval.cc:926)
	Stack Trace:
	2: Logger.cc:481	  opencog::Logger::logva(opencog::Logger::Level, char const*, __va_list_tag*)
	3: Logger.cc:493	  opencog::Logger::Error::operator()(char const*, ...)
	4: exceptions.cc:55	  opencog::StandardException::parse_error_message(char const*, __va_list_tag*, bool)
	5: exceptions.cc:82	  opencog::StandardException::parse_error_message(char const*, char const*, __va_list_tag*, bool)
	6: exceptions.cc:150	  opencog::RuntimeException::RuntimeException(char const*, char const*, ...)
	7: SchemeEval.cc:926	  opencog::SchemeEval::eval_v(std::__cxx11::basic_string<char, std::char_traits<char>, std::allocator<char> > const&)
	8: SchemeEval.h:170	  opencog::SchemeEval::eval_h(std::__cxx11::basic_string<char, std::char_traits<char>, std::allocator<char> > const&)
	9: RealDescriptions.cpp:125	  CxxTest::RealTestDescription::run()
	10: TestRunner.h:104	  CxxTest::TestRunner::runTest(CxxTest::TestDescription&)
	11: OpenPsiSCMUTest.cpp:20	main()
	12: [0x211c1] ??() ??:0
	13: [0xe16a] ??() ??:0

In OpenPsiSCMUTest::test_psi_select_rules:
/home/opencog/opencog/tests/openpsi/OpenPsiSCMUTest.cxxtest:195: Error: Test failed: Backtrace:
In ice-9/boot-9.scm:
 160: 10 [catch #t #<catch-closure 556cc11b7d00> ...]
In unknown file:
   ?: 9 [apply-smob/1 #<catch-closure 556cc11b7d00>]
In ice-9/boot-9.scm:
 160: 8 [catch #t #<catch-closure 556cc11b7bc0> ...]
In unknown file:
   ?: 7 [apply-smob/1 #<catch-closure 556cc11b7bc0>]
   ?: 6 [call-with-input-string "(rule-1)" ...]
In ice-9/boot-9.scm:
2404: 5 [save-module-excursion #<procedure 556cc109bba0 at ice-9/eval-string.scm:65:9 ()>]
In ice-9/eval-string.scm:
  44: 4 [read-and-eval #<input: string 556cc1064820> #:lang ...]
  37: 3 [lp (rule-1)]
In /home/opencog/opencog/tests/openpsi/rules.scm:
  54: 2 [rule-1]
In ice-9/boot-9.scm:
 105: 1 [#<procedure 556cc1191ec0 at ice-9/boot-9.scm:100:6 (thrown-k . args)> unbound-variable ...]
In unknown file:
   ?: 0 [apply-smob/1 #<catch-closure 556cc11b7b60> unbound-variable ...]

ERROR: In procedure apply-smob/1:
ERROR: In procedure module-lookup: Unbound variable: psi-rule
ABORT: unbound-variable
 (/home/opencog/atomspace/opencog/guile/SchemeEval.cc:926)
[2018-01-25 16:09:40:823] [INFO] BEGIN TEST: test_psi_get_satisfiable_rules
[2018-01-25 16:09:40:827] [ERROR] Backtrace:
In ice-9/boot-9.scm:
 160: 10 [catch #t #<catch-closure 556cc11b7b60> ...]
In unknown file:
   ?: 9 [apply-smob/1 #<catch-closure 556cc11b7b60>]
In ice-9/boot-9.scm:
 160: 8 [catch #t #<catch-closure 556cc11b7a40> ...]
In unknown file:
   ?: 7 [apply-smob/1 #<catch-closure 556cc11b7a40>]
   ?: 6 [call-with-input-string "(rule-1) (rule-2) (rule-3)" ...]
In ice-9/boot-9.scm:
2404: 5 [save-module-excursion #<procedure 556cc109b8d0 at ice-9/eval-string.scm:65:9 ()>]
In ice-9/eval-string.scm:
  44: 4 [read-and-eval #<input: string 556cc10649c0> #:lang ...]
  37: 3 [lp (rule-1)]
In /home/opencog/opencog/tests/openpsi/rules.scm:
  54: 2 [rule-1]
In ice-9/boot-9.scm:
 105: 1 [#<procedure 556cc1191a00 at ice-9/boot-9.scm:100:6 (thrown-k . args)> unbound-variable ...]
In unknown file:
   ?: 0 [apply-smob/1 #<catch-closure 556cc11b7a00> unbound-variable ...]

ERROR: In procedure apply-smob/1:
ERROR: In procedure module-lookup: Unbound variable: psi-rule
ABORT: unbound-variable
 (/home/opencog/atomspace/opencog/guile/SchemeEval.cc:926)
	Stack Trace:
	2: Logger.cc:481	  opencog::Logger::logva(opencog::Logger::Level, char const*, __va_list_tag*)
	3: Logger.cc:493	  opencog::Logger::Error::operator()(char const*, ...)
	4: exceptions.cc:55	  opencog::StandardException::parse_error_message(char const*, __va_list_tag*, bool)
	5: exceptions.cc:82	  opencog::StandardException::parse_error_message(char const*, char const*, __va_list_tag*, bool)
	6: exceptions.cc:150	  opencog::RuntimeException::RuntimeException(char const*, char const*, ...)
	7: SchemeEval.cc:926	  opencog::SchemeEval::eval_v(std::__cxx11::basic_string<char, std::char_traits<char>, std::allocator<char> > const&)
	8: SchemeEval.h:170	  opencog::SchemeEval::eval_h(std::__cxx11::basic_string<char, std::char_traits<char>, std::allocator<char> > const&)
	9: RealDescriptions.cpp:125	  CxxTest::RealTestDescription::run()
	10: TestRunner.h:104	  CxxTest::TestRunner::runTest(CxxTest::TestDescription&)
	11: OpenPsiSCMUTest.cpp:20	main()
	12: [0x211c1] ??() ??:0
	13: [0xe16a] ??() ??:0

In OpenPsiSCMUTest::test_psi_get_satisfiable_rules:
/home/opencog/opencog/tests/openpsi/OpenPsiSCMUTest.cxxtest:267: Error: Test failed: Backtrace:
In ice-9/boot-9.scm:
 160: 10 [catch #t #<catch-closure 556cc11b7b60> ...]
In unknown file:
   ?: 9 [apply-smob/1 #<catch-closure 556cc11b7b60>]
In ice-9/boot-9.scm:
 160: 8 [catch #t #<catch-closure 556cc11b7a40> ...]
In unknown file:
   ?: 7 [apply-smob/1 #<catch-closure 556cc11b7a40>]
   ?: 6 [call-with-input-string "(rule-1) (rule-2) (rule-3)" ...]
In ice-9/boot-9.scm:
2404: 5 [save-module-excursion #<procedure 556cc109b8d0 at ice-9/eval-string.scm:65:9 ()>]
In ice-9/eval-string.scm:
  44: 4 [read-and-eval #<input: string 556cc10649c0> #:lang ...]
  37: 3 [lp (rule-1)]
In /home/opencog/opencog/tests/openpsi/rules.scm:
  54: 2 [rule-1]
In ice-9/boot-9.scm:
 105: 1 [#<procedure 556cc1191a00 at ice-9/boot-9.scm:100:6 (thrown-k . args)> unbound-variable ...]
In unknown file:
   ?: 0 [apply-smob/1 #<catch-closure 556cc11b7a00> unbound-variable ...]

ERROR: In procedure apply-smob/1:
ERROR: In procedure module-lookup: Unbound variable: psi-rule
ABORT: unbound-variable
 (/home/opencog/atomspace/opencog/guile/SchemeEval.cc:926)
[2018-01-25 16:09:41:004] [INFO] BEGIN TEST: test_psi_step_1
In OpenPsiSCMUTest::test_psi_step_1:
/home/opencog/opencog/build/tests/openpsi/../../../tests/openpsi/OpenPsiSCMUTest.cxxtest:322: Error: Test failed: Caught scm error during eval
/home/opencog/opencog/build/tests/openpsi/../../../tests/openpsi/OpenPsiSCMUTest.cxxtest:322: Error: Assertion failed: (false == _scm->eval_error())
/home/opencog/opencog/build/tests/openpsi/../../../tests/openpsi/OpenPsiSCMUTest.cxxtest:328: Error: Test failed: Caught scm error during eval
/home/opencog/opencog/build/tests/openpsi/../../../tests/openpsi/OpenPsiSCMUTest.cxxtest:328: Error: Assertion failed: (false == _scm->eval_error())
/home/opencog/opencog/build/tests/openpsi/../../../tests/openpsi/OpenPsiSCMUTest.cxxtest:344: Error: Test failed: Caught scm error during eval
/home/opencog/opencog/build/tests/openpsi/../../../tests/openpsi/OpenPsiSCMUTest.cxxtest:344: Error: Assertion failed: (false == _scm->eval_error())
/home/opencog/opencog/build/tests/openpsi/../../../tests/openpsi/OpenPsiSCMUTest.cxxtest:349: Error: Expected ("#t\n" == result_2_1), found (#t
 != "#f\n")
/home/opencog/opencog/build/tests/openpsi/../../../tests/openpsi/OpenPsiSCMUTest.cxxtest:361: Error: Test failed: Caught scm error during eval
/home/opencog/opencog/build/tests/openpsi/../../../tests/openpsi/OpenPsiSCMUTest.cxxtest:361: Error: Assertion failed: (false == _scm->eval_error())
/home/opencog/opencog/build/tests/openpsi/../../../tests/openpsi/OpenPsiSCMUTest.cxxtest:366: Error: Expected ("#t\n" == result_3_1), found (#t
 != "#f\n")
/home/opencog/opencog/build/tests/openpsi/../../../tests/openpsi/OpenPsiSCMUTest.cxxtest:371: Error: Expected ("#t\n" == result_3_2), found (#t
 != "#f\n")
[2018-01-25 16:09:41:019] [INFO] END TEST: test_psi_step_1
[2018-01-25 16:09:41:021] [INFO] BEGIN TEST: test_psi_run_and_psi_halt
In OpenPsiSCMUTest::test_psi_run_and_psi_halt:
/home/opencog/opencog/build/tests/openpsi/../../../tests/openpsi/OpenPsiSCMUTest.cxxtest:383: Error: Test failed: Caught scm error during eval
/home/opencog/opencog/build/tests/openpsi/../../../tests/openpsi/OpenPsiSCMUTest.cxxtest:383: Error: Assertion failed: (false == _scm->eval_error())
/home/opencog/opencog/build/tests/openpsi/../../../tests/openpsi/OpenPsiSCMUTest.cxxtest:385: Error: Test failed: Caught scm error during eval
/home/opencog/opencog/build/tests/openpsi/../../../tests/openpsi/OpenPsiSCMUTest.cxxtest:385: Error: Assertion failed: (false == _scm->eval_error())
/home/opencog/opencog/build/tests/openpsi/../../../tests/openpsi/OpenPsiSCMUTest.cxxtest:389: Error: Test failed: Caught scm error during eval
/home/opencog/opencog/build/tests/openpsi/../../../tests/openpsi/OpenPsiSCMUTest.cxxtest:389: Error: Assertion failed: (false == _scm->eval_error())
/home/opencog/opencog/build/tests/openpsi/../../../tests/openpsi/OpenPsiSCMUTest.cxxtest:390: Error: Expected ("#t\n" == result_1), found (#t
 != "Backtrace:\nIn ice-9/boot-9.scm:\n 160: 10 [catch #t #<catch-closure 556cc10f2820> ...]\nIn unknown file:\n   ?: 9 [apply-smob/1 #<catch-closure 556cc10f2820>]\nIn ice-9/boot-9.scm:\n 160: 8 [catch #t #<catch-closure 556cc10f2400> ...]\nIn unknown file:\n   ?: 7 [apply-smob/1 #<catch-closure 556cc10f2400>]\n   ?: 6 [call-with-input-string \"(test-psi-run)\" ...]\nIn ice-9/boot-9.scm:\n2404: 5 [save-module-excursion #<procedure 556cc107ad50 at ice-9/eval-string.scm:65:9 ()>]\nIn ice-9/eval-string.scm:\n  44: 4 [read-and-eval #<input: string 556cc1064270> #:lang ...]\n  37: 3 [lp (test-psi-run)]\nIn /home/opencog/opencog/tests/openpsi/rules.scm:\n 206: 2 [test-psi-run]\nIn ice-9/boot-9.scm:\n 105: 1 [#<procedure 556cc1186f80 at ice-9/boot-9.scm:100:6 (thrown-k . args)> unbound-variable ...]\nIn unknown file:\n   ?: 0 [apply-smob/1 #<catch-closure 556cc10f23a0> unbound-variable ...]\n\nERROR: In procedure apply-smob/1:\nERROR: In procedure module-lookup: Unbound variable: psi-run\nABORT: unbound-variable\n")
/home/opencog/opencog/build/tests/openpsi/../../../tests/openpsi/OpenPsiSCMUTest.cxxtest:393: Error: Test failed: Caught scm error during eval
/home/opencog/opencog/build/tests/openpsi/../../../tests/openpsi/OpenPsiSCMUTest.cxxtest:393: Error: Assertion failed: (false == _scm->eval_error())
/home/opencog/opencog/build/tests/openpsi/../../../tests/openpsi/OpenPsiSCMUTest.cxxtest:394: Error: Expected ("#t\n" == result_2), found (#t
 != "Backtrace:\nIn ice-9/boot-9.scm:\n 160: 10 [catch #t #<catch-closure 556cc0de7fc0> ...]\nIn unknown file:\n   ?: 9 [apply-smob/1 #<catch-closure 556cc0de7fc0>]\nIn ice-9/boot-9.scm:\n 160: 8 [catch #t #<catch-closure 556cc0de7820> ...]\nIn unknown file:\n   ?: 7 [apply-smob/1 #<catch-closure 556cc0de7820>]\n   ?: 6 [call-with-input-string \"(test-psi-halt)\" ...]\nIn ice-9/boot-9.scm:\n2404: 5 [save-module-excursion #<procedure 556cc11964b0 at ice-9/eval-string.scm:65:9 ()>]\nIn ice-9/eval-string.scm:\n  44: 4 [read-and-eval #<input: string 556cc11214e0> #:lang ...]\n  37: 3 [lp (test-psi-halt)]\nIn /home/opencog/opencog/tests/openpsi/rules.scm:\n 229: 2 [test-psi-halt]\nIn ice-9/boot-9.scm:\n 105: 1 [#<procedure 556cc0eff100 at ice-9/boot-9.scm:100:6 (thrown-k . args)> unbound-variable ...]\nIn unknown file:\n   ?: 0 [apply-smob/1 #<catch-closure 556cc0de7560> unbound-variable ...]\n\nERROR: In procedure apply-smob/1:\nERROR: In procedure module-lookup: Unbound variable: psi-halt\nABORT: unbound-variable\n")
/home/opencog/opencog/build/tests/openpsi/../../../tests/openpsi/OpenPsiSCMUTest.cxxtest:397: Error: Test failed: Caught scm error during eval
/home/opencog/opencog/build/tests/openpsi/../../../tests/openpsi/OpenPsiSCMUTest.cxxtest:397: Error: Assertion failed: (false == _scm->eval_error())
/home/opencog/opencog/build/tests/openpsi/../../../tests/openpsi/OpenPsiSCMUTest.cxxtest:398: Error: Expected ("#t\n" == result_1), found (#t
 != "Backtrace:\nIn ice-9/boot-9.scm:\n 160: 10 [catch #t #<catch-closure 556cc10f2820> ...]\nIn unknown file:\n   ?: 9 [apply-smob/1 #<catch-closure 556cc10f2820>]\nIn ice-9/boot-9.scm:\n 160: 8 [catch #t #<catch-closure 556cc10f2400> ...]\nIn unknown file:\n   ?: 7 [apply-smob/1 #<catch-closure 556cc10f2400>]\n   ?: 6 [call-with-input-string \"(test-psi-run)\" ...]\nIn ice-9/boot-9.scm:\n2404: 5 [save-module-excursion #<procedure 556cc107ad50 at ice-9/eval-string.scm:65:9 ()>]\nIn ice-9/eval-string.scm:\n  44: 4 [read-and-eval #<input: string 556cc1064270> #:lang ...]\n  37: 3 [lp (test-psi-run)]\nIn /home/opencog/opencog/tests/openpsi/rules.scm:\n 206: 2 [test-psi-run]\nIn ice-9/boot-9.scm:\n 105: 1 [#<procedure 556cc1186f80 at ice-9/boot-9.scm:100:6 (thrown-k . args)> unbound-variable ...]\nIn unknown file:\n   ?: 0 [apply-smob/1 #<catch-closure 556cc10f23a0> unbound-variable ...]\n\nERROR: In procedure apply-smob/1:\nERROR: In procedure module-lookup: Unbound variable: psi-run\nABORT: unbound-variable\n")
/home/opencog/opencog/build/tests/openpsi/../../../tests/openpsi/OpenPsiSCMUTest.cxxtest:401: Error: Test failed: Caught scm error during eval
/home/opencog/opencog/build/tests/openpsi/../../../tests/openpsi/OpenPsiSCMUTest.cxxtest:401: Error: Assertion failed: (false == _scm->eval_error())
/home/opencog/opencog/build/tests/openpsi/../../../tests/openpsi/OpenPsiSCMUTest.cxxtest:402: Error: Expected ("#t\n" == result_2), found (#t
 != "Backtrace:\nIn ice-9/boot-9.scm:\n 160: 10 [catch #t #<catch-closure 556cc0de7fc0> ...]\nIn unknown file:\n   ?: 9 [apply-smob/1 #<catch-closure 556cc0de7fc0>]\nIn ice-9/boot-9.scm:\n 160: 8 [catch #t #<catch-closure 556cc0de7820> ...]\nIn unknown file:\n   ?: 7 [apply-smob/1 #<catch-closure 556cc0de7820>]\n   ?: 6 [call-with-input-string \"(test-psi-halt)\" ...]\nIn ice-9/boot-9.scm:\n2404: 5 [save-module-excursion #<procedure 556cc11964b0 at ice-9/eval-string.scm:65:9 ()>]\nIn ice-9/eval-string.scm:\n  44: 4 [read-and-eval #<input: string 556cc11214e0> #:lang ...]\n  37: 3 [lp (test-psi-halt)]\nIn /home/opencog/opencog/tests/openpsi/rules.scm:\n 229: 2 [test-psi-halt]\nIn ice-9/boot-9.scm:\n 105: 1 [#<procedure 556cc0eff100 at ice-9/boot-9.scm:100:6 (thrown-k . args)> unbound-variable ...]\nIn unknown file:\n   ?: 0 [apply-smob/1 #<catch-closure 556cc0de7560> unbound-variable ...]\n\nERROR: In procedure apply-smob/1:\nERROR: In procedure module-lookup: Unbound variable: psi-halt\nABORT: unbound-variable\n")
[2018-01-25 16:09:41:046] [INFO] END TEST: test_psi_run_and_psi_halt
Failed 8 and Skipped 0 of 8 tests
Success rate: 0%

      Start 11: PythonModuleUTest
11/17 Test #11: PythonModuleUTest ................   Passed    0.45 sec
      Start 12: PyEvalUTest
12/17 Test #12: PyEvalUTest ......................   Passed    0.19 sec
      Start 13: DimEmbedUTest
13/17 Test #13: DimEmbedUTest ....................   Passed    0.18 sec
      Start 14: StatisticsUTest
14/17 Test #14: StatisticsUTest ..................   Passed    0.05 sec
      Start 15: PatternMinerUTest
15/17 Test #15: PatternMinerUTest ................   Passed    0.20 sec
      Start 16: PatternIndexAPIUTest
16/17 Test #16: PatternIndexAPIUTest .............   Passed    4.62 sec
      Start 17: XPatternMinerUTest
17/17 Test #17: XPatternMinerUTest ...............   Passed    1.98 sec

65% tests passed, 6 tests failed out of 17

Total Test time (real) = 139.26 sec

The following tests FAILED:
	  2 - AtomSpacePublisherModuleUTest (OTHER_FAULT)
	  6 - MOSESPLNSynergyUTest (Failed)
	  7 - PLNRulesUTest (Failed)
	  8 - OpenPsiRulesUTest (Failed)
	  9 - OpenPsiImplicatorUTest (Failed)
	 10 - OpenPsiSCMUTest (Failed)
Errors while running CTest
CMakeFiles/test.dir/build.make:57: recipe for target 'CMakeFiles/test' failed
CMakeFiles/Makefile2:99: recipe for target 'CMakeFiles/test.dir/all' failed
make[3]: *** [CMakeFiles/test] Error 8
make[2]: *** [CMakeFiles/test.dir/all] Error 2
make[1]: *** [CMakeFiles/test.dir/rule] Error 2
make: *** [test] Error 2
CMakeFiles/Makefile2:106: recipe for target 'CMakeFiles/test.dir/rule' failed
Makefile:199: recipe for target 'test' failed
+ DSTATUS=TESTFAIL
+ /var/lib/jenkins/status/updateStatus TESTFAIL /var/lib/jenkins/jobs/OpenCOG_U1710_Opencog/builds/5/log OpenCOG_U1710_Opencog
Already up-to-date.
~/status/jobs ~/status
