Started by user [8mha:////4L2jTPWu9zIb56dnp8RqVObesKKV2DVGI0jJXlam1DqAAAAAlx+LCAAAAAAAAP9b85aBtbiIQTGjNKU4P08vOT+vOD8nVc83PyU1x6OyILUoJzMv2y+/JJUBAhiZGBgqihhk0NSjKDWzXb3RdlLBUSYGJk8GtpzUvPSSDB8G5tKinBIGIZ+sxLJE/ZzEvHT94JKizLx0a6BxUmjGOUNodHsLgAzWEgZu/dLi1CL9xJTczDwAj6GcLcAAAAA=[0madmin
Building in workspace /var/lib/jenkins/workspace/OpenCOG_U1404_AtomSpace
[OpenCOG_U1404_AtomSpace] $ /bin/sh -xe /tmp/jenkins698128609251377375.sh
+ COGDIR=../OpenCOG_U1404
+ . ../OpenCOG_U1404/build.docker/docker.env
+ CID=21a900345afff74247732c641905b070a313b86fdbafb4422b581b0dc7976f25
+ DKRUNROOT=docker exec --user root   21a900345afff74247732c641905b070a313b86fdbafb4422b581b0dc7976f25
+ DKRUNUSER=docker exec --user jenkins  21a900345afff74247732c641905b070a313b86fdbafb4422b581b0dc7976f25
+ UID=125
+ GID=132
+ LOGFILE=/var/lib/jenkins/jobs/OpenCOG_U1404_AtomSpace/builds/85/log
+ cat


**********************************************************
**********************************************************
**********************************************************
**********************************************************
*****                                                *****
*****                  Atomspace TEST                *****
*****                                                *****
**********************************************************
**********************************************************
**********************************************************
**********************************************************


+ echo GIT_COMMIT=
GIT_COMMIT=
+ echo GIT_BRANCH=
GIT_BRANCH=
+ echo GIT_URL=
GIT_URL=
+ WDIR=atomspace
+ JOBDIR=../OpenCOG_U1404/dependencies
+ cat
+ chmod +x ../OpenCOG_U1404/dependencies/job1
+ docker exec --user jenkins 21a900345afff74247732c641905b070a313b86fdbafb4422b581b0dc7976f25 bash dependencies/job1
/home/opencog
+ pwd
+ cd atomspace
+ cd build
+ make -j8 test
[  1%] Built target opencog_atom_types
[  3%] Built target truthvalue
[  5%] Built target atombase
[  8%] [  9%] Built target atomutils
Built target attentionbank
[ 17%] Built target atomcore
[ 19%] [ 20%] Built target clearbox
Built target atomspace
[ 20%] [ 20%] [ 20%] [ 20%] [ 20%] [ 21%] Generating AttentionValueUTest.cpp
Generating DefineLinkUTest.cpp
Generating EvidenceCountTruthValueUTest.cpp
Generating TVMergeUTest.cpp
Generating SimpleTruthValueUTest.cpp
Generating BetaReduceUTest.cpp
[ 25%] [ 25%] Built target lambda
Built target atomspaceutils
[ 25%] Generating VariablesUTest.cpp
[ 26%] Built target atomspace_cython
Scanning dependencies of target SimpleTruthValueUTest
Scanning dependencies of target EvidenceCountTruthValueUTest
Scanning dependencies of target AttentionValueUTest
Scanning dependencies of target DefineLinkUTest
Scanning dependencies of target BetaReduceUTest
Scanning dependencies of target TVMergeUTest
[ 27%] [ 27%] [ 27%] [ 27%] [ 27%] [ 27%] Building CXX object tests/truthvalue/CMakeFiles/SimpleTruthValueUTest.dir/SimpleTruthValueUTest.cpp.o
Scanning dependencies of target VariablesUTest
Building CXX object tests/atoms/CMakeFiles/BetaReduceUTest.dir/BetaReduceUTest.cpp.o
Building CXX object tests/truthvalue/CMakeFiles/TVMergeUTest.dir/TVMergeUTest.cpp.o
Building CXX object tests/truthvalue/CMakeFiles/EvidenceCountTruthValueUTest.dir/EvidenceCountTruthValueUTest.cpp.o
Building CXX object tests/truthvalue/CMakeFiles/AttentionValueUTest.dir/AttentionValueUTest.cpp.o
Building CXX object tests/atoms/CMakeFiles/DefineLinkUTest.dir/DefineLinkUTest.cpp.o
[ 27%] Building CXX object tests/atoms/CMakeFiles/VariablesUTest.dir/VariablesUTest.cpp.o
[ 31%] Built target smob
[ 31%] Built target unify
[ 31%] Generating AtomTableUTest.cpp
Scanning dependencies of target AtomTableUTest
[ 31%] Building CXX object tests/atomspace/CMakeFiles/AtomTableUTest.dir/AtomTableUTest.cpp.o
Linking CXX executable EvidenceCountTruthValueUTest
Linking CXX executable SimpleTruthValueUTest
[ 31%] Built target EvidenceCountTruthValueUTest
[ 31%] Generating ClassServerUTest.cpp
[ 31%] Built target SimpleTruthValueUTest
[ 31%] Generating AtomUTest.cpp
Scanning dependencies of target ClassServerUTest
[ 31%] Building CXX object tests/atomspace/CMakeFiles/ClassServerUTest.dir/ClassServerUTest.cpp.o
Scanning dependencies of target AtomUTest
[ 32%] Building CXX object tests/atomspace/CMakeFiles/AtomUTest.dir/AtomUTest.cpp.o
Linking CXX executable TVMergeUTest
[ 32%] Built target TVMergeUTest
[ 32%] Generating NodeUTest.cpp
Scanning dependencies of target NodeUTest
[ 32%] Building CXX object tests/atomspace/CMakeFiles/NodeUTest.dir/NodeUTest.cpp.o
Linking CXX executable DefineLinkUTest
Linking CXX executable VariablesUTest
[ 32%] Built target DefineLinkUTest
[ 32%] Generating LinkUTest.cpp
[ 32%] Built target VariablesUTest
[ 32%] Scanning dependencies of target LinkUTest
Generating TLBUTest.cpp
[ 32%] Linking CXX executable BetaReduceUTest
Building CXX object tests/atomspace/CMakeFiles/LinkUTest.dir/LinkUTest.cpp.o
Scanning dependencies of target TLBUTest
[ 32%] Building CXX object tests/atomspace/CMakeFiles/TLBUTest.dir/TLBUTest.cpp.o
[ 32%] Built target BetaReduceUTest
[ 32%] Generating AtomSpaceUTest.cpp
Linking CXX executable AtomTableUTest
Scanning dependencies of target AtomSpaceUTest
[ 32%] Building CXX object tests/atomspace/CMakeFiles/AtomSpaceUTest.dir/AtomSpaceUTest.cpp.o
[ 32%] Built target AtomTableUTest
[ 32%] Generating AtomSpaceImplUTest.cpp
Scanning dependencies of target AtomSpaceImplUTest
[ 33%] Building CXX object tests/atomspace/CMakeFiles/AtomSpaceImplUTest.dir/AtomSpaceImplUTest.cpp.o
Linking CXX executable AttentionValueUTest
[ 33%] Built target AttentionValueUTest
[ 33%] Generating AtomSpaceAsyncUTest.cpp
Scanning dependencies of target AtomSpaceAsyncUTest
[ 33%] Building CXX object tests/atomspace/CMakeFiles/AtomSpaceAsyncUTest.dir/AtomSpaceAsyncUTest.cpp.o
Linking CXX executable ClassServerUTest
[ 33%] Built target ClassServerUTest
[ 33%] Generating UseCountUTest.cpp
Scanning dependencies of target UseCountUTest
[ 33%] Building CXX object tests/atomspace/CMakeFiles/UseCountUTest.dir/UseCountUTest.cpp.o
Linking CXX executable NodeUTest
[ 33%] Built target NodeUTest
[ 33%] Generating MultiSpaceUTest.cpp
Scanning dependencies of target MultiSpaceUTest
[ 33%] Building CXX object tests/atomspace/CMakeFiles/MultiSpaceUTest.dir/MultiSpaceUTest.cpp.o
Linking CXX executable AtomUTest
Linking CXX executable LinkUTest
[ 33%] Built target AtomUTest
[ 33%] Generating RemoveUTest.cpp
[ 33%] Built target LinkUTest
[ 33%] Scanning dependencies of target RemoveUTest
[ 33%] Generating ThreadSafeHandleMapUTest.cpp
Building CXX object tests/atomspace/CMakeFiles/RemoveUTest.dir/RemoveUTest.cpp.o
Linking CXX executable TLBUTest
Scanning dependencies of target ThreadSafeHandleMapUTest
[ 33%] Building CXX object tests/atomspace/CMakeFiles/ThreadSafeHandleMapUTest.dir/ThreadSafeHandleMapUTest.cpp.o
[ 33%] Built target TLBUTest
[ 33%] Generating FreeLinkUTest.cpp
Scanning dependencies of target FreeLinkUTest
[ 33%] Building CXX object tests/atoms/CMakeFiles/FreeLinkUTest.dir/FreeLinkUTest.cpp.o
Linking CXX executable UseCountUTest
[ 33%] Built target UseCountUTest
[ 33%] Generating RewriteLinkUTest.cpp
Scanning dependencies of target RewriteLinkUTest
[ 34%] Building CXX object tests/atoms/CMakeFiles/RewriteLinkUTest.dir/RewriteLinkUTest.cpp.o
Linking CXX executable AtomSpaceAsyncUTest
[ 34%] Built target AtomSpaceAsyncUTest
[ 34%] Linking CXX executable FreeLinkUTest
Generating ScopeLinkUTest.cpp
Linking CXX executable ThreadSafeHandleMapUTest
[ 34%] Built target FreeLinkUTest
Scanning dependencies of target ScopeLinkUTest
[ 34%] [ 34%] Generating AlphaConvertUTest.cpp
Building CXX object tests/atoms/CMakeFiles/ScopeLinkUTest.dir/ScopeLinkUTest.cpp.o
[ 34%] Built target ThreadSafeHandleMapUTest
Scanning dependencies of target AlphaConvertUTest
[ 34%] [ 34%] Generating AtomUtilsUTest.cpp
Building CXX object tests/atoms/CMakeFiles/AlphaConvertUTest.dir/AlphaConvertUTest.cpp.o
Scanning dependencies of target AtomUtilsUTest
[ 34%] Building CXX object tests/atomutils/CMakeFiles/AtomUtilsUTest.dir/AtomUtilsUTest.cpp.o
Linking CXX executable AtomSpaceImplUTest
[ 34%] Built target AtomSpaceImplUTest
[ 34%] Generating FindUtilsUTest.cpp
Scanning dependencies of target FindUtilsUTest
[ 34%] Building CXX object tests/atomutils/CMakeFiles/FindUtilsUTest.dir/FindUtilsUTest.cpp.o
Linking CXX executable MultiSpaceUTest
[ 34%] Built target MultiSpaceUTest
[ 35%] Generating FuzzyUTest.cpp
Scanning dependencies of target FuzzyUTest
[ 35%] Building CXX object tests/atomutils/CMakeFiles/FuzzyUTest.dir/FuzzyUTest.cpp.o
Linking CXX executable RemoveUTest
[ 35%] Built target RemoveUTest
[ 35%] Generating NeighborUTest.cpp
Scanning dependencies of target NeighborUTest
[ 36%] Building CXX object tests/atomutils/CMakeFiles/NeighborUTest.dir/NeighborUTest.cpp.o
Linking CXX executable AtomSpaceUTest
[ 36%] Built target AtomSpaceUTest
[ 37%] Generating UnifyUTest.cpp
Scanning dependencies of target UnifyUTest
[ 37%] Building CXX object tests/unify/CMakeFiles/UnifyUTest.dir/UnifyUTest.cpp.o
Linking CXX executable RewriteLinkUTest
[ 37%] Built target RewriteLinkUTest
[ 37%] Generating AtomSpaceUtilsUTest.cpp
Scanning dependencies of target AtomSpaceUtilsUTest
[ 39%] Building CXX object tests/atomspaceutils/CMakeFiles/AtomSpaceUtilsUTest.dir/AtomSpaceUtilsUTest.cpp.o
Linking CXX executable ScopeLinkUTest
Linking CXX executable AtomUtilsUTest
[ 39%] Built target ScopeLinkUTest
[ 39%] Generating AttentionUTest.cpp
Linking CXX executable AlphaConvertUTest
Scanning dependencies of target AttentionUTest
[ 40%] [ 40%] Building CXX object tests/attentionbank/CMakeFiles/AttentionUTest.dir/AttentionUTest.cpp.o
Built target AtomUtilsUTest
[ 41%] Built target PythonEval
[ 41%] Built target AlphaConvertUTest
Linking CXX executable FindUtilsUTest
[ 43%] Built target query
[ 45%] Built target execution
[ 47%] Generating MapLinkUTest.cpp
[ 47%] Built target FindUtilsUTest
[ 51%] [ 51%] Built target ruleengine
Scanning dependencies of target MapLinkUTest
Generating ParallelUTest.cpp
[ 51%] Generating RandomUTest.cpp
[ 51%] Building CXX object tests/atoms/CMakeFiles/MapLinkUTest.dir/MapLinkUTest.cpp.o
Scanning dependencies of target ParallelUTest
[ 52%] Scanning dependencies of target RandomUTest
Building CXX object tests/atoms/CMakeFiles/ParallelUTest.dir/ParallelUTest.cpp.o
[ 54%] Building CXX object tests/atoms/CMakeFiles/RandomUTest.dir/RandomUTest.cpp.o
Linking CXX executable FuzzyUTest
[ 54%] Built target FuzzyUTest
[ 54%] Generating ReductUTest.cpp
Scanning dependencies of target ReductUTest
[ 55%] Building CXX object tests/atoms/CMakeFiles/ReductUTest.dir/ReductUTest.cpp.o
Linking CXX executable NeighborUTest
[ 55%] Built target NeighborUTest
[ 55%] Generating PutLinkUTest.cpp
Scanning dependencies of target PutLinkUTest
[ 55%] Building CXX object tests/atoms/CMakeFiles/PutLinkUTest.dir/PutLinkUTest.cpp.o
Linking CXX executable AtomSpaceUtilsUTest
[ 55%] Built target AtomSpaceUtilsUTest
[ 55%] Generating QuotationUTest.cpp
Scanning dependencies of target QuotationUTest
[ 56%] Building CXX object tests/atoms/CMakeFiles/QuotationUTest.dir/QuotationUTest.cpp.o
Linking CXX executable AttentionUTest
[ 56%] Built target AttentionUTest
[ 56%] Generating DeleteLinkUTest.cpp
Scanning dependencies of target DeleteLinkUTest
[ 56%] Building CXX object tests/atoms/CMakeFiles/DeleteLinkUTest.dir/DeleteLinkUTest.cpp.o
Linking CXX executable ParallelUTest
Linking CXX executable RandomUTest
[ 56%] Built target ParallelUTest
[ 56%] [ 56%] Built target RandomUTest
Generating EqualLinkUTest.cpp
[ 56%] Generating StateLinkUTest.cpp
Scanning dependencies of target StateLinkUTest
Scanning dependencies of target EqualLinkUTest
[ 56%] [ 57%] Building CXX object tests/atoms/CMakeFiles/StateLinkUTest.dir/StateLinkUTest.cpp.o
Building CXX object tests/atoms/CMakeFiles/EqualLinkUTest.dir/EqualLinkUTest.cpp.o
Linking CXX executable MapLinkUTest
[ 57%] Built target MapLinkUTest
[ 57%] Generating BasicSCMUTest.cpp
Scanning dependencies of target BasicSCMUTest
[ 57%] Building CXX object tests/scm/CMakeFiles/BasicSCMUTest.dir/BasicSCMUTest.cpp.o
Linking CXX executable ReductUTest
[ 57%] Built target ReductUTest
[ 57%] Generating SCMPrimitiveUTest.cpp
Scanning dependencies of target SCMPrimitiveUTest
[ 57%] Building CXX object tests/scm/CMakeFiles/SCMPrimitiveUTest.dir/SCMPrimitiveUTest.cpp.o
Linking CXX executable QuotationUTest
[ 57%] Built target QuotationUTest
[ 58%] Generating MultiAtomSpaceUTest.cpp
Scanning dependencies of target MultiAtomSpaceUTest
[ 58%] Building CXX object tests/scm/CMakeFiles/MultiAtomSpaceUTest.dir/MultiAtomSpaceUTest.cpp.o
Linking CXX executable DeleteLinkUTest
[ 58%] Built target DeleteLinkUTest
[ 59%] Generating MultiThreadUTest.cpp
Scanning dependencies of target MultiThreadUTest
[ 59%] Building CXX object tests/scm/CMakeFiles/MultiThreadUTest.dir/MultiThreadUTest.cpp.o
Linking CXX executable EqualLinkUTest
[ 59%] Built target EqualLinkUTest
[ 59%] Generating SCMUtilsUTest.cpp
Scanning dependencies of target SCMUtilsUTest
[ 60%] Building CXX object tests/scm/CMakeFiles/SCMUtilsUTest.dir/SCMUtilsUTest.cpp.o
Linking CXX executable StateLinkUTest
[ 60%] Built target StateLinkUTest
Linking CXX executable SCMPrimitiveUTest
[ 60%] Generating SCMExecutionOutputUTest.cpp
Scanning dependencies of target SCMExecutionOutputUTest
[ 60%] Built target SCMPrimitiveUTest
[ 62%] [ 62%] Building CXX object tests/scm/CMakeFiles/SCMExecutionOutputUTest.dir/SCMExecutionOutputUTest.cpp.o
Generating PatternUTest.cpp
Scanning dependencies of target PatternUTest
[ 63%] Building CXX object tests/query/CMakeFiles/PatternUTest.dir/PatternUTest.cpp.o
Linking CXX executable BasicSCMUTest
[ 63%] Built target BasicSCMUTest
[ 63%] Generating StackUTest.cpp
Scanning dependencies of target StackUTest
[ 63%] Building CXX object tests/query/CMakeFiles/StackUTest.dir/StackUTest.cpp.o
Linking CXX executable PutLinkUTest
[ 63%] Built target PutLinkUTest
[ 63%] Generating BigPatternUTest.cpp
Scanning dependencies of target BigPatternUTest
[ 64%] Building CXX object tests/query/CMakeFiles/BigPatternUTest.dir/BigPatternUTest.cpp.o
Linking CXX executable MultiThreadUTest
[ 64%] Built target MultiThreadUTest
[ 64%] Generating BiggerPatternUTest.cpp
Scanning dependencies of target BiggerPatternUTest
[ 64%] Building CXX object tests/query/CMakeFiles/BiggerPatternUTest.dir/BiggerPatternUTest.cpp.o
Linking CXX executable UnifyUTest
Linking CXX executable SCMUtilsUTest
[ 64%] Built target SCMUtilsUTest
[ 64%] Built target UnifyUTest
[ 64%] [ 64%] Generating LoopPatternUTest.cpp
Generating BooleanUTest.cpp
Scanning dependencies of target BooleanUTest
Scanning dependencies of target LoopPatternUTest
[ 64%] [ 64%] Building CXX object tests/query/CMakeFiles/BooleanUTest.dir/BooleanUTest.cpp.o
Building CXX object tests/query/CMakeFiles/LoopPatternUTest.dir/LoopPatternUTest.cpp.o
Linking CXX executable MultiAtomSpaceUTest
[ 64%] Built target MultiAtomSpaceUTest
[ 64%] Generating Boolean2NotUTest.cpp
Scanning dependencies of target Boolean2NotUTest
[ 65%] Building CXX object tests/query/CMakeFiles/Boolean2NotUTest.dir/Boolean2NotUTest.cpp.o
Linking CXX executable StackUTest
[ 65%] Built target StackUTest
Linking CXX executable SCMExecutionOutputUTest
[ 66%] Generating ConstantClausesUTest.cpp
Scanning dependencies of target ConstantClausesUTest
[ 66%] Building CXX object tests/query/CMakeFiles/ConstantClausesUTest.dir/ConstantClausesUTest.cpp.o
[ 66%] Built target SCMExecutionOutputUTest
[ 66%] Generating PatternCrashUTest.cpp
Scanning dependencies of target PatternCrashUTest
[ 66%] Building CXX object tests/query/CMakeFiles/PatternCrashUTest.dir/PatternCrashUTest.cpp.o
Linking CXX executable PatternUTest
Linking CXX executable BigPatternUTest
[ 66%] Built target PatternUTest
[ 67%] Generating DisconnectedUTest.cpp
Scanning dependencies of target DisconnectedUTest
[ 67%] [ 67%] Built target BigPatternUTest
[ 68%] Building CXX object tests/query/CMakeFiles/DisconnectedUTest.dir/DisconnectedUTest.cpp.o
Generating ImplicationUTest.cpp
Scanning dependencies of target ImplicationUTest
[ 68%] Building CXX object tests/query/CMakeFiles/ImplicationUTest.dir/ImplicationUTest.cpp.o
Linking CXX executable LoopPatternUTest
[ 68%] Built target LoopPatternUTest
[ 70%] Generating ExecutionOutputUTest.cpp
Scanning dependencies of target ExecutionOutputUTest
[ 70%] Building CXX object tests/query/CMakeFiles/ExecutionOutputUTest.dir/ExecutionOutputUTest.cpp.o
Linking CXX executable BooleanUTest
[ 70%] Built target BooleanUTest
[ 70%] Generating BuggyStackUTest.cpp
Scanning dependencies of target BuggyStackUTest
[ 71%] Building CXX object tests/query/CMakeFiles/BuggyStackUTest.dir/BuggyStackUTest.cpp.o
Linking CXX executable BiggerPatternUTest
[ 71%] Built target BiggerPatternUTest
[ 72%] Generating VarTypeNotUTest.cpp
Scanning dependencies of target VarTypeNotUTest
[ 72%] Building CXX object tests/query/CMakeFiles/VarTypeNotUTest.dir/VarTypeNotUTest.cpp.o
Linking CXX executable Boolean2NotUTest
[ 72%] Built target Boolean2NotUTest
[ 72%] Generating BuggyNotUTest.cpp
Scanning dependencies of target BuggyNotUTest
[ 72%] Building CXX object tests/query/CMakeFiles/BuggyNotUTest.dir/BuggyNotUTest.cpp.o
Linking CXX executable ConstantClausesUTest
[ 72%] Built target ConstantClausesUTest
[ 72%] Generating MatchLinkUTest.cpp
Scanning dependencies of target MatchLinkUTest
Linking CXX executable PatternCrashUTest
[ 72%] Building CXX object tests/query/CMakeFiles/MatchLinkUTest.dir/MatchLinkUTest.cpp.o
Linking CXX executable DisconnectedUTest
[ 72%] Built target PatternCrashUTest
[ 72%] Generating UnorderedUTest.cpp
[ 72%] Built target DisconnectedUTest
[ 72%] Generating StackMoreUTest.cpp
Scanning dependencies of target UnorderedUTest
[ 72%] Building CXX object tests/query/CMakeFiles/UnorderedUTest.dir/UnorderedUTest.cpp.o
Scanning dependencies of target StackMoreUTest
[ 73%] Building CXX object tests/query/CMakeFiles/StackMoreUTest.dir/StackMoreUTest.cpp.o
Linking CXX executable ImplicationUTest
[ 73%] Built target ImplicationUTest
[ 73%] Generating GlobUTest.cpp
Linking CXX executable BuggyStackUTest
Scanning dependencies of target GlobUTest
[ 73%] Building CXX object tests/query/CMakeFiles/GlobUTest.dir/GlobUTest.cpp.o
[ 73%] Built target BuggyStackUTest
[ 73%] Generating RecognizerUTest.cpp
Scanning dependencies of target RecognizerUTest
[ 73%] Building CXX object tests/query/CMakeFiles/RecognizerUTest.dir/RecognizerUTest.cpp.o
Linking CXX executable VarTypeNotUTest
[ 73%] Built target VarTypeNotUTest
[ 73%] Generating ArcanaUTest.cpp
Scanning dependencies of target ArcanaUTest
[ 74%] Building CXX object tests/query/CMakeFiles/ArcanaUTest.dir/ArcanaUTest.cpp.o
Linking CXX executable ExecutionOutputUTest
Linking CXX executable BuggyNotUTest
[ 74%] Built target BuggyNotUTest
[ 74%] Built target ExecutionOutputUTest
[ 74%] [ 74%] Generating SubstitutionUTest.cpp
Generating GetLinkUTest.cpp
Scanning dependencies of target GetLinkUTest
Scanning dependencies of target SubstitutionUTest
[ 74%] [ 74%] Building CXX object tests/query/CMakeFiles/SubstitutionUTest.dir/SubstitutionUTest.cpp.o
Building CXX object tests/query/CMakeFiles/GetLinkUTest.dir/GetLinkUTest.cpp.o
Linking CXX executable MatchLinkUTest
[ 74%] Built target MatchLinkUTest
Linking CXX executable StackMoreUTest
[ 75%] Generating GetStateUTest.cpp
Scanning dependencies of target GetStateUTest
[ 75%] Building CXX object tests/query/CMakeFiles/GetStateUTest.dir/GetStateUTest.cpp.o
[ 75%] Built target StackMoreUTest
[ 77%] Generating DeepTypeUTest.cpp
Linking CXX executable UnorderedUTest
Scanning dependencies of target DeepTypeUTest
[ 77%] Building CXX object tests/query/CMakeFiles/DeepTypeUTest.dir/DeepTypeUTest.cpp.o
[ 77%] Built target UnorderedUTest
[ 77%] Generating GreaterThanUTest.cpp
Scanning dependencies of target GreaterThanUTest
[ 77%] Building CXX object tests/query/CMakeFiles/GreaterThanUTest.dir/GreaterThanUTest.cpp.o
Linking CXX executable RecognizerUTest
Linking CXX executable GlobUTest
[ 77%] Built target RecognizerUTest
[ 78%] Generating GreaterComputeUTest.cpp
[ 78%] Built target GlobUTest
Scanning dependencies of target GreaterComputeUTest
[ 78%] Generating SequenceUTest.cpp
[ 78%] Building CXX object tests/query/CMakeFiles/GreaterComputeUTest.dir/GreaterComputeUTest.cpp.o
Scanning dependencies of target SequenceUTest
[ 78%] Building CXX object tests/query/CMakeFiles/SequenceUTest.dir/SequenceUTest.cpp.o
Linking CXX executable ArcanaUTest
[ 78%] Built target ArcanaUTest
[ 79%] Generating EvaluationUTest.cpp
Scanning dependencies of target EvaluationUTest
[ 79%] Building CXX object tests/query/CMakeFiles/EvaluationUTest.dir/EvaluationUTest.cpp.o
Linking CXX executable SubstitutionUTest
[ 79%] Built target SubstitutionUTest
[ 79%] Linking CXX executable GetLinkUTest
Generating DontExecUTest.cpp
Scanning dependencies of target DontExecUTest
[ 79%] Building CXX object tests/query/CMakeFiles/DontExecUTest.dir/DontExecUTest.cpp.o
[ 79%] Built target GetLinkUTest
[ 79%] Generating QuoteUTest.cpp
Scanning dependencies of target QuoteUTest
[ 79%] Building CXX object tests/query/CMakeFiles/QuoteUTest.dir/QuoteUTest.cpp.o
Linking CXX executable GetStateUTest
[ 79%] Built target GetStateUTest
[ 80%] Generating UnquoteUTest.cpp
Linking CXX executable GreaterThanUTest
Scanning dependencies of target UnquoteUTest
[ 80%] Building CXX object tests/query/CMakeFiles/UnquoteUTest.dir/UnquoteUTest.cpp.o
[ 80%] Built target GreaterThanUTest
Linking CXX executable DeepTypeUTest
[ 81%] Generating LocalQuoteUTest.cpp
Scanning dependencies of target LocalQuoteUTest
[ 81%] Building CXX object tests/query/CMakeFiles/LocalQuoteUTest.dir/LocalQuoteUTest.cpp.o
[ 81%] Built target DeepTypeUTest
[ 81%] Generating BuggyLinkUTest.cpp
Scanning dependencies of target BuggyLinkUTest
[ 82%] Building CXX object tests/query/CMakeFiles/BuggyLinkUTest.dir/BuggyLinkUTest.cpp.o
Linking CXX executable GreaterComputeUTest
[ 82%] Built target GreaterComputeUTest
[ 82%] Generating BuggyQuoteUTest.cpp
Scanning dependencies of target BuggyQuoteUTest
[ 83%] Building CXX object tests/query/CMakeFiles/BuggyQuoteUTest.dir/BuggyQuoteUTest.cpp.o
Linking CXX executable SequenceUTest
[ 83%] Built target SequenceUTest
[ 83%] Generating BuggyEqualUTest.cpp
Scanning dependencies of target BuggyEqualUTest
[ 83%] Building CXX object tests/query/CMakeFiles/BuggyEqualUTest.dir/BuggyEqualUTest.cpp.o
Linking CXX executable EvaluationUTest
[ 83%] Built target EvaluationUTest
[ 83%] Generating BuggySelfGroundUTest.cpp
Scanning dependencies of target BuggySelfGroundUTest
[ 83%] Building CXX object tests/query/CMakeFiles/BuggySelfGroundUTest.dir/BuggySelfGroundUTest.cpp.o
Linking CXX executable DontExecUTest
Linking CXX executable QuoteUTest
[ 83%] Built target DontExecUTest
[ 83%] [ 83%] Generating BuggyBindLinkUTest.cpp
Built target QuoteUTest
[ 83%] Generating ChoiceLinkUTest.cpp
Scanning dependencies of target BuggyBindLinkUTest
[ 85%] Building CXX object tests/query/CMakeFiles/BuggyBindLinkUTest.dir/BuggyBindLinkUTest.cpp.o
Scanning dependencies of target ChoiceLinkUTest
[ 86%] Building CXX object tests/query/CMakeFiles/ChoiceLinkUTest.dir/ChoiceLinkUTest.cpp.o
Linking CXX executable BuggyLinkUTest
Linking CXX executable UnquoteUTest
[ 86%] Built target BuggyLinkUTest
[ 87%] Generating DefineUTest.cpp
[ 87%] Built target UnquoteUTest
[ 88%] Scanning dependencies of target DefineUTest
Generating FiniteStateMachineUTest.cpp
[ 88%] Building CXX object tests/query/CMakeFiles/DefineUTest.dir/DefineUTest.cpp.o
Linking CXX executable LocalQuoteUTest
Scanning dependencies of target FiniteStateMachineUTest
[ 88%] Building CXX object tests/query/CMakeFiles/FiniteStateMachineUTest.dir/FiniteStateMachineUTest.cpp.o
[ 88%] Built target LocalQuoteUTest
[ 88%] Generating AbsentUTest.cpp
Scanning dependencies of target AbsentUTest
[ 88%] Building CXX object tests/query/CMakeFiles/AbsentUTest.dir/AbsentUTest.cpp.o
Linking CXX executable BuggyQuoteUTest
[ 88%] Built target BuggyQuoteUTest
[ 88%] Generating SingleUTest.cpp
Scanning dependencies of target SingleUTest
[ 88%] Building CXX object tests/query/CMakeFiles/SingleUTest.dir/SingleUTest.cpp.o
Linking CXX executable BuggyEqualUTest
[ 88%] Built target BuggyEqualUTest
[ 88%] Generating ScopeUTest.cpp
Scanning dependencies of target ScopeUTest
[ 89%] Building CXX object tests/query/CMakeFiles/ScopeUTest.dir/ScopeUTest.cpp.o
Linking CXX executable BuggySelfGroundUTest
[ 89%] Built target BuggySelfGroundUTest
[ 89%] Generating NestedPutUTest.cpp
Scanning dependencies of target NestedPutUTest
[ 89%] Building CXX object tests/query/CMakeFiles/NestedPutUTest.dir/NestedPutUTest.cpp.o
Linking CXX executable BuggyBindLinkUTest
[ 89%] Built target BuggyBindLinkUTest
[ 89%] Generating FirstNUTest.cpp
Scanning dependencies of target FirstNUTest
[ 89%] Building CXX object tests/query/CMakeFiles/FirstNUTest.dir/FirstNUTest.cpp.o
Linking CXX executable ChoiceLinkUTest
[ 89%] Built target ChoiceLinkUTest
[ 89%] Generating AttentionalFocusCBUTest.cpp
Scanning dependencies of target AttentionalFocusCBUTest
[ 90%] Building CXX object tests/query/CMakeFiles/AttentionalFocusCBUTest.dir/AttentionalFocusCBUTest.cpp.o
Linking CXX executable DefineUTest
[ 90%] Built target DefineUTest
[ 90%] Generating SudokuUTest.cpp
Scanning dependencies of target SudokuUTest
[ 91%] Building CXX object tests/query/CMakeFiles/SudokuUTest.dir/SudokuUTest.cpp.o
Linking CXX executable FiniteStateMachineUTest
[ 91%] Built target FiniteStateMachineUTest
[ 93%] Generating EinsteinUTest.cpp
Linking CXX executable SingleUTest
Scanning dependencies of target EinsteinUTest
[ 93%] Building CXX object tests/query/CMakeFiles/EinsteinUTest.dir/EinsteinUTest.cpp.o
[ 93%] Built target SingleUTest
[ 94%] Generating TypeChoiceUTest.cpp
Scanning dependencies of target TypeChoiceUTest
[ 94%] Building CXX object tests/query/CMakeFiles/TypeChoiceUTest.dir/TypeChoiceUTest.cpp.o
Linking CXX executable AbsentUTest
[ 94%] Built target AbsentUTest
[ 94%] Generating NoExceptionUTest.cpp
Scanning dependencies of target NoExceptionUTest
[ 95%] Building CXX object tests/query/CMakeFiles/NoExceptionUTest.dir/NoExceptionUTest.cpp.o
Linking CXX executable ScopeUTest
Linking CXX executable NestedPutUTest
[ 95%] Built target ScopeUTest
[ 96%] Generating ForwardChainerUTest.cpp
Scanning dependencies of target ForwardChainerUTest
[ 96%] Building CXX object tests/rule-engine/forwardchainer/CMakeFiles/ForwardChainerUTest.dir/ForwardChainerUTest.cpp.o
[ 96%] Built target NestedPutUTest
[ 96%] Generating BetaDistributionUTest.cpp
Scanning dependencies of target BetaDistributionUTest
[ 97%] Building CXX object tests/rule-engine/backwardchainer/CMakeFiles/BetaDistributionUTest.dir/BetaDistributionUTest.cpp.o
Linking CXX executable FirstNUTest
Linking CXX executable AttentionalFocusCBUTest
[ 97%] Built target FirstNUTest
[ 97%] Generating BackwardChainerUTest.cpp
[ 97%] Built target AttentionalFocusCBUTest
Scanning dependencies of target BackwardChainerUTest
[ 98%] [ 98%] Building CXX object tests/rule-engine/backwardchainer/CMakeFiles/BackwardChainerUTest.dir/BackwardChainerUTest.cpp.o
Generating ActionSelectionUTest.cpp
Scanning dependencies of target ActionSelectionUTest
[100%] Building CXX object tests/rule-engine/backwardchainer/CMakeFiles/ActionSelectionUTest.dir/ActionSelectionUTest.cpp.o
Linking CXX executable SudokuUTest
[100%] Built target SudokuUTest
[100%] Generating ControlPolicyUTest.cpp
Scanning dependencies of target ControlPolicyUTest
[100%] Building CXX object tests/rule-engine/backwardchainer/CMakeFiles/ControlPolicyUTest.dir/ControlPolicyUTest.cpp.o
Linking CXX executable EinsteinUTest
Linking CXX executable NoExceptionUTest
[100%] Built target EinsteinUTest
[100%] Generating BITUTest.cpp
[100%] Built target NoExceptionUTest
[100%] Generating ChainerUtilsUTest.cpp
Scanning dependencies of target BITUTest
[100%] Building CXX object tests/rule-engine/backwardchainer/CMakeFiles/BITUTest.dir/BITUTest.cpp.o
Scanning dependencies of target ChainerUtilsUTest
[100%] Building CXX object tests/rule-engine/CMakeFiles/ChainerUtilsUTest.dir/ChainerUtilsUTest.cpp.o
Linking CXX executable TypeChoiceUTest
[100%] Built target TypeChoiceUTest
[100%] Generating UREConfigUTest.cpp
Scanning dependencies of target UREConfigUTest
[100%] Building CXX object tests/rule-engine/CMakeFiles/UREConfigUTest.dir/UREConfigUTest.cpp.o
Linking CXX executable ForwardChainerUTest
Linking CXX executable BetaDistributionUTest
[100%] Built target BetaDistributionUTest
[100%] [100%] Built target ForwardChainerUTest
Generating RuleUTest.cpp
Scanning dependencies of target RuleUTest
[100%] Building CXX object tests/rule-engine/CMakeFiles/RuleUTest.dir/RuleUTest.cpp.o
Linking CXX executable ActionSelectionUTest
[100%] Built target ActionSelectionUTest
Linking CXX executable ControlPolicyUTest
[100%] Built target ControlPolicyUTest
Linking CXX executable ChainerUtilsUTest
Linking CXX executable UREConfigUTest
[100%] Built target ChainerUtilsUTest
[100%] Built target UREConfigUTest
Linking CXX executable BackwardChainerUTest
[100%] Built target BackwardChainerUTest
Linking CXX executable BITUTest
[100%] Built target BITUTest
Linking CXX executable RuleUTest
[100%] Built target RuleUTest
Scanning dependencies of target tests
[100%] Built target tests
Scanning dependencies of target test
[100%] Running tests...
Test project /home/opencog/atomspace/build/tests
        Start   1: SimpleTruthValueUTest
  1/106 Test   #1: SimpleTruthValueUTest ............   Passed    0.00 sec
        Start   2: EvidenceCountTruthValueUTest
  2/106 Test   #2: EvidenceCountTruthValueUTest .....   Passed    0.00 sec
        Start   3: TVMergeUTest
  3/106 Test   #3: TVMergeUTest .....................   Passed    0.00 sec
        Start   4: AttentionValueUTest
  4/106 Test   #4: AttentionValueUTest ..............   Passed    0.01 sec
        Start   5: AtomTableUTest
  5/106 Test   #5: AtomTableUTest ...................   Passed    9.15 sec
        Start   6: ClassServerUTest
  6/106 Test   #6: ClassServerUTest .................   Passed    0.00 sec
        Start   7: AtomUTest
  7/106 Test   #7: AtomUTest ........................   Passed    0.00 sec
        Start   8: NodeUTest
  8/106 Test   #8: NodeUTest ........................   Passed    0.00 sec
        Start   9: LinkUTest
  9/106 Test   #9: LinkUTest ........................   Passed    0.00 sec
        Start  10: TLBUTest
 10/106 Test  #10: TLBUTest .........................   Passed    0.00 sec
        Start  11: AtomSpaceUTest
 11/106 Test  #11: AtomSpaceUTest ...................   Passed    0.01 sec
        Start  12: AtomSpaceImplUTest
 12/106 Test  #12: AtomSpaceImplUTest ...............   Passed    0.01 sec
        Start  13: AtomSpaceAsyncUTest
 13/106 Test  #13: AtomSpaceAsyncUTest ..............   Passed    5.47 sec
        Start  14: UseCountUTest
 14/106 Test  #14: UseCountUTest ....................   Passed    3.98 sec
        Start  15: MultiSpaceUTest
 15/106 Test  #15: MultiSpaceUTest ..................   Passed    0.02 sec
        Start  16: RemoveUTest
 16/106 Test  #16: RemoveUTest ......................   Passed    0.02 sec
        Start  17: ThreadSafeHandleMapUTest
 17/106 Test  #17: ThreadSafeHandleMapUTest .........   Passed    0.44 sec
        Start  18: FreeLinkUTest
 18/106 Test  #18: FreeLinkUTest ....................   Passed    0.24 sec
        Start  19: MapLinkUTest
 19/106 Test  #19: MapLinkUTest .....................   Passed    2.18 sec
        Start  20: ParallelUTest
 20/106 Test  #20: ParallelUTest ....................   Passed   11.44 sec
        Start  21: RandomUTest
 21/106 Test  #21: RandomUTest ......................   Passed    0.89 sec
        Start  22: ReductUTest
 22/106 Test  #22: ReductUTest ......................   Passed    0.25 sec
        Start  23: RewriteLinkUTest
 23/106 Test  #23: RewriteLinkUTest .................   Passed    0.42 sec
        Start  24: ScopeLinkUTest
 24/106 Test  #24: ScopeLinkUTest ...................   Passed    1.44 sec
        Start  25: PutLinkUTest
 25/106 Test  #25: PutLinkUTest .....................***Exception: Other288.98 sec
Running cxxtest tests (33 tests)[INFO] BEGIN TEST: test_define
Expecting (InheritanceLink
  (ConceptNode "aaa") ; [4384425084700280793][1]
  (ConceptNode "bbb") ; [5166476881475404762][1]
) ; [12076660841821787941][1]

Got (InheritanceLink
  (ConceptNode "aaa") ; [4384425084700280793][1]
  (ConceptNode "bbb") ; [5166476881475404762][1]
) ; [12076660841821787941][1]

[INFO] END TEST: test_define
.[INFO] BEGIN TEST: test_filtering
Filtered (SetLink
  (ConceptNode "bar") ; [504633373843076611][1]
  (ConceptNode "foo") ; [4235085640780534410][1]
) ; [12162720096398207011][1]

[INFO] END TEST: test_filtering
.[INFO] BEGIN TEST: test_function
Expecting (NumberNode "4.000000") ; [6913877931517679692][1]

Got (NumberNode "4.000000") ; [6913877931517679692][1]

Expecting (NumberNode "2.000000") ; [3343537862719216753][1]

Got (NumberNode "2.000000") ; [3343537862719216753][1]

Expecting (NumberNode "13.000000") ; [1431893801208906060][1]

Got (NumberNode "13.000000") ; [1431893801208906060][1]

Expecting (NumberNode "12.000000") ; [8947441112530458191][1]

Got (NumberNode "12.000000") ; [8947441112530458191][1]

Expecting (SetLink
  (NumberNode "256.000000") ; [266837806517967200][1]
  (NumberNode "1.000000") ; [2263765880434911869][1]
  (NumberNode "4.000000") ; [6913877931517679692][1]
  (NumberNode "27.000000") ; [6988539844932745500][1]
) ; [11687191490536241851][1]

Got (SetLink
  (NumberNode "256.000000") ; [266837806517967200][1]
  (NumberNode "1.000000") ; [2263765880434911869][1]
  (NumberNode "4.000000") ; [6913877931517679692][1]
  (NumberNode "27.000000") ; [6988539844932745500][1]
) ; [11687191490536241851][1]

[INFO] END TEST: test_function
.[INFO] BEGIN TEST: test_lambda
Expecting (InheritanceLink
  (ConceptNode "coyote") ; [3070754720162888584][1]
  (ConceptNode "animal") ; [4997524230749066760][1]
) ; [14673446345635386082][1]

Got (InheritanceLink
  (ConceptNode "coyote") ; [3070754720162888584][1]
  (ConceptNode "animal") ; [4997524230749066760][1]
) ; [14673446345635386082][1]

[INFO] END TEST: test_lambda
.[INFO] BEGIN TEST: test_lambda_partial_substitution
Expecting (InheritanceLink
  (VariableNode "$y") ; [4273000531317964280][1]
  (ConceptNode "animal") ; [4997524230749066760][1]
) ; [17454069966333780818][1]

Got (InheritanceLink
  (VariableNode "$y") ; [4273000531317964280][1]
  (ConceptNode "animal") ; [4997524230749066760][1]
) ; [17454069966333780818][1]

[INFO] END TEST: test_lambda_partial_substitution
.[INFO] BEGIN TEST: test_eta
Expecting (LambdaLink
  (VariableNode "$w") ; [2581343387104925621][1]
  (InheritanceLink
    (VariableNode "$w") ; [2581343387104925621][1]
    (ConceptNode "animal") ; [4997524230749066760][1]
  ) ; [16969616428432159919][1]
) ; [14451950905063400909][1]

Got (LambdaLink
  (VariableNode "$w") ; [2581343387104925621][1]
  (InheritanceLink
    (VariableNode "$w") ; [2581343387104925621][1]
    (ConceptNode "animal") ; [4997524230749066760][1]
  ) ; [16969616428432159919][1]
) ; [14451950905063400909][1]

[INFO] END TEST: test_eta
.[INFO] BEGIN TEST: test_alpha
Expecting (LambdaLink
  (VariableNode "$w") ; [2581343387104925621][1]
  (InheritanceLink
    (VariableNode "$w") ; [2581343387104925621][1]
    (ConceptNode "animal") ; [4997524230749066760][1]
  ) ; [16969616428432159919][1]
) ; [14451950905063400909][1]

Got (LambdaLink
  (VariableNode "$w") ; [2581343387104925621][1]
  (InheritanceLink
    (VariableNode "$w") ; [2581343387104925621][1]
    (ConceptNode "animal") ; [4997524230749066760][1]
  ) ; [16969616428432159919][1]
) ; [14451950905063400909][1]

[INFO] END TEST: test_alpha
.[INFO] BEGIN TEST: test_compose
Expecting (LambdaLink
  (VariableList
    (VariableNode "$x") ; [788125471084508634][1]
    (VariableNode "$y") ; [4273000531317964280][1]
  ) ; [12773133642893162665][1]
  (EvaluationLink
    (PredicateNode "P") ; [2213889286841575705][1]
    (InheritanceLink
      (VariableNode "$x") ; [788125471084508634][1]
      (VariableNode "$y") ; [4273000531317964280][1]
    ) ; [12409133721455951716][1]
  ) ; [13385556155964047436][1]
) ; [18102432006973795375][1]

Got (LambdaLink
  (VariableList
    (VariableNode "$x") ; [788125471084508634][1]
    (VariableNode "$y") ; [4273000531317964280][1]
  ) ; [12773133642893162665][1]
  (EvaluationLink
    (PredicateNode "P") ; [2213889286841575705][1]
    (InheritanceLink
      (VariableNode "$x") ; [788125471084508634][1]
      (VariableNode "$y") ; [4273000531317964280][1]
    ) ; [12409133721455951716][1]
  ) ; [13385556155964047436][1]
) ; [18102432006973795375][1]

[INFO] END TEST: test_compose
.[INFO] BEGIN TEST: test_inject_compose
Expecting (LambdaLink
  (VariableList
    (VariableNode "X") ; [826781153247613690][1]
    (VariableNode "Y") ; [9114358455313774359][1]
    (VariableNode "Z") ; [3659396628043333053][1]
  ) ; [18291101778585636261][1]
  (AndLink
    (InheritanceLink
      (VariableNode "X") ; [826781153247613690][1]
      (VariableNode "Y") ; [9114358455313774359][1]
    ) ; [9302757119979452835][1]
    (InheritanceLink
      (VariableNode "Y") ; [9114358455313774359][1]
      (VariableNode "Z") ; [3659396628043333053][1]
    ) ; [9860057192103815174][1]
  ) ; [13207764778092578963][1]
) ; [9760952925148445356][1]

Got (LambdaLink
  (VariableList
    (VariableNode "X") ; [826781153247613690][1]
    (VariableNode "Y") ; [9114358455313774359][1]
    (VariableNode "Z") ; [3659396628043333053][1]
  ) ; [18291101778585636261][1]
  (AndLink
    (InheritanceLink
      (VariableNode "X") ; [826781153247613690][1]
      (VariableNode "Y") ; [9114358455313774359][1]
    ) ; [9302757119979452835][1]
    (InheritanceLink
      (VariableNode "Y") ; [9114358455313774359][1]
      (VariableNode "Z") ; [3659396628043333053][1]
    ) ; [9860057192103815174][1]
  ) ; [13207764778092578963][1]
) ; [9760952925148445356][1]

[INFO] END TEST: test_inject_compose
.[INFO] BEGIN TEST: test_simple_alpha
Expecting (LambdaLink
  (VariableList
    (VariableNode "X") ; [826781153247613690][1]
    (VariableNode "Y") ; [9114358455313774359][1]
    (VariableNode "Z") ; [3659396628043333053][1]
  ) ; [18291101778585636261][1]
  (AndLink
    (InheritanceLink
      (VariableNode "X") ; [826781153247613690][1]
      (VariableNode "Y") ; [9114358455313774359][1]
    ) ; [9302757119979452835][1]
    (InheritanceLink
      (VariableNode "Y") ; [9114358455313774359][1]
      (VariableNode "Z") ; [3659396628043333053][1]
    ) ; [9860057192103815174][1]
  ) ; [13207764778092578963][1]
) ; [9760952925148445356][1]

Got (LambdaLink
  (VariableList
    (VariableNode "X") ; [826781153247613690][1]
    (VariableNode "Y") ; [9114358455313774359][1]
    (VariableNode "Z") ; [3659396628043333053][1]
  ) ; [18291101778585636261][1]
  (AndLink
    (InheritanceLink
      (VariableNode "X") ; [826781153247613690][1]
      (VariableNode "Y") ; [9114358455313774359][1]
    ) ; [9302757119979452835][1]
    (InheritanceLink
      (VariableNode "Y") ; [9114358455313774359][1]
      (VariableNode "Z") ; [3659396628043333053][1]
    ) ; [9860057192103815174][1]
  ) ; [13207764778092578963][1]
) ; [9760952925148445356][1]

[INFO] END TEST: test_simple_alpha
.[INFO] BEGIN TEST: test_simple_replace
Expecting (AndLink
  (InheritanceLink
    (ConceptNode "A") ; [6977206836600634430][1]
    (ConceptNode "B") ; [241327676611018844][1]
  ) ; [9702961117976089772][1]
  (InheritanceLink
    (ConceptNode "B") ; [241327676611018844][1]
    (ConceptNode "C") ; [4439025256676433202][1]
  ) ; [12977575302898809184][1]
) ; [11085270749067040278][1]

Got (AndLink
  (InheritanceLink
    (ConceptNode "A") ; [6977206836600634430][1]
    (ConceptNode "B") ; [241327676611018844][1]
  ) ; [9702961117976089772][1]
  (InheritanceLink
    (ConceptNode "B") ; [241327676611018844][1]
    (ConceptNode "C") ; [4439025256676433202][1]
  ) ; [12977575302898809184][1]
) ; [11085270749067040278][1]

[INFO] END TEST: test_simple_replace
.[INFO] BEGIN TEST: test_typed_compose
Expecting (LambdaLink
  (VariableList
    (TypedVariableLink
      (VariableNode "$x") ; [788125471084508634][1]
      (TypeNode "ConceptNode") ; [3788696113922021255][1]
    ) ; [13419144771012769429][1]
    (TypedVariableLink
      (VariableNode "$y") ; [4273000531317964280][1]
      (TypeNode "ConceptNode") ; [3788696113922021255][1]
    ) ; [17739557316459496051][1]
  ) ; [9564841593492837695][1]
  (EvaluationLink
    (PredicateNode "P") ; [2213889286841575705][1]
    (InheritanceLink
      (VariableNode "$x") ; [788125471084508634][1]
      (VariableNode "$y") ; [4273000531317964280][1]
    ) ; [12409133721455951716][1]
  ) ; [13385556155964047436][1]
) ; [18102432007527351631][1]

Got (LambdaLink
  (VariableList
    (TypedVariableLink
      (VariableNode "$x") ; [788125471084508634][1]
      (TypeNode "ConceptNode") ; [3788696113922021255][1]
    ) ; [13419144771012769429][1]
    (TypedVariableLink
      (VariableNode "$y") ; [4273000531317964280][1]
      (TypeNode "ConceptNode") ; [3788696113922021255][1]
    ) ; [17739557316459496051][1]
  ) ; [9564841593492837695][1]
  (EvaluationLink
    (PredicateNode "P") ; [2213889286841575705][1]
    (InheritanceLink
      (VariableNode "$x") ; [788125471084508634][1]
      (VariableNode "$y") ; [4273000531317964280][1]
    ) ; [12409133721455951716][1]
  ) ; [13385556155964047436][1]
) ; [18102432007527351631][1]

Expecting throw, got 1
[INFO] END TEST: test_typed_compose
.[INFO] BEGIN TEST: test_ident_compose
Expecting (LambdaLink
  (VariableList
    (VariableNode "$x") ; [788125471084508634][1]
    (VariableNode "$x-6c74a409") ; [3229985466286905912][1]
    (VariableNode "$y") ; [4273000531317964280][1]
    (VariableNode "$z") ; [2382362736815119778][1]
  ) ; [13993032002308165059][1]
  (EvaluationLink
    (VariableNode "$x") ; [788125471084508634][1]
    (InheritanceLink
      (VariableNode "$y") ; [4273000531317964280][1]
      (VariableNode "$z") ; [2382362736815119778][1]
    ) ; [14838908472399833836][1]
  ) ; [14881985171198595253][1]
) ; [9914216050516209196][1]

Got (LambdaLink
  (VariableList
    (VariableNode "$x") ; [788125471084508634][1]
    (VariableNode "$x-6c74a409") ; [3229985466286905912][1]
    (VariableNode "$y") ; [4273000531317964280][1]
    (VariableNode "$z") ; [2382362736815119778][1]
  ) ; [13993032002308165059][1]
  (EvaluationLink
    (VariableNode "$x") ; [788125471084508634][1]
    (InheritanceLink
      (VariableNode "$y") ; [4273000531317964280][1]
      (VariableNode "$z") ; [2382362736815119778][1]
    ) ; [14838908472399833836][1]
  ) ; [14881985171198595253][1]
) ; [9914216050516209196][1]

[INFO] END TEST: test_ident_compose
.[INFO] BEGIN TEST: test_again_compose_ident
[INFO] BEGIN TEST: test_ident_compose
Expecting (LambdaLink
  (VariableList
    (VariableNode "$x") ; [788125471084508634][1]
    (VariableNode "$x-6266d6f2") ; [7146779190654691900][1]
    (VariableNode "$y") ; [4273000531317964280][1]
    (VariableNode "$z") ; [2382362736815119778][1]
  ) ; [18183516811920682695][1]
  (EvaluationLink
    (VariableNode "$x") ; [788125471084508634][1]
    (InheritanceLink
      (VariableNode "$y") ; [4273000531317964280][1]
      (VariableNode "$z") ; [2382362736815119778][1]
    ) ; [14838908472399833836][1]
  ) ; [14881985171198595253][1]
) ; [9914216050516209196][1]

Got (LambdaLink
  (VariableList
    (VariableNode "$x") ; [788125471084508634][1]
    (VariableNode "$x-6266d6f2") ; [7146779190654691900][1]
    (VariableNode "$y") ; [4273000531317964280][1]
    (VariableNode "$z") ; [2382362736815119778][1]
  ) ; [18183516811920682695][1]
  (EvaluationLink
    (VariableNode "$x") ; [788125471084508634][1]
    (InheritanceLink
      (VariableNode "$y") ; [4273000531317964280][1]
      (VariableNode "$z") ; [2382362736815119778][1]
    ) ; [14838908472399833836][1]
  ) ; [14881985171198595253][1]
) ; [9914216050516209196][1]

[INFO] END TEST: test_ident_compose
[INFO] END TEST: test_again_compose_ident
.[INFO] BEGIN TEST: test_recursive_compose
Expecting (LambdaLink
  (VariableList
    (VariableNode "$x") ; [788125471084508634][1]
    (VariableNode "$x-7005b724") ; [3923580249099894475][1]
    (VariableNode "$y") ; [4273000531317964280][1]
  ) ; [17650543848840668916][1]
  (EvaluationLink
    (VariableNode "$x") ; [788125471084508634][1]
    (InheritanceLink
      (VariableNode "$x-7005b724") ; [3923580249099894475][1]
      (VariableNode "$y") ; [4273000531317964280][1]
    ) ; [14422048990561150581][1]
  ) ; [14465125689359911998][1]
) ; [9760952925127541039][1]

Got (LambdaLink
  (VariableList
    (VariableNode "$x") ; [788125471084508634][1]
    (VariableNode "$x-7005b724") ; [3923580249099894475][1]
    (VariableNode "$y") ; [4273000531317964280][1]
  ) ; [17650543848840668916][1]
  (EvaluationLink
    (VariableNode "$x") ; [788125471084508634][1]
    (InheritanceLink
      (VariableNode "$x-7005b724") ; [3923580249099894475][1]
      (VariableNode "$y") ; [4273000531317964280][1]
    ) ; [14422048990561150581][1]
  ) ; [14465125689359911998][1]
) ; [9760952925127541039][1]

[INFO] END TEST: test_recursive_compose
.[INFO] BEGIN TEST: test_eval_inheritance
Expecting (AndLink
  (EvaluationLink
    (PredicateNode "acquainted") ; [1424449493947510952][1]
    (ListLink
      (ConceptNode "Self") ; [1991509666340217700][1]
      (ConceptNode "Bob") ; [2511235955541908216][1]
    ) ; [13408085769893316185][1]
  ) ; [16003111149461602480][1]
  (InheritanceLink
    (ConceptNode "Bob") ; [2511235955541908216][1]
    (ConceptNode "human") ; [7041137827864941520][1]
  ) ; [16699684783968460314][1]
  (InheritanceLink
    (ConceptNode "Self") ; [1991509666340217700][1]
    (ConceptNode "human") ; [7041137827864941520][1]
  ) ; [17995461314022224902][1]
) ; [16474879823000061402][1]

Got (AndLink
  (EvaluationLink
    (PredicateNode "acquainted") ; [1424449493947510952][1]
    (ListLink
      (ConceptNode "Self") ; [1991509666340217700][1]
      (ConceptNode "Bob") ; [2511235955541908216][1]
    ) ; [13408085769893316185][1]
  ) ; [16003111149461602480][1]
  (InheritanceLink
    (ConceptNode "Bob") ; [2511235955541908216][1]
    (ConceptNode "human") ; [7041137827864941520][1]
  ) ; [16699684783968460314][1]
  (InheritanceLink
    (ConceptNode "Self") ; [1991509666340217700][1]
    (ConceptNode "human") ; [7041137827864941520][1]
  ) ; [17995461314022224902][1]
) ; [16474879823000061402][1]

[INFO] END TEST: test_eval_inheritance
.[INFO] BEGIN TEST: test_eval_implication_1
Executing (PutLink
  (LambdaLink
    (TypedVariableLink
      (VariableNode "$X") ; [6809953386495729144][1]
      (TypeNode "ConceptNode") ; [3788696113922021255][1]
    ) ; [9225281168777978483][1]
    (QuoteLink
      (ImplicationScopeLink
        (UnquoteLink
          (EvaluationLink
            (PredicateNode "P") ; [2213889286841575705][1]
            (VariableNode "$X") ; [6809953386495729144][1]
          ) ; [17009747857858600672][1]
        ) ; [17039936049110171596][1]
        (UnquoteLink
          (EvaluationLink
            (PredicateNode "P") ; [2213889286841575705][1]
            (VariableNode "$X") ; [6809953386495729144][1]
          ) ; [17009747857858600672][1]
        ) ; [17039936049110171596][1]
      ) ; [16130283296791036013][1]
    ) ; [16159890945903153650][1]
  ) ; [12351128597591810721][1]
  (ConceptNode "A") ; [6977206836600634430][1]
) ; [11976474189120170133][1]

Expecting (ImplicationScopeLink
  (EvaluationLink
    (PredicateNode "P") ; [2213889286841575705][1]
    (ConceptNode "A") ; [6977206836600634430][1]
  ) ; [17177001307963505958][1]
  (EvaluationLink
    (PredicateNode "P") ; [2213889286841575705][1]
    (ConceptNode "A") ; [6977206836600634430][1]
  ) ; [17177001307963505958][1]
) ; [12593528563491546570][1]

Got (ImplicationScopeLink
  (EvaluationLink
    (PredicateNode "P") ; [2213889286841575705][1]
    (ConceptNode "A") ; [6977206836600634430][1]
  ) ; [17177001307963505958][1]
  (EvaluationLink
    (PredicateNode "P") ; [2213889286841575705][1]
    (ConceptNode "A") ; [6977206836600634430][1]
  ) ; [17177001307963505958][1]
) ; [12593528563491546570][1]

[INFO] END TEST: test_eval_implication_1
.[INFO] BEGIN TEST: test_eval_implication_2
Executing (PutLink
  (LambdaLink
    (VariableList
      (TypedVariableLink
        (VariableNode "$X") ; [6809953386495729144][1]
        (TypeNode "PredicateNode") ; [7305800666737115819][1]
      ) ; [12742385721593073047][1]
      (TypedVariableLink
        (VariableNode "$Y") ; [5319120082979945173][1]
        (TypeNode "PredicateNode") ; [7305800666737115819][1]
      ) ; [9661746889846081044][1]
    ) ; [16047470683448545314][1]
    (AndLink
      (ImplicationLink
        (VariableNode "$X") ; [6809953386495729144][1]
        (PredicateNode "is-human") ; [5033227418579124645][1]
      ) ; [9952549427182203156][1]
      (EvaluationLink
        (PredicateNode "acquainted") ; [1424449493947510952][1]
        (ListLink
          (VariableNode "$X") ; [6809953386495729144][1]
          (VariableNode "$Y") ; [5319120082979945173][1]
        ) ; [18427288035932042058][1]
      ) ; [11798941378645552545][1]
      (ImplicationLink
        (VariableNode "$Y") ; [5319120082979945173][1]
        (PredicateNode "is-human") ; [5033227418579124645][1]
      ) ; [16095282632289986961][1]
    ) ; [15296784181041894704][1]
  ) ; [11340745720499076625][1]
  (ListLink
    (PredicateNode "is-Self") ; [385342932422917694][1]
    (PredicateNode "is-Bob") ; [5273819413508513864][1]
  ) ; [9284027192862900675][1]
) ; [15062101957928226730][1]

Expecting (AndLink
  (ImplicationLink
    (PredicateNode "is-Self") ; [385342932422917694][1]
    (PredicateNode "is-human") ; [5033227418579124645][1]
  ) ; [10077961290439268890][1]
  (EvaluationLink
    (PredicateNode "acquainted") ; [1424449493947510952][1]
    (ListLink
      (PredicateNode "is-Self") ; [385342932422917694][1]
      (PredicateNode "is-Bob") ; [5273819413508513864][1]
    ) ; [9284027192862900675][1]
  ) ; [11879052572431186970][1]
  (ImplicationLink
    (PredicateNode "is-Bob") ; [5273819413508513864][1]
    (PredicateNode "is-human") ; [5033227418579124645][1]
  ) ; [14600360539732753764][1]
) ; [14668470017533544738][1]

Got (AndLink
  (ImplicationLink
    (PredicateNode "is-Self") ; [385342932422917694][1]
    (PredicateNode "is-human") ; [5033227418579124645][1]
  ) ; [10077961290439268890][1]
  (EvaluationLink
    (PredicateNode "acquainted") ; [1424449493947510952][1]
    (ListLink
      (PredicateNode "is-Self") ; [385342932422917694][1]
      (PredicateNode "is-Bob") ; [5273819413508513864][1]
    ) ; [9284027192862900675][1]
  ) ; [11879052572431186970][1]
  (ImplicationLink
    (PredicateNode "is-Bob") ; [5273819413508513864][1]
    (PredicateNode "is-human") ; [5033227418579124645][1]
  ) ; [14600360539732753764][1]
) ; [14668470017533544738][1]

[INFO] END TEST: test_eval_implication_2
.[INFO] BEGIN TEST: test_ill_unquote
[ERROR] body is ill-formed (/home/opencog/atomspace/opencog/atoms/execution/Instantiator.cc:294)
	Stack Trace:
	2: basic_string.h:293	  std::string::_M_data() const
	3: Logger.cc:493	  opencog::Logger::Error::operator()(char const*, ...)
	4: exceptions.cc:55	  opencog::StandardException::parse_error_message(char const*, __va_list_tag*, bool)
	5: exceptions.cc:81	  opencog::StandardException::parse_error_message(char const*, char const*, __va_list_tag*, bool)
	6: exceptions.cc:167	  opencog::SyntaxException::SyntaxException(char const*, char const*, ...)
	7: Instantiator.cc:294	  opencog::Instantiator::walk_tree(opencog::Handle const&, bool)
	8: Instantiator.cc:215	  opencog::Instantiator::walk_tree(opencog::Handle const&, bool)
	9: Instantiator.cc:545	  opencog::Instantiator::instantiate(opencog::Handle const&, std::map<opencog::Handle, opencog::Handle, std::less<opencog::Handle>, std::allocator<std::pair<opencog::Handle const, opencog::Handle> > > const&, bool)
	10: stl_tree.h:670	  opencog::Instantiator::execute(opencog::Handle const&, bool)
	11: shared_ptr_base.h:545	~__shared_count()
	12: RealDescriptions.cpp:125	  CxxTest::RealTestDescription::run()
	13: TestRunner.h:104	  CxxTest::TestRunner::runTest(CxxTest::TestDescription&)
	14: TestTracker.h:130	tracker()
	15: ErrorPrinter.h:46	main()
	16: [0x21f45] ??() ??:0
	17: [0x41251b] ??() ??:0

[INFO] END TEST: test_ill_unquote
.[INFO] BEGIN TEST: test_nested_1
[DEBUG] rs = 

[DEBUG] result = (LambdaLink
  (VariableNode "$X") ; [6809953386495729144][1]
  (InheritanceLink
    (ConceptNode "A") ; [6977206836600634430][1]
    (VariableNode "$X") ; [6809953386495729144][1]
  ) ; [16271586827860800072][1]
) ; [18341323397083782499][1]

[DEBUG] expected = (LambdaLink
  (VariableNode "$X") ; [6809953386495729144][1]
  (InheritanceLink
    (ConceptNode "A") ; [6977206836600634430][1]
    (VariableNode "$X") ; [6809953386495729144][1]
  ) ; [16271586827860800072][1]
) ; [18341323397083782499][1]

[INFO] END TEST: test_nested_1
.[INFO] BEGIN TEST: test_nested_2
[DEBUG] rs = 

[INFO] END TEST: test_nested_2
.[INFO] BEGIN TEST: test_nested_3
[DEBUG] rs = 

[INFO] END TEST: test_nested_3
.[INFO] BEGIN TEST: test_nested_4
[DEBUG] rs = 

[INFO] END TEST: test_nested_4
.[INFO] BEGIN TEST: test_nested_5
[DEBUG] rs = 


In PutLinkUTest::test_nested_5:
/home/opencog/atomspace/tests/atoms/PutLinkUTest.cxxtest:82: Error: Test failed: PutLink was expecting a ListLink, SetLink or GetLink! (/home/opencog/atomspace/opencog/atoms/core/PutLink.cc:220)
[INFO] BEGIN TEST: test_and_compose_1
[DEBUG] rs = 

[DEBUG] result = (LambdaLink
  (VariableList
    (VariableNode "$sha-arg-0") ; [949102443632971434][1]
    (VariableNode "$sha-arg-1") ; [4859387568654154175][1]
  ) ; [9448388737473849152][1]
  (LocalQuoteLink
    (AndLink
      (VariableNode "$sha-arg-0") ; [949102443632971434][1]
      (VariableNode "$sha-arg-1") ; [4859387568654154175][1]
    ) ; [9237651940852305971][1]
  ) ; [9268420674243330182][1]
) ; [9607689798623181459][1]

[DEBUG] expected = (LambdaLink
  (VariableList
    (VariableNode "$sha-arg-0") ; [949102443632971434][1]
    (VariableNode "$sha-arg-1") ; [4859387568654154175][1]
  ) ; [9448388737473849152][1]
  (LocalQuoteLink
    (AndLink
      (VariableNode "$sha-arg-0") ; [949102443632971434][1]
      (VariableNode "$sha-arg-1") ; [4859387568654154175][1]
    ) ; [9237651940852305971][1]
  ) ; [9268420674243330182][1]
) ; [9607689798623181459][1]

[INFO] END TEST: test_and_compose_1
.[INFO] BEGIN TEST: test_and_compose_2
[DEBUG] rs = 

[DEBUG] result = (LambdaLink
  (VariableList
    (VariableNode "$spe-0") ; [6315141976687659927][1]
    (VariableNode "$sha-arg-0") ; [949102443632971434][1]
    (VariableNode "$sha-arg-1") ; [4859387568654154175][1]
  ) ; [17595290246834087799][1]
  (InheritanceLink
    (VariableNode "$spe-0") ; [6315141976687659927][1]
    (AndLink
      (VariableNode "$sha-arg-0") ; [949102443632971434][1]
      (VariableNode "$sha-arg-1") ; [4859387568654154175][1]
    ) ; [9237651940852305971][1]
  ) ; [15297889078798769916][1]
) ; [9760952924034718192][1]

[DEBUG] expected = (LambdaLink
  (VariableList
    (VariableNode "$spe-0") ; [6315141976687659927][1]
    (VariableNode "$sha-arg-0") ; [949102443632971434][1]
    (VariableNode "$sha-arg-1") ; [4859387568654154175][1]
  ) ; [17595290246834087799][1]
  (InheritanceLink
    (VariableNode "$spe-0") ; [6315141976687659927][1]
    (AndLink
      (VariableNode "$sha-arg-0") ; [949102443632971434][1]
      (VariableNode "$sha-arg-1") ; [4859387568654154175][1]
    ) ; [9237651940852305971][1]
  ) ; [15297889078798769916][1]
) ; [9760952924034718192][1]

[INFO] END TEST: test_and_compose_2
.[INFO] BEGIN TEST: test_quoted_put
[DEBUG] quoted_put = (QuoteLink
  (PutLink
    (LambdaLink
      (VariableList
        (VariableNode "$Y") ; [5319120082979945173][1]
        (VariableNode "$Z") ; [5473937806047228437][1]
      ) ; [15922940520495419681][1]
      (InheritanceLink
        (VariableNode "$Y") ; [5319120082979945173][1]
        (VariableNode "$Z") ; [5473937806047228437][1]
      ) ; [15558940599058208732][1]
    ) ; [9607689799166133858][1]
    (UnquoteLink
      (VariableNode "$patvar") ; [3102166493060260307][1]
    ) ; [12355726721166607039][1]
  ) ; [13894931871883530461][1]
) ; [13924539520995648098][1]

[INFO] END TEST: test_quoted_put
.[INFO] BEGIN TEST: test_ill_put

        Start  26: QuotationUTest
 26/106 Test  #26: QuotationUTest ...................   Passed    0.64 sec
        Start  27: AlphaConvertUTest
 27/106 Test  #27: AlphaConvertUTest ................   Passed    0.03 sec
        Start  28: BetaReduceUTest
 28/106 Test  #28: BetaReduceUTest ..................   Passed    0.03 sec
        Start  29: DefineLinkUTest
 29/106 Test  #29: DefineLinkUTest ..................   Passed    0.19 sec
        Start  30: DeleteLinkUTest
 30/106 Test  #30: DeleteLinkUTest ..................   Passed    0.06 sec
        Start  31: EqualLinkUTest
 31/106 Test  #31: EqualLinkUTest ...................   Passed    0.06 sec
        Start  32: StateLinkUTest
 32/106 Test  #32: StateLinkUTest ...................   Passed    0.06 sec
        Start  33: VariablesUTest
 33/106 Test  #33: VariablesUTest ...................   Passed    0.02 sec
        Start  34: AtomUtilsUTest
 34/106 Test  #34: AtomUtilsUTest ...................   Passed    0.02 sec
        Start  35: FindUtilsUTest
 35/106 Test  #35: FindUtilsUTest ...................   Passed    0.02 sec
        Start  36: FuzzyUTest
 36/106 Test  #36: FuzzyUTest .......................   Passed    0.05 sec
        Start  37: NeighborUTest
 37/106 Test  #37: NeighborUTest ....................   Passed    0.02 sec
        Start  38: UnifyUTest
 38/106 Test  #38: UnifyUTest .......................   Passed    8.98 sec
        Start  39: AtomSpaceUtilsUTest
 39/106 Test  #39: AtomSpaceUtilsUTest ..............   Passed    0.00 sec
        Start  40: AttentionUTest
 40/106 Test  #40: AttentionUTest ...................***Failed    0.01 sec
Running cxxtest tests (2 tests).
In AttentionUTest::testGetRandomAtoms:
/home/opencog/atomspace/tests/attentionbank/AttentionUTest.cxxtest:70: Error: Expected (h != Handle::UNDEFINED), found ({ 00 00 00 00 00 00 00 00 ... })
/home/opencog/atomspace/tests/attentionbank/AttentionUTest.cxxtest:70: Error: Expected (h != Handle::UNDEFINED), found ({ 00 00 00 00 00 00 00 00 ... })
/home/opencog/atomspace/tests/attentionbank/AttentionUTest.cxxtest:70: Error: Expected (h != Handle::UNDEFINED), found ({ 00 00 00 00 00 00 00 00 ... })
/home/opencog/atomspace/tests/attentionbank/AttentionUTest.cxxtest:70: Error: Expected (h != Handle::UNDEFINED), found ({ 00 00 00 00 00 00 00 00 ... })
/home/opencog/atomspace/tests/attentionbank/AttentionUTest.cxxtest:70: Error: Expected (h != Handle::UNDEFINED), found ({ 00 00 00 00 00 00 00 00 ... })
/home/opencog/atomspace/tests/attentionbank/AttentionUTest.cxxtest:70: Error: Expected (h != Handle::UNDEFINED), found ({ 00 00 00 00 00 00 00 00 ... })
/home/opencog/atomspace/tests/attentionbank/AttentionUTest.cxxtest:70: Error: Expected (h != Handle::UNDEFINED), found ({ 00 00 00 00 00 00 00 00 ... })
/home/opencog/atomspace/tests/attentionbank/AttentionUTest.cxxtest:70: Error: Expected (h != Handle::UNDEFINED), found ({ 00 00 00 00 00 00 00 00 ... })
/home/opencog/atomspace/tests/attentionbank/AttentionUTest.cxxtest:70: Error: Expected (h != Handle::UNDEFINED), found ({ 00 00 00 00 00 00 00 00 ... })
/home/opencog/atomspace/tests/attentionbank/AttentionUTest.cxxtest:70: Error: Expected (h != Handle::UNDEFINED), found ({ 00 00 00 00 00 00 00 00 ... })
/home/opencog/atomspace/tests/attentionbank/AttentionUTest.cxxtest:70: Error: Expected (h != Handle::UNDEFINED), found ({ 00 00 00 00 00 00 00 00 ... })
/home/opencog/atomspace/tests/attentionbank/AttentionUTest.cxxtest:70: Error: Expected (h != Handle::UNDEFINED), found ({ 00 00 00 00 00 00 00 00 ... })
/home/opencog/atomspace/tests/attentionbank/AttentionUTest.cxxtest:70: Error: Expected (h != Handle::UNDEFINED), found ({ 00 00 00 00 00 00 00 00 ... })
/home/opencog/atomspace/tests/attentionbank/AttentionUTest.cxxtest:70: Error: Expected (h != Handle::UNDEFINED), found ({ 00 00 00 00 00 00 00 00 ... })
/home/opencog/atomspace/tests/attentionbank/AttentionUTest.cxxtest:70: Error: Expected (h != Handle::UNDEFINED), found ({ 00 00 00 00 00 00 00 00 ... })
/home/opencog/atomspace/tests/attentionbank/AttentionUTest.cxxtest:70: Error: Expected (h != Handle::UNDEFINED), found ({ 00 00 00 00 00 00 00 00 ... })
/home/opencog/atomspace/tests/attentionbank/AttentionUTest.cxxtest:70: Error: Expected (h != Handle::UNDEFINED), found ({ 00 00 00 00 00 00 00 00 ... })
/home/opencog/atomspace/tests/attentionbank/AttentionUTest.cxxtest:70: Error: Expected (h != Handle::UNDEFINED), found ({ 00 00 00 00 00 00 00 00 ... })
/home/opencog/atomspace/tests/attentionbank/AttentionUTest.cxxtest:70: Error: Expected (h != Handle::UNDEFINED), found ({ 00 00 00 00 00 00 00 00 ... })
/home/opencog/atomspace/tests/attentionbank/AttentionUTest.cxxtest:70: Error: Expected (h != Handle::UNDEFINED), found ({ 00 00 00 00 00 00 00 00 ... })
/home/opencog/atomspace/tests/attentionbank/AttentionUTest.cxxtest:70: Error: Expected (h != Handle::UNDEFINED), found ({ 00 00 00 00 00 00 00 00 ... })
/home/opencog/atomspace/tests/attentionbank/AttentionUTest.cxxtest:70: Error: Expected (h != Handle::UNDEFINED), found ({ 00 00 00 00 00 00 00 00 ... })
/home/opencog/atomspace/tests/attentionbank/AttentionUTest.cxxtest:70: Error: Expected (h != Handle::UNDEFINED), found ({ 00 00 00 00 00 00 00 00 ... })
/home/opencog/atomspace/tests/attentionbank/AttentionUTest.cxxtest:70: Error: Expected (h != Handle::UNDEFINED), found ({ 00 00 00 00 00 00 00 00 ... })
/home/opencog/atomspace/tests/attentionbank/AttentionUTest.cxxtest:70: Error: Expected (h != Handle::UNDEFINED), found ({ 00 00 00 00 00 00 00 00 ... })
/home/opencog/atomspace/tests/attentionbank/AttentionUTest.cxxtest:70: Error: Expected (h != Handle::UNDEFINED), found ({ 00 00 00 00 00 00 00 00 ... })
/home/opencog/atomspace/tests/attentionbank/AttentionUTest.cxxtest:70: Error: Expected (h != Handle::UNDEFINED), found ({ 00 00 00 00 00 00 00 00 ... })
/home/opencog/atomspace/tests/attentionbank/AttentionUTest.cxxtest:70: Error: Expected (h != Handle::UNDEFINED), found ({ 00 00 00 00 00 00 00 00 ... })
/home/opencog/atomspace/tests/attentionbank/AttentionUTest.cxxtest:70: Error: Expected (h != Handle::UNDEFINED), found ({ 00 00 00 00 00 00 00 00 ... })
/home/opencog/atomspace/tests/attentionbank/AttentionUTest.cxxtest:70: Error: Expected (h != Handle::UNDEFINED), found ({ 00 00 00 00 00 00 00 00 ... })
/home/opencog/atomspace/tests/attentionbank/AttentionUTest.cxxtest:70: Error: Expected (h != Handle::UNDEFINED), found ({ 00 00 00 00 00 00 00 00 ... })
/home/opencog/atomspace/tests/attentionbank/AttentionUTest.cxxtest:70: Error: Expected (h != Handle::UNDEFINED), found ({ 00 00 00 00 00 00 00 00 ... })
/home/opencog/atomspace/tests/attentionbank/AttentionUTest.cxxtest:70: Error: Expected (h != Handle::UNDEFINED), found ({ 00 00 00 00 00 00 00 00 ... })
/home/opencog/atomspace/tests/attentionbank/AttentionUTest.cxxtest:70: Error: Expected (h != Handle::UNDEFINED), found ({ 00 00 00 00 00 00 00 00 ... })
/home/opencog/atomspace/tests/attentionbank/AttentionUTest.cxxtest:70: Error: Expected (h != Handle::UNDEFINED), found ({ 00 00 00 00 00 00 00 00 ... })
/home/opencog/atomspace/tests/attentionbank/AttentionUTest.cxxtest:70: Error: Expected (h != Handle::UNDEFINED), found ({ 00 00 00 00 00 00 00 00 ... })
/home/opencog/atomspace/tests/attentionbank/AttentionUTest.cxxtest:70: Error: Expected (h != Handle::UNDEFINED), found ({ 00 00 00 00 00 00 00 00 ... })
/home/opencog/atomspace/tests/attentionbank/AttentionUTest.cxxtest:70: Error: Expected (h != Handle::UNDEFINED), found ({ 00 00 00 00 00 00 00 00 ... })
/home/opencog/atomspace/tests/attentionbank/AttentionUTest.cxxtest:70: Error: Expected (h != Handle::UNDEFINED), found ({ 00 00 00 00 00 00 00 00 ... })
/home/opencog/atomspace/tests/attentionbank/AttentionUTest.cxxtest:70: Error: Expected (h != Handle::UNDEFINED), found ({ 00 00 00 00 00 00 00 00 ... })
/home/opencog/atomspace/tests/attentionbank/AttentionUTest.cxxtest:70: Error: Expected (h != Handle::UNDEFINED), found ({ 00 00 00 00 00 00 00 00 ... })
/home/opencog/atomspace/tests/attentionbank/AttentionUTest.cxxtest:70: Error: Expected (h != Handle::UNDEFINED), found ({ 00 00 00 00 00 00 00 00 ... })
/home/opencog/atomspace/tests/attentionbank/AttentionUTest.cxxtest:70: Error: Expected (h != Handle::UNDEFINED), found ({ 00 00 00 00 00 00 00 00 ... })
/home/opencog/atomspace/tests/attentionbank/AttentionUTest.cxxtest:70: Error: Expected (h != Handle::UNDEFINED), found ({ 00 00 00 00 00 00 00 00 ... })
/home/opencog/atomspace/tests/attentionbank/AttentionUTest.cxxtest:70: Error: Expected (h != Handle::UNDEFINED), found ({ 00 00 00 00 00 00 00 00 ... })
/home/opencog/atomspace/tests/attentionbank/AttentionUTest.cxxtest:70: Error: Expected (h != Handle::UNDEFINED), found ({ 00 00 00 00 00 00 00 00 ... })
/home/opencog/atomspace/tests/attentionbank/AttentionUTest.cxxtest:70: Error: Expected (h != Handle::UNDEFINED), found ({ 00 00 00 00 00 00 00 00 ... })
/home/opencog/atomspace/tests/attentionbank/AttentionUTest.cxxtest:70: Error: Expected (h != Handle::UNDEFINED), found ({ 00 00 00 00 00 00 00 00 ... })
/home/opencog/atomspace/tests/attentionbank/AttentionUTest.cxxtest:70: Error: Expected (h != Handle::UNDEFINED), found ({ 00 00 00 00 00 00 00 00 ... })
/home/opencog/atomspace/tests/attentionbank/AttentionUTest.cxxtest:70: Error: Expected (h != Handle::UNDEFINED), found ({ 00 00 00 00 00 00 00 00 ... })
Failed 1 and Skipped 0 of 2 tests
Success rate: 50%

        Start  41: BasicSCMUTest
 41/106 Test  #41: BasicSCMUTest ....................   Passed    1.46 sec
        Start  42: SCMPrimitiveUTest
 42/106 Test  #42: SCMPrimitiveUTest ................   Passed    0.64 sec
        Start  43: MultiAtomSpaceUTest
 43/106 Test  #43: MultiAtomSpaceUTest ..............   Passed    1.43 sec
        Start  44: MultiThreadUTest
 44/106 Test  #44: MultiThreadUTest .................   Passed   15.43 sec
        Start  45: SCMUtilsUTest
 45/106 Test  #45: SCMUtilsUTest ....................   Passed    0.57 sec
        Start  46: SCMExecutionOutputUTest
 46/106 Test  #46: SCMExecutionOutputUTest ..........***Exception: Other  0.73 sec
Running cxxtest tests (11 tests)...[2018-02-22 15:35:39:107] [DEBUG] BEGIN TEST: test_multi_threads
atomspace size:4003
[2018-02-22 15:35:39:295] [DEBUG] END TEST: test_multi_threads
....Expression is (NumberNode "24.000000") ; [25794780270245139][8]

Expected (NumberNode "24.000000") ; [25794780270245139][8]

.Expression is (NumberNode "42.000000") ; [8344297245703782947][9]

Expected (NumberNode "42.000000") ; [8344297245703782947][9]

Lambda is (NumberNode "42.000000") ; [8344297245703782947][9]

Expected (NumberNode "42.000000") ; [8344297245703782947][9]

.Expression is (AndLink
  (ConceptNode "B") ; [241327676611018844][10]
  (ConceptNode "A") ; [6977206836600634430][10]
) ; [15669020007638678180][10]

Expected (AndLink
  (ConceptNode "B") ; [241327676611018844][10]
  (ConceptNode "A") ; [6977206836600634430][10]
) ; [15669020007638678180][10]

Expression is (AndLink
  (ConceptNode "A") ; [6977206836600634430][10]
  (AndLink
    (ConceptNode "B") ; [241327676611018844][10]
    (ConceptNode "A") ; [6977206836600634430][10]
  ) ; [15669020007638678180][10]
) ; [16060544536964641068][10]

Expected (AndLink
  (ConceptNode "A") ; [6977206836600634430][10]
  (AndLink
    (ConceptNode "B") ; [241327676611018844][10]
    (ConceptNode "A") ; [6977206836600634430][10]
  ) ; [15669020007638678180][10]
) ; [16060544536964641068][10]

..OK!
*** Error in `/home/opencog/atomspace/build/tests/scm/SCMExecutionOutputUTest': double free or corruption (fasttop): 0x0000000001f74f80 ***

        Start  47: PatternUTest
 47/106 Test  #47: PatternUTest .....................   Passed    0.04 sec
        Start  48: StackUTest
 48/106 Test  #48: StackUTest .......................   Passed    0.04 sec
        Start  49: BigPatternUTest
 49/106 Test  #49: BigPatternUTest ..................   Passed    0.06 sec
        Start  50: BiggerPatternUTest
 50/106 Test  #50: BiggerPatternUTest ...............   Passed    0.06 sec
        Start  51: LoopPatternUTest
 51/106 Test  #51: LoopPatternUTest .................   Passed    0.06 sec
        Start  52: BooleanUTest
 52/106 Test  #52: BooleanUTest .....................   Passed    0.06 sec
        Start  53: Boolean2NotUTest
 53/106 Test  #53: Boolean2NotUTest .................   Passed    0.06 sec
        Start  54: ConstantClausesUTest
 54/106 Test  #54: ConstantClausesUTest .............   Passed    0.57 sec
        Start  55: PatternCrashUTest
 55/106 Test  #55: PatternCrashUTest ................   Passed    0.28 sec
        Start  56: DisconnectedUTest
 56/106 Test  #56: DisconnectedUTest ................   Passed    0.96 sec
        Start  57: ImplicationUTest
 57/106 Test  #57: ImplicationUTest .................   Passed    0.31 sec
        Start  58: ExecutionOutputUTest
 58/106 Test  #58: ExecutionOutputUTest .............   Passed    0.32 sec
        Start  59: BuggyStackUTest
 59/106 Test  #59: BuggyStackUTest ..................   Passed    0.47 sec
        Start  60: VarTypeNotUTest
 60/106 Test  #60: VarTypeNotUTest ..................   Passed    0.46 sec
        Start  61: BuggyNotUTest
 61/106 Test  #61: BuggyNotUTest ....................   Passed    0.47 sec
        Start  62: MatchLinkUTest
 62/106 Test  #62: MatchLinkUTest ...................   Passed    0.58 sec
        Start  63: UnorderedUTest
 63/106 Test  #63: UnorderedUTest ...................   Passed    1.01 sec
        Start  64: StackMoreUTest
 64/106 Test  #64: StackMoreUTest ...................   Passed    3.35 sec
        Start  65: GlobUTest
 65/106 Test  #65: GlobUTest ........................   Passed    1.25 sec
        Start  66: RecognizerUTest
 66/106 Test  #66: RecognizerUTest ..................   Passed    0.50 sec
        Start  67: ArcanaUTest
 67/106 Test  #67: ArcanaUTest ......................   Passed    4.86 sec
        Start  68: SubstitutionUTest
 68/106 Test  #68: SubstitutionUTest ................   Passed    0.46 sec
        Start  69: GetLinkUTest
 69/106 Test  #69: GetLinkUTest .....................   Passed    0.46 sec
        Start  70: GetStateUTest
 70/106 Test  #70: GetStateUTest ....................   Passed    1.92 sec
        Start  71: DeepTypeUTest
 71/106 Test  #71: DeepTypeUTest ....................   Passed    0.44 sec
        Start  72: GreaterThanUTest
 72/106 Test  #72: GreaterThanUTest .................   Passed    0.52 sec
        Start  73: GreaterComputeUTest
 73/106 Test  #73: GreaterComputeUTest ..............   Passed    0.39 sec
        Start  74: SequenceUTest
 74/106 Test  #74: SequenceUTest ....................   Passed    0.66 sec
        Start  75: EvaluationUTest
 75/106 Test  #75: EvaluationUTest ..................   Passed    0.70 sec
        Start  76: DontExecUTest
 76/106 Test  #76: DontExecUTest ....................   Passed    0.34 sec
        Start  77: QuoteUTest
 77/106 Test  #77: QuoteUTest .......................   Passed    0.85 sec
        Start  78: UnquoteUTest
 78/106 Test  #78: UnquoteUTest .....................   Passed    0.01 sec
        Start  79: LocalQuoteUTest
 79/106 Test  #79: LocalQuoteUTest ..................   Passed    0.01 sec
        Start  80: BuggyLinkUTest
 80/106 Test  #80: BuggyLinkUTest ...................   Passed    0.33 sec
        Start  81: BuggyQuoteUTest
 81/106 Test  #81: BuggyQuoteUTest ..................   Passed    0.35 sec
        Start  82: BuggyEqualUTest
 82/106 Test  #82: BuggyEqualUTest ..................   Passed    0.44 sec
        Start  83: BuggySelfGroundUTest
 83/106 Test  #83: BuggySelfGroundUTest .............   Passed    0.33 sec
        Start  84: BuggyBindLinkUTest
 84/106 Test  #84: BuggyBindLinkUTest ...............   Passed    0.41 sec
        Start  85: ChoiceLinkUTest
 85/106 Test  #85: ChoiceLinkUTest ..................   Passed    1.29 sec
        Start  86: DefineUTest
 86/106 Test  #86: DefineUTest ......................   Passed    0.42 sec
        Start  87: FiniteStateMachineUTest
 87/106 Test  #87: FiniteStateMachineUTest ..........   Passed    0.34 sec
        Start  88: AbsentUTest
 88/106 Test  #88: AbsentUTest ......................   Passed    0.71 sec
        Start  89: SingleUTest
 89/106 Test  #89: SingleUTest ......................   Passed    0.31 sec
        Start  90: ScopeUTest
 90/106 Test  #90: ScopeUTest .......................   Passed    0.96 sec
        Start  91: NestedPutUTest
 91/106 Test  #91: NestedPutUTest ...................   Passed    0.31 sec
        Start  92: FirstNUTest
 92/106 Test  #92: FirstNUTest ......................   Passed    0.46 sec
        Start  93: AttentionalFocusCBUTest
 93/106 Test  #93: AttentionalFocusCBUTest ..........   Passed    0.38 sec
        Start  94: SudokuUTest
 94/106 Test  #94: SudokuUTest ......................   Passed    0.62 sec
        Start  95: EinsteinUTest
 95/106 Test  #95: EinsteinUTest ....................   Passed    7.71 sec
        Start  96: TypeChoiceUTest
 96/106 Test  #96: TypeChoiceUTest ..................   Passed    0.01 sec
        Start  97: NoExceptionUTest
 97/106 Test  #97: NoExceptionUTest .................   Passed    0.37 sec
        Start  98: ChainerUtilsUTest
 98/106 Test  #98: ChainerUtilsUTest ................   Passed    0.25 sec
        Start  99: UREConfigUTest
 99/106 Test  #99: UREConfigUTest ...................   Passed    0.54 sec
        Start 100: RuleUTest
100/106 Test #100: RuleUTest ........................***Exception: Other  1.03 sec
Running cxxtest tests (11 tests)rule = (BindLink
  (VariableList
    (VariableNode "$X") ; [6809953386495729144][1]
    (TypedVariableLink
      (VariableNode "$B-6266d6f2") ; [4097416271045473493][-1]
      (TypeNode "ConceptNode") ; [3788696113922021255][-1]
    ) ; [11945276727467300080][-1]
  ) ; [16251546236807707519][-1]
  (AndLink
    (EvaluationLink
      (GroundedPredicateNode "scm: true-enough") ; [4909340809722256524][1]
      (InheritanceLink
        (VariableNode "$X") ; [6809953386495729144][1]
        (VariableNode "$B-6266d6f2") ; [4097416271045473493][-1]
      ) ; [17263057895803445791][-1]
    ) ; [14955660216826250458][-1]
    (EvaluationLink
      (GroundedPredicateNode "scm: true-enough") ; [4909340809722256524][1]
      (InheritanceLink
        (VariableNode "$B-6266d6f2") ; [4097416271045473493][-1]
        (ConceptNode "$A") ; [2172866132422708482][1]
      ) ; [18058503315870002377][-1]
    ) ; [15751105636892807044][-1]
    (NotLink
      (IdenticalLink
        (ConceptNode "$A") ; [2172866132422708482][1]
        (VariableNode "$X") ; [6809953386495729144][1]
      ) ; [16154088917686902559][-1]
    ) ; [16177310603265034039][-1]
    (InheritanceLink
      (VariableNode "$X") ; [6809953386495729144][1]
      (VariableNode "$B-6266d6f2") ; [4097416271045473493][-1]
    ) ; [17263057895803445791][-1]
    (InheritanceLink
      (VariableNode "$B-6266d6f2") ; [4097416271045473493][-1]
      (ConceptNode "$A") ; [2172866132422708482][1]
    ) ; [18058503315870002377][-1]
  ) ; [12370664501802292455][-1]
  (ExecutionOutputLink
    (GroundedSchemaNode "scm: bc-deduction-formula") ; [5481571512010723578][1]
    (ListLink
      (InheritanceLink
        (VariableNode "$X") ; [6809953386495729144][1]
        (ConceptNode "$A") ; [2172866132422708482][1]
      ) ; [15338507757180680780][-1]
      (InheritanceLink
        (VariableNode "$X") ; [6809953386495729144][1]
        (VariableNode "$B-6266d6f2") ; [4097416271045473493][-1]
      ) ; [17263057895803445791][-1]
      (InheritanceLink
        (VariableNode "$B-6266d6f2") ; [4097416271045473493][-1]
        (ConceptNode "$A") ; [2172866132422708482][1]
      ) ; [18058503315870002377][-1]
    ) ; [14621472870785440561][-1]
  ) ; [13306523121074902053][-1]
) ; [13001147651477819792][-1]
expected = (BindLink
  (VariableList
    (VariableNode "$X") ; [6809953386495729144][1]
    (TypedVariableLink
      (VariableNode "$V") ; [4586185897468188423][1]
      (TypeNode "ConceptNode") ; [3788696113922021255][1]
    ) ; [9627930325707341154][1]
  ) ; [13934199835047748593][1]
  (AndLink
    (EvaluationLink
      (GroundedPredicateNode "scm: true-enough") ; [4909340809722256524][1]
      (InheritanceLink
        (VariableNode "$V") ; [4586185897468188423][1]
        (ConceptNode "$A") ; [2172866132422708482][1]
      ) ; [15741156914110043451][1]
    ) ; [13433759235132848118][1]
    (EvaluationLink
      (GroundedPredicateNode "scm: true-enough") ; [4909340809722256524][1]
      (InheritanceLink
        (VariableNode "$X") ; [6809953386495729144][1]
        (VariableNode "$V") ; [4586185897468188423][1]
      ) ; [17751827522226160721][1]
    ) ; [15444429843248965388][1]
    (InheritanceLink
      (VariableNode "$V") ; [4586185897468188423][1]
      (ConceptNode "$A") ; [2172866132422708482][1]
    ) ; [15741156914110043451][1]
    (NotLink
      (IdenticalLink
        (ConceptNode "$A") ; [2172866132422708482][1]
        (VariableNode "$X") ; [6809953386495729144][1]
      ) ; [16154088917686902559][1]
    ) ; [16177310603265034039][1]
    (InheritanceLink
      (VariableNode "$X") ; [6809953386495729144][1]
      (VariableNode "$V") ; [4586185897468188423][1]
    ) ; [17751827522226160721][1]
  ) ; [12246187486036262703][1]
  (ExecutionOutputLink
    (GroundedSchemaNode "scm: bc-deduction-formula") ; [5481571512010723578][1]
    (ListLink
      (InheritanceLink
        (VariableNode "$X") ; [6809953386495729144][1]
        (ConceptNode "$A") ; [2172866132422708482][1]
      ) ; [15338507757180680780][1]
      (InheritanceLink
        (VariableNode "$X") ; [6809953386495729144][1]
        (VariableNode "$V") ; [4586185897468188423][1]
      ) ; [17751827522226160721][1]
      (InheritanceLink
        (VariableNode "$V") ; [4586185897468188423][1]
        (ConceptNode "$A") ; [2172866132422708482][1]
      ) ; [15741156914110043451][1]
    ) ; [9986780067265522709][1]
  ) ; [17895202354409760009][1]
) ; [13001147651477819792][1]
.rule = (BindLink
  (VariableList
    (TypedVariableLink
      (VariableNode "$X") ; [6809953386495729144][1]
      (TypeNode "ConceptNode") ; [3788696113922021255][-1]
    ) ; [9225281168777978483][-1]
    (TypedVariableLink
      (VariableNode "$B-e84bdd8") ; [2861439186932641539][-1]
      (TypeNode "ConceptNode") ; [3788696113922021255][-1]
    ) ; [17274893136017724638][-1]
  ) ; [18276631128979377992][-1]
  (AndLink
    (EvaluationLink
      (GroundedPredicateNode "scm: true-enough") ; [4909340809722256524][1]
      (InheritanceLink
        (VariableNode "$B-e84bdd8") ; [2861439186932641539][-1]
        (ConceptNode "$A") ; [2172866132422708482][1]
      ) ; [14164747687565651127][-1]
    ) ; [11857350008588455794][-1]
    (EvaluationLink
      (GroundedPredicateNode "scm: true-enough") ; [4909340809722256524][1]
      (InheritanceLink
        (VariableNode "$X") ; [6809953386495729144][1]
        (VariableNode "$B-e84bdd8") ; [2861439186932641539][-1]
      ) ; [16027080811690613837][-1]
    ) ; [13719683132713418504][-1]
    (InheritanceLink
      (VariableNode "$B-e84bdd8") ; [2861439186932641539][-1]
      (ConceptNode "$A") ; [2172866132422708482][1]
    ) ; [14164747687565651127][-1]
    (InheritanceLink
      (VariableNode "$X") ; [6809953386495729144][1]
      (VariableNode "$B-e84bdd8") ; [2861439186932641539][-1]
    ) ; [16027080811690613837][-1]
    (NotLink
      (IdenticalLink
        (ConceptNode "$A") ; [2172866132422708482][1]
        (VariableNode "$X") ; [6809953386495729144][1]
      ) ; [16154088917686902559][-1]
    ) ; [16177310603265034039][-1]
  ) ; [10307731157338192991][-1]
  (ExecutionOutputLink
    (GroundedSchemaNode "scm: bc-deduction-formula") ; [5481571512010723578][1]
    (ListLink
      (InheritanceLink
        (VariableNode "$X") ; [6809953386495729144][1]
        (ConceptNode "$A") ; [2172866132422708482][1]
      ) ; [15338507757180680780][-1]
      (InheritanceLink
        (VariableNode "$X") ; [6809953386495729144][1]
        (VariableNode "$B-e84bdd8") ; [2861439186932641539][-1]
      ) ; [16027080811690613837][-1]
      (InheritanceLink
        (VariableNode "$B-e84bdd8") ; [2861439186932641539][-1]
        (ConceptNode "$A") ; [2172866132422708482][1]
      ) ; [14164747687565651127][-1]
    ) ; [16057333651031513869][-1]
  ) ; [14742383901320975361][-1]
) ; [13001147660611498016][-1]
expected = (BindLink
  (VariableList
    (TypedVariableLink
      (VariableNode "$X") ; [6809953386495729144][1]
      (TypeNode "ConceptNode") ; [3788696113922021255][1]
    ) ; [9225281168777978483][1]
    (TypedVariableLink
      (VariableNode "$V") ; [4586185897468188423][1]
      (TypeNode "ConceptNode") ; [3788696113922021255][1]
    ) ; [9627930325707341154][1]
  ) ; [10629668318668994508][1]
  (AndLink
    (EvaluationLink
      (GroundedPredicateNode "scm: true-enough") ; [4909340809722256524][1]
      (InheritanceLink
        (VariableNode "$V") ; [4586185897468188423][1]
        (ConceptNode "$A") ; [2172866132422708482][1]
      ) ; [15741156914110043451][1]
    ) ; [13433759235132848118][1]
    (EvaluationLink
      (GroundedPredicateNode "scm: true-enough") ; [4909340809722256524][1]
      (InheritanceLink
        (VariableNode "$X") ; [6809953386495729144][1]
        (VariableNode "$V") ; [4586185897468188423][1]
      ) ; [17751827522226160721][1]
    ) ; [15444429843248965388][1]
    (InheritanceLink
      (VariableNode "$V") ; [4586185897468188423][1]
      (ConceptNode "$A") ; [2172866132422708482][1]
    ) ; [15741156914110043451][1]
    (NotLink
      (IdenticalLink
        (ConceptNode "$A") ; [2172866132422708482][1]
        (VariableNode "$X") ; [6809953386495729144][1]
      ) ; [16154088917686902559][1]
    ) ; [16177310603265034039][1]
    (InheritanceLink
      (VariableNode "$X") ; [6809953386495729144][1]
      (VariableNode "$V") ; [4586185897468188423][1]
    ) ; [17751827522226160721][1]
  ) ; [12246187486036262703][1]
  (ExecutionOutputLink
    (GroundedSchemaNode "scm: bc-deduction-formula") ; [5481571512010723578][1]
    (ListLink
      (InheritanceLink
        (VariableNode "$X") ; [6809953386495729144][1]
        (ConceptNode "$A") ; [2172866132422708482][1]
      ) ; [15338507757180680780][1]
      (InheritanceLink
        (VariableNode "$X") ; [6809953386495729144][1]
        (VariableNode "$V") ; [4586185897468188423][1]
      ) ; [17751827522226160721][1]
      (InheritanceLink
        (VariableNode "$V") ; [4586185897468188423][1]
        (ConceptNode "$A") ; [2172866132422708482][1]
      ) ; [15741156914110043451][1]
    ) ; [9986780067265522709][1]
  ) ; [17895202354409760009][1]
) ; [13001147660611498016][1]
.rule = (BindLink
  (VariableList
    (TypedVariableLink
      (VariableNode "$TyVs-bdfd20a") ; [9204124184600723501][1]
      (TypeChoice
        (TypeNode "VariableList") ; [7312217543151217883][-1]
        (TypeNode "TypedVariableLink") ; [1359961696412228875][-1]
      ) ; [14052102431034746327][-1]
    ) ; [15485975491662535064][-1]
    (VariableNode "$P-25868310") ; [6269843161004845467][1]
    (VariableNode "$B-7a4842c1") ; [7931990639392750557][-1]
  ) ; [9910678147665835239][-1]
  (AndLink
    (ImplicationLink
      (LambdaLink
        (TypedVariableLink
          (VariableNode "$X") ; [6809953386495729144][1]
          (TypeNode "ConceptNode") ; [3788696113922021255][1]
        ) ; [9225281168777978483][-1]
        (EvaluationLink
          (PredicateNode "take") ; [3396821867884253757][1]
          (ListLink
            (VariableNode "$X") ; [6809953386495729144][1]
            (ConceptNode "treatment-1") ; [1169226509931710999][1]
          ) ; [14277394462883807884][-1]
        ) ; [17397103924381176088][-1]
      ) ; [12038310382464337399][-1]
      (VariableNode "$B-7a4842c1") ; [7931990639392750557][-1]
    ) ; [10143024814719161131][-1]
    (EvaluationLink
      (GroundedPredicateNode "scm: true-enough") ; [4909340809722256524][1]
      (ImplicationLink
        (VariableNode "$B-7a4842c1") ; [7931990639392750557][-1]
        (QuoteLink
          (LambdaLink
            (UnquoteLink
              (VariableNode "$TyVs-bdfd20a") ; [9204124184600723501][1]
            ) ; [9234312375852294425][-1]
            (UnquoteLink
              (VariableNode "$P-25868310") ; [6269843161004845467][1]
            ) ; [15523403389111192199][-1]
          ) ; [17425155972168023310][-1]
        ) ; [17454763621280140947][-1]
      ) ; [13284454791211047047][-1]
    ) ; [10977057112233851714][-1]
    (NotLink
      (IdenticalLink
        (LambdaLink
          (TypedVariableLink
            (VariableNode "$X") ; [6809953386495729144][1]
            (TypeNode "ConceptNode") ; [3788696113922021255][1]
          ) ; [9225281168777978483][-1]
          (EvaluationLink
            (PredicateNode "take") ; [3396821867884253757][1]
            (ListLink
              (VariableNode "$X") ; [6809953386495729144][1]
              (ConceptNode "treatment-1") ; [1169226509931710999][1]
            ) ; [14277394462883807884][-1]
          ) ; [17397103924381176088][-1]
        ) ; [12038310382464337399][-1]
        (QuoteLink
          (LambdaLink
            (UnquoteLink
              (VariableNode "$TyVs-bdfd20a") ; [9204124184600723501][1]
            ) ; [9234312375852294425][-1]
            (UnquoteLink
              (VariableNode "$P-25868310") ; [6269843161004845467][1]
            ) ; [15523403389111192199][-1]
          ) ; [17425155972168023310][-1]
        ) ; [17454763621280140947][-1]
      ) ; [11093794040218363727][-1]
    ) ; [11117015725796495207][-1]
    (ImplicationLink
      (VariableNode "$B-7a4842c1") ; [7931990639392750557][-1]
      (QuoteLink
        (LambdaLink
          (UnquoteLink
            (VariableNode "$TyVs-bdfd20a") ; [9204124184600723501][1]
          ) ; [9234312375852294425][-1]
          (UnquoteLink
            (VariableNode "$P-25868310") ; [6269843161004845467][1]
          ) ; [15523403389111192199][-1]
        ) ; [17425155972168023310][-1]
      ) ; [17454763621280140947][-1]
    ) ; [13284454791211047047][-1]
    (EvaluationLink
      (GroundedPredicateNode "scm: true-enough") ; [4909340809722256524][1]
      (ImplicationLink
        (LambdaLink
          (TypedVariableLink
            (VariableNode "$X") ; [6809953386495729144][1]
            (TypeNode "ConceptNode") ; [3788696113922021255][1]
          ) ; [9225281168777978483][-1]
          (EvaluationLink
            (PredicateNode "take") ; [3396821867884253757][1]
            (ListLink
              (VariableNode "$X") ; [6809953386495729144][1]
              (ConceptNode "treatment-1") ; [1169226509931710999][1]
            ) ; [14277394462883807884][-1]
          ) ; [17397103924381176088][-1]
        ) ; [12038310382464337399][-1]
        (VariableNode "$B-7a4842c1") ; [7931990639392750557][-1]
      ) ; [10143024814719161131][-1]
    ) ; [17058999172596741606][-1]
  ) ; [11862209185749663595][-1]
  (ExecutionOutputLink
    (GroundedSchemaNode "scm: crisp-deduction-formula") ; [7041221571600637949][1]
    (ListLink
      (ImplicationLink
        (LambdaLink
          (TypedVariableLink
            (VariableNode "$X") ; [6809953386495729144][1]
            (TypeNode "ConceptNode") ; [3788696113922021255][1]
          ) ; [9225281168777978483][-1]
          (EvaluationLink
            (PredicateNode "take") ; [3396821867884253757][1]
            (ListLink
              (VariableNode "$X") ; [6809953386495729144][1]
              (ConceptNode "treatment-1") ; [1169226509931710999][1]
            ) ; [14277394462883807884][-1]
          ) ; [17397103924381176088][-1]
        ) ; [12038310382464337399][-1]
        (QuoteLink
          (LambdaLink
            (UnquoteLink
              (VariableNode "$TyVs-bdfd20a") ; [9204124184600723501][1]
            ) ; [9234312375852294425][-1]
            (UnquoteLink
              (VariableNode "$P-25868310") ; [6269843161004845467][1]
            ) ; [15523403389111192199][-1]
          ) ; [17425155972168023310][-1]
        ) ; [17454763621280140947][-1]
      ) ; [10442425759751775713][-1]
      (ImplicationLink
        (LambdaLink
          (TypedVariableLink
            (VariableNode "$X") ; [6809953386495729144][1]
            (TypeNode "ConceptNode") ; [3788696113922021255][1]
          ) ; [9225281168777978483][-1]
          (EvaluationLink
            (PredicateNode "take") ; [3396821867884253757][1]
            (ListLink
              (VariableNode "$X") ; [6809953386495729144][1]
              (ConceptNode "treatment-1") ; [1169226509931710999][1]
            ) ; [14277394462883807884][-1]
          ) ; [17397103924381176088][-1]
        ) ; [12038310382464337399][-1]
        (VariableNode "$B-7a4842c1") ; [7931990639392750557][-1]
      ) ; [10143024814719161131][-1]
      (ImplicationLink
        (VariableNode "$B-7a4842c1") ; [7931990639392750557][-1]
        (QuoteLink
          (LambdaLink
            (UnquoteLink
              (VariableNode "$TyVs-bdfd20a") ; [9204124184600723501][1]
            ) ; [9234312375852294425][-1]
            (UnquoteLink
              (VariableNode "$P-25868310") ; [6269843161004845467][1]
            ) ; [15523403389111192199][-1]
          ) ; [17425155972168023310][-1]
        ) ; [17454763621280140947][-1]
      ) ; [13284454791211047047][-1]
    ) ; [13969747730552061520][-1]
  ) ; [18006389763034818215][-1]
) ; [17028915436779710493][-1]
expected = (BindLink
  (VariableList
    (TypedVariableLink
      (VariableNode "$TyVs-bdfd20a") ; [9204124184600723501][1]
      (TypeChoice
        (TypeNode "TypedVariableLink") ; [1359961696412228875][1]
        (TypeNode "VariableList") ; [7312217543151217883][1]
      ) ; [17270728109337390039][1]
    ) ; [9481229133110402968][1]
    (VariableNode "$P-25868310") ; [6269843161004845467][1]
    (VariableNode "$B-6c74a409") ; [2890784671652436416][1]
  ) ; [14294833883544492234][1]
  (AndLink
    (EvaluationLink
      (GroundedPredicateNode "scm: true-enough") ; [4909340809722256524][1]
      (ImplicationLink
        (VariableNode "$B-6c74a409") ; [2890784671652436416][1]
        (QuoteLink
          (LambdaLink
            (UnquoteLink
              (VariableNode "$TyVs-bdfd20a") ; [9204124184600723501][1]
            ) ; [9234312375852294425][1]
            (UnquoteLink
              (VariableNode "$P-25868310") ; [6269843161004845467][1]
            ) ; [15523403389111192199][1]
          ) ; [17425155972168023310][1]
        ) ; [17454763621280140947][1]
      ) ; [12945354519166644938][1]
    ) ; [10637956840189449605][1]
    (NotLink
      (IdenticalLink
        (LambdaLink
          (TypedVariableLink
            (VariableNode "$X") ; [6809953386495729144][1]
            (TypeNode "ConceptNode") ; [3788696113922021255][1]
          ) ; [9225281168777978483][1]
          (EvaluationLink
            (PredicateNode "take") ; [3396821867884253757][1]
            (ListLink
              (VariableNode "$X") ; [6809953386495729144][1]
              (ConceptNode "treatment-1") ; [1169226509931710999][1]
            ) ; [14277394462883807884][1]
          ) ; [17397103924381176088][1]
        ) ; [12038310382464337399][1]
        (QuoteLink
          (LambdaLink
            (UnquoteLink
              (VariableNode "$TyVs-bdfd20a") ; [9204124184600723501][1]
            ) ; [9234312375852294425][1]
            (UnquoteLink
              (VariableNode "$P-25868310") ; [6269843161004845467][1]
            ) ; [15523403389111192199][1]
          ) ; [17425155972168023310][1]
        ) ; [17454763621280140947][1]
      ) ; [11093794040218363727][1]
    ) ; [11117015725796495207][1]
    (EvaluationLink
      (GroundedPredicateNode "scm: true-enough") ; [4909340809722256524][1]
      (ImplicationLink
        (LambdaLink
          (TypedVariableLink
            (VariableNode "$X") ; [6809953386495729144][1]
            (TypeNode "ConceptNode") ; [3788696113922021255][1]
          ) ; [9225281168777978483][1]
          (EvaluationLink
            (PredicateNode "take") ; [3396821867884253757][1]
            (ListLink
              (VariableNode "$X") ; [6809953386495729144][1]
              (ConceptNode "treatment-1") ; [1169226509931710999][1]
            ) ; [14277394462883807884][1]
          ) ; [17397103924381176088][1]
        ) ; [12038310382464337399][1]
        (VariableNode "$B-6c74a409") ; [2890784671652436416][1]
      ) ; [14325190883833622798][1]
    ) ; [12017793204856427465][1]
    (ImplicationLink
      (VariableNode "$B-6c74a409") ; [2890784671652436416][1]
      (QuoteLink
        (LambdaLink
          (UnquoteLink
            (VariableNode "$TyVs-bdfd20a") ; [9204124184600723501][1]
          ) ; [9234312375852294425][1]
          (UnquoteLink
            (VariableNode "$P-25868310") ; [6269843161004845467][1]
          ) ; [15523403389111192199][1]
        ) ; [17425155972168023310][1]
      ) ; [17454763621280140947][1]
    ) ; [12945354519166644938][1]
    (ImplicationLink
      (LambdaLink
        (TypedVariableLink
          (VariableNode "$X") ; [6809953386495729144][1]
          (TypeNode "ConceptNode") ; [3788696113922021255][1]
        ) ; [9225281168777978483][1]
        (EvaluationLink
          (PredicateNode "take") ; [3396821867884253757][1]
          (ListLink
            (VariableNode "$X") ; [6809953386495729144][1]
            (ConceptNode "treatment-1") ; [1169226509931710999][1]
          ) ; [14277394462883807884][1]
        ) ; [17397103924381176088][1]
      ) ; [12038310382464337399][1]
      (VariableNode "$B-6c74a409") ; [2890784671652436416][1]
    ) ; [14325190883833622798][1]
  ) ; [15941906683511717751][1]
  (ExecutionOutputLink
    (GroundedSchemaNode "scm: crisp-deduction-formula") ; [7041221571600637949][1]
    (ListLink
      (ImplicationLink
        (LambdaLink
          (TypedVariableLink
            (VariableNode "$X") ; [6809953386495729144][1]
            (TypeNode "ConceptNode") ; [3788696113922021255][1]
          ) ; [9225281168777978483][1]
          (EvaluationLink
            (PredicateNode "take") ; [3396821867884253757][1]
            (ListLink
              (VariableNode "$X") ; [6809953386495729144][1]
              (ConceptNode "treatment-1") ; [1169226509931710999][1]
            ) ; [14277394462883807884][1]
          ) ; [17397103924381176088][1]
        ) ; [12038310382464337399][1]
        (QuoteLink
          (LambdaLink
            (UnquoteLink
              (VariableNode "$TyVs-bdfd20a") ; [9204124184600723501][1]
            ) ; [9234312375852294425][1]
            (UnquoteLink
              (VariableNode "$P-25868310") ; [6269843161004845467][1]
            ) ; [15523403389111192199][1]
          ) ; [17425155972168023310][1]
        ) ; [17454763621280140947][1]
      ) ; [10442425759751775713][1]
      (ImplicationLink
        (LambdaLink
          (TypedVariableLink
            (VariableNode "$X") ; [6809953386495729144][1]
            (TypeNode "ConceptNode") ; [3788696113922021255][1]
          ) ; [9225281168777978483][1]
          (EvaluationLink
            (PredicateNode "take") ; [3396821867884253757][1]
            (ListLink
              (VariableNode "$X") ; [6809953386495729144][1]
              (ConceptNode "treatment-1") ; [1169226509931710999][1]
            ) ; [14277394462883807884][1]
          ) ; [17397103924381176088][1]
        ) ; [12038310382464337399][1]
        (VariableNode "$B-6c74a409") ; [2890784671652436416][1]
      ) ; [14325190883833622798][1]
      (ImplicationLink
        (VariableNode "$B-6c74a409") ; [2890784671652436416][1]
        (QuoteLink
          (LambdaLink
            (UnquoteLink
              (VariableNode "$TyVs-bdfd20a") ; [9204124184600723501][1]
            ) ; [9234312375852294425][1]
            (UnquoteLink
              (VariableNode "$P-25868310") ; [6269843161004845467][1]
            ) ; [15523403389111192199][1]
          ) ; [17425155972168023310][1]
        ) ; [17454763621280140947][1]
      ) ; [12945354519166644938][1]
    ) ; [13291547186463257302][1]
  ) ; [17328189218946013997][1]
) ; [17028915436779710493][1]
.rule = (BindLink
  (ImplicationScopeLink
    (TypedVariableLink
      (VariableNode "$X") ; [6809953386495729144][1]
      (TypeNode "ConceptNode") ; [3788696113922021255][1]
    ) ; [9225281168777978483][-1]
    (EvaluationLink
      (PredicateNode "P") ; [2213889286841575705][1]
      (VariableNode "$X") ; [6809953386495729144][1]
    ) ; [17009747857858600672][-1]
    (EvaluationLink
      (PredicateNode "Q") ; [1103054420470118233][1]
      (VariableNode "$X") ; [6809953386495729144][1]
    ) ; [17245685415019607328][-1]
  ) ; [11246417726306593584][-1]
  (ExecutionOutputLink
    (GroundedSchemaNode "scm: implication-scope-to-implication-formula") ; [7761197575100873157][1]
    (ListLink
      (ImplicationLink
        (LambdaLink
          (TypedVariableLink
            (VariableNode "$X") ; [6809953386495729144][1]
            (TypeNode "ConceptNode") ; [3788696113922021255][1]
          ) ; [9225281168777978483][-1]
          (EvaluationLink
            (PredicateNode "P") ; [2213889286841575705][1]
            (VariableNode "$X") ; [6809953386495729144][1]
          ) ; [17009747857858600672][-1]
        ) ; [17949168881855469356][-1]
        (LambdaLink
          (TypedVariableLink
            (VariableNode "$X") ; [6809953386495729144][1]
            (TypeNode "ConceptNode") ; [3788696113922021255][1]
          ) ; [9225281168777978483][-1]
          (EvaluationLink
            (PredicateNode "Q") ; [1103054420470118233][1]
            (VariableNode "$X") ; [6809953386495729144][1]
          ) ; [17245685415019607328][-1]
        ) ; [18185106439016476012][-1]
      ) ; [12540286283445173391][-1]
      (ImplicationScopeLink
        (TypedVariableLink
          (VariableNode "$X") ; [6809953386495729144][1]
          (TypeNode "ConceptNode") ; [3788696113922021255][1]
        ) ; [9225281168777978483][-1]
        (EvaluationLink
          (PredicateNode "P") ; [2213889286841575705][1]
          (VariableNode "$X") ; [6809953386495729144][1]
        ) ; [17009747857858600672][-1]
        (EvaluationLink
          (PredicateNode "Q") ; [1103054420470118233][1]
          (VariableNode "$X") ; [6809953386495729144][1]
        ) ; [17245685415019607328][-1]
      ) ; [11246417726306593584][-1]
    ) ; [10541386467785282844][-1]
  ) ; [10667120505211473979][-1]
) ; [11239749392070974561][-1]
expected = (BindLink
  (ImplicationScopeLink
    (TypedVariableLink
      (VariableNode "$X") ; [6809953386495729144][1]
      (TypeNode "ConceptNode") ; [3788696113922021255][1]
    ) ; [9225281168777978483][1]
    (EvaluationLink
      (PredicateNode "P") ; [2213889286841575705][1]
      (VariableNode "$X") ; [6809953386495729144][1]
    ) ; [17009747857858600672][1]
    (EvaluationLink
      (PredicateNode "Q") ; [1103054420470118233][1]
      (VariableNode "$X") ; [6809953386495729144][1]
    ) ; [17245685415019607328][1]
  ) ; [11246417726306593584][1]
  (ExecutionOutputLink
    (GroundedSchemaNode "scm: implication-scope-to-implication-formula") ; [7761197575100873157][1]
    (ListLink
      (ImplicationLink
        (LambdaLink
          (TypedVariableLink
            (VariableNode "$X") ; [6809953386495729144][1]
            (TypeNode "ConceptNode") ; [3788696113922021255][1]
          ) ; [9225281168777978483][1]
          (EvaluationLink
            (PredicateNode "P") ; [2213889286841575705][1]
            (VariableNode "$X") ; [6809953386495729144][1]
          ) ; [17009747857858600672][1]
        ) ; [17949168881855469356][1]
        (LambdaLink
          (TypedVariableLink
            (VariableNode "$X") ; [6809953386495729144][1]
            (TypeNode "ConceptNode") ; [3788696113922021255][1]
          ) ; [9225281168777978483][1]
          (EvaluationLink
            (PredicateNode "Q") ; [1103054420470118233][1]
            (VariableNode "$X") ; [6809953386495729144][1]
          ) ; [17245685415019607328][1]
        ) ; [18185106439016476012][1]
      ) ; [12540286283445173391][1]
      (ImplicationScopeLink
        (TypedVariableLink
          (VariableNode "$X") ; [6809953386495729144][1]
          (TypeNode "ConceptNode") ; [3788696113922021255][1]
        ) ; [9225281168777978483][1]
        (EvaluationLink
          (PredicateNode "P") ; [2213889286841575705][1]
          (VariableNode "$X") ; [6809953386495729144][1]
        ) ; [17009747857858600672][1]
        (EvaluationLink
          (PredicateNode "Q") ; [1103054420470118233][1]
          (VariableNode "$X") ; [6809953386495729144][1]
        ) ; [17245685415019607328][1]
      ) ; [11246417726306593584][1]
    ) ; [10541386467785282844][1]
  ) ; [10667120505211473979][1]
) ; [11239749392070974561][1]
.implication_scope_to_implication_rule = name: implication-scope-to-implication-rule
rule:
  (BindLink
    (VariableList
      (TypedVariableLink
        (VariableNode "$TyVs") ; [649798471945909599][1]
        (TypeChoice
          (TypeNode "TypedVariableLink") ; [1359961696412228875][1]
          (TypeNode "VariableList") ; [7312217543151217883][1]
        ) ; [17270728109337390039][1]
      ) ; [13113013757999594250][1]
      (VariableNode "$P") ; [387709778315933190][1]
      (VariableNode "$Q") ; [6972419301432298540][1]
    ) ; [16143732352171025651][1]
    (QuoteLink
      (ImplicationScopeLink
        (UnquoteLink
          (VariableNode "$TyVs") ; [649798471945909599][1]
        ) ; [9903358700052256331][1]
        (UnquoteLink
          (VariableNode "$P") ; [387709778315933190][1]
        ) ; [9641270006422279922][1]
        (UnquoteLink
          (VariableNode "$Q") ; [6972419301432298540][1]
        ) ; [16225979529538645272][1]
      ) ; [16591777568852201247][1]
    ) ; [16621385217964318884][1]
    (ExecutionOutputLink
      (GroundedSchemaNode "scm: implication-scope-to-implication-formula") ; [7761197575100873157][1]
      (ListLink
        (ImplicationLink
          (QuoteLink
            (LambdaLink
              (UnquoteLink
                (VariableNode "$TyVs") ; [649798471945909599][1]
              ) ; [9903358700052256331][1]
              (UnquoteLink
                (VariableNode "$P") ; [387709778315933190][1]
              ) ; [9641270006422279922][1]
            ) ; [15174807214368301906][1]
          ) ; [15204414863480419543][1]
          (QuoteLink
            (LambdaLink
              (UnquoteLink
                (VariableNode "$TyVs") ; [649798471945909599][1]
              ) ; [9903358700052256331][1]
              (UnquoteLink
                (VariableNode "$Q") ; [6972419301432298540][1]
              ) ; [16225979529538645272][1]
            ) ; [12536144700629891857][1]
          ) ; [12565752349742009494][1]
        ) ; [17801141993196596932][1]
        (QuoteLink
          (ImplicationScopeLink
            (UnquoteLink
              (VariableNode "$TyVs") ; [649798471945909599][1]
            ) ; [9903358700052256331][1]
            (UnquoteLink
              (VariableNode "$P") ; [387709778315933190][1]
            ) ; [9641270006422279922][1]
            (UnquoteLink
              (VariableNode "$Q") ; [6972419301432298540][1]
            ) ; [16225979529538645272][1]
          ) ; [16591777568852201247][1]
        ) ; [16621385217964318884][1]
      ) ; [14280523680999244645][1]
    ) ; [14406257718425435780][1]
  ) ; [15849761281054575400][1]
target = (ImplicationLink
  (LambdaLink
    (TypedVariableLink
      (VariableNode "$X") ; [6809953386495729144][1]
      (TypeNode "ConceptNode") ; [3788696113922021255][1]
    ) ; [9225281168777978483][1]
    (VariableNode "$P") ; [387709778315933190][1]
  ) ; [9842136452346963890][1]
  (LambdaLink
    (TypedVariableLink
      (VariableNode "$X") ; [6809953386495729144][1]
      (TypeNode "ConceptNode") ; [3788696113922021255][1]
    ) ; [9225281168777978483][1]
    (EvaluationLink
      (PredicateNode "Q") ; [1103054420470118233][1]
      (VariableNode "$X") ; [6809953386495729144][1]
    ) ; [17245685415019607328][1]
  ) ; [18185106439016476012][1]
) ; [12486005178452991445][1]
rule = (BindLink
  (VariableNode "$P") ; [387709778315933190][1]
  (ImplicationScopeLink
    (TypedVariableLink
      (VariableNode "$X") ; [6809953386495729144][1]
      (TypeNode "ConceptNode") ; [3788696113922021255][1]
    ) ; [9225281168777978483][-1]
    (VariableNode "$P") ; [387709778315933190][1]
    (EvaluationLink
      (PredicateNode "Q") ; [1103054420470118233][1]
      (VariableNode "$X") ; [6809953386495729144][1]
    ) ; [17245685415019607328][-1]
  ) ; [11192136621314412047][-1]
  (ExecutionOutputLink
    (GroundedSchemaNode "scm: implication-scope-to-implication-formula") ; [7761197575100873157][1]
    (ListLink
      (ImplicationLink
        (LambdaLink
          (TypedVariableLink
            (VariableNode "$X") ; [6809953386495729144][1]
            (TypeNode "ConceptNode") ; [3788696113922021255][1]
          ) ; [9225281168777978483][-1]
          (VariableNode "$P") ; [387709778315933190][1]
        ) ; [9842136452346963890][-1]
        (LambdaLink
          (TypedVariableLink
            (VariableNode "$X") ; [6809953386495729144][1]
            (TypeNode "ConceptNode") ; [3788696113922021255][1]
          ) ; [9225281168777978483][-1]
          (EvaluationLink
            (PredicateNode "Q") ; [1103054420470118233][1]
            (VariableNode "$X") ; [6809953386495729144][1]
          ) ; [17245685415019607328][-1]
        ) ; [18185106439016476012][-1]
      ) ; [12486005178452991445][-1]
      (ImplicationScopeLink
        (TypedVariableLink
          (VariableNode "$X") ; [6809953386495729144][1]
          (TypeNode "ConceptNode") ; [3788696113922021255][1]
        ) ; [9225281168777978483][-1]
        (VariableNode "$P") ; [387709778315933190][1]
        (EvaluationLink
          (PredicateNode "Q") ; [1103054420470118233][1]
          (VariableNode "$X") ; [6809953386495729144][1]
        ) ; [17245685415019607328][-1]
      ) ; [11192136621314412047][-1]
    ) ; [17919200934905872897][-1]
  ) ; [18044934972332064032][-1]
) ; [18167476763544570965][-1]
expected = (BindLink
  (VariableNode "$P") ; [387709778315933190][1]
  (ImplicationScopeLink
    (TypedVariableLink
      (VariableNode "$X") ; [6809953386495729144][1]
      (TypeNode "ConceptNode") ; [3788696113922021255][1]
    ) ; [9225281168777978483][1]
    (VariableNode "$P") ; [387709778315933190][1]
    (EvaluationLink
      (PredicateNode "Q") ; [1103054420470118233][1]
      (VariableNode "$X") ; [6809953386495729144][1]
    ) ; [17245685415019607328][1]
  ) ; [11192136621314412047][1]
  (ExecutionOutputLink
    (GroundedSchemaNode "scm: implication-scope-to-implication-formula") ; [7761197575100873157][1]
    (ListLink
      (ImplicationLink
        (LambdaLink
          (TypedVariableLink
            (VariableNode "$X") ; [6809953386495729144][1]
            (TypeNode "ConceptNode") ; [3788696113922021255][1]
          ) ; [9225281168777978483][1]
          (VariableNode "$P") ; [387709778315933190][1]
        ) ; [9842136452346963890][1]
        (LambdaLink
          (TypedVariableLink
            (VariableNode "$X") ; [6809953386495729144][1]
            (TypeNode "ConceptNode") ; [3788696113922021255][1]
          ) ; [9225281168777978483][1]
          (EvaluationLink
            (PredicateNode "Q") ; [1103054420470118233][1]
            (VariableNode "$X") ; [6809953386495729144][1]
          ) ; [17245685415019607328][1]
        ) ; [18185106439016476012][1]
      ) ; [12486005178452991445][1]
      (ImplicationScopeLink
        (TypedVariableLink
          (VariableNode "$X") ; [6809953386495729144][1]
          (TypeNode "ConceptNode") ; [3788696113922021255][1]
        ) ; [9225281168777978483][1]
        (VariableNode "$P") ; [387709778315933190][1]
        (EvaluationLink
          (PredicateNode "Q") ; [1103054420470118233][1]
          (VariableNode "$X") ; [6809953386495729144][1]
        ) ; [17245685415019607328][1]
      ) ; [11192136621314412047][1]
    ) ; [17919200934905872897][1]
  ) ; [18044934972332064032][1]
) ; [18167476763544570965][1]
..implication_scope_to_implication_rule = name: implication-scope-to-implication-rule
rule:
  (BindLink
    (VariableList
      (TypedVariableLink
        (VariableNode "$TyVs") ; [649798471945909599][1]
        (TypeChoice
          (TypeNode "TypedVariableLink") ; [1359961696412228875][1]
          (TypeNode "VariableList") ; [7312217543151217883][1]
        ) ; [17270728109337390039][1]
      ) ; [13113013757999594250][1]
      (VariableNode "$P") ; [387709778315933190][1]
      (VariableNode "$Q") ; [6972419301432298540][1]
    ) ; [16143732352171025651][1]
    (QuoteLink
      (ImplicationScopeLink
        (UnquoteLink
          (VariableNode "$TyVs") ; [649798471945909599][1]
        ) ; [9903358700052256331][1]
        (UnquoteLink
          (VariableNode "$P") ; [387709778315933190][1]
        ) ; [9641270006422279922][1]
        (UnquoteLink
          (VariableNode "$Q") ; [6972419301432298540][1]
        ) ; [16225979529538645272][1]
      ) ; [16591777568852201247][1]
    ) ; [16621385217964318884][1]
    (ExecutionOutputLink
      (GroundedSchemaNode "scm: implication-scope-to-implication-formula") ; [7761197575100873157][1]
      (ListLink
        (ImplicationLink
          (QuoteLink
            (LambdaLink
              (UnquoteLink
                (VariableNode "$TyVs") ; [649798471945909599][1]
              ) ; [9903358700052256331][1]
              (UnquoteLink
                (VariableNode "$P") ; [387709778315933190][1]
              ) ; [9641270006422279922][1]
            ) ; [15174807214368301906][1]
          ) ; [15204414863480419543][1]
          (QuoteLink
            (LambdaLink
              (UnquoteLink
                (VariableNode "$TyVs") ; [649798471945909599][1]
              ) ; [9903358700052256331][1]
              (UnquoteLink
                (VariableNode "$Q") ; [6972419301432298540][1]
              ) ; [16225979529538645272][1]
            ) ; [12536144700629891857][1]
          ) ; [12565752349742009494][1]
        ) ; [17801141993196596932][1]
        (QuoteLink
          (ImplicationScopeLink
            (UnquoteLink
              (VariableNode "$TyVs") ; [649798471945909599][1]
            ) ; [9903358700052256331][1]
            (UnquoteLink
              (VariableNode "$P") ; [387709778315933190][1]
            ) ; [9641270006422279922][1]
            (UnquoteLink
              (VariableNode "$Q") ; [6972419301432298540][1]
            ) ; [16225979529538645272][1]
          ) ; [16591777568852201247][1]
        ) ; [16621385217964318884][1]
      ) ; [14280523680999244645][1]
    ) ; [14406257718425435780][1]
  ) ; [15849761281054575400][1]
target = (ImplicationLink
  (VariableNode "$B-2db76aad") ; [4659857001743544359][1]
  (VariableNode "$Q-38ea0de8") ; [3836760213693964926][1]
) ; [11589877820313151996][1]
rule = (BindLink
  (VariableList
    (TypedVariableLink
      (VariableNode "$TyVs-1e473b8e") ; [7471185769683583096][-1]
      (TypeChoice
        (TypeNode "VariableList") ; [7312217543151217883][-1]
        (TypeNode "TypedVariableLink") ; [1359961696412228875][-1]
      ) ; [14052102431034746327][-1]
    ) ; [13639240020525556547][-1]
    (VariableNode "$P-24b2cd09") ; [516895619934979740][-1]
    (VariableNode "$Q-1b1cc2ca") ; [6170910299503959][-1]
  ) ; [14651950340243608557][-1]
  (QuoteLink
    (ImplicationScopeLink
      (UnquoteLink
        (VariableNode "$TyVs-1e473b8e") ; [7471185769683583096][-1]
      ) ; [16724745997789929828][-1]
      (UnquoteLink
        (VariableNode "$P-24b2cd09") ; [516895619934979740][-1]
      ) ; [9770455848041326472][-1]
      (UnquoteLink
        (VariableNode "$Q-1b1cc2ca") ; [6170910299503959][-1]
      ) ; [9259731138405850691][-1]
    ) ; [17564939519379855200][-1]
  ) ; [17594547168491972837][-1]
  (ExecutionOutputLink
    (GroundedSchemaNode "scm: implication-scope-to-implication-formula") ; [7761197575100873157][1]
    (ListLink
      (ImplicationLink
        (QuoteLink
          (LambdaLink
            (UnquoteLink
              (VariableNode "$TyVs-1e473b8e") ; [7471185769683583096][-1]
            ) ; [16724745997789929828][-1]
            (UnquoteLink
              (VariableNode "$P-24b2cd09") ; [516895619934979740][-1]
            ) ; [9770455848041326472][-1]
          ) ; [9825472959961179066][-1]
        ) ; [9855080609073296703][-1]
        (QuoteLink
          (LambdaLink
            (UnquoteLink
              (VariableNode "$TyVs-1e473b8e") ; [7471185769683583096][-1]
            ) ; [16724745997789929828][-1]
            (UnquoteLink
              (VariableNode "$Q-1b1cc2ca") ; [6170910299503959][-1]
            ) ; [9259731138405850691][-1]
          ) ; [9314748250325703285][-1]
        ) ; [9344355899437820922][-1]
      ) ; [13295783847698094992][-1]
      (QuoteLink
        (ImplicationScopeLink
          (UnquoteLink
            (VariableNode "$TyVs-1e473b8e") ; [7471185769683583096][-1]
          ) ; [16724745997789929828][-1]
          (UnquoteLink
            (VariableNode "$P-24b2cd09") ; [516895619934979740][-1]
          ) ; [9770455848041326472][-1]
          (UnquoteLink
            (VariableNode "$Q-1b1cc2ca") ; [6170910299503959][-1]
          ) ; [9259731138405850691][-1]
        ) ; [17564939519379855200][-1]
      ) ; [17594547168491972837][-1]
    ) ; [14150819419752747506][-1]
  ) ; [14276553457178938641][-1]
) ; [15849761281054575400][-1]
expected = (BindLink
  (VariableList
    (TypedVariableLink
      (VariableNode "$TyVs") ; [649798471945909599][1]
      (TypeChoice
        (TypeNode "TypedVariableLink") ; [1359961696412228875][1]
        (TypeNode "VariableList") ; [7312217543151217883][1]
      ) ; [17270728109337390039][1]
    ) ; [13113013757999594250][1]
    (VariableNode "$P") ; [387709778315933190][1]
    (VariableNode "$Q") ; [6972419301432298540][1]
  ) ; [16143732352171025651][1]
  (QuoteLink
    (ImplicationScopeLink
      (UnquoteLink
        (VariableNode "$TyVs") ; [649798471945909599][1]
      ) ; [9903358700052256331][1]
      (UnquoteLink
        (VariableNode "$P") ; [387709778315933190][1]
      ) ; [9641270006422279922][1]
      (UnquoteLink
        (VariableNode "$Q") ; [6972419301432298540][1]
      ) ; [16225979529538645272][1]
    ) ; [16591777568852201247][1]
  ) ; [16621385217964318884][1]
  (ExecutionOutputLink
    (GroundedSchemaNode "scm: implication-scope-to-implication-formula") ; [7761197575100873157][1]
    (ListLink
      (ImplicationLink
        (QuoteLink
          (LambdaLink
            (UnquoteLink
              (VariableNode "$TyVs") ; [649798471945909599][1]
            ) ; [9903358700052256331][1]
            (UnquoteLink
              (VariableNode "$P") ; [387709778315933190][1]
            ) ; [9641270006422279922][1]
          ) ; [15174807214368301906][1]
        ) ; [15204414863480419543][1]
        (QuoteLink
          (LambdaLink
            (UnquoteLink
              (VariableNode "$TyVs") ; [649798471945909599][1]
            ) ; [9903358700052256331][1]
            (UnquoteLink
              (VariableNode "$Q") ; [6972419301432298540][1]
            ) ; [16225979529538645272][1]
          ) ; [12536144700629891857][1]
        ) ; [12565752349742009494][1]
      ) ; [17801141993196596932][1]
      (QuoteLink
        (ImplicationScopeLink
          (UnquoteLink
            (VariableNode "$TyVs") ; [649798471945909599][1]
          ) ; [9903358700052256331][1]
          (UnquoteLink
            (VariableNode "$P") ; [387709778315933190][1]
          ) ; [9641270006422279922][1]
          (UnquoteLink
            (VariableNode "$Q") ; [6972419301432298540][1]
          ) ; [16225979529538645272][1]
        ) ; [16591777568852201247][1]
      ) ; [16621385217964318884][1]
    ) ; [14280523680999244645][1]
  ) ; [14406257718425435780][1]
) ; [15849761281054575400][1]
.rules = size = 1
rule[0]:
  rule:
    name: implication-and-lambda-factorization-rule
    rule:
      (BindLink
        (LocalQuoteLink
          (AndLink
            (LambdaLink
              (TypedVariableLink
                (VariableNode "$X") ; [6809953386495729144][1]
                (TypeNode "ConceptNode") ; [3788696113922021255][1]
              ) ; [9225281168777978483][-1]
              (EvaluationLink
                (PredicateNode "take") ; [3396821867884253757][1]
                (ListLink
                  (VariableNode "$X") ; [6809953386495729144][1]
                  (ConceptNode "treatment-1") ; [1169226509931710999][1]
                ) ; [14277394462883807884][-1]
              ) ; [17397103924381176088][-1]
            ) ; [12038310382464337399][-1]
            (LambdaLink
              (TypedVariableLink
                (VariableNode "$X") ; [6809953386495729144][1]
                (TypeNode "ConceptNode") ; [3788696113922021255][1]
              ) ; [9225281168777978483][-1]
              (EvaluationLink
                (PredicateNode "contain") ; [6339226537938665996][1]
                (ListLink
                  (ConceptNode "treatment-1") ; [1169226509931710999][1]
                  (ConceptNode "compound-A") ; [5571266438078870282][1]
                ) ; [17002888201513884542][-1]
              ) ; [15764859369404322745][-1]
            ) ; [13773598696778281300][-1]
          ) ; [15160843576220477621][-1]
        ) ; [15191612309611501832][-1]
        (ExecutionOutputLink
          (GroundedSchemaNode "scm: implication-and-lambda-factorization-formula") ; [2613742205956865470][1]
          (ImplicationLink
            (AndLink
              (LambdaLink
                (TypedVariableLink
                  (VariableNode "$X") ; [6809953386495729144][1]
                  (TypeNode "ConceptNode") ; [3788696113922021255][1]
                ) ; [9225281168777978483][-1]
                (EvaluationLink
                  (PredicateNode "take") ; [3396821867884253757][1]
                  (ListLink
                    (VariableNode "$X") ; [6809953386495729144][1]
                    (ConceptNode "treatment-1") ; [1169226509931710999][1]
                  ) ; [14277394462883807884][-1]
                ) ; [17397103924381176088][-1]
              ) ; [12038310382464337399][-1]
              (LambdaLink
                (TypedVariableLink
                  (VariableNode "$X") ; [6809953386495729144][1]
                  (TypeNode "ConceptNode") ; [3788696113922021255][1]
                ) ; [9225281168777978483][-1]
                (EvaluationLink
                  (PredicateNode "contain") ; [6339226537938665996][1]
                  (ListLink
                    (ConceptNode "treatment-1") ; [1169226509931710999][1]
                    (ConceptNode "compound-A") ; [5571266438078870282][1]
                  ) ; [17002888201513884542][-1]
                ) ; [15764859369404322745][-1]
              ) ; [13773598696778281300][-1]
            ) ; [15160843576220477621][-1]
            (LambdaLink
              (TypedVariableLink
                (VariableNode "$X") ; [6809953386495729144][1]
                (TypeNode "ConceptNode") ; [3788696113922021255][1]
              ) ; [9225281168777978483][-1]
              (AndLink
                (EvaluationLink
                  (PredicateNode "contain") ; [6339226537938665996][1]
                  (ListLink
                    (ConceptNode "treatment-1") ; [1169226509931710999][1]
                    (ConceptNode "compound-A") ; [5571266438078870282][1]
                  ) ; [17002888201513884542][-1]
                ) ; [15764859369404322745][-1]
                (EvaluationLink
                  (PredicateNode "take") ; [3396821867884253757][1]
                  (ListLink
                    (VariableNode "$X") ; [6809953386495729144][1]
                    (ConceptNode "treatment-1") ; [1169226509931710999][1]
                  ) ; [14277394462883807884][-1]
                ) ; [17397103924381176088][-1]
              ) ; [12633256856876027515][-1]
            ) ; [16357482405211595485][-1]
          ) ; [10931647532233323689][-1]
        ) ; [16435423088148001505][-1]
      ) ; [14761881841330215446][-1]

  typed substitutions:
    substitution:
      size = 4
      atom[0]:
        (VariableNode "$Q-38ea0de8") ; [3836760213693964926][1]
      catom[0]:
        context:
          none
        atom:
          (LambdaLink
            (TypedVariableLink
              (VariableNode "$X") ; [6809953386495729144][1]
              (TypeNode "ConceptNode") ; [3788696113922021255][1]
            ) ; [9225281168777978483][-1]
            (EvaluationLink
              (PredicateNode "contain") ; [6339226537938665996][1]
              (ListLink
                (ConceptNode "treatment-1") ; [1169226509931710999][1]
                (ConceptNode "compound-A") ; [5571266438078870282][1]
              ) ; [17002888201513884542][-1]
            ) ; [15764859369404322745][-1]
          ) ; [13773598696778281300][-1]
      atom[1]:
        (VariableNode "$A2-43b9eaa3") ; [4989828094190918016][-1]
      catom[1]:
        context:
          quotation: {level = 0, local = 0}
          shadow:
            size = 1
            atom[0]:
              (VariableNode "$X") ; [6809953386495729144][1]
          scope_variables:
            size = 1
            variables[0]:
              varseq:
                size = 1
                atom[0]:
                  (VariableNode "$X") ; [6809953386495729144][1]
              _simple_typemap:
              size = 1
              variable[0]:
                (VariableNode "$X") ; [6809953386495729144][1]
              types[0]: ConceptNode
        atom:
          (EvaluationLink
            (PredicateNode "contain") ; [6339226537938665996][1]
            (ListLink
              (ConceptNode "treatment-1") ; [1169226509931710999][1]
              (ConceptNode "compound-A") ; [5571266438078870282][1]
            ) ; [17002888201513884542][-1]
          ) ; [15764859369404322745][-1]
      atom[2]:
        (VariableNode "$A1-793de097") ; [8162157668200538648][-1]
      catom[2]:
        context:
          quotation: {level = 0, local = 0}
          shadow:
            size = 1
            atom[0]:
              (VariableNode "$X") ; [6809953386495729144][1]
          scope_variables:
            size = 1
            variables[0]:
              varseq:
                size = 1
                atom[0]:
                  (VariableNode "$X") ; [6809953386495729144][1]
              _simple_typemap:
              size = 1
              variable[0]:
                (VariableNode "$X") ; [6809953386495729144][1]
              types[0]: ConceptNode
        atom:
          (EvaluationLink
            (PredicateNode "take") ; [3396821867884253757][1]
            (ListLink
              (VariableNode "$X") ; [6809953386495729144][1]
              (ConceptNode "treatment-1") ; [1169226509931710999][1]
            ) ; [14277394462883807884][-1]
          ) ; [17397103924381176088][-1]
      atom[3]:
        (VariableNode "$TyVs-6a2748f4") ; [8373242503602854514][-1]
      catom[3]:
        context:
          quotation: {level = 0, local = 0}
          shadow:
            size = 1
            atom[0]:
              (VariableNode "$X") ; [6809953386495729144][1]
          scope_variables:
            size = 1
            variables[0]:
              varseq:
                size = 1
                atom[0]:
                  (VariableNode "$X") ; [6809953386495729144][1]
              _simple_typemap:
              size = 1
              variable[0]:
                (VariableNode "$X") ; [6809953386495729144][1]
              types[0]: ConceptNode
        atom:
          (TypedVariableLink
            (VariableNode "$X") ; [6809953386495729144][1]
            (TypeNode "ConceptNode") ; [3788696113922021255][1]
          ) ; [9225281168777978483][-1]
    vardecl:
      (VariableList
      ) ; [9224234053970933719][-1]



rule = (BindLink
  (LocalQuoteLink
    (AndLink
      (LambdaLink
        (TypedVariableLink
          (VariableNode "$X") ; [6809953386495729144][1]
          (TypeNode "ConceptNode") ; [3788696113922021255][1]
        ) ; [9225281168777978483][-1]
        (EvaluationLink
          (PredicateNode "take") ; [3396821867884253757][1]
          (ListLink
            (VariableNode "$X") ; [6809953386495729144][1]
            (ConceptNode "treatment-1") ; [1169226509931710999][1]
          ) ; [14277394462883807884][-1]
        ) ; [17397103924381176088][-1]
      ) ; [12038310382464337399][-1]
      (LambdaLink
        (TypedVariableLink
          (VariableNode "$X") ; [6809953386495729144][1]
          (TypeNode "ConceptNode") ; [3788696113922021255][1]
        ) ; [9225281168777978483][-1]
        (EvaluationLink
          (PredicateNode "contain") ; [6339226537938665996][1]
          (ListLink
            (ConceptNode "treatment-1") ; [1169226509931710999][1]
            (ConceptNode "compound-A") ; [5571266438078870282][1]
          ) ; [17002888201513884542][-1]
        ) ; [15764859369404322745][-1]
      ) ; [13773598696778281300][-1]
    ) ; [15160843576220477621][-1]
  ) ; [15191612309611501832][-1]
  (ExecutionOutputLink
    (GroundedSchemaNode "scm: implication-and-lambda-factorization-formula") ; [2613742205956865470][1]
    (ImplicationLink
      (AndLink
        (LambdaLink
          (TypedVariableLink
            (VariableNode "$X") ; [6809953386495729144][1]
            (TypeNode "ConceptNode") ; [3788696113922021255][1]
          ) ; [9225281168777978483][-1]
          (EvaluationLink
            (PredicateNode "take") ; [3396821867884253757][1]
            (ListLink
              (VariableNode "$X") ; [6809953386495729144][1]
              (ConceptNode "treatment-1") ; [1169226509931710999][1]
            ) ; [14277394462883807884][-1]
          ) ; [17397103924381176088][-1]
        ) ; [12038310382464337399][-1]
        (LambdaLink
          (TypedVariableLink
            (VariableNode "$X") ; [6809953386495729144][1]
            (TypeNode "ConceptNode") ; [3788696113922021255][1]
          ) ; [9225281168777978483][-1]
          (EvaluationLink
            (PredicateNode "contain") ; [6339226537938665996][1]
            (ListLink
              (ConceptNode "treatment-1") ; [1169226509931710999][1]
              (ConceptNode "compound-A") ; [5571266438078870282][1]
            ) ; [17002888201513884542][-1]
          ) ; [15764859369404322745][-1]
        ) ; [13773598696778281300][-1]
      ) ; [15160843576220477621][-1]
      (LambdaLink
        (TypedVariableLink
          (VariableNode "$X") ; [6809953386495729144][1]
          (TypeNode "ConceptNode") ; [3788696113922021255][1]
        ) ; [9225281168777978483][-1]
        (AndLink
          (EvaluationLink
            (PredicateNode "contain") ; [6339226537938665996][1]
            (ListLink
              (ConceptNode "treatment-1") ; [1169226509931710999][1]
              (ConceptNode "compound-A") ; [5571266438078870282][1]
            ) ; [17002888201513884542][-1]
          ) ; [15764859369404322745][-1]
          (EvaluationLink
            (PredicateNode "take") ; [3396821867884253757][1]
            (ListLink
              (VariableNode "$X") ; [6809953386495729144][1]
              (ConceptNode "treatment-1") ; [1169226509931710999][1]
            ) ; [14277394462883807884][-1]
          ) ; [17397103924381176088][-1]
        ) ; [12633256856876027515][-1]
      ) ; [16357482405211595485][-1]
    ) ; [10931647532233323689][-1]
  ) ; [16435423088148001505][-1]
) ; [14761881841330215446][-1]
expected = (BindLink
  (LocalQuoteLink
    (AndLink
      (LambdaLink
        (TypedVariableLink
          (VariableNode "$X") ; [6809953386495729144][1]
          (TypeNode "ConceptNode") ; [3788696113922021255][1]
        ) ; [9225281168777978483][1]
        (EvaluationLink
          (PredicateNode "take") ; [3396821867884253757][1]
          (ListLink
            (VariableNode "$X") ; [6809953386495729144][1]
            (ConceptNode "treatment-1") ; [1169226509931710999][1]
          ) ; [14277394462883807884][1]
        ) ; [17397103924381176088][1]
      ) ; [12038310382464337399][1]
      (LambdaLink
        (TypedVariableLink
          (VariableNode "$X") ; [6809953386495729144][1]
          (TypeNode "ConceptNode") ; [3788696113922021255][1]
        ) ; [9225281168777978483][1]
        (EvaluationLink (stv 1.000000 1.000000)
          (PredicateNode "contain") ; [6339226537938665996][1]
          (ListLink
            (ConceptNode "treatment-1") ; [1169226509931710999][1]
            (ConceptNode "compound-A") ; [5571266438078870282][1]
          ) ; [17002888201513884542][1]
        ) ; [15764859369404322745][1]
      ) ; [13773598696778281300][1]
    ) ; [15160843576220477621][1]
  ) ; [15191612309611501832][1]
  (ExecutionOutputLink
    (GroundedSchemaNode "scm: implication-and-lambda-factorization-formula") ; [2613742205956865470][1]
    (ImplicationLink
      (AndLink
        (LambdaLink
          (TypedVariableLink
            (VariableNode "$X") ; [6809953386495729144][1]
            (TypeNode "ConceptNode") ; [3788696113922021255][1]
          ) ; [9225281168777978483][1]
          (EvaluationLink
            (PredicateNode "take") ; [3396821867884253757][1]
            (ListLink
              (VariableNode "$X") ; [6809953386495729144][1]
              (ConceptNode "treatment-1") ; [1169226509931710999][1]
            ) ; [14277394462883807884][1]
          ) ; [17397103924381176088][1]
        ) ; [12038310382464337399][1]
        (LambdaLink
          (TypedVariableLink
            (VariableNode "$X") ; [6809953386495729144][1]
            (TypeNode "ConceptNode") ; [3788696113922021255][1]
          ) ; [9225281168777978483][1]
          (EvaluationLink (stv 1.000000 1.000000)
            (PredicateNode "contain") ; [6339226537938665996][1]
            (ListLink
              (ConceptNode "treatment-1") ; [1169226509931710999][1]
              (ConceptNode "compound-A") ; [5571266438078870282][1]
            ) ; [17002888201513884542][1]
          ) ; [15764859369404322745][1]
        ) ; [13773598696778281300][1]
      ) ; [15160843576220477621][1]
      (LambdaLink
        (TypedVariableLink
          (VariableNode "$X") ; [6809953386495729144][1]
          (TypeNode "ConceptNode") ; [3788696113922021255][1]
        ) ; [9225281168777978483][1]
        (AndLink
          (EvaluationLink (stv 1.000000 1.000000)
            (PredicateNode "contain") ; [6339226537938665996][1]
            (ListLink
              (ConceptNode "treatment-1") ; [1169226509931710999][1]
              (ConceptNode "compound-A") ; [5571266438078870282][1]
            ) ; [17002888201513884542][1]
          ) ; [15764859369404322745][1]
          (EvaluationLink
            (PredicateNode "take") ; [3396821867884253757][1]
            (ListLink
              (VariableNode "$X") ; [6809953386495729144][1]
              (ConceptNode "treatment-1") ; [1169226509931710999][1]
            ) ; [14277394462883807884][1]
          ) ; [17397103924381176088][1]
        ) ; [12633256856876027515][1]
      ) ; [16357482405211595485][1]
    ) ; [10931647532233323689][1]
  ) ; [16435423088148001505][1]
) ; [14761881841330215446][1]
.rule = (BindLink
  (VariableList
  ) ; [9224234053970933719][-1]
  (AndLink
    (TypedVariableLink
      (VariableNode "$X") ; [6809953386495729144][1]
      (TypeNode "ConceptNode") ; [3788696113922021255][1]
    ) ; [9225281168777978483][-1]
    (EvaluationLink
      (GroundedPredicateNode "scm: closed-lambda-introduction-precondition") ; [2671625128671955095][1]
      (EvaluationLink
        (PredicateNode "contain") ; [6339226537938665996][1]
        (ListLink
          (ConceptNode "treatment-1") ; [1169226509931710999][1]
          (ConceptNode "compound-A") ; [5571266438078870282][1]
        ) ; [17002888201513884542][-1]
      ) ; [15764859369404322745][-1]
    ) ; [13399820510605386719][-1]
    (EvaluationLink
      (PredicateNode "contain") ; [6339226537938665996][1]
      (ListLink
        (ConceptNode "treatment-1") ; [1169226509931710999][1]
        (ConceptNode "compound-A") ; [5571266438078870282][1]
      ) ; [17002888201513884542][-1]
    ) ; [15764859369404322745][-1]
  ) ; [13670001819012153973][-1]
  (ExecutionOutputLink
    (GroundedSchemaNode "scm: closed-lambda-introduction-formula") ; [5247203847721993784][1]
    (ListLink
      (LambdaLink
        (TypedVariableLink
          (VariableNode "$X") ; [6809953386495729144][1]
          (TypeNode "ConceptNode") ; [3788696113922021255][1]
        ) ; [9225281168777978483][-1]
        (EvaluationLink
          (PredicateNode "contain") ; [6339226537938665996][1]
          (ListLink
            (ConceptNode "treatment-1") ; [1169226509931710999][1]
            (ConceptNode "compound-A") ; [5571266438078870282][1]
          ) ; [17002888201513884542][-1]
        ) ; [15764859369404322745][-1]
      ) ; [13773598696778281300][-1]
      (EvaluationLink
        (PredicateNode "contain") ; [6339226537938665996][1]
        (ListLink
          (ConceptNode "treatment-1") ; [1169226509931710999][1]
          (ConceptNode "compound-A") ; [5571266438078870282][1]
        ) ; [17002888201513884542][-1]
      ) ; [15764859369404322745][-1]
    ) ; [9642277566601693962][-1]
  ) ; [9816566932217848060][-1]
) ; [17360175625994878046][-1]
expected = (BindLink
  (VariableList
  ) ; [9224234053970933719][1]
  (AndLink
    (TypedVariableLink
      (VariableNode "$X") ; [6809953386495729144][1]
      (TypeNode "ConceptNode") ; [3788696113922021255][1]
    ) ; [9225281168777978483][1]
    (EvaluationLink
      (GroundedPredicateNode "scm: closed-lambda-introduction-precondition") ; [2671625128671955095][1]
      (EvaluationLink (stv 1.000000 1.000000)
        (PredicateNode "contain") ; [6339226537938665996][1]
        (ListLink
          (ConceptNode "treatment-1") ; [1169226509931710999][1]
          (ConceptNode "compound-A") ; [5571266438078870282][1]
        ) ; [17002888201513884542][1]
      ) ; [15764859369404322745][1]
    ) ; [13399820510605386719][1]
    (EvaluationLink (stv 1.000000 1.000000)
      (PredicateNode "contain") ; [6339226537938665996][1]
      (ListLink
        (ConceptNode "treatment-1") ; [1169226509931710999][1]
        (ConceptNode "compound-A") ; [5571266438078870282][1]
      ) ; [17002888201513884542][1]
    ) ; [15764859369404322745][1]
  ) ; [13670001819012153973][1]
  (ExecutionOutputLink
    (GroundedSchemaNode "scm: closed-lambda-introduction-formula") ; [5247203847721993784][1]
    (ListLink
      (LambdaLink
        (TypedVariableLink
          (VariableNode "$X") ; [6809953386495729144][1]
          (TypeNode "ConceptNode") ; [3788696113922021255][1]
        ) ; [9225281168777978483][1]
        (EvaluationLink (stv 1.000000 1.000000)
          (PredicateNode "contain") ; [6339226537938665996][1]
          (ListLink
            (ConceptNode "treatment-1") ; [1169226509931710999][1]
            (ConceptNode "compound-A") ; [5571266438078870282][1]
          ) ; [17002888201513884542][1]
        ) ; [15764859369404322745][1]
      ) ; [13773598696778281300][1]
      (EvaluationLink (stv 1.000000 1.000000)
        (PredicateNode "contain") ; [6339226537938665996][1]
        (ListLink
          (ConceptNode "treatment-1") ; [1169226509931710999][1]
          (ConceptNode "compound-A") ; [5571266438078870282][1]
        ) ; [17002888201513884542][1]
      ) ; [15764859369404322745][1]
    ) ; [9642277566601693962][1]
  ) ; [9816566932217848060][1]
) ; [17360175625994878046][1]
.rule = (BindLink
  (VariableList
  ) ; [9224234053970933719][-1]
  (AndLink
    (TypedVariableLink
      (VariableNode "$X") ; [6809953386495729144][1]
      (TypeNode "ConceptNode") ; [3788696113922021255][1]
    ) ; [9225281168777978483][-1]
    (EvaluationLink
      (GroundedPredicateNode "scm: closed-lambda-introduction-precondition") ; [2671625128671955095][1]
      (EvaluationLink
        (PredicateNode "take") ; [3396821867884253757][1]
        (ListLink
          (VariableNode "$X") ; [6809953386495729144][1]
          (ConceptNode "compound-A") ; [5571266438078870282][1]
        ) ; [9456062354176191359][-1]
      ) ; [12575771815673559563][-1]
    ) ; [10210732956874623537][-1]
    (EvaluationLink
      (PredicateNode "take") ; [3396821867884253757][1]
      (ListLink
        (VariableNode "$X") ; [6809953386495729144][1]
        (ConceptNode "compound-A") ; [5571266438078870282][1]
      ) ; [9456062354176191359][-1]
    ) ; [12575771815673559563][-1]
  ) ; [15921489434423515481][-1]
  (ExecutionOutputLink
    (GroundedSchemaNode "scm: closed-lambda-introduction-formula") ; [5247203847721993784][1]
    (ListLink
      (LambdaLink
        (TypedVariableLink
          (VariableNode "$X") ; [6809953386495729144][1]
          (TypeNode "ConceptNode") ; [3788696113922021255][1]
        ) ; [9225281168777978483][-1]
        (EvaluationLink
          (PredicateNode "take") ; [3396821867884253757][1]
          (ListLink
            (VariableNode "$X") ; [6809953386495729144][1]
            (ConceptNode "compound-A") ; [5571266438078870282][1]
          ) ; [9456062354176191359][-1]
        ) ; [12575771815673559563][-1]
      ) ; [16440350310611496682][-1]
      (EvaluationLink
        (PredicateNode "take") ; [3396821867884253757][1]
        (ListLink
          (VariableNode "$X") ; [6809953386495729144][1]
          (ConceptNode "compound-A") ; [5571266438078870282][1]
        ) ; [9456062354176191359][-1]
      ) ; [12575771815673559563][-1]
    ) ; [11445644937674056114][-1]
  ) ; [11619934303290210212][-1]
) ; [12046069505980967524][-1]
expected = (BindLink
  (VariableList
  ) ; [9224234053970933719][1]
  (AndLink
    (TypedVariableLink
      (VariableNode "$X") ; [6809953386495729144][1]
      (TypeNode "ConceptNode") ; [3788696113922021255][1]
    ) ; [9225281168777978483][1]
    (EvaluationLink
      (GroundedPredicateNode "scm: closed-lambda-introduction-precondition") ; [2671625128671955095][1]
      (EvaluationLink
        (PredicateNode "take") ; [3396821867884253757][1]
        (ListLink
          (VariableNode "$X") ; [6809953386495729144][1]
          (ConceptNode "compound-A") ; [5571266438078870282][1]
        ) ; [9456062354176191359][1]
      ) ; [12575771815673559563][1]
    ) ; [10210732956874623537][1]
    (EvaluationLink
      (PredicateNode "take") ; [3396821867884253757][1]
      (ListLink
        (VariableNode "$X") ; [6809953386495729144][1]
        (ConceptNode "compound-A") ; [5571266438078870282][1]
      ) ; [9456062354176191359][1]
    ) ; [12575771815673559563][1]
  ) ; [15921489434423515481][1]
  (ExecutionOutputLink
    (GroundedSchemaNode "scm: closed-lambda-introduction-formula") ; [5247203847721993784][1]
    (ListLink
      (LambdaLink
        (TypedVariableLink
          (VariableNode "$X") ; [6809953386495729144][1]
          (TypeNode "ConceptNode") ; [3788696113922021255][1]
        ) ; [9225281168777978483][1]
        (EvaluationLink
          (PredicateNode "take") ; [3396821867884253757][1]
          (ListLink
            (VariableNode "$X") ; [6809953386495729144][1]
            (ConceptNode "compound-A") ; [5571266438078870282][1]
          ) ; [9456062354176191359][1]
        ) ; [12575771815673559563][1]
      ) ; [16440350310611496682][1]
      (EvaluationLink
        (PredicateNode "take") ; [3396821867884253757][1]
        (ListLink
          (VariableNode "$X") ; [6809953386495729144][1]
          (ConceptNode "compound-A") ; [5571266438078870282][1]
        ) ; [9456062354176191359][1]
      ) ; [12575771815673559563][1]
    ) ; [11445644937674056114][1]
  ) ; [11619934303290210212][1]
) ; [12046069505980967524][1]
.rule = name: conditional-direct-evaluation-implication-scope-rule
rule:
  (BindLink
    (TypedVariableLink
      (VariableNode "$I") ; [810201580149031737][1]
      (TypeNode "ImplicationScopeLink") ; [3980376687873658393][1]
    ) ; [14339336944093668966][1]
    (VariableNode "$I") ; [810201580149031737][1]
    (ExecutionOutputLink
      (GroundedSchemaNode "scm: conditional-direct-evaluation-implication-scope-formula") ; [2103813298581353303][1]
      (VariableNode "$I") ; [810201580149031737][1]
    ) ; [17156439303236135466][1]
  ) ; [12731525265691972348][1]
.OK!
;;; note: auto-compilation is enabled, set GUILE_AUTO_COMPILE=0
;;;       or pass the --no-auto-compile argument to disable.
;;; compiling /home/opencog/atomspace/tests/rule-engine/backwardchainer/bc-config.scm
;;; bc-config.scm:14:0: warning: possibly unbound variable `crisp-modus-ponens-rule-name'
;;; bc-config.scm:18:0: warning: possibly unbound variable `bc-deduction-rule-name'
;;; compiled /home/jenkins/.cache/guile/ccache/2.2-LE-8-3.A/home/opencog/atomspace/tests/rule-engine/backwardchainer/bc-config.scm.go
;;; compiling /home/opencog/atomspace/tests/rule-engine/./rules/bc-deduction-rule.scm
;;; bc-deduction-rule.scm:43:2: warning: possibly unbound variable `bool->tv'
;;; compiled /home/jenkins/.cache/guile/ccache/2.2-LE-8-3.A/home/opencog/atomspace/tests/rule-engine/rules/bc-deduction-rule.scm.go
;;; compiling /home/opencog/atomspace/tests/rule-engine/rules/crisp-deduction-rule.scm
;;; crisp-deduction-rule.scm:51:2: warning: possibly unbound variable `bool->tv'
;;; compiled /home/jenkins/.cache/guile/ccache/2.2-LE-8-3.A/home/opencog/atomspace/tests/rule-engine/rules/crisp-deduction-rule.scm.go
;;; compiling /home/opencog/atomspace/tests/rule-engine/rules/implication-scope-to-implication-rule.scm
;;; compiled /home/jenkins/.cache/guile/ccache/2.2-LE-8-3.A/home/opencog/atomspace/tests/rule-engine/rules/implication-scope-to-implication-rule.scm.go
;;; compiling /home/opencog/atomspace/tests/rule-engine/rules/implication-and-lambda-factorization-rule.scm
;;; compiled /home/jenkins/.cache/guile/ccache/2.2-LE-8-3.A/home/opencog/atomspace/tests/rule-engine/rules/implication-and-lambda-factorization-rule.scm.go
;;; compiling /home/opencog/atomspace/tests/rule-engine/rules/closed-lambda-introduction-rule.scm
;;; closed-lambda-introduction-rule.scm:53:2: warning: possibly unbound variable `bool->tv'
;;; compiled /home/jenkins/.cache/guile/ccache/2.2-LE-8-3.A/home/opencog/atomspace/tests/rule-engine/rules/closed-lambda-introduction-rule.scm.go
;;; compiling /home/opencog/atomspace/tests/rule-engine/rules/conditional-direct-evaluation.scm
;;; conditional-direct-evaluation.scm:46:51: warning: possibly unbound variable `consequent-values'
;;; conditional-direct-evaluation.scm:42:28: warning: possibly unbound variable `cog-execute!'
;;; compiled /home/jenkins/.cache/guile/ccache/2.2-LE-8-3.A/home/opencog/atomspace/tests/rule-engine/rules/conditional-direct-evaluation.scm.go
*** Error in `/home/opencog/atomspace/build/tests/rule-engine/RuleUTest': double free or corruption (!prev): 0x000000000211dbc0 ***

        Start 101: ForwardChainerUTest
101/106 Test #101: ForwardChainerUTest ..............   Passed    1.72 sec
        Start 102: BetaDistributionUTest
102/106 Test #102: BetaDistributionUTest ............   Passed    0.01 sec
        Start 103: BackwardChainerUTest
103/106 Test #103: BackwardChainerUTest .............   Passed    4.77 sec
        Start 104: ActionSelectionUTest
104/106 Test #104: ActionSelectionUTest .............   Passed    0.01 sec
        Start 105: ControlPolicyUTest
105/106 Test #105: ControlPolicyUTest ...............   Passed    0.41 sec
        Start 106: BITUTest
106/106 Test #106: BITUTest .........................   Passed    2.47 sec

96% tests passed, 4 tests failed out of 106

Total Test time (real) = 405.15 sec

The following tests FAILED:
	 25 - PutLinkUTest (OTHER_FAULT)
	 40 - AttentionUTest (Failed)
	 46 - SCMExecutionOutputUTest (OTHER_FAULT)
	100 - RuleUTest (OTHER_FAULT)
Errors while running CTest
make[3]: *** [CMakeFiles/test] Error 8
make[2]: *** [CMakeFiles/test.dir/all] Error 2
make[1]: *** [CMakeFiles/test.dir/rule] Error 2
make: *** [test] Error 2
+ DSTATUS=TESTFAIL
+ /var/lib/jenkins/status/updateStatus TESTFAIL /var/lib/jenkins/jobs/OpenCOG_U1404_AtomSpace/builds/85/log OpenCOG_U1404_AtomSpace
Already up-to-date.
