Started by user [8mha:////4L2jTPWu9zIb56dnp8RqVObesKKV2DVGI0jJXlam1DqAAAAAlx+LCAAAAAAAAP9b85aBtbiIQTGjNKU4P08vOT+vOD8nVc83PyU1x6OyILUoJzMv2y+/JJUBAhiZGBgqihhk0NSjKDWzXb3RdlLBUSYGJk8GtpzUvPSSDB8G5tKinBIGIZ+sxLJE/ZzEvHT94JKizLx0a6BxUmjGOUNodHsLgAzWEgZu/dLi1CL9xJTczDwAj6GcLcAAAAA=[0madmin
Building in workspace /var/lib/jenkins/workspace/OpenCOG_DebStab_Opencog
[OpenCOG_DebStab_Opencog] $ /bin/sh -xe /tmp/jenkins5449632150883175039.sh
+ COGDIR=../OpenCOG_DebStab
+ . ../OpenCOG_DebStab/build.docker/docker.env
+ CID=3f90d3b00a992e6efba984ff7cbcc90bac1f895d570e5065b0960955c72d1245
+ DKRUNROOT=docker exec --user root   3f90d3b00a992e6efba984ff7cbcc90bac1f895d570e5065b0960955c72d1245
+ DKRUNUSER=docker exec --user jenkins  3f90d3b00a992e6efba984ff7cbcc90bac1f895d570e5065b0960955c72d1245
+ UID=125
+ GID=132
+ LOGFILE=/var/lib/jenkins/jobs/OpenCOG_DebStab_Opencog/builds/7/log
+ cat


**********************************************************
**********************************************************
**********************************************************
**********************************************************
*****                                                *****
*****                  Opencog TEST                *****
*****                                                *****
**********************************************************
**********************************************************
**********************************************************
**********************************************************


+ echo GIT_COMMIT=
GIT_COMMIT=
+ echo GIT_BRANCH=
GIT_BRANCH=
+ echo GIT_URL=
GIT_URL=
+ WDIR=opencog/
+ JOBDIR=../OpenCOG_DebStab/dependencies
+ cat
+ chmod +x ../OpenCOG_DebStab/dependencies/job1
+ docker exec --user jenkins 3f90d3b00a992e6efba984ff7cbcc90bac1f895d570e5065b0960955c72d1245 bash dependencies/job1
+ cd opencog/
+ cd build
+ make -j8 test
[  1%] Generating MOSESPLNSynergyUTest.cpp
[  1%] Generating PLNRulesUTest.cpp
[  3%] Built target json_spirit
[  3%] Built target nlp_atom_types
[  3%] Built target attention_atom_types
[  5%] Built target agent_finder
[  8%] Built target xpatternminer
[ 15%] Built target statistics
[ 16%] Built target openpsi
[ 16%] Built target py-shell
[ 16%] Built target patternminer_atom_types
[ 16%] Generating XPatternMinerUTest.cpp
[ 16%] Built target spacetime_atom_types
[ 18%] Built target attention-types
[ 20%] Built target dimensionalembedding
[ 20%] Generating OpenPsiImplicatorUTest.cpp
[ 23%] Built target nlp-types
[ 23%] Generating OpenPsiSCMUTest.cpp
[ 25%] Built target atomspacepublishermodule
[ 33%] Built target patternindex
Scanning dependencies of target PLNRulesUTest
[ 35%] Generating OpenPsiRulesUTest.cpp
Scanning dependencies of target MOSESPLNSynergyUTest
[ 36%] Generating StatisticsUTest.cpp
[ 40%] Built target patternminer-types
[ 40%] Building CXX object tests/pln/rules/CMakeFiles/PLNRulesUTest.dir/PLNRulesUTest.cpp.o
[ 40%] Generating PatternIndexAPIUTest.cpp
[ 40%] Building CXX object tests/pln/CMakeFiles/MOSESPLNSynergyUTest.dir/MOSESPLNSynergyUTest.cpp.o
Scanning dependencies of target XPatternMinerUTest
Scanning dependencies of target OpenPsiImplicatorUTest
[ 41%] Building CXX object tests/learning/xpattern-miner/c++-based/CMakeFiles/XPatternMinerUTest.dir/XPatternMinerUTest.cpp.o
Scanning dependencies of target OpenPsiRulesUTest
Scanning dependencies of target OpenPsiSCMUTest
[ 41%] Building CXX object tests/openpsi/CMakeFiles/OpenPsiRulesUTest.dir/OpenPsiRulesUTest.cpp.o
[ 43%] Building CXX object tests/openpsi/CMakeFiles/OpenPsiSCMUTest.dir/OpenPsiSCMUTest.cpp.o
[ 45%] Building CXX object tests/openpsi/CMakeFiles/OpenPsiImplicatorUTest.dir/OpenPsiImplicatorUTest.cpp.o
Scanning dependencies of target StatisticsUTest
[ 45%] Building CXX object tests/learning/statistics/CMakeFiles/StatisticsUTest.dir/StatisticsUTest.cpp.o
Scanning dependencies of target PatternIndexAPIUTest
[ 46%] Building CXX object tests/learning/pattern-index/CMakeFiles/PatternIndexAPIUTest.dir/PatternIndexAPIUTest.cpp.o
[ 48%] Linking CXX executable StatisticsUTest
[ 48%] Built target StatisticsUTest
[ 56%] Built target server
[ 61%] Built target PatternMiner
[ 71%] Built target attention
[ 73%] Linking CXX executable OpenPsiRulesUTest
[ 73%] Linking CXX executable PatternIndexAPIUTest
[ 73%] Generating AtomSpacePublisherModuleUTest.cpp
[ 73%] Built target OpenPsiRulesUTest
CMakeFiles/PatternIndexAPIUTest.dir/PatternIndexAPIUTest.cpp.o: In function `PatternIndexAPIUTest::PatternIndexAPIUTest()':
/home/opencog/opencog/build/tests/learning/pattern-index/../../../../tests/learning/pattern-index/PatternIndexAPIUTest.cxxtest:76: warning: the use of `tmpnam' is dangerous, better use `mkstemp'
[ 73%] Linking CXX executable OpenPsiSCMUTest
[ 73%] Built target PatternIndexAPIUTest
Scanning dependencies of target AtomSpacePublisherModuleUTest
[ 73%] Generating AgentUTest.cpp
[ 75%] Building CXX object tests/persist/zmq/events/CMakeFiles/AtomSpacePublisherModuleUTest.dir/AtomSpacePublisherModuleUTest.cpp.o
[ 75%] Generating ShellUTest.cpp
Scanning dependencies of target AgentUTest
[ 75%] Building CXX object tests/server/CMakeFiles/AgentUTest.dir/AgentUTest.cpp.o
[ 75%] Built target OpenPsiSCMUTest
Scanning dependencies of target ShellUTest
[ 76%] Linking CXX executable MOSESPLNSynergyUTest
[ 78%] Building CXX object tests/server/CMakeFiles/ShellUTest.dir/ShellUTest.cpp.o
[ 78%] Generating CogServerUTest.cpp
[ 78%] Built target MOSESPLNSynergyUTest
[ 80%] Built target PythonModule
Scanning dependencies of target CogServerUTest
[ 81%] Building CXX object tests/server/CMakeFiles/CogServerUTest.dir/CogServerUTest.cpp.o
[ 81%] Linking CXX executable OpenPsiImplicatorUTest
[ 83%] Generating PyEvalUTest.cpp
Scanning dependencies of target PyEvalUTest
[ 83%] Building CXX object tests/cython/CMakeFiles/PyEvalUTest.dir/PyEvalUTest.cpp.o
[ 83%] Built target OpenPsiImplicatorUTest
[ 85%] Generating DimEmbedUTest.cpp
Scanning dependencies of target DimEmbedUTest
[ 85%] Building CXX object tests/learning/dimensionalembedding/CMakeFiles/DimEmbedUTest.dir/DimEmbedUTest.cpp.o
[ 86%] Linking CXX executable PLNRulesUTest
[ 86%] Built target PLNRulesUTest
[ 86%] Generating PatternMinerUTest.cpp
Scanning dependencies of target PatternMinerUTest
[ 88%] Building CXX object tests/learning/PatternMiner/CMakeFiles/PatternMinerUTest.dir/PatternMinerUTest.cpp.o
[ 88%] Linking CXX executable XPatternMinerUTest
[ 88%] Built target XPatternMinerUTest
[ 90%] Generating AttentionParamQueryUTest.cpp
Scanning dependencies of target AttentionParamQueryUTest
[ 90%] Building CXX object tests/attention/CMakeFiles/AttentionParamQueryUTest.dir/AttentionParamQueryUTest.cpp.o
[ 91%] Linking CXX executable AgentUTest
[ 91%] Linking CXX executable ShellUTest
[ 91%] Built target AgentUTest
[ 93%] Generating PythonModuleUTest.cpp
[ 93%] Built target ShellUTest
Scanning dependencies of target PythonModuleUTest
[ 93%] Building CXX object tests/cython/CMakeFiles/PythonModuleUTest.dir/PythonModuleUTest.cpp.o
[ 95%] Linking CXX executable PyEvalUTest
[ 95%] Linking CXX executable CogServerUTest
[ 95%] Built target PyEvalUTest
[ 95%] Built target CogServerUTest
[ 95%] Linking CXX executable PatternMinerUTest
[ 95%] Built target PatternMinerUTest
[ 96%] Linking CXX executable AttentionParamQueryUTest
[ 96%] Built target AttentionParamQueryUTest
[ 98%] Linking CXX executable DimEmbedUTest
[ 98%] Built target DimEmbedUTest
[100%] Linking CXX executable PythonModuleUTest
[100%] Built target PythonModuleUTest
[100%] Linking CXX executable AtomSpacePublisherModuleUTest
[100%] Built target AtomSpacePublisherModuleUTest
Scanning dependencies of target tests
[100%] Built target tests
Scanning dependencies of target test
[100%] Running tests...
Test project /home/opencog/opencog/build/tests
      Start  1: AttentionParamQueryUTest
 1/23 Test  #1: AttentionParamQueryUTest .........   Passed    0.23 sec
      Start  2: AtomSpacePublisherModuleUTest
 2/23 Test  #2: AtomSpacePublisherModuleUTest ....***Exception: Other  5.63 sec
Running cxxtest tests (1 test)[2018-01-25 21:10:29:730] [INFO] Using config file found at: /home/opencog/opencog/build/tests/persist/zmq/events/../../../../lib/opencog-test.conf

[2018-01-25 21:10:29:730] [DEBUG] [SystemActivityTable] constructor
[2018-01-25 21:10:29:932] [INFO] [global_python_initialize] Start
[2018-01-25 21:10:29:938] [INFO] [global_python_initialize] Adding OpenCog sys.path directories
[2018-01-25 21:10:29:938] [DEBUG] Python 'sys.path' is:
[2018-01-25 21:10:29:938] [DEBUG]      0 > /usr/local/share/opencog/python
[2018-01-25 21:10:29:938] [DEBUG]      1 > /usr/lib/python2.7
[2018-01-25 21:10:29:938] [DEBUG]      2 > /usr/lib/python2.7/plat-x86_64-linux-gnu
[2018-01-25 21:10:29:938] [DEBUG]      3 > /usr/lib/python2.7/lib-tk
[2018-01-25 21:10:29:938] [DEBUG]      4 > /usr/lib/python2.7/lib-old
[2018-01-25 21:10:29:938] [DEBUG]      5 > /usr/lib/python2.7/lib-dynload
[2018-01-25 21:10:29:938] [DEBUG]      6 > /usr/local/lib/python2.7/dist-packages
[2018-01-25 21:10:29:938] [DEBUG]      7 > /usr/lib/python2.7/dist-packages
[2018-01-25 21:10:29:938] [DEBUG]      8 > /usr/lib/python2.7/dist-packages/PILcompat
[2018-01-25 21:10:29:938] [DEBUG]      9 > /usr/lib/python2.7/dist-packages/gtk-2.0
[2018-01-25 21:10:29:966] [INFO] [global_python_initialize] Finish
[2018-01-25 21:10:29:966] [INFO] [global_python_initialize] Start
[2018-01-25 21:10:29:966] [INFO] PythonEval::initialize_python_objects_and_imports Finished initialising python evaluator.
[2018-01-25 21:10:29:966] [DEBUG] [SystemActivityTable] init
[2018-01-25 21:10:29:966] [INFO] Loading module "../../../../opencog/cogserver/modules/events/libatomspacepublishermodule.so"
[2018-01-25 21:10:29:994] [INFO] [AtomSpacePublisherModule] constructor
[2018-01-25 21:10:29:994] [DEBUG] registering opencog::Request "publisher-enable-signals"
[2018-01-25 21:10:29:994] [DEBUG] registering opencog::Request "publisher-disable-signals"
[2018-01-25 21:10:29:994] [INFO] Initializing AtomSpacePublisherModule.
AtomSpacePublisherModuleUTest: /usr/include/zmq.hpp:406: zmq::context_t::~context_t(): Assertion `rc == 0' failed.

      Start  3: CogServerUTest
 3/23 Test  #3: CogServerUTest ...................   Passed    0.87 sec
      Start  4: ShellUTest
 4/23 Test  #4: ShellUTest .......................   Passed  119.70 sec
      Start  5: AgentUTest
 5/23 Test  #5: AgentUTest .......................   Passed    0.25 sec
      Start  6: AnaphoraTest
 6/23 Test  #6: AnaphoraTest .....................***Failed    7.05 sec
Testing the bfs function ... ;;; note: auto-compilation is enabled, set GUILE_AUTO_COMPILE=0
;;;       or pass the --no-auto-compile argument to disable.
;;; compiling /usr/local/share/opencog/scm/opencog/atom-types.scm
;;; compiling /usr/local/share/opencog/scm/opencog/nlp.scm
;;; compiled /home/jenkins/.cache/guile/ccache/2.2-LE-8-3.A/usr/local/share/opencog/scm/opencog/nlp.scm.go
;;; compiling /usr/local/share/opencog/scm/opencog/nlp/types/nlp_types.scm
;;; compiled /home/jenkins/.cache/guile/ccache/2.2-LE-8-3.A/usr/local/share/opencog/scm/opencog/nlp/types/nlp_types.scm.go
;;; compiling /usr/local/share/opencog/scm/opencog/nlp/nlp-utils.scm
;;; compiled /home/jenkins/.cache/guile/ccache/2.2-LE-8-3.A/usr/local/share/opencog/scm/opencog/nlp/nlp-utils.scm.go
;;; compiling /usr/local/share/opencog/scm/opencog/nlp/relex-utils.scm
;;; compiled /home/jenkins/.cache/guile/ccache/2.2-LE-8-3.A/usr/local/share/opencog/scm/opencog/nlp/relex-utils.scm.go
;;; compiling /usr/local/share/opencog/scm/opencog/nlp/processing-utils.scm
;;; opencog/nlp/processing-utils.scm:214:32: warning: possibly unbound variable `nlp-parse'
;;; compiled /home/jenkins/.cache/guile/ccache/2.2-LE-8-3.A/usr/local/share/opencog/scm/opencog/nlp/processing-utils.scm.go
;;; compiling /usr/local/share/opencog/scm/opencog/attention.scm
;;; compiled /home/jenkins/.cache/guile/ccache/2.2-LE-8-3.A/usr/local/share/opencog/scm/opencog/attention.scm.go
;;; compiling /usr/local/share/opencog/scm/opencog/attention/attention_types.scm
;;; compiled /home/jenkins/.cache/guile/ccache/2.2-LE-8-3.A/usr/local/share/opencog/scm/opencog/attention/attention_types.scm.go
;;; compiling /usr/local/share/opencog/scm/opencog/attention/default-param-values.scm
;;; compiled /home/jenkins/.cache/guile/ccache/2.2-LE-8-3.A/usr/local/share/opencog/scm/opencog/attention/default-param-values.scm.go
;;; compiling /usr/local/share/opencog/scm/opencog/spacetime.scm
;;; compiled /home/jenkins/.cache/guile/ccache/2.2-LE-8-3.A/usr/local/share/opencog/scm/opencog/spacetime.scm.go
;;; compiling /usr/local/share/opencog/scm/opencog/spacetime/spacetime_types.scm
;;; compiled /home/jenkins/.cache/guile/ccache/2.2-LE-8-3.A/usr/local/share/opencog/scm/opencog/spacetime/spacetime_types.scm.go
;;; compiled /home/jenkins/.cache/guile/ccache/2.2-LE-8-3.A/usr/local/share/opencog/scm/opencog/atom-types.scm.go
;;; compiling /usr/local/share/opencog/scm/opencog/query.scm
;;; compiled /home/jenkins/.cache/guile/ccache/2.2-LE-8-3.A/usr/local/share/opencog/scm/opencog/query.scm.go
;;; compiling /home/opencog/opencog/build/tests/nlp/../../../opencog/nlp/anaphora/rules/getChildren.scm
;;; compiled /home/jenkins/.cache/guile/ccache/2.2-LE-8-3.A/home/opencog/opencog/opencog/nlp/anaphora/rules/getChildren.scm.go
;;; compiling /home/opencog/opencog/build/tests/nlp/../../../opencog/nlp/anaphora/rules/getNumberNode_WordInstanceNode.scm
;;; compiled /home/jenkins/.cache/guile/ccache/2.2-LE-8-3.A/home/opencog/opencog/opencog/nlp/anaphora/rules/getNumberNode_WordInstanceNode.scm.go
;;; compiling /home/opencog/opencog/build/tests/nlp/../../../opencog/nlp/anaphora/rules/getNumberNode_ParseNode.scm
;;; compiled /home/jenkins/.cache/guile/ccache/2.2-LE-8-3.A/home/opencog/opencog/opencog/nlp/anaphora/rules/getNumberNode_ParseNode.scm.go
;;; compiling /home/opencog/opencog/build/tests/nlp/../../../opencog/nlp/anaphora/rules/connectRootsToParseNodes.scm
;;; compiled /home/jenkins/.cache/guile/ccache/2.2-LE-8-3.A/home/opencog/opencog/opencog/nlp/anaphora/rules/connectRootsToParseNodes.scm.go
;;; compiling /home/opencog/opencog/build/tests/nlp/../../../opencog/nlp/anaphora/rules/getAllNumberNodes.scm
;;; compiled /home/jenkins/.cache/guile/ccache/2.2-LE-8-3.A/home/opencog/opencog/opencog/nlp/anaphora/rules/getAllNumberNodes.scm.go
;;; compiling /home/opencog/opencog/build/tests/nlp/../../../opencog/nlp/anaphora/rules/getAllParseNodes.scm
;;; compiled /home/jenkins/.cache/guile/ccache/2.2-LE-8-3.A/home/opencog/opencog/opencog/nlp/anaphora/rules/getAllParseNodes.scm.go
;;; compiling /home/opencog/opencog/build/tests/nlp/../../../opencog/nlp/anaphora/rules/getConjunction.scm
;;; compiled /home/jenkins/.cache/guile/ccache/2.2-LE-8-3.A/home/opencog/opencog/opencog/nlp/anaphora/rules/getConjunction.scm.go
;;; compiling /home/opencog/opencog/build/tests/nlp/../../../opencog/nlp/anaphora/rules/getParseNode.scm
;;; compiled /home/jenkins/.cache/guile/ccache/2.2-LE-8-3.A/home/opencog/opencog/opencog/nlp/anaphora/rules/getParseNode.scm.go
;;; compiling /home/opencog/opencog/build/tests/nlp/../../../opencog/nlp/anaphora/rules/getWords.scm
;;; compiled /home/jenkins/.cache/guile/ccache/2.2-LE-8-3.A/home/opencog/opencog/opencog/nlp/anaphora/rules/getWords.scm.go
;;; compiling /home/opencog/opencog/build/tests/nlp/../../../opencog/nlp/anaphora/rules/isIt.scm
;;; compiled /home/jenkins/.cache/guile/ccache/2.2-LE-8-3.A/home/opencog/opencog/opencog/nlp/anaphora/rules/isIt.scm.go
;;; compiling /home/opencog/opencog/build/tests/nlp/../../../opencog/nlp/anaphora/rules/filters/filter-#1.scm
;;; compiled /home/jenkins/.cache/guile/ccache/2.2-LE-8-3.A/home/opencog/opencog/opencog/nlp/anaphora/rules/filters/filter-#1.scm.go
;;; compiling /home/opencog/opencog/build/tests/nlp/../../../opencog/nlp/anaphora/rules/filters/filter-#2.scm
;;; compiled /home/jenkins/.cache/guile/ccache/2.2-LE-8-3.A/home/opencog/opencog/opencog/nlp/anaphora/rules/filters/filter-#2.scm.go
;;; compiling /home/opencog/opencog/build/tests/nlp/../../../opencog/nlp/anaphora/rules/filters/filter-#3.scm
;;; compiled /home/jenkins/.cache/guile/ccache/2.2-LE-8-3.A/home/opencog/opencog/opencog/nlp/anaphora/rules/filters/filter-#3.scm.go
;;; compiling /home/opencog/opencog/build/tests/nlp/../../../opencog/nlp/anaphora/rules/filters/filter-#4.scm
;;; compiled /home/jenkins/.cache/guile/ccache/2.2-LE-8-3.A/home/opencog/opencog/opencog/nlp/anaphora/rules/filters/filter-#4.scm.go
;;; compiling /home/opencog/opencog/build/tests/nlp/../../../opencog/nlp/anaphora/rules/filters/filter-#5.scm
;;; compiled /home/jenkins/.cache/guile/ccache/2.2-LE-8-3.A/home/opencog/opencog/opencog/nlp/anaphora/rules/filters/filter-#5.scm.go
;;; compiling /home/opencog/opencog/build/tests/nlp/../../../opencog/nlp/anaphora/rules/filters/filter-#6.scm
;;; compiled /home/jenkins/.cache/guile/ccache/2.2-LE-8-3.A/home/opencog/opencog/opencog/nlp/anaphora/rules/filters/filter-#6.scm.go
;;; compiling /home/opencog/opencog/build/tests/nlp/../../../opencog/nlp/anaphora/rules/filters/filter-#7.scm
;;; compiled /home/jenkins/.cache/guile/ccache/2.2-LE-8-3.A/home/opencog/opencog/opencog/nlp/anaphora/rules/filters/filter-#7.scm.go
;;; compiling /home/opencog/opencog/build/tests/nlp/../../../opencog/nlp/anaphora/rules/filters/filter-#8.scm
;;; compiled /home/jenkins/.cache/guile/ccache/2.2-LE-8-3.A/home/opencog/opencog/opencog/nlp/anaphora/rules/filters/filter-#8.scm.go
;;; compiling /home/opencog/opencog/build/tests/nlp/../../../opencog/nlp/anaphora/rules/filters/filter-#9.scm
;;; compiled /home/jenkins/.cache/guile/ccache/2.2-LE-8-3.A/home/opencog/opencog/opencog/nlp/anaphora/rules/filters/filter-#9.scm.go
;;; compiling /home/opencog/opencog/build/tests/nlp/../../../opencog/nlp/anaphora/rules/filters/filter-#10.scm
;;; compiled /home/jenkins/.cache/guile/ccache/2.2-LE-8-3.A/home/opencog/opencog/opencog/nlp/anaphora/rules/filters/filter-#10.scm.go
;;; compiling /home/opencog/opencog/build/tests/nlp/../../../opencog/nlp/anaphora/rules/filters/filter-#11.scm
;;; compiled /home/jenkins/.cache/guile/ccache/2.2-LE-8-3.A/home/opencog/opencog/opencog/nlp/anaphora/rules/filters/filter-#11.scm.go
;;; compiling /home/opencog/opencog/build/tests/nlp/../../../opencog/nlp/anaphora/rules/filters/filter-#12.scm
;;; compiled /home/jenkins/.cache/guile/ccache/2.2-LE-8-3.A/home/opencog/opencog/opencog/nlp/anaphora/rules/filters/filter-#12.scm.go
;;; compiling /home/opencog/opencog/build/tests/nlp/../../../opencog/nlp/anaphora/rules/filters/filter-#13.scm
;;; compiled /home/jenkins/.cache/guile/ccache/2.2-LE-8-3.A/home/opencog/opencog/opencog/nlp/anaphora/rules/filters/filter-#13.scm.go
;;; compiling ok
test_conjunctions (test_anaphora.AnaphoraUnitTester) ... FAIL
Testing the getWords function ... ok
test_pleonastic_if (test_anaphora.AnaphoraUnitTester) ... /home/opencog/opencog/build/tests/nlp/../../../opencog/nlp/anaphora/rules/filters/filter-#14.scm
;;; compiled /home/jenkins/.cache/guile/ccache/2.2-LE-8-3.A/home/opencog/opencog/opencog/nlp/anaphora/rules/filters/filter-#14.scm.go
;;; compiling /home/opencog/opencog/build/tests/nlp/../../../opencog/nlp/anaphora/rules/filters/filter-#15.scm
;;; compiled /home/jenkins/.cache/guile/ccache/2.2-LE-8-3.A/home/opencog/opencog/opencog/nlp/anaphora/rules/filters/filter-#15.scm.go
;;; compiling /home/opencog/opencog/build/tests/nlp/../../../opencog/nlp/anaphora/rules/filters/filter-#16.scm
;;; compiled /home/jenkins/.cache/guile/ccache/2.2-LE-8-3.A/home/opencog/opencog/opencog/nlp/anaphora/rules/filters/filter-#16.scm.go
;;; compiling /home/opencog/opencog/build/tests/nlp/../../../opencog/nlp/anaphora/rules/filters/filter-#17.scm
;;; compiled /home/jenkins/.cache/guile/ccache/2.2-LE-8-3.A/home/opencog/opencog/opencog/nlp/anaphora/rules/filters/filter-#17.scm.go
;;; compiling /home/opencog/opencog/build/tests/nlp/../../../opencog/nlp/anaphora/rules/filters/filter-#18.scm
;;; compiled /home/jenkins/.cache/guile/ccache/2.2-LE-8-3.A/home/opencog/opencog/opencog/nlp/anaphora/rules/filters/filter-#18.scm.go
;;; compiling /home/opencog/opencog/build/tests/nlp/../../../opencog/nlp/anaphora/rules/pre-process/pre-process-#1.scm
;;; compiled /home/jenkins/.cache/guile/ccache/2.2-LE-8-3.A/home/opencog/opencog/opencog/nlp/anaphora/rules/pre-process/pre-process-#1.scm.go
;;; compiling /home/opencog/opencog/build/tests/nlp/../../../opencog/nlp/anaphora/rules/pre-process/pre-process-#2.scm
;;; compiled /home/jenkins/.cache/guile/ccache/2.2-LE-8-3.A/home/opencog/opencog/opencog/nlp/anaphora/rules/pre-process/pre-process-#2.scm.go
;;; compiling /home/opencog/opencog/build/tests/nlp/../../../opencog/nlp/anaphora/rules/pre-process/pre-process-#3.scm
;;; compiled /home/jenkins/.cache/guile/ccache/2.2-LE-8-3.A/home/opencog/opencog/opencog/nlp/anaphora/rules/pre-process/pre-process-#3.scm.go
;;; compiling /home/opencog/opencog/build/tests/nlp/../../../opencog/nlp/anaphora/rules/pleonastic-it/pleonastic-it-#1.scm
;;; compiled /home/jenkins/.cache/guile/ccache/2.2-LE-8-3.A/home/opencog/opencog/opencog/nlp/anaphora/rules/pleonastic-it/pleonastic-it-#1.scm.go
;;; compiling /home/opencog/opencog/build/tests/nlp/../../../opencog/nlp/anaphora/rules/pleonastic-it/pleonastic-it-#2.scm
;;; compiled /home/jenkins/.cache/guile/ccache/2.2-LE-8-3.A/home/opencog/opencog/opencog/nlp/anaphora/rules/pleonastic-it/pleonastic-it-#2.scm.go
;;; compiling /home/opencog/opencog/build/tests/nlp/../../../opencog/nlp/anaphora/rules/pleonastic-it/pleonastic-it-#3.scm
;;; compiled /home/jenkins/.cache/guile/ccache/2.2-LE-8-3.A/home/opencog/opencog/opencog/nlp/anaphora/rules/pleonastic-it/pleonastic-it-#3.scm.go
;;; compiling /home/opencog/opencog/build/tests/nlp/../../../tests/nlp/anaphora/data/bfs.scm
;;; compiled /home/jenkins/.cache/guile/ccache/2.2-LE-8-3.A/home/opencog/opencog/tests/nlp/anaphora/data/bfs.scm.go
;;; compiling /home/opencog/opencog/build/tests/nlp/../../../tests/nlp/anaphora/data/conjunction.scm
;;; compiled /home/jenkins/.cache/guile/ccache/2.2-LE-8-3.A/home/opencog/opencog/tests/nlp/anaphora/data/conjunction.scm.go
;;; compiling /home/opencog/opencog/build/tests/nlp/../../../tests/nlp/anaphora/data/getWords.scm
;;; compiled /home/jenkins/.cache/guile/ccache/2.2-LE-8-3.A/home/opencog/opencog/tests/nlp/anaphora/data/getWords.scm.go
;;; compiling /home/opencog/opencog/build/tests/nlp/../../../tests/nlp/anaphora/data/pleonastic_it/data_#1.scm
;;; compiled /home/jenkins/.cache/guile/ccache/2.2-LE-8-3.A/home/opencog/opencog/tests/nlp/anaphora/data/pleonastic_it/data_#1.scm.go
;;; compiling /home/opencog/opencog/build/tests/nlp/../../../tests/nlp/anaphora/data/pleonastic_it/data_#2.scm
;;; compiled /home/jenkins/.cache/guile/ccache/2.2-LE-8-3.A/home/opencog/opencog/tests/nlp/anaphora/data/pleonastic_it/data_#2.scm.go
;;; compiling /home/opencog/opencog/build/tests/nlp/../../../tests/nlp/anaphora/data/pleonastic_it/data_#3.scm
;;; compiled FAIL
Testing the propose function ... FAIL

======================================================================
FAIL: test_conjunctions (test_anaphora.AnaphoraUnitTester)
----------------------------------------------------------------------
Traceback (most recent call last):
  File "/home/opencog/opencog/tests/nlp/anaphora/test_anaphora.py", line 430, in test_conjunctions
    self.assertFalse(self.hobbsAgent.pleonastic_it(self.getWord('waitresses')))
AssertionError: True is not false

======================================================================
FAIL: test_pleonastic_if (test_anaphora.AnaphoraUnitTester)
----------------------------------------------------------------------
Traceback (most recent call last):
  File "/home/opencog/opencog/tests/nlp/anaphora/test_anaphora.py", line 417, in test_pleonastic_if
    self.assertFalse(self.hobbsAgent.pleonastic_it(self.getWord('it')))
AssertionError: True is not false

======================================================================
FAIL: Testing the propose function
----------------------------------------------------------------------
Traceback (most recent call last):
  File "/home/opencog/opencog/tests/nlp/anaphora/test_anaphora.py", line 378, in test_propose
    filter_1()
  File "/home/opencog/opencog/tests/nlp/anaphora/test_anaphora.py", line 94, in filter_1
    self.assertTrue(self.hobbsAgent.propose(self.getWord('antecedent')))
AssertionError: False is not true

----------------------------------------------------------------------
Ran 5 tests in 6.732s

FAILED (failures=3)
accepted 
[(WordInstanceNode "b") ; [7176733813256336297][1]
, (WordInstanceNode "b") ; [7176733813256336297][1]
, (WordInstanceNode "c") ; [1954536943936637625][1]
]
accepted 
[(WordInstanceNode "c") ; [1954536943936637625][1]
, (WordInstanceNode "b") ; [7176733813256336297][1]
, (WordInstanceNode "c") ; [1954536943936637625][1]
, (WordInstanceNode "d") ; [7920996617400663969][1]
, (WordInstanceNode "e") ; [811631232188714808][1]
, (WordInstanceNode "f") ; [825601903258358495][1]
]
accepted 
[(WordInstanceNode "d") ; [7920996617400663969][1]
, (WordInstanceNode "b") ; [7176733813256336297][1]
, (WordInstanceNode "c") ; [1954536943936637625][1]
, (WordInstanceNode "d") ; [7920996617400663969][1]
, (WordInstanceNode "e") ; [811631232188714808][1]
, (WordInstanceNode "f") ; [825601903258358495][1]
, (WordInstanceNode "g") ; [7550112285569995374][1]
]
accepted 
[(WordInstanceNode "e") ; [811631232188714808][1]
, (WordInstanceNode "b") ; [7176733813256336297][1]
, (WordInstanceNode "c") ; [1954536943936637625][1]
, (WordInstanceNode "d") ; [7920996617400663969][1]
, (WordInstanceNode "e") ; [811631232188714808][1]
, (WordInstanceNode "f") ; [825601903258358495][1]
, (WordInstanceNode "g") ; [7550112285569995374][1]
]
accepted 
[(WordInstanceNode "f") ; [825601903258358495][1]
, (WordInstanceNode "b") ; [7176733813256336297][1]
, (WordInstanceNode "c") ; [1954536943936637625][1]
, (WordInstanceNode "d") ; [7920996617400663969][1]
, (WordInstanceNode "e") ; [811631232188714808][1]
, (WordInstanceNode "f") ; [825601903258358495][1]
, (WordInstanceNode "g") ; [7550112285569995374][1]
]
accepted 
[(WordInstanceNode "g") ; [7550112285569995374][1]
, (WordInstanceNode "b") ; [7176733813256336297][1]
, (WordInstanceNode "c") ; [1954536943936637625][1]
, (WordInstanceNode "d") ; [7920996617400663969][1]
, (WordInstanceNode "e") ; [811631232188714808][1]
, (WordInstanceNode "f") ; [825601903258358495][1]
, (WordInstanceNode "g") ; [7550112285569995374][1]
]
Testing filter #1...
/home/jenkins/.cache/guile/ccache/2.2-LE-8-3.A/home/opencog/opencog/tests/nlp/anaphora/data/pleonastic_it/data_#3.scm.go
;;; compiling /home/opencog/opencog/build/tests/nlp/../../../tests/nlp/anaphora/data/pleonastic_it/data_#4.scm
;;; compiled /home/jenkins/.cache/guile/ccache/2.2-LE-8-3.A/home/opencog/opencog/tests/nlp/anaphora/data/pleonastic_it/data_#4.scm.go
;;; compiling /home/opencog/opencog/build/tests/nlp/../../../tests/nlp/anaphora/data/propose/filter-#1/data_#1.scm
;;; compiled /home/jenkins/.cache/guile/ccache/2.2-LE-8-3.A/home/opencog/opencog/tests/nlp/anaphora/data/propose/filter-#1/data_#1.scm.go

      Start  7: MOSESPLNSynergyUTest
 7/23 Test  #7: MOSESPLNSynergyUTest .............   Passed    8.39 sec
      Start  8: PLNRulesUTest
 8/23 Test  #8: PLNRulesUTest ....................***Failed    2.21 sec
Running cxxtest tests (21 tests)[DEBUG] BEGIN TEST: test_deduction
[DEBUG] [PLNRulesUTest] Loaded "tests/pln/rules/simple-assertions.scm":


[DEBUG] [PLNRulesUTest] Loaded "opencog/pln/rules/term/deduction.scm":
Backtrace:
          14 (apply-smob/1 #<catch-closure 55d139bb1d40>)
          13 (apply-smob/1 #<catch-closure 55d139bb1c00>)
In ice-9/boot-9.scm:
   2312:4 12 (save-module-excursion #<procedure 55d139b5d640 at ice-â€¦>)
In ice-9/eval-string.scm:
     38:6 11 (read-and-eval #<input: string 55d139e519a0> #:lang _)
In ice-9/boot-9.scm:
   1693:5 10 (%start-stack load-stack _)
   1695:9  9 (_)
In unknown file:
           8 (primitive-load-path "opencog/pln/rules/term/deduction.â€¦")
In term/deduction.scm:
     27:0  7 (_)
In ice-9/boot-9.scm:
   2312:4  6 (save-module-excursion #<procedure 55d139dcf8a0 at ice-â€¦>)
   3836:9  5 (_)
   1693:5  4 (%start-stack load-stack _)
   1695:9  3 (_)
In unknown file:
           2 (primitive-load-path "term/formulas.scm")
In ice-9/boot-9.scm:
   751:25  1 (dispatch-exception 0 misc-error ("primitive-load-paâ€¦" â€¦))
In unknown file:
           0 (apply-smob/1 #<catch-closure 55d139bb1b80> misc-error # â€¦)

ERROR: In procedure apply-smob/1:
In procedure primitive-load-path: Unable to find file "term/formulas.scm" in load path
ABORT: misc-error

[ERROR] Backtrace:
           8 (apply-smob/1 #<catch-closure 55d139d895a0>)
           7 (apply-smob/1 #<catch-closure 55d139d89500>)
In ice-9/boot-9.scm:
   2312:4  6 (save-module-excursion #<procedure 55d139d99de0 at ice-â€¦>)
In ice-9/eval-string.scm:
     38:6  5 (read-and-eval #<input: string 55d139d93e70> #:lang _)
In ice-9/eval.scm:
   191:35  4 (_ #f)
   223:20  3 (proc #<directory (guile-user) 55d139644140>)
In unknown file:
           2 (%resolve-variable (7 . deduction-inheritance-rule) #<dâ€¦>)
In ice-9/boot-9.scm:
   751:25  1 (dispatch-exception 0 unbound-variable (#f "Unbound â€¦" â€¦))
In unknown file:
           0 (apply-smob/1 #<catch-closure 55d139d894c0> # #f "Unboâ€¦" â€¦)

ERROR: In procedure apply-smob/1:
Unbound variable: deduction-inheritance-rule
ABORT: unbound-variable
 (/home/opencog/atomspace/opencog/guile/SchemeEval.cc:926)
	Stack Trace:
	2: Logger.cc:481	  opencog::Logger::logva(opencog::Logger::Level, char const*, __va_list_tag*)
	3: Logger.cc:493	  opencog::Logger::Error::operator()(char const*, ...)
	4: exceptions.cc:55	  opencog::StandardException::parse_error_message(char const*, __va_list_tag*, bool)
	5: exceptions.cc:82	  opencog::StandardException::parse_error_message(char const*, char const*, __va_list_tag*, bool)
	6: exceptions.cc:150	  opencog::RuntimeException::RuntimeException(char const*, char const*, ...)
	7: SchemeEval.cc:926	  opencog::SchemeEval::eval_v(std::__cxx11::basic_string<char, std::char_traits<char>, std::allocator<char> > const&)
	8: SchemeEval.h:170	  opencog::SchemeEval::eval_h(std::__cxx11::basic_string<char, std::char_traits<char>, std::allocator<char> > const&)
	9: shared_ptr_base.h:661	  std::__shared_count<(__gnu_cxx::_Lock_policy)2>::~__shared_count()
	10: RealDescriptions.cpp:125	  CxxTest::RealTestDescription::run()
	11: TestRunner.h:104	  CxxTest::TestRunner::runTest(CxxTest::TestDescription&)
	12: PLNRulesUTest.cpp:20	main()
	13: [0x202b1] ??() ??:0
	14: [0x1389a] ??() ??:0


In PLNRulesUTest::test_deduction:
/home/opencog/opencog/tests/pln/rules/PLNRulesUTest.cxxtest:81: Error: Test failed: Backtrace:
           8 (apply-smob/1 #<catch-closure 55d139d895a0>)
           7 (apply-smob/1 #<catch-closure 55d139d89500>)
In ice-9/boot-9.scm:
   2312:4  6 (save-module-excursion #<procedure 55d139d99de0 at ice-â€¦>)
In ice-9/eval-string.scm:
     38:6  5 (read-and-eval #<input: string 55d139d93e70> #:lang _)
In ice-9/eval.scm:
   191:35  4 (_ #f)
   223:20  3 (proc #<directory (guile-user) 55d139644140>)
In unknown file:
           2 (%resolve-variable (7 . deduction-inheritance-rule) #<dâ€¦>)
In ice-9/boot-9.scm:
   751:25  1 (dispatch-exception 0 unbound-variable (#f "Unbound â€¦" â€¦))
In unknown file:
           0 (apply-smob/1 #<catch-closure 55d139d894c0> # #f "Unboâ€¦" â€¦)

ERROR: In procedure apply-smob/1:
Unbound variable: deduction-inheritance-rule
ABORT: unbound-variable
 (/home/opencog/atomspace/opencog/guile/SchemeEval.cc:926)
[DEBUG] BEGIN TEST: test_and_introduction
[DEBUG] [PLNRulesUTest] Loaded "tests/pln/rules/simple-predicates.scm":
(PredicateNode "Q" (stv 0.6 1))


[DEBUG] [PLNRulesUTest] Loaded "opencog/pln/rules/wip/and-introduction.scm":
(DefineLink
   (DefinedSchemaNode "and-introduction-grounded-evaluation-rule")
   (BindLink
      (VariableList
         (TypedVariableLink
            (VariableNode "$A")
            (TypeNode "EvaluationLink")
         )
         (TypedVariableLink
            (VariableNode "$B")
            (TypeNode "EvaluationLink")
         )
         (TypedVariableLink
            (VariableNode "$C")
            (TypeNode "EvaluationLink")
         )
      )
      (AndLink
         (VariableNode "$A")
         (VariableNode "$C")
         (VariableNode "$B")
         (NotLink
            (EqualLink
               (VariableNode "$A")
               (VariableNode "$C")
            )
         )
         (NotLink
            (EqualLink
               (VariableNode "$A")
               (VariableNode "$B")
            )
         )
         (EvaluationLink
            (GroundedPredicateNode "scm: fully-grounded")
            (ListLink
               (VariableNode "$A")
            )
         )
         (NotLink
            (EqualLink
               (VariableNode "$C")
               (VariableNode "$B")
            )
         )
         (EvaluationLink
            (GroundedPredicateNode "scm: fully-grounded")
            (ListLink
               (VariableNode "$C")
            )
         )
         (EvaluationLink
            (GroundedPredicateNode "scm: fully-grounded")
            (ListLink
               (VariableNode "$B")
            )
         )
      )
      (ExecutionOutputLink
         (GroundedSchemaNode "scm: and-introduction-grounded-evaluation-formula")
         (ListLink
            (VariableNode "$A")
            (VariableNode "$B")
            (VariableNode "$C")
         )
      )
   )
)


.[DEBUG] BEGIN TEST: test_or_introduction
[DEBUG] [PLNRulesUTest] Loaded "tests/pln/rules/simple-predicates.scm":
(PredicateNode "Q" (stv 0.6 1))


[DEBUG] [PLNRulesUTest] Loaded "opencog/pln/rules/wip/or-introduction.scm":
(DefineLink
   (DefinedSchemaNode "or-introduction-rule")
   (BindLink
      (VariableList
         (TypedVariableLink
            (VariableNode "$A")
            (TypeChoice
               (TypeNode "PredicateNode")
               (TypeNode "ConceptNode")
            )
         )
         (TypedVariableLink
            (VariableNode "$B")
            (TypeChoice
               (TypeNode "PredicateNode")
               (TypeNode "ConceptNode")
            )
         )
      )
      (AndLink
         (VariableNode "$A")
         (VariableNode "$B")
         (NotLink
            (EqualLink
               (VariableNode "$A")
               (VariableNode "$B")
            )
         )
      )
      (ExecutionOutputLink
         (GroundedSchemaNode "scm: or-introduction-formula")
         (ListLink
            (VariableNode "$A")
            (VariableNode "$B")
         )
      )
   )
)


.[DEBUG] BEGIN TEST: test_not_introduction
[DEBUG] [PLNRulesUTest] Loaded "tests/pln/rules/simple-predicates.scm":
(PredicateNode "Q" (stv 0.6 1))


[DEBUG] [PLNRulesUTest] Loaded "opencog/pln/rules/wip/not-introduction.scm":
(DefineLink
   (DefinedSchemaNode "not-introduction-rule")
   (BindLink
      (VariableList
         (TypedVariableLink
            (VariableNode "$A")
            (TypeChoice
               (TypeNode "PredicateNode")
               (TypeNode "ConceptNode")
            )
         )
      )
      (VariableNode "$A")
      (ExecutionOutputLink
         (GroundedSchemaNode "scm: not-introduction-formula")
         (ListLink
            (VariableNode "$A")
         )
      )
   )
)


.[DEBUG] BEGIN TEST: test_forall_full_instantiation
[DEBUG] [PLNRulesUTest] Loaded "tests/pln/rules/simple-forall.scm":
(ForAllLink (stv 1 1)
   (TypedVariableLink
      (VariableNode "$X")
      (TypeNode "ConceptNode")
   )
   (ImplicationLink
      (EvaluationLink
         (PredicateNode "P")
         (VariableNode "$X")
      )
      (EvaluationLink
         (PredicateNode "P")
         (VariableNode "$X")
      )
   )
)


[DEBUG] [PLNRulesUTest] Loaded "opencog/pln/rules/wip/forall-instantiation.scm":
(DefineLink
   (DefinedSchemaNode "forall-partial-instantiation-rule")
   (BindLink
      (VariableList
         (TypedVariableLink
            (VariableNode "$TyVs")
            (TypeNode "VariableList")
         )
         (VariableNode "$B")
      )
      (QuoteLink
         (ForAllLink
            (UnquoteLink
               (VariableNode "$TyVs")
            )
            (UnquoteLink
               (VariableNode "$B")
            )
         )
      )
      (ExecutionOutputLink
         (GroundedSchemaNode "scm: forall-partial-instantiation-formula")
         (ListLink
            (VariableNode "$TyVs")
            (VariableNode "$B")
         )
      )
   )
)


.[DEBUG] BEGIN TEST: test_forall_partial_instantiation
[DEBUG] [PLNRulesUTest] Loaded "tests/pln/rules/simple-forall.scm":
(ForAllLink (stv 1 1)
   (TypedVariableLink
      (VariableNode "$X")
      (TypeNode "ConceptNode")
   )
   (ImplicationLink
      (EvaluationLink
         (PredicateNode "P")
         (VariableNode "$X")
      )
      (EvaluationLink
         (PredicateNode "P")
         (VariableNode "$X")
      )
   )
)


[DEBUG] [PLNRulesUTest] Loaded "opencog/pln/rules/wip/forall-instantiation.scm":
(DefineLink
   (DefinedSchemaNode "forall-partial-instantiation-rule")
   (BindLink
      (VariableList
         (TypedVariableLink
            (VariableNode "$TyVs")
            (TypeNode "VariableList")
         )
         (VariableNode "$B")
      )
      (QuoteLink
         (ForAllLink
            (UnquoteLink
               (VariableNode "$TyVs")
            )
            (UnquoteLink
               (VariableNode "$B")
            )
         )
      )
      (ExecutionOutputLink
         (GroundedSchemaNode "scm: forall-partial-instantiation-formula")
         (ListLink
            (VariableNode "$TyVs")
            (VariableNode "$B")
         )
      )
   )
)


.[DEBUG] BEGIN TEST: test_forall_implication_to_higher_order
[DEBUG] [PLNRulesUTest] Loaded "tests/pln/rules/simple-forall.scm":
(ForAllLink (stv 1 1)
   (TypedVariableLink
      (VariableNode "$X")
      (TypeNode "ConceptNode")
   )
   (ImplicationLink
      (EvaluationLink
         (PredicateNode "P")
         (VariableNode "$X")
      )
      (EvaluationLink
         (PredicateNode "P")
         (VariableNode "$X")
      )
   )
)


[DEBUG] [PLNRulesUTest] Loaded "opencog/pln/rules/wip/forall-implication-to-higher-order.scm":
(DefineLink
   (DefinedSchemaNode "forall-implication-to-higher-order-rule")
   (BindLink
      (VariableList
         (TypedVariableLink
            (VariableNode "$TyVs")
            (TypeChoice
               (TypeNode "TypedVariableLink")
               (TypeNode "VariableList")
            )
         )
         (TypedVariableLink
            (VariableNode "$Impl")
            (TypeNode "ImplicationLink")
         )
      )
      (QuoteLink
         (ForAllLink
            (UnquoteLink
               (VariableNode "$TyVs")
            )
            (UnquoteLink
               (VariableNode "$Impl")
            )
         )
      )
      (ExecutionOutputLink
         (GroundedSchemaNode "scm: forall-implication-to-higher-order-formula")
         (ListLink
            (VariableNode "$TyVs")
            (VariableNode "$Impl")
         )
      )
   )
)


[DEBUG] results = (SetLink
  (ImplicationLink (stv 1.000000 1.000000)
    (LambdaLink
      (TypedVariableLink
        (VariableNode "$X") ; [6809953386495729144][1]
        (TypeNode "ConceptNode") ; [3788696113922021255][1]
      ) ; [9225281168777978483][1]
      (EvaluationLink
        (PredicateNode "P") ; [2213889286841575705][1]
        (VariableNode "$X") ; [6809953386495729144][1]
      ) ; [17009747857858600672][1]
    ) ; [17949168881855469356][1]
    (LambdaLink
      (TypedVariableLink
        (VariableNode "$X") ; [6809953386495729144][1]
        (TypeNode "ConceptNode") ; [3788696113922021255][1]
      ) ; [9225281168777978483][1]
      (EvaluationLink
        (PredicateNode "P") ; [2213889286841575705][1]
        (VariableNode "$X") ; [6809953386495729144][1]
      ) ; [17009747857858600672][1]
    ) ; [17949168881855469356][1]
  ) ; [12304348726284166735][1]
) ; [12319442821909952197][1]

.[DEBUG] expected = (SetLink
  (ImplicationLink (stv 1.000000 1.000000)
    (LambdaLink
      (TypedVariableLink
        (VariableNode "$X") ; [6809953386495729144][1]
        (TypeNode "ConceptNode") ; [3788696113922021255][1]
      ) ; [9225281168777978483][1]
      (EvaluationLink
        (PredicateNode "P") ; [2213889286841575705][1]
        (VariableNode "$X") ; [6809953386495729144][1]
      ) ; [17009747857858600672][1]
    ) ; [17949168881855469356][1]
    (LambdaLink
      (TypedVariableLink
        (VariableNode "$X") ; [6809953386495729144][1]
        (TypeNode "ConceptNode") ; [3788696113922021255][1]
      ) ; [9225281168777978483][1]
      (EvaluationLink
        (PredicateNode "P") ; [2213889286841575705][1]
        (VariableNode "$X") ; [6809953386495729144][1]
      ) ; [17009747857858600672][1]
    ) ; [17949168881855469356][1]
  ) ; [12304348726284166735][1]
) ; [12319442821909952197][1]

[DEBUG] BEGIN TEST: test_implication_full_instantiation
[DEBUG] [PLNRulesUTest] Loaded "tests/pln/rules/simple-implication.scm":
(ImplicationLink (stv 1 1)
   (PredicateNode "P")
   (PredicateNode "Q")
)


[DEBUG] [PLNRulesUTest] Loaded "opencog/pln/rules/wip/implication-instantiation.scm":
(DefineLink
   (DefinedSchemaNode "implication-partial-instantiation-rule")
   (BindLink
      (VariableList
         (TypedVariableLink
            (VariableNode "$TyVs")
            (TypeNode "VariableList")
         )
         (VariableNode "$P")
         (VariableNode "$Q")
      )
      (QuoteLink
         (ImplicationScopeLink
            (UnquoteLink
               (VariableNode "$TyVs")
            )
            (UnquoteLink
               (VariableNode "$P")
            )
            (UnquoteLink
               (VariableNode "$Q")
            )
         )
      )
      (ExecutionOutputLink
         (GroundedSchemaNode "scm: implication-partial-instantiation-formula")
         (ListLink
            (QuoteLink
               (ImplicationScopeLink
                  (UnquoteLink
                     (VariableNode "$TyVs")
                  )
                  (UnquoteLink
                     (VariableNode "$P")
                  )
                  (UnquoteLink
                     (VariableNode "$Q")
                  )
               )
            )
         )
      )
   )
)


[DEBUG] results = (SetLink
  (EvaluationLink (stv 1.000000 0.960000)
    (PredicateNode "Q") ; [1103054420470118233][1]
    (ListLink
      (ConceptNode "B") ; [241327676611018844][1]
      (ConceptNode "A") ; [6977206836600634430][1]
    ) ; [15458283211017134999][1]
  ) ; [16670643202686237375][1]
  (EvaluationLink (stv 1.000000 0.800000)
    (PredicateNode "Q") ; [1103054420470118233][1]
    (ConceptNode "A") ; [6977206836600634430][1]
  ) ; [17412938865124512614][1]
) ; [14639947498134717755][1]

.[DEBUG] expected = (SetLink
  (EvaluationLink (stv 1.000000 0.960000)
    (PredicateNode "Q") ; [1103054420470118233][1]
    (ListLink
      (ConceptNode "B") ; [241327676611018844][1]
      (ConceptNode "A") ; [6977206836600634430][1]
    ) ; [15458283211017134999][1]
  ) ; [16670643202686237375][1]
  (EvaluationLink (stv 1.000000 0.800000)
    (PredicateNode "Q") ; [1103054420470118233][1]
    (ConceptNode "A") ; [6977206836600634430][1]
  ) ; [17412938865124512614][1]
) ; [14639947498134717755][1]

[DEBUG] BEGIN TEST: test_implication_full_instantiation_extra_variables
[DEBUG] [PLNRulesUTest] Loaded "tests/pln/rules/implication-extra-variables.scm":
(EvaluationLink (stv 1 1)
   (PredicateNode "P")
   (ConceptNode "A")
)


[DEBUG] [PLNRulesUTest] Loaded "opencog/pln/rules/wip/implication-instantiation.scm":
(DefineLink
   (DefinedSchemaNode "implication-partial-instantiation-rule")
   (BindLink
      (VariableList
         (TypedVariableLink
            (VariableNode "$TyVs")
            (TypeNode "VariableList")
         )
         (VariableNode "$P")
         (VariableNode "$Q")
      )
      (QuoteLink
         (ImplicationScopeLink
            (UnquoteLink
               (VariableNode "$TyVs")
            )
            (UnquoteLink
               (VariableNode "$P")
            )
            (UnquoteLink
               (VariableNode "$Q")
            )
         )
      )
      (ExecutionOutputLink
         (GroundedSchemaNode "scm: implication-partial-instantiation-formula")
         (ListLink
            (QuoteLink
               (ImplicationScopeLink
                  (UnquoteLink
                     (VariableNode "$TyVs")
                  )
                  (UnquoteLink
                     (VariableNode "$P")
                  )
                  (UnquoteLink
                     (VariableNode "$Q")
                  )
               )
            )
         )
      )
   )
)


.[DEBUG] results = (SetLink
  (EvaluationLink (stv 1.000000 0.800000)
    (PredicateNode "Q") ; [1103054420470118233][1]
    (ListLink
      (ConceptNode "A") ; [6977206836600634430][1]
      (ConceptNode "A") ; [6977206836600634430][1]
    ) ; [16381366606159829945][1]
  ) ; [17593726597828932321][1]
) ; [17608820693454717783][1]

[DEBUG] expected = (SetLink
  (EvaluationLink (stv 1.000000 0.800000)
    (PredicateNode "Q") ; [1103054420470118233][1]
    (ListLink
      (ConceptNode "A") ; [6977206836600634430][1]
      (ConceptNode "A") ; [6977206836600634430][1]
    ) ; [16381366606159829945][1]
  ) ; [17593726597828932321][1]
) ; [17608820693454717783][1]

[DEBUG] BEGIN TEST: test_implication_partial_instantiation
[DEBUG] [PLNRulesUTest] Loaded "tests/pln/rules/simple-implication.scm":
(ImplicationLink (stv 1 1)
   (PredicateNode "P")
   (PredicateNode "Q")
)


[DEBUG] [PLNRulesUTest] Loaded "opencog/pln/rules/wip/implication-instantiation.scm":
(DefineLink
   (DefinedSchemaNode "implication-partial-instantiation-rule")
   (BindLink
      (VariableList
         (TypedVariableLink
            (VariableNode "$TyVs")
            (TypeNode "VariableList")
         )
         (VariableNode "$P")
         (VariableNode "$Q")
      )
      (QuoteLink
         (ImplicationScopeLink
            (UnquoteLink
               (VariableNode "$TyVs")
            )
            (UnquoteLink
               (VariableNode "$P")
            )
            (UnquoteLink
               (VariableNode "$Q")
            )
         )
      )
      (ExecutionOutputLink
         (GroundedSchemaNode "scm: implication-partial-instantiation-formula")
         (ListLink
            (QuoteLink
               (ImplicationScopeLink
                  (UnquoteLink
                     (VariableNode "$TyVs")
                  )
                  (UnquoteLink
                     (VariableNode "$P")
                  )
                  (UnquoteLink
                     (VariableNode "$Q")
                  )
               )
            )
         )
      )
   )
)


.[DEBUG] results = (SetLink
  (ImplicationScopeLink (stv 1.000000 1.000000)
    (TypedVariableLink
      (VariableNode "$Y") ; [5319120082979945173][1]
      (TypeNode "ConceptNode") ; [3788696113922021255][1]
    ) ; [15368014373885762288][1]
    (EvaluationLink
      (PredicateNode "P") ; [2213889286841575705][1]
      (ListLink
        (ConceptNode "A") ; [6977206836600634430][1]
        (VariableNode "$Y") ; [5319120082979945173][1]
      ) ; [14723279852539140688][1]
    ) ; [15699702287047236408][1]
    (EvaluationLink
      (PredicateNode "Q") ; [1103054420470118233][1]
      (ListLink
        (VariableNode "$Y") ; [5319120082979945173][1]
        (ConceptNode "A") ; [6977206836600634430][1]
      ) ; [17004735957805739312][1]
    ) ; [18217095949474841688][1]
  ) ; [16343311253396650220][1]
) ; [16358405349022435682][1]

[DEBUG] possible_results_1 = (SetLink
  (ImplicationScopeLink
    (TypedVariableLink
      (VariableNode "$X") ; [6809953386495729144][1]
      (TypeNode "ConceptNode") ; [3788696113922021255][1]
    ) ; [9225281168777978483][1]
    (EvaluationLink
      (PredicateNode "P") ; [2213889286841575705][1]
      (ListLink
        (VariableNode "$X") ; [6809953386495729144][1]
        (ConceptNode "B") ; [241327676611018844][1]
      ) ; [13349495629563115729][1]
    ) ; [14325918064071211449][1]
    (EvaluationLink
      (PredicateNode "Q") ; [1103054420470118233][1]
      (ListLink
        (ConceptNode "B") ; [241327676611018844][1]
        (VariableNode "$X") ; [6809953386495729144][1]
      ) ; [15291029760912229713][1]
    ) ; [16503389752581332089][1]
  ) ; [17950672363692661087][1]
) ; [17965766459318446549][1]

[DEBUG] possible_results_2 = (SetLink
  (ImplicationScopeLink (stv 1.000000 1.000000)
    (TypedVariableLink
      (VariableNode "$Y") ; [5319120082979945173][1]
      (TypeNode "ConceptNode") ; [3788696113922021255][1]
    ) ; [15368014373885762288][1]
    (EvaluationLink
      (PredicateNode "P") ; [2213889286841575705][1]
      (ListLink
        (ConceptNode "A") ; [6977206836600634430][1]
        (VariableNode "$Y") ; [5319120082979945173][1]
      ) ; [14723279852539140688][1]
    ) ; [15699702287047236408][1]
    (EvaluationLink
      (PredicateNode "Q") ; [1103054420470118233][1]
      (ListLink
        (VariableNode "$Y") ; [5319120082979945173][1]
        (ConceptNode "A") ; [6977206836600634430][1]
      ) ; [17004735957805739312][1]
    ) ; [18217095949474841688][1]
  ) ; [16343311253396650220][1]
) ; [16358405349022435682][1]

[DEBUG] BEGIN TEST: test_implication_scope_to_implication
[DEBUG] [PLNRulesUTest] Loaded "tests/pln/rules/simple-implication.scm":
(ImplicationLink (stv 1 1)
   (PredicateNode "P")
   (PredicateNode "Q")
)


[DEBUG] [PLNRulesUTest] Loaded "opencog/pln/rules/wip/implication-scope-to-implication.scm":
(DefineLink
   (DefinedSchemaNode "implication-scope-to-implication-rule")
   (BindLink
      (VariableList
         (TypedVariableLink
            (VariableNode "$TyVs")
            (TypeChoice
               (TypeNode "TypedVariableLink")
               (TypeNode "VariableList")
            )
         )
         (VariableNode "$P")
         (VariableNode "$Q")
      )
      (QuoteLink
         (ImplicationScopeLink
            (UnquoteLink
               (VariableNode "$TyVs")
            )
            (UnquoteLink
               (VariableNode "$P")
            )
            (UnquoteLink
               (VariableNode "$Q")
            )
         )
      )
      (ExecutionOutputLink
         (GroundedSchemaNode "scm: implication-scope-to-implication-formula")
         (ListLink
            (ImplicationLink
               (QuoteLink
                  (LambdaLink
                     (UnquoteLink
                        (VariableNode "$TyVs")
                     )
                     (UnquoteLink
                        (VariableNode "$P")
                     )
                  )
               )
               (QuoteLink
                  (LambdaLink
                     (UnquoteLink
                        (VariableNode "$TyVs")
                     )
                     (UnquoteLink
                        (VariableNode "$Q")
                     )
                  )
               )
            )
            (QuoteLink
               (ImplicationScopeLink
                  (UnquoteLink
                     (VariableNode "$TyVs")
                  )
                  (UnquoteLink
                     (VariableNode "$P")
                  )
                  (UnquoteLink
                     (VariableNode "$Q")
                  )
               )
            )
         )
      )
   )
)


results = (SetLink
  (ImplicationLink (stv 1.000000 1.000000)
    (LambdaLink
      (TypedVariableLink
        (VariableNode "$X") ; [6809953386495729144][1]
        (TypeNode "ConceptNode") ; [3788696113922021255][1]
      ) ; [9225281168777978483][1]
      (EvaluationLink
        (PredicateNode "dummy-implicant") ; [5139476396159911888][1]
        (VariableNode "$X") ; [6809953386495729144][1]
      ) ; [12097030059961160823][1]
    ) ; [13036451083958029036][1]
    (LambdaLink
      (TypedVariableLink
        (VariableNode "$X") ; [6809953386495729144][1]
        (TypeNode "ConceptNode") ; [3788696113922021255][1]
      ) ; [9225281168777978483][1]
      (EvaluationLink
        (PredicateNode "dummy-implicand") ; [970581742967573218][1]
        (VariableNode "$X") ; [6809953386495729144][1]
      ) ; [12874087057435621833][1]
    ) ; [13813508081432490517][1]
  ) ; [12069697258631621880][1]
  (ImplicationLink (stv 1.000000 1.000000)
    (LambdaLink
      (TypedVariableLink
        (VariableNode "$X") ; [6809953386495729144][1]
        (TypeNode "ConceptNode") ; [3788696113922021255][1]
      ) ; [9225281168777978483][1]
      (EvaluationLink (stv 0.200000 0.900000)
        (PredicateNode "P") ; [2213889286841575705][1]
        (VariableNode "$X") ; [6809953386495729144][1]
      ) ; [17009747857858600672][1]
    ) ; [17949168881855469356][1]
    (LambdaLink
      (TypedVariableLink
        (VariableNode "$X") ; [6809953386495729144][1]
        (TypeNode "ConceptNode") ; [3788696113922021255][1]
      ) ; [9225281168777978483][1]
      (EvaluationLink
        (PredicateNode "Q") ; [1103054420470118233][1]
        (VariableNode "$X") ; [6809953386495729144][1]
      ) ; [17245685415019607328][1]
    ) ; [18185106439016476012][1]
  ) ; [12540286283445173391][1]
  (ImplicationLink (stv 1.000000 1.000000)
    (LambdaLink
      (VariableList
        (TypedVariableLink
          (VariableNode "$X") ; [6809953386495729144][1]
          (TypeNode "ConceptNode") ; [3788696113922021255][1]
        ) ; [9225281168777978483][1]
        (TypedVariableLink
          (VariableNode "$Y") ; [5319120082979945173][1]
          (TypeNode "ConceptNode") ; [3788696113922021255][1]
        ) ; [15368014373885762288][1]
      ) ; [16369752366847415642][1]
      (EvaluationLink (stv 0.040000 0.600000)
        (PredicateNode "P") ; [2213889286841575705][1]
        (ListLink
          (VariableNode "$X") ; [6809953386495729144][1]
          (VariableNode "$Y") ; [5319120082979945173][1]
        ) ; [18427288035932042058][1]
      ) ; [10180338433585361970][1]
    ) ; [18102432007526708032][1]
    (LambdaLink
      (VariableList
        (TypedVariableLink
          (VariableNode "$X") ; [6809953386495729144][1]
          (TypeNode "ConceptNode") ; [3788696113922021255][1]
        ) ; [9225281168777978483][1]
        (TypedVariableLink
          (VariableNode "$Y") ; [5319120082979945173][1]
          (TypeNode "ConceptNode") ; [3788696113922021255][1]
        ) ; [15368014373885762288][1]
      ) ; [16369752366847415642][1]
      (EvaluationLink
        (PredicateNode "Q") ; [1103054420470118233][1]
        (ListLink
          (VariableNode "$Y") ; [5319120082979945173][1]
          (VariableNode "$X") ; [6809953386495729144][1]
        ) ; [16837482507700834026][1]
      ) ; [18049842499369936402][1]
    ) ; [18338369565224583136][1]
  ) ; [17751232556804156823][1]
) ; [15114826446581484788][1]
expected = (SetLink
  (ImplicationLink (stv 1.000000 1.000000)
    (LambdaLink
      (TypedVariableLink
        (VariableNode "$X") ; [6809953386495729144][1]
        (TypeNode "ConceptNode") ; [3788696113922021255][1]
      ) ; [9225281168777978483][1]
      (EvaluationLink
        (PredicateNode "dummy-implicant") ; [5139476396159911888][1]
        (VariableNode "$X") ; [6809953386495729144][1]
      ) ; [12097030059961160823][1]
    ) ; [13036451083958029036][1]
    (LambdaLink
      (TypedVariableLink
        (VariableNode "$X") ; [6809953386495729144][1]
        (TypeNode "ConceptNode") ; [3788696113922021255][1]
      ) ; [9225281168777978483][1]
      (EvaluationLink
        (PredicateNode "dummy-implicand") ; [970581742967573218][1]
        (VariableNode "$X") ; [6809953386495729144][1]
      ) ; [12874087057435621833][1]
    ) ; [13813508081432490517][1]
  ) ; [12069697258631621880][1]
  (ImplicationLink (stv 1.000000 1.000000)
    (LambdaLink
      (TypedVariableLink
        (VariableNode "$X") ; [6809953386495729144][1]
        (TypeNode "ConceptNode") ; [3788696113922021255][1]
      ) ; [9225281168777978483][1]
      (EvaluationLink (stv 0.200000 0.900000)
        (PredicateNode "P") ; [2213889286841575705][1]
        (VariableNode "$X") ; [6809953386495729144][1]
      ) ; [17009747857858600672][1]
    ) ; [17949168881855469356][1]
    (LambdaLink
      (TypedVariableLink
        (VariableNode "$X") ; [6809953386495729144][1]
        (TypeNode "ConceptNode") ; [3788696113922021255][1]
      ) ; [9225281168777978483][1]
      (EvaluationLink
        (PredicateNode "Q") ; [1103054420470118233][1]
        (VariableNode "$X") ; [6809953386495729144][1]
      ) ; [17245685415019607328][1]
    ) ; [18185106439016476012][1]
  ) ; [12540286283445173391][1]
  (ImplicationLink (stv 1.000000 1.000000)
    (LambdaLink
      (VariableList
        (TypedVariableLink
          (VariableNode "$X") ; [6809953386495729144][1]
          (TypeNode "ConceptNode") ; [3788696113922021255][1]
        ) ; [9225281168777978483][1]
        (TypedVariableLink
          (VariableNode "$Y") ; [5319120082979945173][1]
          (TypeNode "ConceptNode") ; [3788696113922021255][1]
        ) ; [15368014373885762288][1]
      ) ; [16369752366847415642][1]
      (EvaluationLink (stv 0.040000 0.600000)
        (PredicateNode "P") ; [2213889286841575705][1]
        (ListLink
          (VariableNode "$X") ; [6809953386495729144][1]
          (VariableNode "$Y") ; [5319120082979945173][1]
        ) ; [18427288035932042058][1]
      ) ; [10180338433585361970][1]
    ) ; [18102432007526708032][1]
    (LambdaLink
      (VariableList
        (TypedVariableLink
          (VariableNode "$X") ; [6809953386495729144][1]
          (TypeNode "ConceptNode") ; [3788696113922021255][1]
        ) ; [9225281168777978483][1]
        (TypedVariableLink
          (VariableNode "$Y") ; [5319120082979945173][1]
          (TypeNode "ConceptNode") ; [3788696113922021255][1]
        ) ; [15368014373885762288][1]
      ) ; [16369752366847415642][1]
      (EvaluationLink
        (PredicateNode "Q") ; [1103054420470118233][1]
        (ListLink
          (VariableNode "$Y") ; [5319120082979945173][1]
          (VariableNode "$X") ; [6809953386495729144][1]
        ) ; [16837482507700834026][1]
      ) ; [18049842499369936402][1]
    ) ; [18338369565224583136][1]
  ) ; [17751232556804156823][1]
) ; [15114826446581484788][1]
.[DEBUG] BEGIN TEST: test_and_lambda_distribution
[DEBUG] [PLNRulesUTest] Loaded "tests/pln/rules/simple-lambda.scm":
(AndLink
   (LambdaLink
      (VariableNode "$X")
      (EvaluationLink (stv 0.4 0.7)
         (PredicateNode "P")
         (ConceptNode "A")
      )
   )
   (LambdaLink (stv 0.6 0.3)
      (VariableNode "$X")
      (AndLink
         (EvaluationLink
            (PredicateNode "P")
            (VariableNode "$X")
         )
         (EvaluationLink
            (PredicateNode "Q")
            (VariableNode "$X")
         )
      )
   )
)


[DEBUG] [PLNRulesUTest] Loaded "opencog/pln/rules/wip/and-lambda-distribution.scm":
(DefineLink
   (DefinedSchemaNode "and-lambda-distribution-rule")
   (BindLink
      (VariableList
         (TypedVariableLink
            (VariableNode "$TyVs")
            (TypeChoice
               (TypeNode "TypedVariableLink")
               (TypeNode "VariableNode")
               (TypeNode "VariableList")
            )
         )
         (TypedVariableLink
            (VariableNode "$And")
            (TypeNode "AndLink")
         )
      )
      (QuoteLink
         (LambdaLink
            (UnquoteLink
               (VariableNode "$TyVs")
            )
            (UnquoteLink
               (VariableNode "$And")
            )
         )
      )
      (ExecutionOutputLink
         (GroundedSchemaNode "scm: and-lambda-distribution-formula")
         (ListLink
            (QuoteLink
               (LambdaLink
                  (UnquoteLink
                     (VariableNode "$TyVs")
                  )
                  (UnquoteLink
                     (VariableNode "$And")
                  )
               )
            )
         )
      )
   )
)


results = (SetLink
  (AndLink (stv 0.600000 0.300000)
    (LambdaLink
      (VariableNode "$X") ; [6809953386495729144][1]
      (EvaluationLink
        (PredicateNode "P") ; [2213889286841575705][1]
        (VariableNode "$X") ; [6809953386495729144][1]
      ) ; [17009747857858600672][1]
    ) ; [17949168881578691228][1]
    (LambdaLink
      (VariableNode "$X") ; [6809953386495729144][1]
      (EvaluationLink
        (PredicateNode "Q") ; [1103054420470118233][1]
        (VariableNode "$X") ; [6809953386495729144][1]
      ) ; [17245685415019607328][1]
    ) ; [18185106438739697884][1]
  ) ; [11716496978150502786][1]
) ; [11731591073776288248][1]
expected = (SetLink
  (AndLink (stv 0.600000 0.300000)
    (LambdaLink
      (VariableNode "$X") ; [6809953386495729144][1]
      (EvaluationLink
        (PredicateNode "P") ; [2213889286841575705][1]
        (VariableNode "$X") ; [6809953386495729144][1]
      ) ; [17009747857858600672][1]
    ) ; [17949168881578691228][1]
    (LambdaLink
      (VariableNode "$X") ; [6809953386495729144][1]
      (EvaluationLink
        (PredicateNode "Q") ; [1103054420470118233][1]
        (VariableNode "$X") ; [6809953386495729144][1]
      ) ; [17245685415019607328][1]
    ) ; [18185106438739697884][1]
  ) ; [11716496978150502786][1]
) ; [11731591073776288248][1]
.[DEBUG] BEGIN TEST: test_implication_implicant_distribution
[DEBUG] [PLNRulesUTest] Loaded "tests/pln/rules/simple-implication.scm":
(ImplicationLink (stv 1 1)
   (PredicateNode "P")
   (PredicateNode "Q")
)


[DEBUG] [PLNRulesUTest] Loaded "opencog/pln/rules/wip/implication-implicant-distribution.scm":
(DefineLink
   (DefinedSchemaNode "implication-implicant-distribution-rule")
   (BindLink
      (VariableList
         (TypedVariableLink
            (VariableNode "$P")
            (TypeChoice
               (TypeNode "PredicateNode")
               (TypeNode "LambdaLink")
            )
         )
         (TypedVariableLink
            (VariableNode "$Q")
            (TypeChoice
               (TypeNode "PredicateNode")
               (TypeNode "LambdaLink")
            )
         )
      )
      (AndLink
         (ImplicationLink
            (VariableNode "$P")
            (VariableNode "$Q")
         )
         (EvaluationLink
            (GroundedPredicateNode "scm: gt-zero-confidence")
            (ImplicationLink
               (VariableNode "$P")
               (VariableNode "$Q")
            )
         )
      )
      (ExecutionOutputLink
         (GroundedSchemaNode "scm: implication-implicant-distribution-formula")
         (ListLink
            (ImplicationLink
               (VariableNode "$P")
               (AndLink
                  (VariableNode "$P")
                  (VariableNode "$Q")
               )
            )
            (ImplicationLink
               (VariableNode "$P")
               (VariableNode "$Q")
            )
         )
      )
   )
)


results = (SetLink
  (ImplicationLink (stv 1.000000 1.000000)
    (PredicateNode "P") ; [2213889286841575705][1]
    (AndLink
      (PredicateNode "Q") ; [1103054420470118233][1]
      (PredicateNode "P") ; [2213889286841575705][1]
    ) ; [11672568894665571868][1]
  ) ; [12495728204357999820][1]
) ; [12510822299983785282][1]
expected = (SetLink
  (ImplicationLink (stv 1.000000 1.000000)
    (PredicateNode "P") ; [2213889286841575705][1]
    (AndLink
      (PredicateNode "Q") ; [1103054420470118233][1]
      (PredicateNode "P") ; [2213889286841575705][1]
    ) ; [11672568894665571868][1]
  ) ; [12495728204357999820][1]
) ; [12510822299983785282][1]
.[DEBUG] BEGIN TEST: test_implication_introduction
[DEBUG] [PLNRulesUTest] Loaded "tests/pln/rules/simple-predicates.scm":
(PredicateNode "Q" (stv 0.6 1))


[DEBUG] [PLNRulesUTest] Loaded "opencog/pln/rules/wip/implication-introduction.scm":
(DefineLink
   (DefinedSchemaNode "implication-introduction-rule")
   (BindLink
      (VariableList
         (TypedVariableLink
            (VariableNode "$P")
            (TypeChoice
               (TypeNode "PredicateNode")
               (TypeNode "LambdaLink")
            )
         )
         (TypedVariableLink
            (VariableNode "$Q")
            (TypeChoice
               (TypeNode "PredicateNode")
               (TypeNode "LambdaLink")
            )
         )
      )
      (AndLink
         (VariableNode "$P")
         (VariableNode "$Q")
         (NotLink
            (EqualLink
               (VariableNode "$P")
               (VariableNode "$Q")
            )
         )
         (EvaluationLink
            (GroundedPredicateNode "scm: implication-introduction-precondition")
            (ListLink
               (VariableNode "$P")
               (VariableNode "$Q")
            )
         )
      )
      (ExecutionOutputLink
         (GroundedSchemaNode "scm: implication-introduction-formula")
         (ListLink
            (ImplicationLink
               (VariableNode "$P")
               (VariableNode "$Q")
            )
            (VariableNode "$P")
            (VariableNode "$Q")
         )
      )
   )
)


results = (SetLink
  (ImplicationLink (stv 0.600000 1.000000)
    (PredicateNode "P" (stv 0.200000 1.000000)) ; [2213889286841575705][1]
    (PredicateNode "Q" (stv 0.600000 1.000000)) ; [1103054420470118233][1]
  ) ; [11149585767017321993][1]
  (ImplicationLink (stv 0.200000 1.000000)
    (PredicateNode "Q" (stv 0.600000 1.000000)) ; [1103054420470118233][1]
    (PredicateNode "P" (stv 0.200000 1.000000)) ; [2213889286841575705][1]
  ) ; [12496358190549786121][1]
) ; [11995912183581299816][1]
expected = (SetLink
  (ImplicationLink (stv 0.600000 1.000000)
    (PredicateNode "P" (stv 0.200000 1.000000)) ; [2213889286841575705][1]
    (PredicateNode "Q" (stv 0.600000 1.000000)) ; [1103054420470118233][1]
  ) ; [11149585767017321993][1]
  (ImplicationLink (stv 0.200000 1.000000)
    (PredicateNode "Q" (stv 0.600000 1.000000)) ; [1103054420470118233][1]
    (PredicateNode "P" (stv 0.200000 1.000000)) ; [2213889286841575705][1]
  ) ; [12496358190549786121][1]
) ; [11995912183581299816][1]
.[DEBUG] BEGIN TEST: test_closed_lambda_introduction
[DEBUG] [PLNRulesUTest] Loaded "tests/pln/rules/simple-lambda.scm":
(AndLink
   (LambdaLink
      (VariableNode "$X")
      (EvaluationLink (stv 0.4 0.7)
         (PredicateNode "P")
         (ConceptNode "A")
      )
   )
   (LambdaLink (stv 0.6 0.3)
      (VariableNode "$X")
      (AndLink
         (EvaluationLink
            (PredicateNode "P")
            (VariableNode "$X")
         )
         (EvaluationLink
            (PredicateNode "Q")
            (VariableNode "$X")
         )
      )
   )
)


[DEBUG] [PLNRulesUTest] Loaded "opencog/pln/rules/wip/closed-lambda-introduction.scm":
(DefineLink
   (DefinedSchemaNode "closed-lambda-introduction-rule")
   (BindLink
      (VariableList
         (TypedVariableLink
            (VariableNode "$V")
            (TypeChoice
               (TypeNode "TypedVariableLink")
               (TypeNode "VariableList")
               (TypeNode "VariableNode")
            )
         )
         (TypedVariableLink
            (VariableNode "$B")
            (TypeNode "EvaluationLink")
         )
      )
      (AndLink
         (VariableNode "$V")
         (VariableNode "$B")
         (EvaluationLink
            (GroundedPredicateNode "scm: closed-lambda-introduction-precondition")
            (VariableNode "$B")
         )
      )
      (ExecutionOutputLink
         (GroundedSchemaNode "scm: closed-lambda-introduction-formula")
         (ListLink
            (QuoteLink
               (LambdaLink
                  (UnquoteLink
                     (VariableNode "$V")
                  )
                  (UnquoteLink
                     (VariableNode "$B")
                  )
               )
            )
            (VariableNode "$B")
         )
      )
   )
)


results = (SetLink
  (LambdaLink (stv 0.400000 0.700000)
    (VariableNode "$X") ; [6809953386495729144][1]
    (EvaluationLink (stv 0.400000 0.700000)
      (PredicateNode "P") ; [2213889286841575705][1]
      (ConceptNode "A") ; [6977206836600634430][1]
    ) ; [17177001307963505958][1]
  ) ; [15703003681307772240][1]
  (LambdaLink (stv 0.400000 0.700000)
    (TypedVariableLink
      (VariableNode "$B") ; [4905990271079964112][1]
      (TypeNode "EvaluationLink") ; [9191314558674562418][1]
    ) ; [16360721062793704246][1]
    (EvaluationLink (stv 0.400000 0.700000)
      (PredicateNode "P") ; [2213889286841575705][1]
      (ConceptNode "A") ; [6977206836600634430][1]
    ) ; [17177001307963505958][1]
  ) ; [15703003682847350577][1]
  (LambdaLink (stv 0.400000 0.700000)
    (TypedVariableLink
      (VariableNode "$V") ; [4586185897468188423][1]
      (TypeChoice
        (TypeNode "TypedVariableLink") ; [1359961696412228875][1]
        (TypeNode "VariableList") ; [7312217543151217883][1]
        (TypeNode "VariableNode") ; [5990260802578042438][1]
      ) ; [13298594162570589437][1]
    ) ; [9914456337501133528][1]
    (EvaluationLink (stv 0.400000 0.700000)
      (PredicateNode "P") ; [2213889286841575705][1]
      (ConceptNode "A") ; [6977206836600634430][1]
    ) ; [17177001307963505958][1]
  ) ; [15703003684853992005][1]
  (LambdaLink (stv 0.400000 0.700000)
    (VariableList
      (TypedVariableLink
        (VariableNode "$V") ; [4586185897468188423][1]
        (TypeChoice
          (TypeNode "TypedVariableLink") ; [1359961696412228875][1]
          (TypeNode "VariableList") ; [7312217543151217883][1]
          (TypeNode "VariableNode") ; [5990260802578042438][1]
        ) ; [13298594162570589437][1]
      ) ; [9914456337501133528][1]
      (TypedVariableLink
        (VariableNode "$B") ; [4905990271079964112][1]
        (TypeNode "EvaluationLink") ; [9191314558674562418][1]
      ) ; [16360721062793704246][1]
    ) ; [12435123513055146661][1]
    (EvaluationLink (stv 0.400000 0.700000)
      (PredicateNode "P") ; [2213889286841575705][1]
      (ConceptNode "A") ; [6977206836600634430][1]
    ) ; [17177001307963505958][1]
  ) ; [15856266806782638504][1]
) ; [12291965199335687172][1]
expected = (LambdaLink (stv 0.400000 0.700000)
  (VariableNode "$X") ; [6809953386495729144][1]
  (EvaluationLink (stv 0.400000 0.700000)
    (PredicateNode "P") ; [2213889286841575705][1]
    (ConceptNode "A") ; [6977206836600634430][1]
  ) ; [17177001307963505958][1]
) ; [15703003681307772240][1]
.[DEBUG] BEGIN TEST: test_equivalence_to_implication
[DEBUG] [PLNRulesUTest] Loaded "tests/pln/rules/simple-equivalence.scm":
(EquivalenceLink (stv 0.6 0.7)
   (PredicateNode "Q" (stv 0.12 0.4))
   (PredicateNode "P" (stv 0.1 0.5))
)


[DEBUG] [PLNRulesUTest] Loaded "opencog/pln/rules/wip/equivalence-to-implication.scm":
(DefineLink
   (DefinedSchemaNode "equivalence-to-implication-rule")
   (BindLink
      (VariableList
         (VariableNode "$A")
         (VariableNode "$B")
      )
      (AndLink
         (EvaluationLink
            (GroundedPredicateNode "scm: gt-zero-confidence")
            (EquivalenceLink
               (VariableNode "$A")
               (VariableNode "$B")
            )
         )
         (EquivalenceLink
            (VariableNode "$A")
            (VariableNode "$B")
         )
      )
      (ExecutionOutputLink
         (GroundedSchemaNode "scm: equivalence-to-implication-formula")
         (ListLink
            (ImplicationLink
               (VariableNode "$A")
               (VariableNode "$B")
            )
            (EquivalenceLink
               (VariableNode "$A")
               (VariableNode "$B")
            )
         )
      )
   )
)


results = (SetLink
  (ImplicationLink (stv 0.825000 0.700000)
    (PredicateNode "P" (stv 0.100000 0.500000)) ; [2213889286841575705][1]
    (PredicateNode "Q" (stv 0.120000 0.400000)) ; [1103054420470118233][1]
  ) ; [11149585767017321993][1]
  (ImplicationLink (stv 0.687500 0.700000)
    (PredicateNode "Q" (stv 0.120000 0.400000)) ; [1103054420470118233][1]
    (PredicateNode "P" (stv 0.100000 0.500000)) ; [2213889286841575705][1]
  ) ; [12496358190549786121][1]
) ; [11995912183581299816][1]
expected = (SetLink
  (ImplicationLink (stv 0.825000 0.700000)
    (PredicateNode "P" (stv 0.100000 0.500000)) ; [2213889286841575705][1]
    (PredicateNode "Q" (stv 0.120000 0.400000)) ; [1103054420470118233][1]
  ) ; [11149585767017321993][1]
  (ImplicationLink (stv 0.687500 0.700000)
    (PredicateNode "Q" (stv 0.120000 0.400000)) ; [1103054420470118233][1]
    (PredicateNode "P" (stv 0.100000 0.500000)) ; [2213889286841575705][1]
  ) ; [12496358190549786121][1]
) ; [11995912183581299816][1]
.[DEBUG] BEGIN TEST: test_implication_and_lambda_factorization
[DEBUG] [PLNRulesUTest] Loaded "tests/pln/rules/simple-lambda.scm":
(AndLink
   (LambdaLink
      (VariableNode "$X")
      (EvaluationLink (stv 0.4 0.7)
         (PredicateNode "P")
         (ConceptNode "A")
      )
   )
   (LambdaLink (stv 0.6 0.3)
      (VariableNode "$X")
      (AndLink
         (EvaluationLink
            (PredicateNode "P")
            (VariableNode "$X")
         )
         (EvaluationLink
            (PredicateNode "Q")
            (VariableNode "$X")
         )
      )
   )
)


[DEBUG] [PLNRulesUTest] Loaded "opencog/pln/rules/wip/implication-and-lambda-factorization.scm":
(DefineLink
   (DefinedSchemaNode "implication-and-lambda-factorization-rule")
   (BindLink
      (VariableList
         (TypedVariableLink
            (VariableNode "$TyVs")
            (TypeChoice
               (TypeNode "TypedVariableLink")
               (TypeNode "VariableNode")
               (TypeNode "VariableList")
            )
         )
         (TypedVariableLink
            (VariableNode "$A1")
            (TypeNode "EvaluationLink")
         )
         (TypedVariableLink
            (VariableNode "$A2")
            (TypeNode "EvaluationLink")
         )
      )
      (LocalQuoteLink
         (AndLink
            (QuoteLink
               (LambdaLink
                  (UnquoteLink
                     (VariableNode "$TyVs")
                  )
                  (UnquoteLink
                     (VariableNode "$A2")
                  )
               )
            )
            (QuoteLink
               (LambdaLink
                  (UnquoteLink
                     (VariableNode "$TyVs")
                  )
                  (UnquoteLink
                     (VariableNode "$A1")
                  )
               )
            )
         )
      )
      (ExecutionOutputLink
         (GroundedSchemaNode "scm: implication-and-lambda-factorization-formula")
         (ImplicationLink
            (AndLink
               (QuoteLink
                  (LambdaLink
                     (UnquoteLink
                        (VariableNode "$TyVs")
                     )
                     (UnquoteLink
                        (VariableNode "$A2")
                     )
                  )
               )
               (QuoteLink
                  (LambdaLink
                     (UnquoteLink
                        (VariableNode "$TyVs")
                     )
                     (UnquoteLink
                        (VariableNode "$A1")
                     )
                  )
               )
            )
            (QuoteLink
               (LambdaLink
                  (UnquoteLink
                     (VariableNode "$TyVs")
                  )
                  (UnquoteLink
                     (AndLink
                        (VariableNode "$A2")
                        (VariableNode "$A1")
                     )
                  )
               )
            )
         )
      )
   )
)


results = (SetLink
  (ImplicationLink (stv 1.000000 1.000000)
    (AndLink
      (LambdaLink
        (VariableNode "$X") ; [6809953386495729144][1]
        (EvaluationLink
          (PredicateNode "P") ; [2213889286841575705][1]
          (VariableNode "$X") ; [6809953386495729144][1]
        ) ; [17009747857858600672][1]
      ) ; [17949168881578691228][1]
      (LambdaLink
        (VariableNode "$X") ; [6809953386495729144][1]
        (EvaluationLink
          (PredicateNode "Q") ; [1103054420470118233][1]
          (VariableNode "$X") ; [6809953386495729144][1]
        ) ; [17245685415019607328][1]
      ) ; [18185106438739697884][1]
    ) ; [11716496978150502786][1]
    (LambdaLink (stv 0.600000 0.300000)
      (VariableNode "$X") ; [6809953386495729144][1]
      (AndLink
        (EvaluationLink
          (PredicateNode "P") ; [2213889286841575705][1]
          (VariableNode "$X") ; [6809953386495729144][1]
        ) ; [17009747857858600672][1]
        (EvaluationLink
          (PredicateNode "Q") ; [1103054420470118233][1]
          (VariableNode "$X") ; [6809953386495729144][1]
        ) ; [17245685415019607328][1]
      ) ; [16669670319086527114][1]
    ) ; [17456476609709368689][1]
  ) ; [18271040479534012842][1]
) ; [18286134575159798304][1]
expected = (SetLink
  (ImplicationLink (stv 1.000000 1.000000)
    (AndLink
      (LambdaLink
        (VariableNode "$X") ; [6809953386495729144][1]
        (EvaluationLink
          (PredicateNode "P") ; [2213889286841575705][1]
          (VariableNode "$X") ; [6809953386495729144][1]
        ) ; [17009747857858600672][1]
      ) ; [17949168881578691228][1]
      (LambdaLink
        (VariableNode "$X") ; [6809953386495729144][1]
        (EvaluationLink
          (PredicateNode "Q") ; [1103054420470118233][1]
          (VariableNode "$X") ; [6809953386495729144][1]
        ) ; [17245685415019607328][1]
      ) ; [18185106438739697884][1]
    ) ; [11716496978150502786][1]
    (LambdaLink (stv 0.600000 0.300000)
      (VariableNode "$X") ; [6809953386495729144][1]
      (AndLink
        (EvaluationLink
          (PredicateNode "P") ; [2213889286841575705][1]
          (VariableNode "$X") ; [6809953386495729144][1]
        ) ; [17009747857858600672][1]
        (EvaluationLink
          (PredicateNode "Q") ; [1103054420470118233][1]
          (VariableNode "$X") ; [6809953386495729144][1]
        ) ; [17245685415019607328][1]
      ) ; [16669670319086527114][1]
    ) ; [17456476609709368689][1]
  ) ; [18271040479534012842][1]
) ; [18286134575159798304][1]
.[DEBUG] BEGIN TEST: test_implication_implicant_conjunction
[DEBUG] [PLNRulesUTest] Loaded "tests/pln/rules/simple-implication-implicant-conjunction.scm":
(ImplicationLink (stv 0.2 0.6)
   (PredicateNode "P2" (stv 0.01 0.7))
   (PredicateNode "Q" (stv 0.05 0.8))
)


;;; note: auto-compilation is enabled, set GUILE_AUTO_COMPILE=0
;;;       or pass the --no-auto-compile argument to disable.
;;; compiling /home/opencog/opencog/tests/pln/rules/simple-assertions.scm
;;; compiled /home/jenkins/.cache/guile/ccache/2.2-LE-8-3.A/home/opencog/opencog/tests/pln/rules/simple-assertions.scm.go
;;; compiling /home/opencog/opencog/tests/pln/rules/simple-predicates.scm
;;; compiled /home/jenkins/.cache/guile/ccache/2.2-LE-8-3.A/home/opencog/opencog/tests/pln/rules/simple-predicates.scm.go
;;; compiling /home/opencog/opencog/opencog/pln/rules/wip/and-introduction.scm
;;; compiled /home/jenkins/.cache/guile/ccache/2.2-LE-8-3.A/home/opencog/opencog/opencog/pln/rules/wip/and-introduction.scm.go
;;; compiling /home/opencog/opencog/opencog/pln/rules/wip/or-introduction.scm
;;; compiled /home/jenkins/.cache/guile/ccache/2.2-LE-8-3.A/home/opencog/opencog/opencog/pln/rules/wip/or-introduction.scm.go
;;; compiling /home/opencog/opencog/opencog/pln/rules/wip/not-introduction.scm
;;; compiled /home/jenkins/.cache/guile/ccache/2.2-LE-8-3.A/home/opencog/opencog/opencog/pln/rules/wip/not-introduction.scm.go
;;; compiling /home/opencog/opencog/tests/pln/rules/simple-forall.scm
;;; compiled /home/jenkins/.cache/guile/ccache/2.2-LE-8-3.A/home/opencog/opencog/tests/pln/rules/simple-forall.scm.go
;;; compiling /home/opencog/opencog/opencog/pln/rules/wip/forall-instantiation.scm
;;; opencog/pln/rules/wip/forall-instantiation.scm:89:24: warning: possibly unbound variable `select-substitution-term'
;;; opencog/pln/rules/wip/forall-instantiation.scm:93:24: warning: possibly unbound variable `select-substitution-terms'
;;; opencog/pln/rules/wip/forall-instantiation.scm:88:17: warning: possibly unbound variable `cog-logger-error'
;;; opencog/pln/rules/wip/forall-instantiation.scm:146:26: warning: possibly unbound variable `select-rm-rnd-outgoing'
;;; opencog/pln/rules/wip/forall-instantiation.scm:151:16: warning: possibly unbound variable `select-substitution-term'
;;; compiled /home/jenkins/.cache/guile/ccache/2.2-LE-8-3.A/home/opencog/opencog/opencog/pln/rules/wip/forall-instantiation.scm.go
;;; compiling /home/opencog/opencog/opencog/pln/rules/wip/forall-implication-to-higher-order.scm
;;; compiled /home/jenkins/.cache/guile/ccache/2.2-LE-8-3.A/home/opencog/opencog/opencog/pln/rules/wip/forall-implication-to-higher-order.scm.go
;;; compiling /home/opencog/opencog/tests/pln/rules/simple-implication.scm
;;; compiled /home/jenkins/.cache/guile/ccache/2.2-LE-8-3.A/home/opencog/opencog/tests/pln/rules/simple-implication.scm.go
;;; compiling /home/opencog/opencog/tests/pln/rules/implication-extra-variables.scm
;;; compiled /home/jenkins/.cache/guile/ccache/2.2-LE-8-3.A/home/opencog/opencog/tests/pln/rules/implication-extra-variables.scm.go
;;; compiling /home/opencog/opencog/tests/pln/rules/simple-lambda.scm
;;; compiled /home/jenkins/.cache/guile/ccache/2.2-LE-8-3.A/home/opencog/opencog/tests/pln/rules/simple-lambda.scm.go
;;; compiling /home/opencog/opencog/opencog/pln/rules/wip/closed-lambda-introduction.scm
;;; compiled /home/jenkins/.cache/guile/ccache/2.2-LE-8-3.A/home/opencog/opencog/opencog/pln/rules/wip/closed-lambda-introduction.scm.go
;;; compiling /home/opencog/opencog/tests/pln/rules/simple-equivalence.scm
;;; compiled /home/jenkins/.cache/guile/ccache/2.2-LE-8-3.A/home/opencog/opencog/tests/pln/rules/simple-equivalence.scm.go
;;; compiling /home/opencog/opencog/tests/pln/rules/simple-implication-implicant-conjunction.scm
;;; compiled /home/jenkins/.cache/guile/ccache/2.2-LE-8-3.A/home/opencog/opencog/tests/pln/rules/simple-implication-implicant-conjunction.scm.go
;;; compiling /home/opencog/opencog/opencog/pln/rules/wip/implication-implicant-conjunction.scm
;;; opencog/pln/rules/wip/implication-implicant-conjunction.scm:120:11: warning: possibly unbound variable `conditional-probability-consistency'
;;; opencog/pln/rules/wip/implication-implicant-conjunction.scm:121:11: warning: possibly unbound variable `conditional-probability-consistency'
;;; compiled [DEBUG] [PLNRulesUTest] Loaded "opencog/pln/rules/wip/implication-implicant-conjunction.scm":
(DefineLink
   (DefinedSchemaNode "implication-implicant-conjunction-rule")
   (BindLink
      (VariableList
         (TypedVariableLink
            (VariableNode "$A")
            (TypeChoice
               (TypeNode "PredicateNode")
               (TypeNode "LambdaLink")
            )
         )
         (TypedVariableLink
            (VariableNode "$B")
            (TypeChoice
               (TypeNode "PredicateNode")
               (TypeNode "LambdaLink")
            )
         )
         (TypedVariableLink
            (VariableNode "$C")
            (TypeChoice
               (TypeNode "PredicateNode")
               (TypeNode "LambdaLink")
            )
         )
      )
      (AndLink
         (ImplicationLink
            (VariableNode "$B")
            (VariableNode "$C")
         )
         (ImplicationLink
            (VariableNode "$A")
            (VariableNode "$C")
         )
         (NotLink
            (EqualLink
               (VariableNode "$A")
               (VariableNode "$B")
            )
         )
      )
      (ExecutionOutputLink
         (GroundedSchemaNode "scm: implication-implicant-conjunction-formula")
         (ListLink
            (ImplicationLink
               (AndLink
                  (VariableNode "$A")
                  (VariableNode "$B")
               )
               (VariableNode "$C")
            )
            (VariableNode "$A")
            (VariableNode "$B")
            (VariableNode "$C")
            (ImplicationLink
               (VariableNode "$A")
               (VariableNode "$C")
            )
            (ImplicationLink
               (VariableNode "$B")
               (VariableNode "$C")
            )
         )
      )
   )
)


results = (SetLink
  (ImplicationLink (stv 0.400000 0.600000)
    (AndLink (stv 0.000200 0.600000)
      (PredicateNode "P2" (stv 0.010000 0.700000)) ; [1258862597075794181][1]
      (PredicateNode "P1" (stv 0.020000 0.600000)) ; [6016309567546459597][1]
    ) ; [11393286966502986236][1]
    (PredicateNode "Q" (stv 0.050000 0.800000)) ; [1103054420470118233][1]
  ) ; [9698431979636267852][1]
) ; [9713526075262053314][1]
expected = (SetLink
  (ImplicationLink (stv 0.400000 0.600000)
    (AndLink (stv 0.000200 0.600000)
      (PredicateNode "P2" (stv 0.010000 0.700000)) ; [1258862597075794181][1]
      (PredicateNode "P1" (stv 0.020000 0.600000)) ; [6016309567546459597][1]
    ) ; [11393286966502986236][1]
    (PredicateNode "Q" (stv 0.050000 0.800000)) ; [1103054420470118233][1]
  ) ; [9698431979636267852][1]
) ; [9713526075262053314][1]
.[DEBUG] BEGIN TEST: test_implication_direct_evaluation
[DEBUG] [PLNRulesUTest] Loaded "tests/pln/rules/implication-direct-evaluation.scm":
(EvaluationLink (stv 1 1)
   (PredicateNode "Q")
   (ConceptNode "E")
)


[DEBUG] [PLNRulesUTest] Loaded "opencog/pln/rules/wip/implication-direct-evaluation.scm":
(DefineLink
   (DefinedSchemaNode "implication-direct-evaluation-rule")
   (BindLink
      (VariableList
         (TypedVariableLink
            (VariableNode "$P")
            (TypeNode "PredicateNode")
         )
         (TypedVariableLink
            (VariableNode "$Q")
            (TypeNode "PredicateNode")
         )
         (TypedVariableLink
            (VariableNode "$X")
            (TypeNode "ConceptNode")
         )
      )
      (AndLink
         (EvaluationLink
            (VariableNode "$P")
            (VariableNode "$X")
         )
         (NotLink
            (EqualLink
               (VariableNode "$P")
               (VariableNode "$Q")
            )
         )
         (EvaluationLink
            (VariableNode "$Q")
            (VariableNode "$X")
         )
      )
      (ExecutionOutputLink
         (GroundedSchemaNode "scm: implication-direct-evaluation-formula")
         (ListLink
            (VariableNode "$P")
            (VariableNode "$Q")
         )
      )
   )
)


results = (SetLink
  (ImplicationLink (stv 0.666667 0.003750)
    (PredicateNode "P") ; [2213889286841575705][1]
    (PredicateNode "Q") ; [1103054420470118233][1]
  ) ; [11149585767017321993][1]
  (ImplicationLink (stv 0.500000 0.005000)
    (PredicateNode "Q") ; [1103054420470118233][1]
    (PredicateNode "P") ; [2213889286841575705][1]
  ) ; [12496358190549786121][1]
) ; [11995912183581299816][1]
expected = (SetLink
  (ImplicationLink (stv 0.666667 0.003750)
    (PredicateNode "P") ; [2213889286841575705][1]
    (PredicateNode "Q") ; [1103054420470118233][1]
  ) ; [11149585767017321993][1]
  (ImplicationLink (stv 0.500000 0.005000)
    (PredicateNode "Q") ; [1103054420470118233][1]
    (PredicateNode "P") ; [2213889286841575705][1]
  ) ; [12496358190549786121][1]
) ; [11995912183581299816][1]
.[DEBUG] BEGIN TEST: test_conditional_full_instantiation_meta_rule
[DEBUG] [PLNRulesUTest] Loaded "tests/pln/rules/simple-implication-scope.scm":
(ImplicationScopeLink (stv 1 1)
   (TypedVariableLink
      (VariableNode "$X")
      (TypeNode "ConceptNode")
   )
   (EvaluationLink
      (PredicateNode "P")
      (VariableNode "$X")
   )
   (EvaluationLink
      (PredicateNode "Q")
      (VariableNode "$X")
   )
)


[DEBUG] [PLNRulesUTest] Loaded "opencog/pln/meta-rules/predicate/conditional-full-instantiation.scm":
(DefineLink
   (DefinedSchemaNode "conditional-full-instantiation-inheritance-meta-rule")
   (BindLink
      (VariableList
         (TypedVariableLink
            (VariableNode "$A")
            (TypeNode "ConceptNode")
         )
         (TypedVariableLink
            (VariableNode "$B")
            (TypeNode "ConceptNode")
         )
      )
      (AndLink
         (EvaluationLink
            (GroundedPredicateNode "scm: gt-zero-confidence")
            (InheritanceLink
               (VariableNode "$A")
               (VariableNode "$B")
            )
         )
         (InheritanceLink
            (VariableNode "$A")
            (VariableNode "$B")
         )
      )
      (QuoteLink
         (BindLink
            (VariableNode "$X")
            (AndLink
               (EvaluationLink
                  (GroundedPredicateNode "scm: gt-zero-confidence")
                  (MemberLink
                     (VariableNode "$X")
                     (UnquoteLink
                        (VariableNode "$A")
                     )
                  )
               )
               (MemberLink
                  (VariableNode "$X")
                  (UnquoteLink
                     (VariableNode "$A")
                  )
               )
            )
            (ExecutionOutputLink
               (GroundedSchemaNode "scm: conditional-full-instantiation-formula")
               (ListLink
                  (MemberLink
                     (VariableNode "$X")
                     (UnquoteLink
                        (VariableNode "$B")
                     )
                  )
                  (MemberLink
                     (VariableNode "$X")
                     (UnquoteLink
                        (VariableNode "$A")
                     )
                  )
                  (InheritanceLink
                     (UnquoteLink
                        (VariableNode "$A")
                     )
                     (UnquoteLink
                        (VariableNode "$B")
                     )
                  )
               )
            )
         )
      )
   )
)


results = (SetLink
  (BindLink
    (TypedVariableLink
      (VariableNode "$X") ; [6809953386495729144][1]
      (TypeNode "ConceptNode") ; [3788696113922021255][1]
    ) ; [9225281168777978483][1]
    (AndLink
      (EvaluationLink
        (GroundedPredicateNode "scm: gt-zero-confidence") ; [2096565403849494700][1]
        (EvaluationLink
          (PredicateNode "P") ; [2213889286841575705][1]
          (VariableNode "$X") ; [6809953386495729144][1]
        ) ; [17009747857858600672][1]
      ) ; [14114482153628023227][1]
      (EvaluationLink
        (PredicateNode "P") ; [2213889286841575705][1]
        (VariableNode "$X") ; [6809953386495729144][1]
      ) ; [17009747857858600672][1]
    ) ; [13123684890864222853][1]
    (ExecutionOutputLink
      (GroundedSchemaNode "scm: conditional-full-instantiation-scope-formula") ; [4493803386725613298][1]
      (ListLink
        (EvaluationLink
          (PredicateNode "Q") ; [1103054420470118233][1]
          (VariableNode "$X") ; [6809953386495729144][1]
        ) ; [17245685415019607328][1]
        (EvaluationLink
          (PredicateNode "P") ; [2213889286841575705][1]
          (VariableNode "$X") ; [6809953386495729144][1]
        ) ; [17009747857858600672][1]
        (ImplicationScopeLink (stv 1.000000 1.000000)
          (TypedVariableLink
            (VariableNode "$X") ; [6809953386495729144][1]
            (TypeNode "ConceptNode") ; [3788696113922021255][1]
          ) ; [9225281168777978483][1]
          (EvaluationLink
            (PredicateNode "P") ; [2213889286841575705][1]
            (VariableNode "$X") ; [6809953386495729144][1]
          ) ; [17009747857858600672][1]
          (EvaluationLink
            (PredicateNode "Q") ; [1103054420470118233][1]
            (VariableNode "$X") ; [6809953386495729144][1]
          ) ; [17245685415019607328][1]
        ) ; [11246417726306593584][1]
      ) ; [10331289160163372621][1]
    ) ; [13313479423463298105][1]
  ) ; [17114744695775993775][1]
) ; [17129838791401779237][1]
expected = (SetLink
  (BindLink
    (TypedVariableLink
      (VariableNode "$X") ; [6809953386495729144][1]
      (TypeNode "ConceptNode") ; [3788696113922021255][1]
    ) ; [9225281168777978483][1]
    (AndLink
      (EvaluationLink
        (GroundedPredicateNode "scm: gt-zero-confidence") ; [2096565403849494700][1]
        (EvaluationLink
          (PredicateNode "P") ; [2213889286841575705][1]
          (VariableNode "$X") ; [6809953386495729144][1]
        ) ; [17009747857858600672][1]
      ) ; [14114482153628023227][1]
      (EvaluationLink
        (PredicateNode "P") ; [2213889286841575705][1]
        (VariableNode "$X") ; [6809953386495729144][1]
      ) ; [17009747857858600672][1]
    ) ; [13123684890864222853][1]
    (ExecutionOutputLink
      (GroundedSchemaNode "scm: conditional-full-instantiation-scope-formula") ; [4493803386725613298][1]
      (ListLink
        (EvaluationLink
          (PredicateNode "Q") ; [1103054420470118233][1]
          (VariableNode "$X") ; [6809953386495729144][1]
        ) ; [17245685415019607328][1]
        (EvaluationLink
          (PredicateNode "P") ; [2213889286841575705][1]
          (VariableNode "$X") ; [6809953386495729144][1]
        ) ; [17009747857858600672][1]
        (ImplicationScopeLink (stv 1.000000 1.000000)
          (TypedVariableLink
            (VariableNode "$X") ; [6809953386495729144][1]
            (TypeNode "ConceptNode") ; [3788696113922021255][1]
          ) ; [9225281168777978483][1]
          (EvaluationLink
            (PredicateNode "P") ; [2213889286841575705][1]
            (VariableNode "$X") ; [6809953386495729144][1]
          ) ; [17009747857858600672][1]
          (EvaluationLink
            (PredicateNode "Q") ; [1103054420470118233][1]
            (VariableNode "$X") ; [6809953386495729144][1]
          ) ; [17245685415019607328][1]
        ) ; [11246417726306593584][1]
      ) ; [10331289160163372621][1]
    ) ; [13313479423463298105][1]
  ) ; [17114744695775993775][1]
) ; [17129838791401779237][1]
.[DEBUG] BEGIN TEST: test_consequent_disjunction_elimination
[DEBUG] [PLNRulesUTest] Loaded "tests/pln/rules/simple-consequent-disjunction-elimination.scm":
(ImplicationLink (stv 0.2 0.6)
   (PredicateNode "P" (stv 0.02 0.6))
   (PredicateNode "Q2" (stv 0.05 0.8))
)


[DEBUG] [PLNRulesUTest] Loaded "opencog/pln/rules/propositional/consequent-disjunction-elimination.scm":
(DefineLink
   (DefinedSchemaNode "consequent-disjunction-elimination-implication-rule")
   (BindLink
      (VariableList
         (TypedVariableLink
            (VariableNode "$A")
            (TypeChoice
               (TypeNode "PredicateNode")
               (TypeNode "LambdaLink")
               (TypeNode "AndLink")
               (TypeNode "OrLink")
               (TypeNode "NotLink")
            )
         )
         (TypedVariableLink
            (VariableNode "$B")
            (TypeChoice
               (TypeNode "PredicateNode")
               (TypeNode "LambdaLink")
               (TypeNode "AndLink")
               (TypeNode "OrLink")
               (TypeNode "NotLink")
            )
         )
         (TypedVariableLink
            (VariableNode "$C")
            (TypeChoice
               (TypeNode "PredicateNode")
               (TypeNode "LambdaLink")
               (TypeNode "AndLink")
               (TypeNode "OrLink")
               (TypeNode "NotLink")
            )
         )
      )
      (ImplicationLink
         (VariableNode "$A")
         (OrLink
            (VariableNode "$C")
            (VariableNode "$B")
         )
      )
      (ExecutionOutputLink
         (GroundedSchemaNode "scm: consequent-disjunction-elimination-formula")
         (ListLink
            (ImplicationLink
               (VariableNode "$A")
               (VariableNode "$B")
            )
            (ImplicationLink
               (VariableNode "$A")
               (OrLink
                  (VariableNode "$C")
                  (VariableNode "$B")
               )
            )
            (ImplicationLink
               (VariableNode "$A")
               (VariableNode "$C")
            )
         )
      )
   )
)


results = (SetLink
  (ImplicationLink (stv 0.125000 0.540000)
    (PredicateNode "P" (stv 0.020000 0.600000)) ; [2213889286841575705][1]
    (PredicateNode "Q1" (stv 0.010000 0.700000)) ; [2480207013189331713][1]
  ) ; [12526738359736535473][1]
) ; [12541832455362320935][1]
expected = (SetLink
  (ImplicationLink (stv 0.125000 0.540000)
    (PredicateNode "P" (stv 0.020000 0.600000)) ; [2213889286841575705][1]
    (PredicateNode "Q1" (stv 0.010000 0.700000)) ; [2480207013189331713][1]
  ) ; [12526738359736535473][1]
) ; [12541832455362320935][1]
.
Failed 1 and Skipped 0 of 21 tests
Success rate: 95%
/home/jenkins/.cache/guile/ccache/2.2-LE-8-3.A/home/opencog/opencog/opencog/pln/rules/wip/implication-implicant-conjunction.scm.go
;;; compiling /home/opencog/opencog/opencog/pln/rules/wip/formulas.scm
;;; compiled /home/jenkins/.cache/guile/ccache/2.2-LE-8-3.A/home/opencog/opencog/opencog/pln/rules/wip/formulas.scm.go
;;; compiling /home/opencog/opencog/tests/pln/rules/implication-direct-evaluation.scm
;;; compiled /home/jenkins/.cache/guile/ccache/2.2-LE-8-3.A/home/opencog/opencog/tests/pln/rules/implication-direct-evaluation.scm.go
;;; compiling /home/opencog/opencog/opencog/pln/rules/wip/implication-direct-evaluation.scm
;;; compiled /home/jenkins/.cache/guile/ccache/2.2-LE-8-3.A/home/opencog/opencog/opencog/pln/rules/wip/implication-direct-evaluation.scm.go
;;; compiling /home/opencog/opencog/tests/pln/rules/simple-implication-scope.scm
;;; compiled /home/jenkins/.cache/guile/ccache/2.2-LE-8-3.A/home/opencog/opencog/tests/pln/rules/simple-implication-scope.scm.go
;;; compiling /home/opencog/opencog/opencog/pln/meta-rules/predicate/conditional-full-instantiation.scm
;;; compiled /home/jenkins/.cache/guile/ccache/2.2-LE-8-3.A/home/opencog/opencog/opencog/pln/meta-rules/predicate/conditional-full-instantiation.scm.go
;;; compiling /home/opencog/opencog/tests/pln/rules/simple-consequent-disjunction-elimination.scm
;;; compiled /home/jenkins/.cache/guile/ccache/2.2-LE-8-3.A/home/opencog/opencog/tests/pln/rules/simple-consequent-disjunction-elimination.scm.go
;;; compiling /home/opencog/opencog/opencog/pln/rules/propositional/consequent-disjunction-elimination.scm
;;; compiled /home/jenkins/.cache/guile/ccache/2.2-LE-8-3.A/home/opencog/opencog/opencog/pln/rules/propositional/consequent-disjunction-elimination.scm.go
Obsolete! Do not use cog-bind, use cog-execute! insead.

      Start  9: PythonPLNTest
 9/23 Test  #9: PythonPLNTest ....................   Passed    0.25 sec
      Start 10: OpenPsiRulesUTest
10/23 Test #10: OpenPsiRulesUTest ................***Failed    2.07 sec
Running cxxtest tests (3 tests)[2018-01-25 21:12:54:180] [INFO] ##### Finished setting up to run a test #####
[2018-01-25 21:12:54:180] [INFO] BEGIN TEST: test_add_rule_and_is_rule
;;; note: auto-compilation is enabled, set GUILE_AUTO_COMPILE=0
;;;       or pass the --no-auto-compile argument to disable.
;;; compiling /home/opencog/opencog/tests/openpsi/rules.scm
;;; /home/opencog/opencog/tests/openpsi/rules.scm:44:19: warning: possibly unbound variable `psi-component'
;;; /home/opencog/opencog/tests/openpsi/rules.scm:54:17: warning: possibly unbound variable `psi-rule'
;;; /home/opencog/opencog/tests/openpsi/rules.scm:121:19: warning: possibly unbound variable `psi-component'
;;; /home/opencog/opencog/tests/openpsi/rules.scm:125:17: warning: possibly unbound variable `psi-rule'
;;; /home/opencog/opencog/tests/openpsi/rules.scm:167:17: warning: possibly unbound variable `psi-rule'
;;; /home/opencog/opencog/tests/openpsi/rules.scm:172:24: warning: possibly unbound variable `psi-related-goals'
;;; /home/opencog/opencog/tests/openpsi/rules.scm:177:27: warning: possibly unbound variable `psi-related-goals'
;;; /home/opencog/opencog/tests/openpsi/rules.scm:178:27: warning: possibly unbound variable `psi-related-goals'
;;; /home/opencog/opencog/tests/openpsi/rules.scm:197:4: warning: possibly unbound variable `psi-step'
;;; /home/opencog/opencog/tests/openpsi/rules.scm:198:4: warning: possibly unbound variable `psi-step'
;;; /home/opencog/opencog/tests/openpsi/rules.scm:206:2: warning: possibly unbound variable `psi-run'
;;; /home/opencog/opencog/tests/openpsi/rules.scm:206:2: warning: possibly unbound variable `d1'
;;; /home/opencog/opencog/tests/openpsi/rules.scm:210:2: warning: possibly unbound variable `psi-run'
;;; /home/opencog/opencog/tests/openpsi/rules.scm:210:2: warning: possibly unbound variable `d2'
;;; /home/opencog/opencog/tests/openpsi/rules.scm:214:12: warning: possibly unbound variable `psi-loop-count'
;;; /home/opencog/opencog/tests/openpsi/rules.scm:214:12: warning: possibly unbound variable `d1'
;;; /home/opencog/opencog/tests/openpsi/rules.scm:215:8: warning: possibly unbound variable `psi-loop-count'
;;; /home/opencog/opencog/tests/openpsi/rules.scm:215:8: warning: possibly unbound variable `d2'
;;; /home/opencog/opencog/tests/openpsi/rules.scm:220:15: warning: possibly unbound variable `psi-loop-count'
;;; /home/opencog/opencog/tests/openpsi/rules.scm:220:15: warning: possibly unbound variable `d1'
;;; /home/opencog/opencog/tests/openpsi/rules.scm:221:15: warning: possibly unbound variable `psi-loop-count'
;;; /home/opencog/opencog/tests/openpsi/rules.scm:221:15: warning: possibly unbound variable `d2'
;;; /home/opencog/opencog/tests/openpsi/rules.scm:229:2: warning: possibly unbound variable `psi-halt'
;;; /home/opencog/opencog/tests/openpsi/rules.scm:229:2: warning: possibly unbound variable `d1'
;;; /home/opencog/opencog/tests/openpsi/rules.scm:233:2: warning: possibly unbound variable `psi-halt'
;;; /home/opencog/opencog/tests/openpsi/rules.scm:233:2: warning: possibly unbound variable `d2'
;;; /home/opencog/opencog/tests/openpsi/rules.scm:234:12: warning: possibly unbound variable `psi-loop-count'
;;; /home/opencog/opencog/tests/openpsi/rules.scm:234:12: warning: possibly unbound variable `d1'
;;; /home/opencog/opencog/tests/openpsi/rules.scm:235:8: warning: possibly unbound variable `psi-loop-count'
;;; /home/opencog/opencog/tests/openpsi/rules.scm:235:8: warning: possibly unbound variable `d2'
;;; /home/opencog/opencog/tests/openpsi/rules.scm:239:17: warning: possibly unbound variable `psi-loop-count'
;;; /home/opencog/opencog/tests/openpsi/rules.scm:239:17: warning: possibly unbound variable `d1'
;;; /home/opencog/opencog/tests/openpsi/rules.scm:240:17: warning: possibly unbound variable `psi-loop-count'
;;; /home/opencog/opencog/tests/openpsi/rules.scm:240:17: warning: possibly unbound variable `d2'
;;; /home/opencog/opencog/tests/openpsi/rules.scm:245:19: warning: possibly unbound variable `psi-component'
;;; /home/opencog/opencog/tests/openpsi/rules.scm:273:4: warning: possibly unbound variable `psi-rule'
;;; /home/opencog/opencog/tests/openpsi/rules.scm:306:19: warning: possibly unbound variable `psi-get-action'
;;; /home/opencog/opencog/tests/openpsi/rules.scm:310:31: [2018-01-25 21:12:54:582] [INFO] END TEST: test_add_rule_and_is_rule
.[2018-01-25 21:12:54:584] [INFO] ##### Finished setting up to run a test #####
[2018-01-25 21:12:54:584] [INFO] BEGIN TEST: test_rule_get_functions

In OpenPsiRulesUTest::test_rule_get_functions:
/home/opencog/opencog/build/tests/openpsi/../../../tests/openpsi/OpenPsiRulesUTest.cxxtest:140: Error: Test failed: Caught scm error during eval
/home/opencog/opencog/build/tests/openpsi/../../../tests/openpsi/OpenPsiRulesUTest.cxxtest:140: Error: Assertion failed: (false == _scm->eval_error())
[2018-01-25 21:12:55:806] [ERROR] Backtrace:
           6 (apply-smob/1 #<catch-closure 5631ef2754c0>)
           5 (apply-smob/1 #<catch-closure 5631ef275420>)
In ice-9/boot-9.scm:
   2312:4  4 (save-module-excursion #<procedure 5631ef3a2780 at ice-â€¦>)
In ice-9/eval-string.scm:
     38:6  3 (read-and-eval #<input: string 5631ef131150> #:lang _)
In /home/opencog/opencog/tests/openpsi/rules.scm:
    125:0  2 (rule-2)
In ice-9/boot-9.scm:
   751:25  1 (dispatch-exception 0 unbound-variable ("module-lookâ€¦" â€¦))
In unknown file:
           0 (apply-smob/1 #<catch-closure 5631ef2753e0> # "module-â€¦" â€¦)

ERROR: In procedure apply-smob/1:
In procedure module-lookup: Unbound variable: psi-rule
ABORT: unbound-variable
 (/home/opencog/atomspace/opencog/guile/SchemeEval.cc:926)
	Stack Trace:
	2: Logger.cc:481	  opencog::Logger::logva(opencog::Logger::Level, char const*, __va_list_tag*)
	3: Logger.cc:493	  opencog::Logger::Error::operator()(char const*, ...)
	4: exceptions.cc:55	  opencog::StandardException::parse_error_message(char const*, __va_list_tag*, bool)
	5: exceptions.cc:82	  opencog::StandardException::parse_error_message(char const*, char const*, __va_list_tag*, bool)
	6: exceptions.cc:150	  opencog::RuntimeException::RuntimeException(char const*, char const*, ...)
	7: SchemeEval.cc:926	  opencog::SchemeEval::eval_v(std::__cxx11::basic_string<char, std::char_traits<char>, std::allocator<char> > const&)
	8: SchemeEval.h:170	  opencog::SchemeEval::eval_h(std::__cxx11::basic_string<char, std::char_traits<char>, std::allocator<char> > const&)
	9: shared_ptr_base.h:661	  std::__shared_count<(__gnu_cxx::_Lock_policy)2>::~__shared_count()
	10: RealDescriptions.cpp:125	  CxxTest::RealTestDescription::run()
	11: TestRunner.h:104	  CxxTest::TestRunner::runTest(CxxTest::TestDescription&)
	12: OpenPsiRulesUTest.cpp:20	main()
	13: [0x202b1] ??() ??:0
	14: [0xe08a] ??() ??:0

/home/opencog/opencog/tests/openpsi/OpenPsiRulesUTest.cxxtest:134: Error: Test failed: Backtrace:
           6 (apply-smob/1 #<catch-closure 5631ef2754c0>)
           5 (apply-smob/1 #<catch-closure 5631ef275420>)
In ice-9/boot-9.scm:
   2312:4  4 (save-module-excursion #<procedure 5631ef3a2780 at ice-â€¦>)
In ice-9/eval-string.scm:
     38:6  3 (read-and-eval #<input: string 5631ef131150> #:lang _)
In /home/opencog/opencog/tests/openpsi/rules.scm:
    125:0  2 (rule-2)
In ice-9/boot-9.scm:
   751:25  1 (dispatch-exception 0 unbound-variable ("module-lookâ€¦" â€¦))
In unknown file:
           0 (apply-smob/1 #<catch-closure 5631ef2753e0> # "module-â€¦" â€¦)

ERROR: In procedure apply-smob/1:
In procedure module-lookup: Unbound variable: psi-rule
ABORT: unbound-variable
 (/home/opencog/atomspace/opencog/guile/SchemeEval.cc:926)
[2018-01-25 21:12:55:882] [INFO] ##### Finished setting up to run a test #####
[2018-01-25 21:12:55:882] [INFO] BEGIN TEST: test_get_query
[2018-01-25 21:12:56:009] [INFO] END TEST: test_get_query
.
Failed 1 and Skipped 0 of 3 tests
Success rate: 66%
warning: possibly unbound variable `psi-get-context'
;;; /home/opencog/opencog/tests/openpsi/rules.scm:314:17: warning: possibly unbound variable `psi-get-goal'
;;; compiled /home/jenkins/.cache/guile/ccache/2.2-LE-8-3.A/home/opencog/opencog/tests/openpsi/rules.scm.go
;;; compiling /usr/local/share/opencog/scm/opencog/openpsi.scm
;;; compiling /usr/local/share/opencog/scm/opencog/exec.scm
;;; compiled /home/jenkins/.cache/guile/ccache/2.2-LE-8-3.A/usr/local/share/opencog/scm/opencog/exec.scm.go
;;; compiled /home/jenkins/.cache/guile/ccache/2.2-LE-8-3.A/usr/local/share/opencog/scm/opencog/openpsi.scm.go
;;; compiling /usr/local/share/opencog/scm/opencog/openpsi/action-selector.scm
;;; opencog/openpsi/action-selector.scm:143:8: warning: "Define an action-selector for component ~a": wrong port argument
;;; opencog/openpsi/action-selector.scm:22:2: warning: possibly unbound variable `psi-set-func!'
;;; opencog/openpsi/action-selector.scm:31:2: warning: possibly unbound variable `psi-func'
;;; compiled /home/jenkins/.cache/guile/ccache/2.2-LE-8-3.A/usr/local/share/opencog/scm/opencog/openpsi/action-selector.scm.go
;;; compiling /usr/local/share/opencog/scm/opencog/openpsi/demand.scm
;;; compiling /usr/local/share/opencog/scm/opencog/rule-engine.scm
;;; opencog/rule-engine.scm:12:0: warning: possibly unbound variable `export-rule-engine-utils'
;;; compiled /home/jenkins/.cache/guile/ccache/2.2-LE-8-3.A/usr/local/share/opencog/scm/opencog/rule-engine.scm.go
;;; compiling /usr/local/share/opencog/scm/opencog/rule-engine/rule-engine-utils.scm
;;; compiled /home/jenkins/.cache/guile/ccache/2.2-LE-8-3.A/usr/local/share/opencog/scm/opencog/rule-engine/rule-engine-utils.scm.go
;;; compiled /home/jenkins/.cache/guile/ccache/2.2-LE-8-3.A/usr/local/share/opencog/scm/opencog/openpsi/demand.scm.go
;;; compiling /usr/local/share/opencog/scm/opencog/openpsi/utilities.scm
;;; opencog/openpsi/utilities.scm:156:13: warning: "A function called \"~a\" hasn't been set for ~a\n": wrong port argument
;;; opencog/openpsi/utilities.scm:52:4: warning: possibly unbound variable `psi-member?'
;;; opencog/openpsi/utilities.scm:78:4: warning: possibly unbound variable `psi-member?'
;;; compiled /home/jenkins/.cache/guile/ccache/2.2-LE-8-3.A/usr/local/share/opencog/scm/opencog/openpsi/utilities.scm.go
;;; compiling /usr/local/share/opencog/scm/opencog/openpsi/rule.scm
;;; opencog/openpsi/rule.scm:79:15: warning: possibly unbound variable `psi-action'
;;; compiled /home/jenkins/.cache/guile/ccache/2.2-LE-8-3.A/usr/local/share/opencog/scm/opencog/openpsi/rule.scm.go
;;; compiling /usr/local/share/opencog/scm/opencog/openpsi/control.scm
;;; compiled /home/jenkins/.cache/guile/ccache/2.2-LE-8-3.A/usr/local/share/opencog/scm/opencog/openpsi/control.scm.go
;;; compiling /usr/local/share/opencog/scm/opencog/openpsi/main.scm
;;; compiling /usr/local/share/opencog/scm/opencog/logger.scm
;;; compiled /home/jenkins/.cache/guile/ccache/2.2-LE-8-3.A/usr/local/share/opencog/scm/opencog/logger.scm.go
;;; WARNING: compilation of /usr/local/share/opencog/scm/opencog/openpsi/main.scm failed:
;;; In procedure dynamic-link: file: "liblogger", message: "file not found"
;;; compiling /home/opencog/opencog/tests/openpsi/psi-implicator.scm
;;; compiled /home/jenkins/.cache/guile/ccache/2.2-LE-8-3.A/home/opencog/opencog/tests/openpsi/psi-implicator.scm.go

      Start 11: OpenPsiImplicatorUTest
11/23 Test #11: OpenPsiImplicatorUTest ...........***Failed    0.56 sec
Running cxxtest tests (2 tests)[2018-01-25 21:12:56:251] [INFO] BEGIN TEST: test_check_satisfiability

In OpenPsiImplicatorUTest::test_check_satisfiability:
/home/opencog/opencog/build/tests/openpsi/../../../tests/openpsi/OpenPsiImplicatorUTest.cxxtest:98: Error: Test failed: Caught scm error during eval
/home/opencog/opencog/build/tests/openpsi/../../../tests/openpsi/OpenPsiImplicatorUTest.cxxtest:98: Error: Assertion failed: (false == _scm->eval_error())
[2018-01-25 21:12:56:304] [ERROR] Backtrace:
           8 (apply-smob/1 #<catch-closure 561917c35c60>)
           7 (apply-smob/1 #<catch-closure 561917c35bc0>)
In ice-9/boot-9.scm:
   2312:4  6 (save-module-excursion #<procedure 5619183a2300 at ice-â€¦>)
In ice-9/eval-string.scm:
     38:6  5 (read-and-eval #<input: string 561917ff0070> #:lang _)
In ice-9/eval.scm:
   187:27  4 (_ _)
   223:20  3 (proc #<directory (guile-user) 561917c64140>)
In unknown file:
           2 (%resolve-variable (7 . rule-1) #<directory (guile-userâ€¦>)
In ice-9/boot-9.scm:
   751:25  1 (dispatch-exception 0 unbound-variable (#f "Unbound â€¦" â€¦))
In unknown file:
           0 (apply-smob/1 #<catch-closure 561917c35b80> # #f "Unboâ€¦" â€¦)

ERROR: In procedure apply-smob/1:
Unbound variable: rule-1
ABORT: unbound-variable
 (/home/opencog/atomspace/opencog/guile/SchemeEval.cc:926)
	Stack Trace:
	2: Logger.cc:481	  opencog::Logger::logva(opencog::Logger::Level, char const*, __va_list_tag*)
	3: Logger.cc:493	  opencog::Logger::Error::operator()(char const*, ...)
	4: exceptions.cc:55	  opencog::StandardException::parse_error_message(char const*, __va_list_tag*, bool)
	5: exceptions.cc:82	  opencog::StandardException::parse_error_message(char const*, char const*, __va_list_tag*, bool)
	6: exceptions.cc:150	  opencog::RuntimeException::RuntimeException(char const*, char const*, ...)
	7: SchemeEval.cc:926	  opencog::SchemeEval::eval_v(std::__cxx11::basic_string<char, std::char_traits<char>, std::allocator<char> > const&)
	8: SchemeEval.h:170	  opencog::SchemeEval::eval_h(std::__cxx11::basic_string<char, std::char_traits<char>, std::allocator<char> > const&)
	9: RealDescriptions.cpp:125	  CxxTest::RealTestDescription::run()
	10: TestRunner.h:104	  CxxTest::TestRunner::runTest(CxxTest::TestDescription&)
	11: OpenPsiImplicatorUTest.cpp:20	main()
	12: [0x202b1] ??() ??:0
	13: [0xd6ca] ??() ??:0

/home/opencog/opencog/tests/openpsi/OpenPsiImplicatorUTest.cxxtest:91: Error: Test failed: Backtrace:
           8 (apply-smob/1 #<catch-closure 561917c35c60>)
           7 (apply-smob/1 #<catch-closure 561917c35bc0>)
In ice-9/boot-9.scm:
   2312:4  6 (save-module-excursion #<procedure 5619183a2300 at ice-â€¦>)
In ice-9/eval-string.scm:
     38:6  5 (read-and-eval #<input: string 561917ff0070> #:lang _)
In ice-9/eval.scm:
   187:27  4 (_ _)
   223:20  3 (proc #<directory (guile-user) 561917c64140>)
In unknown file:
           2 (%resolve-variable (7 . rule-1) #<directory (guile-userâ€¦>)
In ice-9/boot-9.scm:
   751:25  1 (dispatch-exception 0 unbound-variable (#f "Unbound â€¦" â€¦))
In unknown file:
           0 (apply-smob/1 #<catch-closure 561917c35b80> # #f "Unboâ€¦" â€¦)

ERROR: In procedure apply-smob/1:
Unbound variable: rule-1
ABORT: unbound-variable
 (/home/opencog/atomspace/opencog/guile/SchemeEval.cc:926)
[2018-01-25 21:12:56:401] [INFO] BEGIN TEST: test_imply
[2018-01-25 21:12:56:401] [ERROR] The openpsi rule should be checked for satisfiablity first. (/home/opencog/opencog/opencog/openpsi/OpenPsiImplicator.cc:114)
	Stack Trace:
	2: Logger.cc:481	  opencog::Logger::logva(opencog::Logger::Level, char const*, __va_list_tag*)
	3: Logger.cc:493	  opencog::Logger::Error::operator()(char const*, ...)
	4: exceptions.cc:55	  opencog::StandardException::parse_error_message(char const*, __va_list_tag*, bool)
	5: exceptions.cc:82	  opencog::StandardException::parse_error_message(char const*, char const*, __va_list_tag*, bool)
	6: exceptions.cc:150	  opencog::RuntimeException::RuntimeException(char const*, char const*, ...)
	7: OpenPsiImplicator.cc:115	  opencog::OpenPsiImplicator::imply(opencog::Handle const&)
	8: shared_ptr_base.h:661	  std::__shared_count<(__gnu_cxx::_Lock_policy)2>::~__shared_count()
	9: RealDescriptions.cpp:125	  CxxTest::RealTestDescription::run()
	10: TestRunner.h:104	  CxxTest::TestRunner::runTest(CxxTest::TestDescription&)
	11: OpenPsiImplicatorUTest.cpp:20	main()
	12: [0x202b1] ??() ??:0
	13: [0xd6ca] ??() ??:0

[2018-01-25 21:12:56:483] [ERROR] The openpsi rule should be checked for satisfiablity first. (/home/opencog/opencog/opencog/openpsi/OpenPsiImplicator.cc:114)
	Stack Trace:
	2: Logger.cc:481	  opencog::Logger::logva(opencog::Logger::Level, char const*, __va_list_tag*)
	3: Logger.cc:493	  opencog::Logger::Error::operator()(char const*, ...)
	4: exceptions.cc:55	  opencog::StandardException::parse_error_message(char const*, __va_list_tag*, bool)
	5: exceptions.cc:82	  opencog::StandardException::parse_error_message(char const*, char const*, __va_list_tag*, bool)
	6: exceptions.cc:150	  opencog::RuntimeException::RuntimeException(char const*, char const*, ...)
	7: OpenPsiImplicator.cc:115	  opencog::OpenPsiImplicator::imply(opencog::Handle const&)
	8: shared_ptr_base.h:661	  std::__shared_count<(__gnu_cxx::_Lock_policy)2>::~__shared_count()
	9: RealDescriptions.cpp:125	  CxxTest::RealTestDescription::run()
	10: TestRunner.h:104	  CxxTest::TestRunner::runTest(CxxTest::TestDescription&)
	11: OpenPsiImplicatorUTest.cpp:20	main()
	12: [0x202b1] ??() ??:0
	13: [0xd6ca] ??() ??:0

[2018-01-25 21:12:56:567] [INFO] END TEST: test_imply
.
Failed 1 and Skipped 0 of 2 tests
Success rate: 50%
;;; note: auto-compilation is enabled, set GUILE_AUTO_COMPILE=0
;;;       or pass the --no-auto-compile argument to disable.
;;; compiling /usr/local/share/opencog/scm/opencog/openpsi/main.scm
;;; WARNING: compilation of /usr/local/share/opencog/scm/opencog/openpsi/main.scm failed:
;;; In procedure dynamic-link: file: "liblogger", message: "file not found"

      Start 12: OpenPsiSCMUTest
12/23 Test #12: OpenPsiSCMUTest ..................***Failed    0.86 sec
Running cxxtest tests (8 tests)
In OpenPsiSCMUTest::test_psi_get_action:
/home/opencog/opencog/build/tests/openpsi/../../../tests/openpsi/OpenPsiSCMUTest.cxxtest:76: Error: Test failed: Caught scm error during eval
/home/opencog/opencog/build/tests/openpsi/../../../tests/openpsi/OpenPsiSCMUTest.cxxtest:76: Error: Assertion failed: (false == _scm->eval_error())
[2018-01-25 21:12:56:889] [INFO] BEGIN TEST: test_psi_get_action
/home/opencog/opencog/build/tests/openpsi/../../../tests/openpsi/OpenPsiSCMUTest.cxxtest:97: Error: Test failed: Caught scm error during eval
/home/opencog/opencog/build/tests/openpsi/../../../tests/openpsi/OpenPsiSCMUTest.cxxtest:97: Error: Assertion failed: (false == _scm->eval_error())
/home/opencog/opencog/build/tests/openpsi/../../../tests/openpsi/OpenPsiSCMUTest.cxxtest:98: Error: Test failed: Expected `#t`
/home/opencog/opencog/build/tests/openpsi/../../../tests/openpsi/OpenPsiSCMUTest.cxxtest:98: Error: Expected ("#t\n" == result_1), found (#t
 != "Backtrace:\n           6 (apply-smob/1 #<catch-closure 561817e9ba00>)\n           5 (apply-smob/1 #<catch-closure 561817e9b900>)\nIn ice-9/boot-9.scm:\n   2312:4  4 (save-module-excursion #<procedure 561817e9f220 at ice-â€¦>)\nIn ice-9/eval-string.scm:\n     38:6  3 (read-and-eval #<input: string 5618181f9620> #:lang _)\nIn /home/opencog/opencog/tests/openpsi/rules.scm:\n    305:0  2 (test_psi_get_action_1)\nIn ice-9/boot-9.scm:\n   751:25  1 (dispatch-exception 0 unbound-variable (\"module-lookâ€¦\" â€¦))\nIn unknown file:\n           0 (apply-smob/1 #<catch-closure 561817e9b8c0> # \"module-â€¦\" â€¦)\n\nERROR: In procedure apply-smob/1:\nIn procedure module-lookup: Unbound variable: psi-get-action\nABORT: unbound-variable\n")
[2018-01-25 21:12:56:896] [INFO] END TEST: test_psi_get_action
[2018-01-25 21:12:56:899] [INFO] BEGIN TEST: test_psi_get_context
In OpenPsiSCMUTest::test_psi_get_context:
/home/opencog/opencog/build/tests/openpsi/../../../tests/openpsi/OpenPsiSCMUTest.cxxtest:111: Error: Test failed: Caught scm error during eval
/home/opencog/opencog/build/tests/openpsi/../../../tests/openpsi/OpenPsiSCMUTest.cxxtest:111: Error: Assertion failed: (false == _scm->eval_error())
/home/opencog/opencog/build/tests/openpsi/../../../tests/openpsi/OpenPsiSCMUTest.cxxtest:112: Error: Test failed: Expected `#t`
/home/opencog/opencog/build/tests/openpsi/../../../tests/openpsi/OpenPsiSCMUTest.cxxtest:112: Error: Expected ("#t\n" == result_1), found (#t
 != "Backtrace:\n           8 (apply-smob/1 #<catch-closure 56181803e200>)\n           7 (apply-smob/1 #<catch-closure 56181803e100>)\nIn ice-9/boot-9.scm:\n   2312:4  6 (save-module-excursion #<procedure 561818040680 at ice-â€¦>)\nIn ice-9/eval-string.scm:\n     38:6  5 (read-and-eval #<input: string 561817e553f0> #:lang _)\nIn /home/opencog/opencog/tests/openpsi/rules.scm:\n   310:48  4 (test_psi_get_context_1)\n    54:63  3 (rule-1)\n     44:0  2 (demand-1)\nIn ice-9/boot-9.scm:\n   751:25  1 (dispatch-exception 0 misc-error (#f \"Unbound variabâ€¦\" â€¦))\nIn unknown file:\n           0 (apply-smob/1 #<catch-closure 56181803e0a0> misc-error # â€¦)\n\nERROR: In procedure apply-smob/1:\nUnbound variable: psi-component\nABORT: misc-error\n")
[2018-01-25 21:12:56:907] [INFO] END TEST: test_psi_get_context
[2018-01-25 21:12:56:909] [INFO] BEGIN TEST: test_psi_get_goal
In OpenPsiSCMUTest::test_psi_get_goal:
/home/opencog/opencog/build/tests/openpsi/../../../tests/openpsi/OpenPsiSCMUTest.cxxtest:125: Error: Test failed: Caught scm error during eval
/home/opencog/opencog/build/tests/openpsi/../../../tests/openpsi/OpenPsiSCMUTest.cxxtest:125: Error: Assertion failed: (false == _scm->eval_error())
/home/opencog/opencog/build/tests/openpsi/../../../tests/openpsi/OpenPsiSCMUTest.cxxtest:126: Error: Test failed: Expected `#t`
/home/opencog/opencog/build/tests/openpsi/../../../tests/openpsi/OpenPsiSCMUTest.cxxtest:126: Error: Expected ("#t\n" == result_1), found (#t
 != "Backtrace:\n           8 (apply-smob/1 #<catch-closure 561818040b80>)\n           7 (apply-smob/1 #<catch-closure 561818040a80>)\nIn ice-9/boot-9.scm:\n   2312:4  6 (save-module-excursion #<procedure 561818045140 at ice-â€¦>)\nIn ice-9/eval-string.scm:\n     38:6  5 (read-and-eval #<input: string 561817e4e620> #:lang _)\nIn /home/opencog/opencog/tests/openpsi/rules.scm:\n   314:31  4 (test_psi_get_goal_1)\n    54:63  3 (rule-1)\n     44:0  2 (demand-1)\nIn ice-9/boot-9.scm:\n   751:25  1 (dispatch-exception 0 misc-error (#f \"Unbound variabâ€¦\" â€¦))\nIn unknown file:\n           0 (apply-smob/1 #<catch-closure 561818040a40> misc-error # â€¦)\n\nERROR: In procedure apply-smob/1:\nUnbound variable: psi-component\nABORT: misc-error\n")
[2018-01-25 21:12:56:916] [INFO] END TEST: test_psi_get_goal
[2018-01-25 21:12:56:918] [INFO] BEGIN TEST: test_psi_satisfiable__predicate
[2018-01-25 21:12:56:924] [ERROR] Backtrace:
           8 (apply-smob/1 #<catch-closure 5618180367a0>)
           7 (apply-smob/1 #<catch-closure 561818036700>)
In ice-9/boot-9.scm:
   2312:4  6 (save-module-excursion #<procedure 5618180404a0 at ice-â€¦>)
In ice-9/eval-string.scm:
     38:6  5 (read-and-eval #<input: string 561817fb74d0> #:lang _)
In ice-9/eval.scm:
   191:35  4 (_ #f)
In /home/opencog/opencog/tests/openpsi/rules.scm:
    54:63  3 (rule-1)
     44:0  2 (demand-1)
In ice-9/boot-9.scm:
   751:25  1 (dispatch-exception 0 misc-error (#f "Unbound variabâ€¦" â€¦))
In unknown file:
           0 (apply-smob/1 #<catch-closure 5618180366c0> misc-error # â€¦)

ERROR: In procedure apply-smob/1:
Unbound variable: psi-component
ABORT: misc-error
 (/home/opencog/atomspace/opencog/guile/SchemeEval.cc:926)
	Stack Trace:
	2: Logger.cc:481	  opencog::Logger::logva(opencog::Logger::Level, char const*, __va_list_tag*)
	3: Logger.cc:493	  opencog::Logger::Error::operator()(char const*, ...)
	4: exceptions.cc:55	  opencog::StandardException::parse_error_message(char const*, __va_list_tag*, bool)
	5: exceptions.cc:82	  opencog::StandardException::parse_error_message(char const*, char const*, __va_list_tag*, bool)
	6: exceptions.cc:150	  opencog::RuntimeException::RuntimeException(char const*, char const*, ...)
	7: SchemeEval.cc:926	  opencog::SchemeEval::eval_v(std::__cxx11::basic_string<char, std::char_traits<char>, std::allocator<char> > const&)
	8: SchemeEval.h:174	  opencog::SchemeEval::eval_tv(std::__cxx11::basic_string<char, std::char_traits<char>, std::allocator<char> > const&)
	9: RealDescriptions.cpp:125	  CxxTest::RealTestDescription::run()
	10: TestRunner.h:104	  CxxTest::TestRunner::runTest(CxxTest::TestDescription&)
	11: OpenPsiSCMUTest.cpp:20	main()
	12: [0x202b1] ??() ??:0
	13: [0xe2da] ??() ??:0

In OpenPsiSCMUTest::test_psi_satisfiable__predicate:
/home/opencog/opencog/tests/openpsi/OpenPsiSCMUTest.cxxtest:133: Error: Test failed: Backtrace:
           8 (apply-smob/1 #<catch-closure 5618180367a0>)
           7 (apply-smob/1 #<catch-closure 561818036700>)
In ice-9/boot-9.scm:
   2312:4  6 (save-module-excursion #<procedure 5618180404a0 at ice-â€¦>)
In ice-9/eval-string.scm:
     38:6  5 (read-and-eval #<input: string 561817fb74d0> #:lang _)
In ice-9/eval.scm:
   191:35  4 (_ #f)
In /home/opencog/opencog/tests/openpsi/rules.scm:
    54:63  3 (rule-1)
     44:0  2 (demand-1)
In ice-9/boot-9.scm:
   751:25  1 (dispatch-exception 0 misc-error (#f "Unbound variabâ€¦" â€¦))
In unknown file:
           0 (apply-smob/1 #<catch-closure 5618180366c0> misc-error # â€¦)

ERROR: In procedure apply-smob/1:
Unbound variable: psi-component
ABORT: misc-error
 (/home/opencog/atomspace/opencog/guile/SchemeEval.cc:926)
[2018-01-25 21:12:57:208] [INFO] BEGIN TEST: test_psi_select_rules
[2018-01-25 21:12:57:214] [ERROR] Backtrace:
           7 (apply-smob/1 #<catch-closure 561818036340>)
           6 (apply-smob/1 #<catch-closure 5618180362a0>)
In ice-9/boot-9.scm:
   2312:4  5 (save-module-excursion #<procedure 561818040440 at ice-â€¦>)
In ice-9/eval-string.scm:
     38:6  4 (read-and-eval #<input: string 561817f39620> #:lang _)
In /home/opencog/opencog/tests/openpsi/rules.scm:
    54:63  3 (rule-1)
     44:0  2 (demand-1)
In ice-9/boot-9.scm:
   751:25  1 (dispatch-exception 0 misc-error (#f "Unbound variabâ€¦" â€¦))
In unknown file:
           0 (apply-smob/1 #<catch-closure 561818036260> misc-error # â€¦)

ERROR: In procedure apply-smob/1:
Unbound variable: psi-component
ABORT: misc-error
 (/home/opencog/atomspace/opencog/guile/SchemeEval.cc:926)
	Stack Trace:
	2: Logger.cc:481	  opencog::Logger::logva(opencog::Logger::Level, char const*, __va_list_tag*)
	3: Logger.cc:493	  opencog::Logger::Error::operator()(char const*, ...)
	4: exceptions.cc:55	  opencog::StandardException::parse_error_message(char const*, __va_list_tag*, bool)
	5: exceptions.cc:82	  opencog::StandardException::parse_error_message(char const*, char const*, __va_list_tag*, bool)
	6: exceptions.cc:150	  opencog::RuntimeException::RuntimeException(char const*, char const*, ...)
	7: SchemeEval.cc:926	  opencog::SchemeEval::eval_v(std::__cxx11::basic_string<char, std::char_traits<char>, std::allocator<char> > const&)
	8: SchemeEval.h:170	  opencog::SchemeEval::eval_h(std::__cxx11::basic_string<char, std::char_traits<char>, std::allocator<char> > const&)
	9: RealDescriptions.cpp:125	  CxxTest::RealTestDescription::run()
	10: TestRunner.h:104	  CxxTest::TestRunner::runTest(CxxTest::TestDescription&)
	11: OpenPsiSCMUTest.cpp:20	main()
	12: [0x202b1] ??() ??:0
	13: [0xe2da] ??() ??:0

In OpenPsiSCMUTest::test_psi_select_rules:
/home/opencog/opencog/tests/openpsi/OpenPsiSCMUTest.cxxtest:195: Error: Test failed: Backtrace:
           7 (apply-smob/1 #<catch-closure 561818036340>)
           6 (apply-smob/1 #<catch-closure 5618180362a0>)
In ice-9/boot-9.scm:
   2312:4  5 (save-module-excursion #<procedure 561818040440 at ice-â€¦>)
In ice-9/eval-string.scm:
     38:6  4 (read-and-eval #<input: string 561817f39620> #:lang _)
In /home/opencog/opencog/tests/openpsi/rules.scm:
    54:63  3 (rule-1)
     44:0  2 (demand-1)
In ice-9/boot-9.scm:
   751:25  1 (dispatch-exception 0 misc-error (#f "Unbound variabâ€¦" â€¦))
In unknown file:
           0 (apply-smob/1 #<catch-closure 561818036260> misc-error # â€¦)

ERROR: In procedure apply-smob/1:
Unbound variable: psi-component
ABORT: misc-error
 (/home/opencog/atomspace/opencog/guile/SchemeEval.cc:926)
[2018-01-25 21:12:57:288] [INFO] BEGIN TEST: test_psi_get_satisfiable_rules
[2018-01-25 21:12:57:294] [ERROR] Backtrace:
           7 (apply-smob/1 #<catch-closure 561818045f00>)
           6 (apply-smob/1 #<catch-closure 561818045d80>)
In ice-9/boot-9.scm:
   2312:4  5 (save-module-excursion #<procedure 5618180404a0 at ice-â€¦>)
In ice-9/eval-string.scm:
     38:6  4 (read-and-eval #<input: string 56181808eaf0> #:lang _)
In /home/opencog/opencog/tests/openpsi/rules.scm:
    54:63  3 (rule-1)
     44:0  2 (demand-1)
In ice-9/boot-9.scm:
   751:25  1 (dispatch-exception 0 misc-error (#f "Unbound variabâ€¦" â€¦))
In unknown file:
           0 (apply-smob/1 #<catch-closure 561818045ce0> misc-error # â€¦)

ERROR: In procedure apply-smob/1:
Unbound variable: psi-component
ABORT: misc-error
 (/home/opencog/atomspace/opencog/guile/SchemeEval.cc:926)
	Stack Trace:
	2: Logger.cc:481	  opencog::Logger::logva(opencog::Logger::Level, char const*, __va_list_tag*)
	3: Logger.cc:493	  opencog::Logger::Error::operator()(char const*, ...)
	4: exceptions.cc:55	  opencog::StandardException::parse_error_message(char const*, __va_list_tag*, bool)
	5: exceptions.cc:82	  opencog::StandardException::parse_error_message(char const*, char const*, __va_list_tag*, bool)
	6: exceptions.cc:150	  opencog::RuntimeException::RuntimeException(char const*, char const*, ...)
	7: SchemeEval.cc:926	  opencog::SchemeEval::eval_v(std::__cxx11::basic_string<char, std::char_traits<char>, std::allocator<char> > const&)
	8: SchemeEval.h:170	  opencog::SchemeEval::eval_h(std::__cxx11::basic_string<char, std::char_traits<char>, std::allocator<char> > const&)
	9: RealDescriptions.cpp:125	  CxxTest::RealTestDescription::run()
	10: TestRunner.h:104	  CxxTest::TestRunner::runTest(CxxTest::TestDescription&)
	11: OpenPsiSCMUTest.cpp:20	main()
	12: [0x202b1] ??() ??:0
	13: [0xe2da] ??() ??:0

In OpenPsiSCMUTest::test_psi_get_satisfiable_rules:
/home/opencog/opencog/tests/openpsi/OpenPsiSCMUTest.cxxtest:267: Error: Test failed: Backtrace:
           7 (apply-smob/1 #<catch-closure 561818045f00>)
           6 (apply-smob/1 #<catch-closure 561818045d80>)
In ice-9/boot-9.scm:
   2312:4  5 (save-module-excursion #<procedure 5618180404a0 at ice-â€¦>)
In ice-9/eval-string.scm:
     38:6  4 (read-and-eval #<input: string 56181808eaf0> #:lang _)
In /home/opencog/opencog/tests/openpsi/rules.scm:
    54:63  3 (rule-1)
     44:0  2 (demand-1)
In ice-9/boot-9.scm:
   751:25  1 (dispatch-exception 0 misc-error (#f "Unbound variabâ€¦" â€¦))
In unknown file:
           0 (apply-smob/1 #<catch-closure 561818045ce0> misc-error # â€¦)

ERROR: In procedure apply-smob/1:
Unbound variable: psi-component
ABORT: misc-error
 (/home/opencog/atomspace/opencog/guile/SchemeEval.cc:926)
[2018-01-25 21:12:57:372] [INFO] BEGIN TEST: test_psi_step_1
In OpenPsiSCMUTest::test_psi_step_1:
/home/opencog/opencog/build/tests/openpsi/../../../tests/openpsi/OpenPsiSCMUTest.cxxtest:322: Error: Test failed: Caught scm error during eval
/home/opencog/opencog/build/tests/openpsi/../../../tests/openpsi/OpenPsiSCMUTest.cxxtest:322: Error: Assertion failed: (false == _scm->eval_error())
/home/opencog/opencog/build/tests/openpsi/../../../tests/openpsi/OpenPsiSCMUTest.cxxtest:328: Error: Test failed: Caught scm error during eval
/home/opencog/opencog/build/tests/openpsi/../../../tests/openpsi/OpenPsiSCMUTest.cxxtest:328: Error: Assertion failed: (false == _scm->eval_error())
/home/opencog/opencog/build/tests/openpsi/../../../tests/openpsi/OpenPsiSCMUTest.cxxtest:344: Error: Test failed: Caught scm error during eval
/home/opencog/opencog/build/tests/openpsi/../../../tests/openpsi/OpenPsiSCMUTest.cxxtest:344: Error: Assertion failed: (false == _scm->eval_error())
/home/opencog/opencog/build/tests/openpsi/../../../tests/openpsi/OpenPsiSCMUTest.cxxtest:349: Error: Expected ("#t\n" == result_2_1), found (#t
 != "#f\n")
/home/opencog/opencog/build/tests/openpsi/../../../tests/openpsi/OpenPsiSCMUTest.cxxtest:361: Error: Test failed: Caught scm error during eval
/home/opencog/opencog/build/tests/openpsi/../../../tests/openpsi/OpenPsiSCMUTest.cxxtest:361: Error: Assertion failed: (false == _scm->eval_error())
/home/opencog/opencog/build/tests/openpsi/../../../tests/openpsi/OpenPsiSCMUTest.cxxtest:366: Error: Expected ("#t\n" == result_3_1), found (#t
 != "#f\n")
/home/opencog/opencog/build/tests/openpsi/../../../tests/openpsi/OpenPsiSCMUTest.cxxtest:371: Error: Expected ("#t\n" == result_3_2), found (#t
 != "#f\n")
[2018-01-25 21:12:57:395] [INFO] END TEST: test_psi_step_1
[2018-01-25 21:12:57:398] [INFO] BEGIN TEST: test_psi_run_and_psi_halt
In OpenPsiSCMUTest::test_psi_run_and_psi_halt:
/home/opencog/opencog/build/tests/openpsi/../../../tests/openpsi/OpenPsiSCMUTest.cxxtest:383: Error: Test failed: Caught scm error during eval
/home/opencog/opencog/build/tests/openpsi/../../../tests/openpsi/OpenPsiSCMUTest.cxxtest:383: Error: Assertion failed: (false == _scm->eval_error())
/home/opencog/opencog/build/tests/openpsi/../../../tests/openpsi/OpenPsiSCMUTest.cxxtest:385: Error: Test failed: Caught scm error during eval
/home/opencog/opencog/build/tests/openpsi/../../../tests/openpsi/OpenPsiSCMUTest.cxxtest:385: Error: Assertion failed: (false == _scm->eval_error())
/home/opencog/opencog/build/tests/openpsi/../../../tests/openpsi/OpenPsiSCMUTest.cxxtest:389: Error: Test failed: Caught scm error during eval
/home/opencog/opencog/build/tests/openpsi/../../../tests/openpsi/OpenPsiSCMUTest.cxxtest:389: Error: Assertion failed: (false == _scm->eval_error())
/home/opencog/opencog/build/tests/openpsi/../../../tests/openpsi/OpenPsiSCMUTest.cxxtest:390: Error: Expected ("#t\n" == result_1), found (#t
 != "Backtrace:\n           6 (apply-smob/1 #<catch-closure 561818058040>)\n           5 (apply-smob/1 #<catch-closure 5618182a3f40>)\nIn ice-9/boot-9.scm:\n   2312:4  4 (save-module-excursion #<procedure 561817e35d80 at ice-â€¦>)\nIn ice-9/eval-string.scm:\n     38:6  3 (read-and-eval #<input: string 561817e34e00> #:lang _)\nIn /home/opencog/opencog/tests/openpsi/rules.scm:\n    202:0  2 (test-psi-run)\nIn ice-9/boot-9.scm:\n   751:25  1 (dispatch-exception 0 misc-error (#f \"Unbound variabâ€¦\" â€¦))\nIn unknown file:\n           0 (apply-smob/1 #<catch-closure 5618182a3f00> misc-error # â€¦)\n\nERROR: In procedure apply-smob/1:\nUnbound variable: psi-run\nABORT: misc-error\n")
/home/opencog/opencog/build/tests/openpsi/../../../tests/openpsi/OpenPsiSCMUTest.cxxtest:393: Error: Test failed: Caught scm error during eval
/home/opencog/opencog/build/tests/openpsi/../../../tests/openpsi/OpenPsiSCMUTest.cxxtest:393: Error: Assertion failed: (false == _scm->eval_error())
/home/opencog/opencog/build/tests/openpsi/../../../tests/openpsi/OpenPsiSCMUTest.cxxtest:394: Error: Expected ("#t\n" == result_2), found (#t
 != "Backtrace:\n           6 (apply-smob/1 #<catch-closure 56181836eda0>)\n           5 (apply-smob/1 #<catch-closure 56181836eca0>)\nIn ice-9/boot-9.scm:\n   2312:4  4 (save-module-excursion #<procedure 56181836fca0 at ice-â€¦>)\nIn ice-9/eval-string.scm:\n     38:6  3 (read-and-eval #<input: string 561818354070> #:lang _)\nIn /home/opencog/opencog/tests/openpsi/rules.scm:\n    225:0  2 (test-psi-halt)\nIn ice-9/boot-9.scm:\n   751:25  1 (dispatch-exception 0 misc-error (#f \"Unbound variabâ€¦\" â€¦))\nIn unknown file:\n           0 (apply-smob/1 #<catch-closure 56181836ec60> misc-error # â€¦)\n\nERROR: In procedure apply-smob/1:\nUnbound variable: psi-halt\nABORT: misc-error\n")
/home/opencog/opencog/build/tests/openpsi/../../../tests/openpsi/OpenPsiSCMUTest.cxxtest:397: Error: Test failed: Caught scm error during eval
/home/opencog/opencog/build/tests/openpsi/../../../tests/openpsi/OpenPsiSCMUTest.cxxtest:397: Error: Assertion failed: (false == _scm->eval_error())
/home/opencog/opencog/build/tests/openpsi/../../../tests/openpsi/OpenPsiSCMUTest.cxxtest:398: Error: Expected ("#t\n" == result_1), found (#t
 != "Backtrace:\n           6 (apply-smob/1 #<catch-closure 561818058040>)\n           5 (apply-smob/1 #<catch-closure 5618182a3f40>)\nIn ice-9/boot-9.scm:\n   2312:4  4 (save-module-excursion #<procedure 561817e35d80 at ice-â€¦>)\nIn ice-9/eval-string.scm:\n     38:6  3 (read-and-eval #<input: string 561817e34e00> #:lang _)\nIn /home/opencog/opencog/tests/openpsi/rules.scm:\n    202:0  2 (test-psi-run)\nIn ice-9/boot-9.scm:\n   751:25  1 (dispatch-exception 0 misc-error (#f \"Unbound variabâ€¦\" â€¦))\nIn unknown file:\n           0 (apply-smob/1 #<catch-closure 5618182a3f00> misc-error # â€¦)\n\nERROR: In procedure apply-smob/1:\nUnbound variable: psi-run\nABORT: misc-error\n")
/home/opencog/opencog/build/tests/openpsi/../../../tests/openpsi/OpenPsiSCMUTest.cxxtest:401: Error: Test failed: Caught scm error during eval
/home/opencog/opencog/build/tests/openpsi/../../../tests/openpsi/OpenPsiSCMUTest.cxxtest:401: Error: Assertion failed: (false == _scm->eval_error())
/home/opencog/opencog/build/tests/openpsi/../../../tests/openpsi/OpenPsiSCMUTest.cxxtest:402: Error: Expected ("#t\n" == result_2), found (#t
 != "Backtrace:\n           6 (apply-smob/1 #<catch-closure 56181836eda0>)\n           5 (apply-smob/1 #<catch-closure 56181836eca0>)\nIn ice-9/boot-9.scm:\n   2312:4  4 (save-module-excursion #<procedure 56181836fca0 at ice-â€¦>)\nIn ice-9/eval-string.scm:\n     38:6  3 (read-and-eval #<input: string 561818354070> #:lang _)\nIn /home/opencog/opencog/tests/openpsi/rules.scm:\n    225:0  2 (test-psi-halt)\nIn ice-9/boot-9.scm:\n   751:25  1 (dispatch-exception 0 misc-error (#f \"Unbound variabâ€¦\" â€¦))\nIn unknown file:\n           0 (apply-smob/1 #<catch-closure 56181836ec60> misc-error # â€¦)\n\nERROR: In procedure apply-smob/1:\nUnbound variable: psi-halt\nABORT: misc-error\n")
[2018-01-25 21:12:57:433] [INFO] END TEST: test_psi_run_and_psi_halt
Failed 8 and Skipped 0 of 8 tests
Success rate: 0%
;;; note: auto-compilation is enabled, set GUILE_AUTO_COMPILE=0
;;;       or pass the --no-auto-compile argument to disable.
;;; compiling /usr/local/share/opencog/scm/opencog/openpsi/main.scm
;;; WARNING: compilation of /usr/local/share/opencog/scm/opencog/openpsi/main.scm failed:
;;; In procedure dynamic-link: file: "liblogger", message: "file not found"

      Start 13: PythonModuleUTest
13/23 Test #13: PythonModuleUTest ................   Passed    0.39 sec
      Start 14: PyEvalUTest
14/23 Test #14: PyEvalUTest ......................   Passed    0.23 sec
      Start 15: CythonServer
15/23 Test #15: CythonServer .....................   Passed    0.16 sec
      Start 16: CythonStatistics
16/23 Test #16: CythonStatistics .................   Passed    0.14 sec
      Start 17: RestApiTest
17/23 Test #17: RestApiTest ......................***Failed    2.72 sec
/home/opencog/opencog/opencog/python/web/api/apiatomcollection.py:4: ExtDeprecationWarning: Importing flask.ext.restful is deprecated, use flask_restful instead.
  from flask.ext.restful import Resource, reqparse, marshal
/home/opencog/opencog/opencog/python/web/api/apiatomcollection.py:4: ExtDeprecationWarning: Importing flask.ext.restful.reqparse is deprecated, use flask_restful.reqparse instead.
  from flask.ext.restful import Resource, reqparse, marshal
/home/opencog/opencog/opencog/python/web/api/mappers.py:12: ExtDeprecationWarning: Importing flask.ext.restful.fields is deprecated, use flask_restful.fields instead.
  from flask.ext.restful import fields, marshal
/home/opencog/opencog/opencog/python/web/api/apiatomcollection.py:8: ExtDeprecationWarning: Importing flask.ext.restful.utils is deprecated, use flask_restful.utils instead.
  from flask.ext.restful.utils import cors
/home/opencog/opencog/opencog/python/web/api/apiatomcollection.py:8: ExtDeprecationWarning: Importing flask.ext.restful.utils.cors is deprecated, use flask_restful.utils.cors instead.
  from flask.ext.restful.utils import cors
test_restapi.TestRESTApi.test_a_post_and_get_node ... ok
test_restapi.TestRESTApi.test_b_post_and_get_link ... ok
test_restapi.TestRESTApi.test_c_put_and_get_tv_av_node ... ok
test_restapi.TestRESTApi.test_d_put_and_get_tv_av_link ... ok
test_restapi.TestRESTApi.test_e_post_revise_existing_node ... ok
test_restapi.TestRESTApi.test_f_post_revise_existing_link ... ok
test_restapi.TestRESTApi.test_g_delete_node ... FAIL
test_restapi.TestRESTApi.test_h_delete_link ... ok
test_restapi.TestRESTApi.test_j_get_types ... ok
test_restapi.TestRESTApi.test_k_tv_filter ... ok
test_restapi.TestRESTApi.test_l_include_incoming_outgoing ... ok
test_restapi.TestRESTApi.test_m_scheme_command ... ok
test_restapi.TestRESTApi.test_n_dot_export ... ok

======================================================================
FAIL: test_restapi.TestRESTApi.test_g_delete_node
----------------------------------------------------------------------
Traceback (most recent call last):
  File "/usr/local/lib/python2.7/dist-packages/nose/case.py", line 197, in runTest
    self.test(*self.arg)
  File "/home/opencog/opencog/tests/python/restapi/test_restapi.py", line 368, in test_g_delete_node
    assert delete_result['success']
AssertionError

----------------------------------------------------------------------
Ran 13 tests in 2.542s

FAILED (failures=1)
{u'truthvalue': {u'type': u'simple', u'details': {u'count': 0.4, u'strength': 0.5}}, u'outgoing': [2, 4], u'type': u'InheritanceLink'}
{u'truthvalue': {u'type': u'simple', u'details': {u'count': 0.9, u'strength': 1.0}}, u'outgoing': [9, 12], u'type': u'InheritanceLink'}
{u'truthvalue': {u'type': u'simple', u'details': {u'count': 0.9, u'strength': 1.0}}, u'outgoing': [16, 19], u'type': u'InheritanceLink'}
{u'truthvalue': {u'type': u'simple', u'details': {u'count': 0.95, u'strength': 0.1}}, u'outgoing': [16, 19], u'type': u'InheritanceLink'}
{u'truthvalue': {u'type': u'simple', u'details': {u'count': 0.9, u'strength': 1.0}}, u'outgoing': [22, 25], u'type': u'InheritanceLink'}

      Start 18: BlendingTest
18/23 Test #18: BlendingTest .....................   Passed    0.51 sec
      Start 19: DimEmbedUTest
19/23 Test #19: DimEmbedUTest ....................   Passed    0.27 sec
      Start 20: StatisticsUTest
20/23 Test #20: StatisticsUTest ..................   Passed    0.08 sec
      Start 21: PatternMinerUTest
21/23 Test #21: PatternMinerUTest ................   Passed    0.24 sec
      Start 22: PatternIndexAPIUTest
22/23 Test #22: PatternIndexAPIUTest .............   Passed    4.57 sec
      Start 23: XPatternMinerUTest
23/23 Test #23: XPatternMinerUTest ...............   Passed    3.60 sec

70% tests passed, 7 tests failed out of 23

Total Test time (real) = 161.04 sec

The following tests FAILED:
	  2 - AtomSpacePublisherModuleUTest (OTHER_FAULT)
	  6 - AnaphoraTest (Failed)
	  8 - PLNRulesUTest (Failed)
	 10 - OpenPsiRulesUTest (Failed)
	 11 - OpenPsiImplicatorUTest (Failed)
	 12 - OpenPsiSCMUTest (Failed)
	 17 - RestApiTest (Failed)
Errors while running CTest
make[3]: *** [CMakeFiles/test] Error 8
make[2]: *** [CMakeFiles/test.dir/all] Error 2
CMakeFiles/test.dir/build.make:57: recipe for target 'CMakeFiles/test' failed
CMakeFiles/Makefile2:99: recipe for target 'CMakeFiles/test.dir/all' failed
CMakeFiles/Makefile2:106: recipe for target 'CMakeFiles/test.dir/rule' failed
Makefile:197: recipe for target 'test' failed
make[1]: *** [CMakeFiles/test.dir/rule] Error 2
make: *** [test] Error 2
+ DSTATUS=TESTFAIL
+ /var/lib/jenkins/status/updateStatus TESTFAIL /var/lib/jenkins/jobs/OpenCOG_DebStab_Opencog/builds/7/log OpenCOG_DebStab_Opencog
Already up-to-date.
~/status/jobs ~/status
