Started by user [8mha:////4L2jTPWu9zIb56dnp8RqVObesKKV2DVGI0jJXlam1DqAAAAAlx+LCAAAAAAAAP9b85aBtbiIQTGjNKU4P08vOT+vOD8nVc83PyU1x6OyILUoJzMv2y+/JJUBAhiZGBgqihhk0NSjKDWzXb3RdlLBUSYGJk8GtpzUvPSSDB8G5tKinBIGIZ+sxLJE/ZzEvHT94JKizLx0a6BxUmjGOUNodHsLgAzWEgZu/dLi1CL9xJTczDwAj6GcLcAAAAA=[0madmin
Building in workspace /var/lib/jenkins/workspace/OpenCOG_U1404_Opencog
[OpenCOG_U1404_Opencog] $ /bin/sh -xe /tmp/jenkins7573636861840042562.sh
+ COGDIR=../OpenCOG_U1404
+ . ../OpenCOG_U1404/build.docker/docker.env
+ CID=5450f4882e22053dd00198d8c9a8f0453b725eca2491f314610e8e2d58fccb18
+ DKRUNROOT=docker exec --user root   5450f4882e22053dd00198d8c9a8f0453b725eca2491f314610e8e2d58fccb18
+ DKRUNUSER=docker exec --user jenkins  5450f4882e22053dd00198d8c9a8f0453b725eca2491f314610e8e2d58fccb18
+ UID=125
+ GID=132
+ LOGFILE=/var/lib/jenkins/jobs/OpenCOG_U1404_Opencog/builds/36/log
+ cat


**********************************************************
**********************************************************
**********************************************************
**********************************************************
*****                                                *****
*****                  Opencog TEST                *****
*****                                                *****
**********************************************************
**********************************************************
**********************************************************
**********************************************************


+ echo GIT_COMMIT=
GIT_COMMIT=
+ echo GIT_BRANCH=
GIT_BRANCH=
+ echo GIT_URL=
GIT_URL=
+ WDIR=opencog/
+ JOBDIR=../OpenCOG_U1404/dependencies
+ cat
+ chmod +x ../OpenCOG_U1404/dependencies/job1
+ docker exec --user jenkins 5450f4882e22053dd00198d8c9a8f0453b725eca2491f314610e8e2d58fccb18 bash dependencies/job1
/home/opencog
+ pwd
+ cd opencog/
+ cd build
+ make -j8 test
[  1%] [  1%] [  1%] [  3%] [  4%] Generating PLNRulesUTest.cpp
[  7%] Built target nlp_atom_types
Built target attention_atom_types
Generating MOSESPLNSynergyUTest.cpp
Built target json_spirit
Built target atom_octomap
[ 10%] Built target xpatternminer
[ 14%] Built target openpsi
[ 15%] [ 15%] [ 17%] [ 20%] [ 21%] [ 23%] Built target statistics
Built target spacetime_atom_types
Built target agent_finder
Built target py-shell
Built target patternminer_atom_types
Built target dimensionalembedding
[ 25%] [ 25%] Generating XPatternMinerUTest.cpp
[ 28%] Generating AtomOcTreeUTest.cpp
[ 28%] Built target nlp-types
Built target atomspacepublishermodule
[ 28%] Built target attention-types
[ 31%] [ 31%] [ 31%] [ 40%] Scanning dependencies of target MOSESPLNSynergyUTest
Scanning dependencies of target PLNRulesUTest
Built target patternindex
Generating OpenPsiImplicatorUTest.cpp
Generating TimeSpaceAtomUTest.cpp
Generating OpenPsiRulesUTest.cpp
[ 42%] [ 43%] Building CXX object tests/pln/CMakeFiles/MOSESPLNSynergyUTest.dir/MOSESPLNSynergyUTest.cpp.o
Generating OpenPsiSCMUTest.cpp
[ 45%] Building CXX object tests/pln/rules/CMakeFiles/PLNRulesUTest.dir/PLNRulesUTest.cpp.o
Scanning dependencies of target AtomOcTreeUTest
Scanning dependencies of target XPatternMinerUTest
[ 46%] Building CXX object tests/spacetime/CMakeFiles/AtomOcTreeUTest.dir/AtomOcTreeUTest.cpp.o
[ 46%] Building CXX object tests/learning/xpattern-miner/c++-based/CMakeFiles/XPatternMinerUTest.dir/XPatternMinerUTest.cpp.o
Scanning dependencies of target OpenPsiImplicatorUTest
Scanning dependencies of target TimeSpaceAtomUTest
Scanning dependencies of target OpenPsiRulesUTest
[ 46%] [ 48%] [ 48%] Scanning dependencies of target OpenPsiSCMUTest
Building CXX object tests/openpsi/CMakeFiles/OpenPsiImplicatorUTest.dir/OpenPsiImplicatorUTest.cpp.o
Building CXX object tests/spacetime/CMakeFiles/TimeSpaceAtomUTest.dir/TimeSpaceAtomUTest.cpp.o
Building CXX object tests/openpsi/CMakeFiles/OpenPsiRulesUTest.dir/OpenPsiRulesUTest.cpp.o
[ 48%] Building CXX object tests/openpsi/CMakeFiles/OpenPsiSCMUTest.dir/OpenPsiSCMUTest.cpp.o
Linking CXX executable OpenPsiRulesUTest
Linking CXX executable MOSESPLNSynergyUTest
Linking CXX executable OpenPsiImplicatorUTest
Linking CXX executable OpenPsiSCMUTest
[ 48%] Built target MOSESPLNSynergyUTest
[ 48%] Generating StatisticsUTest.cpp
[ 48%] Built target OpenPsiRulesUTest
[ 50%] Built target patternminer-types
[ 50%] Generating PatternIndexAPIUTest.cpp
[ 50%] Built target OpenPsiSCMUTest
[ 50%] Built target OpenPsiImplicatorUTest
Scanning dependencies of target StatisticsUTest
[ 51%] [ 57%] Built target PatternMiner
Building CXX object tests/learning/statistics/CMakeFiles/StatisticsUTest.dir/StatisticsUTest.cpp.o
[ 65%] Built target server
[ 67%] Scanning dependencies of target PatternIndexAPIUTest
Generating PatternMinerUTest.cpp
[ 68%] [ 79%] Built target attention
Building CXX object tests/learning/pattern-index/CMakeFiles/PatternIndexAPIUTest.dir/PatternIndexAPIUTest.cpp.o
[ 79%] Generating AtomSpacePublisherModuleUTest.cpp
Scanning dependencies of target PatternMinerUTest
[ 81%] Building CXX object tests/learning/PatternMiner/CMakeFiles/PatternMinerUTest.dir/PatternMinerUTest.cpp.o
Scanning dependencies of target AtomSpacePublisherModuleUTest
[ 82%] Building CXX object tests/persist/zmq/events/CMakeFiles/AtomSpacePublisherModuleUTest.dir/AtomSpacePublisherModuleUTest.cpp.o
Linking CXX executable AtomOcTreeUTest
[ 82%] Built target AtomOcTreeUTest
[ 84%] Generating CogServerUTest.cpp
Scanning dependencies of target CogServerUTest
[ 84%] Building CXX object tests/server/CMakeFiles/CogServerUTest.dir/CogServerUTest.cpp.o
Linking CXX executable PLNRulesUTest
[ 84%] Built target PLNRulesUTest
[ 84%] Generating ShellUTest.cpp
Scanning dependencies of target ShellUTest
[ 85%] Building CXX object tests/server/CMakeFiles/ShellUTest.dir/ShellUTest.cpp.o
Linking CXX executable TimeSpaceAtomUTest
[ 85%] Built target TimeSpaceAtomUTest
[ 85%] Generating AgentUTest.cpp
Scanning dependencies of target AgentUTest
[ 87%] Building CXX object tests/server/CMakeFiles/AgentUTest.dir/AgentUTest.cpp.o
Linking CXX executable StatisticsUTest
[ 87%] Built target StatisticsUTest
[ 89%] Built target PythonModule
[ 89%] Generating PyEvalUTest.cpp
Scanning dependencies of target PyEvalUTest
[ 90%] Building CXX object tests/cython/CMakeFiles/PyEvalUTest.dir/PyEvalUTest.cpp.o
Linking CXX executable PatternIndexAPIUTest
CMakeFiles/PatternIndexAPIUTest.dir/PatternIndexAPIUTest.cpp.o: In function `PatternIndexAPIUTest::PatternIndexAPIUTest()':
/home/opencog/opencog/tests/learning/pattern-index/PatternIndexAPIUTest.cxxtest:76: warning: the use of `tmpnam' is dangerous, better use `mkstemp'
[ 90%] Built target PatternIndexAPIUTest
[ 92%] Generating DimEmbedUTest.cpp
Scanning dependencies of target DimEmbedUTest
[ 93%] Building CXX object tests/learning/dimensionalembedding/CMakeFiles/DimEmbedUTest.dir/DimEmbedUTest.cpp.o
Linking CXX executable XPatternMinerUTest
[ 93%] Built target XPatternMinerUTest
[ 95%] Generating AttentionParamQueryUTest.cpp
Scanning dependencies of target AttentionParamQueryUTest
[ 95%] Building CXX object tests/attention/CMakeFiles/AttentionParamQueryUTest.dir/AttentionParamQueryUTest.cpp.o
Linking CXX executable PatternMinerUTest
[ 95%] Built target PatternMinerUTest
[ 96%] Generating PythonModuleUTest.cpp
Scanning dependencies of target PythonModuleUTest
[ 98%] Building CXX object tests/cython/CMakeFiles/PythonModuleUTest.dir/PythonModuleUTest.cpp.o
Linking CXX executable ShellUTest
Linking CXX executable CogServerUTest
[ 98%] Built target ShellUTest
Linking CXX executable AgentUTest
[ 98%] Built target CogServerUTest
[ 98%] Built target AgentUTest
Linking CXX executable PyEvalUTest
[ 98%] Built target PyEvalUTest
Linking CXX executable AttentionParamQueryUTest
[ 98%] Built target AttentionParamQueryUTest
Linking CXX executable PythonModuleUTest
[ 98%] Built target PythonModuleUTest
Linking CXX executable DimEmbedUTest
[ 98%] Built target DimEmbedUTest
Linking CXX executable AtomSpacePublisherModuleUTest
[ 98%] Built target AtomSpacePublisherModuleUTest
Scanning dependencies of target tests
[ 98%] Built target tests
Scanning dependencies of target test
[100%] Running tests...
Test project /home/opencog/opencog/build/tests
      Start  1: AttentionParamQueryUTest
 1/25 Test  #1: AttentionParamQueryUTest .........   Passed    0.01 sec
      Start  2: AtomSpacePublisherModuleUTest
 2/25 Test  #2: AtomSpacePublisherModuleUTest ....   Passed    5.31 sec
      Start  3: CogServerUTest
 3/25 Test  #3: CogServerUTest ...................   Passed    0.93 sec
      Start  4: ShellUTest
 4/25 Test  #4: ShellUTest .......................   Passed  118.61 sec
      Start  5: AgentUTest
 5/25 Test  #5: AgentUTest .......................   Passed    0.26 sec
      Start  6: AtomOcTreeUTest
 6/25 Test  #6: AtomOcTreeUTest ..................***Exception: SegFault  0.10 sec
Running cxxtest tests (1 test)
generating example map

      Start  7: TimeSpaceAtomUTest
 7/25 Test  #7: TimeSpaceAtomUTest ...............***Exception: SegFault  0.07 sec
Running cxxtest tests (1 test)
generating example map

      Start  8: AnaphoraTest
 8/25 Test  #8: AnaphoraTest .....................***Exception: SegFault  1.24 sec
Testing the bfs function ... ERROR
test_conjunctions (test_anaphora.AnaphoraUnitTester) ... FAIL
Testing the getWords function ... ;;; note: auto-compilation is enabled, set GUILE_AUTO_COMPILE=0
;;;       or pass the --no-auto-compile argument to disable.
;;; compiling /usr/local/share/opencog/scm/opencog/query.scm
;;; compiled /home/jenkins/.cache/guile/ccache/2.2-LE-8-3.A/usr/local/share/opencog/scm/opencog/query.scm.go
;;; compiling /usr/local/share/opencog/scm/opencog/nlp.scm
;;; compiled /home/jenkins/.cache/guile/ccache/2.2-LE-8-3.A/usr/local/share/opencog/scm/opencog/nlp.scm.go
;;; compiling /home/opencog/opencog/build/tests/nlp/../../../tests/nlp/anaphora/data/conjunction.scm
;;; /home/opencog/opencog/build/tests/nlp/../../../tests/nlp/anaphora/data/conjunction.scm:15:4: warning: possibly unbound variable `WordInstanceNode'
;;; /home/opencog/opencog/build/tests/nlp/../../../tests/nlp/anaphora/data/conjunction.scm:16:4: warning: possibly unbound variable `WordInstanceNode'
;;; /home/opencog/opencog/build/tests/nlp/../../../tests/nlp/anaphora/data/conjunction.scm:20:4: warning: possibly unbound variable `WordInstanceNode'
;;; /home/opencog/opencog/build/tests/nlp/../../../tests/nlp/anaphora/data/conjunction.scm:22:0: warning: possibly unbound variable `PartOfSpeechLink'
;;; /home/opencog/opencog/build/tests/nlp/../../../tests/nlp/anaphora/data/conjunction.scm:23:4: warning: possibly unbound variable `WordInstanceNode'
;;; /home/opencog/opencog/build/tests/nlp/../../../tests/nlp/anaphora/data/conjunction.scm:24:4: warning: possibly unbound variable `DefinedLinguisticConceptNode'
;;; /home/opencog/opencog/build/tests/nlp/../../../tests/nlp/anaphora/data/conjunction.scm:26:0: warning: possibly unbound variable `PartOfSpeechLink'
;;; /home/opencog/opencog/build/tests/nlp/../../../tests/nlp/anaphora/data/conjunction.scm:27:4: warning: possibly unbound variable `WordInstanceNode'
;;; /home/opencog/opencog/build/tests/nlp/../../../tests/nlp/anaphora/data/conjunction.scm:28:4: warning: possibly unbound variable `DefinedLinguisticConceptNode'
;;; /home/opencog/opencog/build/tests/nlp/../../../tests/nlp/anaphora/data/conjunction.scm:31:4: warning: possibly unbound variable `WordInstanceNode'
;;; /home/opencog/opencog/build/tests/nlp/../../../tests/nlp/anaphora/data/conjunction.scm:32:4: warning: possibly unbound variable `DefinedLinguisticConceptNode'
;;; /home/opencog/opencog/build/tests/nlp/../../../tests/nlp/anaphora/data/conjunction.scm:35:4: warning: possibly unbound variable `PrepositionalRelationshipNode'
;;; /home/opencog/opencog/build/tests/nlp/../../../tests/nlp/anaphora/data/conjunction.scm:37:8: warning: possibly unbound variable `WordInstanceNode'
;;; /home/opencog/opencog/build/tests/nlp/../../../tests/nlp/anaphora/data/conjunction.scm:38:8: warning: possibly unbound variable `WordInstanceNode'
;;; compiled /home/jenkins/.cache/guile/ccache/2.2-LE-8-3.A/home/opencog/opencog/tests/nlp/anaphora/data/conjunction.scm.go
;;; compiling /home/opencog/opencog/build/tests/nlp/../../../tests/nlp/anaphora/data/getWords.scm
;;; /home/opencog/opencog/build/tests/nlp/../../../tests/nlp/anaphora/data/getWords.scm:9:0: warning: possibly unbound variable `WordInstanceLink'
;;; /home/opencog/opencog/build/tests/nlp/../../../tests/nlp/anaphora/data/getWords.scm:10:4: warning: possibly unbound variable `WordInstanceNode'
;;; /home/opencog/opencog/build/tests/nlp/../../../tests/nlp/anaphora/data/getWords.scm:11:4: warning: possibly unbound variable `ParseNode'
;;; /home/opencog/opencog/build/tests/nlp/../../../tests/nlp/anaphora/data/getWords.scm:13:0: warning: possibly unbound variable `WordInstanceLink'
;;; /home/opencog/opencog/build/tests/nlp/../../../tests/nlp/anaphora/data/getWords.scm:14:4: warning: possibly unbound variable `WordInstanceNode'
;;; /home/opencog/opencog/build/tests/nlp/../../../tests/nlp/anaphora/data/getWords.scm:15:4: warning: possibly unbound variable `ParseNode'
;;; /home/opencog/opencog/build/tests/nlp/../../../tests/nlp/anaphora/data/getWords.scm:17:0: warning: possibly unbound variable `WordInstanceLink'
;;; /home/opencog/opencog/build/tests/nlp/../../../tests/nlp/anaphora/data/getWords.scm:18:4: warning: possibly unbound variable `WordInstanceNode'
;;; /home/opencog/opencog/build/tests/nlp/../../../tests/nlp/anaphora/data/getWords.scm:19:4: warning: possibly unbound variable `ParseNode'
;;; /home/opencog/opencog/build/tests/nlp/../../../tests/nlp/anaphora/data/getWords.scm:21:0: warning: possibly unbound variable `WordInstanceLink'
;;; /home/opencog/opencog/build/tests/nlp/../../../tests/nlp/anaphora/data/getWords.scm:22:4: warning: possibly unbound variable `WordInstanceNode'
;;; /home/opencog/opencog/build/tests/nlp/../../../tests/nlp/anaphora/data/getWords.scm:23:4: warning: possibly unbound variable `ParseNode'
;;; /home/opencog/opencog/build/tests/nlp/../../../tests/nlp/anaphora/data/getWords.scm:25:0: warning: possibly unbound variable `WordInstanceLink'
;;; /home/opencog/opencog/build/tests/nlp/../../../tests/nlp/anaphora/data/getWords.scm:26:4: warning: possibly unbound variable `WordInstanceNode'
;;; /home/opencog/opencog/build/tests/nlp/../../../tests/nlp/anaphora/data/getWords.scm:27:4: warning: possibly unbound variable `ParseNode'
;;; /home/opencog/opencog/build/tests/nlp/../../../tests/nlp/anaphora/data/getWords.scm:29:0: warning: possibly unbound variable `WordInstanceLink'
;;; /home/opencog/opencog/build/tests/nlp/../../../tests/nlp/anaphora/data/getWords.scm:30:4: warning: possibly unbound variable `WordInstanceNode'
;;; /home/opencog/opencog/build/tests/nlp/../../../tests/nlp/anaphora/data/getWords.scm:31:4: warning: possibly unbound variable `ParseNode'
;;; /home/opencog/opencog/build/tests/nlp/../../../tests/nlp/anaphora/data/getWords.scm:33:0: warning: possibly unbound variable `WordInstanceLink'
;;; /home/opencog/opencog/build/tests/nlp/../../../tests/nlp/anaphora/data/getWords.scm:34:4: warning: possibly unbound variable `WordInstanceNode'
;;; /home/opencog/opencog/build/tests/nlp/../../../tests/nlp/anaphora/data/getWords.scm:35:4: warning: possibly unbound variable `ParseNode'
;;; /home/opencog/opencog/build/tests/nlp/../../../tests/nlp/anaphora/data/getWords.scm:37:0: warning: possibly unbound variable `WordInstanceLink'
;;; /home/opencog/opencog/build/tests/nlp/../../../tests/nlp/anaphora/data/getWords.scm:38:4: warning: possibly unbound variable `WordInstanceNode'
;;; /home/opencog/opencog/build/tests/nlp/../../../tests/nlp/anaphora/data/getWords.scm:39:4: warning: possibly unbound variable `ParseNode'
;;; /home/opencog/opencog/build/tests/nlp/../../../tests/nlp/anaphora/data/getWords.scm:41:0: warning: possibly unbound variable `WordInstanceLink'
;;; /home/opencog/opencog/build/tests/nlp/../../../tests/nlp/anaphora/data/getWords.scm:42:4: warning: possibly unbound variable `WordInstanceNode'
;;; /home/opencog/opencog/build/tests/nlp/../../../tests/nlp/anaphora/data/getWords.scm:43:4: warning: possibly unbound variable `ParseNode'
;;; /home/opencog/opencog/build/tests/nlp/../../../tests/nlp/anaphora/data/getWords.scm:46:0: warning: possibly unbound variable `WordSequenceLink'
;;; /home/opencog/opencog/build/tests/nlp/../../../tests/nlp/anaphora/data/getWords.scm:47:4: warning: possibly unbound variable `WordInstanceNode'
;;; /home/opencog/opencog/build/tests/nlp/../../../tests/nlp/anaphora/data/getWords.scm:50:0: warning: possibly unbound variable `WordSequenceLink'
;;; /home/opencog/opencog/build/tests/nlp/../../../tests/nlp/anaphora/data/getWords.scm:51:4: warning: possibly unbound variable `WordInstanceNode'
;;; /home/opencog/opencog/build/tests/nlp/../../../tests/nlp/anaphora/data/getWords.scm:54:0: warning: possibly unbound variable `WordSequenceLink'
;;; /home/opencog/opencog/build/tests/nlp/../../../tests/nlp/anaphora/data/getWords.scm:55:4: warning: possibly unbound variable `WordInstanceNode'
;;; /home/opencog/opencog/build/tests/nlp/../../../tests/nlp/anaphora/data/getWords.scm:58:0: warning: possibly unbound variable `WordSequenceLink'
;;; /home/opencog/opencog/build/tests/nlp/../../../tests/nlp/anaphora/data/getWords.scm:59:4: warning: possibly unbound variable `WordInstanceNode'
;;; /home/opencog/opencog/build/tests/nlp/../../../tests/nlp/anaphora/data/getWords.scm:62:0: warning: possibly unbound variable `WordSequenceLink'
;;; /home/opencog/opencog/build/tests/nlp/../../../tests/nlp/anaphora/data/getWords.scm:63:4: warning: possibly unbound variable `WordInstanceNode'
;;; /home/opencog/opencog/build/tests/nlp/../../../tests/nlp/anaphora/data/getWords.scm:66:0: warning: possibly unbound variable `WordSequenceLink'
;;; /home/opencog/opencog/build/tests/nlp/../../../tests/nlp/anaphora/data/getWords.scm:67:4: warning: possibly unbound variable `WordInstanceNode'
;;; /home/opencog/opencog/build/tests/nlp/../../../tests/nlp/anaphora/data/getWords.scm:70:0: warning: possibly unbound variable `WordSequenceLink'
;;; /home/opencog/opencog/build/tests/nlp/../../../tests/nlp/anaphora/data/getWords.scm:71:4: warning: possibly unbound variable `WordInstanceNode'
;;; /home/opencog/opencog/build/tests/nlp/../../../tests/nlp/anaphora/data/getWords.scm:74:0: warning: possibly unbound variable `WordSequenceLink'
;;; /home/opencog/opencog/build/tests/nlp/../../../tests/nlp/anaphora/data/getWords.scm:75:4: warning: possibly unbound variable `WordInstanceNode'
;;; /home/opencog/opencog/build/tests/nlp/../../../tests/nlp/anaphora/data/getWords.scm:78:0: warning: possibly unbound variable `WordSequenceLink'
;;; /home/opencog/opencog/build/tests/nlp/../../../tests/nlp/anaphora/data/getWords.scm:79:4: warning: possibly unbound variable `WordInstanceNode'
;;; /home/opencog/opencog/build/tests/nlp/../../../tests/nlp/anaphora/data/getWords.scm:83:4: warning: possibly unbound variable `WordInstanceNode'
;;; /home/opencog/opencog/build/tests/nlp/../../../tests/nlp/anaphora/data/getWords.scm:84:4: warning: possibly unbound variable `DefinedLinguisticConceptNode'
;;; /home/opencog/opencog/build/tests/nlp/../../../tests/nlp/anaphora/data/getWords.scm:88:4: warning: possibly unbound variable `WordInstanceNode'
;;; /home/opencog/opencog/build/tests/nlp/../../../tests/nlp/anaphora/data/getWords.scm:89:4: warning: possibly unbound variable `DefinedLinguisticConceptNode'
;;; /home/opencog/opencog/build/tests/nlp/../../../tests/nlp/anaphora/data/getWords.scm:93:4: warning: possibly unbound variable `WordInstanceNode'
;;; /home/opencog/opencog/build/tests/nlp/../../../tests/nlp/anaphora/data/getWords.scm:94:4: warning: possibly unbound variable `DefinedLinguisticConceptNode'
;;; /home/opencog/opencog/build/tests/nlp/../../../tests/nlp/anaphora/data/getWords.scm:97:0: warning: possibly unbound variable `LemmaLink'
;;; /home/opencog/opencog/build/tests/nlp/../../../tests/nlp/anaphora/data/getWords.scm:98:4: warning: possibly unbound variable `WordInstanceNode'
;;; /home/opencog/opencog/build/tests/nlp/../../../tests/nlp/anaphora/data/getWords.scm:99:4: warning: possibly unbound variable `WordNode'
;;; /home/opencog/opencog/build/tests/nlp/../../../tests/nlp/anaphora/data/getWords.scm:103:4: warning: possibly unbound variable `WordInstanceNode'
;;; /home/opencog/opencog/build/tests/nlp/../../../tests/nlp/anaphora/data/getWords.scm:104:4: warning: possibly unbound variable `DefinedLinguisticConceptNode'
;;; /home/opencog/opencog/build/tests/nlp/../../../tests/nlp/anaphora/data/getWords.scm:108:4: warning: possibly unbound variable `WordInstanceNode'
;;; /home/opencog/opencog/build/tests/nlp/../../../tests/nlp/anaphora/data/getWords.scm:109:4: warning: possibly unbound variable `DefinedLinguisticConceptNode'
;;; /home/opencog/opencog/build/tests/nlp/../../../tests/nlp/anaphora/data/getWords.scm:113:4: warning: possibly unbound variable `WordInstanceNode'
;;; /home/opencog/opencog/build/tests/nlp/../../../tests/nlp/anaphora/data/getWords.scm:114:4: warning: possibly unbound variable `DefinedLinguisticConceptNode'
;;; /home/opencog/opencog/build/tests/nlp/../../../tests/nlp/anaphora/data/getWords.scm:118:4: warning: possibly unbound variable `WordInstanceNode'
;;; /home/opencog/opencog/build/tests/nlp/../../../tests/nlp/anaphora/data/getWords.scm:119:4: warning: possibly unbound variable `DefinedLinguisticConceptNode'
;;; /home/opencog/opencog/build/tests/nlp/../../../tests/nlp/anaphora/data/getWords.scm:122:0: warning: possibly unbound variable `LemmaLink'
Error: Backtrace:
In ice-9/boot-9.scm:
  3365:20 19 (process-use-modules _)
   222:17 18 (map1 (((opencog nlp))))
  3366:31 17 (_ ((opencog nlp)))
  2788:17 16 (resolve-interface (opencog nlp) #:select _ #:hide _ # _ â€¦)
  2714:10 15 (_ (opencog nlp) _ _ #:ensure _)
  2982:16 14 (try-module-autoload _ _)
   2312:4 13 (save-module-excursion _)
  3002:22 12 (_)
In unknown file:
          11 (primitive-load-path "opencog/nlp" #<procedure 23a7940 â€¦>)
In opencog/nlp.scm:
      6:0 10 (_)
In unknown file:
           9 (load-extension "libnlp-types" "nlp_types_init")
           8 (apply-smob/1 #<catch-closure 2046be0>)
           7 (apply-smob/1 #<catch-closure 2049fc0>)
In ice-9/boot-9.scm:
   2312:4  6 (save-module-excursion _)
In ice-9/eval-string.scm:
     38:6  5 (read-and-eval #<input: string 2646930> #:lang _)
In ice-9/boot-9.scm:
   2312:4  4 (save-module-excursion _)
  3822:12  3 (_)
In /home/opencog/opencog/build/tests/nlp/../../../tests/nlp/anaphora/data/conjunction.scm:
     14:4  2 (_)
In ice-9/boot-9.scm:
   751:25  1 (dispatch-exception 0 unbound-variable ("module-lookâ€¦" â€¦))
In unknown file:
           0 (apply-smob/1 #<catch-closure 2049f80> unbound-variable â€¦)

ERROR: In procedure apply-smob/1:
In procedure module-lookup: Unbound variable: WordInstanceNode
ABORT: unbound-variable

Error: Backtrace:
In ice-9/boot-9.scm:
  3365:20 19 (process-use-modules _)
   222:17 18 (map1 (((opencog nlp))))
  3366:31 17 (_ ((opencog nlp)))
  2788:17 16 (resolve-interface (opencog nlp) #:select _ #:hide _ # _ â€¦)
  2714:10 15 (_ (opencog nlp) _ _ #:ensure _)
  2982:16 14 (try-module-autoload _ _)
   2312:4 13 (save-module-excursion _)
  3002:22 12 (_)
In unknown file:
          11 (primitive-load-path "opencog/nlp" #<procedure 23a7940 â€¦>)
In opencog/nlp.scm:
      6:0 10 (_)
In unknown file:
           9 (load-extension "libnlp-types" "nlp_types_init")
           8 (apply-smob/1 #<catch-closure 2477320>)
           7 (apply-smob/1 #<catch-closure 24771a0>)
In ice-9/boot-9.scm:
   2312:4  6 (save-module-excursion #<procedure 24752c0 at ice-9/evaâ€¦>)
In ice-9/eval-string.scm:
     38:6  5 (read-and-eval #<input: string 25fad20> #:lang _)
In ice-9/boot-9.scm:
   2312:4  4 (save-module-excursion #<procedure 264a4e0 at ice-9/booâ€¦>)
  3822:12  3 (_)
In /home/opencog/opencog/build/tests/nlp/../../../tests/nlp/anaphora/data/conjunction.scm:
     14:4  2 (_)
In ice-9/boot-9.scm:
   751:25  1 (dispatch-exception 0 unbound-variable ("module-lookâ€¦" â€¦))
In unknown file:
           0 (apply-smob/1 #<catch-closure 2477160> unbound-variable â€¦)

ERROR: In procedure apply-smob/1:
In procedure module-lookup: Unbound variable: WordInstanceNode
ABORT: unbound-variable

Error: Backtrace:
In ice-9/boot-9.scm:
  3365:20 19 (process-use-modules _)
   222:17 18 (map1 (((opencog nlp))))
  3366:31 17 (_ ((opencog nlp)))
  2788:17 16 (resolve-interface (opencog nlp) #:select _ #:hide _ # _ â€¦)
  2714:10 15 (_ (opencog nlp) _ _ #:ensure _)
  2982:16 14 (try-module-autoload _ _)
   2312:4 13 (save-module-excursion _)
  3002:22 12 (_)
In unknown file:
          11 (primitive-load-path "opencog/nlp" #<procedure 23a7940 â€¦>)
In opencog/nlp.scm:
      6:0 10 (_)
In unknown file:
           9 (load-extension "libnlp-types" "nlp_types_init")
           8 (apply-smob/1 #<catch-closure 2839140>)
           7 (apply-smob/1 #<catch-closure 283ff80>)
In ice-9/boot-9.scm:
   2312:4  6 (save-module-excursion _)
In ice-9/eval-string.scm:
     38:6  5 (read-and-eval #<input: string 24837e0> #:lang _)
In ice-9/boot-9.scm:
   2312:4  4 (save-module-excursion _)
  3822:12  3 (_)
In unknown file:
           2 (_)
In ice-9/boot-9.scm:
   751:25  1 (dispatch-exception 0 unbound-variable ("module-lookâ€¦" â€¦))
In unknown file:
           0 (apply-smob/1 #<catch-closure 283fec0> unbound-variable â€¦)

ERROR: In procedure apply-smob/1:
In procedure module-lookup: Unbound variable: WordInstanceLink
ABORT: unbound-variable

Error: Backtrace:
In ice-9/boot-9.scm:
  3365:20 19 (process-use-modules _)
   222:17 18 (map1 (((opencog nlp))))
;;; FAIL
test_pleonastic_if (test_anaphora.AnaphoraUnitTester) ... /home/opencog/opencog/build/tests/nlp/../../../tests/nlp/anaphora/data/getWords.scm:123:4: warning: possibly unbound variable `WordInstanceNode'
;;; /home/opencog/opencog/build/tests/nlp/../../../tests/nlp/anaphora/data/getWords.scm:124:4: warning: possibly unbound variable `WordNode'
;;; /home/opencog/opencog/build/tests/nlp/../../../tests/nlp/anaphora/data/getWords.scm:128:4: warning: possibly unbound variable `PrepositionalRelationshipNode'
;;; /home/opencog/opencog/build/tests/nlp/../../../tests/nlp/anaphora/data/getWords.scm:130:8: warning: possibly unbound variable `WordInstanceNode'
;;; /home/opencog/opencog/build/tests/nlp/../../../tests/nlp/anaphora/data/getWords.scm:136:4: warning: possibly unbound variable `WordInstanceNode'
;;; /home/opencog/opencog/build/tests/nlp/../../../tests/nlp/anaphora/data/getWords.scm:137:4: warning: possibly unbound variable `DefinedLinguisticConceptNode'
;;; /home/opencog/opencog/build/tests/nlp/../../../tests/nlp/anaphora/data/getWords.scm:141:4: warning: possibly unbound variable `PrepositionalRelationshipNode'
;;; /home/opencog/opencog/build/tests/nlp/../../../tests/nlp/anaphora/data/getWords.scm:143:8: warning: possibly unbound variable `WordInstanceNode'
;;; /home/opencog/opencog/build/tests/nlp/../../../tests/nlp/anaphora/data/getWords.scm:149:4: warning: possibly unbound variable `WordInstanceNode'
;;; /home/opencog/opencog/build/tests/nlp/../../../tests/nlp/anaphora/data/getWords.scm:150:4: warning: possibly unbound variable `DefinedLinguisticConceptNode'
;;; /home/opencog/opencog/build/tests/nlp/../../../tests/nlp/anaphora/data/getWords.scm:154:4: warning: possibly unbound variable `PrepositionalRelationshipNode'
;;; /home/opencog/opencog/build/tests/nlp/../../../tests/nlp/anaphora/data/getWords.scm:156:8: warning: possibly unbound variable `WordInstanceNode'
;;; compiled /home/jenkins/.cache/guile/ccache/2.2-LE-8-3.A/home/opencog/opencog/tests/nlp/anaphora/data/getWords.scm.go
;;; compiling /home/opencog/opencog/build/tests/nlp/../../../tests/nlp/anaphora/data/pleonastic_it/data_#1.scm
;;; /home/opencog/opencog/build/tests/nlp/../../../tests/nlp/anaphora/data/pleonastic_it/data_#1.scm:8:0: warning: possibly unbound variable `LemmaLink'
;;; /home/opencog/opencog/build/tests/nlp/../../../tests/nlp/anaphora/data/pleonastic_it/data_#1.scm:9:4: warning: possibly unbound variable `WordInstanceNode'
;;; /home/opencog/opencog/build/tests/nlp/../../../tests/nlp/anaphora/data/pleonastic_it/data_#1.scm:10:4: warning: possibly unbound variable `WordNode'
;;; /home/opencog/opencog/build/tests/nlp/../../../tests/nlp/anaphora/data/pleonastic_it/data_#1.scm:12:0: warning: possibly unbound variable `LemmaLink'
;;; /home/opencog/opencog/build/tests/nlp/../../../tests/nlp/anaphora/data/pleonastic_it/data_#1.scm:13:4: warning: possibly unbound variable `WordInstanceNode'
;;; /home/opencog/opencog/build/tests/nlp/../../../tests/nlp/anaphora/data/pleonastic_it/data_#1.scm:14:4: warning: possibly unbound variable `WordNode'
;;; /home/opencog/opencog/build/tests/nlp/../../../tests/nlp/anaphora/data/pleonastic_it/data_#1.scm:17:4: warning: possibly unbound variable `DefinedLinguisticRelationshipNode'
;;; /home/opencog/opencog/build/tests/nlp/../../../tests/nlp/anaphora/data/pleonastic_it/data_#1.scm:19:8: warning: possibly unbound variable `WordInstanceNode'
;;; /home/opencog/opencog/build/tests/nlp/../../../tests/nlp/anaphora/data/pleonastic_it/data_#1.scm:20:8: warning: possibly unbound variable `WordInstanceNode'
;;; /home/opencog/opencog/build/tests/nlp/../../../tests/nlp/anaphora/data/pleonastic_it/data_#1.scm:24:4: warning: possibly unbound variable `PrepositionalRelationshipNode'
;;; /home/opencog/opencog/build/tests/nlp/../../../tests/nlp/anaphora/data/pleonastic_it/data_#1.scm:26:8: warning: possibly unbound variable `WordInstanceNode'
;;; /home/opencog/opencog/build/tests/nlp/../../../tests/nlp/anaphora/data/pleonastic_it/data_#1.scm:27:8: warning: possibly unbound variable `WordInstanceNode'
;;; compiled FAIL
  3366:31 17 (_ ((opencog nlp)))
  2788:17 16 (resolve-interface (opencog nlp) #:select _ #:hide _ # _ â€¦)
  2714:10 15 (_ (opencog nlp) _ _ #:ensure _)
  2982:16 14 (try-module-autoload _ _)
   2312:4 13 (save-module-excursion _)
  3002:22 12 (_)
In unknown file:
          11 (primitive-load-path "opencog/nlp" #<procedure 23a7940 â€¦>)
In opencog/nlp.scm:
      6:0 10 (_)
In unknown file:
           9 (load-extension "libnlp-types" "nlp_types_init")
           8 (apply-smob/1 #<catch-closure 29e1760>)
           7 (apply-smob/1 #<catch-closure 29e15e0>)
In ice-9/boot-9.scm:
   2312:4  6 (save-module-excursion #<procedure 282eea0 at ice-9/evaâ€¦>)
In ice-9/eval-string.scm:
     38:6  5 (read-and-eval #<input: string 2646000> #:lang _)
In ice-9/boot-9.scm:
   2312:4  4 (save-module-excursion #<procedure 2afb420 at ice-9/booâ€¦>)
  3822:12  3 (_)
In unknown file:
           2 (_)
In ice-9/boot-9.scm:
   751:25  1 (dispatch-exception 0 unbound-variable ("module-lookâ€¦" â€¦))
In unknown file:
           0 (apply-smob/1 #<catch-closure 29e15a0> unbound-variable â€¦)

ERROR: In procedure apply-smob/1:
In procedure module-lookup: Unbound variable: WordInstanceLink
ABORT: unbound-variable

Error: Backtrace:
In ice-9/boot-9.scm:
  3365:20 19 (process-use-modules _)
   222:17 18 (map1 (((opencog nlp))))
  3366:31 17 (_ ((opencog nlp)))
  2788:17 16 (resolve-interface (opencog nlp) #:select _ #:hide _ # _ â€¦)
  2714:10 15 (_ (opencog nlp) _ _ #:ensure _)
  2982:16 14 (try-module-autoload _ _)
   2312:4 13 (save-module-excursion _)
  3002:22 12 (_)
In unknown file:
          11 (primitive-load-path "opencog/nlp" #<procedure 23a7940 â€¦>)
In opencog/nlp.scm:
      6:0 10 (_)
In unknown file:
           9 (load-extension "libnlp-types" "nlp_types_init")
           8 (apply-smob/1 #<catch-closure 283bf00>)
           7 (apply-smob/1 #<catch-closure 283bd80>)
In ice-9/boot-9.scm:
   2312:4  6 (save-module-excursion #<procedure 2839800 at ice-9/evaâ€¦>)
In ice-9/eval-string.scm:
     38:6  5 (read-and-eval #<input: string 2a988c0> #:lang _)
In ice-9/boot-9.scm:
   2312:4  4 (save-module-excursion #<procedure 283e420 at ice-9/booâ€¦>)
  3822:12  3 (_)
In unknown file:
           2 (_)
In ice-9/boot-9.scm:
   751:25  1 (dispatch-exception 0 unbound-variable ("module-lookâ€¦" â€¦))
In unknown file:
           0 (apply-smob/1 #<catch-closure 283bd40> unbound-variable â€¦)

ERROR: In procedure apply-smob/1:
In procedure module-lookup: Unbound variable: LemmaLink
ABORT: unbound-variable

Error: Backtrace:
In ice-9/boot-9.scm:
  3365:20 19 (process-use-modules _)
   222:17 18 (map1 (((opencog nlp))))
  3366:31 17 (_ ((opencog nlp)))
  2788:17 16 (resolve-interface (opencog nlp) #:select _ #:hide _ # _ â€¦)
  2714:10 15 (_ (opencog nlp) _ _ #:ensure _)
  2982:16 14 (try-module-autoload _ _)
   2312:4 13 (save-module-excursion _)
  3002:22 12 (_)
In unknown file:
          11 (primitive-load-path "opencog/nlp" #<procedure 23a7940 â€¦>)
In opencog/nlp.scm:
      6:0 10 (_)
In unknown file:
           9 (load-extension "libnlp-types" "nlp_types_init")
           8 (apply-smob/1 #<catch-closure 2422400>)
           7 (apply-smob/1 #<catch-closure 2422280>)
In ice-9/boot-9.scm:
   2312:4  6 (save-module-excursion #<procedure 282ef00 at ice-9/evaâ€¦>)
In ice-9/eval-string.scm:
     38:6  5 (read-and-eval #<input: string 224d230> #:lang _)
In ice-9/boot-9.scm:
   2312:4  4 (save-module-excursion #<procedure 2ad38d0 at ice-9/booâ€¦>)
  3822:12  3 (_)
In unknown file:
           2 (_)
In ice-9/boot-9.scm:
   751:25  1 (dispatch-exception 0 unbound-variable ("module-lookâ€¦" â€¦))
In unknown file:
           0 (apply-smob/1 #<catch-closure 2422240> unbound-variable â€¦)

ERROR: In procedure apply-smob/1:
In procedure module-lookup: Unbound variable: LemmaLink
ABORT: unbound-variable

Testing filter #1...
Error: Backtrace:
In ice-9/boot-9.scm:
  3365:20 19 (process-use-modules _)
   222:17 18 (map1 (((opencog nlp))))
  3366:31 17 (_ ((opencog nlp)))
  2788:17 16 (resolve-interface (opencog nlp) #:select _ #:hide _ # _ â€¦)
  2714:10 15 (_ (opencog nlp) _ _ #:ensure _)
Testing the propose function ... FAIL

======================================================================
ERROR: Testing the bfs function
----------------------------------------------------------------------
Traceback (most recent call last):
  File "/home/opencog/opencog/tests/nlp/anaphora/test_anaphora.py", line 36, in setUp
    scheme_eval(self.atomspace, "(use-modules (opencog nlp))")
  File "scheme_wrapper.pyx", line 36, in opencog.scheme_wrapper.scheme_eval (/home/opencog/atomspace/build/opencog/cython/opencog/scheme_wrapper.cpp:1042)
RuntimeError: Type "WordNode" has already been declared (170)
 (/home/opencog/atomspace/opencog/atoms/base/ClassServer.cc:80)

======================================================================
FAIL: test_conjunctions (test_anaphora.AnaphoraUnitTester)
----------------------------------------------------------------------
Traceback (most recent call last):
  File "/home/opencog/opencog/tests/nlp/anaphora/test_anaphora.py", line 427, in test_conjunctions
    self.assertTrue(load_scm(self.atomspace, "tests/nlp/anaphora/data/conjunction.scm"))
AssertionError: False is not true

======================================================================
FAIL: Testing the getWords function
----------------------------------------------------------------------
Traceback (most recent call last):
  File "/home/opencog/opencog/tests/nlp/anaphora/test_anaphora.py", line 77, in test_getWords
    self.assertTrue(load_scm(self.atomspace, "tests/nlp/anaphora/data/getWords.scm"))
AssertionError: False is not true

======================================================================
FAIL: test_pleonastic_if (test_anaphora.AnaphoraUnitTester)
----------------------------------------------------------------------
Traceback (most recent call last):
  File "/home/opencog/opencog/tests/nlp/anaphora/test_anaphora.py", line 399, in test_pleonastic_if
    self.assertTrue(load_scm(self.atomspace, "tests/nlp/anaphora/data/pleonastic_it/data_#1.scm"))
AssertionError: False is not true

======================================================================
FAIL: Testing the propose function
----------------------------------------------------------------------
Traceback (most recent call last):
  File "/home/opencog/opencog/tests/nlp/anaphora/test_anaphora.py", line 377, in test_propose
    filter_1()
  File "/home/opencog/opencog/tests/nlp/anaphora/test_anaphora.py", line 91, in filter_1
    self.assertTrue(load_scm(self.atomspace, "tests/nlp/anaphora/data/propose/filter-#1/data_#1.scm"))
AssertionError: False is not true

----------------------------------------------------------------------
Ran 5 tests in 1.113s

FAILED (errors=1, failures=4)
  2982:16 14 (try-module-autoload _ _)
   2312:4 13 (save-module-excursion _)
  3002:22 12 (_)
In unknown file:
          11 (primitive-load-path "opencog/nlp" #<procedure 23a7940 â€¦>)
In opencog/nlp.scm:
      6:0 10 (_)
In unknown file:
           9 (load-extension "libnlp-types" "nlp_types_init")
           8 (apply-smob/1 #<catch-closure 28365e0>)
           7 (apply-smob/1 #<catch-closure 2836460>)
In ice-9/boot-9.scm:
   2312:4  6 (save-module-excursion #<procedure 28306e0 at ice-9/evaâ€¦>)
In ice-9/eval-string.scm:
     38:6  5 (read-and-eval #<input: string 24daee0> #:lang _)
In ice-9/boot-9.scm:
   2312:4  4 (save-module-excursion #<procedure 2840a20 at ice-9/booâ€¦>)
  3822:12  3 (_)
In /home/opencog/opencog/build/tests/nlp/../../../tests/nlp/anaphora/data/propose/filter-#1/data_#1.scm:
     12:4  2 (_)
In ice-9/boot-9.scm:
   751:25  1 (dispatch-exception 0 unbound-variable ("module-lookâ€¦" â€¦))
In unknown file:
           0 (apply-smob/1 #<catch-closure 2836420> unbound-variable â€¦)

ERROR: In procedure apply-smob/1:
In procedure module-lookup: Unbound variable: WordInstanceNode
ABORT: unbound-variable

Error: Backtrace:
In ice-9/boot-9.scm:
  3365:20 19 (process-use-modules _)
   222:17 18 (map1 (((opencog nlp))))
  3366:31 17 (_ ((opencog nlp)))
  2788:17 16 (resolve-interface (opencog nlp) #:select _ #:hide _ # _ â€¦)
  2714:10 15 (_ (opencog nlp) _ _ #:ensure _)
  2982:16 14 (try-module-autoload _ _)
   2312:4 13 (save-module-excursion _)
  3002:22 12 (_)
In unknown file:
          11 (primitive-load-path "opencog/nlp" #<procedure 23a7940 â€¦>)
In opencog/nlp.scm:
      6:0 10 (_)
In unknown file:
           9 (load-extension "libnlp-types" "nlp_types_init")
           8 (apply-smob/1 #<catch-closure 2848800>)
           7 (apply-smob/1 #<catch-closure 2848680>)
In ice-9/boot-9.scm:
   2312:4  6 (save-module-excursion #<procedure 2800bc0 at ice-9/evaâ€¦>)
In ice-9/eval-string.scm:
     38:6  5 (read-and-eval #<input: string 24dae00> #:lang _)
In ice-9/boot-9.scm:
   2312:4  4 (save-module-excursion #<procedure 28c3c90 at ice-9/booâ€¦>)
  3822:12  3 (_)
In /home/opencog/opencog/build/tests/nlp/../../../tests/nlp/anaphora/data/propose/filter-#1/data_#1.scm:
     12:4  2 (_)
In ice-9/boot-9.scm:
   751:25  1 (dispatch-exception 0 unbound-variable ("module-lookâ€¦" â€¦))
In unknown file:
           0 (apply-smob/1 #<catch-closure 2848640> unbound-variable â€¦)

ERROR: In procedure apply-smob/1:
In procedure module-lookup: Unbound variable: WordInstanceNode
ABORT: unbound-variable

Warning: Unwind-only `stack-overflow' exception; skipping pre-unwind handler.
Warning: Unwind-only `stack-overflow' exception; skipping pre-unwind handler.
Warning: Unwind-only `stack-overflow' exception; skipping pre-unwind handler.
Warning: Unwind-only `stack-overflow' exception; skipping pre-unwind handler.
Warning: Unwind-only `stack-overflow' exception; skipping pre-unwind handler.

      Start  9: MOSESPLNSynergyUTest
 9/25 Test  #9: MOSESPLNSynergyUTest .............   Passed    9.29 sec
      Start 10: PLNRulesUTest
10/25 Test #10: PLNRulesUTest ....................***Failed    2.49 sec
Running cxxtest tests (21 tests)[DEBUG] BEGIN TEST: test_deduction
[DEBUG] [PLNRulesUTest] Loaded "tests/pln/rules/simple-assertions.scm":


[DEBUG] [PLNRulesUTest] Loaded "opencog/pln/rules/term/deduction.scm":
Backtrace:
          14 (apply-smob/1 #<catch-closure 1a579a0>)
          13 (apply-smob/1 #<catch-closure 1a578a0>)
In ice-9/boot-9.scm:
   2312:4 12 (save-module-excursion #<procedure 1a1b160 at ice-9/evaâ€¦>)
In ice-9/eval-string.scm:
     38:6 11 (read-and-eval #<input: string 1b31e00> #:lang _)
In ice-9/boot-9.scm:
   1693:5 10 (%start-stack load-stack _)
   1695:9  9 (_)
In unknown file:
           8 (primitive-load-path "opencog/pln/rules/term/deduction.â€¦")
In term/deduction.scm:
     27:0  7 (_)
In ice-9/boot-9.scm:
   2312:4  6 (save-module-excursion #<procedure 1b07420 at ice-9/booâ€¦>)
   3836:9  5 (_)
   1693:5  4 (%start-stack load-stack _)
   1695:9  3 (_)
In unknown file:
           2 (primitive-load-path "term/formulas.scm")
In ice-9/boot-9.scm:
   751:25  1 (dispatch-exception 0 misc-error ("primitive-load-paâ€¦" â€¦))
In unknown file:
           0 (apply-smob/1 #<catch-closure 1a57860> misc-error "priâ€¦" â€¦)

ERROR: In procedure apply-smob/1:
In procedure primitive-load-path: Unable to find file "term/formulas.scm" in load path
ABORT: misc-error

[ERROR] Backtrace:
           8 (apply-smob/1 #<catch-closure 160ada0>)
           7 (apply-smob/1 #<catch-closure 160ac80>)
In ice-9/boot-9.scm:
   2312:4  6 (save-module-excursion #<procedure 160bcc0 at ice-9/evaâ€¦>)
In ice-9/eval-string.scm:
     38:6  5 (read-and-eval #<input: string 153aee0> #:lang _)
In ice-9/eval.scm:
   191:35  4 (_ #f)
   223:20  3 (proc #<directory (guile-user) 1641140>)
In unknown file:
           2 (%resolve-variable (7 . deduction-inheritance-rule) #<dâ€¦>)
In ice-9/boot-9.scm:
   751:25  1 (dispatch-exception 0 unbound-variable (#f "Unbound â€¦" â€¦))
In unknown file:
           0 (apply-smob/1 #<catch-closure 160ac40> unbound-variable â€¦)

ERROR: In procedure apply-smob/1:
Unbound variable: deduction-inheritance-rule
ABORT: unbound-variable
 (/home/opencog/atomspace/opencog/guile/SchemeEval.cc:934)
	Stack Trace:
	2: basic_string.h:293	  std::string::_M_data() const
	3: Logger.cc:493	  opencog::Logger::Error::operator()(char const*, ...)
	4: exceptions.cc:55	  opencog::StandardException::parse_error_message(char const*, __va_list_tag*, bool)
	5: exceptions.cc:81	  opencog::StandardException::parse_error_message(char const*, char const*, __va_list_tag*, bool)
	6: exceptions.cc:150	  opencog::RuntimeException::RuntimeException(char const*, char const*, ...)
	7: SchemeEval.cc:934	  opencog::SchemeEval::eval_v(std::string const&)
	8: shared_ptr.h:449	  opencog::SchemeEval::eval_h(std::string const&)
	9: shared_ptr_base.h:545	~__shared_count()
	10: RealDescriptions.cpp:125	  CxxTest::RealTestDescription::run()
	11: TestRunner.h:104	  CxxTest::TestRunner::runTest(CxxTest::TestDescription&)
	12: TestTracker.h:130	tracker()
	13: ErrorPrinter.h:46	main()
	14: [0x21f45] ??() ??:0
	15: [0x4101c3] ??() ??:0


In PLNRulesUTest::test_deduction:
/home/opencog/opencog/tests/pln/rules/PLNRulesUTest.cxxtest:81: Error: Test failed: Backtrace:
           8 (apply-smob/1 #<catch-closure 160ada0>)
           7 (apply-smob/1 #<catch-closure 160ac80>)
In ice-9/boot-9.scm:
   2312:4  6 (save-module-excursion #<procedure 160bcc0 at ice-9/evaâ€¦>)
In ice-9/eval-string.scm:
     38:6  5 (read-and-eval #<input: string 153aee0> #:lang _)
In ice-9/eval.scm:
   191:35  4 (_ #f)
   223:20  3 (proc #<directory (guile-user) 1641140>)
In unknown file:
           2 (%resolve-variable (7 . deduction-inheritance-rule) #<dâ€¦>)
In ice-9/boot-9.scm:
   751:25  1 (dispatch-exception 0 unbound-variable (#f "Unbound â€¦" â€¦))
In unknown file:
           0 (apply-smob/1 #<catch-closure 160ac40> unbound-variable â€¦)

ERROR: In procedure apply-smob/1:
Unbound variable: deduction-inheritance-rule
ABORT: unbound-variable
 (/home/opencog/atomspace/opencog/guile/SchemeEval.cc:934)
[DEBUG] BEGIN TEST: test_and_introduction
[DEBUG] [PLNRulesUTest] Loaded "tests/pln/rules/simple-predicates.scm":
(PredicateNode "Q" (stv 0.6 1))


[DEBUG] [PLNRulesUTest] Loaded "opencog/pln/rules/wip/and-introduction.scm":
(DefineLink
   (DefinedSchemaNode "and-introduction-grounded-evaluation-rule")
   (BindLink
      (VariableList
         (TypedVariableLink
            (VariableNode "$A")
            (TypeNode "EvaluationLink")
         )
         (TypedVariableLink
            (VariableNode "$B")
            (TypeNode "EvaluationLink")
         )
         (TypedVariableLink
            (VariableNode "$C")
            (TypeNode "EvaluationLink")
         )
      )
      (AndLink
         (VariableNode "$A")
         (VariableNode "$C")
         (VariableNode "$B")
         (NotLink
            (EqualLink
               (VariableNode "$A")
               (VariableNode "$C")
            )
         )
         (NotLink
            (EqualLink
               (VariableNode "$A")
               (VariableNode "$B")
            )
         )
         (EvaluationLink
            (GroundedPredicateNode "scm: fully-grounded")
            (ListLink
               (VariableNode "$A")
            )
         )
         (NotLink
            (EqualLink
               (VariableNode "$C")
               (VariableNode "$B")
            )
         )
         (EvaluationLink
            (GroundedPredicateNode "scm: fully-grounded")
            (ListLink
               (VariableNode "$C")
            )
         )
         (EvaluationLink
            (GroundedPredicateNode "scm: fully-grounded")
            (ListLink
               (VariableNode "$B")
            )
         )
      )
      (ExecutionOutputLink
         (GroundedSchemaNode "scm: and-introduction-grounded-evaluation-formula")
         (ListLink
            (VariableNode "$A")
            (VariableNode "$B")
            (VariableNode "$C")
         )
      )
   )
)


.[DEBUG] BEGIN TEST: test_or_introduction
[DEBUG] [PLNRulesUTest] Loaded "tests/pln/rules/simple-predicates.scm":
(PredicateNode "Q" (stv 0.6 1))


[DEBUG] [PLNRulesUTest] Loaded "opencog/pln/rules/wip/or-introduction.scm":
(DefineLink
   (DefinedSchemaNode "or-introduction-rule")
   (BindLink
      (VariableList
         (TypedVariableLink
            (VariableNode "$A")
            (TypeChoice
               (TypeNode "PredicateNode")
               (TypeNode "ConceptNode")
            )
         )
         (TypedVariableLink
            (VariableNode "$B")
            (TypeChoice
               (TypeNode "PredicateNode")
               (TypeNode "ConceptNode")
            )
         )
      )
      (AndLink
         (VariableNode "$A")
         (VariableNode "$B")
         (NotLink
            (EqualLink
               (VariableNode "$A")
               (VariableNode "$B")
            )
         )
      )
      (ExecutionOutputLink
         (GroundedSchemaNode "scm: or-introduction-formula")
         (ListLink
            (VariableNode "$A")
            (VariableNode "$B")
         )
      )
   )
)


.[DEBUG] BEGIN TEST: test_not_introduction
[DEBUG] [PLNRulesUTest] Loaded "tests/pln/rules/simple-predicates.scm":
(PredicateNode "Q" (stv 0.6 1))


[DEBUG] [PLNRulesUTest] Loaded "opencog/pln/rules/wip/not-introduction.scm":
(DefineLink
   (DefinedSchemaNode "not-introduction-rule")
   (BindLink
      (VariableList
         (TypedVariableLink
            (VariableNode "$A")
            (TypeChoice
               (TypeNode "PredicateNode")
               (TypeNode "ConceptNode")
            )
         )
      )
      (VariableNode "$A")
      (ExecutionOutputLink
         (GroundedSchemaNode "scm: not-introduction-formula")
         (ListLink
            (VariableNode "$A")
         )
      )
   )
)


.[DEBUG] BEGIN TEST: test_forall_full_instantiation
[DEBUG] [PLNRulesUTest] Loaded "tests/pln/rules/simple-forall.scm":
(ForAllLink (stv 1 1)
   (TypedVariableLink
      (VariableNode "$X")
      (TypeNode "ConceptNode")
   )
   (ImplicationLink
      (EvaluationLink
         (PredicateNode "P")
         (VariableNode "$X")
      )
      (EvaluationLink
         (PredicateNode "P")
         (VariableNode "$X")
      )
   )
)


[DEBUG] [PLNRulesUTest] Loaded "opencog/pln/rules/wip/forall-instantiation.scm":
(DefineLink
   (DefinedSchemaNode "forall-partial-instantiation-rule")
   (BindLink
      (VariableList
         (TypedVariableLink
            (VariableNode "$TyVs")
            (TypeNode "VariableList")
         )
         (VariableNode "$B")
      )
      (QuoteLink
         (ForAllLink
            (UnquoteLink
               (VariableNode "$TyVs")
            )
            (UnquoteLink
               (VariableNode "$B")
            )
         )
      )
      (ExecutionOutputLink
         (GroundedSchemaNode "scm: forall-partial-instantiation-formula")
         (ListLink
            (VariableNode "$TyVs")
            (VariableNode "$B")
         )
      )
   )
)


.[DEBUG] BEGIN TEST: test_forall_partial_instantiation
[DEBUG] [PLNRulesUTest] Loaded "tests/pln/rules/simple-forall.scm":
(ForAllLink (stv 1 1)
   (TypedVariableLink
      (VariableNode "$X")
      (TypeNode "ConceptNode")
   )
   (ImplicationLink
      (EvaluationLink
         (PredicateNode "P")
         (VariableNode "$X")
      )
      (EvaluationLink
         (PredicateNode "P")
         (VariableNode "$X")
      )
   )
)


[DEBUG] [PLNRulesUTest] Loaded "opencog/pln/rules/wip/forall-instantiation.scm":
(DefineLink
   (DefinedSchemaNode "forall-partial-instantiation-rule")
   (BindLink
      (VariableList
         (TypedVariableLink
            (VariableNode "$TyVs")
            (TypeNode "VariableList")
         )
         (VariableNode "$B")
      )
      (QuoteLink
         (ForAllLink
            (UnquoteLink
               (VariableNode "$TyVs")
            )
            (UnquoteLink
               (VariableNode "$B")
            )
         )
      )
      (ExecutionOutputLink
         (GroundedSchemaNode "scm: forall-partial-instantiation-formula")
         (ListLink
            (VariableNode "$TyVs")
            (VariableNode "$B")
         )
      )
   )
)


.[DEBUG] BEGIN TEST: test_forall_implication_to_higher_order
[DEBUG] [PLNRulesUTest] Loaded "tests/pln/rules/simple-forall.scm":
(ForAllLink (stv 1 1)
   (TypedVariableLink
      (VariableNode "$X")
      (TypeNode "ConceptNode")
   )
   (ImplicationLink
      (EvaluationLink
         (PredicateNode "P")
         (VariableNode "$X")
      )
      (EvaluationLink
         (PredicateNode "P")
         (VariableNode "$X")
      )
   )
)


[DEBUG] [PLNRulesUTest] Loaded "opencog/pln/rules/wip/forall-implication-to-higher-order.scm":
(DefineLink
   (DefinedSchemaNode "forall-implication-to-higher-order-rule")
   (BindLink
      (VariableList
         (TypedVariableLink
            (VariableNode "$TyVs")
            (TypeChoice
               (TypeNode "TypedVariableLink")
               (TypeNode "VariableList")
            )
         )
         (TypedVariableLink
            (VariableNode "$Impl")
            (TypeNode "ImplicationLink")
         )
      )
      (QuoteLink
         (ForAllLink
            (UnquoteLink
               (VariableNode "$TyVs")
            )
            (UnquoteLink
               (VariableNode "$Impl")
            )
         )
      )
      (ExecutionOutputLink
         (GroundedSchemaNode "scm: forall-implication-to-higher-order-formula")
         (ListLink
            (VariableNode "$TyVs")
            (VariableNode "$Impl")
         )
      )
   )
)


.[DEBUG] results = (SetLink
  (ImplicationLink (stv 1.000000 1.000000)
    (LambdaLink
      (TypedVariableLink
        (VariableNode "$X") ; [6809953386495729144][1]
        (TypeNode "ConceptNode") ; [3788696113922021255][1]
      ) ; [9225281168777978483][1]
      (EvaluationLink
        (PredicateNode "P") ; [2213889286841575705][1]
        (VariableNode "$X") ; [6809953386495729144][1]
      ) ; [17009747857858600672][1]
    ) ; [17949168881855469356][1]
    (LambdaLink
      (TypedVariableLink
        (VariableNode "$X") ; [6809953386495729144][1]
        (TypeNode "ConceptNode") ; [3788696113922021255][1]
      ) ; [9225281168777978483][1]
      (EvaluationLink
        (PredicateNode "P") ; [2213889286841575705][1]
        (VariableNode "$X") ; [6809953386495729144][1]
      ) ; [17009747857858600672][1]
    ) ; [17949168881855469356][1]
  ) ; [12304348726284166735][1]
) ; [12319442821909952197][1]

[DEBUG] expected = (SetLink
  (ImplicationLink (stv 1.000000 1.000000)
    (LambdaLink
      (TypedVariableLink
        (VariableNode "$X") ; [6809953386495729144][1]
        (TypeNode "ConceptNode") ; [3788696113922021255][1]
      ) ; [9225281168777978483][1]
      (EvaluationLink
        (PredicateNode "P") ; [2213889286841575705][1]
        (VariableNode "$X") ; [6809953386495729144][1]
      ) ; [17009747857858600672][1]
    ) ; [17949168881855469356][1]
    (LambdaLink
      (TypedVariableLink
        (VariableNode "$X") ; [6809953386495729144][1]
        (TypeNode "ConceptNode") ; [3788696113922021255][1]
      ) ; [9225281168777978483][1]
      (EvaluationLink
        (PredicateNode "P") ; [2213889286841575705][1]
        (VariableNode "$X") ; [6809953386495729144][1]
      ) ; [17009747857858600672][1]
    ) ; [17949168881855469356][1]
  ) ; [12304348726284166735][1]
) ; [12319442821909952197][1]

[DEBUG] BEGIN TEST: test_implication_full_instantiation
[DEBUG] [PLNRulesUTest] Loaded "tests/pln/rules/simple-implication.scm":
(ImplicationLink (stv 1 1)
   (PredicateNode "P")
   (PredicateNode "Q")
)


[DEBUG] [PLNRulesUTest] Loaded "opencog/pln/rules/wip/implication-instantiation.scm":
(DefineLink
   (DefinedSchemaNode "implication-partial-instantiation-rule")
   (BindLink
      (VariableList
         (TypedVariableLink
            (VariableNode "$TyVs")
            (TypeNode "VariableList")
         )
         (VariableNode "$P")
         (VariableNode "$Q")
      )
      (QuoteLink
         (ImplicationScopeLink
            (UnquoteLink
               (VariableNode "$TyVs")
            )
            (UnquoteLink
               (VariableNode "$P")
            )
            (UnquoteLink
               (VariableNode "$Q")
            )
         )
      )
      (ExecutionOutputLink
         (GroundedSchemaNode "scm: implication-partial-instantiation-formula")
         (ListLink
            (QuoteLink
               (ImplicationScopeLink
                  (UnquoteLink
                     (VariableNode "$TyVs")
                  )
                  (UnquoteLink
                     (VariableNode "$P")
                  )
                  (UnquoteLink
                     (VariableNode "$Q")
                  )
               )
            )
         )
      )
   )
)


.[DEBUG] results = (SetLink
  (EvaluationLink (stv 1.000000 0.960000)
    (PredicateNode "Q") ; [1103054420470118233][1]
    (ListLink
      (ConceptNode "B") ; [241327676611018844][1]
      (ConceptNode "A") ; [6977206836600634430][1]
    ) ; [15458283211017134999][1]
  ) ; [16670643202686237375][1]
  (EvaluationLink (stv 1.000000 0.800000)
    (PredicateNode "Q") ; [1103054420470118233][1]
    (ConceptNode "A") ; [6977206836600634430][1]
  ) ; [17412938865124512614][1]
) ; [14639947498134717755][1]

[DEBUG] expected = (SetLink
  (EvaluationLink (stv 1.000000 0.960000)
    (PredicateNode "Q") ; [1103054420470118233][1]
    (ListLink
      (ConceptNode "B") ; [241327676611018844][1]
      (ConceptNode "A") ; [6977206836600634430][1]
    ) ; [15458283211017134999][1]
  ) ; [16670643202686237375][1]
  (EvaluationLink (stv 1.000000 0.800000)
    (PredicateNode "Q") ; [1103054420470118233][1]
    (ConceptNode "A") ; [6977206836600634430][1]
  ) ; [17412938865124512614][1]
) ; [14639947498134717755][1]

[DEBUG] BEGIN TEST: test_implication_full_instantiation_extra_variables
[DEBUG] [PLNRulesUTest] Loaded "tests/pln/rules/implication-extra-variables.scm":
(EvaluationLink (stv 1 1)
   (PredicateNode "P")
   (ConceptNode "A")
)


[DEBUG] [PLNRulesUTest] Loaded "opencog/pln/rules/wip/implication-instantiation.scm":
(DefineLink
   (DefinedSchemaNode "implication-partial-instantiation-rule")
   (BindLink
      (VariableList
         (TypedVariableLink
            (VariableNode "$TyVs")
            (TypeNode "VariableList")
         )
         (VariableNode "$P")
         (VariableNode "$Q")
      )
      (QuoteLink
         (ImplicationScopeLink
            (UnquoteLink
               (VariableNode "$TyVs")
            )
            (UnquoteLink
               (VariableNode "$P")
            )
            (UnquoteLink
               (VariableNode "$Q")
            )
         )
      )
      (ExecutionOutputLink
         (GroundedSchemaNode "scm: implication-partial-instantiation-formula")
         (ListLink
            (QuoteLink
               (ImplicationScopeLink
                  (UnquoteLink
                     (VariableNode "$TyVs")
                  )
                  (UnquoteLink
                     (VariableNode "$P")
                  )
                  (UnquoteLink
                     (VariableNode "$Q")
                  )
               )
            )
         )
      )
   )
)


.[DEBUG] results = (SetLink
  (EvaluationLink (stv 1.000000 0.800000)
    (PredicateNode "Q") ; [1103054420470118233][1]
    (ListLink
      (ConceptNode "A") ; [6977206836600634430][1]
      (ConceptNode "A") ; [6977206836600634430][1]
    ) ; [16381366606159829945][1]
  ) ; [17593726597828932321][1]
) ; [17608820693454717783][1]

[DEBUG] expected = (SetLink
  (EvaluationLink (stv 1.000000 0.800000)
    (PredicateNode "Q") ; [1103054420470118233][1]
    (ListLink
      (ConceptNode "A") ; [6977206836600634430][1]
      (ConceptNode "A") ; [6977206836600634430][1]
    ) ; [16381366606159829945][1]
  ) ; [17593726597828932321][1]
) ; [17608820693454717783][1]

[DEBUG] BEGIN TEST: test_implication_partial_instantiation
[DEBUG] [PLNRulesUTest] Loaded "tests/pln/rules/simple-implication.scm":
(ImplicationLink (stv 1 1)
   (PredicateNode "P")
   (PredicateNode "Q")
)


[DEBUG] [PLNRulesUTest] Loaded "opencog/pln/rules/wip/implication-instantiation.scm":
(DefineLink
   (DefinedSchemaNode "implication-partial-instantiation-rule")
   (BindLink
      (VariableList
         (TypedVariableLink
            (VariableNode "$TyVs")
            (TypeNode "VariableList")
         )
         (VariableNode "$P")
         (VariableNode "$Q")
      )
      (QuoteLink
         (ImplicationScopeLink
            (UnquoteLink
               (VariableNode "$TyVs")
            )
            (UnquoteLink
               (VariableNode "$P")
            )
            (UnquoteLink
               (VariableNode "$Q")
            )
         )
      )
      (ExecutionOutputLink
         (GroundedSchemaNode "scm: implication-partial-instantiation-formula")
         (ListLink
            (QuoteLink
               (ImplicationScopeLink
                  (UnquoteLink
                     (VariableNode "$TyVs")
                  )
                  (UnquoteLink
                     (VariableNode "$P")
                  )
                  (UnquoteLink
                     (VariableNode "$Q")
                  )
               )
            )
         )
      )
   )
)


[DEBUG] results = (SetLink
  (ImplicationScopeLink (stv 1.000000 1.000000)
    (TypedVariableLink
      (VariableNode "$Y") ; [5319120082979945173][1]
      (TypeNode "ConceptNode") ; [3788696113922021255][1]
    ) ; [15368014373885762288][1]
    (EvaluationLink
      (PredicateNode "P") ; [2213889286841575705][1]
      (ListLink
        (ConceptNode "A") ; [6977206836600634430][1]
        (VariableNode "$Y") ; [5319120082979945173][1]
      ) ; [14723279852539140688][1]
    ) ; [15699702287047236408][1]
    (EvaluationLink
      (PredicateNode "Q") ; [1103054420470118233][1]
      (ListLink
        (VariableNode "$Y") ; [5319120082979945173][1]
        (ConceptNode "A") ; [6977206836600634430][1]
      ) ; [17004735957805739312][1]
    ) ; [18217095949474841688][1]
  ) ; [16343311253396650220][1]
) ; [16358405349022435682][1]

[DEBUG] possible_results_1 = (SetLink
  (ImplicationScopeLink
    (TypedVariableLink
      (VariableNode "$X") ; [6809953386495729144][1]
      (TypeNode "ConceptNode") ; [3788696113922021255][1]
    ) ; [9225281168777978483][1]
    (EvaluationLink
      (PredicateNode "P") ; [2213889286841575705][1]
      (ListLink
        (VariableNode "$X") ; [6809953386495729144][1]
        (ConceptNode "B") ; [241327676611018844][1]
      ) ; [13349495629563115729][1]
    ) ; [14325918064071211449][1]
    (EvaluationLink
      (PredicateNode "Q") ; [1103054420470118233][1]
      (ListLink
        (ConceptNode "B") ; [241327676611018844][1]
        (VariableNode "$X") ; [6809953386495729144][1]
      ) ; [15291029760912229713][1]
    ) ; [16503389752581332089][1]
  ) ; [17950672363692661087][1]
) ; [17965766459318446549][1]

.[DEBUG] possible_results_2 = (SetLink
  (ImplicationScopeLink (stv 1.000000 1.000000)
    (TypedVariableLink
      (VariableNode "$Y") ; [5319120082979945173][1]
      (TypeNode "ConceptNode") ; [3788696113922021255][1]
    ) ; [15368014373885762288][1]
    (EvaluationLink
      (PredicateNode "P") ; [2213889286841575705][1]
      (ListLink
        (ConceptNode "A") ; [6977206836600634430][1]
        (VariableNode "$Y") ; [5319120082979945173][1]
      ) ; [14723279852539140688][1]
    ) ; [15699702287047236408][1]
    (EvaluationLink
      (PredicateNode "Q") ; [1103054420470118233][1]
      (ListLink
        (VariableNode "$Y") ; [5319120082979945173][1]
        (ConceptNode "A") ; [6977206836600634430][1]
      ) ; [17004735957805739312][1]
    ) ; [18217095949474841688][1]
  ) ; [16343311253396650220][1]
) ; [16358405349022435682][1]

[DEBUG] BEGIN TEST: test_implication_scope_to_implication
[DEBUG] [PLNRulesUTest] Loaded "tests/pln/rules/simple-implication.scm":
(ImplicationLink (stv 1 1)
   (PredicateNode "P")
   (PredicateNode "Q")
)


[DEBUG] [PLNRulesUTest] Loaded "opencog/pln/rules/wip/implication-scope-to-implication.scm":
(DefineLink
   (DefinedSchemaNode "implication-scope-to-implication-rule")
   (BindLink
      (VariableList
         (TypedVariableLink
            (VariableNode "$TyVs")
            (TypeChoice
               (TypeNode "TypedVariableLink")
               (TypeNode "VariableList")
            )
         )
         (VariableNode "$P")
         (VariableNode "$Q")
      )
      (QuoteLink
         (ImplicationScopeLink
            (UnquoteLink
               (VariableNode "$TyVs")
            )
            (UnquoteLink
               (VariableNode "$P")
            )
            (UnquoteLink
               (VariableNode "$Q")
            )
         )
      )
      (ExecutionOutputLink
         (GroundedSchemaNode "scm: implication-scope-to-implication-formula")
         (ListLink
            (ImplicationLink
               (QuoteLink
                  (LambdaLink
                     (UnquoteLink
                        (VariableNode "$TyVs")
                     )
                     (UnquoteLink
                        (VariableNode "$P")
                     )
                  )
               )
               (QuoteLink
                  (LambdaLink
                     (UnquoteLink
                        (VariableNode "$TyVs")
                     )
                     (UnquoteLink
                        (VariableNode "$Q")
                     )
                  )
               )
            )
            (QuoteLink
               (ImplicationScopeLink
                  (UnquoteLink
                     (VariableNode "$TyVs")
                  )
                  (UnquoteLink
                     (VariableNode "$P")
                  )
                  (UnquoteLink
                     (VariableNode "$Q")
                  )
               )
            )
         )
      )
   )
)


results = (SetLink
  (ImplicationLink (stv 1.000000 1.000000)
    (LambdaLink
      (TypedVariableLink
        (VariableNode "$X") ; [6809953386495729144][1]
        (TypeNode "ConceptNode") ; [3788696113922021255][1]
      ) ; [9225281168777978483][1]
      (EvaluationLink
        (PredicateNode "dummy-implicant") ; [5139476396159911888][1]
        (VariableNode "$X") ; [6809953386495729144][1]
      ) ; [12097030059961160823][1]
    ) ; [13036451083958029036][1]
    (LambdaLink
      (TypedVariableLink
        (VariableNode "$X") ; [6809953386495729144][1]
        (TypeNode "ConceptNode") ; [3788696113922021255][1]
      ) ; [9225281168777978483][1]
      (EvaluationLink
        (PredicateNode "dummy-implicand") ; [970581742967573218][1]
        (VariableNode "$X") ; [6809953386495729144][1]
      ) ; [12874087057435621833][1]
    ) ; [13813508081432490517][1]
  ) ; [12069697258631621880][1]
  (ImplicationLink (stv 1.000000 1.000000)
    (LambdaLink
      (TypedVariableLink
        (VariableNode "$X") ; [6809953386495729144][1]
        (TypeNode "ConceptNode") ; [3788696113922021255][1]
      ) ; [9225281168777978483][1]
      (EvaluationLink (stv 0.200000 0.900000)
        (PredicateNode "P") ; [2213889286841575705][1]
        (VariableNode "$X") ; [6809953386495729144][1]
      ) ; [17009747857858600672][1]
    ) ; [17949168881855469356][1]
    (LambdaLink
      (TypedVariableLink
        (VariableNode "$X") ; [6809953386495729144][1]
        (TypeNode "ConceptNode") ; [3788696113922021255][1]
      ) ; [9225281168777978483][1]
      (EvaluationLink
        (PredicateNode "Q") ; [1103054420470118233][1]
        (VariableNode "$X") ; [6809953386495729144][1]
      ) ; [17245685415019607328][1]
    ) ; [18185106439016476012][1]
  ) ; [12540286283445173391][1]
  (ImplicationLink (stv 1.000000 1.000000)
    (LambdaLink
      (VariableList
        (TypedVariableLink
          (VariableNode "$X") ; [6809953386495729144][1]
          (TypeNode "ConceptNode") ; [3788696113922021255][1]
        ) ; [9225281168777978483][1]
        (TypedVariableLink
          (VariableNode "$Y") ; [5319120082979945173][1]
          (TypeNode "ConceptNode") ; [3788696113922021255][1]
        ) ; [15368014373885762288][1]
      ) ; [16369752366847415642][1]
      (EvaluationLink (stv 0.040000 0.600000)
        (PredicateNode "P") ; [2213889286841575705][1]
        (ListLink
          (VariableNode "$X") ; [6809953386495729144][1]
          (VariableNode "$Y") ; [5319120082979945173][1]
        ) ; [18427288035932042058][1]
      ) ; [10180338433585361970][1]
    ) ; [18102432007526708032][1]
    (LambdaLink
      (VariableList
        (TypedVariableLink
          (VariableNode "$X") ; [6809953386495729144][1]
          (TypeNode "ConceptNode") ; [3788696113922021255][1]
        ) ; [9225281168777978483][1]
        (TypedVariableLink
          (VariableNode "$Y") ; [5319120082979945173][1]
          (TypeNode "ConceptNode") ; [3788696113922021255][1]
        ) ; [15368014373885762288][1]
      ) ; [16369752366847415642][1]
      (EvaluationLink
        (PredicateNode "Q") ; [1103054420470118233][1]
        (ListLink
          (VariableNode "$Y") ; [5319120082979945173][1]
          (VariableNode "$X") ; [6809953386495729144][1]
        ) ; [16837482507700834026][1]
      ) ; [18049842499369936402][1]
    ) ; [18338369565224583136][1]
  ) ; [17751232556804156823][1]
) ; [15114826446581484788][1]
expected = (SetLink
  (ImplicationLink (stv 1.000000 1.000000)
    (LambdaLink
      (TypedVariableLink
        (VariableNode "$X") ; [6809953386495729144][1]
        (TypeNode "ConceptNode") ; [3788696113922021255][1]
      ) ; [9225281168777978483][1]
      (EvaluationLink
        (PredicateNode "dummy-implicant") ; [5139476396159911888][1]
        (VariableNode "$X") ; [6809953386495729144][1]
      ) ; [12097030059961160823][1]
    ) ; [13036451083958029036][1]
    (LambdaLink
      (TypedVariableLink
        (VariableNode "$X") ; [6809953386495729144][1]
        (TypeNode "ConceptNode") ; [3788696113922021255][1]
      ) ; [9225281168777978483][1]
      (EvaluationLink
        (PredicateNode "dummy-implicand") ; [970581742967573218][1]
        (VariableNode "$X") ; [6809953386495729144][1]
      ) ; [12874087057435621833][1]
    ) ; [13813508081432490517][1]
  ) ; [12069697258631621880][1]
  (ImplicationLink (stv 1.000000 1.000000)
    (LambdaLink
      (TypedVariableLink
        (VariableNode "$X") ; [6809953386495729144][1]
        (TypeNode "ConceptNode") ; [3788696113922021255][1]
      ) ; [9225281168777978483][1]
      (EvaluationLink (stv 0.200000 0.900000)
        (PredicateNode "P") ; [2213889286841575705][1]
        (VariableNode "$X") ; [6809953386495729144][1]
      ) ; [17009747857858600672][1]
    ) ; [17949168881855469356][1]
    (LambdaLink
      (TypedVariableLink
        (VariableNode "$X") ; [6809953386495729144][1]
        (TypeNode "ConceptNode") ; [3788696113922021255][1]
      ) ; [9225281168777978483][1]
      (EvaluationLink
        (PredicateNode "Q") ; [1103054420470118233][1]
        (VariableNode "$X") ; [6809953386495729144][1]
      ) ; [17245685415019607328][1]
    ) ; [18185106439016476012][1]
  ) ; [12540286283445173391][1]
  (ImplicationLink (stv 1.000000 1.000000)
    (LambdaLink
      (VariableList
        (TypedVariableLink
          (VariableNode "$X") ; [6809953386495729144][1]
          (TypeNode "ConceptNode") ; [3788696113922021255][1]
        ) ; [9225281168777978483][1]
        (TypedVariableLink
          (VariableNode "$Y") ; [5319120082979945173][1]
          (TypeNode "ConceptNode") ; [3788696113922021255][1]
        ) ; [15368014373885762288][1]
      ) ; [16369752366847415642][1]
      (EvaluationLink (stv 0.040000 0.600000)
        (PredicateNode "P") ; [2213889286841575705][1]
        (ListLink
          (VariableNode "$X") ; [6809953386495729144][1]
          (VariableNode "$Y") ; [5319120082979945173][1]
        ) ; [18427288035932042058][1]
      ) ; [10180338433585361970][1]
    ) ; [18102432007526708032][1]
    (LambdaLink
      (VariableList
        (TypedVariableLink
          (VariableNode "$X") ; [6809953386495729144][1]
          (TypeNode "ConceptNode") ; [3788696113922021255][1]
        ) ; [9225281168777978483][1]
        (TypedVariableLink
          (VariableNode "$Y") ; [5319120082979945173][1]
          (TypeNode "ConceptNode") ; [3788696113922021255][1]
        ) ; [15368014373885762288][1]
      ) ; [16369752366847415642][1]
      (EvaluationLink
        (PredicateNode "Q") ; [1103054420470118233][1]
        (ListLink
          (VariableNode "$Y") ; [5319120082979945173][1]
          (VariableNode "$X") ; [6809953386495729144][1]
        ) ; [16837482507700834026][1]
      ) ; [18049842499369936402][1]
    ) ; [18338369565224583136][1]
  ) ; [17751232556804156823][1]
) ; [15114826446581484788][1]
.[DEBUG] BEGIN TEST: test_and_lambda_distribution
[DEBUG] [PLNRulesUTest] Loaded "tests/pln/rules/simple-lambda.scm":
(AndLink
   (LambdaLink
      (VariableNode "$X")
      (EvaluationLink (stv 0.4 0.7)
         (PredicateNode "P")
         (ConceptNode "A")
      )
   )
   (LambdaLink (stv 0.6 0.3)
      (VariableNode "$X")
      (AndLink
         (EvaluationLink
            (PredicateNode "P")
            (VariableNode "$X")
         )
         (EvaluationLink
            (PredicateNode "Q")
            (VariableNode "$X")
         )
      )
   )
)


[DEBUG] [PLNRulesUTest] Loaded "opencog/pln/rules/wip/and-lambda-distribution.scm":
(DefineLink
   (DefinedSchemaNode "and-lambda-distribution-rule")
   (BindLink
      (VariableList
         (TypedVariableLink
            (VariableNode "$TyVs")
            (TypeChoice
               (TypeNode "TypedVariableLink")
               (TypeNode "VariableNode")
               (TypeNode "VariableList")
            )
         )
         (TypedVariableLink
            (VariableNode "$And")
            (TypeNode "AndLink")
         )
      )
      (QuoteLink
         (LambdaLink
            (UnquoteLink
               (VariableNode "$TyVs")
            )
            (UnquoteLink
               (VariableNode "$And")
            )
         )
      )
      (ExecutionOutputLink
         (GroundedSchemaNode "scm: and-lambda-distribution-formula")
         (ListLink
            (QuoteLink
               (LambdaLink
                  (UnquoteLink
                     (VariableNode "$TyVs")
                  )
                  (UnquoteLink
                     (VariableNode "$And")
                  )
               )
            )
         )
      )
   )
)


results = (SetLink
  (AndLink (stv 0.600000 0.300000)
    (LambdaLink
      (VariableNode "$X") ; [6809953386495729144][1]
      (EvaluationLink
        (PredicateNode "P") ; [2213889286841575705][1]
        (VariableNode "$X") ; [6809953386495729144][1]
      ) ; [17009747857858600672][1]
    ) ; [17949168881578691228][1]
    (LambdaLink
      (VariableNode "$X") ; [6809953386495729144][1]
      (EvaluationLink
        (PredicateNode "Q") ; [1103054420470118233][1]
        (VariableNode "$X") ; [6809953386495729144][1]
      ) ; [17245685415019607328][1]
    ) ; [18185106438739697884][1]
  ) ; [11716496978150502786][1]
) ; [11731591073776288248][1]
expected = (SetLink
  (AndLink (stv 0.600000 0.300000)
    (LambdaLink
      (VariableNode "$X") ; [6809953386495729144][1]
      (EvaluationLink
        (PredicateNode "P") ; [2213889286841575705][1]
        (VariableNode "$X") ; [6809953386495729144][1]
      ) ; [17009747857858600672][1]
    ) ; [17949168881578691228][1]
    (LambdaLink
      (VariableNode "$X") ; [6809953386495729144][1]
      (EvaluationLink
        (PredicateNode "Q") ; [1103054420470118233][1]
        (VariableNode "$X") ; [6809953386495729144][1]
      ) ; [17245685415019607328][1]
    ) ; [18185106438739697884][1]
  ) ; [11716496978150502786][1]
) ; [11731591073776288248][1]
.[DEBUG] BEGIN TEST: test_implication_implicant_distribution
[DEBUG] [PLNRulesUTest] Loaded "tests/pln/rules/simple-implication.scm":
(ImplicationLink (stv 1 1)
   (PredicateNode "P")
   (PredicateNode "Q")
)


[DEBUG] [PLNRulesUTest] Loaded "opencog/pln/rules/wip/implication-implicant-distribution.scm":
(DefineLink
   (DefinedSchemaNode "implication-implicant-distribution-rule")
   (BindLink
      (VariableList
         (TypedVariableLink
            (VariableNode "$P")
            (TypeChoice
               (TypeNode "PredicateNode")
               (TypeNode "LambdaLink")
            )
         )
         (TypedVariableLink
            (VariableNode "$Q")
            (TypeChoice
               (TypeNode "PredicateNode")
               (TypeNode "LambdaLink")
            )
         )
      )
      (AndLink
         (ImplicationLink
            (VariableNode "$P")
            (VariableNode "$Q")
         )
         (EvaluationLink
            (GroundedPredicateNode "scm: gt-zero-confidence")
            (ImplicationLink
               (VariableNode "$P")
               (VariableNode "$Q")
            )
         )
      )
      (ExecutionOutputLink
         (GroundedSchemaNode "scm: implication-implicant-distribution-formula")
         (ListLink
            (ImplicationLink
               (VariableNode "$P")
               (AndLink
                  (VariableNode "$P")
                  (VariableNode "$Q")
               )
            )
            (ImplicationLink
               (VariableNode "$P")
               (VariableNode "$Q")
            )
         )
      )
   )
)


results = (SetLink
  (ImplicationLink (stv 1.000000 1.000000)
    (PredicateNode "P") ; [2213889286841575705][1]
    (AndLink
      (PredicateNode "Q") ; [1103054420470118233][1]
      (PredicateNode "P") ; [2213889286841575705][1]
    ) ; [11672568894665571868][1]
  ) ; [12495728204357999820][1]
) ; [12510822299983785282][1]
expected = (SetLink
  (ImplicationLink (stv 1.000000 1.000000)
    (PredicateNode "P") ; [2213889286841575705][1]
    (AndLink
      (PredicateNode "Q") ; [1103054420470118233][1]
      (PredicateNode "P") ; [2213889286841575705][1]
    ) ; [11672568894665571868][1]
  ) ; [12495728204357999820][1]
) ; [12510822299983785282][1]
.[DEBUG] BEGIN TEST: test_implication_introduction
[DEBUG] [PLNRulesUTest] Loaded "tests/pln/rules/simple-predicates.scm":
(PredicateNode "Q" (stv 0.6 1))


[DEBUG] [PLNRulesUTest] Loaded "opencog/pln/rules/wip/implication-introduction.scm":
(DefineLink
   (DefinedSchemaNode "implication-introduction-rule")
   (BindLink
      (VariableList
         (TypedVariableLink
            (VariableNode "$P")
            (TypeChoice
               (TypeNode "PredicateNode")
               (TypeNode "LambdaLink")
            )
         )
         (TypedVariableLink
            (VariableNode "$Q")
            (TypeChoice
               (TypeNode "PredicateNode")
               (TypeNode "LambdaLink")
            )
         )
      )
      (AndLink
         (VariableNode "$P")
         (VariableNode "$Q")
         (NotLink
            (EqualLink
               (VariableNode "$P")
               (VariableNode "$Q")
            )
         )
         (EvaluationLink
            (GroundedPredicateNode "scm: implication-introduction-precondition")
            (ListLink
               (VariableNode "$P")
               (VariableNode "$Q")
            )
         )
      )
      (ExecutionOutputLink
         (GroundedSchemaNode "scm: implication-introduction-formula")
         (ListLink
            (ImplicationLink
               (VariableNode "$P")
               (VariableNode "$Q")
            )
            (VariableNode "$P")
            (VariableNode "$Q")
         )
      )
   )
)


results = (SetLink
  (ImplicationLink (stv 0.600000 1.000000)
    (PredicateNode "P" (stv 0.200000 1.000000)) ; [2213889286841575705][1]
    (PredicateNode "Q" (stv 0.600000 1.000000)) ; [1103054420470118233][1]
  ) ; [11149585767017321993][1]
  (ImplicationLink (stv 0.200000 1.000000)
    (PredicateNode "Q" (stv 0.600000 1.000000)) ; [1103054420470118233][1]
    (PredicateNode "P" (stv 0.200000 1.000000)) ; [2213889286841575705][1]
  ) ; [12496358190549786121][1]
) ; [11995912183581299816][1]
expected = (SetLink
  (ImplicationLink (stv 0.600000 1.000000)
    (PredicateNode "P" (stv 0.200000 1.000000)) ; [2213889286841575705][1]
    (PredicateNode "Q" (stv 0.600000 1.000000)) ; [1103054420470118233][1]
  ) ; [11149585767017321993][1]
  (ImplicationLink (stv 0.200000 1.000000)
    (PredicateNode "Q" (stv 0.600000 1.000000)) ; [1103054420470118233][1]
    (PredicateNode "P" (stv 0.200000 1.000000)) ; [2213889286841575705][1]
  ) ; [12496358190549786121][1]
) ; [11995912183581299816][1]
.[DEBUG] BEGIN TEST: test_closed_lambda_introduction
[DEBUG] [PLNRulesUTest] Loaded "tests/pln/rules/simple-lambda.scm":
(AndLink
   (LambdaLink
      (VariableNode "$X")
      (EvaluationLink (stv 0.4 0.7)
         (PredicateNode "P")
         (ConceptNode "A")
      )
   )
   (LambdaLink (stv 0.6 0.3)
      (VariableNode "$X")
      (AndLink
         (EvaluationLink
            (PredicateNode "P")
            (VariableNode "$X")
         )
         (EvaluationLink
            (PredicateNode "Q")
            (VariableNode "$X")
         )
      )
   )
)


[DEBUG] [PLNRulesUTest] Loaded "opencog/pln/rules/wip/closed-lambda-introduction.scm":
(DefineLink
   (DefinedSchemaNode "closed-lambda-introduction-rule")
   (BindLink
      (VariableList
         (TypedVariableLink
            (VariableNode "$V")
            (TypeChoice
               (TypeNode "TypedVariableLink")
               (TypeNode "VariableList")
               (TypeNode "VariableNode")
            )
         )
         (TypedVariableLink
            (VariableNode "$B")
            (TypeNode "EvaluationLink")
         )
      )
      (AndLink
         (VariableNode "$V")
         (VariableNode "$B")
         (EvaluationLink
            (GroundedPredicateNode "scm: closed-lambda-introduction-precondition")
            (VariableNode "$B")
         )
      )
      (ExecutionOutputLink
         (GroundedSchemaNode "scm: closed-lambda-introduction-formula")
         (ListLink
            (QuoteLink
               (LambdaLink
                  (UnquoteLink
                     (VariableNode "$V")
                  )
                  (UnquoteLink
                     (VariableNode "$B")
                  )
               )
            )
            (VariableNode "$B")
         )
      )
   )
)


results = (SetLink
  (LambdaLink (stv 0.400000 0.700000)
    (VariableNode "$X") ; [6809953386495729144][1]
    (EvaluationLink (stv 0.400000 0.700000)
      (PredicateNode "P") ; [2213889286841575705][1]
      (ConceptNode "A") ; [6977206836600634430][1]
    ) ; [17177001307963505958][1]
  ) ; [15703003681307772240][1]
  (LambdaLink (stv 0.400000 0.700000)
    (TypedVariableLink
      (VariableNode "$B") ; [4905990271079964112][1]
      (TypeNode "EvaluationLink") ; [9191314558674562418][1]
    ) ; [16360721062793704246][1]
    (EvaluationLink (stv 0.400000 0.700000)
      (PredicateNode "P") ; [2213889286841575705][1]
      (ConceptNode "A") ; [6977206836600634430][1]
    ) ; [17177001307963505958][1]
  ) ; [15703003682847350577][1]
  (LambdaLink (stv 0.400000 0.700000)
    (TypedVariableLink
      (VariableNode "$V") ; [4586185897468188423][1]
      (TypeChoice
        (TypeNode "TypedVariableLink") ; [1359961696412228875][1]
        (TypeNode "VariableList") ; [7312217543151217883][1]
        (TypeNode "VariableNode") ; [5990260802578042438][1]
      ) ; [13298594162570589437][1]
    ) ; [9914456337501133528][1]
    (EvaluationLink (stv 0.400000 0.700000)
      (PredicateNode "P") ; [2213889286841575705][1]
      (ConceptNode "A") ; [6977206836600634430][1]
    ) ; [17177001307963505958][1]
  ) ; [15703003684853992005][1]
  (LambdaLink (stv 0.400000 0.700000)
    (VariableList
      (TypedVariableLink
        (VariableNode "$V") ; [4586185897468188423][1]
        (TypeChoice
          (TypeNode "TypedVariableLink") ; [1359961696412228875][1]
          (TypeNode "VariableList") ; [7312217543151217883][1]
          (TypeNode "VariableNode") ; [5990260802578042438][1]
        ) ; [13298594162570589437][1]
      ) ; [9914456337501133528][1]
      (TypedVariableLink
        (VariableNode "$B") ; [4905990271079964112][1]
        (TypeNode "EvaluationLink") ; [9191314558674562418][1]
      ) ; [16360721062793704246][1]
    ) ; [12435123513055146661][1]
    (EvaluationLink (stv 0.400000 0.700000)
      (PredicateNode "P") ; [2213889286841575705][1]
      (ConceptNode "A") ; [6977206836600634430][1]
    ) ; [17177001307963505958][1]
  ) ; [15856266806782638504][1]
) ; [12291965199335687172][1]
expected = (LambdaLink (stv 0.400000 0.700000)
  (VariableNode "$X") ; [6809953386495729144][1]
  (EvaluationLink (stv 0.400000 0.700000)
    (PredicateNode "P") ; [2213889286841575705][1]
    (ConceptNode "A") ; [6977206836600634430][1]
  ) ; [17177001307963505958][1]
) ; [15703003681307772240][1]
.[DEBUG] BEGIN TEST: test_equivalence_to_implication
[DEBUG] [PLNRulesUTest] Loaded "tests/pln/rules/simple-equivalence.scm":
(EquivalenceLink (stv 0.6 0.7)
   (PredicateNode "Q" (stv 0.12 0.4))
   (PredicateNode "P" (stv 0.1 0.5))
)


[DEBUG] [PLNRulesUTest] Loaded "opencog/pln/rules/wip/equivalence-to-implication.scm":
(DefineLink
   (DefinedSchemaNode "equivalence-to-implication-rule")
   (BindLink
      (VariableList
         (VariableNode "$A")
         (VariableNode "$B")
      )
      (AndLink
         (EvaluationLink
            (GroundedPredicateNode "scm: gt-zero-confidence")
            (EquivalenceLink
               (VariableNode "$A")
               (VariableNode "$B")
            )
         )
         (EquivalenceLink
            (VariableNode "$A")
            (VariableNode "$B")
         )
      )
      (ExecutionOutputLink
         (GroundedSchemaNode "scm: equivalence-to-implication-formula")
         (ListLink
            (ImplicationLink
               (VariableNode "$A")
               (VariableNode "$B")
            )
            (EquivalenceLink
               (VariableNode "$A")
               (VariableNode "$B")
            )
         )
      )
   )
)


results = (SetLink
  (ImplicationLink (stv 0.825000 0.700000)
    (PredicateNode "P" (stv 0.100000 0.500000)) ; [2213889286841575705][1]
    (PredicateNode "Q" (stv 0.120000 0.400000)) ; [1103054420470118233][1]
  ) ; [11149585767017321993][1]
  (ImplicationLink (stv 0.687500 0.700000)
    (PredicateNode "Q" (stv 0.120000 0.400000)) ; [1103054420470118233][1]
    (PredicateNode "P" (stv 0.100000 0.500000)) ; [2213889286841575705][1]
  ) ; [12496358190549786121][1]
) ; [11995912183581299816][1]
expected = (SetLink
  (ImplicationLink (stv 0.825000 0.700000)
    (PredicateNode "P" (stv 0.100000 0.500000)) ; [2213889286841575705][1]
    (PredicateNode "Q" (stv 0.120000 0.400000)) ; [1103054420470118233][1]
  ) ; [11149585767017321993][1]
  (ImplicationLink (stv 0.687500 0.700000)
    (PredicateNode "Q" (stv 0.120000 0.400000)) ; [1103054420470118233][1]
    (PredicateNode "P" (stv 0.100000 0.500000)) ; [2213889286841575705][1]
  ) ; [12496358190549786121][1]
) ; [11995912183581299816][1]
.[DEBUG] BEGIN TEST: test_implication_and_lambda_factorization
[DEBUG] [PLNRulesUTest] Loaded "tests/pln/rules/simple-lambda.scm":
(AndLink
   (LambdaLink
      (VariableNode "$X")
      (EvaluationLink (stv 0.4 0.7)
         (PredicateNode "P")
         (ConceptNode "A")
      )
   )
   (LambdaLink (stv 0.6 0.3)
      (VariableNode "$X")
      (AndLink
         (EvaluationLink
            (PredicateNode "P")
            (VariableNode "$X")
         )
         (EvaluationLink
            (PredicateNode "Q")
            (VariableNode "$X")
         )
      )
   )
)


[DEBUG] [PLNRulesUTest] Loaded "opencog/pln/rules/wip/implication-and-lambda-factorization.scm":
(DefineLink
   (DefinedSchemaNode "implication-and-lambda-factorization-rule")
   (BindLink
      (VariableList
         (TypedVariableLink
            (VariableNode "$TyVs")
            (TypeChoice
               (TypeNode "TypedVariableLink")
               (TypeNode "VariableNode")
               (TypeNode "VariableList")
            )
         )
         (TypedVariableLink
            (VariableNode "$A1")
            (TypeNode "EvaluationLink")
         )
         (TypedVariableLink
            (VariableNode "$A2")
            (TypeNode "EvaluationLink")
         )
      )
      (LocalQuoteLink
         (AndLink
            (QuoteLink
               (LambdaLink
                  (UnquoteLink
                     (VariableNode "$TyVs")
                  )
                  (UnquoteLink
                     (VariableNode "$A2")
                  )
               )
            )
            (QuoteLink
               (LambdaLink
                  (UnquoteLink
                     (VariableNode "$TyVs")
                  )
                  (UnquoteLink
                     (VariableNode "$A1")
                  )
               )
            )
         )
      )
      (ExecutionOutputLink
         (GroundedSchemaNode "scm: implication-and-lambda-factorization-formula")
         (ImplicationLink
            (AndLink
               (QuoteLink
                  (LambdaLink
                     (UnquoteLink
                        (VariableNode "$TyVs")
                     )
                     (UnquoteLink
                        (VariableNode "$A2")
                     )
                  )
               )
               (QuoteLink
                  (LambdaLink
                     (UnquoteLink
                        (VariableNode "$TyVs")
                     )
                     (UnquoteLink
                        (VariableNode "$A1")
                     )
                  )
               )
            )
            (QuoteLink
               (LambdaLink
                  (UnquoteLink
                     (VariableNode "$TyVs")
                  )
                  (UnquoteLink
                     (AndLink
                        (VariableNode "$A2")
                        (VariableNode "$A1")
                     )
                  )
               )
            )
         )
      )
   )
)


results = (SetLink
  (ImplicationLink (stv 1.000000 1.000000)
    (AndLink
      (LambdaLink
        (VariableNode "$X") ; [6809953386495729144][1]
        (EvaluationLink
          (PredicateNode "P") ; [2213889286841575705][1]
          (VariableNode "$X") ; [6809953386495729144][1]
        ) ; [17009747857858600672][1]
      ) ; [17949168881578691228][1]
      (LambdaLink
        (VariableNode "$X") ; [6809953386495729144][1]
        (EvaluationLink
          (PredicateNode "Q") ; [1103054420470118233][1]
          (VariableNode "$X") ; [6809953386495729144][1]
        ) ; [17245685415019607328][1]
      ) ; [18185106438739697884][1]
    ) ; [11716496978150502786][1]
    (LambdaLink (stv 0.600000 0.300000)
      (VariableNode "$X") ; [6809953386495729144][1]
      (AndLink
        (EvaluationLink
          (PredicateNode "P") ; [2213889286841575705][1]
          (VariableNode "$X") ; [6809953386495729144][1]
        ) ; [17009747857858600672][1]
        (EvaluationLink
          (PredicateNode "Q") ; [1103054420470118233][1]
          (VariableNode "$X") ; [6809953386495729144][1]
        ) ; [17245685415019607328][1]
      ) ; [16669670319086527114][1]
    ) ; [17456476609709368689][1]
  ) ; [18271040479534012842][1]
) ; [18286134575159798304][1]
expected = (SetLink
  (ImplicationLink (stv 1.000000 1.000000)
    (AndLink
      (LambdaLink
        (VariableNode "$X") ; [6809953386495729144][1]
        (EvaluationLink
          (PredicateNode "P") ; [2213889286841575705][1]
          (VariableNode "$X") ; [6809953386495729144][1]
        ) ; [17009747857858600672][1]
      ) ; [17949168881578691228][1]
      (LambdaLink
        (VariableNode "$X") ; [6809953386495729144][1]
        (EvaluationLink
          (PredicateNode "Q") ; [1103054420470118233][1]
          (VariableNode "$X") ; [6809953386495729144][1]
        ) ; [17245685415019607328][1]
      ) ; [18185106438739697884][1]
    ) ; [11716496978150502786][1]
    (LambdaLink (stv 0.600000 0.300000)
      (VariableNode "$X") ; [6809953386495729144][1]
      (AndLink
        (EvaluationLink
          (PredicateNode "P") ; [2213889286841575705][1]
          (VariableNode "$X") ; [6809953386495729144][1]
        ) ; [17009747857858600672][1]
        (EvaluationLink
          (PredicateNode "Q") ; [1103054420470118233][1]
          (VariableNode "$X") ; [6809953386495729144][1]
        ) ; [17245685415019607328][1]
      ) ; [16669670319086527114][1]
    ) ; [17456476609709368689][1]
  ) ; [18271040479534012842][1]
) ; [18286134575159798304][1]
.[DEBUG] BEGIN TEST: test_implication_implicant_conjunction
[DEBUG] [PLNRulesUTest] Loaded "tests/pln/rules/simple-implication-implicant-conjunction.scm":
(ImplicationLink (stv 0.2 0.6)
   (PredicateNode "P2" (stv 0.01 0.7))
   (PredicateNode "Q" (stv 0.05 0.8))
)


;;; note: auto-compilation is enabled, set GUILE_AUTO_COMPILE=0
;;;       or pass the --no-auto-compile argument to disable.
;;; compiling /home/opencog/opencog/tests/pln/rules/simple-assertions.scm
;;; compiled /home/jenkins/.cache/guile/ccache/2.2-LE-8-3.A/home/opencog/opencog/tests/pln/rules/simple-assertions.scm.go
;;; compiling /home/opencog/opencog/tests/pln/rules/simple-predicates.scm
;;; compiled /home/jenkins/.cache/guile/ccache/2.2-LE-8-3.A/home/opencog/opencog/tests/pln/rules/simple-predicates.scm.go
;;; compiling /home/opencog/opencog/opencog/pln/rules/wip/and-introduction.scm
;;; compiled /home/jenkins/.cache/guile/ccache/2.2-LE-8-3.A/home/opencog/opencog/opencog/pln/rules/wip/and-introduction.scm.go
;;; compiling /home/opencog/opencog/opencog/pln/rules/wip/or-introduction.scm
;;; compiled /home/jenkins/.cache/guile/ccache/2.2-LE-8-3.A/home/opencog/opencog/opencog/pln/rules/wip/or-introduction.scm.go
;;; compiling /home/opencog/opencog/opencog/pln/rules/wip/not-introduction.scm
;;; compiled /home/jenkins/.cache/guile/ccache/2.2-LE-8-3.A/home/opencog/opencog/opencog/pln/rules/wip/not-introduction.scm.go
;;; compiling /home/opencog/opencog/tests/pln/rules/simple-forall.scm
;;; compiled /home/jenkins/.cache/guile/ccache/2.2-LE-8-3.A/home/opencog/opencog/tests/pln/rules/simple-forall.scm.go
;;; compiling /home/opencog/opencog/opencog/pln/rules/wip/forall-instantiation.scm
;;; opencog/pln/rules/wip/forall-instantiation.scm:89:24: warning: possibly unbound variable `select-substitution-term'
;;; opencog/pln/rules/wip/forall-instantiation.scm:93:24: warning: possibly unbound variable `select-substitution-terms'
;;; opencog/pln/rules/wip/forall-instantiation.scm:146:26: warning: possibly unbound variable `select-rm-rnd-outgoing'
;;; opencog/pln/rules/wip/forall-instantiation.scm:151:16: warning: possibly unbound variable `select-substitution-term'
;;; compiled /home/jenkins/.cache/guile/ccache/2.2-LE-8-3.A/home/opencog/opencog/opencog/pln/rules/wip/forall-instantiation.scm.go
;;; compiling /home/opencog/opencog/opencog/pln/rules/wip/forall-implication-to-higher-order.scm
;;; compiled /home/jenkins/.cache/guile/ccache/2.2-LE-8-3.A/home/opencog/opencog/opencog/pln/rules/wip/forall-implication-to-higher-order.scm.go
;;; compiling /home/opencog/opencog/tests/pln/rules/simple-implication.scm
;;; compiled /home/jenkins/.cache/guile/ccache/2.2-LE-8-3.A/home/opencog/opencog/tests/pln/rules/simple-implication.scm.go
;;; compiling /home/opencog/opencog/tests/pln/rules/implication-extra-variables.scm
;;; compiled /home/jenkins/.cache/guile/ccache/2.2-LE-8-3.A/home/opencog/opencog/tests/pln/rules/implication-extra-variables.scm.go
;;; compiling /home/opencog/opencog/tests/pln/rules/simple-lambda.scm
;;; compiled /home/jenkins/.cache/guile/ccache/2.2-LE-8-3.A/home/opencog/opencog/tests/pln/rules/simple-lambda.scm.go
;;; compiling /home/opencog/opencog/opencog/pln/rules/wip/closed-lambda-introduction.scm
;;; compiled /home/jenkins/.cache/guile/ccache/2.2-LE-8-3.A/home/opencog/opencog/opencog/pln/rules/wip/closed-lambda-introduction.scm.go
;;; compiling /home/opencog/opencog/tests/pln/rules/simple-equivalence.scm
;;; compiled /home/jenkins/.cache/guile/ccache/2.2-LE-8-3.A/home/opencog/opencog/tests/pln/rules/simple-equivalence.scm.go
;;; compiling /home/opencog/opencog/tests/pln/rules/simple-implication-implicant-conjunction.scm
;;; compiled /home/jenkins/.cache/guile/ccache/2.2-LE-8-3.A/home/opencog/opencog/tests/pln/rules/simple-implication-implicant-conjunction.scm.go
;;; compiling /home/opencog/opencog/opencog/pln/rules/wip/implication-implicant-conjunction.scm
;;; opencog/pln/rules/wip/implication-implicant-conjunction.scm:120:11: warning: possibly unbound variable `conditional-probability-consistency'
;;; opencog/pln/rules/wip/implication-implicant-conjunction.scm:121:11: warning: possibly unbound variable `conditional-probability-consistency'
;;; compiled /home/jenkins/.cache/guile/ccache/2.2-LE-8-3.A/home/opencog/opencog/opencog/pln/rules/wip/implication-implicant-conjunction.scm.go
[DEBUG] [PLNRulesUTest] Loaded "opencog/pln/rules/wip/implication-implicant-conjunction.scm":
(DefineLink
   (DefinedSchemaNode "implication-implicant-conjunction-rule")
   (BindLink
      (VariableList
         (TypedVariableLink
            (VariableNode "$A")
            (TypeChoice
               (TypeNode "PredicateNode")
               (TypeNode "LambdaLink")
            )
         )
         (TypedVariableLink
            (VariableNode "$B")
            (TypeChoice
               (TypeNode "PredicateNode")
               (TypeNode "LambdaLink")
            )
         )
         (TypedVariableLink
            (VariableNode "$C")
            (TypeChoice
               (TypeNode "PredicateNode")
               (TypeNode "LambdaLink")
            )
         )
      )
      (AndLink
         (ImplicationLink
            (VariableNode "$B")
            (VariableNode "$C")
         )
         (ImplicationLink
            (VariableNode "$A")
            (VariableNode "$C")
         )
         (NotLink
            (EqualLink
               (VariableNode "$A")
               (VariableNode "$B")
            )
         )
      )
      (ExecutionOutputLink
         (GroundedSchemaNode "scm: implication-implicant-conjunction-formula")
         (ListLink
            (ImplicationLink
               (AndLink
                  (VariableNode "$A")
                  (VariableNode "$B")
               )
               (VariableNode "$C")
            )
            (VariableNode "$A")
            (VariableNode "$B")
            (VariableNode "$C")
            (ImplicationLink
               (VariableNode "$A")
               (VariableNode "$C")
            )
            (ImplicationLink
               (VariableNode "$B")
               (VariableNode "$C")
            )
         )
      )
   )
)


results = (SetLink
  (ImplicationLink (stv 0.400000 0.600000)
    (AndLink (stv 0.000200 0.600000)
      (PredicateNode "P2" (stv 0.010000 0.700000)) ; [1258862597075794181][1]
      (PredicateNode "P1" (stv 0.020000 0.600000)) ; [6016309567546459597][1]
    ) ; [11393286966502986236][1]
    (PredicateNode "Q" (stv 0.050000 0.800000)) ; [1103054420470118233][1]
  ) ; [9698431979636267852][1]
) ; [9713526075262053314][1]
expected = (SetLink
  (ImplicationLink (stv 0.400000 0.600000)
    (AndLink (stv 0.000200 0.600000)
      (PredicateNode "P2" (stv 0.010000 0.700000)) ; [1258862597075794181][1]
      (PredicateNode "P1" (stv 0.020000 0.600000)) ; [6016309567546459597][1]
    ) ; [11393286966502986236][1]
    (PredicateNode "Q" (stv 0.050000 0.800000)) ; [1103054420470118233][1]
  ) ; [9698431979636267852][1]
) ; [9713526075262053314][1]
.[DEBUG] BEGIN TEST: test_implication_direct_evaluation
[DEBUG] [PLNRulesUTest] Loaded "tests/pln/rules/implication-direct-evaluation.scm":
(EvaluationLink (stv 1 1)
   (PredicateNode "Q")
   (ConceptNode "E")
)


[DEBUG] [PLNRulesUTest] Loaded "opencog/pln/rules/wip/implication-direct-evaluation.scm":
(DefineLink
   (DefinedSchemaNode "implication-direct-evaluation-rule")
   (BindLink
      (VariableList
         (TypedVariableLink
            (VariableNode "$P")
            (TypeNode "PredicateNode")
         )
         (TypedVariableLink
            (VariableNode "$Q")
            (TypeNode "PredicateNode")
         )
         (TypedVariableLink
            (VariableNode "$X")
            (TypeNode "ConceptNode")
         )
      )
      (AndLink
         (EvaluationLink
            (VariableNode "$P")
            (VariableNode "$X")
         )
         (NotLink
            (EqualLink
               (VariableNode "$P")
               (VariableNode "$Q")
            )
         )
         (EvaluationLink
            (VariableNode "$Q")
            (VariableNode "$X")
         )
      )
      (ExecutionOutputLink
         (GroundedSchemaNode "scm: implication-direct-evaluation-formula")
         (ListLink
            (VariableNode "$P")
            (VariableNode "$Q")
         )
      )
   )
)


results = (SetLink
  (ImplicationLink (stv 0.666667 0.003750)
    (PredicateNode "P") ; [2213889286841575705][1]
    (PredicateNode "Q") ; [1103054420470118233][1]
  ) ; [11149585767017321993][1]
  (ImplicationLink (stv 0.500000 0.005000)
    (PredicateNode "Q") ; [1103054420470118233][1]
    (PredicateNode "P") ; [2213889286841575705][1]
  ) ; [12496358190549786121][1]
) ; [11995912183581299816][1]
expected = (SetLink
  (ImplicationLink (stv 0.666667 0.003750)
    (PredicateNode "P") ; [2213889286841575705][1]
    (PredicateNode "Q") ; [1103054420470118233][1]
  ) ; [11149585767017321993][1]
  (ImplicationLink (stv 0.500000 0.005000)
    (PredicateNode "Q") ; [1103054420470118233][1]
    (PredicateNode "P") ; [2213889286841575705][1]
  ) ; [12496358190549786121][1]
) ; [11995912183581299816][1]
.[DEBUG] BEGIN TEST: test_conditional_full_instantiation_meta_rule
[DEBUG] [PLNRulesUTest] Loaded "tests/pln/rules/simple-implication-scope.scm":
(ImplicationScopeLink (stv 1 1)
   (TypedVariableLink
      (VariableNode "$X")
      (TypeNode "ConceptNode")
   )
   (EvaluationLink
      (PredicateNode "P")
      (VariableNode "$X")
   )
   (EvaluationLink
      (PredicateNode "Q")
      (VariableNode "$X")
   )
)


[DEBUG] [PLNRulesUTest] Loaded "opencog/pln/meta-rules/predicate/conditional-full-instantiation.scm":
(DefineLink
   (DefinedSchemaNode "conditional-full-instantiation-inheritance-meta-rule")
   (BindLink
      (VariableList
         (TypedVariableLink
            (VariableNode "$A")
            (TypeNode "ConceptNode")
         )
         (TypedVariableLink
            (VariableNode "$B")
            (TypeNode "ConceptNode")
         )
      )
      (AndLink
         (EvaluationLink
            (GroundedPredicateNode "scm: gt-zero-confidence")
            (InheritanceLink
               (VariableNode "$A")
               (VariableNode "$B")
            )
         )
         (InheritanceLink
            (VariableNode "$A")
            (VariableNode "$B")
         )
      )
      (QuoteLink
         (BindLink
            (VariableNode "$X")
            (AndLink
               (EvaluationLink
                  (GroundedPredicateNode "scm: gt-zero-confidence")
                  (MemberLink
                     (VariableNode "$X")
                     (UnquoteLink
                        (VariableNode "$A")
                     )
                  )
               )
               (MemberLink
                  (VariableNode "$X")
                  (UnquoteLink
                     (VariableNode "$A")
                  )
               )
            )
            (ExecutionOutputLink
               (GroundedSchemaNode "scm: conditional-full-instantiation-formula")
               (ListLink
                  (MemberLink
                     (VariableNode "$X")
                     (UnquoteLink
                        (VariableNode "$B")
                     )
                  )
                  (MemberLink
                     (VariableNode "$X")
                     (UnquoteLink
                        (VariableNode "$A")
                     )
                  )
                  (InheritanceLink
                     (UnquoteLink
                        (VariableNode "$A")
                     )
                     (UnquoteLink
                        (VariableNode "$B")
                     )
                  )
               )
            )
         )
      )
   )
)


results = (SetLink
  (BindLink
    (TypedVariableLink
      (VariableNode "$X") ; [6809953386495729144][1]
      (TypeNode "ConceptNode") ; [3788696113922021255][1]
    ) ; [9225281168777978483][1]
    (AndLink
      (EvaluationLink
        (GroundedPredicateNode "scm: gt-zero-confidence") ; [2096565403849494700][1]
        (EvaluationLink
          (PredicateNode "P") ; [2213889286841575705][1]
          (VariableNode "$X") ; [6809953386495729144][1]
        ) ; [17009747857858600672][1]
      ) ; [14114482153628023227][1]
      (EvaluationLink
        (PredicateNode "P") ; [2213889286841575705][1]
        (VariableNode "$X") ; [6809953386495729144][1]
      ) ; [17009747857858600672][1]
    ) ; [13123684890864222853][1]
    (ExecutionOutputLink
      (GroundedSchemaNode "scm: conditional-full-instantiation-scope-formula") ; [4493803386725613298][1]
      (ListLink
        (EvaluationLink
          (PredicateNode "Q") ; [1103054420470118233][1]
          (VariableNode "$X") ; [6809953386495729144][1]
        ) ; [17245685415019607328][1]
        (EvaluationLink
          (PredicateNode "P") ; [2213889286841575705][1]
          (VariableNode "$X") ; [6809953386495729144][1]
        ) ; [17009747857858600672][1]
        (ImplicationScopeLink (stv 1.000000 1.000000)
          (TypedVariableLink
            (VariableNode "$X") ; [6809953386495729144][1]
            (TypeNode "ConceptNode") ; [3788696113922021255][1]
          ) ; [9225281168777978483][1]
          (EvaluationLink
            (PredicateNode "P") ; [2213889286841575705][1]
            (VariableNode "$X") ; [6809953386495729144][1]
          ) ; [17009747857858600672][1]
          (EvaluationLink
            (PredicateNode "Q") ; [1103054420470118233][1]
            (VariableNode "$X") ; [6809953386495729144][1]
          ) ; [17245685415019607328][1]
        ) ; [11246417726306593584][1]
      ) ; [10331289160163372621][1]
    ) ; [13313479423463298105][1]
  ) ; [17114744695775993775][1]
) ; [17129838791401779237][1]
expected = (SetLink
  (BindLink
    (TypedVariableLink
      (VariableNode "$X") ; [6809953386495729144][1]
      (TypeNode "ConceptNode") ; [3788696113922021255][1]
    ) ; [9225281168777978483][1]
    (AndLink
      (EvaluationLink
        (GroundedPredicateNode "scm: gt-zero-confidence") ; [2096565403849494700][1]
        (EvaluationLink
          (PredicateNode "P") ; [2213889286841575705][1]
          (VariableNode "$X") ; [6809953386495729144][1]
        ) ; [17009747857858600672][1]
      ) ; [14114482153628023227][1]
      (EvaluationLink
        (PredicateNode "P") ; [2213889286841575705][1]
        (VariableNode "$X") ; [6809953386495729144][1]
      ) ; [17009747857858600672][1]
    ) ; [13123684890864222853][1]
    (ExecutionOutputLink
      (GroundedSchemaNode "scm: conditional-full-instantiation-scope-formula") ; [4493803386725613298][1]
      (ListLink
        (EvaluationLink
          (PredicateNode "Q") ; [1103054420470118233][1]
          (VariableNode "$X") ; [6809953386495729144][1]
        ) ; [17245685415019607328][1]
        (EvaluationLink
          (PredicateNode "P") ; [2213889286841575705][1]
          (VariableNode "$X") ; [6809953386495729144][1]
        ) ; [17009747857858600672][1]
        (ImplicationScopeLink (stv 1.000000 1.000000)
          (TypedVariableLink
            (VariableNode "$X") ; [6809953386495729144][1]
            (TypeNode "ConceptNode") ; [3788696113922021255][1]
          ) ; [9225281168777978483][1]
          (EvaluationLink
            (PredicateNode "P") ; [2213889286841575705][1]
            (VariableNode "$X") ; [6809953386495729144][1]
          ) ; [17009747857858600672][1]
          (EvaluationLink
            (PredicateNode "Q") ; [1103054420470118233][1]
            (VariableNode "$X") ; [6809953386495729144][1]
          ) ; [17245685415019607328][1]
        ) ; [11246417726306593584][1]
      ) ; [10331289160163372621][1]
    ) ; [13313479423463298105][1]
  ) ; [17114744695775993775][1]
) ; [17129838791401779237][1]
.[DEBUG] BEGIN TEST: test_consequent_disjunction_elimination
[DEBUG] [PLNRulesUTest] Loaded "tests/pln/rules/simple-consequent-disjunction-elimination.scm":
(ImplicationLink (stv 0.2 0.6)
   (PredicateNode "P" (stv 0.02 0.6))
   (PredicateNode "Q2" (stv 0.05 0.8))
)


[DEBUG] [PLNRulesUTest] Loaded "opencog/pln/rules/propositional/consequent-disjunction-elimination.scm":
(DefineLink
   (DefinedSchemaNode "consequent-disjunction-elimination-implication-rule")
   (BindLink
      (VariableList
         (TypedVariableLink
            (VariableNode "$A")
            (TypeChoice
               (TypeNode "PredicateNode")
               (TypeNode "LambdaLink")
               (TypeNode "AndLink")
               (TypeNode "OrLink")
               (TypeNode "NotLink")
            )
         )
         (TypedVariableLink
            (VariableNode "$B")
            (TypeChoice
               (TypeNode "PredicateNode")
               (TypeNode "LambdaLink")
               (TypeNode "AndLink")
               (TypeNode "OrLink")
               (TypeNode "NotLink")
            )
         )
         (TypedVariableLink
            (VariableNode "$C")
            (TypeChoice
               (TypeNode "PredicateNode")
               (TypeNode "LambdaLink")
               (TypeNode "AndLink")
               (TypeNode "OrLink")
               (TypeNode "NotLink")
            )
         )
      )
      (ImplicationLink
         (VariableNode "$A")
         (OrLink
            (VariableNode "$C")
            (VariableNode "$B")
         )
      )
      (ExecutionOutputLink
         (GroundedSchemaNode "scm: consequent-disjunction-elimination-formula")
         (ListLink
            (ImplicationLink
               (VariableNode "$A")
               (VariableNode "$B")
            )
            (ImplicationLink
               (VariableNode "$A")
               (OrLink
                  (VariableNode "$C")
                  (VariableNode "$B")
               )
            )
            (ImplicationLink
               (VariableNode "$A")
               (VariableNode "$C")
            )
         )
      )
   )
)


results = (SetLink
  (ImplicationLink (stv 0.125000 0.540000)
    (PredicateNode "P" (stv 0.020000 0.600000)) ; [2213889286841575705][1]
    (PredicateNode "Q1" (stv 0.010000 0.700000)) ; [2480207013189331713][1]
  ) ; [12526738359736535473][1]
) ; [12541832455362320935][1]
expected = (SetLink
  (ImplicationLink (stv 0.125000 0.540000)
    (PredicateNode "P" (stv 0.020000 0.600000)) ; [2213889286841575705][1]
    (PredicateNode "Q1" (stv 0.010000 0.700000)) ; [2480207013189331713][1]
  ) ; [12526738359736535473][1]
) ; [12541832455362320935][1]
.
Failed 1 and Skipped 0 of 21 tests
Success rate: 95%
Obsolete! Do not use cog-bind, use cog-execute! insead.
;;; compiling /home/opencog/opencog/opencog/pln/rules/wip/formulas.scm
;;; compiled /home/jenkins/.cache/guile/ccache/2.2-LE-8-3.A/home/opencog/opencog/opencog/pln/rules/wip/formulas.scm.go
;;; compiling /home/opencog/opencog/tests/pln/rules/implication-direct-evaluation.scm
;;; compiled /home/jenkins/.cache/guile/ccache/2.2-LE-8-3.A/home/opencog/opencog/tests/pln/rules/implication-direct-evaluation.scm.go
;;; compiling /home/opencog/opencog/opencog/pln/rules/wip/implication-direct-evaluation.scm
;;; compiled /home/jenkins/.cache/guile/ccache/2.2-LE-8-3.A/home/opencog/opencog/opencog/pln/rules/wip/implication-direct-evaluation.scm.go
;;; compiling /home/opencog/opencog/tests/pln/rules/simple-implication-scope.scm
;;; compiled /home/jenkins/.cache/guile/ccache/2.2-LE-8-3.A/home/opencog/opencog/tests/pln/rules/simple-implication-scope.scm.go
;;; compiling /home/opencog/opencog/opencog/pln/meta-rules/predicate/conditional-full-instantiation.scm
;;; compiled /home/jenkins/.cache/guile/ccache/2.2-LE-8-3.A/home/opencog/opencog/opencog/pln/meta-rules/predicate/conditional-full-instantiation.scm.go
;;; compiling /home/opencog/opencog/tests/pln/rules/simple-consequent-disjunction-elimination.scm
;;; compiled /home/jenkins/.cache/guile/ccache/2.2-LE-8-3.A/home/opencog/opencog/tests/pln/rules/simple-consequent-disjunction-elimination.scm.go
;;; compiling /home/opencog/opencog/opencog/pln/rules/propositional/consequent-disjunction-elimination.scm
;;; compiled /home/jenkins/.cache/guile/ccache/2.2-LE-8-3.A/home/opencog/opencog/opencog/pln/rules/propositional/consequent-disjunction-elimination.scm.go

      Start 11: PythonPLNTest
11/25 Test #11: PythonPLNTest ....................   Passed    0.06 sec
      Start 12: OpenPsiRulesUTest
12/25 Test #12: OpenPsiRulesUTest ................   Passed    2.84 sec
      Start 13: OpenPsiImplicatorUTest
13/25 Test #13: OpenPsiImplicatorUTest ...........   Passed    0.36 sec
      Start 14: OpenPsiSCMUTest
14/25 Test #14: OpenPsiSCMUTest ..................***Failed    8.33 sec
Running cxxtest tests (8 tests)[2018-01-30 04:17:31:784] [INFO] BEGIN TEST: test_psi_get_action
[2018-01-30 04:17:31:784] [INFO] END TEST: test_psi_get_action
.[2018-01-30 04:17:31:789] [INFO] BEGIN TEST: test_psi_get_context
[2018-01-30 04:17:31:789] [INFO] END TEST: test_psi_get_context
.[2018-01-30 04:17:31:793] [INFO] BEGIN TEST: test_psi_get_goal
[2018-01-30 04:17:31:793] [INFO] END TEST: test_psi_get_goal
.[2018-01-30 04:17:31:798] [INFO] BEGIN TEST: test_psi_satisfiable__predicate
[2018-01-30 04:17:31:798] [INFO] END TEST: test_psi_satisfiable__predicate
.[2018-01-30 04:17:31:802] [INFO] BEGIN TEST: test_psi_select_rules
[2018-01-30 04:17:31:804] [INFO] END TEST: test_psi_select_rules
.[2018-01-30 04:17:31:808] [INFO] BEGIN TEST: test_psi_get_satisfiable_rules
[2018-01-30 04:17:31:809] [INFO] END TEST: test_psi_get_satisfiable_rules
.[2018-01-30 04:17:31:814] [INFO] BEGIN TEST: test_psi_step_1
[2018-01-30 04:17:31:816] [INFO] END TEST: test_psi_step_1
.[2018-01-30 04:17:31:821] [INFO] BEGIN TEST: test_psi_run_and_psi_halt

In OpenPsiSCMUTest::test_psi_run_and_psi_halt:
/home/opencog/opencog/tests/openpsi/OpenPsiSCMUTest.cxxtest:394: Error: Expected ("#t\n" == result_2), found (#t
 != "#f\n")
/home/opencog/opencog/tests/openpsi/OpenPsiSCMUTest.cxxtest:402: Error: Expected ("#t\n" == result_2), found (#t
 != "#f\n")
[2018-01-30 04:17:39:832] [INFO] END TEST: test_psi_run_and_psi_halt
Failed 1 and Skipped 0 of 8 tests
Success rate: 87%

      Start 15: PythonModuleUTest
15/25 Test #15: PythonModuleUTest ................   Passed    0.32 sec
      Start 16: PyEvalUTest
16/25 Test #16: PyEvalUTest ......................   Passed    0.25 sec
      Start 17: CythonServer
17/25 Test #17: CythonServer .....................   Passed    0.06 sec
      Start 18: CythonStatistics
18/25 Test #18: CythonStatistics .................   Passed    0.05 sec
      Start 19: RestApiTest
19/25 Test #19: RestApiTest ......................***Failed    0.22 sec
/home/opencog/opencog/opencog/python/web/api/apiatomcollection.py:4: ExtDeprecationWarning: Importing flask.ext.restful is deprecated, use flask_restful instead.
  from flask.ext.restful import Resource, reqparse, marshal
/home/opencog/opencog/opencog/python/web/api/apiatomcollection.py:4: ExtDeprecationWarning: Importing flask.ext.restful.reqparse is deprecated, use flask_restful.reqparse instead.
  from flask.ext.restful import Resource, reqparse, marshal
/home/opencog/opencog/opencog/python/web/api/mappers.py:12: ExtDeprecationWarning: Importing flask.ext.restful.fields is deprecated, use flask_restful.fields instead.
  from flask.ext.restful import fields, marshal
/home/opencog/opencog/opencog/python/web/api/apiatomcollection.py:8: ExtDeprecationWarning: Importing flask.ext.restful.utils is deprecated, use flask_restful.utils instead.
  from flask.ext.restful.utils import cors
/home/opencog/opencog/opencog/python/web/api/apiatomcollection.py:8: ExtDeprecationWarning: Importing flask.ext.restful.utils.cors is deprecated, use flask_restful.utils.cors instead.
  from flask.ext.restful.utils import cors
test_restapi.TestRESTApi.test_a_post_and_get_node ... ok
test_restapi.TestRESTApi.test_b_post_and_get_link ... ok
test_restapi.TestRESTApi.test_c_put_and_get_tv_av_node ... ok
test_restapi.TestRESTApi.test_d_put_and_get_tv_av_link ... ok
test_restapi.TestRESTApi.test_e_post_revise_existing_node ... ok
test_restapi.TestRESTApi.test_f_post_revise_existing_link ... ok
test_restapi.TestRESTApi.test_g_delete_node ... FAIL
test_restapi.TestRESTApi.test_h_delete_link ... ok
test_restapi.TestRESTApi.test_j_get_types ... ok
test_restapi.TestRESTApi.test_k_tv_filter ... ok
test_restapi.TestRESTApi.test_l_include_incoming_outgoing ... ok
test_restapi.TestRESTApi.test_m_scheme_command ... ok
test_restapi.TestRESTApi.test_n_dot_export ... ok

======================================================================
FAIL: test_restapi.TestRESTApi.test_g_delete_node
----------------------------------------------------------------------
Traceback (most recent call last):
  File "/usr/local/lib/python2.7/dist-packages/nose/case.py", line 197, in runTest
    self.test(*self.arg)
  File "/home/opencog/opencog/tests/python/restapi/test_restapi.py", line 368, in test_g_delete_node
    assert delete_result['success']
AssertionError

----------------------------------------------------------------------
Ran 13 tests in 0.164s

FAILED (failures=1)
{u'truthvalue': {u'type': u'simple', u'details': {u'count': 0.4, u'strength': 0.5}}, u'outgoing': [2, 4], u'type': u'InheritanceLink'}
{u'truthvalue': {u'type': u'simple', u'details': {u'count': 0.9, u'strength': 1.0}}, u'outgoing': [9, 12], u'type': u'InheritanceLink'}
{u'truthvalue': {u'type': u'simple', u'details': {u'count': 0.9, u'strength': 1.0}}, u'outgoing': [16, 19], u'type': u'InheritanceLink'}
{u'truthvalue': {u'type': u'simple', u'details': {u'count': 0.95, u'strength': 0.1}}, u'outgoing': [16, 19], u'type': u'InheritanceLink'}
{u'truthvalue': {u'type': u'simple', u'details': {u'count': 0.9, u'strength': 1.0}}, u'outgoing': [22, 25], u'type': u'InheritanceLink'}

      Start 20: BlendingTest
20/25 Test #20: BlendingTest .....................   Passed    0.07 sec
      Start 21: DimEmbedUTest
21/25 Test #21: DimEmbedUTest ....................   Passed    0.25 sec
      Start 22: StatisticsUTest
22/25 Test #22: StatisticsUTest ..................   Passed    0.00 sec
      Start 23: PatternMinerUTest
23/25 Test #23: PatternMinerUTest ................   Passed    0.25 sec
      Start 24: PatternIndexAPIUTest
24/25 Test #24: PatternIndexAPIUTest .............   Passed    0.53 sec
      Start 25: XPatternMinerUTest
25/25 Test #25: XPatternMinerUTest ...............   Passed    4.38 sec

76% tests passed, 6 tests failed out of 25

Total Test time (real) = 156.31 sec

The following tests FAILED:
	  6 - AtomOcTreeUTest (SEGFAULT)
	  7 - TimeSpaceAtomUTest (SEGFAULT)
	  8 - AnaphoraTest (SEGFAULT)
	 10 - PLNRulesUTest (Failed)
	 14 - OpenPsiSCMUTest (Failed)
	 19 - RestApiTest (Failed)
Errors while running CTest
make[3]: *** [CMakeFiles/test] Error 8
make[2]: *** [CMakeFiles/test.dir/all] Error 2
make[1]: *** [CMakeFiles/test.dir/rule] Error 2
make: *** [test] Error 2
+ DSTATUS=TESTFAIL
+ /var/lib/jenkins/status/updateStatus TESTFAIL /var/lib/jenkins/jobs/OpenCOG_U1404_Opencog/builds/36/log OpenCOG_U1404_Opencog
Already up-to-date.
